<?xml version="1.0" encoding="UTF-8"?>
<!-- Generated by org.testng.reporters.JUnitXMLReporter -->
<testsuite ignored="0" hostname="CISPL-IO-539" failures="1" tests="3" name="Surefire test" time="57.946" errors="0" timestamp="2025-12-10T16:43:34 IST">
  <testcase classname="Negative_Testcases.Login_negative_testcases" name="login_validation" time="17.553"/>
  <testcase classname="Negative_Testcases.Login_negative_testcases" name="login_validation" time="4.276">
    <failure type="java.lang.RuntimeException" message="Element list is null or empty. Check the locator or timing.">
      <![CDATA[java.lang.RuntimeException: Element list is null or empty. Check the locator or timing.
at Repeatative_codes.Repeat.wait_for_theElement(Repeat.java:36)
at Locaters.Login_Locaters.buttons(Login_Locaters.java:54)
at Negative_Testcases.Login_negative_testcases.login_validation(Login_negative_testcases.java:31)
at java.base/java.util.ArrayList.forEach(ArrayList.java:1604)
... Removed 30 stack frames]]>
    </failure>
  </testcase> <!-- login_validation -->
  <testcase classname="Negative_Testcases.Login_negative_testcases" name="login_validation" time="24.156"/>
</testsuite> <!-- Surefire test -->
