<?xml version="1.0" encoding="UTF-8"?>
<!-- Generated by org.testng.reporters.JUnitXMLReporter -->
<testsuite ignored="1" hostname="CISPL-IO-539" failures="10" tests="10" name="Surefire test" time="432.068" errors="0" timestamp="2026-01-08T18:04:59 IST">
  <testcase classname="Enterprise_Codeclouds.Project.Enterprise.Case_Appplications" name="Add_case" time="42.145">
    <failure type="org.openqa.selenium.ElementClickInterceptedException" message="element click intercepted: Element &amp;lt;div class=&amp;quot;ant-card-extra&amp;quot;&amp;gt;...&amp;lt;/div&amp;gt; is not clickable at point (705, 411). Other element would receive the click: &amp;lt;div class=&amp;quot;ant-float-btn-body&amp;quot;&amp;gt;...&amp;lt;/div&amp;gt;
  (Session info: chrome=143.0.7499.170)
Build info: version: &amp;apos;4.33.0&amp;apos;, revision: &amp;apos;2c6aaad03a&amp;apos;
System info: os.name: &amp;apos;Windows 11&amp;apos;, os.arch: &amp;apos;amd64&amp;apos;, os.version: &amp;apos;10.0&amp;apos;, java.version: &amp;apos;25.0.1&amp;apos;
Driver info: org.openqa.selenium.chrome.ChromeDriver
Command: [83156a3f19cd154b1c9cfabec90b6fa6, clickElement {id=f.B2DC081514FFB71DA8062D540A873E16.d.4862DF20265B557982795D3B571554A7.e.128}]
Capabilities {acceptInsecureCerts: false, browserName: chrome, browserVersion: 143.0.7499.170, chrome: {chromedriverVersion: 143.0.7499.192 (be2c1f4fd45..., userDataDir: C:\Users\CODECL~1\AppData\L...}, fedcm:accounts: true, goog:chromeOptions: {debuggerAddress: localhost:58864}, goog:processID: 16044, networkConnectionEnabled: false, pageLoadStrategy: normal, platformName: windows, proxy: Proxy(), se:cdp: ws://localhost:58864/devtoo..., se:cdpVersion: 143.0.7499.170, setWindowRect: true, strictFileInteractability: false, timeouts: {implicit: 0, pageLoad: 300000, script: 30000}, unhandledPromptBehavior: dismiss and notify, webauthn:extension:credBlob: true, webauthn:extension:largeBlob: true, webauthn:extension:minPinLength: true, webauthn:extension:prf: true, webauthn:virtualAuthenticators: true}
Element: [[ChromeDriver: chrome on windows (83156a3f19cd154b1c9cfabec90b6fa6)] -&amp;gt; xpath: //div[@class=&amp;apos;ant-card-extra&amp;apos;]]
Session ID: 83156a3f19cd154b1c9cfabec90b6fa6">
      <![CDATA[org.openqa.selenium.ElementClickInterceptedException: element click intercepted: Element <div class="ant-card-extra">...</div> is not clickable at point (705, 411). Other element would receive the click: <div class="ant-float-btn-body">...</div>
  (Session info: chrome=143.0.7499.170)
Build info: version: '4.33.0', revision: '2c6aaad03a'
System info: os.name: 'Windows 11', os.arch: 'amd64', os.version: '10.0', java.version: '25.0.1'
Driver info: org.openqa.selenium.chrome.ChromeDriver
Command: [83156a3f19cd154b1c9cfabec90b6fa6, clickElement {id=f.B2DC081514FFB71DA8062D540A873E16.d.4862DF20265B557982795D3B571554A7.e.128}]
Capabilities {acceptInsecureCerts: false, browserName: chrome, browserVersion: 143.0.7499.170, chrome: {chromedriverVersion: 143.0.7499.192 (be2c1f4fd45..., userDataDir: C:\Users\CODECL~1\AppData\L...}, fedcm:accounts: true, goog:chromeOptions: {debuggerAddress: localhost:58864}, goog:processID: 16044, networkConnectionEnabled: false, pageLoadStrategy: normal, platformName: windows, proxy: Proxy(), se:cdp: ws://localhost:58864/devtoo..., se:cdpVersion: 143.0.7499.170, setWindowRect: true, strictFileInteractability: false, timeouts: {implicit: 0, pageLoad: 300000, script: 30000}, unhandledPromptBehavior: dismiss and notify, webauthn:extension:credBlob: true, webauthn:extension:largeBlob: true, webauthn:extension:minPinLength: true, webauthn:extension:prf: true, webauthn:virtualAuthenticators: true}
Element: [[ChromeDriver: chrome on windows (83156a3f19cd154b1c9cfabec90b6fa6)] -> xpath: //div[@class='ant-card-extra']]
Session ID: 83156a3f19cd154b1c9cfabec90b6fa6
at org.openqa.selenium.remote.ErrorCodec.decode(ErrorCodec.java:167)
at org.openqa.selenium.remote.codec.w3c.W3CHttpResponseCodec.decode(W3CHttpResponseCodec.java:138)
at org.openqa.selenium.remote.codec.w3c.W3CHttpResponseCodec.decode(W3CHttpResponseCodec.java:50)
at org.openqa.selenium.remote.HttpCommandExecutor.execute(HttpCommandExecutor.java:215)
at org.openqa.selenium.remote.service.DriverCommandExecutor.invokeExecute(DriverCommandExecutor.java:216)
at org.openqa.selenium.remote.service.DriverCommandExecutor.execute(DriverCommandExecutor.java:174)
at org.openqa.selenium.remote.RemoteWebDriver.execute(RemoteWebDriver.java:544)
at org.openqa.selenium.remote.RemoteWebElement.execute(RemoteWebElement.java:223)
at org.openqa.selenium.remote.RemoteWebElement.click(RemoteWebElement.java:76)
at org.openqa.selenium.support.pagefactory.internal.LocatingElementHandler.invoke(LocatingElementHandler.java:51)
at jdk.proxy2/jdk.proxy2.$Proxy14.click(Unknown Source)
at Enterprise_Codeclouds.Project.Enterprise.Case_Appplications.Add_case(Case_Appplications.java:139)
at java.base/java.util.ArrayList.forEach(ArrayList.java:1604)
... Removed 35 stack frames]]>
    </failure>
  </testcase> <!-- Add_case -->
  <testcase classname="Enterprise_Codeclouds.Project.Enterprise.Case_Appplications" name="Add_case" time="42.574">
    <failure type="org.openqa.selenium.ElementClickInterceptedException" message="element click intercepted: Element &amp;lt;div class=&amp;quot;ant-card-extra&amp;quot;&amp;gt;...&amp;lt;/div&amp;gt; is not clickable at point (705, 411). Other element would receive the click: &amp;lt;div class=&amp;quot;ant-float-btn-body&amp;quot;&amp;gt;...&amp;lt;/div&amp;gt;
  (Session info: chrome=143.0.7499.170)
Build info: version: &amp;apos;4.33.0&amp;apos;, revision: &amp;apos;2c6aaad03a&amp;apos;
System info: os.name: &amp;apos;Windows 11&amp;apos;, os.arch: &amp;apos;amd64&amp;apos;, os.version: &amp;apos;10.0&amp;apos;, java.version: &amp;apos;25.0.1&amp;apos;
Driver info: org.openqa.selenium.chrome.ChromeDriver
Command: [231d4ece5979ab5c16540d3febd238c0, clickElement {id=f.0931165C638CC3935921A1852E868CA1.d.9B1B8AA6CE37CECF82C5034A16FDE538.e.126}]
Capabilities {acceptInsecureCerts: false, browserName: chrome, browserVersion: 143.0.7499.170, chrome: {chromedriverVersion: 143.0.7499.192 (be2c1f4fd45..., userDataDir: C:\Users\CODECL~1\AppData\L...}, fedcm:accounts: true, goog:chromeOptions: {debuggerAddress: localhost:56769}, goog:processID: 6620, networkConnectionEnabled: false, pageLoadStrategy: normal, platformName: windows, proxy: Proxy(), se:cdp: ws://localhost:56769/devtoo..., se:cdpVersion: 143.0.7499.170, setWindowRect: true, strictFileInteractability: false, timeouts: {implicit: 0, pageLoad: 300000, script: 30000}, unhandledPromptBehavior: dismiss and notify, webauthn:extension:credBlob: true, webauthn:extension:largeBlob: true, webauthn:extension:minPinLength: true, webauthn:extension:prf: true, webauthn:virtualAuthenticators: true}
Element: [[ChromeDriver: chrome on windows (231d4ece5979ab5c16540d3febd238c0)] -&amp;gt; xpath: //div[@class=&amp;apos;ant-card-extra&amp;apos;]]
Session ID: 231d4ece5979ab5c16540d3febd238c0">
      <![CDATA[org.openqa.selenium.ElementClickInterceptedException: element click intercepted: Element <div class="ant-card-extra">...</div> is not clickable at point (705, 411). Other element would receive the click: <div class="ant-float-btn-body">...</div>
  (Session info: chrome=143.0.7499.170)
Build info: version: '4.33.0', revision: '2c6aaad03a'
System info: os.name: 'Windows 11', os.arch: 'amd64', os.version: '10.0', java.version: '25.0.1'
Driver info: org.openqa.selenium.chrome.ChromeDriver
Command: [231d4ece5979ab5c16540d3febd238c0, clickElement {id=f.0931165C638CC3935921A1852E868CA1.d.9B1B8AA6CE37CECF82C5034A16FDE538.e.126}]
Capabilities {acceptInsecureCerts: false, browserName: chrome, browserVersion: 143.0.7499.170, chrome: {chromedriverVersion: 143.0.7499.192 (be2c1f4fd45..., userDataDir: C:\Users\CODECL~1\AppData\L...}, fedcm:accounts: true, goog:chromeOptions: {debuggerAddress: localhost:56769}, goog:processID: 6620, networkConnectionEnabled: false, pageLoadStrategy: normal, platformName: windows, proxy: Proxy(), se:cdp: ws://localhost:56769/devtoo..., se:cdpVersion: 143.0.7499.170, setWindowRect: true, strictFileInteractability: false, timeouts: {implicit: 0, pageLoad: 300000, script: 30000}, unhandledPromptBehavior: dismiss and notify, webauthn:extension:credBlob: true, webauthn:extension:largeBlob: true, webauthn:extension:minPinLength: true, webauthn:extension:prf: true, webauthn:virtualAuthenticators: true}
Element: [[ChromeDriver: chrome on windows (231d4ece5979ab5c16540d3febd238c0)] -> xpath: //div[@class='ant-card-extra']]
Session ID: 231d4ece5979ab5c16540d3febd238c0
at org.openqa.selenium.remote.ErrorCodec.decode(ErrorCodec.java:167)
at org.openqa.selenium.remote.codec.w3c.W3CHttpResponseCodec.decode(W3CHttpResponseCodec.java:138)
at org.openqa.selenium.remote.codec.w3c.W3CHttpResponseCodec.decode(W3CHttpResponseCodec.java:50)
at org.openqa.selenium.remote.HttpCommandExecutor.execute(HttpCommandExecutor.java:215)
at org.openqa.selenium.remote.service.DriverCommandExecutor.invokeExecute(DriverCommandExecutor.java:216)
at org.openqa.selenium.remote.service.DriverCommandExecutor.execute(DriverCommandExecutor.java:174)
at org.openqa.selenium.remote.RemoteWebDriver.execute(RemoteWebDriver.java:544)
at org.openqa.selenium.remote.RemoteWebElement.execute(RemoteWebElement.java:223)
at org.openqa.selenium.remote.RemoteWebElement.click(RemoteWebElement.java:76)
at org.openqa.selenium.support.pagefactory.internal.LocatingElementHandler.invoke(LocatingElementHandler.java:51)
at jdk.proxy2/jdk.proxy2.$Proxy14.click(Unknown Source)
at Enterprise_Codeclouds.Project.Enterprise.Case_Appplications.Add_case(Case_Appplications.java:139)
at java.base/java.util.ArrayList.forEach(ArrayList.java:1604)
... Removed 35 stack frames]]>
    </failure>
  </testcase> <!-- Add_case -->
  <testcase classname="Enterprise_Codeclouds.Project.Enterprise.Case_Appplications" name="Add_case" time="40.594">
    <failure type="org.openqa.selenium.ElementClickInterceptedException" message="element click intercepted: Element &amp;lt;div class=&amp;quot;ant-card-extra&amp;quot;&amp;gt;...&amp;lt;/div&amp;gt; is not clickable at point (705, 411). Other element would receive the click: &amp;lt;div class=&amp;quot;ant-float-btn-body&amp;quot;&amp;gt;...&amp;lt;/div&amp;gt;
  (Session info: chrome=143.0.7499.170)
Build info: version: &amp;apos;4.33.0&amp;apos;, revision: &amp;apos;2c6aaad03a&amp;apos;
System info: os.name: &amp;apos;Windows 11&amp;apos;, os.arch: &amp;apos;amd64&amp;apos;, os.version: &amp;apos;10.0&amp;apos;, java.version: &amp;apos;25.0.1&amp;apos;
Driver info: org.openqa.selenium.chrome.ChromeDriver
Command: [4cf162e8006ec131d293a85b8cf412fd, clickElement {id=f.26416E7317C071413E1DABEE79C192D9.d.B514FE64F71EB27B8B5FCB62728F1F15.e.125}]
Capabilities {acceptInsecureCerts: false, browserName: chrome, browserVersion: 143.0.7499.170, chrome: {chromedriverVersion: 143.0.7499.192 (be2c1f4fd45..., userDataDir: C:\Users\CODECL~1\AppData\L...}, fedcm:accounts: true, goog:chromeOptions: {debuggerAddress: localhost:64890}, goog:processID: 16984, networkConnectionEnabled: false, pageLoadStrategy: normal, platformName: windows, proxy: Proxy(), se:cdp: ws://localhost:64890/devtoo..., se:cdpVersion: 143.0.7499.170, setWindowRect: true, strictFileInteractability: false, timeouts: {implicit: 0, pageLoad: 300000, script: 30000}, unhandledPromptBehavior: dismiss and notify, webauthn:extension:credBlob: true, webauthn:extension:largeBlob: true, webauthn:extension:minPinLength: true, webauthn:extension:prf: true, webauthn:virtualAuthenticators: true}
Element: [[ChromeDriver: chrome on windows (4cf162e8006ec131d293a85b8cf412fd)] -&amp;gt; xpath: //div[@class=&amp;apos;ant-card-extra&amp;apos;]]
Session ID: 4cf162e8006ec131d293a85b8cf412fd">
      <![CDATA[org.openqa.selenium.ElementClickInterceptedException: element click intercepted: Element <div class="ant-card-extra">...</div> is not clickable at point (705, 411). Other element would receive the click: <div class="ant-float-btn-body">...</div>
  (Session info: chrome=143.0.7499.170)
Build info: version: '4.33.0', revision: '2c6aaad03a'
System info: os.name: 'Windows 11', os.arch: 'amd64', os.version: '10.0', java.version: '25.0.1'
Driver info: org.openqa.selenium.chrome.ChromeDriver
Command: [4cf162e8006ec131d293a85b8cf412fd, clickElement {id=f.26416E7317C071413E1DABEE79C192D9.d.B514FE64F71EB27B8B5FCB62728F1F15.e.125}]
Capabilities {acceptInsecureCerts: false, browserName: chrome, browserVersion: 143.0.7499.170, chrome: {chromedriverVersion: 143.0.7499.192 (be2c1f4fd45..., userDataDir: C:\Users\CODECL~1\AppData\L...}, fedcm:accounts: true, goog:chromeOptions: {debuggerAddress: localhost:64890}, goog:processID: 16984, networkConnectionEnabled: false, pageLoadStrategy: normal, platformName: windows, proxy: Proxy(), se:cdp: ws://localhost:64890/devtoo..., se:cdpVersion: 143.0.7499.170, setWindowRect: true, strictFileInteractability: false, timeouts: {implicit: 0, pageLoad: 300000, script: 30000}, unhandledPromptBehavior: dismiss and notify, webauthn:extension:credBlob: true, webauthn:extension:largeBlob: true, webauthn:extension:minPinLength: true, webauthn:extension:prf: true, webauthn:virtualAuthenticators: true}
Element: [[ChromeDriver: chrome on windows (4cf162e8006ec131d293a85b8cf412fd)] -> xpath: //div[@class='ant-card-extra']]
Session ID: 4cf162e8006ec131d293a85b8cf412fd
at org.openqa.selenium.remote.ErrorCodec.decode(ErrorCodec.java:167)
at org.openqa.selenium.remote.codec.w3c.W3CHttpResponseCodec.decode(W3CHttpResponseCodec.java:138)
at org.openqa.selenium.remote.codec.w3c.W3CHttpResponseCodec.decode(W3CHttpResponseCodec.java:50)
at org.openqa.selenium.remote.HttpCommandExecutor.execute(HttpCommandExecutor.java:215)
at org.openqa.selenium.remote.service.DriverCommandExecutor.invokeExecute(DriverCommandExecutor.java:216)
at org.openqa.selenium.remote.service.DriverCommandExecutor.execute(DriverCommandExecutor.java:174)
at org.openqa.selenium.remote.RemoteWebDriver.execute(RemoteWebDriver.java:544)
at org.openqa.selenium.remote.RemoteWebElement.execute(RemoteWebElement.java:223)
at org.openqa.selenium.remote.RemoteWebElement.click(RemoteWebElement.java:76)
at org.openqa.selenium.support.pagefactory.internal.LocatingElementHandler.invoke(LocatingElementHandler.java:51)
at jdk.proxy2/jdk.proxy2.$Proxy14.click(Unknown Source)
at Enterprise_Codeclouds.Project.Enterprise.Case_Appplications.Add_case(Case_Appplications.java:139)
at java.base/java.util.ArrayList.forEach(ArrayList.java:1604)
... Removed 35 stack frames]]>
    </failure>
  </testcase> <!-- Add_case -->
  <testcase classname="Enterprise_Codeclouds.Project.Enterprise.Case_Appplications" name="Add_case" time="43.395">
    <failure type="org.openqa.selenium.ElementClickInterceptedException" message="element click intercepted: Element &amp;lt;div class=&amp;quot;ant-card-extra&amp;quot;&amp;gt;...&amp;lt;/div&amp;gt; is not clickable at point (705, 411). Other element would receive the click: &amp;lt;div class=&amp;quot;ant-float-btn-body&amp;quot;&amp;gt;...&amp;lt;/div&amp;gt;
  (Session info: chrome=143.0.7499.170)
Build info: version: &amp;apos;4.33.0&amp;apos;, revision: &amp;apos;2c6aaad03a&amp;apos;
System info: os.name: &amp;apos;Windows 11&amp;apos;, os.arch: &amp;apos;amd64&amp;apos;, os.version: &amp;apos;10.0&amp;apos;, java.version: &amp;apos;25.0.1&amp;apos;
Driver info: org.openqa.selenium.chrome.ChromeDriver
Command: [24b7045b6cf0e9d0e91c532935c8189d, clickElement {id=f.9642AFA030DA628DBAEBD8DEAACECBF1.d.C387FBE48BF2F8093987DB9A82785F96.e.128}]
Capabilities {acceptInsecureCerts: false, browserName: chrome, browserVersion: 143.0.7499.170, chrome: {chromedriverVersion: 143.0.7499.192 (be2c1f4fd45..., userDataDir: C:\Users\CODECL~1\AppData\L...}, fedcm:accounts: true, goog:chromeOptions: {debuggerAddress: localhost:49950}, goog:processID: 19060, networkConnectionEnabled: false, pageLoadStrategy: normal, platformName: windows, proxy: Proxy(), se:cdp: ws://localhost:49950/devtoo..., se:cdpVersion: 143.0.7499.170, setWindowRect: true, strictFileInteractability: false, timeouts: {implicit: 0, pageLoad: 300000, script: 30000}, unhandledPromptBehavior: dismiss and notify, webauthn:extension:credBlob: true, webauthn:extension:largeBlob: true, webauthn:extension:minPinLength: true, webauthn:extension:prf: true, webauthn:virtualAuthenticators: true}
Element: [[ChromeDriver: chrome on windows (24b7045b6cf0e9d0e91c532935c8189d)] -&amp;gt; xpath: //div[@class=&amp;apos;ant-card-extra&amp;apos;]]
Session ID: 24b7045b6cf0e9d0e91c532935c8189d">
      <![CDATA[org.openqa.selenium.ElementClickInterceptedException: element click intercepted: Element <div class="ant-card-extra">...</div> is not clickable at point (705, 411). Other element would receive the click: <div class="ant-float-btn-body">...</div>
  (Session info: chrome=143.0.7499.170)
Build info: version: '4.33.0', revision: '2c6aaad03a'
System info: os.name: 'Windows 11', os.arch: 'amd64', os.version: '10.0', java.version: '25.0.1'
Driver info: org.openqa.selenium.chrome.ChromeDriver
Command: [24b7045b6cf0e9d0e91c532935c8189d, clickElement {id=f.9642AFA030DA628DBAEBD8DEAACECBF1.d.C387FBE48BF2F8093987DB9A82785F96.e.128}]
Capabilities {acceptInsecureCerts: false, browserName: chrome, browserVersion: 143.0.7499.170, chrome: {chromedriverVersion: 143.0.7499.192 (be2c1f4fd45..., userDataDir: C:\Users\CODECL~1\AppData\L...}, fedcm:accounts: true, goog:chromeOptions: {debuggerAddress: localhost:49950}, goog:processID: 19060, networkConnectionEnabled: false, pageLoadStrategy: normal, platformName: windows, proxy: Proxy(), se:cdp: ws://localhost:49950/devtoo..., se:cdpVersion: 143.0.7499.170, setWindowRect: true, strictFileInteractability: false, timeouts: {implicit: 0, pageLoad: 300000, script: 30000}, unhandledPromptBehavior: dismiss and notify, webauthn:extension:credBlob: true, webauthn:extension:largeBlob: true, webauthn:extension:minPinLength: true, webauthn:extension:prf: true, webauthn:virtualAuthenticators: true}
Element: [[ChromeDriver: chrome on windows (24b7045b6cf0e9d0e91c532935c8189d)] -> xpath: //div[@class='ant-card-extra']]
Session ID: 24b7045b6cf0e9d0e91c532935c8189d
at org.openqa.selenium.remote.ErrorCodec.decode(ErrorCodec.java:167)
at org.openqa.selenium.remote.codec.w3c.W3CHttpResponseCodec.decode(W3CHttpResponseCodec.java:138)
at org.openqa.selenium.remote.codec.w3c.W3CHttpResponseCodec.decode(W3CHttpResponseCodec.java:50)
at org.openqa.selenium.remote.HttpCommandExecutor.execute(HttpCommandExecutor.java:215)
at org.openqa.selenium.remote.service.DriverCommandExecutor.invokeExecute(DriverCommandExecutor.java:216)
at org.openqa.selenium.remote.service.DriverCommandExecutor.execute(DriverCommandExecutor.java:174)
at org.openqa.selenium.remote.RemoteWebDriver.execute(RemoteWebDriver.java:544)
at org.openqa.selenium.remote.RemoteWebElement.execute(RemoteWebElement.java:223)
at org.openqa.selenium.remote.RemoteWebElement.click(RemoteWebElement.java:76)
at org.openqa.selenium.support.pagefactory.internal.LocatingElementHandler.invoke(LocatingElementHandler.java:51)
at jdk.proxy2/jdk.proxy2.$Proxy14.click(Unknown Source)
at Enterprise_Codeclouds.Project.Enterprise.Case_Appplications.Add_case(Case_Appplications.java:139)
at java.base/java.util.ArrayList.forEach(ArrayList.java:1604)
... Removed 35 stack frames]]>
    </failure>
  </testcase> <!-- Add_case -->
  <testcase classname="Enterprise_Codeclouds.Project.Enterprise.Case_Appplications" name="Add_case" time="42.584">
    <failure type="org.openqa.selenium.ElementClickInterceptedException" message="element click intercepted: Element &amp;lt;div class=&amp;quot;ant-card-extra&amp;quot;&amp;gt;...&amp;lt;/div&amp;gt; is not clickable at point (705, 411). Other element would receive the click: &amp;lt;div class=&amp;quot;ant-float-btn-body&amp;quot;&amp;gt;...&amp;lt;/div&amp;gt;
  (Session info: chrome=143.0.7499.170)
Build info: version: &amp;apos;4.33.0&amp;apos;, revision: &amp;apos;2c6aaad03a&amp;apos;
System info: os.name: &amp;apos;Windows 11&amp;apos;, os.arch: &amp;apos;amd64&amp;apos;, os.version: &amp;apos;10.0&amp;apos;, java.version: &amp;apos;25.0.1&amp;apos;
Driver info: org.openqa.selenium.chrome.ChromeDriver
Command: [bdcc3412c79acd698f139e9816ab0273, clickElement {id=f.AF30DE466FAFB01D1798A804B94F0FCA.d.08537A67FD4D3E4F25AFB99E6C487484.e.126}]
Capabilities {acceptInsecureCerts: false, browserName: chrome, browserVersion: 143.0.7499.170, chrome: {chromedriverVersion: 143.0.7499.192 (be2c1f4fd45..., userDataDir: C:\Users\CODECL~1\AppData\L...}, fedcm:accounts: true, goog:chromeOptions: {debuggerAddress: localhost:54744}, goog:processID: 3332, networkConnectionEnabled: false, pageLoadStrategy: normal, platformName: windows, proxy: Proxy(), se:cdp: ws://localhost:54744/devtoo..., se:cdpVersion: 143.0.7499.170, setWindowRect: true, strictFileInteractability: false, timeouts: {implicit: 0, pageLoad: 300000, script: 30000}, unhandledPromptBehavior: dismiss and notify, webauthn:extension:credBlob: true, webauthn:extension:largeBlob: true, webauthn:extension:minPinLength: true, webauthn:extension:prf: true, webauthn:virtualAuthenticators: true}
Element: [[ChromeDriver: chrome on windows (bdcc3412c79acd698f139e9816ab0273)] -&amp;gt; xpath: //div[@class=&amp;apos;ant-card-extra&amp;apos;]]
Session ID: bdcc3412c79acd698f139e9816ab0273">
      <![CDATA[org.openqa.selenium.ElementClickInterceptedException: element click intercepted: Element <div class="ant-card-extra">...</div> is not clickable at point (705, 411). Other element would receive the click: <div class="ant-float-btn-body">...</div>
  (Session info: chrome=143.0.7499.170)
Build info: version: '4.33.0', revision: '2c6aaad03a'
System info: os.name: 'Windows 11', os.arch: 'amd64', os.version: '10.0', java.version: '25.0.1'
Driver info: org.openqa.selenium.chrome.ChromeDriver
Command: [bdcc3412c79acd698f139e9816ab0273, clickElement {id=f.AF30DE466FAFB01D1798A804B94F0FCA.d.08537A67FD4D3E4F25AFB99E6C487484.e.126}]
Capabilities {acceptInsecureCerts: false, browserName: chrome, browserVersion: 143.0.7499.170, chrome: {chromedriverVersion: 143.0.7499.192 (be2c1f4fd45..., userDataDir: C:\Users\CODECL~1\AppData\L...}, fedcm:accounts: true, goog:chromeOptions: {debuggerAddress: localhost:54744}, goog:processID: 3332, networkConnectionEnabled: false, pageLoadStrategy: normal, platformName: windows, proxy: Proxy(), se:cdp: ws://localhost:54744/devtoo..., se:cdpVersion: 143.0.7499.170, setWindowRect: true, strictFileInteractability: false, timeouts: {implicit: 0, pageLoad: 300000, script: 30000}, unhandledPromptBehavior: dismiss and notify, webauthn:extension:credBlob: true, webauthn:extension:largeBlob: true, webauthn:extension:minPinLength: true, webauthn:extension:prf: true, webauthn:virtualAuthenticators: true}
Element: [[ChromeDriver: chrome on windows (bdcc3412c79acd698f139e9816ab0273)] -> xpath: //div[@class='ant-card-extra']]
Session ID: bdcc3412c79acd698f139e9816ab0273
at org.openqa.selenium.remote.ErrorCodec.decode(ErrorCodec.java:167)
at org.openqa.selenium.remote.codec.w3c.W3CHttpResponseCodec.decode(W3CHttpResponseCodec.java:138)
at org.openqa.selenium.remote.codec.w3c.W3CHttpResponseCodec.decode(W3CHttpResponseCodec.java:50)
at org.openqa.selenium.remote.HttpCommandExecutor.execute(HttpCommandExecutor.java:215)
at org.openqa.selenium.remote.service.DriverCommandExecutor.invokeExecute(DriverCommandExecutor.java:216)
at org.openqa.selenium.remote.service.DriverCommandExecutor.execute(DriverCommandExecutor.java:174)
at org.openqa.selenium.remote.RemoteWebDriver.execute(RemoteWebDriver.java:544)
at org.openqa.selenium.remote.RemoteWebElement.execute(RemoteWebElement.java:223)
at org.openqa.selenium.remote.RemoteWebElement.click(RemoteWebElement.java:76)
at org.openqa.selenium.support.pagefactory.internal.LocatingElementHandler.invoke(LocatingElementHandler.java:51)
at jdk.proxy2/jdk.proxy2.$Proxy14.click(Unknown Source)
at Enterprise_Codeclouds.Project.Enterprise.Case_Appplications.Add_case(Case_Appplications.java:139)
at java.base/java.util.ArrayList.forEach(ArrayList.java:1604)
... Removed 35 stack frames]]>
    </failure>
  </testcase> <!-- Add_case -->
  <testcase classname="Enterprise_Codeclouds.Project.Enterprise.Case_Appplications" name="Add_case" time="41.774">
    <failure type="org.openqa.selenium.ElementClickInterceptedException" message="element click intercepted: Element &amp;lt;div class=&amp;quot;ant-card-extra&amp;quot;&amp;gt;...&amp;lt;/div&amp;gt; is not clickable at point (705, 411). Other element would receive the click: &amp;lt;div class=&amp;quot;ant-float-btn-body&amp;quot;&amp;gt;...&amp;lt;/div&amp;gt;
  (Session info: chrome=143.0.7499.170)
Build info: version: &amp;apos;4.33.0&amp;apos;, revision: &amp;apos;2c6aaad03a&amp;apos;
System info: os.name: &amp;apos;Windows 11&amp;apos;, os.arch: &amp;apos;amd64&amp;apos;, os.version: &amp;apos;10.0&amp;apos;, java.version: &amp;apos;25.0.1&amp;apos;
Driver info: org.openqa.selenium.chrome.ChromeDriver
Command: [542b5ebf82337100ccd1b7da3866c57a, clickElement {id=f.11CB8C173C1E726529EC83ACDAF31813.d.0CF26C61D5CDB50D788E190DFE46A2C7.e.124}]
Capabilities {acceptInsecureCerts: false, browserName: chrome, browserVersion: 143.0.7499.170, chrome: {chromedriverVersion: 143.0.7499.192 (be2c1f4fd45..., userDataDir: C:\Users\CODECL~1\AppData\L...}, fedcm:accounts: true, goog:chromeOptions: {debuggerAddress: localhost:57647}, goog:processID: 18100, networkConnectionEnabled: false, pageLoadStrategy: normal, platformName: windows, proxy: Proxy(), se:cdp: ws://localhost:57647/devtoo..., se:cdpVersion: 143.0.7499.170, setWindowRect: true, strictFileInteractability: false, timeouts: {implicit: 0, pageLoad: 300000, script: 30000}, unhandledPromptBehavior: dismiss and notify, webauthn:extension:credBlob: true, webauthn:extension:largeBlob: true, webauthn:extension:minPinLength: true, webauthn:extension:prf: true, webauthn:virtualAuthenticators: true}
Element: [[ChromeDriver: chrome on windows (542b5ebf82337100ccd1b7da3866c57a)] -&amp;gt; xpath: //div[@class=&amp;apos;ant-card-extra&amp;apos;]]
Session ID: 542b5ebf82337100ccd1b7da3866c57a">
      <![CDATA[org.openqa.selenium.ElementClickInterceptedException: element click intercepted: Element <div class="ant-card-extra">...</div> is not clickable at point (705, 411). Other element would receive the click: <div class="ant-float-btn-body">...</div>
  (Session info: chrome=143.0.7499.170)
Build info: version: '4.33.0', revision: '2c6aaad03a'
System info: os.name: 'Windows 11', os.arch: 'amd64', os.version: '10.0', java.version: '25.0.1'
Driver info: org.openqa.selenium.chrome.ChromeDriver
Command: [542b5ebf82337100ccd1b7da3866c57a, clickElement {id=f.11CB8C173C1E726529EC83ACDAF31813.d.0CF26C61D5CDB50D788E190DFE46A2C7.e.124}]
Capabilities {acceptInsecureCerts: false, browserName: chrome, browserVersion: 143.0.7499.170, chrome: {chromedriverVersion: 143.0.7499.192 (be2c1f4fd45..., userDataDir: C:\Users\CODECL~1\AppData\L...}, fedcm:accounts: true, goog:chromeOptions: {debuggerAddress: localhost:57647}, goog:processID: 18100, networkConnectionEnabled: false, pageLoadStrategy: normal, platformName: windows, proxy: Proxy(), se:cdp: ws://localhost:57647/devtoo..., se:cdpVersion: 143.0.7499.170, setWindowRect: true, strictFileInteractability: false, timeouts: {implicit: 0, pageLoad: 300000, script: 30000}, unhandledPromptBehavior: dismiss and notify, webauthn:extension:credBlob: true, webauthn:extension:largeBlob: true, webauthn:extension:minPinLength: true, webauthn:extension:prf: true, webauthn:virtualAuthenticators: true}
Element: [[ChromeDriver: chrome on windows (542b5ebf82337100ccd1b7da3866c57a)] -> xpath: //div[@class='ant-card-extra']]
Session ID: 542b5ebf82337100ccd1b7da3866c57a
at org.openqa.selenium.remote.ErrorCodec.decode(ErrorCodec.java:167)
at org.openqa.selenium.remote.codec.w3c.W3CHttpResponseCodec.decode(W3CHttpResponseCodec.java:138)
at org.openqa.selenium.remote.codec.w3c.W3CHttpResponseCodec.decode(W3CHttpResponseCodec.java:50)
at org.openqa.selenium.remote.HttpCommandExecutor.execute(HttpCommandExecutor.java:215)
at org.openqa.selenium.remote.service.DriverCommandExecutor.invokeExecute(DriverCommandExecutor.java:216)
at org.openqa.selenium.remote.service.DriverCommandExecutor.execute(DriverCommandExecutor.java:174)
at org.openqa.selenium.remote.RemoteWebDriver.execute(RemoteWebDriver.java:544)
at org.openqa.selenium.remote.RemoteWebElement.execute(RemoteWebElement.java:223)
at org.openqa.selenium.remote.RemoteWebElement.click(RemoteWebElement.java:76)
at org.openqa.selenium.support.pagefactory.internal.LocatingElementHandler.invoke(LocatingElementHandler.java:51)
at jdk.proxy2/jdk.proxy2.$Proxy14.click(Unknown Source)
at Enterprise_Codeclouds.Project.Enterprise.Case_Appplications.Add_case(Case_Appplications.java:139)
at java.base/java.util.ArrayList.forEach(ArrayList.java:1604)
... Removed 35 stack frames]]>
    </failure>
  </testcase> <!-- Add_case -->
  <testcase classname="Enterprise_Codeclouds.Project.Enterprise.Case_Appplications" name="Add_case" time="41.469">
    <failure type="org.openqa.selenium.ElementClickInterceptedException" message="element click intercepted: Element &amp;lt;div class=&amp;quot;ant-card-extra&amp;quot;&amp;gt;...&amp;lt;/div&amp;gt; is not clickable at point (705, 411). Other element would receive the click: &amp;lt;div class=&amp;quot;ant-float-btn-body&amp;quot;&amp;gt;...&amp;lt;/div&amp;gt;
  (Session info: chrome=143.0.7499.170)
Build info: version: &amp;apos;4.33.0&amp;apos;, revision: &amp;apos;2c6aaad03a&amp;apos;
System info: os.name: &amp;apos;Windows 11&amp;apos;, os.arch: &amp;apos;amd64&amp;apos;, os.version: &amp;apos;10.0&amp;apos;, java.version: &amp;apos;25.0.1&amp;apos;
Driver info: org.openqa.selenium.chrome.ChromeDriver
Command: [7ce1e80f68b81b538f58296925a690af, clickElement {id=f.214E908EA0D4C22BB8A786A898DFA956.d.3AF428C555E232C79912EA1B7C81EF80.e.124}]
Capabilities {acceptInsecureCerts: false, browserName: chrome, browserVersion: 143.0.7499.170, chrome: {chromedriverVersion: 143.0.7499.192 (be2c1f4fd45..., userDataDir: C:\Users\CODECL~1\AppData\L...}, fedcm:accounts: true, goog:chromeOptions: {debuggerAddress: localhost:64068}, goog:processID: 16984, networkConnectionEnabled: false, pageLoadStrategy: normal, platformName: windows, proxy: Proxy(), se:cdp: ws://localhost:64068/devtoo..., se:cdpVersion: 143.0.7499.170, setWindowRect: true, strictFileInteractability: false, timeouts: {implicit: 0, pageLoad: 300000, script: 30000}, unhandledPromptBehavior: dismiss and notify, webauthn:extension:credBlob: true, webauthn:extension:largeBlob: true, webauthn:extension:minPinLength: true, webauthn:extension:prf: true, webauthn:virtualAuthenticators: true}
Element: [[ChromeDriver: chrome on windows (7ce1e80f68b81b538f58296925a690af)] -&amp;gt; xpath: //div[@class=&amp;apos;ant-card-extra&amp;apos;]]
Session ID: 7ce1e80f68b81b538f58296925a690af">
      <![CDATA[org.openqa.selenium.ElementClickInterceptedException: element click intercepted: Element <div class="ant-card-extra">...</div> is not clickable at point (705, 411). Other element would receive the click: <div class="ant-float-btn-body">...</div>
  (Session info: chrome=143.0.7499.170)
Build info: version: '4.33.0', revision: '2c6aaad03a'
System info: os.name: 'Windows 11', os.arch: 'amd64', os.version: '10.0', java.version: '25.0.1'
Driver info: org.openqa.selenium.chrome.ChromeDriver
Command: [7ce1e80f68b81b538f58296925a690af, clickElement {id=f.214E908EA0D4C22BB8A786A898DFA956.d.3AF428C555E232C79912EA1B7C81EF80.e.124}]
Capabilities {acceptInsecureCerts: false, browserName: chrome, browserVersion: 143.0.7499.170, chrome: {chromedriverVersion: 143.0.7499.192 (be2c1f4fd45..., userDataDir: C:\Users\CODECL~1\AppData\L...}, fedcm:accounts: true, goog:chromeOptions: {debuggerAddress: localhost:64068}, goog:processID: 16984, networkConnectionEnabled: false, pageLoadStrategy: normal, platformName: windows, proxy: Proxy(), se:cdp: ws://localhost:64068/devtoo..., se:cdpVersion: 143.0.7499.170, setWindowRect: true, strictFileInteractability: false, timeouts: {implicit: 0, pageLoad: 300000, script: 30000}, unhandledPromptBehavior: dismiss and notify, webauthn:extension:credBlob: true, webauthn:extension:largeBlob: true, webauthn:extension:minPinLength: true, webauthn:extension:prf: true, webauthn:virtualAuthenticators: true}
Element: [[ChromeDriver: chrome on windows (7ce1e80f68b81b538f58296925a690af)] -> xpath: //div[@class='ant-card-extra']]
Session ID: 7ce1e80f68b81b538f58296925a690af
at org.openqa.selenium.remote.ErrorCodec.decode(ErrorCodec.java:167)
at org.openqa.selenium.remote.codec.w3c.W3CHttpResponseCodec.decode(W3CHttpResponseCodec.java:138)
at org.openqa.selenium.remote.codec.w3c.W3CHttpResponseCodec.decode(W3CHttpResponseCodec.java:50)
at org.openqa.selenium.remote.HttpCommandExecutor.execute(HttpCommandExecutor.java:215)
at org.openqa.selenium.remote.service.DriverCommandExecutor.invokeExecute(DriverCommandExecutor.java:216)
at org.openqa.selenium.remote.service.DriverCommandExecutor.execute(DriverCommandExecutor.java:174)
at org.openqa.selenium.remote.RemoteWebDriver.execute(RemoteWebDriver.java:544)
at org.openqa.selenium.remote.RemoteWebElement.execute(RemoteWebElement.java:223)
at org.openqa.selenium.remote.RemoteWebElement.click(RemoteWebElement.java:76)
at org.openqa.selenium.support.pagefactory.internal.LocatingElementHandler.invoke(LocatingElementHandler.java:51)
at jdk.proxy2/jdk.proxy2.$Proxy14.click(Unknown Source)
at Enterprise_Codeclouds.Project.Enterprise.Case_Appplications.Add_case(Case_Appplications.java:139)
at java.base/java.util.ArrayList.forEach(ArrayList.java:1604)
... Removed 35 stack frames]]>
    </failure>
  </testcase> <!-- Add_case -->
  <testcase classname="Enterprise_Codeclouds.Project.Enterprise.Case_Appplications" name="Add_case" time="43.002">
    <failure type="org.openqa.selenium.ElementClickInterceptedException" message="element click intercepted: Element &amp;lt;div class=&amp;quot;ant-card-extra&amp;quot;&amp;gt;...&amp;lt;/div&amp;gt; is not clickable at point (705, 411). Other element would receive the click: &amp;lt;div class=&amp;quot;ant-float-btn-body&amp;quot;&amp;gt;...&amp;lt;/div&amp;gt;
  (Session info: chrome=143.0.7499.170)
Build info: version: &amp;apos;4.33.0&amp;apos;, revision: &amp;apos;2c6aaad03a&amp;apos;
System info: os.name: &amp;apos;Windows 11&amp;apos;, os.arch: &amp;apos;amd64&amp;apos;, os.version: &amp;apos;10.0&amp;apos;, java.version: &amp;apos;25.0.1&amp;apos;
Driver info: org.openqa.selenium.chrome.ChromeDriver
Command: [06f838e601fc3757d372e4dfadd1fb23, clickElement {id=f.04CFC6E632887A38EC1D489FEF7247FC.d.2B6707464BD01AA99BF74BE0385C0199.e.121}]
Capabilities {acceptInsecureCerts: false, browserName: chrome, browserVersion: 143.0.7499.170, chrome: {chromedriverVersion: 143.0.7499.192 (be2c1f4fd45..., userDataDir: C:\Users\CODECL~1\AppData\L...}, fedcm:accounts: true, goog:chromeOptions: {debuggerAddress: localhost:57599}, goog:processID: 14312, networkConnectionEnabled: false, pageLoadStrategy: normal, platformName: windows, proxy: Proxy(), se:cdp: ws://localhost:57599/devtoo..., se:cdpVersion: 143.0.7499.170, setWindowRect: true, strictFileInteractability: false, timeouts: {implicit: 0, pageLoad: 300000, script: 30000}, unhandledPromptBehavior: dismiss and notify, webauthn:extension:credBlob: true, webauthn:extension:largeBlob: true, webauthn:extension:minPinLength: true, webauthn:extension:prf: true, webauthn:virtualAuthenticators: true}
Element: [[ChromeDriver: chrome on windows (06f838e601fc3757d372e4dfadd1fb23)] -&amp;gt; xpath: //div[@class=&amp;apos;ant-card-extra&amp;apos;]]
Session ID: 06f838e601fc3757d372e4dfadd1fb23">
      <![CDATA[org.openqa.selenium.ElementClickInterceptedException: element click intercepted: Element <div class="ant-card-extra">...</div> is not clickable at point (705, 411). Other element would receive the click: <div class="ant-float-btn-body">...</div>
  (Session info: chrome=143.0.7499.170)
Build info: version: '4.33.0', revision: '2c6aaad03a'
System info: os.name: 'Windows 11', os.arch: 'amd64', os.version: '10.0', java.version: '25.0.1'
Driver info: org.openqa.selenium.chrome.ChromeDriver
Command: [06f838e601fc3757d372e4dfadd1fb23, clickElement {id=f.04CFC6E632887A38EC1D489FEF7247FC.d.2B6707464BD01AA99BF74BE0385C0199.e.121}]
Capabilities {acceptInsecureCerts: false, browserName: chrome, browserVersion: 143.0.7499.170, chrome: {chromedriverVersion: 143.0.7499.192 (be2c1f4fd45..., userDataDir: C:\Users\CODECL~1\AppData\L...}, fedcm:accounts: true, goog:chromeOptions: {debuggerAddress: localhost:57599}, goog:processID: 14312, networkConnectionEnabled: false, pageLoadStrategy: normal, platformName: windows, proxy: Proxy(), se:cdp: ws://localhost:57599/devtoo..., se:cdpVersion: 143.0.7499.170, setWindowRect: true, strictFileInteractability: false, timeouts: {implicit: 0, pageLoad: 300000, script: 30000}, unhandledPromptBehavior: dismiss and notify, webauthn:extension:credBlob: true, webauthn:extension:largeBlob: true, webauthn:extension:minPinLength: true, webauthn:extension:prf: true, webauthn:virtualAuthenticators: true}
Element: [[ChromeDriver: chrome on windows (06f838e601fc3757d372e4dfadd1fb23)] -> xpath: //div[@class='ant-card-extra']]
Session ID: 06f838e601fc3757d372e4dfadd1fb23
at org.openqa.selenium.remote.ErrorCodec.decode(ErrorCodec.java:167)
at org.openqa.selenium.remote.codec.w3c.W3CHttpResponseCodec.decode(W3CHttpResponseCodec.java:138)
at org.openqa.selenium.remote.codec.w3c.W3CHttpResponseCodec.decode(W3CHttpResponseCodec.java:50)
at org.openqa.selenium.remote.HttpCommandExecutor.execute(HttpCommandExecutor.java:215)
at org.openqa.selenium.remote.service.DriverCommandExecutor.invokeExecute(DriverCommandExecutor.java:216)
at org.openqa.selenium.remote.service.DriverCommandExecutor.execute(DriverCommandExecutor.java:174)
at org.openqa.selenium.remote.RemoteWebDriver.execute(RemoteWebDriver.java:544)
at org.openqa.selenium.remote.RemoteWebElement.execute(RemoteWebElement.java:223)
at org.openqa.selenium.remote.RemoteWebElement.click(RemoteWebElement.java:76)
at org.openqa.selenium.support.pagefactory.internal.LocatingElementHandler.invoke(LocatingElementHandler.java:51)
at jdk.proxy2/jdk.proxy2.$Proxy14.click(Unknown Source)
at Enterprise_Codeclouds.Project.Enterprise.Case_Appplications.Add_case(Case_Appplications.java:139)
at java.base/java.util.ArrayList.forEach(ArrayList.java:1604)
... Removed 35 stack frames]]>
    </failure>
  </testcase> <!-- Add_case -->
  <testcase classname="Enterprise_Codeclouds.Project.Enterprise.Case_Appplications" name="Add_case" time="40.187">
    <failure type="org.openqa.selenium.ElementClickInterceptedException" message="element click intercepted: Element &amp;lt;div class=&amp;quot;ant-card-extra&amp;quot;&amp;gt;...&amp;lt;/div&amp;gt; is not clickable at point (705, 411). Other element would receive the click: &amp;lt;div class=&amp;quot;ant-float-btn-body&amp;quot;&amp;gt;...&amp;lt;/div&amp;gt;
  (Session info: chrome=143.0.7499.170)
Build info: version: &amp;apos;4.33.0&amp;apos;, revision: &amp;apos;2c6aaad03a&amp;apos;
System info: os.name: &amp;apos;Windows 11&amp;apos;, os.arch: &amp;apos;amd64&amp;apos;, os.version: &amp;apos;10.0&amp;apos;, java.version: &amp;apos;25.0.1&amp;apos;
Driver info: org.openqa.selenium.chrome.ChromeDriver
Command: [bd926f35c0c3f62783c4dfa3cb821a0e, clickElement {id=f.AF59375AF82EFFE27288CFAF7ED3C4A8.d.EC4F5C05AE15E0211CD7013AB4E8B4D0.e.126}]
Capabilities {acceptInsecureCerts: false, browserName: chrome, browserVersion: 143.0.7499.170, chrome: {chromedriverVersion: 143.0.7499.192 (be2c1f4fd45..., userDataDir: C:\Users\CODECL~1\AppData\L...}, fedcm:accounts: true, goog:chromeOptions: {debuggerAddress: localhost:54512}, goog:processID: 20096, networkConnectionEnabled: false, pageLoadStrategy: normal, platformName: windows, proxy: Proxy(), se:cdp: ws://localhost:54512/devtoo..., se:cdpVersion: 143.0.7499.170, setWindowRect: true, strictFileInteractability: false, timeouts: {implicit: 0, pageLoad: 300000, script: 30000}, unhandledPromptBehavior: dismiss and notify, webauthn:extension:credBlob: true, webauthn:extension:largeBlob: true, webauthn:extension:minPinLength: true, webauthn:extension:prf: true, webauthn:virtualAuthenticators: true}
Element: [[ChromeDriver: chrome on windows (bd926f35c0c3f62783c4dfa3cb821a0e)] -&amp;gt; xpath: //div[@class=&amp;apos;ant-card-extra&amp;apos;]]
Session ID: bd926f35c0c3f62783c4dfa3cb821a0e">
      <![CDATA[org.openqa.selenium.ElementClickInterceptedException: element click intercepted: Element <div class="ant-card-extra">...</div> is not clickable at point (705, 411). Other element would receive the click: <div class="ant-float-btn-body">...</div>
  (Session info: chrome=143.0.7499.170)
Build info: version: '4.33.0', revision: '2c6aaad03a'
System info: os.name: 'Windows 11', os.arch: 'amd64', os.version: '10.0', java.version: '25.0.1'
Driver info: org.openqa.selenium.chrome.ChromeDriver
Command: [bd926f35c0c3f62783c4dfa3cb821a0e, clickElement {id=f.AF59375AF82EFFE27288CFAF7ED3C4A8.d.EC4F5C05AE15E0211CD7013AB4E8B4D0.e.126}]
Capabilities {acceptInsecureCerts: false, browserName: chrome, browserVersion: 143.0.7499.170, chrome: {chromedriverVersion: 143.0.7499.192 (be2c1f4fd45..., userDataDir: C:\Users\CODECL~1\AppData\L...}, fedcm:accounts: true, goog:chromeOptions: {debuggerAddress: localhost:54512}, goog:processID: 20096, networkConnectionEnabled: false, pageLoadStrategy: normal, platformName: windows, proxy: Proxy(), se:cdp: ws://localhost:54512/devtoo..., se:cdpVersion: 143.0.7499.170, setWindowRect: true, strictFileInteractability: false, timeouts: {implicit: 0, pageLoad: 300000, script: 30000}, unhandledPromptBehavior: dismiss and notify, webauthn:extension:credBlob: true, webauthn:extension:largeBlob: true, webauthn:extension:minPinLength: true, webauthn:extension:prf: true, webauthn:virtualAuthenticators: true}
Element: [[ChromeDriver: chrome on windows (bd926f35c0c3f62783c4dfa3cb821a0e)] -> xpath: //div[@class='ant-card-extra']]
Session ID: bd926f35c0c3f62783c4dfa3cb821a0e
at org.openqa.selenium.remote.ErrorCodec.decode(ErrorCodec.java:167)
at org.openqa.selenium.remote.codec.w3c.W3CHttpResponseCodec.decode(W3CHttpResponseCodec.java:138)
at org.openqa.selenium.remote.codec.w3c.W3CHttpResponseCodec.decode(W3CHttpResponseCodec.java:50)
at org.openqa.selenium.remote.HttpCommandExecutor.execute(HttpCommandExecutor.java:215)
at org.openqa.selenium.remote.service.DriverCommandExecutor.invokeExecute(DriverCommandExecutor.java:216)
at org.openqa.selenium.remote.service.DriverCommandExecutor.execute(DriverCommandExecutor.java:174)
at org.openqa.selenium.remote.RemoteWebDriver.execute(RemoteWebDriver.java:544)
at org.openqa.selenium.remote.RemoteWebElement.execute(RemoteWebElement.java:223)
at org.openqa.selenium.remote.RemoteWebElement.click(RemoteWebElement.java:76)
at org.openqa.selenium.support.pagefactory.internal.LocatingElementHandler.invoke(LocatingElementHandler.java:51)
at jdk.proxy2/jdk.proxy2.$Proxy14.click(Unknown Source)
at Enterprise_Codeclouds.Project.Enterprise.Case_Appplications.Add_case(Case_Appplications.java:139)
at java.base/java.util.ArrayList.forEach(ArrayList.java:1604)
... Removed 35 stack frames]]>
    </failure>
  </testcase> <!-- Add_case -->
  <testcase classname="Enterprise_Codeclouds.Project.Enterprise.Case_Appplications" name="Add_case" time="41.518">
    <failure type="org.openqa.selenium.ElementClickInterceptedException" message="element click intercepted: Element &amp;lt;div class=&amp;quot;ant-card-extra&amp;quot;&amp;gt;...&amp;lt;/div&amp;gt; is not clickable at point (705, 411). Other element would receive the click: &amp;lt;div class=&amp;quot;ant-float-btn-body&amp;quot;&amp;gt;...&amp;lt;/div&amp;gt;
  (Session info: chrome=143.0.7499.170)
Build info: version: &amp;apos;4.33.0&amp;apos;, revision: &amp;apos;2c6aaad03a&amp;apos;
System info: os.name: &amp;apos;Windows 11&amp;apos;, os.arch: &amp;apos;amd64&amp;apos;, os.version: &amp;apos;10.0&amp;apos;, java.version: &amp;apos;25.0.1&amp;apos;
Driver info: org.openqa.selenium.chrome.ChromeDriver
Command: [2804550babb58c32822f09fc918bc353, clickElement {id=f.3AE76C7BDEF306D87AE822E2BCBEE301.d.E426FF60EE7785D0E946106270FF192C.e.129}]
Capabilities {acceptInsecureCerts: false, browserName: chrome, browserVersion: 143.0.7499.170, chrome: {chromedriverVersion: 143.0.7499.192 (be2c1f4fd45..., userDataDir: C:\Users\CODECL~1\AppData\L...}, fedcm:accounts: true, goog:chromeOptions: {debuggerAddress: localhost:59667}, goog:processID: 9972, networkConnectionEnabled: false, pageLoadStrategy: normal, platformName: windows, proxy: Proxy(), se:cdp: ws://localhost:59667/devtoo..., se:cdpVersion: 143.0.7499.170, setWindowRect: true, strictFileInteractability: false, timeouts: {implicit: 0, pageLoad: 300000, script: 30000}, unhandledPromptBehavior: dismiss and notify, webauthn:extension:credBlob: true, webauthn:extension:largeBlob: true, webauthn:extension:minPinLength: true, webauthn:extension:prf: true, webauthn:virtualAuthenticators: true}
Element: [[ChromeDriver: chrome on windows (2804550babb58c32822f09fc918bc353)] -&amp;gt; xpath: //div[@class=&amp;apos;ant-card-extra&amp;apos;]]
Session ID: 2804550babb58c32822f09fc918bc353">
      <![CDATA[org.openqa.selenium.ElementClickInterceptedException: element click intercepted: Element <div class="ant-card-extra">...</div> is not clickable at point (705, 411). Other element would receive the click: <div class="ant-float-btn-body">...</div>
  (Session info: chrome=143.0.7499.170)
Build info: version: '4.33.0', revision: '2c6aaad03a'
System info: os.name: 'Windows 11', os.arch: 'amd64', os.version: '10.0', java.version: '25.0.1'
Driver info: org.openqa.selenium.chrome.ChromeDriver
Command: [2804550babb58c32822f09fc918bc353, clickElement {id=f.3AE76C7BDEF306D87AE822E2BCBEE301.d.E426FF60EE7785D0E946106270FF192C.e.129}]
Capabilities {acceptInsecureCerts: false, browserName: chrome, browserVersion: 143.0.7499.170, chrome: {chromedriverVersion: 143.0.7499.192 (be2c1f4fd45..., userDataDir: C:\Users\CODECL~1\AppData\L...}, fedcm:accounts: true, goog:chromeOptions: {debuggerAddress: localhost:59667}, goog:processID: 9972, networkConnectionEnabled: false, pageLoadStrategy: normal, platformName: windows, proxy: Proxy(), se:cdp: ws://localhost:59667/devtoo..., se:cdpVersion: 143.0.7499.170, setWindowRect: true, strictFileInteractability: false, timeouts: {implicit: 0, pageLoad: 300000, script: 30000}, unhandledPromptBehavior: dismiss and notify, webauthn:extension:credBlob: true, webauthn:extension:largeBlob: true, webauthn:extension:minPinLength: true, webauthn:extension:prf: true, webauthn:virtualAuthenticators: true}
Element: [[ChromeDriver: chrome on windows (2804550babb58c32822f09fc918bc353)] -> xpath: //div[@class='ant-card-extra']]
Session ID: 2804550babb58c32822f09fc918bc353
at org.openqa.selenium.remote.ErrorCodec.decode(ErrorCodec.java:167)
at org.openqa.selenium.remote.codec.w3c.W3CHttpResponseCodec.decode(W3CHttpResponseCodec.java:138)
at org.openqa.selenium.remote.codec.w3c.W3CHttpResponseCodec.decode(W3CHttpResponseCodec.java:50)
at org.openqa.selenium.remote.HttpCommandExecutor.execute(HttpCommandExecutor.java:215)
at org.openqa.selenium.remote.service.DriverCommandExecutor.invokeExecute(DriverCommandExecutor.java:216)
at org.openqa.selenium.remote.service.DriverCommandExecutor.execute(DriverCommandExecutor.java:174)
at org.openqa.selenium.remote.RemoteWebDriver.execute(RemoteWebDriver.java:544)
at org.openqa.selenium.remote.RemoteWebElement.execute(RemoteWebElement.java:223)
at org.openqa.selenium.remote.RemoteWebElement.click(RemoteWebElement.java:76)
at org.openqa.selenium.support.pagefactory.internal.LocatingElementHandler.invoke(LocatingElementHandler.java:51)
at jdk.proxy2/jdk.proxy2.$Proxy14.click(Unknown Source)
at Enterprise_Codeclouds.Project.Enterprise.Case_Appplications.Add_case(Case_Appplications.java:139)
at java.base/java.util.ArrayList.forEach(ArrayList.java:1604)
... Removed 35 stack frames]]>
    </failure>
  </testcase> <!-- Add_case -->
  <testcase classname="Enterprise_Codeclouds.Project.Enterprise.Case_Appplications" name="Added_application_delete" time="0.0">
    <ignored/>
  </testcase> <!-- Added_application_delete -->
</testsuite> <!-- Surefire test -->
