<?xml version="1.0" encoding="UTF-8"?>
<!-- Generated by org.testng.reporters.JUnitXMLReporter -->
<testsuite ignored="3" hostname="CISPL-IO-539" failures="0" tests="1" name="Default test" time="102.799" errors="0" timestamp="2026-01-06T20:33:24 IST">
  <testcase classname="Enterprise_Codeclouds.Project.Enterprise.Case_Appplications" name="Add_case" time="100.325"/>
  <testcase classname="Enterprise_Codeclouds.Project.Enterprise.Case_Appplications" name="Payment_Logger" time="0.0">
    <ignored/>
  </testcase> <!-- Payment_Logger -->
  <testcase classname="Enterprise_Codeclouds.Project.Enterprise.Case_Appplications" name="Added_application_delete" time="0.0">
    <ignored/>
  </testcase> <!-- Added_application_delete -->
  <testcase classname="Enterprise_Codeclouds.Project.Enterprise.Case_Appplications" name="Pay_Off_calculator" time="0.0">
    <ignored/>
  </testcase> <!-- Pay_Off_calculator -->
</testsuite> <!-- Default test -->
