<?xml version="1.0" encoding="UTF-8"?>
<!-- Generated by org.testng.reporters.JUnitXMLReporter -->
<testsuite ignored="3" hostname="CISPL-IO-539" failures="0" tests="20" name="Default test" time="895.202" errors="0" timestamp="2026-01-09T18:13:52 IST">
  <testcase classname="Enterprise_Codeclouds.Project.Enterprise.Attorney_module" name="Atttorney_Add_through_case" time="32.928"/>
  <testcase classname="Enterprise_Codeclouds.Project.Enterprise.Attorney_module" name="Atttorney_Add_through_case" time="39.574"/>
  <testcase classname="Enterprise_Codeclouds.Project.Enterprise.Attorney_module" name="Atttorney_Add_through_case" time="40.336"/>
  <testcase classname="Enterprise_Codeclouds.Project.Enterprise.Attorney_module" name="Atttorney_Add_through_case" time="39.675"/>
  <testcase classname="Enterprise_Codeclouds.Project.Enterprise.Attorney_module" name="Atttorney_Add_through_case" time="39.022"/>
  <testcase classname="Enterprise_Codeclouds.Project.Enterprise.Attorney_module" name="Atttorney_Add_through_case" time="40.283"/>
  <testcase classname="Enterprise_Codeclouds.Project.Enterprise.Attorney_module" name="Atttorney_Add_through_case" time="41.346"/>
  <testcase classname="Enterprise_Codeclouds.Project.Enterprise.Attorney_module" name="Atttorney_Add_through_case" time="44.42"/>
  <testcase classname="Enterprise_Codeclouds.Project.Enterprise.Attorney_module" name="Atttorney_Add_through_case" time="39.783"/>
  <testcase classname="Enterprise_Codeclouds.Project.Enterprise.Attorney_module" name="Atttorney_Add_through_case" time="39.46"/>
  <testcase classname="Enterprise_Codeclouds.Project.Enterprise.Attorney_module" name="Atttorney_Add_through_case" time="39.576"/>
  <testcase classname="Enterprise_Codeclouds.Project.Enterprise.Attorney_module" name="Atttorney_Add_through_case" time="39.422"/>
  <testcase classname="Enterprise_Codeclouds.Project.Enterprise.Attorney_module" name="Atttorney_Add_through_case" time="39.724"/>
  <testcase classname="Enterprise_Codeclouds.Project.Enterprise.Attorney_module" name="Atttorney_Add_through_case" time="39.951"/>
  <testcase classname="Enterprise_Codeclouds.Project.Enterprise.Attorney_module" name="Atttorney_Add_through_case" time="39.422"/>
  <testcase classname="Enterprise_Codeclouds.Project.Enterprise.Attorney_module" name="Atttorney_Add_through_case" time="41.156"/>
  <testcase classname="Enterprise_Codeclouds.Project.Enterprise.Attorney_module" name="Atttorney_Add_through_case" time="122.434"/>
  <testcase classname="Enterprise_Codeclouds.Project.Enterprise.Attorney_module" name="Atttorney_Add_through_case" time="32.36"/>
  <testcase classname="Enterprise_Codeclouds.Project.Enterprise.Attorney_module" name="Atttorney_Add_through_case" time="39.723"/>
  <testcase classname="Enterprise_Codeclouds.Project.Enterprise.Attorney_module" name="Atttorney_Add_through_case" time="39.357"/>
  <testcase classname="Enterprise_Codeclouds.Project.Enterprise.Plaintiff_Module" name="Plaintiff_Add" time="0.0">
    <ignored/>
  </testcase> <!-- Plaintiff_Add -->
  <testcase classname="Enterprise_Codeclouds.Project.Enterprise.Attorney_module" name="Attorney_Add" time="0.0">
    <ignored/>
  </testcase> <!-- Attorney_Add -->
  <testcase classname="Enterprise_Codeclouds.Project.Enterprise.Case_Appplications" name="Add_case" time="0.0">
    <ignored/>
  </testcase> <!-- Add_case -->
</testsuite> <!-- Default test -->
