<?xml version="1.0" encoding="UTF-8"?>
<!-- Generated by org.testng.reporters.JUnitXMLReporter -->
<testsuite ignored="1" hostname="CISPL-IO-539" failures="0" tests="10" name="Default test" time="161.913" errors="0" timestamp="2026-01-13T18:17:15 IST">
  <testcase classname="Enterprise_Codeclouds.Project.Enterprise.Access_Permissions" name="Role_Add" time="15.44"/>
  <testcase classname="Enterprise_Codeclouds.Project.Enterprise.Access_Permissions" name="Role_Add" time="15.518"/>
  <testcase classname="Enterprise_Codeclouds.Project.Enterprise.Access_Permissions" name="Role_Add" time="14.787"/>
  <testcase classname="Enterprise_Codeclouds.Project.Enterprise.Access_Permissions" name="Role_Add" time="14.515"/>
  <testcase classname="Enterprise_Codeclouds.Project.Enterprise.Access_Permissions" name="Role_Add" time="14.567"/>
  <testcase classname="Enterprise_Codeclouds.Project.Enterprise.Access_Permissions" name="Role_Add" time="14.218"/>
  <testcase classname="Enterprise_Codeclouds.Project.Enterprise.Access_Permissions" name="Role_Add" time="13.083"/>
  <testcase classname="Enterprise_Codeclouds.Project.Enterprise.Access_Permissions" name="Role_Add" time="14.721"/>
  <testcase classname="Enterprise_Codeclouds.Project.Enterprise.Access_Permissions" name="Role_Add" time="14.128"/>
  <testcase classname="Enterprise_Codeclouds.Project.Enterprise.Access_Permissions" name="Role_Add" time="14.628"/>
  <testcase classname="Enterprise_Codeclouds.Project.Enterprise.Case_Appplications" name="Add_case" time="0.0">
    <ignored/>
  </testcase> <!-- Add_case -->
</testsuite> <!-- Default test -->
