<?xml version="1.0" encoding="UTF-8"?>
<!-- Generated by org.testng.reporters.JUnitXMLReporter -->
<testsuite ignored="7" hostname="CISPL-IO-539" failures="2" tests="10" name="Default test" time="135.574" errors="0" timestamp="2026-02-12T14:43:40 IST">
  <testcase classname="Enterprise_Codeclouds.Project.Enterprise.Leads" name="frontend_form_filler" time="18.915"/>
  <testcase classname="Enterprise_Codeclouds.Project.Enterprise.Leads" name="frontend_form_filler" time="12.32"/>
  <testcase classname="Enterprise_Codeclouds.Project.Enterprise.Leads" name="frontend_form_filler" time="11.985"/>
  <testcase classname="Enterprise_Codeclouds.Project.Enterprise.Leads" name="frontend_form_filler" time="13.157"/>
  <testcase classname="Enterprise_Codeclouds.Project.Enterprise.Leads" name="frontend_form_filler" time="11.557"/>
  <testcase classname="Enterprise_Codeclouds.Project.Enterprise.Leads" name="frontend_form_filler" time="8.63">
    <failure type="org.openqa.selenium.ElementClickInterceptedException" message="element click intercepted: Element &amp;lt;label class=&amp;quot;radio&amp;quot;&amp;gt;...&amp;lt;/label&amp;gt; is not clickable at point (250, 668). Other element would receive the click: &amp;lt;div class=&amp;quot;freeform-row field-insurance_violation radio-group&amp;quot;&amp;gt;...&amp;lt;/div&amp;gt;
  (Session info: chrome=144.0.7559.133)
Build info: version: &amp;apos;4.33.0&amp;apos;, revision: &amp;apos;2c6aaad03a&amp;apos;
System info: os.name: &amp;apos;Windows 11&amp;apos;, os.arch: &amp;apos;amd64&amp;apos;, os.version: &amp;apos;10.0&amp;apos;, java.version: &amp;apos;21.0.9&amp;apos;
Driver info: org.openqa.selenium.chrome.ChromeDriver
Command: [851f014e6543f19fc49f482aaa736c39, clickElement {id=f.4C73362E5AEED3B07DF5C49C188650B5.d.FBE07D43106A177A57F919BD1B7B91C1.e.114}]
Capabilities {acceptInsecureCerts: false, browserName: chrome, browserVersion: 144.0.7559.133, chrome: {chromedriverVersion: 144.0.7559.133 (7da823b1d59..., userDataDir: C:\Users\CODECL~1\AppData\L...}, fedcm:accounts: true, goog:chromeOptions: {debuggerAddress: localhost:53410}, goog:processID: 6284, networkConnectionEnabled: false, pageLoadStrategy: normal, platformName: windows, proxy: Proxy(), se:cdp: ws://localhost:53410/devtoo..., se:cdpVersion: 144.0.7559.133, setWindowRect: true, strictFileInteractability: false, timeouts: {implicit: 0, pageLoad: 300000, script: 30000}, unhandledPromptBehavior: dismiss and notify, webauthn:extension:credBlob: true, webauthn:extension:largeBlob: true, webauthn:extension:minPinLength: true, webauthn:extension:prf: true, webauthn:virtualAuthenticators: true}
Element: [[ChromeDriver: chrome on windows (851f014e6543f19fc49f482aaa736c39)] -&amp;gt; xpath: //label[text()=&amp;apos;In the 5 years before the accident, did you have a violation for no auto insurance?&amp;apos;]/..//label[@class=&amp;apos;radio&amp;apos;]]
Session ID: 851f014e6543f19fc49f482aaa736c39">
      <![CDATA[org.openqa.selenium.ElementClickInterceptedException: element click intercepted: Element <label class="radio">...</label> is not clickable at point (250, 668). Other element would receive the click: <div class="freeform-row field-insurance_violation radio-group">...</div>
  (Session info: chrome=144.0.7559.133)
Build info: version: '4.33.0', revision: '2c6aaad03a'
System info: os.name: 'Windows 11', os.arch: 'amd64', os.version: '10.0', java.version: '21.0.9'
Driver info: org.openqa.selenium.chrome.ChromeDriver
Command: [851f014e6543f19fc49f482aaa736c39, clickElement {id=f.4C73362E5AEED3B07DF5C49C188650B5.d.FBE07D43106A177A57F919BD1B7B91C1.e.114}]
Capabilities {acceptInsecureCerts: false, browserName: chrome, browserVersion: 144.0.7559.133, chrome: {chromedriverVersion: 144.0.7559.133 (7da823b1d59..., userDataDir: C:\Users\CODECL~1\AppData\L...}, fedcm:accounts: true, goog:chromeOptions: {debuggerAddress: localhost:53410}, goog:processID: 6284, networkConnectionEnabled: false, pageLoadStrategy: normal, platformName: windows, proxy: Proxy(), se:cdp: ws://localhost:53410/devtoo..., se:cdpVersion: 144.0.7559.133, setWindowRect: true, strictFileInteractability: false, timeouts: {implicit: 0, pageLoad: 300000, script: 30000}, unhandledPromptBehavior: dismiss and notify, webauthn:extension:credBlob: true, webauthn:extension:largeBlob: true, webauthn:extension:minPinLength: true, webauthn:extension:prf: true, webauthn:virtualAuthenticators: true}
Element: [[ChromeDriver: chrome on windows (851f014e6543f19fc49f482aaa736c39)] -> xpath: //label[text()='In the 5 years before the accident, did you have a violation for no auto insurance?']/..//label[@class='radio']]
Session ID: 851f014e6543f19fc49f482aaa736c39
at java.base/jdk.internal.reflect.DirectConstructorHandleAccessor.newInstance(DirectConstructorHandleAccessor.java:62)
at java.base/java.lang.reflect.Constructor.newInstanceWithCaller(Constructor.java:502)
at java.base/java.lang.reflect.Constructor.newInstance(Constructor.java:486)
at org.openqa.selenium.remote.ErrorCodec.decode(ErrorCodec.java:167)
at org.openqa.selenium.remote.codec.w3c.W3CHttpResponseCodec.decode(W3CHttpResponseCodec.java:138)
at org.openqa.selenium.remote.codec.w3c.W3CHttpResponseCodec.decode(W3CHttpResponseCodec.java:50)
at org.openqa.selenium.remote.HttpCommandExecutor.execute(HttpCommandExecutor.java:215)
at org.openqa.selenium.remote.service.DriverCommandExecutor.invokeExecute(DriverCommandExecutor.java:216)
at org.openqa.selenium.remote.service.DriverCommandExecutor.execute(DriverCommandExecutor.java:174)
at org.openqa.selenium.remote.RemoteWebDriver.execute(RemoteWebDriver.java:544)
at org.openqa.selenium.remote.RemoteWebElement.execute(RemoteWebElement.java:223)
at org.openqa.selenium.remote.RemoteWebElement.click(RemoteWebElement.java:76)
at Enterprise_Codeclouds.Project.Enterprise.Leads.frontend_form_filler(Leads.java:126)
at java.base/jdk.internal.reflect.DirectMethodHandleAccessor.invoke(DirectMethodHandleAccessor.java:103)
at java.base/java.lang.reflect.Method.invoke(Method.java:580)
at org.testng.internal.invokers.MethodInvocationHelper.invokeMethod(MethodInvocationHelper.java:141)
at org.testng.internal.invokers.TestInvoker.invokeMethod(TestInvoker.java:687)
at org.testng.internal.invokers.TestInvoker.invokeTestMethod(TestInvoker.java:230)
at org.testng.internal.invokers.MethodRunner.runInSequence(MethodRunner.java:63)
at org.testng.internal.invokers.TestInvoker$MethodInvocationAgent.invoke(TestInvoker.java:995)
at org.testng.internal.invokers.TestInvoker.invokeTestMethods(TestInvoker.java:203)
at org.testng.internal.invokers.TestMethodWorker.invokeTestMethods(TestMethodWorker.java:154)
at org.testng.internal.invokers.TestMethodWorker.run(TestMethodWorker.java:134)
at java.base/java.util.ArrayList.forEach(ArrayList.java:1596)
at org.testng.TestRunner.privateRun(TestRunner.java:741)
at org.testng.TestRunner.run(TestRunner.java:616)
at org.testng.SuiteRunner.runTest(SuiteRunner.java:421)
at org.testng.SuiteRunner.runSequentially(SuiteRunner.java:413)
at org.testng.SuiteRunner.privateRun(SuiteRunner.java:373)
at org.testng.SuiteRunner.run(SuiteRunner.java:312)
at org.testng.SuiteRunnerWorker.runSuite(SuiteRunnerWorker.java:52)
at org.testng.SuiteRunnerWorker.run(SuiteRunnerWorker.java:95)
at org.testng.TestNG.runSuitesSequentially(TestNG.java:1274)
at org.testng.TestNG.runSuitesLocally(TestNG.java:1208)
at org.testng.TestNG.runSuites(TestNG.java:1112)
at org.testng.TestNG.run(TestNG.java:1079)
at org.testng.remote.AbstractRemoteTestNG.run(AbstractRemoteTestNG.java:115)
at org.testng.remote.RemoteTestNG.initAndRun(RemoteTestNG.java:293)
at org.testng.remote.RemoteTestNG.main(RemoteTestNG.java:91)
]]>
    </failure>
  </testcase> <!-- frontend_form_filler -->
  <testcase classname="Enterprise_Codeclouds.Project.Enterprise.Leads" name="frontend_form_filler" time="11.323"/>
  <testcase classname="Enterprise_Codeclouds.Project.Enterprise.Leads" name="frontend_form_filler" time="11.374"/>
  <testcase classname="Enterprise_Codeclouds.Project.Enterprise.Leads" name="frontend_form_filler" time="9.647"/>
  <testcase classname="Enterprise_Codeclouds.Project.Enterprise.Leads" name="frontend_form_filler" time="11.681">
    <failure type="org.openqa.selenium.ElementClickInterceptedException" message="element click intercepted: Element &amp;lt;label class=&amp;quot;radio&amp;quot;&amp;gt;...&amp;lt;/label&amp;gt; is not clickable at point (250, 667). Other element would receive the click: &amp;lt;div class=&amp;quot;freeform-row field-insurance_violation radio-group&amp;quot;&amp;gt;...&amp;lt;/div&amp;gt;
  (Session info: chrome=144.0.7559.133)
Build info: version: &amp;apos;4.33.0&amp;apos;, revision: &amp;apos;2c6aaad03a&amp;apos;
System info: os.name: &amp;apos;Windows 11&amp;apos;, os.arch: &amp;apos;amd64&amp;apos;, os.version: &amp;apos;10.0&amp;apos;, java.version: &amp;apos;21.0.9&amp;apos;
Driver info: org.openqa.selenium.chrome.ChromeDriver
Command: [7094e6671883aa144ab4e1b010420c4e, clickElement {id=f.61FD2DAC335A553D74C1F09028421993.d.BA118F8A6A22409D2C12FC180DCCA54E.e.120}]
Capabilities {acceptInsecureCerts: false, browserName: chrome, browserVersion: 144.0.7559.133, chrome: {chromedriverVersion: 144.0.7559.133 (7da823b1d59..., userDataDir: C:\Users\CODECL~1\AppData\L...}, fedcm:accounts: true, goog:chromeOptions: {debuggerAddress: localhost:62815}, goog:processID: 5904, networkConnectionEnabled: false, pageLoadStrategy: normal, platformName: windows, proxy: Proxy(), se:cdp: ws://localhost:62815/devtoo..., se:cdpVersion: 144.0.7559.133, setWindowRect: true, strictFileInteractability: false, timeouts: {implicit: 0, pageLoad: 300000, script: 30000}, unhandledPromptBehavior: dismiss and notify, webauthn:extension:credBlob: true, webauthn:extension:largeBlob: true, webauthn:extension:minPinLength: true, webauthn:extension:prf: true, webauthn:virtualAuthenticators: true}
Element: [[ChromeDriver: chrome on windows (7094e6671883aa144ab4e1b010420c4e)] -&amp;gt; xpath: //label[text()=&amp;apos;In the 5 years before the accident, did you have a violation for no auto insurance?&amp;apos;]/..//label[@class=&amp;apos;radio&amp;apos;]]
Session ID: 7094e6671883aa144ab4e1b010420c4e">
      <![CDATA[org.openqa.selenium.ElementClickInterceptedException: element click intercepted: Element <label class="radio">...</label> is not clickable at point (250, 667). Other element would receive the click: <div class="freeform-row field-insurance_violation radio-group">...</div>
  (Session info: chrome=144.0.7559.133)
Build info: version: '4.33.0', revision: '2c6aaad03a'
System info: os.name: 'Windows 11', os.arch: 'amd64', os.version: '10.0', java.version: '21.0.9'
Driver info: org.openqa.selenium.chrome.ChromeDriver
Command: [7094e6671883aa144ab4e1b010420c4e, clickElement {id=f.61FD2DAC335A553D74C1F09028421993.d.BA118F8A6A22409D2C12FC180DCCA54E.e.120}]
Capabilities {acceptInsecureCerts: false, browserName: chrome, browserVersion: 144.0.7559.133, chrome: {chromedriverVersion: 144.0.7559.133 (7da823b1d59..., userDataDir: C:\Users\CODECL~1\AppData\L...}, fedcm:accounts: true, goog:chromeOptions: {debuggerAddress: localhost:62815}, goog:processID: 5904, networkConnectionEnabled: false, pageLoadStrategy: normal, platformName: windows, proxy: Proxy(), se:cdp: ws://localhost:62815/devtoo..., se:cdpVersion: 144.0.7559.133, setWindowRect: true, strictFileInteractability: false, timeouts: {implicit: 0, pageLoad: 300000, script: 30000}, unhandledPromptBehavior: dismiss and notify, webauthn:extension:credBlob: true, webauthn:extension:largeBlob: true, webauthn:extension:minPinLength: true, webauthn:extension:prf: true, webauthn:virtualAuthenticators: true}
Element: [[ChromeDriver: chrome on windows (7094e6671883aa144ab4e1b010420c4e)] -> xpath: //label[text()='In the 5 years before the accident, did you have a violation for no auto insurance?']/..//label[@class='radio']]
Session ID: 7094e6671883aa144ab4e1b010420c4e
at java.base/jdk.internal.reflect.DirectConstructorHandleAccessor.newInstance(DirectConstructorHandleAccessor.java:62)
at java.base/java.lang.reflect.Constructor.newInstanceWithCaller(Constructor.java:502)
at java.base/java.lang.reflect.Constructor.newInstance(Constructor.java:486)
at org.openqa.selenium.remote.ErrorCodec.decode(ErrorCodec.java:167)
at org.openqa.selenium.remote.codec.w3c.W3CHttpResponseCodec.decode(W3CHttpResponseCodec.java:138)
at org.openqa.selenium.remote.codec.w3c.W3CHttpResponseCodec.decode(W3CHttpResponseCodec.java:50)
at org.openqa.selenium.remote.HttpCommandExecutor.execute(HttpCommandExecutor.java:215)
at org.openqa.selenium.remote.service.DriverCommandExecutor.invokeExecute(DriverCommandExecutor.java:216)
at org.openqa.selenium.remote.service.DriverCommandExecutor.execute(DriverCommandExecutor.java:174)
at org.openqa.selenium.remote.RemoteWebDriver.execute(RemoteWebDriver.java:544)
at org.openqa.selenium.remote.RemoteWebElement.execute(RemoteWebElement.java:223)
at org.openqa.selenium.remote.RemoteWebElement.click(RemoteWebElement.java:76)
at Enterprise_Codeclouds.Project.Enterprise.Leads.frontend_form_filler(Leads.java:126)
at java.base/jdk.internal.reflect.DirectMethodHandleAccessor.invoke(DirectMethodHandleAccessor.java:103)
at java.base/java.lang.reflect.Method.invoke(Method.java:580)
at org.testng.internal.invokers.MethodInvocationHelper.invokeMethod(MethodInvocationHelper.java:141)
at org.testng.internal.invokers.TestInvoker.invokeMethod(TestInvoker.java:687)
at org.testng.internal.invokers.TestInvoker.invokeTestMethod(TestInvoker.java:230)
at org.testng.internal.invokers.MethodRunner.runInSequence(MethodRunner.java:63)
at org.testng.internal.invokers.TestInvoker$MethodInvocationAgent.invoke(TestInvoker.java:995)
at org.testng.internal.invokers.TestInvoker.invokeTestMethods(TestInvoker.java:203)
at org.testng.internal.invokers.TestMethodWorker.invokeTestMethods(TestMethodWorker.java:154)
at org.testng.internal.invokers.TestMethodWorker.run(TestMethodWorker.java:134)
at java.base/java.util.ArrayList.forEach(ArrayList.java:1596)
at org.testng.TestRunner.privateRun(TestRunner.java:741)
at org.testng.TestRunner.run(TestRunner.java:616)
at org.testng.SuiteRunner.runTest(SuiteRunner.java:421)
at org.testng.SuiteRunner.runSequentially(SuiteRunner.java:413)
at org.testng.SuiteRunner.privateRun(SuiteRunner.java:373)
at org.testng.SuiteRunner.run(SuiteRunner.java:312)
at org.testng.SuiteRunnerWorker.runSuite(SuiteRunnerWorker.java:52)
at org.testng.SuiteRunnerWorker.run(SuiteRunnerWorker.java:95)
at org.testng.TestNG.runSuitesSequentially(TestNG.java:1274)
at org.testng.TestNG.runSuitesLocally(TestNG.java:1208)
at org.testng.TestNG.runSuites(TestNG.java:1112)
at org.testng.TestNG.run(TestNG.java:1079)
at org.testng.remote.AbstractRemoteTestNG.run(AbstractRemoteTestNG.java:115)
at org.testng.remote.RemoteTestNG.initAndRun(RemoteTestNG.java:293)
at org.testng.remote.RemoteTestNG.main(RemoteTestNG.java:91)
]]>
    </failure>
  </testcase> <!-- frontend_form_filler -->
  <testcase classname="Enterprise_Codeclouds.Project.Enterprise.Case_Appplications" name="Multiple_Application_Generator" time="0.0">
    <ignored/>
  </testcase> <!-- Multiple_Application_Generator -->
  <testcase classname="Enterprise_Codeclouds.Project.Enterprise.Case_Appplications" name="Add_case" time="0.0">
    <ignored/>
  </testcase> <!-- Add_case -->
  <testcase classname="Enterprise_Codeclouds.Project.Enterprise.Case_Appplications" name="Particular_Lien_Accessor" time="0.0">
    <ignored/>
  </testcase> <!-- Particular_Lien_Accessor -->
  <testcase classname="Enterprise_Codeclouds.Project.Enterprise.Case_Appplications" name="Buyout_Add_and_Fees_changed_in_Revised_Contract" time="0.0">
    <ignored/>
  </testcase> <!-- Buyout_Add_and_Fees_changed_in_Revised_Contract -->
  <testcase classname="Enterprise_Codeclouds.Project.Enterprise.Case_Appplications" name="Message_Template_Creator" time="0.0">
    <ignored/>
  </testcase> <!-- Message_Template_Creator -->
  <testcase classname="Enterprise_Codeclouds.Project.Enterprise.Case_Appplications" name="Notes_Add" time="0.0">
    <ignored/>
  </testcase> <!-- Notes_Add -->
  <testcase classname="Enterprise_Codeclouds.Project.Enterprise.Case_Appplications" name="Buyout_Add_After_Contract_Generation_through_Edit_Terms" time="0.0">
    <ignored/>
  </testcase> <!-- Buyout_Add_After_Contract_Generation_through_Edit_Terms -->
</testsuite> <!-- Default test -->
