<?xml version="1.0" encoding="UTF-8"?>
<!-- Generated by org.testng.reporters.JUnitXMLReporter -->
<testsuite ignored="10" hostname="CISPL-IO-539" failures="0" tests="1" name="Default test" time="59.639" errors="0" timestamp="2026-01-27T19:52:35 IST">
  <testcase classname="Enterprise_Codeclouds.Project.Enterprise.Law_Firm_Module" name="law_firm_Address_edit_and_its_reflection_in_case_contact_details" time="57.564"/>
  <testcase classname="Enterprise_Codeclouds.Project.Enterprise.Attorney_module" name="Attorney_Add" time="0.0">
    <ignored/>
  </testcase> <!-- Attorney_Add -->
  <testcase classname="Enterprise_Codeclouds.Project.Enterprise.Plaintiff_Module" name="Plaintiff_Add" time="0.0">
    <ignored/>
  </testcase> <!-- Plaintiff_Add -->
  <testcase classname="Enterprise_Codeclouds.Project.Enterprise.Case_Appplications" name="Add_case" time="0.0">
    <ignored/>
  </testcase> <!-- Add_case -->
  <testcase classname="Enterprise_Codeclouds.Project.Enterprise.Case_Appplications" name="PayOff_Lien_List" time="0.0">
    <ignored/>
  </testcase> <!-- PayOff_Lien_List -->
  <testcase classname="Enterprise_Codeclouds.Project.Enterprise.Law_Firm_Module" name="Add_Law_Firm" time="0.0">
    <ignored/>
  </testcase> <!-- Add_Law_Firm -->
  <testcase classname="Enterprise_Codeclouds.Project.Enterprise.Case_Appplications" name="Multiple_Application_Generator" time="0.0">
    <ignored/>
  </testcase> <!-- Multiple_Application_Generator -->
  <testcase classname="Enterprise_Codeclouds.Project.Enterprise.Law_Firm_Module" name="Law_firm_contact_Add_through_Case_Contact" time="0.0">
    <ignored/>
  </testcase> <!-- Law_firm_contact_Add_through_Case_Contact -->
  <testcase classname="Enterprise_Codeclouds.Project.Enterprise.Case_Appplications" name="Message_Template_Creator" time="0.0">
    <ignored/>
  </testcase> <!-- Message_Template_Creator -->
  <testcase classname="Enterprise_Codeclouds.Project.Enterprise.Case_Appplications" name="Buyout_Add_After_Contract_Generation_through_Edit_Terms" time="0.0">
    <ignored/>
  </testcase> <!-- Buyout_Add_After_Contract_Generation_through_Edit_Terms -->
  <testcase classname="Enterprise_Codeclouds.Project.Enterprise.Plaintiff_Module" name="Plaintiff_edit_in_case" time="0.0">
    <ignored/>
  </testcase> <!-- Plaintiff_edit_in_case -->
</testsuite> <!-- Default test -->
