<?xml version="1.0" encoding="UTF-8"?>
<!-- Generated by org.testng.reporters.JUnitXMLReporter -->
<testsuite ignored="2" hostname="CISPL-IO-539" failures="0" tests="10" name="Default test" time="171.452" errors="0" timestamp="2026-01-14T15:43:41 IST">
  <testcase classname="Enterprise_Codeclouds.Project.Enterprise.Access_Permissions" name="Group_Add" time="15.985"/>
  <testcase classname="Enterprise_Codeclouds.Project.Enterprise.Access_Permissions" name="Group_Add" time="16.137"/>
  <testcase classname="Enterprise_Codeclouds.Project.Enterprise.Access_Permissions" name="Group_Add" time="15.454"/>
  <testcase classname="Enterprise_Codeclouds.Project.Enterprise.Access_Permissions" name="Group_Add" time="15.934"/>
  <testcase classname="Enterprise_Codeclouds.Project.Enterprise.Access_Permissions" name="Group_Add" time="16.013"/>
  <testcase classname="Enterprise_Codeclouds.Project.Enterprise.Access_Permissions" name="Group_Add" time="15.884"/>
  <testcase classname="Enterprise_Codeclouds.Project.Enterprise.Access_Permissions" name="Group_Add" time="15.962"/>
  <testcase classname="Enterprise_Codeclouds.Project.Enterprise.Access_Permissions" name="Group_Add" time="16.067"/>
  <testcase classname="Enterprise_Codeclouds.Project.Enterprise.Access_Permissions" name="Group_Add" time="15.502"/>
  <testcase classname="Enterprise_Codeclouds.Project.Enterprise.Access_Permissions" name="Group_Add" time="15.942"/>
  <testcase classname="Enterprise_Codeclouds.Project.Enterprise.Access_Permissions" name="Role_Add" time="0.0">
    <ignored/>
  </testcase> <!-- Role_Add -->
  <testcase classname="Enterprise_Codeclouds.Project.Enterprise.Case_Appplications" name="Add_case" time="0.0">
    <ignored/>
  </testcase> <!-- Add_case -->
</testsuite> <!-- Default test -->
