<?xml version="1.0" encoding="UTF-8"?>
<!-- Generated by org.testng.reporters.JUnitXMLReporter -->
<testsuite ignored="0" hostname="CISPL-IO-539" failures="0" tests="3" name="Default test" time="35.526" errors="0" timestamp="2025-12-11T20:25:57 IST">
  <testcase classname="Negative_Testcases.Login_negative_testcases" name="login_validation" time="10.499"/>
  <testcase classname="Negative_Testcases.Login_negative_testcases" name="login_validation" time="9.514"/>
  <testcase classname="Negative_Testcases.Login_negative_testcases" name="login_validation" time="9.668"/>
</testsuite> <!-- Default test -->
