<?xml version="1.0" encoding="UTF-8"?>
<!-- Generated by org.testng.reporters.JUnitXMLReporter -->
<testsuite ignored="0" hostname="CISPL-IO-539" failures="0" tests="3" name="Default test" time="45.622" errors="0" timestamp="2025-12-09T16:44:23 IST">
  <testcase classname="Negative_Testcases.Login_negative_testcases" name="login_validation" time="13.259"/>
  <testcase classname="Negative_Testcases.Login_negative_testcases" name="login_validation" time="12.787"/>
  <testcase classname="Negative_Testcases.Login_negative_testcases" name="login_validation" time="12.762"/>
</testsuite> <!-- Default test -->
