<?xml version="1.0" encoding="UTF-8"?>
<!-- Generated by org.testng.reporters.JUnitXMLReporter -->
<testsuite ignored="1" hostname="CISPL-IO-539" failures="20" tests="20" name="Default test" time="1333.698" errors="0" timestamp="2025-12-12T22:22:32 IST">
  <testcase classname="Enterprise_Codeclouds.Project.Enterprise.Case_Appplications" name="Add_case" time="72.455">
    <failure type="org.openqa.selenium.TimeoutException" message="Expected condition failed: waiting for visibility of all [[[[[ChromeDriver: chrome on windows (5c6cbbf66e930baaca868463048883c4)] -&amp;gt; xpath: //*[@class=&amp;apos;ant-modal-body&amp;apos;]]] -&amp;gt; xpath: .//input], [[[[ChromeDriver: chrome on windows (5c6cbbf66e930baaca868463048883c4)] -&amp;gt; xpath: //*[@class=&amp;apos;ant-modal-body&amp;apos;]]] -&amp;gt; xpath: .//input], [[[[ChromeDriver: chrome on windows (5c6cbbf66e930baaca868463048883c4)] -&amp;gt; xpath: //*[@class=&amp;apos;ant-modal-body&amp;apos;]]] -&amp;gt; xpath: .//input], [[[[ChromeDriver: chrome on windows (5c6cbbf66e930baaca868463048883c4)] -&amp;gt; xpath: //*[@class=&amp;apos;ant-modal-body&amp;apos;]]] -&amp;gt; xpath: .//input], [[[[ChromeDriver: chrome on windows (5c6cbbf66e930baaca868463048883c4)] -&amp;gt; xpath: //*[@class=&amp;apos;ant-modal-body&amp;apos;]]] -&amp;gt; xpath: .//input], [[[[ChromeDriver: chrome on windows (5c6cbbf66e930baaca868463048883c4)] -&amp;gt; xpath: //*[@class=&amp;apos;ant-modal-body&amp;apos;]]] -&amp;gt; xpath: .//input], [[[[ChromeDriver: chrome on windows (5c6cbbf66e930baaca868463048883c4)] -&amp;gt; xpath: //*[@class=&amp;apos;ant-modal-body&amp;apos;]]] -&amp;gt; xpath: .//input], [[[[ChromeDriver: chrome on windows (5c6cbbf66e930baaca868463048883c4)] -&amp;gt; xpath: //*[@class=&amp;apos;ant-modal-body&amp;apos;]]] -&amp;gt; xpath: .//input], [[[[ChromeDriver: chrome on windows (5c6cbbf66e930baaca868463048883c4)] -&amp;gt; xpath: //*[@class=&amp;apos;ant-modal-body&amp;apos;]]] -&amp;gt; xpath: .//input], [[[[ChromeDriver: chrome on windows (5c6cbbf66e930baaca868463048883c4)] -&amp;gt; xpath: //*[@class=&amp;apos;ant-modal-body&amp;apos;]]] -&amp;gt; xpath: .//input], [[[[ChromeDriver: chrome on windows (5c6cbbf66e930baaca868463048883c4)] -&amp;gt; xpath: //*[@class=&amp;apos;ant-modal-body&amp;apos;]]] -&amp;gt; xpath: .//input]] (tried for 10 second(s) with 500 milliseconds interval)
Build info: version: &amp;apos;4.33.0&amp;apos;, revision: &amp;apos;2c6aaad03a&amp;apos;
System info: os.name: &amp;apos;Windows 11&amp;apos;, os.arch: &amp;apos;amd64&amp;apos;, os.version: &amp;apos;10.0&amp;apos;, java.version: &amp;apos;21.0.9&amp;apos;
Driver info: org.openqa.selenium.chrome.ChromeDriver
Capabilities {acceptInsecureCerts: false, browserName: chrome, browserVersion: 143.0.7499.41, chrome: {chromedriverVersion: 143.0.7499.42 (24bdc8c48a0c..., userDataDir: C:\Users\CODECL~1\AppData\L...}, fedcm:accounts: true, goog:chromeOptions: {debuggerAddress: localhost:55225}, goog:processID: 20632, networkConnectionEnabled: false, pageLoadStrategy: normal, platformName: windows, proxy: Proxy(), se:cdp: ws://localhost:55225/devtoo..., se:cdpVersion: 143.0.7499.41, setWindowRect: true, strictFileInteractability: false, timeouts: {implicit: 0, pageLoad: 300000, script: 30000}, unhandledPromptBehavior: dismiss and notify, webauthn:extension:credBlob: true, webauthn:extension:largeBlob: true, webauthn:extension:minPinLength: true, webauthn:extension:prf: true, webauthn:virtualAuthenticators: true}
Session ID: 5c6cbbf66e930baaca868463048883c4">
      <![CDATA[org.openqa.selenium.TimeoutException: Expected condition failed: waiting for visibility of all [[[[[ChromeDriver: chrome on windows (5c6cbbf66e930baaca868463048883c4)] -> xpath: //*[@class='ant-modal-body']]] -> xpath: .//input], [[[[ChromeDriver: chrome on windows (5c6cbbf66e930baaca868463048883c4)] -> xpath: //*[@class='ant-modal-body']]] -> xpath: .//input], [[[[ChromeDriver: chrome on windows (5c6cbbf66e930baaca868463048883c4)] -> xpath: //*[@class='ant-modal-body']]] -> xpath: .//input], [[[[ChromeDriver: chrome on windows (5c6cbbf66e930baaca868463048883c4)] -> xpath: //*[@class='ant-modal-body']]] -> xpath: .//input], [[[[ChromeDriver: chrome on windows (5c6cbbf66e930baaca868463048883c4)] -> xpath: //*[@class='ant-modal-body']]] -> xpath: .//input], [[[[ChromeDriver: chrome on windows (5c6cbbf66e930baaca868463048883c4)] -> xpath: //*[@class='ant-modal-body']]] -> xpath: .//input], [[[[ChromeDriver: chrome on windows (5c6cbbf66e930baaca868463048883c4)] -> xpath: //*[@class='ant-modal-body']]] -> xpath: .//input], [[[[ChromeDriver: chrome on windows (5c6cbbf66e930baaca868463048883c4)] -> xpath: //*[@class='ant-modal-body']]] -> xpath: .//input], [[[[ChromeDriver: chrome on windows (5c6cbbf66e930baaca868463048883c4)] -> xpath: //*[@class='ant-modal-body']]] -> xpath: .//input], [[[[ChromeDriver: chrome on windows (5c6cbbf66e930baaca868463048883c4)] -> xpath: //*[@class='ant-modal-body']]] -> xpath: .//input], [[[[ChromeDriver: chrome on windows (5c6cbbf66e930baaca868463048883c4)] -> xpath: //*[@class='ant-modal-body']]] -> xpath: .//input]] (tried for 10 second(s) with 500 milliseconds interval)
Build info: version: '4.33.0', revision: '2c6aaad03a'
System info: os.name: 'Windows 11', os.arch: 'amd64', os.version: '10.0', java.version: '21.0.9'
Driver info: org.openqa.selenium.chrome.ChromeDriver
Capabilities {acceptInsecureCerts: false, browserName: chrome, browserVersion: 143.0.7499.41, chrome: {chromedriverVersion: 143.0.7499.42 (24bdc8c48a0c..., userDataDir: C:\Users\CODECL~1\AppData\L...}, fedcm:accounts: true, goog:chromeOptions: {debuggerAddress: localhost:55225}, goog:processID: 20632, networkConnectionEnabled: false, pageLoadStrategy: normal, platformName: windows, proxy: Proxy(), se:cdp: ws://localhost:55225/devtoo..., se:cdpVersion: 143.0.7499.41, setWindowRect: true, strictFileInteractability: false, timeouts: {implicit: 0, pageLoad: 300000, script: 30000}, unhandledPromptBehavior: dismiss and notify, webauthn:extension:credBlob: true, webauthn:extension:largeBlob: true, webauthn:extension:minPinLength: true, webauthn:extension:prf: true, webauthn:virtualAuthenticators: true}
Session ID: 5c6cbbf66e930baaca868463048883c4
at org.openqa.selenium.support.ui.WebDriverWait.timeoutException(WebDriverWait.java:84)
at org.openqa.selenium.support.ui.FluentWait.until(FluentWait.java:228)
at Repeatative_codes.Repeat.wait_for_theElement(Repeat.java:40)
at Locaters.Application_Locaters.Modal_Input_Feilds(Application_Locaters.java:224)
at Enterprise_Codeclouds.Project.Enterprise.Case_Appplications.Add_case(Case_Appplications.java:119)
at java.base/jdk.internal.reflect.DirectMethodHandleAccessor.invoke(DirectMethodHandleAccessor.java:103)
at java.base/java.lang.reflect.Method.invoke(Method.java:580)
at org.testng.internal.invokers.MethodInvocationHelper.invokeMethod(MethodInvocationHelper.java:141)
at org.testng.internal.invokers.TestInvoker.invokeMethod(TestInvoker.java:687)
at org.testng.internal.invokers.TestInvoker.invokeTestMethod(TestInvoker.java:230)
at org.testng.internal.invokers.MethodRunner.runInSequence(MethodRunner.java:63)
at org.testng.internal.invokers.TestInvoker$MethodInvocationAgent.invoke(TestInvoker.java:995)
at org.testng.internal.invokers.TestInvoker.invokeTestMethods(TestInvoker.java:203)
at org.testng.internal.invokers.TestMethodWorker.invokeTestMethods(TestMethodWorker.java:154)
at org.testng.internal.invokers.TestMethodWorker.run(TestMethodWorker.java:134)
at java.base/java.util.ArrayList.forEach(ArrayList.java:1596)
at org.testng.TestRunner.privateRun(TestRunner.java:741)
at org.testng.TestRunner.run(TestRunner.java:616)
at org.testng.SuiteRunner.runTest(SuiteRunner.java:421)
at org.testng.SuiteRunner.runSequentially(SuiteRunner.java:413)
at org.testng.SuiteRunner.privateRun(SuiteRunner.java:373)
at org.testng.SuiteRunner.run(SuiteRunner.java:312)
at org.testng.SuiteRunnerWorker.runSuite(SuiteRunnerWorker.java:52)
at org.testng.SuiteRunnerWorker.run(SuiteRunnerWorker.java:95)
at org.testng.TestNG.runSuitesSequentially(TestNG.java:1274)
at org.testng.TestNG.runSuitesLocally(TestNG.java:1208)
at org.testng.TestNG.runSuites(TestNG.java:1112)
at org.testng.TestNG.run(TestNG.java:1079)
at org.testng.remote.AbstractRemoteTestNG.run(AbstractRemoteTestNG.java:115)
at org.testng.remote.RemoteTestNG.initAndRun(RemoteTestNG.java:293)
at org.testng.remote.RemoteTestNG.main(RemoteTestNG.java:91)
]]>
    </failure>
  </testcase> <!-- Add_case -->
  <testcase classname="Enterprise_Codeclouds.Project.Enterprise.Case_Appplications" name="Add_case" time="59.324">
    <failure type="org.openqa.selenium.TimeoutException" message="Expected condition failed: waiting for visibility of all [[[[[ChromeDriver: chrome on windows (889725d43001d6abae04a3ec95cdcc1b)] -&amp;gt; xpath: //*[@class=&amp;apos;ant-modal-body&amp;apos;]]] -&amp;gt; xpath: .//input], [[[[ChromeDriver: chrome on windows (889725d43001d6abae04a3ec95cdcc1b)] -&amp;gt; xpath: //*[@class=&amp;apos;ant-modal-body&amp;apos;]]] -&amp;gt; xpath: .//input], [[[[ChromeDriver: chrome on windows (889725d43001d6abae04a3ec95cdcc1b)] -&amp;gt; xpath: //*[@class=&amp;apos;ant-modal-body&amp;apos;]]] -&amp;gt; xpath: .//input], [[[[ChromeDriver: chrome on windows (889725d43001d6abae04a3ec95cdcc1b)] -&amp;gt; xpath: //*[@class=&amp;apos;ant-modal-body&amp;apos;]]] -&amp;gt; xpath: .//input], [[[[ChromeDriver: chrome on windows (889725d43001d6abae04a3ec95cdcc1b)] -&amp;gt; xpath: //*[@class=&amp;apos;ant-modal-body&amp;apos;]]] -&amp;gt; xpath: .//input], [[[[ChromeDriver: chrome on windows (889725d43001d6abae04a3ec95cdcc1b)] -&amp;gt; xpath: //*[@class=&amp;apos;ant-modal-body&amp;apos;]]] -&amp;gt; xpath: .//input], [[[[ChromeDriver: chrome on windows (889725d43001d6abae04a3ec95cdcc1b)] -&amp;gt; xpath: //*[@class=&amp;apos;ant-modal-body&amp;apos;]]] -&amp;gt; xpath: .//input], [[[[ChromeDriver: chrome on windows (889725d43001d6abae04a3ec95cdcc1b)] -&amp;gt; xpath: //*[@class=&amp;apos;ant-modal-body&amp;apos;]]] -&amp;gt; xpath: .//input], [[[[ChromeDriver: chrome on windows (889725d43001d6abae04a3ec95cdcc1b)] -&amp;gt; xpath: //*[@class=&amp;apos;ant-modal-body&amp;apos;]]] -&amp;gt; xpath: .//input], [[[[ChromeDriver: chrome on windows (889725d43001d6abae04a3ec95cdcc1b)] -&amp;gt; xpath: //*[@class=&amp;apos;ant-modal-body&amp;apos;]]] -&amp;gt; xpath: .//input], [[[[ChromeDriver: chrome on windows (889725d43001d6abae04a3ec95cdcc1b)] -&amp;gt; xpath: //*[@class=&amp;apos;ant-modal-body&amp;apos;]]] -&amp;gt; xpath: .//input], [[[[ChromeDriver: chrome on windows (889725d43001d6abae04a3ec95cdcc1b)] -&amp;gt; xpath: //*[@class=&amp;apos;ant-modal-body&amp;apos;]]] -&amp;gt; xpath: .//input]] (tried for 10 second(s) with 500 milliseconds interval)
Build info: version: &amp;apos;4.33.0&amp;apos;, revision: &amp;apos;2c6aaad03a&amp;apos;
System info: os.name: &amp;apos;Windows 11&amp;apos;, os.arch: &amp;apos;amd64&amp;apos;, os.version: &amp;apos;10.0&amp;apos;, java.version: &amp;apos;21.0.9&amp;apos;
Driver info: org.openqa.selenium.chrome.ChromeDriver
Capabilities {acceptInsecureCerts: false, browserName: chrome, browserVersion: 143.0.7499.41, chrome: {chromedriverVersion: 143.0.7499.42 (24bdc8c48a0c..., userDataDir: C:\Users\CODECL~1\AppData\L...}, fedcm:accounts: true, goog:chromeOptions: {debuggerAddress: localhost:63727}, goog:processID: 12972, networkConnectionEnabled: false, pageLoadStrategy: normal, platformName: windows, proxy: Proxy(), se:cdp: ws://localhost:63727/devtoo..., se:cdpVersion: 143.0.7499.41, setWindowRect: true, strictFileInteractability: false, timeouts: {implicit: 0, pageLoad: 300000, script: 30000}, unhandledPromptBehavior: dismiss and notify, webauthn:extension:credBlob: true, webauthn:extension:largeBlob: true, webauthn:extension:minPinLength: true, webauthn:extension:prf: true, webauthn:virtualAuthenticators: true}
Session ID: 889725d43001d6abae04a3ec95cdcc1b">
      <![CDATA[org.openqa.selenium.TimeoutException: Expected condition failed: waiting for visibility of all [[[[[ChromeDriver: chrome on windows (889725d43001d6abae04a3ec95cdcc1b)] -> xpath: //*[@class='ant-modal-body']]] -> xpath: .//input], [[[[ChromeDriver: chrome on windows (889725d43001d6abae04a3ec95cdcc1b)] -> xpath: //*[@class='ant-modal-body']]] -> xpath: .//input], [[[[ChromeDriver: chrome on windows (889725d43001d6abae04a3ec95cdcc1b)] -> xpath: //*[@class='ant-modal-body']]] -> xpath: .//input], [[[[ChromeDriver: chrome on windows (889725d43001d6abae04a3ec95cdcc1b)] -> xpath: //*[@class='ant-modal-body']]] -> xpath: .//input], [[[[ChromeDriver: chrome on windows (889725d43001d6abae04a3ec95cdcc1b)] -> xpath: //*[@class='ant-modal-body']]] -> xpath: .//input], [[[[ChromeDriver: chrome on windows (889725d43001d6abae04a3ec95cdcc1b)] -> xpath: //*[@class='ant-modal-body']]] -> xpath: .//input], [[[[ChromeDriver: chrome on windows (889725d43001d6abae04a3ec95cdcc1b)] -> xpath: //*[@class='ant-modal-body']]] -> xpath: .//input], [[[[ChromeDriver: chrome on windows (889725d43001d6abae04a3ec95cdcc1b)] -> xpath: //*[@class='ant-modal-body']]] -> xpath: .//input], [[[[ChromeDriver: chrome on windows (889725d43001d6abae04a3ec95cdcc1b)] -> xpath: //*[@class='ant-modal-body']]] -> xpath: .//input], [[[[ChromeDriver: chrome on windows (889725d43001d6abae04a3ec95cdcc1b)] -> xpath: //*[@class='ant-modal-body']]] -> xpath: .//input], [[[[ChromeDriver: chrome on windows (889725d43001d6abae04a3ec95cdcc1b)] -> xpath: //*[@class='ant-modal-body']]] -> xpath: .//input], [[[[ChromeDriver: chrome on windows (889725d43001d6abae04a3ec95cdcc1b)] -> xpath: //*[@class='ant-modal-body']]] -> xpath: .//input]] (tried for 10 second(s) with 500 milliseconds interval)
Build info: version: '4.33.0', revision: '2c6aaad03a'
System info: os.name: 'Windows 11', os.arch: 'amd64', os.version: '10.0', java.version: '21.0.9'
Driver info: org.openqa.selenium.chrome.ChromeDriver
Capabilities {acceptInsecureCerts: false, browserName: chrome, browserVersion: 143.0.7499.41, chrome: {chromedriverVersion: 143.0.7499.42 (24bdc8c48a0c..., userDataDir: C:\Users\CODECL~1\AppData\L...}, fedcm:accounts: true, goog:chromeOptions: {debuggerAddress: localhost:63727}, goog:processID: 12972, networkConnectionEnabled: false, pageLoadStrategy: normal, platformName: windows, proxy: Proxy(), se:cdp: ws://localhost:63727/devtoo..., se:cdpVersion: 143.0.7499.41, setWindowRect: true, strictFileInteractability: false, timeouts: {implicit: 0, pageLoad: 300000, script: 30000}, unhandledPromptBehavior: dismiss and notify, webauthn:extension:credBlob: true, webauthn:extension:largeBlob: true, webauthn:extension:minPinLength: true, webauthn:extension:prf: true, webauthn:virtualAuthenticators: true}
Session ID: 889725d43001d6abae04a3ec95cdcc1b
at org.openqa.selenium.support.ui.WebDriverWait.timeoutException(WebDriverWait.java:84)
at org.openqa.selenium.support.ui.FluentWait.until(FluentWait.java:228)
at Repeatative_codes.Repeat.wait_for_theElement(Repeat.java:40)
at Locaters.Application_Locaters.Modal_Input_Feilds(Application_Locaters.java:224)
at Enterprise_Codeclouds.Project.Enterprise.Case_Appplications.Add_case(Case_Appplications.java:119)
at java.base/jdk.internal.reflect.DirectMethodHandleAccessor.invoke(DirectMethodHandleAccessor.java:103)
at java.base/java.lang.reflect.Method.invoke(Method.java:580)
at org.testng.internal.invokers.MethodInvocationHelper.invokeMethod(MethodInvocationHelper.java:141)
at org.testng.internal.invokers.TestInvoker.invokeMethod(TestInvoker.java:687)
at org.testng.internal.invokers.TestInvoker.invokeTestMethod(TestInvoker.java:230)
at org.testng.internal.invokers.MethodRunner.runInSequence(MethodRunner.java:63)
at org.testng.internal.invokers.TestInvoker$MethodInvocationAgent.invoke(TestInvoker.java:995)
at org.testng.internal.invokers.TestInvoker.invokeTestMethods(TestInvoker.java:203)
at org.testng.internal.invokers.TestMethodWorker.invokeTestMethods(TestMethodWorker.java:154)
at org.testng.internal.invokers.TestMethodWorker.run(TestMethodWorker.java:134)
at java.base/java.util.ArrayList.forEach(ArrayList.java:1596)
at org.testng.TestRunner.privateRun(TestRunner.java:741)
at org.testng.TestRunner.run(TestRunner.java:616)
at org.testng.SuiteRunner.runTest(SuiteRunner.java:421)
at org.testng.SuiteRunner.runSequentially(SuiteRunner.java:413)
at org.testng.SuiteRunner.privateRun(SuiteRunner.java:373)
at org.testng.SuiteRunner.run(SuiteRunner.java:312)
at org.testng.SuiteRunnerWorker.runSuite(SuiteRunnerWorker.java:52)
at org.testng.SuiteRunnerWorker.run(SuiteRunnerWorker.java:95)
at org.testng.TestNG.runSuitesSequentially(TestNG.java:1274)
at org.testng.TestNG.runSuitesLocally(TestNG.java:1208)
at org.testng.TestNG.runSuites(TestNG.java:1112)
at org.testng.TestNG.run(TestNG.java:1079)
at org.testng.remote.AbstractRemoteTestNG.run(AbstractRemoteTestNG.java:115)
at org.testng.remote.RemoteTestNG.initAndRun(RemoteTestNG.java:293)
at org.testng.remote.RemoteTestNG.main(RemoteTestNG.java:91)
]]>
    </failure>
  </testcase> <!-- Add_case -->
  <testcase classname="Enterprise_Codeclouds.Project.Enterprise.Case_Appplications" name="Add_case" time="73.747">
    <failure type="org.openqa.selenium.TimeoutException" message="Expected condition failed: waiting for visibility of all [[[[[ChromeDriver: chrome on windows (797677c7f166f669bcbf2f518f845188)] -&amp;gt; xpath: //*[@class=&amp;apos;ant-modal-body&amp;apos;]]] -&amp;gt; xpath: .//input], [[[[ChromeDriver: chrome on windows (797677c7f166f669bcbf2f518f845188)] -&amp;gt; xpath: //*[@class=&amp;apos;ant-modal-body&amp;apos;]]] -&amp;gt; xpath: .//input], [[[[ChromeDriver: chrome on windows (797677c7f166f669bcbf2f518f845188)] -&amp;gt; xpath: //*[@class=&amp;apos;ant-modal-body&amp;apos;]]] -&amp;gt; xpath: .//input], [[[[ChromeDriver: chrome on windows (797677c7f166f669bcbf2f518f845188)] -&amp;gt; xpath: //*[@class=&amp;apos;ant-modal-body&amp;apos;]]] -&amp;gt; xpath: .//input], [[[[ChromeDriver: chrome on windows (797677c7f166f669bcbf2f518f845188)] -&amp;gt; xpath: //*[@class=&amp;apos;ant-modal-body&amp;apos;]]] -&amp;gt; xpath: .//input], [[[[ChromeDriver: chrome on windows (797677c7f166f669bcbf2f518f845188)] -&amp;gt; xpath: //*[@class=&amp;apos;ant-modal-body&amp;apos;]]] -&amp;gt; xpath: .//input], [[[[ChromeDriver: chrome on windows (797677c7f166f669bcbf2f518f845188)] -&amp;gt; xpath: //*[@class=&amp;apos;ant-modal-body&amp;apos;]]] -&amp;gt; xpath: .//input], [[[[ChromeDriver: chrome on windows (797677c7f166f669bcbf2f518f845188)] -&amp;gt; xpath: //*[@class=&amp;apos;ant-modal-body&amp;apos;]]] -&amp;gt; xpath: .//input], [[[[ChromeDriver: chrome on windows (797677c7f166f669bcbf2f518f845188)] -&amp;gt; xpath: //*[@class=&amp;apos;ant-modal-body&amp;apos;]]] -&amp;gt; xpath: .//input], [[[[ChromeDriver: chrome on windows (797677c7f166f669bcbf2f518f845188)] -&amp;gt; xpath: //*[@class=&amp;apos;ant-modal-body&amp;apos;]]] -&amp;gt; xpath: .//input], [[[[ChromeDriver: chrome on windows (797677c7f166f669bcbf2f518f845188)] -&amp;gt; xpath: //*[@class=&amp;apos;ant-modal-body&amp;apos;]]] -&amp;gt; xpath: .//input], [[[[ChromeDriver: chrome on windows (797677c7f166f669bcbf2f518f845188)] -&amp;gt; xpath: //*[@class=&amp;apos;ant-modal-body&amp;apos;]]] -&amp;gt; xpath: .//input]] (tried for 10 second(s) with 500 milliseconds interval)
Build info: version: &amp;apos;4.33.0&amp;apos;, revision: &amp;apos;2c6aaad03a&amp;apos;
System info: os.name: &amp;apos;Windows 11&amp;apos;, os.arch: &amp;apos;amd64&amp;apos;, os.version: &amp;apos;10.0&amp;apos;, java.version: &amp;apos;21.0.9&amp;apos;
Driver info: org.openqa.selenium.chrome.ChromeDriver
Capabilities {acceptInsecureCerts: false, browserName: chrome, browserVersion: 143.0.7499.41, chrome: {chromedriverVersion: 143.0.7499.42 (24bdc8c48a0c..., userDataDir: C:\Users\CODECL~1\AppData\L...}, fedcm:accounts: true, goog:chromeOptions: {debuggerAddress: localhost:53489}, goog:processID: 2448, networkConnectionEnabled: false, pageLoadStrategy: normal, platformName: windows, proxy: Proxy(), se:cdp: ws://localhost:53489/devtoo..., se:cdpVersion: 143.0.7499.41, setWindowRect: true, strictFileInteractability: false, timeouts: {implicit: 0, pageLoad: 300000, script: 30000}, unhandledPromptBehavior: dismiss and notify, webauthn:extension:credBlob: true, webauthn:extension:largeBlob: true, webauthn:extension:minPinLength: true, webauthn:extension:prf: true, webauthn:virtualAuthenticators: true}
Session ID: 797677c7f166f669bcbf2f518f845188">
      <![CDATA[org.openqa.selenium.TimeoutException: Expected condition failed: waiting for visibility of all [[[[[ChromeDriver: chrome on windows (797677c7f166f669bcbf2f518f845188)] -> xpath: //*[@class='ant-modal-body']]] -> xpath: .//input], [[[[ChromeDriver: chrome on windows (797677c7f166f669bcbf2f518f845188)] -> xpath: //*[@class='ant-modal-body']]] -> xpath: .//input], [[[[ChromeDriver: chrome on windows (797677c7f166f669bcbf2f518f845188)] -> xpath: //*[@class='ant-modal-body']]] -> xpath: .//input], [[[[ChromeDriver: chrome on windows (797677c7f166f669bcbf2f518f845188)] -> xpath: //*[@class='ant-modal-body']]] -> xpath: .//input], [[[[ChromeDriver: chrome on windows (797677c7f166f669bcbf2f518f845188)] -> xpath: //*[@class='ant-modal-body']]] -> xpath: .//input], [[[[ChromeDriver: chrome on windows (797677c7f166f669bcbf2f518f845188)] -> xpath: //*[@class='ant-modal-body']]] -> xpath: .//input], [[[[ChromeDriver: chrome on windows (797677c7f166f669bcbf2f518f845188)] -> xpath: //*[@class='ant-modal-body']]] -> xpath: .//input], [[[[ChromeDriver: chrome on windows (797677c7f166f669bcbf2f518f845188)] -> xpath: //*[@class='ant-modal-body']]] -> xpath: .//input], [[[[ChromeDriver: chrome on windows (797677c7f166f669bcbf2f518f845188)] -> xpath: //*[@class='ant-modal-body']]] -> xpath: .//input], [[[[ChromeDriver: chrome on windows (797677c7f166f669bcbf2f518f845188)] -> xpath: //*[@class='ant-modal-body']]] -> xpath: .//input], [[[[ChromeDriver: chrome on windows (797677c7f166f669bcbf2f518f845188)] -> xpath: //*[@class='ant-modal-body']]] -> xpath: .//input], [[[[ChromeDriver: chrome on windows (797677c7f166f669bcbf2f518f845188)] -> xpath: //*[@class='ant-modal-body']]] -> xpath: .//input]] (tried for 10 second(s) with 500 milliseconds interval)
Build info: version: '4.33.0', revision: '2c6aaad03a'
System info: os.name: 'Windows 11', os.arch: 'amd64', os.version: '10.0', java.version: '21.0.9'
Driver info: org.openqa.selenium.chrome.ChromeDriver
Capabilities {acceptInsecureCerts: false, browserName: chrome, browserVersion: 143.0.7499.41, chrome: {chromedriverVersion: 143.0.7499.42 (24bdc8c48a0c..., userDataDir: C:\Users\CODECL~1\AppData\L...}, fedcm:accounts: true, goog:chromeOptions: {debuggerAddress: localhost:53489}, goog:processID: 2448, networkConnectionEnabled: false, pageLoadStrategy: normal, platformName: windows, proxy: Proxy(), se:cdp: ws://localhost:53489/devtoo..., se:cdpVersion: 143.0.7499.41, setWindowRect: true, strictFileInteractability: false, timeouts: {implicit: 0, pageLoad: 300000, script: 30000}, unhandledPromptBehavior: dismiss and notify, webauthn:extension:credBlob: true, webauthn:extension:largeBlob: true, webauthn:extension:minPinLength: true, webauthn:extension:prf: true, webauthn:virtualAuthenticators: true}
Session ID: 797677c7f166f669bcbf2f518f845188
at org.openqa.selenium.support.ui.WebDriverWait.timeoutException(WebDriverWait.java:84)
at org.openqa.selenium.support.ui.FluentWait.until(FluentWait.java:228)
at Repeatative_codes.Repeat.wait_for_theElement(Repeat.java:40)
at Locaters.Application_Locaters.Modal_Input_Feilds(Application_Locaters.java:224)
at Enterprise_Codeclouds.Project.Enterprise.Case_Appplications.Add_case(Case_Appplications.java:119)
at java.base/jdk.internal.reflect.DirectMethodHandleAccessor.invoke(DirectMethodHandleAccessor.java:103)
at java.base/java.lang.reflect.Method.invoke(Method.java:580)
at org.testng.internal.invokers.MethodInvocationHelper.invokeMethod(MethodInvocationHelper.java:141)
at org.testng.internal.invokers.TestInvoker.invokeMethod(TestInvoker.java:687)
at org.testng.internal.invokers.TestInvoker.invokeTestMethod(TestInvoker.java:230)
at org.testng.internal.invokers.MethodRunner.runInSequence(MethodRunner.java:63)
at org.testng.internal.invokers.TestInvoker$MethodInvocationAgent.invoke(TestInvoker.java:995)
at org.testng.internal.invokers.TestInvoker.invokeTestMethods(TestInvoker.java:203)
at org.testng.internal.invokers.TestMethodWorker.invokeTestMethods(TestMethodWorker.java:154)
at org.testng.internal.invokers.TestMethodWorker.run(TestMethodWorker.java:134)
at java.base/java.util.ArrayList.forEach(ArrayList.java:1596)
at org.testng.TestRunner.privateRun(TestRunner.java:741)
at org.testng.TestRunner.run(TestRunner.java:616)
at org.testng.SuiteRunner.runTest(SuiteRunner.java:421)
at org.testng.SuiteRunner.runSequentially(SuiteRunner.java:413)
at org.testng.SuiteRunner.privateRun(SuiteRunner.java:373)
at org.testng.SuiteRunner.run(SuiteRunner.java:312)
at org.testng.SuiteRunnerWorker.runSuite(SuiteRunnerWorker.java:52)
at org.testng.SuiteRunnerWorker.run(SuiteRunnerWorker.java:95)
at org.testng.TestNG.runSuitesSequentially(TestNG.java:1274)
at org.testng.TestNG.runSuitesLocally(TestNG.java:1208)
at org.testng.TestNG.runSuites(TestNG.java:1112)
at org.testng.TestNG.run(TestNG.java:1079)
at org.testng.remote.AbstractRemoteTestNG.run(AbstractRemoteTestNG.java:115)
at org.testng.remote.RemoteTestNG.initAndRun(RemoteTestNG.java:293)
at org.testng.remote.RemoteTestNG.main(RemoteTestNG.java:91)
]]>
    </failure>
  </testcase> <!-- Add_case -->
  <testcase classname="Enterprise_Codeclouds.Project.Enterprise.Case_Appplications" name="Add_case" time="57.876">
    <failure type="org.openqa.selenium.TimeoutException" message="Expected condition failed: waiting for visibility of all [[[[[ChromeDriver: chrome on windows (659ef632fab1d7c31d0048ecf9a94c96)] -&amp;gt; xpath: //*[@class=&amp;apos;ant-modal-body&amp;apos;]]] -&amp;gt; xpath: .//input], [[[[ChromeDriver: chrome on windows (659ef632fab1d7c31d0048ecf9a94c96)] -&amp;gt; xpath: //*[@class=&amp;apos;ant-modal-body&amp;apos;]]] -&amp;gt; xpath: .//input], [[[[ChromeDriver: chrome on windows (659ef632fab1d7c31d0048ecf9a94c96)] -&amp;gt; xpath: //*[@class=&amp;apos;ant-modal-body&amp;apos;]]] -&amp;gt; xpath: .//input], [[[[ChromeDriver: chrome on windows (659ef632fab1d7c31d0048ecf9a94c96)] -&amp;gt; xpath: //*[@class=&amp;apos;ant-modal-body&amp;apos;]]] -&amp;gt; xpath: .//input], [[[[ChromeDriver: chrome on windows (659ef632fab1d7c31d0048ecf9a94c96)] -&amp;gt; xpath: //*[@class=&amp;apos;ant-modal-body&amp;apos;]]] -&amp;gt; xpath: .//input], [[[[ChromeDriver: chrome on windows (659ef632fab1d7c31d0048ecf9a94c96)] -&amp;gt; xpath: //*[@class=&amp;apos;ant-modal-body&amp;apos;]]] -&amp;gt; xpath: .//input], [[[[ChromeDriver: chrome on windows (659ef632fab1d7c31d0048ecf9a94c96)] -&amp;gt; xpath: //*[@class=&amp;apos;ant-modal-body&amp;apos;]]] -&amp;gt; xpath: .//input], [[[[ChromeDriver: chrome on windows (659ef632fab1d7c31d0048ecf9a94c96)] -&amp;gt; xpath: //*[@class=&amp;apos;ant-modal-body&amp;apos;]]] -&amp;gt; xpath: .//input], [[[[ChromeDriver: chrome on windows (659ef632fab1d7c31d0048ecf9a94c96)] -&amp;gt; xpath: //*[@class=&amp;apos;ant-modal-body&amp;apos;]]] -&amp;gt; xpath: .//input], [[[[ChromeDriver: chrome on windows (659ef632fab1d7c31d0048ecf9a94c96)] -&amp;gt; xpath: //*[@class=&amp;apos;ant-modal-body&amp;apos;]]] -&amp;gt; xpath: .//input], [[[[ChromeDriver: chrome on windows (659ef632fab1d7c31d0048ecf9a94c96)] -&amp;gt; xpath: //*[@class=&amp;apos;ant-modal-body&amp;apos;]]] -&amp;gt; xpath: .//input], [[[[ChromeDriver: chrome on windows (659ef632fab1d7c31d0048ecf9a94c96)] -&amp;gt; xpath: //*[@class=&amp;apos;ant-modal-body&amp;apos;]]] -&amp;gt; xpath: .//input]] (tried for 10 second(s) with 500 milliseconds interval)
Build info: version: &amp;apos;4.33.0&amp;apos;, revision: &amp;apos;2c6aaad03a&amp;apos;
System info: os.name: &amp;apos;Windows 11&amp;apos;, os.arch: &amp;apos;amd64&amp;apos;, os.version: &amp;apos;10.0&amp;apos;, java.version: &amp;apos;21.0.9&amp;apos;
Driver info: org.openqa.selenium.chrome.ChromeDriver
Capabilities {acceptInsecureCerts: false, browserName: chrome, browserVersion: 143.0.7499.41, chrome: {chromedriverVersion: 143.0.7499.42 (24bdc8c48a0c..., userDataDir: C:\Users\CODECL~1\AppData\L...}, fedcm:accounts: true, goog:chromeOptions: {debuggerAddress: localhost:49581}, goog:processID: 1976, networkConnectionEnabled: false, pageLoadStrategy: normal, platformName: windows, proxy: Proxy(), se:cdp: ws://localhost:49581/devtoo..., se:cdpVersion: 143.0.7499.41, setWindowRect: true, strictFileInteractability: false, timeouts: {implicit: 0, pageLoad: 300000, script: 30000}, unhandledPromptBehavior: dismiss and notify, webauthn:extension:credBlob: true, webauthn:extension:largeBlob: true, webauthn:extension:minPinLength: true, webauthn:extension:prf: true, webauthn:virtualAuthenticators: true}
Session ID: 659ef632fab1d7c31d0048ecf9a94c96">
      <![CDATA[org.openqa.selenium.TimeoutException: Expected condition failed: waiting for visibility of all [[[[[ChromeDriver: chrome on windows (659ef632fab1d7c31d0048ecf9a94c96)] -> xpath: //*[@class='ant-modal-body']]] -> xpath: .//input], [[[[ChromeDriver: chrome on windows (659ef632fab1d7c31d0048ecf9a94c96)] -> xpath: //*[@class='ant-modal-body']]] -> xpath: .//input], [[[[ChromeDriver: chrome on windows (659ef632fab1d7c31d0048ecf9a94c96)] -> xpath: //*[@class='ant-modal-body']]] -> xpath: .//input], [[[[ChromeDriver: chrome on windows (659ef632fab1d7c31d0048ecf9a94c96)] -> xpath: //*[@class='ant-modal-body']]] -> xpath: .//input], [[[[ChromeDriver: chrome on windows (659ef632fab1d7c31d0048ecf9a94c96)] -> xpath: //*[@class='ant-modal-body']]] -> xpath: .//input], [[[[ChromeDriver: chrome on windows (659ef632fab1d7c31d0048ecf9a94c96)] -> xpath: //*[@class='ant-modal-body']]] -> xpath: .//input], [[[[ChromeDriver: chrome on windows (659ef632fab1d7c31d0048ecf9a94c96)] -> xpath: //*[@class='ant-modal-body']]] -> xpath: .//input], [[[[ChromeDriver: chrome on windows (659ef632fab1d7c31d0048ecf9a94c96)] -> xpath: //*[@class='ant-modal-body']]] -> xpath: .//input], [[[[ChromeDriver: chrome on windows (659ef632fab1d7c31d0048ecf9a94c96)] -> xpath: //*[@class='ant-modal-body']]] -> xpath: .//input], [[[[ChromeDriver: chrome on windows (659ef632fab1d7c31d0048ecf9a94c96)] -> xpath: //*[@class='ant-modal-body']]] -> xpath: .//input], [[[[ChromeDriver: chrome on windows (659ef632fab1d7c31d0048ecf9a94c96)] -> xpath: //*[@class='ant-modal-body']]] -> xpath: .//input], [[[[ChromeDriver: chrome on windows (659ef632fab1d7c31d0048ecf9a94c96)] -> xpath: //*[@class='ant-modal-body']]] -> xpath: .//input]] (tried for 10 second(s) with 500 milliseconds interval)
Build info: version: '4.33.0', revision: '2c6aaad03a'
System info: os.name: 'Windows 11', os.arch: 'amd64', os.version: '10.0', java.version: '21.0.9'
Driver info: org.openqa.selenium.chrome.ChromeDriver
Capabilities {acceptInsecureCerts: false, browserName: chrome, browserVersion: 143.0.7499.41, chrome: {chromedriverVersion: 143.0.7499.42 (24bdc8c48a0c..., userDataDir: C:\Users\CODECL~1\AppData\L...}, fedcm:accounts: true, goog:chromeOptions: {debuggerAddress: localhost:49581}, goog:processID: 1976, networkConnectionEnabled: false, pageLoadStrategy: normal, platformName: windows, proxy: Proxy(), se:cdp: ws://localhost:49581/devtoo..., se:cdpVersion: 143.0.7499.41, setWindowRect: true, strictFileInteractability: false, timeouts: {implicit: 0, pageLoad: 300000, script: 30000}, unhandledPromptBehavior: dismiss and notify, webauthn:extension:credBlob: true, webauthn:extension:largeBlob: true, webauthn:extension:minPinLength: true, webauthn:extension:prf: true, webauthn:virtualAuthenticators: true}
Session ID: 659ef632fab1d7c31d0048ecf9a94c96
at org.openqa.selenium.support.ui.WebDriverWait.timeoutException(WebDriverWait.java:84)
at org.openqa.selenium.support.ui.FluentWait.until(FluentWait.java:228)
at Repeatative_codes.Repeat.wait_for_theElement(Repeat.java:40)
at Locaters.Application_Locaters.Modal_Input_Feilds(Application_Locaters.java:224)
at Enterprise_Codeclouds.Project.Enterprise.Case_Appplications.Add_case(Case_Appplications.java:119)
at java.base/jdk.internal.reflect.DirectMethodHandleAccessor.invoke(DirectMethodHandleAccessor.java:103)
at java.base/java.lang.reflect.Method.invoke(Method.java:580)
at org.testng.internal.invokers.MethodInvocationHelper.invokeMethod(MethodInvocationHelper.java:141)
at org.testng.internal.invokers.TestInvoker.invokeMethod(TestInvoker.java:687)
at org.testng.internal.invokers.TestInvoker.invokeTestMethod(TestInvoker.java:230)
at org.testng.internal.invokers.MethodRunner.runInSequence(MethodRunner.java:63)
at org.testng.internal.invokers.TestInvoker$MethodInvocationAgent.invoke(TestInvoker.java:995)
at org.testng.internal.invokers.TestInvoker.invokeTestMethods(TestInvoker.java:203)
at org.testng.internal.invokers.TestMethodWorker.invokeTestMethods(TestMethodWorker.java:154)
at org.testng.internal.invokers.TestMethodWorker.run(TestMethodWorker.java:134)
at java.base/java.util.ArrayList.forEach(ArrayList.java:1596)
at org.testng.TestRunner.privateRun(TestRunner.java:741)
at org.testng.TestRunner.run(TestRunner.java:616)
at org.testng.SuiteRunner.runTest(SuiteRunner.java:421)
at org.testng.SuiteRunner.runSequentially(SuiteRunner.java:413)
at org.testng.SuiteRunner.privateRun(SuiteRunner.java:373)
at org.testng.SuiteRunner.run(SuiteRunner.java:312)
at org.testng.SuiteRunnerWorker.runSuite(SuiteRunnerWorker.java:52)
at org.testng.SuiteRunnerWorker.run(SuiteRunnerWorker.java:95)
at org.testng.TestNG.runSuitesSequentially(TestNG.java:1274)
at org.testng.TestNG.runSuitesLocally(TestNG.java:1208)
at org.testng.TestNG.runSuites(TestNG.java:1112)
at org.testng.TestNG.run(TestNG.java:1079)
at org.testng.remote.AbstractRemoteTestNG.run(AbstractRemoteTestNG.java:115)
at org.testng.remote.RemoteTestNG.initAndRun(RemoteTestNG.java:293)
at org.testng.remote.RemoteTestNG.main(RemoteTestNG.java:91)
]]>
    </failure>
  </testcase> <!-- Add_case -->
  <testcase classname="Enterprise_Codeclouds.Project.Enterprise.Case_Appplications" name="Add_case" time="98.81">
    <failure type="org.openqa.selenium.TimeoutException" message="Expected condition failed: waiting for visibility of all [[[[[ChromeDriver: chrome on windows (e0b9684e5d6529871f7b201f8a83c8b7)] -&amp;gt; xpath: //*[@class=&amp;apos;ant-modal-body&amp;apos;]]] -&amp;gt; xpath: .//input], [[[[ChromeDriver: chrome on windows (e0b9684e5d6529871f7b201f8a83c8b7)] -&amp;gt; xpath: //*[@class=&amp;apos;ant-modal-body&amp;apos;]]] -&amp;gt; xpath: .//input], [[[[ChromeDriver: chrome on windows (e0b9684e5d6529871f7b201f8a83c8b7)] -&amp;gt; xpath: //*[@class=&amp;apos;ant-modal-body&amp;apos;]]] -&amp;gt; xpath: .//input], [[[[ChromeDriver: chrome on windows (e0b9684e5d6529871f7b201f8a83c8b7)] -&amp;gt; xpath: //*[@class=&amp;apos;ant-modal-body&amp;apos;]]] -&amp;gt; xpath: .//input], [[[[ChromeDriver: chrome on windows (e0b9684e5d6529871f7b201f8a83c8b7)] -&amp;gt; xpath: //*[@class=&amp;apos;ant-modal-body&amp;apos;]]] -&amp;gt; xpath: .//input], [[[[ChromeDriver: chrome on windows (e0b9684e5d6529871f7b201f8a83c8b7)] -&amp;gt; xpath: //*[@class=&amp;apos;ant-modal-body&amp;apos;]]] -&amp;gt; xpath: .//input], [[[[ChromeDriver: chrome on windows (e0b9684e5d6529871f7b201f8a83c8b7)] -&amp;gt; xpath: //*[@class=&amp;apos;ant-modal-body&amp;apos;]]] -&amp;gt; xpath: .//input], [[[[ChromeDriver: chrome on windows (e0b9684e5d6529871f7b201f8a83c8b7)] -&amp;gt; xpath: //*[@class=&amp;apos;ant-modal-body&amp;apos;]]] -&amp;gt; xpath: .//input], [[[[ChromeDriver: chrome on windows (e0b9684e5d6529871f7b201f8a83c8b7)] -&amp;gt; xpath: //*[@class=&amp;apos;ant-modal-body&amp;apos;]]] -&amp;gt; xpath: .//input], [[[[ChromeDriver: chrome on windows (e0b9684e5d6529871f7b201f8a83c8b7)] -&amp;gt; xpath: //*[@class=&amp;apos;ant-modal-body&amp;apos;]]] -&amp;gt; xpath: .//input], [[[[ChromeDriver: chrome on windows (e0b9684e5d6529871f7b201f8a83c8b7)] -&amp;gt; xpath: //*[@class=&amp;apos;ant-modal-body&amp;apos;]]] -&amp;gt; xpath: .//input], [[[[ChromeDriver: chrome on windows (e0b9684e5d6529871f7b201f8a83c8b7)] -&amp;gt; xpath: //*[@class=&amp;apos;ant-modal-body&amp;apos;]]] -&amp;gt; xpath: .//input]] (tried for 10 second(s) with 500 milliseconds interval)
Build info: version: &amp;apos;4.33.0&amp;apos;, revision: &amp;apos;2c6aaad03a&amp;apos;
System info: os.name: &amp;apos;Windows 11&amp;apos;, os.arch: &amp;apos;amd64&amp;apos;, os.version: &amp;apos;10.0&amp;apos;, java.version: &amp;apos;21.0.9&amp;apos;
Driver info: org.openqa.selenium.chrome.ChromeDriver
Capabilities {acceptInsecureCerts: false, browserName: chrome, browserVersion: 143.0.7499.41, chrome: {chromedriverVersion: 143.0.7499.42 (24bdc8c48a0c..., userDataDir: C:\Users\CODECL~1\AppData\L...}, fedcm:accounts: true, goog:chromeOptions: {debuggerAddress: localhost:50085}, goog:processID: 21088, networkConnectionEnabled: false, pageLoadStrategy: normal, platformName: windows, proxy: Proxy(), se:cdp: ws://localhost:50085/devtoo..., se:cdpVersion: 143.0.7499.41, setWindowRect: true, strictFileInteractability: false, timeouts: {implicit: 0, pageLoad: 300000, script: 30000}, unhandledPromptBehavior: dismiss and notify, webauthn:extension:credBlob: true, webauthn:extension:largeBlob: true, webauthn:extension:minPinLength: true, webauthn:extension:prf: true, webauthn:virtualAuthenticators: true}
Session ID: e0b9684e5d6529871f7b201f8a83c8b7">
      <![CDATA[org.openqa.selenium.TimeoutException: Expected condition failed: waiting for visibility of all [[[[[ChromeDriver: chrome on windows (e0b9684e5d6529871f7b201f8a83c8b7)] -> xpath: //*[@class='ant-modal-body']]] -> xpath: .//input], [[[[ChromeDriver: chrome on windows (e0b9684e5d6529871f7b201f8a83c8b7)] -> xpath: //*[@class='ant-modal-body']]] -> xpath: .//input], [[[[ChromeDriver: chrome on windows (e0b9684e5d6529871f7b201f8a83c8b7)] -> xpath: //*[@class='ant-modal-body']]] -> xpath: .//input], [[[[ChromeDriver: chrome on windows (e0b9684e5d6529871f7b201f8a83c8b7)] -> xpath: //*[@class='ant-modal-body']]] -> xpath: .//input], [[[[ChromeDriver: chrome on windows (e0b9684e5d6529871f7b201f8a83c8b7)] -> xpath: //*[@class='ant-modal-body']]] -> xpath: .//input], [[[[ChromeDriver: chrome on windows (e0b9684e5d6529871f7b201f8a83c8b7)] -> xpath: //*[@class='ant-modal-body']]] -> xpath: .//input], [[[[ChromeDriver: chrome on windows (e0b9684e5d6529871f7b201f8a83c8b7)] -> xpath: //*[@class='ant-modal-body']]] -> xpath: .//input], [[[[ChromeDriver: chrome on windows (e0b9684e5d6529871f7b201f8a83c8b7)] -> xpath: //*[@class='ant-modal-body']]] -> xpath: .//input], [[[[ChromeDriver: chrome on windows (e0b9684e5d6529871f7b201f8a83c8b7)] -> xpath: //*[@class='ant-modal-body']]] -> xpath: .//input], [[[[ChromeDriver: chrome on windows (e0b9684e5d6529871f7b201f8a83c8b7)] -> xpath: //*[@class='ant-modal-body']]] -> xpath: .//input], [[[[ChromeDriver: chrome on windows (e0b9684e5d6529871f7b201f8a83c8b7)] -> xpath: //*[@class='ant-modal-body']]] -> xpath: .//input], [[[[ChromeDriver: chrome on windows (e0b9684e5d6529871f7b201f8a83c8b7)] -> xpath: //*[@class='ant-modal-body']]] -> xpath: .//input]] (tried for 10 second(s) with 500 milliseconds interval)
Build info: version: '4.33.0', revision: '2c6aaad03a'
System info: os.name: 'Windows 11', os.arch: 'amd64', os.version: '10.0', java.version: '21.0.9'
Driver info: org.openqa.selenium.chrome.ChromeDriver
Capabilities {acceptInsecureCerts: false, browserName: chrome, browserVersion: 143.0.7499.41, chrome: {chromedriverVersion: 143.0.7499.42 (24bdc8c48a0c..., userDataDir: C:\Users\CODECL~1\AppData\L...}, fedcm:accounts: true, goog:chromeOptions: {debuggerAddress: localhost:50085}, goog:processID: 21088, networkConnectionEnabled: false, pageLoadStrategy: normal, platformName: windows, proxy: Proxy(), se:cdp: ws://localhost:50085/devtoo..., se:cdpVersion: 143.0.7499.41, setWindowRect: true, strictFileInteractability: false, timeouts: {implicit: 0, pageLoad: 300000, script: 30000}, unhandledPromptBehavior: dismiss and notify, webauthn:extension:credBlob: true, webauthn:extension:largeBlob: true, webauthn:extension:minPinLength: true, webauthn:extension:prf: true, webauthn:virtualAuthenticators: true}
Session ID: e0b9684e5d6529871f7b201f8a83c8b7
at org.openqa.selenium.support.ui.WebDriverWait.timeoutException(WebDriverWait.java:84)
at org.openqa.selenium.support.ui.FluentWait.until(FluentWait.java:228)
at Repeatative_codes.Repeat.wait_for_theElement(Repeat.java:40)
at Locaters.Application_Locaters.Modal_Input_Feilds(Application_Locaters.java:224)
at Enterprise_Codeclouds.Project.Enterprise.Case_Appplications.Add_case(Case_Appplications.java:119)
at java.base/jdk.internal.reflect.DirectMethodHandleAccessor.invoke(DirectMethodHandleAccessor.java:103)
at java.base/java.lang.reflect.Method.invoke(Method.java:580)
at org.testng.internal.invokers.MethodInvocationHelper.invokeMethod(MethodInvocationHelper.java:141)
at org.testng.internal.invokers.TestInvoker.invokeMethod(TestInvoker.java:687)
at org.testng.internal.invokers.TestInvoker.invokeTestMethod(TestInvoker.java:230)
at org.testng.internal.invokers.MethodRunner.runInSequence(MethodRunner.java:63)
at org.testng.internal.invokers.TestInvoker$MethodInvocationAgent.invoke(TestInvoker.java:995)
at org.testng.internal.invokers.TestInvoker.invokeTestMethods(TestInvoker.java:203)
at org.testng.internal.invokers.TestMethodWorker.invokeTestMethods(TestMethodWorker.java:154)
at org.testng.internal.invokers.TestMethodWorker.run(TestMethodWorker.java:134)
at java.base/java.util.ArrayList.forEach(ArrayList.java:1596)
at org.testng.TestRunner.privateRun(TestRunner.java:741)
at org.testng.TestRunner.run(TestRunner.java:616)
at org.testng.SuiteRunner.runTest(SuiteRunner.java:421)
at org.testng.SuiteRunner.runSequentially(SuiteRunner.java:413)
at org.testng.SuiteRunner.privateRun(SuiteRunner.java:373)
at org.testng.SuiteRunner.run(SuiteRunner.java:312)
at org.testng.SuiteRunnerWorker.runSuite(SuiteRunnerWorker.java:52)
at org.testng.SuiteRunnerWorker.run(SuiteRunnerWorker.java:95)
at org.testng.TestNG.runSuitesSequentially(TestNG.java:1274)
at org.testng.TestNG.runSuitesLocally(TestNG.java:1208)
at org.testng.TestNG.runSuites(TestNG.java:1112)
at org.testng.TestNG.run(TestNG.java:1079)
at org.testng.remote.AbstractRemoteTestNG.run(AbstractRemoteTestNG.java:115)
at org.testng.remote.RemoteTestNG.initAndRun(RemoteTestNG.java:293)
at org.testng.remote.RemoteTestNG.main(RemoteTestNG.java:91)
]]>
    </failure>
  </testcase> <!-- Add_case -->
  <testcase classname="Enterprise_Codeclouds.Project.Enterprise.Case_Appplications" name="Add_case" time="66.154">
    <failure type="org.openqa.selenium.TimeoutException" message="Expected condition failed: waiting for visibility of all [[[[[ChromeDriver: chrome on windows (b4ed17f003f710c9b90a505d54b8a2ca)] -&amp;gt; xpath: //*[@class=&amp;apos;ant-modal-body&amp;apos;]]] -&amp;gt; xpath: .//input], [[[[ChromeDriver: chrome on windows (b4ed17f003f710c9b90a505d54b8a2ca)] -&amp;gt; xpath: //*[@class=&amp;apos;ant-modal-body&amp;apos;]]] -&amp;gt; xpath: .//input], [[[[ChromeDriver: chrome on windows (b4ed17f003f710c9b90a505d54b8a2ca)] -&amp;gt; xpath: //*[@class=&amp;apos;ant-modal-body&amp;apos;]]] -&amp;gt; xpath: .//input], [[[[ChromeDriver: chrome on windows (b4ed17f003f710c9b90a505d54b8a2ca)] -&amp;gt; xpath: //*[@class=&amp;apos;ant-modal-body&amp;apos;]]] -&amp;gt; xpath: .//input], [[[[ChromeDriver: chrome on windows (b4ed17f003f710c9b90a505d54b8a2ca)] -&amp;gt; xpath: //*[@class=&amp;apos;ant-modal-body&amp;apos;]]] -&amp;gt; xpath: .//input], [[[[ChromeDriver: chrome on windows (b4ed17f003f710c9b90a505d54b8a2ca)] -&amp;gt; xpath: //*[@class=&amp;apos;ant-modal-body&amp;apos;]]] -&amp;gt; xpath: .//input], [[[[ChromeDriver: chrome on windows (b4ed17f003f710c9b90a505d54b8a2ca)] -&amp;gt; xpath: //*[@class=&amp;apos;ant-modal-body&amp;apos;]]] -&amp;gt; xpath: .//input], [[[[ChromeDriver: chrome on windows (b4ed17f003f710c9b90a505d54b8a2ca)] -&amp;gt; xpath: //*[@class=&amp;apos;ant-modal-body&amp;apos;]]] -&amp;gt; xpath: .//input], [[[[ChromeDriver: chrome on windows (b4ed17f003f710c9b90a505d54b8a2ca)] -&amp;gt; xpath: //*[@class=&amp;apos;ant-modal-body&amp;apos;]]] -&amp;gt; xpath: .//input], [[[[ChromeDriver: chrome on windows (b4ed17f003f710c9b90a505d54b8a2ca)] -&amp;gt; xpath: //*[@class=&amp;apos;ant-modal-body&amp;apos;]]] -&amp;gt; xpath: .//input], [[[[ChromeDriver: chrome on windows (b4ed17f003f710c9b90a505d54b8a2ca)] -&amp;gt; xpath: //*[@class=&amp;apos;ant-modal-body&amp;apos;]]] -&amp;gt; xpath: .//input]] (tried for 10 second(s) with 500 milliseconds interval)
Build info: version: &amp;apos;4.33.0&amp;apos;, revision: &amp;apos;2c6aaad03a&amp;apos;
System info: os.name: &amp;apos;Windows 11&amp;apos;, os.arch: &amp;apos;amd64&amp;apos;, os.version: &amp;apos;10.0&amp;apos;, java.version: &amp;apos;21.0.9&amp;apos;
Driver info: org.openqa.selenium.chrome.ChromeDriver
Capabilities {acceptInsecureCerts: false, browserName: chrome, browserVersion: 143.0.7499.41, chrome: {chromedriverVersion: 143.0.7499.42 (24bdc8c48a0c..., userDataDir: C:\Users\CODECL~1\AppData\L...}, fedcm:accounts: true, goog:chromeOptions: {debuggerAddress: localhost:50710}, goog:processID: 21128, networkConnectionEnabled: false, pageLoadStrategy: normal, platformName: windows, proxy: Proxy(), se:cdp: ws://localhost:50710/devtoo..., se:cdpVersion: 143.0.7499.41, setWindowRect: true, strictFileInteractability: false, timeouts: {implicit: 0, pageLoad: 300000, script: 30000}, unhandledPromptBehavior: dismiss and notify, webauthn:extension:credBlob: true, webauthn:extension:largeBlob: true, webauthn:extension:minPinLength: true, webauthn:extension:prf: true, webauthn:virtualAuthenticators: true}
Session ID: b4ed17f003f710c9b90a505d54b8a2ca">
      <![CDATA[org.openqa.selenium.TimeoutException: Expected condition failed: waiting for visibility of all [[[[[ChromeDriver: chrome on windows (b4ed17f003f710c9b90a505d54b8a2ca)] -> xpath: //*[@class='ant-modal-body']]] -> xpath: .//input], [[[[ChromeDriver: chrome on windows (b4ed17f003f710c9b90a505d54b8a2ca)] -> xpath: //*[@class='ant-modal-body']]] -> xpath: .//input], [[[[ChromeDriver: chrome on windows (b4ed17f003f710c9b90a505d54b8a2ca)] -> xpath: //*[@class='ant-modal-body']]] -> xpath: .//input], [[[[ChromeDriver: chrome on windows (b4ed17f003f710c9b90a505d54b8a2ca)] -> xpath: //*[@class='ant-modal-body']]] -> xpath: .//input], [[[[ChromeDriver: chrome on windows (b4ed17f003f710c9b90a505d54b8a2ca)] -> xpath: //*[@class='ant-modal-body']]] -> xpath: .//input], [[[[ChromeDriver: chrome on windows (b4ed17f003f710c9b90a505d54b8a2ca)] -> xpath: //*[@class='ant-modal-body']]] -> xpath: .//input], [[[[ChromeDriver: chrome on windows (b4ed17f003f710c9b90a505d54b8a2ca)] -> xpath: //*[@class='ant-modal-body']]] -> xpath: .//input], [[[[ChromeDriver: chrome on windows (b4ed17f003f710c9b90a505d54b8a2ca)] -> xpath: //*[@class='ant-modal-body']]] -> xpath: .//input], [[[[ChromeDriver: chrome on windows (b4ed17f003f710c9b90a505d54b8a2ca)] -> xpath: //*[@class='ant-modal-body']]] -> xpath: .//input], [[[[ChromeDriver: chrome on windows (b4ed17f003f710c9b90a505d54b8a2ca)] -> xpath: //*[@class='ant-modal-body']]] -> xpath: .//input], [[[[ChromeDriver: chrome on windows (b4ed17f003f710c9b90a505d54b8a2ca)] -> xpath: //*[@class='ant-modal-body']]] -> xpath: .//input]] (tried for 10 second(s) with 500 milliseconds interval)
Build info: version: '4.33.0', revision: '2c6aaad03a'
System info: os.name: 'Windows 11', os.arch: 'amd64', os.version: '10.0', java.version: '21.0.9'
Driver info: org.openqa.selenium.chrome.ChromeDriver
Capabilities {acceptInsecureCerts: false, browserName: chrome, browserVersion: 143.0.7499.41, chrome: {chromedriverVersion: 143.0.7499.42 (24bdc8c48a0c..., userDataDir: C:\Users\CODECL~1\AppData\L...}, fedcm:accounts: true, goog:chromeOptions: {debuggerAddress: localhost:50710}, goog:processID: 21128, networkConnectionEnabled: false, pageLoadStrategy: normal, platformName: windows, proxy: Proxy(), se:cdp: ws://localhost:50710/devtoo..., se:cdpVersion: 143.0.7499.41, setWindowRect: true, strictFileInteractability: false, timeouts: {implicit: 0, pageLoad: 300000, script: 30000}, unhandledPromptBehavior: dismiss and notify, webauthn:extension:credBlob: true, webauthn:extension:largeBlob: true, webauthn:extension:minPinLength: true, webauthn:extension:prf: true, webauthn:virtualAuthenticators: true}
Session ID: b4ed17f003f710c9b90a505d54b8a2ca
at org.openqa.selenium.support.ui.WebDriverWait.timeoutException(WebDriverWait.java:84)
at org.openqa.selenium.support.ui.FluentWait.until(FluentWait.java:228)
at Repeatative_codes.Repeat.wait_for_theElement(Repeat.java:40)
at Locaters.Application_Locaters.Modal_Input_Feilds(Application_Locaters.java:224)
at Enterprise_Codeclouds.Project.Enterprise.Case_Appplications.Add_case(Case_Appplications.java:119)
at java.base/jdk.internal.reflect.DirectMethodHandleAccessor.invoke(DirectMethodHandleAccessor.java:103)
at java.base/java.lang.reflect.Method.invoke(Method.java:580)
at org.testng.internal.invokers.MethodInvocationHelper.invokeMethod(MethodInvocationHelper.java:141)
at org.testng.internal.invokers.TestInvoker.invokeMethod(TestInvoker.java:687)
at org.testng.internal.invokers.TestInvoker.invokeTestMethod(TestInvoker.java:230)
at org.testng.internal.invokers.MethodRunner.runInSequence(MethodRunner.java:63)
at org.testng.internal.invokers.TestInvoker$MethodInvocationAgent.invoke(TestInvoker.java:995)
at org.testng.internal.invokers.TestInvoker.invokeTestMethods(TestInvoker.java:203)
at org.testng.internal.invokers.TestMethodWorker.invokeTestMethods(TestMethodWorker.java:154)
at org.testng.internal.invokers.TestMethodWorker.run(TestMethodWorker.java:134)
at java.base/java.util.ArrayList.forEach(ArrayList.java:1596)
at org.testng.TestRunner.privateRun(TestRunner.java:741)
at org.testng.TestRunner.run(TestRunner.java:616)
at org.testng.SuiteRunner.runTest(SuiteRunner.java:421)
at org.testng.SuiteRunner.runSequentially(SuiteRunner.java:413)
at org.testng.SuiteRunner.privateRun(SuiteRunner.java:373)
at org.testng.SuiteRunner.run(SuiteRunner.java:312)
at org.testng.SuiteRunnerWorker.runSuite(SuiteRunnerWorker.java:52)
at org.testng.SuiteRunnerWorker.run(SuiteRunnerWorker.java:95)
at org.testng.TestNG.runSuitesSequentially(TestNG.java:1274)
at org.testng.TestNG.runSuitesLocally(TestNG.java:1208)
at org.testng.TestNG.runSuites(TestNG.java:1112)
at org.testng.TestNG.run(TestNG.java:1079)
at org.testng.remote.AbstractRemoteTestNG.run(AbstractRemoteTestNG.java:115)
at org.testng.remote.RemoteTestNG.initAndRun(RemoteTestNG.java:293)
at org.testng.remote.RemoteTestNG.main(RemoteTestNG.java:91)
]]>
    </failure>
  </testcase> <!-- Add_case -->
  <testcase classname="Enterprise_Codeclouds.Project.Enterprise.Case_Appplications" name="Add_case" time="108.01">
    <failure type="org.openqa.selenium.TimeoutException" message="Expected condition failed: waiting for visibility of all [[[[[ChromeDriver: chrome on windows (108ace7a992b5828bb117bfadea21f8c)] -&amp;gt; xpath: //*[@class=&amp;apos;ant-modal-body&amp;apos;]]] -&amp;gt; xpath: .//input], [[[[ChromeDriver: chrome on windows (108ace7a992b5828bb117bfadea21f8c)] -&amp;gt; xpath: //*[@class=&amp;apos;ant-modal-body&amp;apos;]]] -&amp;gt; xpath: .//input], [[[[ChromeDriver: chrome on windows (108ace7a992b5828bb117bfadea21f8c)] -&amp;gt; xpath: //*[@class=&amp;apos;ant-modal-body&amp;apos;]]] -&amp;gt; xpath: .//input], [[[[ChromeDriver: chrome on windows (108ace7a992b5828bb117bfadea21f8c)] -&amp;gt; xpath: //*[@class=&amp;apos;ant-modal-body&amp;apos;]]] -&amp;gt; xpath: .//input], [[[[ChromeDriver: chrome on windows (108ace7a992b5828bb117bfadea21f8c)] -&amp;gt; xpath: //*[@class=&amp;apos;ant-modal-body&amp;apos;]]] -&amp;gt; xpath: .//input], [[[[ChromeDriver: chrome on windows (108ace7a992b5828bb117bfadea21f8c)] -&amp;gt; xpath: //*[@class=&amp;apos;ant-modal-body&amp;apos;]]] -&amp;gt; xpath: .//input], [[[[ChromeDriver: chrome on windows (108ace7a992b5828bb117bfadea21f8c)] -&amp;gt; xpath: //*[@class=&amp;apos;ant-modal-body&amp;apos;]]] -&amp;gt; xpath: .//input], [[[[ChromeDriver: chrome on windows (108ace7a992b5828bb117bfadea21f8c)] -&amp;gt; xpath: //*[@class=&amp;apos;ant-modal-body&amp;apos;]]] -&amp;gt; xpath: .//input], [[[[ChromeDriver: chrome on windows (108ace7a992b5828bb117bfadea21f8c)] -&amp;gt; xpath: //*[@class=&amp;apos;ant-modal-body&amp;apos;]]] -&amp;gt; xpath: .//input], [[[[ChromeDriver: chrome on windows (108ace7a992b5828bb117bfadea21f8c)] -&amp;gt; xpath: //*[@class=&amp;apos;ant-modal-body&amp;apos;]]] -&amp;gt; xpath: .//input], [[[[ChromeDriver: chrome on windows (108ace7a992b5828bb117bfadea21f8c)] -&amp;gt; xpath: //*[@class=&amp;apos;ant-modal-body&amp;apos;]]] -&amp;gt; xpath: .//input], [[[[ChromeDriver: chrome on windows (108ace7a992b5828bb117bfadea21f8c)] -&amp;gt; xpath: //*[@class=&amp;apos;ant-modal-body&amp;apos;]]] -&amp;gt; xpath: .//input]] (tried for 10 second(s) with 500 milliseconds interval)
Build info: version: &amp;apos;4.33.0&amp;apos;, revision: &amp;apos;2c6aaad03a&amp;apos;
System info: os.name: &amp;apos;Windows 11&amp;apos;, os.arch: &amp;apos;amd64&amp;apos;, os.version: &amp;apos;10.0&amp;apos;, java.version: &amp;apos;21.0.9&amp;apos;
Driver info: org.openqa.selenium.chrome.ChromeDriver
Capabilities {acceptInsecureCerts: false, browserName: chrome, browserVersion: 143.0.7499.41, chrome: {chromedriverVersion: 143.0.7499.42 (24bdc8c48a0c..., userDataDir: C:\Users\CODECL~1\AppData\L...}, fedcm:accounts: true, goog:chromeOptions: {debuggerAddress: localhost:50971}, goog:processID: 21444, networkConnectionEnabled: false, pageLoadStrategy: normal, platformName: windows, proxy: Proxy(), se:cdp: ws://localhost:50971/devtoo..., se:cdpVersion: 143.0.7499.41, setWindowRect: true, strictFileInteractability: false, timeouts: {implicit: 0, pageLoad: 300000, script: 30000}, unhandledPromptBehavior: dismiss and notify, webauthn:extension:credBlob: true, webauthn:extension:largeBlob: true, webauthn:extension:minPinLength: true, webauthn:extension:prf: true, webauthn:virtualAuthenticators: true}
Session ID: 108ace7a992b5828bb117bfadea21f8c">
      <![CDATA[org.openqa.selenium.TimeoutException: Expected condition failed: waiting for visibility of all [[[[[ChromeDriver: chrome on windows (108ace7a992b5828bb117bfadea21f8c)] -> xpath: //*[@class='ant-modal-body']]] -> xpath: .//input], [[[[ChromeDriver: chrome on windows (108ace7a992b5828bb117bfadea21f8c)] -> xpath: //*[@class='ant-modal-body']]] -> xpath: .//input], [[[[ChromeDriver: chrome on windows (108ace7a992b5828bb117bfadea21f8c)] -> xpath: //*[@class='ant-modal-body']]] -> xpath: .//input], [[[[ChromeDriver: chrome on windows (108ace7a992b5828bb117bfadea21f8c)] -> xpath: //*[@class='ant-modal-body']]] -> xpath: .//input], [[[[ChromeDriver: chrome on windows (108ace7a992b5828bb117bfadea21f8c)] -> xpath: //*[@class='ant-modal-body']]] -> xpath: .//input], [[[[ChromeDriver: chrome on windows (108ace7a992b5828bb117bfadea21f8c)] -> xpath: //*[@class='ant-modal-body']]] -> xpath: .//input], [[[[ChromeDriver: chrome on windows (108ace7a992b5828bb117bfadea21f8c)] -> xpath: //*[@class='ant-modal-body']]] -> xpath: .//input], [[[[ChromeDriver: chrome on windows (108ace7a992b5828bb117bfadea21f8c)] -> xpath: //*[@class='ant-modal-body']]] -> xpath: .//input], [[[[ChromeDriver: chrome on windows (108ace7a992b5828bb117bfadea21f8c)] -> xpath: //*[@class='ant-modal-body']]] -> xpath: .//input], [[[[ChromeDriver: chrome on windows (108ace7a992b5828bb117bfadea21f8c)] -> xpath: //*[@class='ant-modal-body']]] -> xpath: .//input], [[[[ChromeDriver: chrome on windows (108ace7a992b5828bb117bfadea21f8c)] -> xpath: //*[@class='ant-modal-body']]] -> xpath: .//input], [[[[ChromeDriver: chrome on windows (108ace7a992b5828bb117bfadea21f8c)] -> xpath: //*[@class='ant-modal-body']]] -> xpath: .//input]] (tried for 10 second(s) with 500 milliseconds interval)
Build info: version: '4.33.0', revision: '2c6aaad03a'
System info: os.name: 'Windows 11', os.arch: 'amd64', os.version: '10.0', java.version: '21.0.9'
Driver info: org.openqa.selenium.chrome.ChromeDriver
Capabilities {acceptInsecureCerts: false, browserName: chrome, browserVersion: 143.0.7499.41, chrome: {chromedriverVersion: 143.0.7499.42 (24bdc8c48a0c..., userDataDir: C:\Users\CODECL~1\AppData\L...}, fedcm:accounts: true, goog:chromeOptions: {debuggerAddress: localhost:50971}, goog:processID: 21444, networkConnectionEnabled: false, pageLoadStrategy: normal, platformName: windows, proxy: Proxy(), se:cdp: ws://localhost:50971/devtoo..., se:cdpVersion: 143.0.7499.41, setWindowRect: true, strictFileInteractability: false, timeouts: {implicit: 0, pageLoad: 300000, script: 30000}, unhandledPromptBehavior: dismiss and notify, webauthn:extension:credBlob: true, webauthn:extension:largeBlob: true, webauthn:extension:minPinLength: true, webauthn:extension:prf: true, webauthn:virtualAuthenticators: true}
Session ID: 108ace7a992b5828bb117bfadea21f8c
at org.openqa.selenium.support.ui.WebDriverWait.timeoutException(WebDriverWait.java:84)
at org.openqa.selenium.support.ui.FluentWait.until(FluentWait.java:228)
at Repeatative_codes.Repeat.wait_for_theElement(Repeat.java:40)
at Locaters.Application_Locaters.Modal_Input_Feilds(Application_Locaters.java:224)
at Enterprise_Codeclouds.Project.Enterprise.Case_Appplications.Add_case(Case_Appplications.java:119)
at java.base/jdk.internal.reflect.DirectMethodHandleAccessor.invoke(DirectMethodHandleAccessor.java:103)
at java.base/java.lang.reflect.Method.invoke(Method.java:580)
at org.testng.internal.invokers.MethodInvocationHelper.invokeMethod(MethodInvocationHelper.java:141)
at org.testng.internal.invokers.TestInvoker.invokeMethod(TestInvoker.java:687)
at org.testng.internal.invokers.TestInvoker.invokeTestMethod(TestInvoker.java:230)
at org.testng.internal.invokers.MethodRunner.runInSequence(MethodRunner.java:63)
at org.testng.internal.invokers.TestInvoker$MethodInvocationAgent.invoke(TestInvoker.java:995)
at org.testng.internal.invokers.TestInvoker.invokeTestMethods(TestInvoker.java:203)
at org.testng.internal.invokers.TestMethodWorker.invokeTestMethods(TestMethodWorker.java:154)
at org.testng.internal.invokers.TestMethodWorker.run(TestMethodWorker.java:134)
at java.base/java.util.ArrayList.forEach(ArrayList.java:1596)
at org.testng.TestRunner.privateRun(TestRunner.java:741)
at org.testng.TestRunner.run(TestRunner.java:616)
at org.testng.SuiteRunner.runTest(SuiteRunner.java:421)
at org.testng.SuiteRunner.runSequentially(SuiteRunner.java:413)
at org.testng.SuiteRunner.privateRun(SuiteRunner.java:373)
at org.testng.SuiteRunner.run(SuiteRunner.java:312)
at org.testng.SuiteRunnerWorker.runSuite(SuiteRunnerWorker.java:52)
at org.testng.SuiteRunnerWorker.run(SuiteRunnerWorker.java:95)
at org.testng.TestNG.runSuitesSequentially(TestNG.java:1274)
at org.testng.TestNG.runSuitesLocally(TestNG.java:1208)
at org.testng.TestNG.runSuites(TestNG.java:1112)
at org.testng.TestNG.run(TestNG.java:1079)
at org.testng.remote.AbstractRemoteTestNG.run(AbstractRemoteTestNG.java:115)
at org.testng.remote.RemoteTestNG.initAndRun(RemoteTestNG.java:293)
at org.testng.remote.RemoteTestNG.main(RemoteTestNG.java:91)
]]>
    </failure>
  </testcase> <!-- Add_case -->
  <testcase classname="Enterprise_Codeclouds.Project.Enterprise.Case_Appplications" name="Add_case" time="44.374">
    <failure type="java.lang.RuntimeException" message="Element list is null or empty. Check the locator or timing.">
      <![CDATA[java.lang.RuntimeException: Element list is null or empty. Check the locator or timing.
at Repeatative_codes.Repeat.wait_for_theElement(Repeat.java:37)
at Locaters.Application_Locaters.Application_amount_edit_buttons(Application_Locaters.java:220)
at Enterprise_Codeclouds.Project.Enterprise.Case_Appplications.Add_case(Case_Appplications.java:105)
at java.base/jdk.internal.reflect.DirectMethodHandleAccessor.invoke(DirectMethodHandleAccessor.java:103)
at java.base/java.lang.reflect.Method.invoke(Method.java:580)
at org.testng.internal.invokers.MethodInvocationHelper.invokeMethod(MethodInvocationHelper.java:141)
at org.testng.internal.invokers.TestInvoker.invokeMethod(TestInvoker.java:687)
at org.testng.internal.invokers.TestInvoker.invokeTestMethod(TestInvoker.java:230)
at org.testng.internal.invokers.MethodRunner.runInSequence(MethodRunner.java:63)
at org.testng.internal.invokers.TestInvoker$MethodInvocationAgent.invoke(TestInvoker.java:995)
at org.testng.internal.invokers.TestInvoker.invokeTestMethods(TestInvoker.java:203)
at org.testng.internal.invokers.TestMethodWorker.invokeTestMethods(TestMethodWorker.java:154)
at org.testng.internal.invokers.TestMethodWorker.run(TestMethodWorker.java:134)
at java.base/java.util.ArrayList.forEach(ArrayList.java:1596)
at org.testng.TestRunner.privateRun(TestRunner.java:741)
at org.testng.TestRunner.run(TestRunner.java:616)
at org.testng.SuiteRunner.runTest(SuiteRunner.java:421)
at org.testng.SuiteRunner.runSequentially(SuiteRunner.java:413)
at org.testng.SuiteRunner.privateRun(SuiteRunner.java:373)
at org.testng.SuiteRunner.run(SuiteRunner.java:312)
at org.testng.SuiteRunnerWorker.runSuite(SuiteRunnerWorker.java:52)
at org.testng.SuiteRunnerWorker.run(SuiteRunnerWorker.java:95)
at org.testng.TestNG.runSuitesSequentially(TestNG.java:1274)
at org.testng.TestNG.runSuitesLocally(TestNG.java:1208)
at org.testng.TestNG.runSuites(TestNG.java:1112)
at org.testng.TestNG.run(TestNG.java:1079)
at org.testng.remote.AbstractRemoteTestNG.run(AbstractRemoteTestNG.java:115)
at org.testng.remote.RemoteTestNG.initAndRun(RemoteTestNG.java:293)
at org.testng.remote.RemoteTestNG.main(RemoteTestNG.java:91)
]]>
    </failure>
  </testcase> <!-- Add_case -->
  <testcase classname="Enterprise_Codeclouds.Project.Enterprise.Case_Appplications" name="Add_case" time="66.184">
    <failure type="org.openqa.selenium.TimeoutException" message="Expected condition failed: waiting for visibility of all [[[[[ChromeDriver: chrome on windows (1ee33d97fd6b43349648e13379c8071f)] -&amp;gt; xpath: //*[@class=&amp;apos;ant-modal-body&amp;apos;]]] -&amp;gt; xpath: .//input], [[[[ChromeDriver: chrome on windows (1ee33d97fd6b43349648e13379c8071f)] -&amp;gt; xpath: //*[@class=&amp;apos;ant-modal-body&amp;apos;]]] -&amp;gt; xpath: .//input], [[[[ChromeDriver: chrome on windows (1ee33d97fd6b43349648e13379c8071f)] -&amp;gt; xpath: //*[@class=&amp;apos;ant-modal-body&amp;apos;]]] -&amp;gt; xpath: .//input], [[[[ChromeDriver: chrome on windows (1ee33d97fd6b43349648e13379c8071f)] -&amp;gt; xpath: //*[@class=&amp;apos;ant-modal-body&amp;apos;]]] -&amp;gt; xpath: .//input], [[[[ChromeDriver: chrome on windows (1ee33d97fd6b43349648e13379c8071f)] -&amp;gt; xpath: //*[@class=&amp;apos;ant-modal-body&amp;apos;]]] -&amp;gt; xpath: .//input], [[[[ChromeDriver: chrome on windows (1ee33d97fd6b43349648e13379c8071f)] -&amp;gt; xpath: //*[@class=&amp;apos;ant-modal-body&amp;apos;]]] -&amp;gt; xpath: .//input], [[[[ChromeDriver: chrome on windows (1ee33d97fd6b43349648e13379c8071f)] -&amp;gt; xpath: //*[@class=&amp;apos;ant-modal-body&amp;apos;]]] -&amp;gt; xpath: .//input], [[[[ChromeDriver: chrome on windows (1ee33d97fd6b43349648e13379c8071f)] -&amp;gt; xpath: //*[@class=&amp;apos;ant-modal-body&amp;apos;]]] -&amp;gt; xpath: .//input], [[[[ChromeDriver: chrome on windows (1ee33d97fd6b43349648e13379c8071f)] -&amp;gt; xpath: //*[@class=&amp;apos;ant-modal-body&amp;apos;]]] -&amp;gt; xpath: .//input], [[[[ChromeDriver: chrome on windows (1ee33d97fd6b43349648e13379c8071f)] -&amp;gt; xpath: //*[@class=&amp;apos;ant-modal-body&amp;apos;]]] -&amp;gt; xpath: .//input], [[[[ChromeDriver: chrome on windows (1ee33d97fd6b43349648e13379c8071f)] -&amp;gt; xpath: //*[@class=&amp;apos;ant-modal-body&amp;apos;]]] -&amp;gt; xpath: .//input], [[[[ChromeDriver: chrome on windows (1ee33d97fd6b43349648e13379c8071f)] -&amp;gt; xpath: //*[@class=&amp;apos;ant-modal-body&amp;apos;]]] -&amp;gt; xpath: .//input]] (tried for 10 second(s) with 500 milliseconds interval)
Build info: version: &amp;apos;4.33.0&amp;apos;, revision: &amp;apos;2c6aaad03a&amp;apos;
System info: os.name: &amp;apos;Windows 11&amp;apos;, os.arch: &amp;apos;amd64&amp;apos;, os.version: &amp;apos;10.0&amp;apos;, java.version: &amp;apos;21.0.9&amp;apos;
Driver info: org.openqa.selenium.chrome.ChromeDriver
Capabilities {acceptInsecureCerts: false, browserName: chrome, browserVersion: 143.0.7499.41, chrome: {chromedriverVersion: 143.0.7499.42 (24bdc8c48a0c..., userDataDir: C:\Users\CODECL~1\AppData\L...}, fedcm:accounts: true, goog:chromeOptions: {debuggerAddress: localhost:50351}, goog:processID: 10404, networkConnectionEnabled: false, pageLoadStrategy: normal, platformName: windows, proxy: Proxy(), se:cdp: ws://localhost:50351/devtoo..., se:cdpVersion: 143.0.7499.41, setWindowRect: true, strictFileInteractability: false, timeouts: {implicit: 0, pageLoad: 300000, script: 30000}, unhandledPromptBehavior: dismiss and notify, webauthn:extension:credBlob: true, webauthn:extension:largeBlob: true, webauthn:extension:minPinLength: true, webauthn:extension:prf: true, webauthn:virtualAuthenticators: true}
Session ID: 1ee33d97fd6b43349648e13379c8071f">
      <![CDATA[org.openqa.selenium.TimeoutException: Expected condition failed: waiting for visibility of all [[[[[ChromeDriver: chrome on windows (1ee33d97fd6b43349648e13379c8071f)] -> xpath: //*[@class='ant-modal-body']]] -> xpath: .//input], [[[[ChromeDriver: chrome on windows (1ee33d97fd6b43349648e13379c8071f)] -> xpath: //*[@class='ant-modal-body']]] -> xpath: .//input], [[[[ChromeDriver: chrome on windows (1ee33d97fd6b43349648e13379c8071f)] -> xpath: //*[@class='ant-modal-body']]] -> xpath: .//input], [[[[ChromeDriver: chrome on windows (1ee33d97fd6b43349648e13379c8071f)] -> xpath: //*[@class='ant-modal-body']]] -> xpath: .//input], [[[[ChromeDriver: chrome on windows (1ee33d97fd6b43349648e13379c8071f)] -> xpath: //*[@class='ant-modal-body']]] -> xpath: .//input], [[[[ChromeDriver: chrome on windows (1ee33d97fd6b43349648e13379c8071f)] -> xpath: //*[@class='ant-modal-body']]] -> xpath: .//input], [[[[ChromeDriver: chrome on windows (1ee33d97fd6b43349648e13379c8071f)] -> xpath: //*[@class='ant-modal-body']]] -> xpath: .//input], [[[[ChromeDriver: chrome on windows (1ee33d97fd6b43349648e13379c8071f)] -> xpath: //*[@class='ant-modal-body']]] -> xpath: .//input], [[[[ChromeDriver: chrome on windows (1ee33d97fd6b43349648e13379c8071f)] -> xpath: //*[@class='ant-modal-body']]] -> xpath: .//input], [[[[ChromeDriver: chrome on windows (1ee33d97fd6b43349648e13379c8071f)] -> xpath: //*[@class='ant-modal-body']]] -> xpath: .//input], [[[[ChromeDriver: chrome on windows (1ee33d97fd6b43349648e13379c8071f)] -> xpath: //*[@class='ant-modal-body']]] -> xpath: .//input], [[[[ChromeDriver: chrome on windows (1ee33d97fd6b43349648e13379c8071f)] -> xpath: //*[@class='ant-modal-body']]] -> xpath: .//input]] (tried for 10 second(s) with 500 milliseconds interval)
Build info: version: '4.33.0', revision: '2c6aaad03a'
System info: os.name: 'Windows 11', os.arch: 'amd64', os.version: '10.0', java.version: '21.0.9'
Driver info: org.openqa.selenium.chrome.ChromeDriver
Capabilities {acceptInsecureCerts: false, browserName: chrome, browserVersion: 143.0.7499.41, chrome: {chromedriverVersion: 143.0.7499.42 (24bdc8c48a0c..., userDataDir: C:\Users\CODECL~1\AppData\L...}, fedcm:accounts: true, goog:chromeOptions: {debuggerAddress: localhost:50351}, goog:processID: 10404, networkConnectionEnabled: false, pageLoadStrategy: normal, platformName: windows, proxy: Proxy(), se:cdp: ws://localhost:50351/devtoo..., se:cdpVersion: 143.0.7499.41, setWindowRect: true, strictFileInteractability: false, timeouts: {implicit: 0, pageLoad: 300000, script: 30000}, unhandledPromptBehavior: dismiss and notify, webauthn:extension:credBlob: true, webauthn:extension:largeBlob: true, webauthn:extension:minPinLength: true, webauthn:extension:prf: true, webauthn:virtualAuthenticators: true}
Session ID: 1ee33d97fd6b43349648e13379c8071f
at org.openqa.selenium.support.ui.WebDriverWait.timeoutException(WebDriverWait.java:84)
at org.openqa.selenium.support.ui.FluentWait.until(FluentWait.java:228)
at Repeatative_codes.Repeat.wait_for_theElement(Repeat.java:40)
at Locaters.Application_Locaters.Modal_Input_Feilds(Application_Locaters.java:224)
at Enterprise_Codeclouds.Project.Enterprise.Case_Appplications.Add_case(Case_Appplications.java:119)
at java.base/jdk.internal.reflect.DirectMethodHandleAccessor.invoke(DirectMethodHandleAccessor.java:103)
at java.base/java.lang.reflect.Method.invoke(Method.java:580)
at org.testng.internal.invokers.MethodInvocationHelper.invokeMethod(MethodInvocationHelper.java:141)
at org.testng.internal.invokers.TestInvoker.invokeMethod(TestInvoker.java:687)
at org.testng.internal.invokers.TestInvoker.invokeTestMethod(TestInvoker.java:230)
at org.testng.internal.invokers.MethodRunner.runInSequence(MethodRunner.java:63)
at org.testng.internal.invokers.TestInvoker$MethodInvocationAgent.invoke(TestInvoker.java:995)
at org.testng.internal.invokers.TestInvoker.invokeTestMethods(TestInvoker.java:203)
at org.testng.internal.invokers.TestMethodWorker.invokeTestMethods(TestMethodWorker.java:154)
at org.testng.internal.invokers.TestMethodWorker.run(TestMethodWorker.java:134)
at java.base/java.util.ArrayList.forEach(ArrayList.java:1596)
at org.testng.TestRunner.privateRun(TestRunner.java:741)
at org.testng.TestRunner.run(TestRunner.java:616)
at org.testng.SuiteRunner.runTest(SuiteRunner.java:421)
at org.testng.SuiteRunner.runSequentially(SuiteRunner.java:413)
at org.testng.SuiteRunner.privateRun(SuiteRunner.java:373)
at org.testng.SuiteRunner.run(SuiteRunner.java:312)
at org.testng.SuiteRunnerWorker.runSuite(SuiteRunnerWorker.java:52)
at org.testng.SuiteRunnerWorker.run(SuiteRunnerWorker.java:95)
at org.testng.TestNG.runSuitesSequentially(TestNG.java:1274)
at org.testng.TestNG.runSuitesLocally(TestNG.java:1208)
at org.testng.TestNG.runSuites(TestNG.java:1112)
at org.testng.TestNG.run(TestNG.java:1079)
at org.testng.remote.AbstractRemoteTestNG.run(AbstractRemoteTestNG.java:115)
at org.testng.remote.RemoteTestNG.initAndRun(RemoteTestNG.java:293)
at org.testng.remote.RemoteTestNG.main(RemoteTestNG.java:91)
]]>
    </failure>
  </testcase> <!-- Add_case -->
  <testcase classname="Enterprise_Codeclouds.Project.Enterprise.Case_Appplications" name="Add_case" time="78.31">
    <failure type="org.openqa.selenium.TimeoutException" message="Expected condition failed: waiting for visibility of all [[[[[ChromeDriver: chrome on windows (d5fcee96a665b499e3e00d28fd880c7d)] -&amp;gt; xpath: //*[@class=&amp;apos;ant-modal-body&amp;apos;]]] -&amp;gt; xpath: .//input], [[[[ChromeDriver: chrome on windows (d5fcee96a665b499e3e00d28fd880c7d)] -&amp;gt; xpath: //*[@class=&amp;apos;ant-modal-body&amp;apos;]]] -&amp;gt; xpath: .//input], [[[[ChromeDriver: chrome on windows (d5fcee96a665b499e3e00d28fd880c7d)] -&amp;gt; xpath: //*[@class=&amp;apos;ant-modal-body&amp;apos;]]] -&amp;gt; xpath: .//input], [[[[ChromeDriver: chrome on windows (d5fcee96a665b499e3e00d28fd880c7d)] -&amp;gt; xpath: //*[@class=&amp;apos;ant-modal-body&amp;apos;]]] -&amp;gt; xpath: .//input], [[[[ChromeDriver: chrome on windows (d5fcee96a665b499e3e00d28fd880c7d)] -&amp;gt; xpath: //*[@class=&amp;apos;ant-modal-body&amp;apos;]]] -&amp;gt; xpath: .//input], [[[[ChromeDriver: chrome on windows (d5fcee96a665b499e3e00d28fd880c7d)] -&amp;gt; xpath: //*[@class=&amp;apos;ant-modal-body&amp;apos;]]] -&amp;gt; xpath: .//input], [[[[ChromeDriver: chrome on windows (d5fcee96a665b499e3e00d28fd880c7d)] -&amp;gt; xpath: //*[@class=&amp;apos;ant-modal-body&amp;apos;]]] -&amp;gt; xpath: .//input], [[[[ChromeDriver: chrome on windows (d5fcee96a665b499e3e00d28fd880c7d)] -&amp;gt; xpath: //*[@class=&amp;apos;ant-modal-body&amp;apos;]]] -&amp;gt; xpath: .//input], [[[[ChromeDriver: chrome on windows (d5fcee96a665b499e3e00d28fd880c7d)] -&amp;gt; xpath: //*[@class=&amp;apos;ant-modal-body&amp;apos;]]] -&amp;gt; xpath: .//input], [[[[ChromeDriver: chrome on windows (d5fcee96a665b499e3e00d28fd880c7d)] -&amp;gt; xpath: //*[@class=&amp;apos;ant-modal-body&amp;apos;]]] -&amp;gt; xpath: .//input], [[[[ChromeDriver: chrome on windows (d5fcee96a665b499e3e00d28fd880c7d)] -&amp;gt; xpath: //*[@class=&amp;apos;ant-modal-body&amp;apos;]]] -&amp;gt; xpath: .//input]] (tried for 10 second(s) with 500 milliseconds interval)
Build info: version: &amp;apos;4.33.0&amp;apos;, revision: &amp;apos;2c6aaad03a&amp;apos;
System info: os.name: &amp;apos;Windows 11&amp;apos;, os.arch: &amp;apos;amd64&amp;apos;, os.version: &amp;apos;10.0&amp;apos;, java.version: &amp;apos;21.0.9&amp;apos;
Driver info: org.openqa.selenium.chrome.ChromeDriver
Capabilities {acceptInsecureCerts: false, browserName: chrome, browserVersion: 143.0.7499.41, chrome: {chromedriverVersion: 143.0.7499.42 (24bdc8c48a0c..., userDataDir: C:\Users\CODECL~1\AppData\L...}, fedcm:accounts: true, goog:chromeOptions: {debuggerAddress: localhost:62017}, goog:processID: 3204, networkConnectionEnabled: false, pageLoadStrategy: normal, platformName: windows, proxy: Proxy(), se:cdp: ws://localhost:62017/devtoo..., se:cdpVersion: 143.0.7499.41, setWindowRect: true, strictFileInteractability: false, timeouts: {implicit: 0, pageLoad: 300000, script: 30000}, unhandledPromptBehavior: dismiss and notify, webauthn:extension:credBlob: true, webauthn:extension:largeBlob: true, webauthn:extension:minPinLength: true, webauthn:extension:prf: true, webauthn:virtualAuthenticators: true}
Session ID: d5fcee96a665b499e3e00d28fd880c7d">
      <![CDATA[org.openqa.selenium.TimeoutException: Expected condition failed: waiting for visibility of all [[[[[ChromeDriver: chrome on windows (d5fcee96a665b499e3e00d28fd880c7d)] -> xpath: //*[@class='ant-modal-body']]] -> xpath: .//input], [[[[ChromeDriver: chrome on windows (d5fcee96a665b499e3e00d28fd880c7d)] -> xpath: //*[@class='ant-modal-body']]] -> xpath: .//input], [[[[ChromeDriver: chrome on windows (d5fcee96a665b499e3e00d28fd880c7d)] -> xpath: //*[@class='ant-modal-body']]] -> xpath: .//input], [[[[ChromeDriver: chrome on windows (d5fcee96a665b499e3e00d28fd880c7d)] -> xpath: //*[@class='ant-modal-body']]] -> xpath: .//input], [[[[ChromeDriver: chrome on windows (d5fcee96a665b499e3e00d28fd880c7d)] -> xpath: //*[@class='ant-modal-body']]] -> xpath: .//input], [[[[ChromeDriver: chrome on windows (d5fcee96a665b499e3e00d28fd880c7d)] -> xpath: //*[@class='ant-modal-body']]] -> xpath: .//input], [[[[ChromeDriver: chrome on windows (d5fcee96a665b499e3e00d28fd880c7d)] -> xpath: //*[@class='ant-modal-body']]] -> xpath: .//input], [[[[ChromeDriver: chrome on windows (d5fcee96a665b499e3e00d28fd880c7d)] -> xpath: //*[@class='ant-modal-body']]] -> xpath: .//input], [[[[ChromeDriver: chrome on windows (d5fcee96a665b499e3e00d28fd880c7d)] -> xpath: //*[@class='ant-modal-body']]] -> xpath: .//input], [[[[ChromeDriver: chrome on windows (d5fcee96a665b499e3e00d28fd880c7d)] -> xpath: //*[@class='ant-modal-body']]] -> xpath: .//input], [[[[ChromeDriver: chrome on windows (d5fcee96a665b499e3e00d28fd880c7d)] -> xpath: //*[@class='ant-modal-body']]] -> xpath: .//input]] (tried for 10 second(s) with 500 milliseconds interval)
Build info: version: '4.33.0', revision: '2c6aaad03a'
System info: os.name: 'Windows 11', os.arch: 'amd64', os.version: '10.0', java.version: '21.0.9'
Driver info: org.openqa.selenium.chrome.ChromeDriver
Capabilities {acceptInsecureCerts: false, browserName: chrome, browserVersion: 143.0.7499.41, chrome: {chromedriverVersion: 143.0.7499.42 (24bdc8c48a0c..., userDataDir: C:\Users\CODECL~1\AppData\L...}, fedcm:accounts: true, goog:chromeOptions: {debuggerAddress: localhost:62017}, goog:processID: 3204, networkConnectionEnabled: false, pageLoadStrategy: normal, platformName: windows, proxy: Proxy(), se:cdp: ws://localhost:62017/devtoo..., se:cdpVersion: 143.0.7499.41, setWindowRect: true, strictFileInteractability: false, timeouts: {implicit: 0, pageLoad: 300000, script: 30000}, unhandledPromptBehavior: dismiss and notify, webauthn:extension:credBlob: true, webauthn:extension:largeBlob: true, webauthn:extension:minPinLength: true, webauthn:extension:prf: true, webauthn:virtualAuthenticators: true}
Session ID: d5fcee96a665b499e3e00d28fd880c7d
at org.openqa.selenium.support.ui.WebDriverWait.timeoutException(WebDriverWait.java:84)
at org.openqa.selenium.support.ui.FluentWait.until(FluentWait.java:228)
at Repeatative_codes.Repeat.wait_for_theElement(Repeat.java:40)
at Locaters.Application_Locaters.Modal_Input_Feilds(Application_Locaters.java:224)
at Enterprise_Codeclouds.Project.Enterprise.Case_Appplications.Add_case(Case_Appplications.java:119)
at java.base/jdk.internal.reflect.DirectMethodHandleAccessor.invoke(DirectMethodHandleAccessor.java:103)
at java.base/java.lang.reflect.Method.invoke(Method.java:580)
at org.testng.internal.invokers.MethodInvocationHelper.invokeMethod(MethodInvocationHelper.java:141)
at org.testng.internal.invokers.TestInvoker.invokeMethod(TestInvoker.java:687)
at org.testng.internal.invokers.TestInvoker.invokeTestMethod(TestInvoker.java:230)
at org.testng.internal.invokers.MethodRunner.runInSequence(MethodRunner.java:63)
at org.testng.internal.invokers.TestInvoker$MethodInvocationAgent.invoke(TestInvoker.java:995)
at org.testng.internal.invokers.TestInvoker.invokeTestMethods(TestInvoker.java:203)
at org.testng.internal.invokers.TestMethodWorker.invokeTestMethods(TestMethodWorker.java:154)
at org.testng.internal.invokers.TestMethodWorker.run(TestMethodWorker.java:134)
at java.base/java.util.ArrayList.forEach(ArrayList.java:1596)
at org.testng.TestRunner.privateRun(TestRunner.java:741)
at org.testng.TestRunner.run(TestRunner.java:616)
at org.testng.SuiteRunner.runTest(SuiteRunner.java:421)
at org.testng.SuiteRunner.runSequentially(SuiteRunner.java:413)
at org.testng.SuiteRunner.privateRun(SuiteRunner.java:373)
at org.testng.SuiteRunner.run(SuiteRunner.java:312)
at org.testng.SuiteRunnerWorker.runSuite(SuiteRunnerWorker.java:52)
at org.testng.SuiteRunnerWorker.run(SuiteRunnerWorker.java:95)
at org.testng.TestNG.runSuitesSequentially(TestNG.java:1274)
at org.testng.TestNG.runSuitesLocally(TestNG.java:1208)
at org.testng.TestNG.runSuites(TestNG.java:1112)
at org.testng.TestNG.run(TestNG.java:1079)
at org.testng.remote.AbstractRemoteTestNG.run(AbstractRemoteTestNG.java:115)
at org.testng.remote.RemoteTestNG.initAndRun(RemoteTestNG.java:293)
at org.testng.remote.RemoteTestNG.main(RemoteTestNG.java:91)
]]>
    </failure>
  </testcase> <!-- Add_case -->
  <testcase classname="Enterprise_Codeclouds.Project.Enterprise.Case_Appplications" name="Add_case" time="57.335">
    <failure type="org.openqa.selenium.TimeoutException" message="Expected condition failed: waiting for visibility of all [[[[[ChromeDriver: chrome on windows (98b614aa417228dec032785a634d65fd)] -&amp;gt; xpath: (//div[@class=&amp;apos;rc-virtual-list&amp;apos;])[1]]] -&amp;gt; xpath: .//*[@aria-selected=&amp;apos;false&amp;apos;]]] (tried for 10 second(s) with 500 milliseconds interval)
Build info: version: &amp;apos;4.33.0&amp;apos;, revision: &amp;apos;2c6aaad03a&amp;apos;
System info: os.name: &amp;apos;Windows 11&amp;apos;, os.arch: &amp;apos;amd64&amp;apos;, os.version: &amp;apos;10.0&amp;apos;, java.version: &amp;apos;21.0.9&amp;apos;
Driver info: org.openqa.selenium.chrome.ChromeDriver
[...]
at org.testng.remote.RemoteTestNG.initAndRun(RemoteTestNG.java:293)
at org.testng.remote.RemoteTestNG.main(RemoteTestNG.java:91)
]]>
    </failure>
  </testcase> <!-- Add_case -->
  <testcase classname="Enterprise_Codeclouds.Project.Enterprise.Case_Appplications" name="Add_case" time="86.829">
    <failure type="org.openqa.selenium.TimeoutException" message="Expected condition failed: waiting for visibility of all [[[[[ChromeDriver: chrome on windows (87830b5f3d444857133cbfbe0151c53e)] -&amp;gt; xpath: //*[@class=&amp;apos;ant-modal-body&amp;apos;]]] -&amp;gt; xpath: .//input], [[[[ChromeDriver: chrome on windows (87830b5f3d444857133cbfbe0151c53e)] -&amp;gt; xpath: //*[@class=&amp;apos;ant-modal-body&amp;apos;]]] -&amp;gt; xpath: .//input], [[[[ChromeDriver: chrome on windows (87830b5f3d444857133cbfbe0151c53e)] -&amp;gt; xpath: //*[@class=&amp;apos;ant-modal-body&amp;apos;]]] -&amp;gt; xpath: .//input], [[[[ChromeDriver: chrome on windows (87830b5f3d444857133cbfbe0151c53e)] -&amp;gt; xpath: //*[@class=&amp;apos;ant-modal-body&amp;apos;]]] -&amp;gt; xpath: .//input], [[[[ChromeDriver: chrome on windows (87830b5f3d444857133cbfbe0151c53e)] -&amp;gt; xpath: //*[@class=&amp;apos;ant-modal-body&amp;apos;]]] -&amp;gt; xpath: .//input], [[[[ChromeDriver: chrome on windows (87830b5f3d444857133cbfbe0151c53e)] -&amp;gt; xpath: //*[@class=&amp;apos;ant-modal-body&amp;apos;]]] -&amp;gt; xpath: .//input], [[[[ChromeDriver: chrome on windows (87830b5f3d444857133cbfbe0151c53e)] -&amp;gt; xpath: //*[@class=&amp;apos;ant-modal-body&amp;apos;]]] -&amp;gt; xpath: .//input], [[[[ChromeDriver: chrome on windows (87830b5f3d444857133cbfbe0151c53e)] -&amp;gt; xpath: //*[@class=&amp;apos;ant-modal-body&amp;apos;]]] -&amp;gt; xpath: .//input], [[[[ChromeDriver: chrome on windows (87830b5f3d444857133cbfbe0151c53e)] -&amp;gt; xpath: //*[@class=&amp;apos;ant-modal-body&amp;apos;]]] -&amp;gt; xpath: .//input], [[[[ChromeDriver: chrome on windows (87830b5f3d444857133cbfbe0151c53e)] -&amp;gt; xpath: //*[@class=&amp;apos;ant-modal-body&amp;apos;]]] -&amp;gt; xpath: .//input], [[[[ChromeDriver: chrome on windows (87830b5f3d444857133cbfbe0151c53e)] -&amp;gt; xpath: //*[@class=&amp;apos;ant-modal-body&amp;apos;]]] -&amp;gt; xpath: .//input], [[[[ChromeDriver: chrome on windows (87830b5f3d444857133cbfbe0151c53e)] -&amp;gt; xpath: //*[@class=&amp;apos;ant-modal-body&amp;apos;]]] -&amp;gt; xpath: .//input]] (tried for 10 second(s) with 500 milliseconds interval)
Build info: version: &amp;apos;4.33.0&amp;apos;, revision: &amp;apos;2c6aaad03a&amp;apos;
System info: os.name: &amp;apos;Windows 11&amp;apos;, os.arch: &amp;apos;amd64&amp;apos;, os.version: &amp;apos;10.0&amp;apos;, java.version: &amp;apos;21.0.9&amp;apos;
Driver info: org.openqa.selenium.chrome.ChromeDriver
Capabilities {acceptInsecureCerts: false, browserName: chrome, browserVersion: 143.0.7499.41, chrome: {chromedriverVersion: 143.0.7499.42 (24bdc8c48a0c..., userDataDir: C:\Users\CODECL~1\AppData\L...}, fedcm:accounts: true, goog:chromeOptions: {debuggerAddress: localhost:64967}, goog:processID: 7024, networkConnectionEnabled: false, pageLoadStrategy: normal, platformName: windows, proxy: Proxy(), se:cdp: ws://localhost:64967/devtoo..., se:cdpVersion: 143.0.7499.41, setWindowRect: true, strictFileInteractability: false, timeouts: {implicit: 0, pageLoad: 300000, script: 30000}, unhandledPromptBehavior: dismiss and notify, webauthn:extension:credBlob: true, webauthn:extension:largeBlob: true, webauthn:extension:minPinLength: true, webauthn:extension:prf: true, webauthn:virtualAuthenticators: true}
Session ID: 87830b5f3d444857133cbfbe0151c53e">
      <![CDATA[org.openqa.selenium.TimeoutException: Expected condition failed: waiting for visibility of all [[[[[ChromeDriver: chrome on windows (87830b5f3d444857133cbfbe0151c53e)] -> xpath: //*[@class='ant-modal-body']]] -> xpath: .//input], [[[[ChromeDriver: chrome on windows (87830b5f3d444857133cbfbe0151c53e)] -> xpath: //*[@class='ant-modal-body']]] -> xpath: .//input], [[[[ChromeDriver: chrome on windows (87830b5f3d444857133cbfbe0151c53e)] -> xpath: //*[@class='ant-modal-body']]] -> xpath: .//input], [[[[ChromeDriver: chrome on windows (87830b5f3d444857133cbfbe0151c53e)] -> xpath: //*[@class='ant-modal-body']]] -> xpath: .//input], [[[[ChromeDriver: chrome on windows (87830b5f3d444857133cbfbe0151c53e)] -> xpath: //*[@class='ant-modal-body']]] -> xpath: .//input], [[[[ChromeDriver: chrome on windows (87830b5f3d444857133cbfbe0151c53e)] -> xpath: //*[@class='ant-modal-body']]] -> xpath: .//input], [[[[ChromeDriver: chrome on windows (87830b5f3d444857133cbfbe0151c53e)] -> xpath: //*[@class='ant-modal-body']]] -> xpath: .//input], [[[[ChromeDriver: chrome on windows (87830b5f3d444857133cbfbe0151c53e)] -> xpath: //*[@class='ant-modal-body']]] -> xpath: .//input], [[[[ChromeDriver: chrome on windows (87830b5f3d444857133cbfbe0151c53e)] -> xpath: //*[@class='ant-modal-body']]] -> xpath: .//input], [[[[ChromeDriver: chrome on windows (87830b5f3d444857133cbfbe0151c53e)] -> xpath: //*[@class='ant-modal-body']]] -> xpath: .//input], [[[[ChromeDriver: chrome on windows (87830b5f3d444857133cbfbe0151c53e)] -> xpath: //*[@class='ant-modal-body']]] -> xpath: .//input], [[[[ChromeDriver: chrome on windows (87830b5f3d444857133cbfbe0151c53e)] -> xpath: //*[@class='ant-modal-body']]] -> xpath: .//input]] (tried for 10 second(s) with 500 milliseconds interval)
Build info: version: '4.33.0', revision: '2c6aaad03a'
System info: os.name: 'Windows 11', os.arch: 'amd64', os.version: '10.0', java.version: '21.0.9'
Driver info: org.openqa.selenium.chrome.ChromeDriver
Capabilities {acceptInsecureCerts: false, browserName: chrome, browserVersion: 143.0.7499.41, chrome: {chromedriverVersion: 143.0.7499.42 (24bdc8c48a0c..., userDataDir: C:\Users\CODECL~1\AppData\L...}, fedcm:accounts: true, goog:chromeOptions: {debuggerAddress: localhost:64967}, goog:processID: 7024, networkConnectionEnabled: false, pageLoadStrategy: normal, platformName: windows, proxy: Proxy(), se:cdp: ws://localhost:64967/devtoo..., se:cdpVersion: 143.0.7499.41, setWindowRect: true, strictFileInteractability: false, timeouts: {implicit: 0, pageLoad: 300000, script: 30000}, unhandledPromptBehavior: dismiss and notify, webauthn:extension:credBlob: true, webauthn:extension:largeBlob: true, webauthn:extension:minPinLength: true, webauthn:extension:prf: true, webauthn:virtualAuthenticators: true}
Session ID: 87830b5f3d444857133cbfbe0151c53e
at org.openqa.selenium.support.ui.WebDriverWait.timeoutException(WebDriverWait.java:84)
at org.openqa.selenium.support.ui.FluentWait.until(FluentWait.java:228)
at Repeatative_codes.Repeat.wait_for_theElement(Repeat.java:40)
at Locaters.Application_Locaters.Modal_Input_Feilds(Application_Locaters.java:224)
at Enterprise_Codeclouds.Project.Enterprise.Case_Appplications.Add_case(Case_Appplications.java:119)
at java.base/jdk.internal.reflect.DirectMethodHandleAccessor.invoke(DirectMethodHandleAccessor.java:103)
at java.base/java.lang.reflect.Method.invoke(Method.java:580)
at org.testng.internal.invokers.MethodInvocationHelper.invokeMethod(MethodInvocationHelper.java:141)
at org.testng.internal.invokers.TestInvoker.invokeMethod(TestInvoker.java:687)
at org.testng.internal.invokers.TestInvoker.invokeTestMethod(TestInvoker.java:230)
at org.testng.internal.invokers.MethodRunner.runInSequence(MethodRunner.java:63)
at org.testng.internal.invokers.TestInvoker$MethodInvocationAgent.invoke(TestInvoker.java:995)
at org.testng.internal.invokers.TestInvoker.invokeTestMethods(TestInvoker.java:203)
at org.testng.internal.invokers.TestMethodWorker.invokeTestMethods(TestMethodWorker.java:154)
at org.testng.internal.invokers.TestMethodWorker.run(TestMethodWorker.java:134)
at java.base/java.util.ArrayList.forEach(ArrayList.java:1596)
at org.testng.TestRunner.privateRun(TestRunner.java:741)
at org.testng.TestRunner.run(TestRunner.java:616)
at org.testng.SuiteRunner.runTest(SuiteRunner.java:421)
at org.testng.SuiteRunner.runSequentially(SuiteRunner.java:413)
at org.testng.SuiteRunner.privateRun(SuiteRunner.java:373)
at org.testng.SuiteRunner.run(SuiteRunner.java:312)
at org.testng.SuiteRunnerWorker.runSuite(SuiteRunnerWorker.java:52)
at org.testng.SuiteRunnerWorker.run(SuiteRunnerWorker.java:95)
at org.testng.TestNG.runSuitesSequentially(TestNG.java:1274)
at org.testng.TestNG.runSuitesLocally(TestNG.java:1208)
at org.testng.TestNG.runSuites(TestNG.java:1112)
at org.testng.TestNG.run(TestNG.java:1079)
at org.testng.remote.AbstractRemoteTestNG.run(AbstractRemoteTestNG.java:115)
at org.testng.remote.RemoteTestNG.initAndRun(RemoteTestNG.java:293)
at org.testng.remote.RemoteTestNG.main(RemoteTestNG.java:91)
]]>
    </failure>
  </testcase> <!-- Add_case -->
  <testcase classname="Enterprise_Codeclouds.Project.Enterprise.Case_Appplications" name="Add_case" time="69.304">
    <failure type="org.openqa.selenium.TimeoutException" message="Expected condition failed: waiting for visibility of all [[[[[ChromeDriver: chrome on windows (fe07adc7f0ae262f139a3b0eb3dda61e)] -&amp;gt; xpath: //*[@class=&amp;apos;ant-modal-body&amp;apos;]]] -&amp;gt; xpath: .//input], [[[[ChromeDriver: chrome on windows (fe07adc7f0ae262f139a3b0eb3dda61e)] -&amp;gt; xpath: //*[@class=&amp;apos;ant-modal-body&amp;apos;]]] -&amp;gt; xpath: .//input], [[[[ChromeDriver: chrome on windows (fe07adc7f0ae262f139a3b0eb3dda61e)] -&amp;gt; xpath: //*[@class=&amp;apos;ant-modal-body&amp;apos;]]] -&amp;gt; xpath: .//input], [[[[ChromeDriver: chrome on windows (fe07adc7f0ae262f139a3b0eb3dda61e)] -&amp;gt; xpath: //*[@class=&amp;apos;ant-modal-body&amp;apos;]]] -&amp;gt; xpath: .//input], [[[[ChromeDriver: chrome on windows (fe07adc7f0ae262f139a3b0eb3dda61e)] -&amp;gt; xpath: //*[@class=&amp;apos;ant-modal-body&amp;apos;]]] -&amp;gt; xpath: .//input], [[[[ChromeDriver: chrome on windows (fe07adc7f0ae262f139a3b0eb3dda61e)] -&amp;gt; xpath: //*[@class=&amp;apos;ant-modal-body&amp;apos;]]] -&amp;gt; xpath: .//input], [[[[ChromeDriver: chrome on windows (fe07adc7f0ae262f139a3b0eb3dda61e)] -&amp;gt; xpath: //*[@class=&amp;apos;ant-modal-body&amp;apos;]]] -&amp;gt; xpath: .//input], [[[[ChromeDriver: chrome on windows (fe07adc7f0ae262f139a3b0eb3dda61e)] -&amp;gt; xpath: //*[@class=&amp;apos;ant-modal-body&amp;apos;]]] -&amp;gt; xpath: .//input], [[[[ChromeDriver: chrome on windows (fe07adc7f0ae262f139a3b0eb3dda61e)] -&amp;gt; xpath: //*[@class=&amp;apos;ant-modal-body&amp;apos;]]] -&amp;gt; xpath: .//input], [[[[ChromeDriver: chrome on windows (fe07adc7f0ae262f139a3b0eb3dda61e)] -&amp;gt; xpath: //*[@class=&amp;apos;ant-modal-body&amp;apos;]]] -&amp;gt; xpath: .//input], [[[[ChromeDriver: chrome on windows (fe07adc7f0ae262f139a3b0eb3dda61e)] -&amp;gt; xpath: //*[@class=&amp;apos;ant-modal-body&amp;apos;]]] -&amp;gt; xpath: .//input], [[[[ChromeDriver: chrome on windows (fe07adc7f0ae262f139a3b0eb3dda61e)] -&amp;gt; xpath: //*[@class=&amp;apos;ant-modal-body&amp;apos;]]] -&amp;gt; xpath: .//input]] (tried for 10 second(s) with 500 milliseconds interval)
Build info: version: &amp;apos;4.33.0&amp;apos;, revision: &amp;apos;2c6aaad03a&amp;apos;
System info: os.name: &amp;apos;Windows 11&amp;apos;, os.arch: &amp;apos;amd64&amp;apos;, os.version: &amp;apos;10.0&amp;apos;, java.version: &amp;apos;21.0.9&amp;apos;
Driver info: org.openqa.selenium.chrome.ChromeDriver
Capabilities {acceptInsecureCerts: false, browserName: chrome, browserVersion: 143.0.7499.41, chrome: {chromedriverVersion: 143.0.7499.42 (24bdc8c48a0c..., userDataDir: C:\Users\CODECL~1\AppData\L...}, fedcm:accounts: true, goog:chromeOptions: {debuggerAddress: localhost:49861}, goog:processID: 14356, networkConnectionEnabled: false, pageLoadStrategy: normal, platformName: windows, proxy: Proxy(), se:cdp: ws://localhost:49861/devtoo..., se:cdpVersion: 143.0.7499.41, setWindowRect: true, strictFileInteractability: false, timeouts: {implicit: 0, pageLoad: 300000, script: 30000}, unhandledPromptBehavior: dismiss and notify, webauthn:extension:credBlob: true, webauthn:extension:largeBlob: true, webauthn:extension:minPinLength: true, webauthn:extension:prf: true, webauthn:virtualAuthenticators: true}
Session ID: fe07adc7f0ae262f139a3b0eb3dda61e">
      <![CDATA[org.openqa.selenium.TimeoutException: Expected condition failed: waiting for visibility of all [[[[[ChromeDriver: chrome on windows (fe07adc7f0ae262f139a3b0eb3dda61e)] -> xpath: //*[@class='ant-modal-body']]] -> xpath: .//input], [[[[ChromeDriver: chrome on windows (fe07adc7f0ae262f139a3b0eb3dda61e)] -> xpath: //*[@class='ant-modal-body']]] -> xpath: .//input], [[[[ChromeDriver: chrome on windows (fe07adc7f0ae262f139a3b0eb3dda61e)] -> xpath: //*[@class='ant-modal-body']]] -> xpath: .//input], [[[[ChromeDriver: chrome on windows (fe07adc7f0ae262f139a3b0eb3dda61e)] -> xpath: //*[@class='ant-modal-body']]] -> xpath: .//input], [[[[ChromeDriver: chrome on windows (fe07adc7f0ae262f139a3b0eb3dda61e)] -> xpath: //*[@class='ant-modal-body']]] -> xpath: .//input], [[[[ChromeDriver: chrome on windows (fe07adc7f0ae262f139a3b0eb3dda61e)] -> xpath: //*[@class='ant-modal-body']]] -> xpath: .//input], [[[[ChromeDriver: chrome on windows (fe07adc7f0ae262f139a3b0eb3dda61e)] -> xpath: //*[@class='ant-modal-body']]] -> xpath: .//input], [[[[ChromeDriver: chrome on windows (fe07adc7f0ae262f139a3b0eb3dda61e)] -> xpath: //*[@class='ant-modal-body']]] -> xpath: .//input], [[[[ChromeDriver: chrome on windows (fe07adc7f0ae262f139a3b0eb3dda61e)] -> xpath: //*[@class='ant-modal-body']]] -> xpath: .//input], [[[[ChromeDriver: chrome on windows (fe07adc7f0ae262f139a3b0eb3dda61e)] -> xpath: //*[@class='ant-modal-body']]] -> xpath: .//input], [[[[ChromeDriver: chrome on windows (fe07adc7f0ae262f139a3b0eb3dda61e)] -> xpath: //*[@class='ant-modal-body']]] -> xpath: .//input], [[[[ChromeDriver: chrome on windows (fe07adc7f0ae262f139a3b0eb3dda61e)] -> xpath: //*[@class='ant-modal-body']]] -> xpath: .//input]] (tried for 10 second(s) with 500 milliseconds interval)
Build info: version: '4.33.0', revision: '2c6aaad03a'
System info: os.name: 'Windows 11', os.arch: 'amd64', os.version: '10.0', java.version: '21.0.9'
Driver info: org.openqa.selenium.chrome.ChromeDriver
Capabilities {acceptInsecureCerts: false, browserName: chrome, browserVersion: 143.0.7499.41, chrome: {chromedriverVersion: 143.0.7499.42 (24bdc8c48a0c..., userDataDir: C:\Users\CODECL~1\AppData\L...}, fedcm:accounts: true, goog:chromeOptions: {debuggerAddress: localhost:49861}, goog:processID: 14356, networkConnectionEnabled: false, pageLoadStrategy: normal, platformName: windows, proxy: Proxy(), se:cdp: ws://localhost:49861/devtoo..., se:cdpVersion: 143.0.7499.41, setWindowRect: true, strictFileInteractability: false, timeouts: {implicit: 0, pageLoad: 300000, script: 30000}, unhandledPromptBehavior: dismiss and notify, webauthn:extension:credBlob: true, webauthn:extension:largeBlob: true, webauthn:extension:minPinLength: true, webauthn:extension:prf: true, webauthn:virtualAuthenticators: true}
Session ID: fe07adc7f0ae262f139a3b0eb3dda61e
at org.openqa.selenium.support.ui.WebDriverWait.timeoutException(WebDriverWait.java:84)
at org.openqa.selenium.support.ui.FluentWait.until(FluentWait.java:228)
at Repeatative_codes.Repeat.wait_for_theElement(Repeat.java:40)
at Locaters.Application_Locaters.Modal_Input_Feilds(Application_Locaters.java:224)
at Enterprise_Codeclouds.Project.Enterprise.Case_Appplications.Add_case(Case_Appplications.java:119)
at java.base/jdk.internal.reflect.DirectMethodHandleAccessor.invoke(DirectMethodHandleAccessor.java:103)
at java.base/java.lang.reflect.Method.invoke(Method.java:580)
at org.testng.internal.invokers.MethodInvocationHelper.invokeMethod(MethodInvocationHelper.java:141)
at org.testng.internal.invokers.TestInvoker.invokeMethod(TestInvoker.java:687)
at org.testng.internal.invokers.TestInvoker.invokeTestMethod(TestInvoker.java:230)
at org.testng.internal.invokers.MethodRunner.runInSequence(MethodRunner.java:63)
at org.testng.internal.invokers.TestInvoker$MethodInvocationAgent.invoke(TestInvoker.java:995)
at org.testng.internal.invokers.TestInvoker.invokeTestMethods(TestInvoker.java:203)
at org.testng.internal.invokers.TestMethodWorker.invokeTestMethods(TestMethodWorker.java:154)
at org.testng.internal.invokers.TestMethodWorker.run(TestMethodWorker.java:134)
at java.base/java.util.ArrayList.forEach(ArrayList.java:1596)
at org.testng.TestRunner.privateRun(TestRunner.java:741)
at org.testng.TestRunner.run(TestRunner.java:616)
at org.testng.SuiteRunner.runTest(SuiteRunner.java:421)
at org.testng.SuiteRunner.runSequentially(SuiteRunner.java:413)
at org.testng.SuiteRunner.privateRun(SuiteRunner.java:373)
at org.testng.SuiteRunner.run(SuiteRunner.java:312)
at org.testng.SuiteRunnerWorker.runSuite(SuiteRunnerWorker.java:52)
at org.testng.SuiteRunnerWorker.run(SuiteRunnerWorker.java:95)
at org.testng.TestNG.runSuitesSequentially(TestNG.java:1274)
at org.testng.TestNG.runSuitesLocally(TestNG.java:1208)
at org.testng.TestNG.runSuites(TestNG.java:1112)
at org.testng.TestNG.run(TestNG.java:1079)
at org.testng.remote.AbstractRemoteTestNG.run(AbstractRemoteTestNG.java:115)
at org.testng.remote.RemoteTestNG.initAndRun(RemoteTestNG.java:293)
at org.testng.remote.RemoteTestNG.main(RemoteTestNG.java:91)
]]>
    </failure>
  </testcase> <!-- Add_case -->
  <testcase classname="Enterprise_Codeclouds.Project.Enterprise.Case_Appplications" name="Add_case" time="47.424">
    <failure type="java.lang.RuntimeException" message="Element list is null or empty. Check the locator or timing.">
      <![CDATA[java.lang.RuntimeException: Element list is null or empty. Check the locator or timing.
at Repeatative_codes.Repeat.wait_for_theElement(Repeat.java:37)
at Locaters.Application_Locaters.Application_amount_edit_buttons(Application_Locaters.java:220)
at Enterprise_Codeclouds.Project.Enterprise.Case_Appplications.Add_case(Case_Appplications.java:105)
at java.base/jdk.internal.reflect.DirectMethodHandleAccessor.invoke(DirectMethodHandleAccessor.java:103)
at java.base/java.lang.reflect.Method.invoke(Method.java:580)
at org.testng.internal.invokers.MethodInvocationHelper.invokeMethod(MethodInvocationHelper.java:141)
at org.testng.internal.invokers.TestInvoker.invokeMethod(TestInvoker.java:687)
at org.testng.internal.invokers.TestInvoker.invokeTestMethod(TestInvoker.java:230)
at org.testng.internal.invokers.MethodRunner.runInSequence(MethodRunner.java:63)
at org.testng.internal.invokers.TestInvoker$MethodInvocationAgent.invoke(TestInvoker.java:995)
at org.testng.internal.invokers.TestInvoker.invokeTestMethods(TestInvoker.java:203)
at org.testng.internal.invokers.TestMethodWorker.invokeTestMethods(TestMethodWorker.java:154)
at org.testng.internal.invokers.TestMethodWorker.run(TestMethodWorker.java:134)
at java.base/java.util.ArrayList.forEach(ArrayList.java:1596)
at org.testng.TestRunner.privateRun(TestRunner.java:741)
at org.testng.TestRunner.run(TestRunner.java:616)
at org.testng.SuiteRunner.runTest(SuiteRunner.java:421)
at org.testng.SuiteRunner.runSequentially(SuiteRunner.java:413)
at org.testng.SuiteRunner.privateRun(SuiteRunner.java:373)
at org.testng.SuiteRunner.run(SuiteRunner.java:312)
at org.testng.SuiteRunnerWorker.runSuite(SuiteRunnerWorker.java:52)
at org.testng.SuiteRunnerWorker.run(SuiteRunnerWorker.java:95)
at org.testng.TestNG.runSuitesSequentially(TestNG.java:1274)
at org.testng.TestNG.runSuitesLocally(TestNG.java:1208)
at org.testng.TestNG.runSuites(TestNG.java:1112)
at org.testng.TestNG.run(TestNG.java:1079)
at org.testng.remote.AbstractRemoteTestNG.run(AbstractRemoteTestNG.java:115)
at org.testng.remote.RemoteTestNG.initAndRun(RemoteTestNG.java:293)
at org.testng.remote.RemoteTestNG.main(RemoteTestNG.java:91)
]]>
    </failure>
  </testcase> <!-- Add_case -->
  <testcase classname="Enterprise_Codeclouds.Project.Enterprise.Case_Appplications" name="Added_application_delete" time="0.0">
    <ignored/>
  </testcase> <!-- Added_application_delete -->
</testsuite> <!-- Default test -->
