<?xml version="1.0" encoding="UTF-8"?>
<!-- Generated by org.testng.reporters.JUnitXMLReporter -->
<testsuite ignored="4" hostname="CISPL-IO-539" failures="0" tests="1" name="Default test" time="21.161" errors="0" timestamp="2026-01-09T20:54:49 IST">
  <testcase classname="Enterprise_Codeclouds.Project.Enterprise.Law_Firm_Module" name="Add_Law_Firm" time="18.43"/>
  <testcase classname="Enterprise_Codeclouds.Project.Enterprise.Attorney_module" name="Attorney_Add" time="0.0">
    <ignored/>
  </testcase> <!-- Attorney_Add -->
  <testcase classname="Enterprise_Codeclouds.Project.Enterprise.Plaintiff_Module" name="Plaintiff_Add" time="0.0">
    <ignored/>
  </testcase> <!-- Plaintiff_Add -->
  <testcase classname="Enterprise_Codeclouds.Project.Enterprise.Attorney_module" name="Atttorney_Add_through_case" time="0.0">
    <ignored/>
  </testcase> <!-- Atttorney_Add_through_case -->
  <testcase classname="Enterprise_Codeclouds.Project.Enterprise.Case_Appplications" name="Add_case" time="0.0">
    <ignored/>
  </testcase> <!-- Add_case -->
</testsuite> <!-- Default test -->
