<?xml version="1.0" encoding="UTF-8"?>
<!-- Generated by org.testng.reporters.JUnitXMLReporter -->
<testsuite ignored="0" hostname="CISPL-IO-539" failures="0" tests="5" name="Default test" time="95.137" errors="0" timestamp="2026-01-15T16:57:35 IST">
  <testcase classname="Enterprise_Codeclouds.Project.Enterprise.User_Module" name="user_add" time="18.027"/>
  <testcase classname="Enterprise_Codeclouds.Project.Enterprise.User_Module" name="user_add" time="17.625"/>
  <testcase classname="Enterprise_Codeclouds.Project.Enterprise.User_Module" name="user_add" time="17.291"/>
  <testcase classname="Enterprise_Codeclouds.Project.Enterprise.User_Module" name="user_add" time="17.488"/>
  <testcase classname="Enterprise_Codeclouds.Project.Enterprise.User_Module" name="user_add" time="17.212"/>
</testsuite> <!-- Default test -->
