<?xml version="1.0" encoding="UTF-8"?>
<!-- Generated by org.testng.reporters.JUnitXMLReporter -->
<testsuite ignored="2" hostname="CISPL-IO-539" failures="0" tests="1" name="Default test" time="11.501" errors="0" timestamp="2025-12-18T14:35:37 IST">
  <testcase classname="Enterprise_Codeclouds.Project.Enterprise.Plaintiff_Module" name="Plaintiff_Add" time="8.252"/>
  <testcase classname="Enterprise_Codeclouds.Project.Enterprise.Case_Appplications" name="Added_application_delete" time="0.0">
    <ignored/>
  </testcase> <!-- Added_application_delete -->
  <testcase classname="Enterprise_Codeclouds.Project.Enterprise.Case_Appplications" name="Add_case" time="0.0">
    <ignored/>
  </testcase> <!-- Add_case -->
</testsuite> <!-- Default test -->
