<?xml version="1.0" encoding="UTF-8"?>
<!-- Generated by org.testng.reporters.JUnitXMLReporter -->
<testsuite ignored="1" hostname="CISPL-IO-539" failures="0" tests="1" name="Default test" time="89.293" errors="0" timestamp="2026-01-16T16:48:03 IST">
  <testcase classname="Enterprise_Codeclouds.Project.Enterprise.Case_Appplications" name="Buyout_Add_After_Contract_Generation_through_Edit_Terms" time="86.857"/>
  <testcase classname="Enterprise_Codeclouds.Project.Enterprise.Case_Appplications" name="Add_case" time="0.0">
    <ignored/>
  </testcase> <!-- Add_case -->
</testsuite> <!-- Default test -->
