<?xml version="1.0" encoding="UTF-8"?>
<!-- Generated by org.testng.reporters.JUnitXMLReporter -->
<testsuite ignored="0" hostname="user" failures="0" tests="3" name="Default test" time="148.048" errors="0" timestamp="2025-12-21T23:29:19 IST">
  <testcase classname="Negative_Testcases.Login_negative_testcases" name="login_validation" time="34.841"/>
  <testcase classname="Negative_Testcases.Login_negative_testcases" name="login_validation" time="9.074"/>
  <testcase classname="Negative_Testcases.Login_negative_testcases" name="login_validation" time="9.232"/>
</testsuite> <!-- Default test -->
