<?xml version="1.0" encoding="UTF-8"?>
<!-- Generated by org.testng.reporters.JUnitXMLReporter -->
<testsuite ignored="0" hostname="CISPL-IO-539" failures="0" tests="20" name="Default test" time="328.19" errors="0" timestamp="2026-01-12T16:00:24 IST">
  <testcase classname="Enterprise_Codeclouds.Project.Enterprise.User_Module" name="user_add" time="16.277"/>
  <testcase classname="Enterprise_Codeclouds.Project.Enterprise.User_Module" name="user_add" time="25.471"/>
  <testcase classname="Enterprise_Codeclouds.Project.Enterprise.User_Module" name="user_add" time="14.912"/>
  <testcase classname="Enterprise_Codeclouds.Project.Enterprise.User_Module" name="user_add" time="15.246"/>
  <testcase classname="Enterprise_Codeclouds.Project.Enterprise.User_Module" name="user_add" time="14.067"/>
  <testcase classname="Enterprise_Codeclouds.Project.Enterprise.User_Module" name="user_add" time="13.936"/>
  <testcase classname="Enterprise_Codeclouds.Project.Enterprise.User_Module" name="user_add" time="13.795"/>
  <testcase classname="Enterprise_Codeclouds.Project.Enterprise.User_Module" name="user_add" time="13.599"/>
  <testcase classname="Enterprise_Codeclouds.Project.Enterprise.User_Module" name="user_add" time="13.835"/>
  <testcase classname="Enterprise_Codeclouds.Project.Enterprise.User_Module" name="user_add" time="15.885"/>
  <testcase classname="Enterprise_Codeclouds.Project.Enterprise.User_Module" name="user_add" time="13.688"/>
  <testcase classname="Enterprise_Codeclouds.Project.Enterprise.User_Module" name="user_add" time="13.466"/>
  <testcase classname="Enterprise_Codeclouds.Project.Enterprise.User_Module" name="user_add" time="13.375"/>
  <testcase classname="Enterprise_Codeclouds.Project.Enterprise.User_Module" name="user_add" time="13.612"/>
  <testcase classname="Enterprise_Codeclouds.Project.Enterprise.User_Module" name="user_add" time="13.59"/>
  <testcase classname="Enterprise_Codeclouds.Project.Enterprise.User_Module" name="user_add" time="13.347"/>
  <testcase classname="Enterprise_Codeclouds.Project.Enterprise.User_Module" name="user_add" time="13.723"/>
  <testcase classname="Enterprise_Codeclouds.Project.Enterprise.User_Module" name="user_add" time="13.886"/>
  <testcase classname="Enterprise_Codeclouds.Project.Enterprise.User_Module" name="user_add" time="14.451"/>
  <testcase classname="Enterprise_Codeclouds.Project.Enterprise.User_Module" name="user_add" time="14.681"/>
</testsuite> <!-- Default test -->
