<?xml version="1.0" encoding="UTF-8"?>
<!-- Generated by org.testng.reporters.JUnitXMLReporter -->
<testsuite ignored="3" hostname="CISPL-IO-539" failures="0" tests="1" name="Default test" time="118.075" errors="0" timestamp="2026-01-30T14:21:23 IST">
  <testcase classname="Enterprise_Codeclouds.Project.Enterprise.Case_Appplications" name="Add_case" time="115.602"/>
  <testcase classname="Enterprise_Codeclouds.Project.Enterprise.Case_Appplications" name="Buyout_Add_After_Contract_Generation_through_Edit_Terms" time="0.0">
    <ignored/>
  </testcase> <!-- Buyout_Add_After_Contract_Generation_through_Edit_Terms -->
  <testcase classname="Enterprise_Codeclouds.Project.Enterprise.Case_Appplications" name="Message_Template_Creator" time="0.0">
    <ignored/>
  </testcase> <!-- Message_Template_Creator -->
  <testcase classname="Enterprise_Codeclouds.Project.Enterprise.Case_Appplications" name="Multiple_Application_Generator" time="0.0">
    <ignored/>
  </testcase> <!-- Multiple_Application_Generator -->
</testsuite> <!-- Default test -->
