<?xml version="1.0" encoding="UTF-8"?>
<!-- Generated by org.testng.reporters.JUnitXMLReporter -->
<testsuite ignored="7" hostname="CISPL-IO-539" failures="0" tests="10" name="Default test" time="193.344" errors="0" timestamp="2026-02-13T13:43:00 IST">
  <testcase classname="Enterprise_Codeclouds.Project.Enterprise.Leads" name="frontend_form_filler" time="17.386"/>
  <testcase classname="Enterprise_Codeclouds.Project.Enterprise.Leads" name="frontend_form_filler" time="19.497"/>
  <testcase classname="Enterprise_Codeclouds.Project.Enterprise.Leads" name="frontend_form_filler" time="15.774"/>
  <testcase classname="Enterprise_Codeclouds.Project.Enterprise.Leads" name="frontend_form_filler" time="23.467"/>
  <testcase classname="Enterprise_Codeclouds.Project.Enterprise.Leads" name="frontend_form_filler" time="15.812"/>
  <testcase classname="Enterprise_Codeclouds.Project.Enterprise.Leads" name="frontend_form_filler" time="15.705"/>
  <testcase classname="Enterprise_Codeclouds.Project.Enterprise.Leads" name="frontend_form_filler" time="12.253"/>
  <testcase classname="Enterprise_Codeclouds.Project.Enterprise.Leads" name="frontend_form_filler" time="18.367"/>
  <testcase classname="Enterprise_Codeclouds.Project.Enterprise.Leads" name="frontend_form_filler" time="13.061"/>
  <testcase classname="Enterprise_Codeclouds.Project.Enterprise.Leads" name="frontend_form_filler" time="22.31"/>
  <testcase classname="Enterprise_Codeclouds.Project.Enterprise.Case_Appplications" name="Multiple_Application_Generator" time="0.0">
    <ignored/>
  </testcase> <!-- Multiple_Application_Generator -->
  <testcase classname="Enterprise_Codeclouds.Project.Enterprise.Case_Appplications" name="Add_case" time="0.0">
    <ignored/>
  </testcase> <!-- Add_case -->
  <testcase classname="Enterprise_Codeclouds.Project.Enterprise.Case_Appplications" name="Particular_Lien_Accessor" time="0.0">
    <ignored/>
  </testcase> <!-- Particular_Lien_Accessor -->
  <testcase classname="Enterprise_Codeclouds.Project.Enterprise.Case_Appplications" name="Buyout_Add_and_Fees_changed_in_Revised_Contract" time="0.0">
    <ignored/>
  </testcase> <!-- Buyout_Add_and_Fees_changed_in_Revised_Contract -->
  <testcase classname="Enterprise_Codeclouds.Project.Enterprise.Case_Appplications" name="Message_Template_Creator" time="0.0">
    <ignored/>
  </testcase> <!-- Message_Template_Creator -->
  <testcase classname="Enterprise_Codeclouds.Project.Enterprise.Case_Appplications" name="Notes_Add" time="0.0">
    <ignored/>
  </testcase> <!-- Notes_Add -->
  <testcase classname="Enterprise_Codeclouds.Project.Enterprise.Case_Appplications" name="Buyout_Add_After_Contract_Generation_through_Edit_Terms" time="0.0">
    <ignored/>
  </testcase> <!-- Buyout_Add_After_Contract_Generation_through_Edit_Terms -->
</testsuite> <!-- Default test -->
