<?xml version="1.0" encoding="UTF-8"?>
<!-- Generated by org.testng.reporters.JUnitXMLReporter -->
<testsuite ignored="5" hostname="CISPL-IO-539" failures="0" tests="1" name="Default test" time="179.164" errors="0" timestamp="2026-02-04T14:56:37 IST">
  <testcase classname="Enterprise_Codeclouds.Project.Enterprise.Case_Appplications" name="Add_case" time="176.675"/>
  <testcase classname="Enterprise_Codeclouds.Project.Enterprise.Case_Appplications" name="Multiple_Application_Generator" time="0.0">
    <ignored/>
  </testcase> <!-- Multiple_Application_Generator -->
  <testcase classname="Enterprise_Codeclouds.Project.Enterprise.Case_Appplications" name="Buyout_Add_After_Contract_Generation_through_Edit_Terms" time="0.0">
    <ignored/>
  </testcase> <!-- Buyout_Add_After_Contract_Generation_through_Edit_Terms -->
  <testcase classname="Enterprise_Codeclouds.Project.Enterprise.Case_Appplications" name="Buyout_Add_and_Fees_changed_in_Revised_Contract" time="0.0">
    <ignored/>
  </testcase> <!-- Buyout_Add_and_Fees_changed_in_Revised_Contract -->
  <testcase classname="Enterprise_Codeclouds.Project.Enterprise.Case_Appplications" name="Message_Template_Creator" time="0.0">
    <ignored/>
  </testcase> <!-- Message_Template_Creator -->
  <testcase classname="Enterprise_Codeclouds.Project.Enterprise.Case_Appplications" name="Notes_Add" time="0.0">
    <ignored/>
  </testcase> <!-- Notes_Add -->
</testsuite> <!-- Default test -->
