<?xml version="1.0" encoding="UTF-8"?>
<!-- Generated by org.testng.reporters.JUnitXMLReporter -->
<testsuite ignored="0" hostname="CISPL-IO-539" failures="0" tests="4" name="Test" time="48.095" errors="0" timestamp="2025-12-09T16:18:54 IST">
  <testcase classname="Negative_Testcases.Login_negative_testcases" name="login_validation" time="12.627"/>
  <testcase classname="Negative_Testcases.Login_negative_testcases" name="login_validation" time="10.747"/>
  <testcase classname="Negative_Testcases.Login_negative_testcases" name="login_validation" time="11.195"/>
  <testcase classname="Enterprise_Codeclouds.Project.Enterprise.Login" name="login" time="6.088"/>
</testsuite> <!-- Test -->
