<?xml version="1.0" encoding="UTF-8"?>
<!-- Generated by org.testng.reporters.JUnitXMLReporter -->
<testsuite ignored="3" hostname="CISPL-IO-539" failures="0" tests="70" name="Test" time="4.313" errors="0" timestamp="2025-12-19T13:14:33 IST">
  <testcase classname="Enterprise_Codeclouds.Project.Enterprise.Base" name="@BeforeMethod setup" time="2.251">
    <failure type="io.github.bonigarcia.wdm.config.WebDriverManagerException" message="java.net.UnknownHostException: googlechromelabs.github.io">
      <![CDATA[io.github.bonigarcia.wdm.config.WebDriverManagerException: java.net.UnknownHostException: googlechromelabs.github.io
at io.github.bonigarcia.wdm.WebDriverManager.handleException(WebDriverManager.java:1443)
at io.github.bonigarcia.wdm.WebDriverManager.manage(WebDriverManager.java:1206)
at io.github.bonigarcia.wdm.WebDriverManager.fallback(WebDriverManager.java:1459)
at io.github.bonigarcia.wdm.WebDriverManager.handleException(WebDriverManager.java:1437)
at io.github.bonigarcia.wdm.WebDriverManager.manage(WebDriverManager.java:1206)
at io.github.bonigarcia.wdm.WebDriverManager.setup(WebDriverManager.java:429)
at Enterprise_Codeclouds.Project.Enterprise.Base.setup(Base.java:30)
at java.base/java.util.ArrayList.forEach(ArrayList.java:1596)
Caused by: java.net.UnknownHostException: googlechromelabs.github.io
at java.base/java.net.InetAddress$CachedLookup.get(InetAddress.java:988)
at java.base/java.net.InetAddress.getAllByName0(InetAddress.java:1818)
at java.base/java.net.InetAddress.getAllByName(InetAddress.java:1688)
at org.apache.hc.client5.http.SystemDefaultDnsResolver.resolve(SystemDefaultDnsResolver.java:61)
at org.apache.hc.client5.http.impl.io.DefaultHttpClientConnectionOperator.connect(DefaultHttpClientConnectionOperator.java:169)
at org.apache.hc.client5.http.impl.io.PoolingHttpClientConnectionManager.connect(PoolingHttpClientConnectionManager.java:490)
at org.apache.hc.client5.http.impl.classic.InternalExecRuntime.connectEndpoint(InternalExecRuntime.java:164)
at org.apache.hc.client5.http.impl.classic.InternalExecRuntime.connectEndpoint(InternalExecRuntime.java:174)
at org.apache.hc.client5.http.impl.classic.ConnectExec.execute(ConnectExec.java:144)
at org.apache.hc.client5.http.impl.classic.ExecChainElement.execute(ExecChainElement.java:51)
at org.apache.hc.client5.http.impl.classic.ProtocolExec.execute(ProtocolExec.java:192)
at org.apache.hc.client5.http.impl.classic.ExecChainElement.execute(ExecChainElement.java:51)
at org.apache.hc.client5.http.impl.classic.ContentCompressionExec.execute(ContentCompressionExec.java:150)
at org.apache.hc.client5.http.impl.classic.ExecChainElement.execute(ExecChainElement.java:51)
at org.apache.hc.client5.http.impl.classic.HttpRequestRetryExec.execute(HttpRequestRetryExec.java:113)
at org.apache.hc.client5.http.impl.classic.ExecChainElement.execute(ExecChainElement.java:51)
at org.apache.hc.client5.http.impl.classic.RedirectExec.execute(RedirectExec.java:110)
at org.apache.hc.client5.http.impl.classic.ExecChainElement.execute(ExecChainElement.java:51)
at org.apache.hc.client5.http.impl.classic.InternalHttpClient.doExecute(InternalHttpClient.java:183)
at org.apache.hc.client5.http.impl.classic.CloseableHttpClient.execute(CloseableHttpClient.java:87)
at org.apache.hc.client5.http.impl.classic.CloseableHttpClient.execute(CloseableHttpClient.java:55)
at org.apache.hc.client5.http.classic.HttpClient.executeOpen(HttpClient.java:183)
at io.github.bonigarcia.wdm.online.HttpClient.execute(HttpClient.java:151)
at io.github.bonigarcia.wdm.online.Parser.parseJson(Parser.java:54)
at io.github.bonigarcia.wdm.managers.ChromeDriverManager.getDriverUrls(ChromeDriverManager.java:127)
at io.github.bonigarcia.wdm.WebDriverManager.createUrlHandler(WebDriverManager.java:1464)
at io.github.bonigarcia.wdm.WebDriverManager.download(WebDriverManager.java:1294)
at io.github.bonigarcia.wdm.WebDriverManager.manage(WebDriverManager.java:1200)
... 35 more
... Removed 29 stack frames]]>
    </failure>
  </testcase> <!-- @BeforeMethod setup -->
  <testcase classname="Enterprise_Codeclouds.Project.Enterprise.Base" name="@AfterMethod Kill" time="0.0">
    <skipped/>
  </testcase> <!-- @AfterMethod Kill -->
  <testcase classname="Enterprise_Codeclouds.Project.Enterprise.Base" name="@BeforeMethod setup" time="0.0">
    <skipped/>
  </testcase> <!-- @BeforeMethod setup -->
  <testcase classname="Enterprise_Codeclouds.Project.Enterprise.Base" name="@AfterMethod Kill" time="0.0">
    <skipped/>
  </testcase> <!-- @AfterMethod Kill -->
  <testcase classname="Enterprise_Codeclouds.Project.Enterprise.Base" name="@BeforeMethod setup" time="0.0">
    <skipped/>
  </testcase> <!-- @BeforeMethod setup -->
  <testcase classname="Enterprise_Codeclouds.Project.Enterprise.Base" name="@AfterMethod Kill" time="0.0">
    <skipped/>
  </testcase> <!-- @AfterMethod Kill -->
  <testcase classname="Enterprise_Codeclouds.Project.Enterprise.Base" name="@BeforeMethod setup" time="0.0">
    <skipped/>
  </testcase> <!-- @BeforeMethod setup -->
  <testcase classname="Enterprise_Codeclouds.Project.Enterprise.Base" name="@AfterMethod Kill" time="0.0">
    <skipped/>
  </testcase> <!-- @AfterMethod Kill -->
  <testcase classname="Enterprise_Codeclouds.Project.Enterprise.Base" name="@BeforeMethod setup" time="0.0">
    <skipped/>
  </testcase> <!-- @BeforeMethod setup -->
  <testcase classname="Enterprise_Codeclouds.Project.Enterprise.Base" name="@AfterMethod Kill" time="0.0">
    <skipped/>
  </testcase> <!-- @AfterMethod Kill -->
  <testcase classname="Enterprise_Codeclouds.Project.Enterprise.Base" name="@BeforeMethod setup" time="0.0">
    <skipped/>
  </testcase> <!-- @BeforeMethod setup -->
  <testcase classname="Enterprise_Codeclouds.Project.Enterprise.Base" name="@AfterMethod Kill" time="0.0">
    <skipped/>
  </testcase> <!-- @AfterMethod Kill -->
  <testcase classname="Enterprise_Codeclouds.Project.Enterprise.Base" name="@BeforeMethod setup" time="0.0">
    <skipped/>
  </testcase> <!-- @BeforeMethod setup -->
  <testcase classname="Enterprise_Codeclouds.Project.Enterprise.Base" name="@AfterMethod Kill" time="0.0">
    <skipped/>
  </testcase> <!-- @AfterMethod Kill -->
  <testcase classname="Enterprise_Codeclouds.Project.Enterprise.Base" name="@BeforeMethod setup" time="0.0">
    <skipped/>
  </testcase> <!-- @BeforeMethod setup -->
  <testcase classname="Enterprise_Codeclouds.Project.Enterprise.Base" name="@AfterMethod Kill" time="0.0">
    <skipped/>
  </testcase> <!-- @AfterMethod Kill -->
  <testcase classname="Enterprise_Codeclouds.Project.Enterprise.Base" name="@BeforeMethod setup" time="0.0">
    <skipped/>
  </testcase> <!-- @BeforeMethod setup -->
  <testcase classname="Enterprise_Codeclouds.Project.Enterprise.Base" name="@AfterMethod Kill" time="0.0">
    <skipped/>
  </testcase> <!-- @AfterMethod Kill -->
  <testcase classname="Enterprise_Codeclouds.Project.Enterprise.Base" name="@BeforeMethod setup" time="0.0">
    <skipped/>
  </testcase> <!-- @BeforeMethod setup -->
  <testcase classname="Enterprise_Codeclouds.Project.Enterprise.Base" name="@AfterMethod Kill" time="0.0">
    <skipped/>
  </testcase> <!-- @AfterMethod Kill -->
  <testcase classname="Enterprise_Codeclouds.Project.Enterprise.Base" name="@BeforeMethod setup" time="0.0">
    <skipped/>
  </testcase> <!-- @BeforeMethod setup -->
  <testcase classname="Enterprise_Codeclouds.Project.Enterprise.Base" name="@AfterMethod Kill" time="0.0">
    <skipped/>
  </testcase> <!-- @AfterMethod Kill -->
  <testcase classname="Enterprise_Codeclouds.Project.Enterprise.Base" name="@BeforeMethod setup" time="0.0">
    <skipped/>
  </testcase> <!-- @BeforeMethod setup -->
  <testcase classname="Enterprise_Codeclouds.Project.Enterprise.Base" name="@AfterMethod Kill" time="0.0">
    <skipped/>
  </testcase> <!-- @AfterMethod Kill -->
  <testcase classname="Enterprise_Codeclouds.Project.Enterprise.Base" name="@BeforeMethod setup" time="0.0">
    <skipped/>
  </testcase> <!-- @BeforeMethod setup -->
  <testcase classname="Enterprise_Codeclouds.Project.Enterprise.Base" name="@AfterMethod Kill" time="0.0">
    <skipped/>
  </testcase> <!-- @AfterMethod Kill -->
  <testcase classname="Enterprise_Codeclouds.Project.Enterprise.Base" name="@BeforeMethod setup" time="0.0">
    <skipped/>
  </testcase> <!-- @BeforeMethod setup -->
  <testcase classname="Enterprise_Codeclouds.Project.Enterprise.Base" name="@AfterMethod Kill" time="0.0">
    <skipped/>
  </testcase> <!-- @AfterMethod Kill -->
  <testcase classname="Enterprise_Codeclouds.Project.Enterprise.Base" name="@BeforeMethod setup" time="0.0">
    <skipped/>
  </testcase> <!-- @BeforeMethod setup -->
  <testcase classname="Enterprise_Codeclouds.Project.Enterprise.Base" name="@AfterMethod Kill" time="0.0">
    <skipped/>
  </testcase> <!-- @AfterMethod Kill -->
  <testcase classname="Enterprise_Codeclouds.Project.Enterprise.Base" name="@BeforeMethod setup" time="0.0">
    <skipped/>
  </testcase> <!-- @BeforeMethod setup -->
  <testcase classname="Enterprise_Codeclouds.Project.Enterprise.Base" name="@AfterMethod Kill" time="0.0">
    <skipped/>
  </testcase> <!-- @AfterMethod Kill -->
  <testcase classname="Enterprise_Codeclouds.Project.Enterprise.Base" name="@BeforeMethod setup" time="0.0">
    <skipped/>
  </testcase> <!-- @BeforeMethod setup -->
  <testcase classname="Enterprise_Codeclouds.Project.Enterprise.Base" name="@AfterMethod Kill" time="0.0">
    <skipped/>
  </testcase> <!-- @AfterMethod Kill -->
  <testcase classname="Enterprise_Codeclouds.Project.Enterprise.Base" name="@BeforeMethod setup" time="0.0">
    <skipped/>
  </testcase> <!-- @BeforeMethod setup -->
  <testcase classname="Enterprise_Codeclouds.Project.Enterprise.Base" name="@AfterMethod Kill" time="0.0">
    <skipped/>
  </testcase> <!-- @AfterMethod Kill -->
  <testcase classname="Enterprise_Codeclouds.Project.Enterprise.Base" name="@BeforeMethod setup" time="0.0">
    <skipped/>
  </testcase> <!-- @BeforeMethod setup -->
  <testcase classname="Enterprise_Codeclouds.Project.Enterprise.Base" name="@AfterMethod Kill" time="0.0">
    <skipped/>
  </testcase> <!-- @AfterMethod Kill -->
  <testcase classname="Enterprise_Codeclouds.Project.Enterprise.Base" name="@BeforeMethod setup" time="0.0">
    <skipped/>
  </testcase> <!-- @BeforeMethod setup -->
  <testcase classname="Enterprise_Codeclouds.Project.Enterprise.Base" name="@AfterMethod Kill" time="0.0">
    <skipped/>
  </testcase> <!-- @AfterMethod Kill -->
  <testcase classname="Enterprise_Codeclouds.Project.Enterprise.Base" name="@BeforeMethod setup" time="0.0">
    <skipped/>
  </testcase> <!-- @BeforeMethod setup -->
  <testcase classname="Enterprise_Codeclouds.Project.Enterprise.Base" name="@AfterMethod Kill" time="0.0">
    <skipped/>
  </testcase> <!-- @AfterMethod Kill -->
  <testcase classname="Enterprise_Codeclouds.Project.Enterprise.Base" name="@BeforeMethod setup" time="0.0">
    <skipped/>
  </testcase> <!-- @BeforeMethod setup -->
  <testcase classname="Enterprise_Codeclouds.Project.Enterprise.Base" name="@AfterMethod Kill" time="0.0">
    <skipped/>
  </testcase> <!-- @AfterMethod Kill -->
  <testcase classname="Enterprise_Codeclouds.Project.Enterprise.Base" name="@BeforeMethod setup" time="0.0">
    <skipped/>
  </testcase> <!-- @BeforeMethod setup -->
  <testcase classname="Enterprise_Codeclouds.Project.Enterprise.Base" name="@AfterMethod Kill" time="0.0">
    <skipped/>
  </testcase> <!-- @AfterMethod Kill -->
  <testcase classname="Enterprise_Codeclouds.Project.Enterprise.Base" name="@BeforeMethod setup" time="0.0">
    <skipped/>
  </testcase> <!-- @BeforeMethod setup -->
  <testcase classname="Enterprise_Codeclouds.Project.Enterprise.Base" name="@AfterMethod Kill" time="0.0">
    <skipped/>
  </testcase> <!-- @AfterMethod Kill -->
  <testcase classname="Enterprise_Codeclouds.Project.Enterprise.Base" name="@BeforeMethod setup" time="0.0">
    <skipped/>
  </testcase> <!-- @BeforeMethod setup -->
  <testcase classname="Enterprise_Codeclouds.Project.Enterprise.Base" name="@AfterMethod Kill" time="0.0">
    <skipped/>
  </testcase> <!-- @AfterMethod Kill -->
  <testcase classname="Enterprise_Codeclouds.Project.Enterprise.Base" name="@BeforeMethod setup" time="0.0">
    <skipped/>
  </testcase> <!-- @BeforeMethod setup -->
  <testcase classname="Enterprise_Codeclouds.Project.Enterprise.Base" name="@AfterMethod Kill" time="0.0">
    <skipped/>
  </testcase> <!-- @AfterMethod Kill -->
  <testcase classname="Enterprise_Codeclouds.Project.Enterprise.Base" name="@BeforeMethod setup" time="0.0">
    <skipped/>
  </testcase> <!-- @BeforeMethod setup -->
  <testcase classname="Enterprise_Codeclouds.Project.Enterprise.Base" name="@AfterMethod Kill" time="0.0">
    <skipped/>
  </testcase> <!-- @AfterMethod Kill -->
  <testcase classname="Enterprise_Codeclouds.Project.Enterprise.Base" name="@BeforeMethod setup" time="0.0">
    <skipped/>
  </testcase> <!-- @BeforeMethod setup -->
  <testcase classname="Enterprise_Codeclouds.Project.Enterprise.Base" name="@AfterMethod Kill" time="0.0">
    <skipped/>
  </testcase> <!-- @AfterMethod Kill -->
  <testcase classname="Enterprise_Codeclouds.Project.Enterprise.Base" name="@BeforeMethod setup" time="0.0">
    <skipped/>
  </testcase> <!-- @BeforeMethod setup -->
  <testcase classname="Enterprise_Codeclouds.Project.Enterprise.Base" name="@AfterMethod Kill" time="0.0">
    <skipped/>
  </testcase> <!-- @AfterMethod Kill -->
  <testcase classname="Enterprise_Codeclouds.Project.Enterprise.Base" name="@BeforeMethod setup" time="0.0">
    <skipped/>
  </testcase> <!-- @BeforeMethod setup -->
  <testcase classname="Enterprise_Codeclouds.Project.Enterprise.Base" name="@AfterMethod Kill" time="0.0">
    <skipped/>
  </testcase> <!-- @AfterMethod Kill -->
  <testcase classname="Enterprise_Codeclouds.Project.Enterprise.Base" name="@BeforeMethod setup" time="0.0">
    <skipped/>
  </testcase> <!-- @BeforeMethod setup -->
  <testcase classname="Enterprise_Codeclouds.Project.Enterprise.Base" name="@AfterMethod Kill" time="0.0">
    <skipped/>
  </testcase> <!-- @AfterMethod Kill -->
  <testcase classname="Enterprise_Codeclouds.Project.Enterprise.Base" name="@BeforeMethod setup" time="0.0">
    <skipped/>
  </testcase> <!-- @BeforeMethod setup -->
  <testcase classname="Enterprise_Codeclouds.Project.Enterprise.Base" name="@AfterMethod Kill" time="0.0">
    <skipped/>
  </testcase> <!-- @AfterMethod Kill -->
  <testcase classname="Enterprise_Codeclouds.Project.Enterprise.Base" name="@BeforeMethod setup" time="0.0">
    <skipped/>
  </testcase> <!-- @BeforeMethod setup -->
  <testcase classname="Enterprise_Codeclouds.Project.Enterprise.Base" name="@AfterMethod Kill" time="0.0">
    <skipped/>
  </testcase> <!-- @AfterMethod Kill -->
  <testcase classname="Enterprise_Codeclouds.Project.Enterprise.Base" name="@BeforeMethod setup" time="0.0">
    <skipped/>
  </testcase> <!-- @BeforeMethod setup -->
  <testcase classname="Enterprise_Codeclouds.Project.Enterprise.Base" name="@AfterMethod Kill" time="0.0">
    <skipped/>
  </testcase> <!-- @AfterMethod Kill -->
  <testcase classname="Enterprise_Codeclouds.Project.Enterprise.Base" name="@BeforeMethod setup" time="0.0">
    <skipped/>
  </testcase> <!-- @BeforeMethod setup -->
  <testcase classname="Enterprise_Codeclouds.Project.Enterprise.Base" name="@AfterMethod Kill" time="0.0">
    <skipped/>
  </testcase> <!-- @AfterMethod Kill -->
  <testcase classname="Enterprise_Codeclouds.Project.Enterprise.Base" name="@BeforeMethod setup" time="0.0">
    <skipped/>
  </testcase> <!-- @BeforeMethod setup -->
  <testcase classname="Enterprise_Codeclouds.Project.Enterprise.Base" name="@AfterMethod Kill" time="0.0">
    <skipped/>
  </testcase> <!-- @AfterMethod Kill -->
  <testcase classname="Enterprise_Codeclouds.Project.Enterprise.Base" name="@BeforeMethod setup" time="0.0">
    <skipped/>
  </testcase> <!-- @BeforeMethod setup -->
  <testcase classname="Enterprise_Codeclouds.Project.Enterprise.Base" name="@AfterMethod Kill" time="0.0">
    <skipped/>
  </testcase> <!-- @AfterMethod Kill -->
  <testcase classname="Enterprise_Codeclouds.Project.Enterprise.Base" name="@BeforeMethod setup" time="0.0">
    <skipped/>
  </testcase> <!-- @BeforeMethod setup -->
  <testcase classname="Enterprise_Codeclouds.Project.Enterprise.Base" name="@AfterMethod Kill" time="0.0">
    <skipped/>
  </testcase> <!-- @AfterMethod Kill -->
  <testcase classname="Enterprise_Codeclouds.Project.Enterprise.Base" name="@BeforeMethod setup" time="0.0">
    <skipped/>
  </testcase> <!-- @BeforeMethod setup -->
  <testcase classname="Enterprise_Codeclouds.Project.Enterprise.Base" name="@AfterMethod Kill" time="0.0">
    <skipped/>
  </testcase> <!-- @AfterMethod Kill -->
  <testcase classname="Enterprise_Codeclouds.Project.Enterprise.Base" name="@BeforeMethod setup" time="0.0">
    <skipped/>
  </testcase> <!-- @BeforeMethod setup -->
  <testcase classname="Enterprise_Codeclouds.Project.Enterprise.Base" name="@AfterMethod Kill" time="0.0">
    <skipped/>
  </testcase> <!-- @AfterMethod Kill -->
  <testcase classname="Enterprise_Codeclouds.Project.Enterprise.Base" name="@BeforeMethod setup" time="0.0">
    <skipped/>
  </testcase> <!-- @BeforeMethod setup -->
  <testcase classname="Enterprise_Codeclouds.Project.Enterprise.Base" name="@AfterMethod Kill" time="0.0">
    <skipped/>
  </testcase> <!-- @AfterMethod Kill -->
  <testcase classname="Enterprise_Codeclouds.Project.Enterprise.Base" name="@BeforeMethod setup" time="0.0">
    <skipped/>
  </testcase> <!-- @BeforeMethod setup -->
  <testcase classname="Enterprise_Codeclouds.Project.Enterprise.Base" name="@AfterMethod Kill" time="0.0">
    <skipped/>
  </testcase> <!-- @AfterMethod Kill -->
  <testcase classname="Enterprise_Codeclouds.Project.Enterprise.Base" name="@BeforeMethod setup" time="0.0">
    <skipped/>
  </testcase> <!-- @BeforeMethod setup -->
  <testcase classname="Enterprise_Codeclouds.Project.Enterprise.Base" name="@AfterMethod Kill" time="0.0">
    <skipped/>
  </testcase> <!-- @AfterMethod Kill -->
  <testcase classname="Enterprise_Codeclouds.Project.Enterprise.Base" name="@BeforeMethod setup" time="0.0">
    <skipped/>
  </testcase> <!-- @BeforeMethod setup -->
  <testcase classname="Enterprise_Codeclouds.Project.Enterprise.Base" name="@AfterMethod Kill" time="0.0">
    <skipped/>
  </testcase> <!-- @AfterMethod Kill -->
  <testcase classname="Enterprise_Codeclouds.Project.Enterprise.Base" name="@BeforeMethod setup" time="0.0">
    <skipped/>
  </testcase> <!-- @BeforeMethod setup -->
  <testcase classname="Enterprise_Codeclouds.Project.Enterprise.Base" name="@AfterMethod Kill" time="0.0">
    <skipped/>
  </testcase> <!-- @AfterMethod Kill -->
  <testcase classname="Enterprise_Codeclouds.Project.Enterprise.Base" name="@BeforeMethod setup" time="0.0">
    <skipped/>
  </testcase> <!-- @BeforeMethod setup -->
  <testcase classname="Enterprise_Codeclouds.Project.Enterprise.Base" name="@AfterMethod Kill" time="0.0">
    <skipped/>
  </testcase> <!-- @AfterMethod Kill -->
  <testcase classname="Enterprise_Codeclouds.Project.Enterprise.Base" name="@BeforeMethod setup" time="0.0">
    <skipped/>
  </testcase> <!-- @BeforeMethod setup -->
  <testcase classname="Enterprise_Codeclouds.Project.Enterprise.Base" name="@AfterMethod Kill" time="0.0">
    <skipped/>
  </testcase> <!-- @AfterMethod Kill -->
  <testcase classname="Enterprise_Codeclouds.Project.Enterprise.Base" name="@BeforeMethod setup" time="0.0">
    <skipped/>
  </testcase> <!-- @BeforeMethod setup -->
  <testcase classname="Enterprise_Codeclouds.Project.Enterprise.Base" name="@AfterMethod Kill" time="0.0">
    <skipped/>
  </testcase> <!-- @AfterMethod Kill -->
  <testcase classname="Enterprise_Codeclouds.Project.Enterprise.Base" name="@BeforeMethod setup" time="0.0">
    <skipped/>
  </testcase> <!-- @BeforeMethod setup -->
  <testcase classname="Enterprise_Codeclouds.Project.Enterprise.Base" name="@AfterMethod Kill" time="0.0">
    <skipped/>
  </testcase> <!-- @AfterMethod Kill -->
  <testcase classname="Enterprise_Codeclouds.Project.Enterprise.Base" name="@BeforeMethod setup" time="0.0">
    <skipped/>
  </testcase> <!-- @BeforeMethod setup -->
  <testcase classname="Enterprise_Codeclouds.Project.Enterprise.Base" name="@AfterMethod Kill" time="0.0">
    <skipped/>
  </testcase> <!-- @AfterMethod Kill -->
  <testcase classname="Enterprise_Codeclouds.Project.Enterprise.Base" name="@BeforeMethod setup" time="1.257">
    <failure type="io.github.bonigarcia.wdm.config.WebDriverManagerException" message="java.net.UnknownHostException: googlechromelabs.github.io">
      <![CDATA[io.github.bonigarcia.wdm.config.WebDriverManagerException: java.net.UnknownHostException: googlechromelabs.github.io
at io.github.bonigarcia.wdm.WebDriverManager.handleException(WebDriverManager.java:1443)
at io.github.bonigarcia.wdm.WebDriverManager.manage(WebDriverManager.java:1206)
at io.github.bonigarcia.wdm.WebDriverManager.fallback(WebDriverManager.java:1459)
at io.github.bonigarcia.wdm.WebDriverManager.handleException(WebDriverManager.java:1437)
at io.github.bonigarcia.wdm.WebDriverManager.manage(WebDriverManager.java:1206)
at io.github.bonigarcia.wdm.WebDriverManager.setup(WebDriverManager.java:429)
at Enterprise_Codeclouds.Project.Enterprise.Base.setup(Base.java:30)
at java.base/java.util.ArrayList.forEach(ArrayList.java:1596)
Caused by: java.net.UnknownHostException: googlechromelabs.github.io
at java.base/java.net.InetAddress$CachedLookup.get(InetAddress.java:988)
at java.base/java.net.InetAddress.getAllByName0(InetAddress.java:1818)
at java.base/java.net.InetAddress.getAllByName(InetAddress.java:1688)
at org.apache.hc.client5.http.SystemDefaultDnsResolver.resolve(SystemDefaultDnsResolver.java:61)
at org.apache.hc.client5.http.impl.io.DefaultHttpClientConnectionOperator.connect(DefaultHttpClientConnectionOperator.java:169)
at org.apache.hc.client5.http.impl.io.PoolingHttpClientConnectionManager.connect(PoolingHttpClientConnectionManager.java:490)
at org.apache.hc.client5.http.impl.classic.InternalExecRuntime.connectEndpoint(InternalExecRuntime.java:164)
at org.apache.hc.client5.http.impl.classic.InternalExecRuntime.connectEndpoint(InternalExecRuntime.java:174)
at org.apache.hc.client5.http.impl.classic.ConnectExec.execute(ConnectExec.java:144)
at org.apache.hc.client5.http.impl.classic.ExecChainElement.execute(ExecChainElement.java:51)
at org.apache.hc.client5.http.impl.classic.ProtocolExec.execute(ProtocolExec.java:192)
at org.apache.hc.client5.http.impl.classic.ExecChainElement.execute(ExecChainElement.java:51)
at org.apache.hc.client5.http.impl.classic.ContentCompressionExec.execute(ContentCompressionExec.java:150)
at org.apache.hc.client5.http.impl.classic.ExecChainElement.execute(ExecChainElement.java:51)
at org.apache.hc.client5.http.impl.classic.HttpRequestRetryExec.execute(HttpRequestRetryExec.java:113)
at org.apache.hc.client5.http.impl.classic.ExecChainElement.execute(ExecChainElement.java:51)
at org.apache.hc.client5.http.impl.classic.RedirectExec.execute(RedirectExec.java:110)
at org.apache.hc.client5.http.impl.classic.ExecChainElement.execute(ExecChainElement.java:51)
at org.apache.hc.client5.http.impl.classic.InternalHttpClient.doExecute(InternalHttpClient.java:183)
at org.apache.hc.client5.http.impl.classic.CloseableHttpClient.execute(CloseableHttpClient.java:87)
at org.apache.hc.client5.http.impl.classic.CloseableHttpClient.execute(CloseableHttpClient.java:55)
at org.apache.hc.client5.http.classic.HttpClient.executeOpen(HttpClient.java:183)
at io.github.bonigarcia.wdm.online.HttpClient.execute(HttpClient.java:151)
at io.github.bonigarcia.wdm.online.Parser.parseJson(Parser.java:54)
at io.github.bonigarcia.wdm.managers.ChromeDriverManager.getDriverUrls(ChromeDriverManager.java:127)
at io.github.bonigarcia.wdm.WebDriverManager.createUrlHandler(WebDriverManager.java:1464)
at io.github.bonigarcia.wdm.WebDriverManager.download(WebDriverManager.java:1294)
at io.github.bonigarcia.wdm.WebDriverManager.manage(WebDriverManager.java:1200)
... 35 more
... Removed 29 stack frames]]>
    </failure>
  </testcase> <!-- @BeforeMethod setup -->
  <testcase classname="Enterprise_Codeclouds.Project.Enterprise.Base" name="@AfterMethod Kill" time="0.0">
    <skipped/>
  </testcase> <!-- @AfterMethod Kill -->
  <testcase classname="Enterprise_Codeclouds.Project.Enterprise.Base" name="@BeforeMethod setup" time="0.0">
    <skipped/>
  </testcase> <!-- @BeforeMethod setup -->
  <testcase classname="Enterprise_Codeclouds.Project.Enterprise.Base" name="@AfterMethod Kill" time="0.0">
    <skipped/>
  </testcase> <!-- @AfterMethod Kill -->
  <testcase classname="Enterprise_Codeclouds.Project.Enterprise.Base" name="@BeforeMethod setup" time="0.0">
    <skipped/>
  </testcase> <!-- @BeforeMethod setup -->
  <testcase classname="Enterprise_Codeclouds.Project.Enterprise.Base" name="@AfterMethod Kill" time="0.0">
    <skipped/>
  </testcase> <!-- @AfterMethod Kill -->
  <testcase classname="Enterprise_Codeclouds.Project.Enterprise.Base" name="@BeforeMethod setup" time="0.0">
    <skipped/>
  </testcase> <!-- @BeforeMethod setup -->
  <testcase classname="Enterprise_Codeclouds.Project.Enterprise.Base" name="@AfterMethod Kill" time="0.0">
    <skipped/>
  </testcase> <!-- @AfterMethod Kill -->
  <testcase classname="Enterprise_Codeclouds.Project.Enterprise.Base" name="@BeforeMethod setup" time="0.0">
    <skipped/>
  </testcase> <!-- @BeforeMethod setup -->
  <testcase classname="Enterprise_Codeclouds.Project.Enterprise.Base" name="@AfterMethod Kill" time="0.0">
    <skipped/>
  </testcase> <!-- @AfterMethod Kill -->
  <testcase classname="Enterprise_Codeclouds.Project.Enterprise.Base" name="@BeforeMethod setup" time="0.0">
    <skipped/>
  </testcase> <!-- @BeforeMethod setup -->
  <testcase classname="Enterprise_Codeclouds.Project.Enterprise.Base" name="@AfterMethod Kill" time="0.0">
    <skipped/>
  </testcase> <!-- @AfterMethod Kill -->
  <testcase classname="Enterprise_Codeclouds.Project.Enterprise.Base" name="@BeforeMethod setup" time="0.0">
    <skipped/>
  </testcase> <!-- @BeforeMethod setup -->
  <testcase classname="Enterprise_Codeclouds.Project.Enterprise.Base" name="@AfterMethod Kill" time="0.0">
    <skipped/>
  </testcase> <!-- @AfterMethod Kill -->
  <testcase classname="Enterprise_Codeclouds.Project.Enterprise.Base" name="@BeforeMethod setup" time="0.0">
    <skipped/>
  </testcase> <!-- @BeforeMethod setup -->
  <testcase classname="Enterprise_Codeclouds.Project.Enterprise.Base" name="@AfterMethod Kill" time="0.0">
    <skipped/>
  </testcase> <!-- @AfterMethod Kill -->
  <testcase classname="Enterprise_Codeclouds.Project.Enterprise.Base" name="@BeforeMethod setup" time="0.0">
    <skipped/>
  </testcase> <!-- @BeforeMethod setup -->
  <testcase classname="Enterprise_Codeclouds.Project.Enterprise.Base" name="@AfterMethod Kill" time="0.0">
    <skipped/>
  </testcase> <!-- @AfterMethod Kill -->
  <testcase classname="Enterprise_Codeclouds.Project.Enterprise.Base" name="@BeforeMethod setup" time="0.0">
    <skipped/>
  </testcase> <!-- @BeforeMethod setup -->
  <testcase classname="Enterprise_Codeclouds.Project.Enterprise.Base" name="@AfterMethod Kill" time="0.0">
    <skipped/>
  </testcase> <!-- @AfterMethod Kill -->
  <testcase classname="Enterprise_Codeclouds.Project.Enterprise.Base" name="@BeforeMethod setup" time="0.0">
    <skipped/>
  </testcase> <!-- @BeforeMethod setup -->
  <testcase classname="Enterprise_Codeclouds.Project.Enterprise.Base" name="@AfterMethod Kill" time="0.0">
    <skipped/>
  </testcase> <!-- @AfterMethod Kill -->
  <testcase classname="Enterprise_Codeclouds.Project.Enterprise.Base" name="@BeforeMethod setup" time="0.0">
    <skipped/>
  </testcase> <!-- @BeforeMethod setup -->
  <testcase classname="Enterprise_Codeclouds.Project.Enterprise.Base" name="@AfterMethod Kill" time="0.0">
    <skipped/>
  </testcase> <!-- @AfterMethod Kill -->
  <testcase classname="Enterprise_Codeclouds.Project.Enterprise.Base" name="@BeforeMethod setup" time="0.0">
    <skipped/>
  </testcase> <!-- @BeforeMethod setup -->
  <testcase classname="Enterprise_Codeclouds.Project.Enterprise.Base" name="@AfterMethod Kill" time="0.0">
    <skipped/>
  </testcase> <!-- @AfterMethod Kill -->
  <testcase classname="Enterprise_Codeclouds.Project.Enterprise.Base" name="@BeforeMethod setup" time="0.0">
    <skipped/>
  </testcase> <!-- @BeforeMethod setup -->
  <testcase classname="Enterprise_Codeclouds.Project.Enterprise.Base" name="@AfterMethod Kill" time="0.0">
    <skipped/>
  </testcase> <!-- @AfterMethod Kill -->
  <testcase classname="Enterprise_Codeclouds.Project.Enterprise.Base" name="@BeforeMethod setup" time="0.0">
    <skipped/>
  </testcase> <!-- @BeforeMethod setup -->
  <testcase classname="Enterprise_Codeclouds.Project.Enterprise.Base" name="@AfterMethod Kill" time="0.0">
    <skipped/>
  </testcase> <!-- @AfterMethod Kill -->
  <testcase classname="Enterprise_Codeclouds.Project.Enterprise.Base" name="@BeforeMethod setup" time="0.0">
    <skipped/>
  </testcase> <!-- @BeforeMethod setup -->
  <testcase classname="Enterprise_Codeclouds.Project.Enterprise.Base" name="@AfterMethod Kill" time="0.0">
    <skipped/>
  </testcase> <!-- @AfterMethod Kill -->
  <testcase classname="Enterprise_Codeclouds.Project.Enterprise.Base" name="@BeforeMethod setup" time="0.0">
    <skipped/>
  </testcase> <!-- @BeforeMethod setup -->
  <testcase classname="Enterprise_Codeclouds.Project.Enterprise.Base" name="@AfterMethod Kill" time="0.0">
    <skipped/>
  </testcase> <!-- @AfterMethod Kill -->
  <testcase classname="Enterprise_Codeclouds.Project.Enterprise.Base" name="@BeforeMethod setup" time="0.0">
    <skipped/>
  </testcase> <!-- @BeforeMethod setup -->
  <testcase classname="Enterprise_Codeclouds.Project.Enterprise.Base" name="@AfterMethod Kill" time="0.0">
    <skipped/>
  </testcase> <!-- @AfterMethod Kill -->
  <testcase classname="Enterprise_Codeclouds.Project.Enterprise.Base" name="@BeforeMethod setup" time="0.0">
    <skipped/>
  </testcase> <!-- @BeforeMethod setup -->
  <testcase classname="Enterprise_Codeclouds.Project.Enterprise.Base" name="@AfterMethod Kill" time="0.0">
    <skipped/>
  </testcase> <!-- @AfterMethod Kill -->
  <testcase classname="Enterprise_Codeclouds.Project.Enterprise.Base" name="@BeforeMethod setup" time="0.0">
    <skipped/>
  </testcase> <!-- @BeforeMethod setup -->
  <testcase classname="Enterprise_Codeclouds.Project.Enterprise.Base" name="@AfterMethod Kill" time="0.0">
    <skipped/>
  </testcase> <!-- @AfterMethod Kill -->
  <testcase classname="Enterprise_Codeclouds.Project.Enterprise.Plaintiff_Module" name="Plaintiff_Add" time="0.0">
    <skipped/>
  </testcase> <!-- Plaintiff_Add -->
  <testcase classname="Enterprise_Codeclouds.Project.Enterprise.Plaintiff_Module" name="Plaintiff_Add" time="0.001">
    <skipped/>
  </testcase> <!-- Plaintiff_Add -->
  <testcase classname="Enterprise_Codeclouds.Project.Enterprise.Plaintiff_Module" name="Plaintiff_Add" time="0.0">
    <skipped/>
  </testcase> <!-- Plaintiff_Add -->
  <testcase classname="Enterprise_Codeclouds.Project.Enterprise.Plaintiff_Module" name="Plaintiff_Add" time="0.0">
    <skipped/>
  </testcase> <!-- Plaintiff_Add -->
  <testcase classname="Enterprise_Codeclouds.Project.Enterprise.Plaintiff_Module" name="Plaintiff_Add" time="0.0">
    <skipped/>
  </testcase> <!-- Plaintiff_Add -->
  <testcase classname="Enterprise_Codeclouds.Project.Enterprise.Plaintiff_Module" name="Plaintiff_Add" time="0.0">
    <skipped/>
  </testcase> <!-- Plaintiff_Add -->
  <testcase classname="Enterprise_Codeclouds.Project.Enterprise.Plaintiff_Module" name="Plaintiff_Add" time="0.0">
    <skipped/>
  </testcase> <!-- Plaintiff_Add -->
  <testcase classname="Enterprise_Codeclouds.Project.Enterprise.Plaintiff_Module" name="Plaintiff_Add" time="0.0">
    <skipped/>
  </testcase> <!-- Plaintiff_Add -->
  <testcase classname="Enterprise_Codeclouds.Project.Enterprise.Plaintiff_Module" name="Plaintiff_Add" time="0.0">
    <skipped/>
  </testcase> <!-- Plaintiff_Add -->
  <testcase classname="Enterprise_Codeclouds.Project.Enterprise.Plaintiff_Module" name="Plaintiff_Add" time="0.0">
    <skipped/>
  </testcase> <!-- Plaintiff_Add -->
  <testcase classname="Enterprise_Codeclouds.Project.Enterprise.Plaintiff_Module" name="Plaintiff_Add" time="0.0">
    <skipped/>
  </testcase> <!-- Plaintiff_Add -->
  <testcase classname="Enterprise_Codeclouds.Project.Enterprise.Plaintiff_Module" name="Plaintiff_Add" time="0.0">
    <skipped/>
  </testcase> <!-- Plaintiff_Add -->
  <testcase classname="Enterprise_Codeclouds.Project.Enterprise.Plaintiff_Module" name="Plaintiff_Add" time="0.0">
    <skipped/>
  </testcase> <!-- Plaintiff_Add -->
  <testcase classname="Enterprise_Codeclouds.Project.Enterprise.Plaintiff_Module" name="Plaintiff_Add" time="0.0">
    <skipped/>
  </testcase> <!-- Plaintiff_Add -->
  <testcase classname="Enterprise_Codeclouds.Project.Enterprise.Plaintiff_Module" name="Plaintiff_Add" time="0.0">
    <skipped/>
  </testcase> <!-- Plaintiff_Add -->
  <testcase classname="Enterprise_Codeclouds.Project.Enterprise.Plaintiff_Module" name="Plaintiff_Add" time="0.0">
    <skipped/>
  </testcase> <!-- Plaintiff_Add -->
  <testcase classname="Enterprise_Codeclouds.Project.Enterprise.Plaintiff_Module" name="Plaintiff_Add" time="0.001">
    <skipped/>
  </testcase> <!-- Plaintiff_Add -->
  <testcase classname="Enterprise_Codeclouds.Project.Enterprise.Plaintiff_Module" name="Plaintiff_Add" time="0.0">
    <skipped/>
  </testcase> <!-- Plaintiff_Add -->
  <testcase classname="Enterprise_Codeclouds.Project.Enterprise.Plaintiff_Module" name="Plaintiff_Add" time="0.0">
    <skipped/>
  </testcase> <!-- Plaintiff_Add -->
  <testcase classname="Enterprise_Codeclouds.Project.Enterprise.Plaintiff_Module" name="Plaintiff_Add" time="0.0">
    <skipped/>
  </testcase> <!-- Plaintiff_Add -->
  <testcase classname="Enterprise_Codeclouds.Project.Enterprise.Plaintiff_Module" name="Plaintiff_Add" time="0.0">
    <skipped/>
  </testcase> <!-- Plaintiff_Add -->
  <testcase classname="Enterprise_Codeclouds.Project.Enterprise.Plaintiff_Module" name="Plaintiff_Add" time="0.0">
    <skipped/>
  </testcase> <!-- Plaintiff_Add -->
  <testcase classname="Enterprise_Codeclouds.Project.Enterprise.Plaintiff_Module" name="Plaintiff_Add" time="0.0">
    <skipped/>
  </testcase> <!-- Plaintiff_Add -->
  <testcase classname="Enterprise_Codeclouds.Project.Enterprise.Plaintiff_Module" name="Plaintiff_Add" time="0.0">
    <skipped/>
  </testcase> <!-- Plaintiff_Add -->
  <testcase classname="Enterprise_Codeclouds.Project.Enterprise.Plaintiff_Module" name="Plaintiff_Add" time="0.0">
    <skipped/>
  </testcase> <!-- Plaintiff_Add -->
  <testcase classname="Enterprise_Codeclouds.Project.Enterprise.Plaintiff_Module" name="Plaintiff_Add" time="0.0">
    <skipped/>
  </testcase> <!-- Plaintiff_Add -->
  <testcase classname="Enterprise_Codeclouds.Project.Enterprise.Plaintiff_Module" name="Plaintiff_Add" time="0.0">
    <skipped/>
  </testcase> <!-- Plaintiff_Add -->
  <testcase classname="Enterprise_Codeclouds.Project.Enterprise.Plaintiff_Module" name="Plaintiff_Add" time="0.0">
    <skipped/>
  </testcase> <!-- Plaintiff_Add -->
  <testcase classname="Enterprise_Codeclouds.Project.Enterprise.Plaintiff_Module" name="Plaintiff_Add" time="0.0">
    <skipped/>
  </testcase> <!-- Plaintiff_Add -->
  <testcase classname="Enterprise_Codeclouds.Project.Enterprise.Plaintiff_Module" name="Plaintiff_Add" time="0.0">
    <skipped/>
  </testcase> <!-- Plaintiff_Add -->
  <testcase classname="Enterprise_Codeclouds.Project.Enterprise.Plaintiff_Module" name="Plaintiff_Add" time="0.0">
    <skipped/>
  </testcase> <!-- Plaintiff_Add -->
  <testcase classname="Enterprise_Codeclouds.Project.Enterprise.Plaintiff_Module" name="Plaintiff_Add" time="0.0">
    <skipped/>
  </testcase> <!-- Plaintiff_Add -->
  <testcase classname="Enterprise_Codeclouds.Project.Enterprise.Plaintiff_Module" name="Plaintiff_Add" time="0.0">
    <skipped/>
  </testcase> <!-- Plaintiff_Add -->
  <testcase classname="Enterprise_Codeclouds.Project.Enterprise.Plaintiff_Module" name="Plaintiff_Add" time="0.0">
    <skipped/>
  </testcase> <!-- Plaintiff_Add -->
  <testcase classname="Enterprise_Codeclouds.Project.Enterprise.Plaintiff_Module" name="Plaintiff_Add" time="0.0">
    <skipped/>
  </testcase> <!-- Plaintiff_Add -->
  <testcase classname="Enterprise_Codeclouds.Project.Enterprise.Plaintiff_Module" name="Plaintiff_Add" time="0.0">
    <skipped/>
  </testcase> <!-- Plaintiff_Add -->
  <testcase classname="Enterprise_Codeclouds.Project.Enterprise.Plaintiff_Module" name="Plaintiff_Add" time="0.0">
    <skipped/>
  </testcase> <!-- Plaintiff_Add -->
  <testcase classname="Enterprise_Codeclouds.Project.Enterprise.Plaintiff_Module" name="Plaintiff_Add" time="0.001">
    <skipped/>
  </testcase> <!-- Plaintiff_Add -->
  <testcase classname="Enterprise_Codeclouds.Project.Enterprise.Plaintiff_Module" name="Plaintiff_Add" time="0.0">
    <skipped/>
  </testcase> <!-- Plaintiff_Add -->
  <testcase classname="Enterprise_Codeclouds.Project.Enterprise.Plaintiff_Module" name="Plaintiff_Add" time="0.0">
    <skipped/>
  </testcase> <!-- Plaintiff_Add -->
  <testcase classname="Enterprise_Codeclouds.Project.Enterprise.Plaintiff_Module" name="Plaintiff_Add" time="0.0">
    <skipped/>
  </testcase> <!-- Plaintiff_Add -->
  <testcase classname="Enterprise_Codeclouds.Project.Enterprise.Plaintiff_Module" name="Plaintiff_Add" time="0.0">
    <skipped/>
  </testcase> <!-- Plaintiff_Add -->
  <testcase classname="Enterprise_Codeclouds.Project.Enterprise.Plaintiff_Module" name="Plaintiff_Add" time="0.0">
    <skipped/>
  </testcase> <!-- Plaintiff_Add -->
  <testcase classname="Enterprise_Codeclouds.Project.Enterprise.Plaintiff_Module" name="Plaintiff_Add" time="0.0">
    <skipped/>
  </testcase> <!-- Plaintiff_Add -->
  <testcase classname="Enterprise_Codeclouds.Project.Enterprise.Plaintiff_Module" name="Plaintiff_Add" time="0.0">
    <skipped/>
  </testcase> <!-- Plaintiff_Add -->
  <testcase classname="Enterprise_Codeclouds.Project.Enterprise.Plaintiff_Module" name="Plaintiff_Add" time="0.0">
    <skipped/>
  </testcase> <!-- Plaintiff_Add -->
  <testcase classname="Enterprise_Codeclouds.Project.Enterprise.Plaintiff_Module" name="Plaintiff_Add" time="0.0">
    <skipped/>
  </testcase> <!-- Plaintiff_Add -->
  <testcase classname="Enterprise_Codeclouds.Project.Enterprise.Plaintiff_Module" name="Plaintiff_Add" time="0.0">
    <skipped/>
  </testcase> <!-- Plaintiff_Add -->
  <testcase classname="Enterprise_Codeclouds.Project.Enterprise.Plaintiff_Module" name="Plaintiff_Add" time="0.0">
    <skipped/>
  </testcase> <!-- Plaintiff_Add -->
  <testcase classname="Enterprise_Codeclouds.Project.Enterprise.Plaintiff_Module" name="Plaintiff_Add" time="0.0">
    <skipped/>
  </testcase> <!-- Plaintiff_Add -->
  <testcase classname="Enterprise_Codeclouds.Project.Enterprise.Case_Appplications" name="Add_case" time="0.0">
    <skipped/>
  </testcase> <!-- Add_case -->
  <testcase classname="Enterprise_Codeclouds.Project.Enterprise.Case_Appplications" name="Add_case" time="0.0">
    <skipped/>
  </testcase> <!-- Add_case -->
  <testcase classname="Enterprise_Codeclouds.Project.Enterprise.Case_Appplications" name="Add_case" time="0.001">
    <skipped/>
  </testcase> <!-- Add_case -->
  <testcase classname="Enterprise_Codeclouds.Project.Enterprise.Case_Appplications" name="Add_case" time="0.0">
    <skipped/>
  </testcase> <!-- Add_case -->
  <testcase classname="Enterprise_Codeclouds.Project.Enterprise.Case_Appplications" name="Add_case" time="0.0">
    <skipped/>
  </testcase> <!-- Add_case -->
  <testcase classname="Enterprise_Codeclouds.Project.Enterprise.Case_Appplications" name="Add_case" time="0.001">
    <skipped/>
  </testcase> <!-- Add_case -->
  <testcase classname="Enterprise_Codeclouds.Project.Enterprise.Case_Appplications" name="Add_case" time="0.0">
    <skipped/>
  </testcase> <!-- Add_case -->
  <testcase classname="Enterprise_Codeclouds.Project.Enterprise.Case_Appplications" name="Add_case" time="0.0">
    <skipped/>
  </testcase> <!-- Add_case -->
  <testcase classname="Enterprise_Codeclouds.Project.Enterprise.Case_Appplications" name="Add_case" time="0.0">
    <skipped/>
  </testcase> <!-- Add_case -->
  <testcase classname="Enterprise_Codeclouds.Project.Enterprise.Case_Appplications" name="Add_case" time="0.0">
    <skipped/>
  </testcase> <!-- Add_case -->
  <testcase classname="Enterprise_Codeclouds.Project.Enterprise.Case_Appplications" name="Add_case" time="0.0">
    <skipped/>
  </testcase> <!-- Add_case -->
  <testcase classname="Enterprise_Codeclouds.Project.Enterprise.Case_Appplications" name="Add_case" time="0.0">
    <skipped/>
  </testcase> <!-- Add_case -->
  <testcase classname="Enterprise_Codeclouds.Project.Enterprise.Case_Appplications" name="Add_case" time="0.0">
    <skipped/>
  </testcase> <!-- Add_case -->
  <testcase classname="Enterprise_Codeclouds.Project.Enterprise.Case_Appplications" name="Add_case" time="0.0">
    <skipped/>
  </testcase> <!-- Add_case -->
  <testcase classname="Enterprise_Codeclouds.Project.Enterprise.Case_Appplications" name="Add_case" time="0.0">
    <skipped/>
  </testcase> <!-- Add_case -->
  <testcase classname="Enterprise_Codeclouds.Project.Enterprise.Case_Appplications" name="Add_case" time="0.0">
    <skipped/>
  </testcase> <!-- Add_case -->
  <testcase classname="Enterprise_Codeclouds.Project.Enterprise.Case_Appplications" name="Add_case" time="0.0">
    <skipped/>
  </testcase> <!-- Add_case -->
  <testcase classname="Enterprise_Codeclouds.Project.Enterprise.Case_Appplications" name="Add_case" time="0.0">
    <skipped/>
  </testcase> <!-- Add_case -->
  <testcase classname="Enterprise_Codeclouds.Project.Enterprise.Case_Appplications" name="Add_case" time="0.0">
    <skipped/>
  </testcase> <!-- Add_case -->
  <testcase classname="Enterprise_Codeclouds.Project.Enterprise.Case_Appplications" name="Add_case" time="0.0">
    <skipped/>
  </testcase> <!-- Add_case -->
  <testcase classname="Enterprise_Codeclouds.Project.Enterprise.Case_Appplications" name="Added_application_delete" time="0.0">
    <ignored/>
  </testcase> <!-- Added_application_delete -->
  <testcase classname="Enterprise_Codeclouds.Project.Enterprise.Case_Appplications" name="Add_case" time="0.0">
    <ignored/>
  </testcase> <!-- Add_case -->
  <testcase classname="Enterprise_Codeclouds.Project.Enterprise.Case_Appplications" name="Added_application_delete" time="0.0">
    <ignored/>
  </testcase> <!-- Added_application_delete -->
</testsuite> <!-- Test -->
