<html>
<head>
<title>TestNG:  Test</title>
<link href="../testng.css" rel="stylesheet" type="text/css" />
<link href="../my-testng.css" rel="stylesheet" type="text/css" />

<style type="text/css">
.log { display: none;} 
.stack-trace { display: none;} 
</style>
<script type="text/javascript">
<!--
function flip(e) {
  current = e.style.display;
  if (current == 'block') {
    e.style.display = 'none';
    return 0;
  }
  else {
    e.style.display = 'block';
    return 1;
  }
}

function toggleBox(szDivId, elem, msg1, msg2)
{
  var res = -1;  if (document.getElementById) {
    res = flip(document.getElementById(szDivId));
  }
  else if (document.all) {
    // this is the way old msie versions work
    res = flip(document.all[szDivId]);
  }
  if(elem) {
    if(res == 0) elem.innerHTML = msg1; else elem.innerHTML = msg2;
  }

}

function toggleAllBoxes() {
  if (document.getElementsByTagName) {
    d = document.getElementsByTagName('div');
    for (i = 0; i < d.length; i++) {
      if (d[i].className == 'log') {
        flip(d[i]);
      }
    }
  }
}

// -->
</script>

</head>
<body>
<h2 align='center'>Test</h2><table border='1' align="center">
<tr>
<td>Tests passed/Failed/Skipped:</td><td>8/12/0</td>
</tr><tr>
<td>Started on:</td><td>Tue Feb 10 17:06:33 IST 2026</td>
</tr>
<tr><td>Total time:</td><td>1629 seconds (1629959 ms)</td>
</tr><tr>
<td>Included groups:</td><td></td>
</tr><tr>
<td>Excluded groups:</td><td></td>
</tr>
</table><p/>
<small><i>(Hover the method name to see the test class name)</i></small><p/>
<table width='100%' border='1' class='invocation-failed'>
<tr><td colspan='4' align='center'><b>FAILED TESTS</b></td></tr>
<tr><td><b>Test method</b></td>
<td><b>Attribute(s)</b></td>
<td width="30%"><b>Exception</b></td>
<td width="10%"><b>Time (seconds)</b></td>
<td><b>Instance</b></td>
</tr>
<tr>
<td title='Enterprise_Codeclouds.Project.Enterprise.Case_Appplications.Buyout_Add_After_Contract_Generation_through_Edit_Terms()'><b>Buyout_Add_After_Contract_Generation_through_Edit_Terms</b><br>Test class: Enterprise_Codeclouds.Project.Enterprise.Case_Appplications<br>Parameters: {Agreement Date=02/10/2026, Amount Received=8800, Application Status=Pending Docs, Approved Amount=24500, Attorney Name=Attorney Jareth Quinn, Buyout Amount=14800, Buyout Expiry Date=02/10/2030, Buyout Funder Name=Crownstone Settlement Finance, Case #=522, Case Type=Discrimination, Court Index Number=07CV-2311-DC-007113, Date of Incident=11/14/2023, Document prep fee=290, Fund transfer fee=105, Interest Start Date=02/10/2026, Law Firm Name=Lone Star Employment Rights Group, Lead Source=Attorney Referral, Notes / Remarks=Wire initiated by attorney office; attach remittance advice and reconcile with bank statement before posting., Payer Name=Attorney Jareth Quinn, Payment Date=02/10/2026, Payment Mode=Bank Transfer, Payment Type=Payment by Attorney, Rate of Return=41, Recommended Max Funding=24500, Requested Amount=59000, Risk Level=Moderate, SMS Message Body=We need a few additional documents to move your file forward. Please coordinate uploads with your attorney. – Lumberjack Legal Finance, SMS Message Title=Documents Needed, State=Texas, Summary=Disparate discipline and demotion alleged; written warnings conflict with performance metrics; administrative charge filed; wage loss and reputational impact claimed., Underwriting Notes=Validate charge status, protected class nexus, comparator evidence, and arbitration exposure. Focus on employer policies, HR files, and pay records. Stage funding pending charge/position statement., Underwriting Tag=Charge/Comparator Review}, {Address Line 1=10 Light St, Address Line 2=Suite 1408, City=Baltimore, Date of Birth=11/18/1993, Email=pltf.kisikaw.niska.m3t7xk.0z6d@yopmail.com, First Name=Niska, Last Name=Kisikaw, Middle Name=Éloïse, Name Suffix=Jr, Phone number=4109387716, Social Security Number=752-63-1148, State=Maryland, Zip code=21202}, {Email=attorney.eloise.montpetit02@mailto.plus, First Name=Attorney Éloïse, Last Name=Montpetit, Middle Name=Graham, Name Suffix=Jr, Office phone=9897418124, Phone=9897406124}, {City=Burlington, Name=NorthStar Docketworks, Phone=8026317742, State=Vermont, Street Address 1=100 Main St, Lakefront Professional Building, Street Entrance, Street Address 2=Floor 6, Suite 6B, Delivery: Reception Window, Zip code=05401}, {Staff Email=staff.mirelia.ashmont69@mailto.plus, Staff First Name=Staff Mirelia, Staff Last Name=Ashmont, Staff Middle Name=Solene, Staff Name Suffix=Jr, Staff Office phone=4159057341, Staff Phone=4157382069}, {Bcc=qa.auditdesk@yopmail.com, Cc=verification.team@yopmail.com, Message=Hello,

We need a quick verification to move forward. Please confirm the requested details when you are available.

Regards., Subject=Verification Needed to Continue Processing, Template=None, To=orwyn.schwerdtvale4541@yopmail.com}</td>
<td><div><pre>org.openqa.selenium.TimeoutException: Expected condition failed: waiting for visibility of Proxy element for: DefaultElementLocator &apos;By.xpath: //*[@role=&apos;alert&apos;]&apos; (tried for 8 second(s) with 500 milliseconds interval)
	at org.openqa.selenium.support.ui.WebDriverWait.timeoutException(WebDriverWait.java:84)
	at org.openqa.selenium.support.ui.FluentWait.until(FluentWait.java:228)
	at Repeatative_codes.Repeat.wait_for_theElement(Repeat.java:41)
	at Locaters.Login_Locaters.toast(Login_Locaters.java:57)
	at Enterprise_Codeclouds.Project.Enterprise.Case_Appplications.Buyout_Add_After_Contract_Generation_through_Edit_Terms(Case_Appplications.java:1977)
	at java.base/java.util.ArrayList.forEach(ArrayList.java:1596)
Caused by: org.openqa.selenium.NoSuchElementException: no such element: Unable to locate element: {&quot;method&quot;:&quot;xpath&quot;,&quot;selector&quot;:&quot;//*[@role=&apos;alert&apos;]&quot;}
  (Session info: chrome=144.0.7559.133)
For documentation on this error, please visit: https://www.selenium.dev/documentation/webdriver/troubleshooting/errors#no-such-element-exception
Build info: version: &apos;4.33.0&apos;, revision: &apos;2c6aaad03a&apos;
System info: os.name: &apos;Windows 11&apos;, os.arch: &apos;amd64&apos;, os.version: &apos;10.0&apos;, java.version: &apos;21.0.9&apos;
Driver info: org.openqa.selenium.chrome.ChromeDriver
Command: [6de0c3060dbbc9e2f8b0dad0e4f72b33, findElement {value=//*[@role=&apos;alert&apos;], using=xpath}]
Capabilities {acceptInsecureCerts: false, browserName: chrome, browserVersion: 144.0.7559.133, chrome: {chromedriverVersion: 144.0.7559.133 (7da823b1d59..., userDataDir: C:\Users\CODECL~1\AppData\L...}, fedcm:accounts: true, goog:chromeOptions: {debuggerAddress: localhost:53167}, goog:processID: 5096, networkConnectionEnabled: false, pageLoadStrategy: normal, platformName: windows, proxy: Proxy(), se:cdp: ws://localhost:53167/devtoo..., se:cdpVersion: 144.0.7559.133, setWindowRect: true, strictFileInteractability: false, timeouts: {implicit: 0, pageLoad: 300000, script: 30000}, unhandledPromptBehavior: dismiss and notify, webauthn:extension:credBlob: true, webauthn:extension:largeBlob: true, webauthn:extension:minPinLength: true, webauthn:extension:prf: true, webauthn:virtualAuthenticators: true}
Session ID: 6de0c3060dbbc9e2f8b0dad0e4f72b33
	at org.openqa.selenium.remote.ErrorCodec.decode(ErrorCodec.java:167)
	at org.openqa.selenium.remote.codec.w3c.W3CHttpResponseCodec.decode(W3CHttpResponseCodec.java:138)
	at org.openqa.selenium.remote.codec.w3c.W3CHttpResponseCodec.decode(W3CHttpResponseCodec.java:50)
	at org.openqa.selenium.remote.HttpCommandExecutor.execute(HttpCommandExecutor.java:215)
	at org.openqa.selenium.remote.service.DriverCommandExecutor.invokeExecute(DriverCommandExecutor.java:216)
	at org.openqa.selenium.remote.service.DriverCommandExecutor.execute(DriverCommandExecutor.java:174)
	at org.openqa.selenium.remote.RemoteWebDriver.execute(RemoteWebDriver.java:544)
	at org.openqa.selenium.remote.ElementLocation$ElementFinder$2.findElement(ElementLocation.java:165)
	at org.openqa.selenium.remote.ElementLocation.findElement(ElementLocation.java:59)
	at org.openqa.selenium.remote.RemoteWebDriver.findElement(RemoteWebDriver.java:367)
	at org.openqa.selenium.remote.RemoteWebDriver.findElement(RemoteWebDriver.java:361)
	at org.openqa.selenium.support.pagefactory.DefaultElementLocator.findElement(DefaultElementLocator.java:68)
	at org.openqa.selenium.support.pagefactory.internal.LocatingElementHandler.invoke(LocatingElementHandler.java:38)
	at jdk.proxy2/jdk.proxy2.$Proxy18.isDisplayed(Unknown Source)
	at org.openqa.selenium.support.ui.ExpectedConditions.elementIfVisible(ExpectedConditions.java:304)
	at org.openqa.selenium.support.ui.ExpectedConditions$10.apply(ExpectedConditions.java:290)
	at org.openqa.selenium.support.ui.ExpectedConditions$10.apply(ExpectedConditions.java:287)
	at org.openqa.selenium.support.ui.FluentWait.until(FluentWait.java:203)
	... 29 more
... Removed 28 stack frames</pre></div><a href='#' onClick='toggleBox("stack-trace1726361540", this, "Click to show all stack frames", "Click to hide stack frames")'>Click to show all stack frames</a>
<div class='stack-trace' id='stack-trace1726361540'><pre>org.openqa.selenium.TimeoutException: Expected condition failed: waiting for visibility of Proxy element for: DefaultElementLocator &apos;By.xpath: //*[@role=&apos;alert&apos;]&apos; (tried for 8 second(s) with 500 milliseconds interval)
	at org.openqa.selenium.support.ui.WebDriverWait.timeoutException(WebDriverWait.java:84)
	at org.openqa.selenium.support.ui.FluentWait.until(FluentWait.java:228)
	at Repeatative_codes.Repeat.wait_for_theElement(Repeat.java:41)
	at Locaters.Login_Locaters.toast(Login_Locaters.java:57)
	at Enterprise_Codeclouds.Project.Enterprise.Case_Appplications.Buyout_Add_After_Contract_Generation_through_Edit_Terms(Case_Appplications.java:1977)
	at java.base/jdk.internal.reflect.DirectMethodHandleAccessor.invoke(DirectMethodHandleAccessor.java:103)
	at java.base/java.lang.reflect.Method.invoke(Method.java:580)
	at org.testng.internal.invokers.MethodInvocationHelper.invokeMethod(MethodInvocationHelper.java:141)
	at org.testng.internal.invokers.TestInvoker.invokeMethod(TestInvoker.java:687)
	at org.testng.internal.invokers.TestInvoker.invokeTestMethod(TestInvoker.java:230)
	at org.testng.internal.invokers.MethodRunner.runInSequence(MethodRunner.java:63)
	at org.testng.internal.invokers.TestInvoker$MethodInvocationAgent.invoke(TestInvoker.java:995)
	at org.testng.internal.invokers.TestInvoker.invokeTestMethods(TestInvoker.java:203)
	at org.testng.internal.invokers.TestMethodWorker.invokeTestMethods(TestMethodWorker.java:154)
	at org.testng.internal.invokers.TestMethodWorker.run(TestMethodWorker.java:134)
	at java.base/java.util.ArrayList.forEach(ArrayList.java:1596)
	at org.testng.TestRunner.privateRun(TestRunner.java:741)
	at org.testng.TestRunner.run(TestRunner.java:616)
	at org.testng.SuiteRunner.runTest(SuiteRunner.java:421)
	at org.testng.SuiteRunner.runSequentially(SuiteRunner.java:413)
	at org.testng.SuiteRunner.privateRun(SuiteRunner.java:373)
	at org.testng.SuiteRunner.run(SuiteRunner.java:312)
	at org.testng.SuiteRunnerWorker.runSuite(SuiteRunnerWorker.java:52)
	at org.testng.SuiteRunnerWorker.run(SuiteRunnerWorker.java:95)
	at org.testng.TestNG.runSuitesSequentially(TestNG.java:1274)
	at org.testng.TestNG.runSuitesLocally(TestNG.java:1208)
	at org.testng.TestNG.runSuites(TestNG.java:1112)
	at org.testng.TestNG.run(TestNG.java:1079)
	at org.testng.remote.AbstractRemoteTestNG.run(AbstractRemoteTestNG.java:115)
	at org.testng.remote.RemoteTestNG.initAndRun(RemoteTestNG.java:293)
	at org.testng.remote.RemoteTestNG.main(RemoteTestNG.java:91)
Caused by: org.openqa.selenium.NoSuchElementException: no such element: Unable to locate element: {&quot;method&quot;:&quot;xpath&quot;,&quot;selector&quot;:&quot;//*[@role=&apos;alert&apos;]&quot;}
  (Session info: chrome=144.0.7559.133)
For documentation on this error, please visit: https://www.selenium.dev/documentation/webdriver/troubleshooting/errors#no-such-element-exception
Build info: version: &apos;4.33.0&apos;, revision: &apos;2c6aaad03a&apos;
System info: os.name: &apos;Windows 11&apos;, os.arch: &apos;amd64&apos;, os.version: &apos;10.0&apos;, java.version: &apos;21.0.9&apos;
Driver info: org.openqa.selenium.chrome.ChromeDriver
Command: [6de0c3060dbbc9e2f8b0dad0e4f72b33, findElement {value=//*[@role=&apos;alert&apos;], using=xpath}]
Capabilities {acceptInsecureCerts: false, browserName: chrome, browserVersion: 144.0.7559.133, chrome: {chromedriverVersion: 144.0.7559.133 (7da823b1d59..., userDataDir: C:\Users\CODECL~1\AppData\L...}, fedcm:accounts: true, goog:chromeOptions: {debuggerAddress: localhost:53167}, goog:processID: 5096, networkConnectionEnabled: false, pageLoadStrategy: normal, platformName: windows, proxy: Proxy(), se:cdp: ws://localhost:53167/devtoo..., se:cdpVersion: 144.0.7559.133, setWindowRect: true, strictFileInteractability: false, timeouts: {implicit: 0, pageLoad: 300000, script: 30000}, unhandledPromptBehavior: dismiss and notify, webauthn:extension:credBlob: true, webauthn:extension:largeBlob: true, webauthn:extension:minPinLength: true, webauthn:extension:prf: true, webauthn:virtualAuthenticators: true}
Session ID: 6de0c3060dbbc9e2f8b0dad0e4f72b33
	at java.base/jdk.internal.reflect.DirectConstructorHandleAccessor.newInstance(DirectConstructorHandleAccessor.java:62)
	at java.base/java.lang.reflect.Constructor.newInstanceWithCaller(Constructor.java:502)
	at java.base/java.lang.reflect.Constructor.newInstance(Constructor.java:486)
	at org.openqa.selenium.remote.ErrorCodec.decode(ErrorCodec.java:167)
	at org.openqa.selenium.remote.codec.w3c.W3CHttpResponseCodec.decode(W3CHttpResponseCodec.java:138)
	at org.openqa.selenium.remote.codec.w3c.W3CHttpResponseCodec.decode(W3CHttpResponseCodec.java:50)
	at org.openqa.selenium.remote.HttpCommandExecutor.execute(HttpCommandExecutor.java:215)
	at org.openqa.selenium.remote.service.DriverCommandExecutor.invokeExecute(DriverCommandExecutor.java:216)
	at org.openqa.selenium.remote.service.DriverCommandExecutor.execute(DriverCommandExecutor.java:174)
	at org.openqa.selenium.remote.RemoteWebDriver.execute(RemoteWebDriver.java:544)
	at org.openqa.selenium.remote.ElementLocation$ElementFinder$2.findElement(ElementLocation.java:165)
	at org.openqa.selenium.remote.ElementLocation.findElement(ElementLocation.java:59)
	at org.openqa.selenium.remote.RemoteWebDriver.findElement(RemoteWebDriver.java:367)
	at org.openqa.selenium.remote.RemoteWebDriver.findElement(RemoteWebDriver.java:361)
	at org.openqa.selenium.support.pagefactory.DefaultElementLocator.findElement(DefaultElementLocator.java:68)
	at org.openqa.selenium.support.pagefactory.internal.LocatingElementHandler.invoke(LocatingElementHandler.java:38)
	at jdk.proxy2/jdk.proxy2.$Proxy18.isDisplayed(Unknown Source)
	at org.openqa.selenium.support.ui.ExpectedConditions.elementIfVisible(ExpectedConditions.java:304)
	at org.openqa.selenium.support.ui.ExpectedConditions$10.apply(ExpectedConditions.java:290)
	at org.openqa.selenium.support.ui.ExpectedConditions$10.apply(ExpectedConditions.java:287)
	at org.openqa.selenium.support.ui.FluentWait.until(FluentWait.java:203)
	... 29 more
</pre></div></td>
<td>48</td>
<td>Enterprise_Codeclouds.Project.Enterprise.Case_Appplications@41a2befb</td></tr>
<tr>
<td title='Enterprise_Codeclouds.Project.Enterprise.Case_Appplications.Buyout_Add_After_Contract_Generation_through_Edit_Terms()'><b>Buyout_Add_After_Contract_Generation_through_Edit_Terms</b><br>Test class: Enterprise_Codeclouds.Project.Enterprise.Case_Appplications<br>Parameters: {Agreement Date=02/10/2026, Amount Received=0, Application Status=In Review, Approved Amount=14500, Attorney Name=Attorney Cassian Brook, Buyout Amount=8200, Buyout Expiry Date=02/10/2030, Buyout Funder Name=Harborglint Legal Finance, Case #=528, Case Type=Property Damage, Court Index Number=09CV-2402-PD-001668, Date of Incident=02/02/2024, Document prep fee=255, Fund transfer fee=90, Interest Start Date=02/10/2026, Law Firm Name=Peachtree Claims & Coverage Counsel, Lead Source=Organic, Notes / Remarks=Deal marked lost; no payment collected; retain record for reconciliation and audit clarity., Payer Name=N/A - Lost Deal, Payment Date=02/10/2026, Payment Mode=Credit Card, Payment Type=Lost Deal, Rate of Return=37, Recommended Max Funding=14500, Requested Amount=34000, Risk Level=Moderate, SMS Message Body=We’re reviewing your property damage file and validating supporting documents. – Lumberjack Legal Finance, SMS Message Title=Property Claim In Review, State=Georgia, Summary=Water intrusion following HVAC condensate line failure; mold remediation claim and temporary lodging invoices submitted; adjuster photos attached., Underwriting Notes=Confirm repair timeline, mitigation steps, and coverage exclusions. Funding contingent on documented chronology and contractor bids., Underwriting Tag=Mitigation Timeline}, {Address Line 1=120 S 6th St, Address Line 2=Unit 1508, City=Minneapolis, Date of Birth=01/21/1991, Email=pltf.desrochere.roseline.h8d4ky.5u1p@yopmail.com, First Name=Roseline, Last Name=Desrochère, Middle Name=Océanne, Name Suffix=III, Phone number=6124598307, Social Security Number=719-54-2670, State=Minnesota, Zip code=55402}, {Email=attorney.genevieve.thibodeau08@mailto.plus, First Name=Attorney Geneviève, Last Name=Thibodeau, Middle Name=Sage, Name Suffix=III, Office phone=9897418130, Phone=9897406130}, {City=Minneapolis, Name=MillCity Docket Foundry, Phone=6125078436, State=Minnesota, Street Address 1=120 S 6th St, Skyway Commerce Plaza, North Lobby, Street Address 2=Suite 2405, Intake: Desk 2, Elevator Bank C, Zip code=55402}, {Staff Email=staff.doriane.valewood83@mailto.plus, Staff First Name=Staff Doriane, Staff Last Name=Valewood, Staff Middle Name=Noemi, Staff Name Suffix=III, Staff Office phone=6179054172, Staff Phone=6174029683}, {Bcc=qa.auditdesk@yopmail.com, Cc=quality.check@yopmail.com, Message=Hello,

We noticed an issue with the submitted information. Please review and correct it so we can continue processing.

Thanks., Subject=Issue Found - Please Review Submitted Information, Template=None, To=naviren.hearthwyn3414@yopmail.com}</td>
<td><div><pre>org.openqa.selenium.TimeoutException: Expected condition failed: waiting for visibility of Proxy element for: DefaultElementLocator &apos;By.xpath: //*[@role=&apos;alert&apos;]&apos; (tried for 8 second(s) with 500 milliseconds interval)
	at org.openqa.selenium.support.ui.WebDriverWait.timeoutException(WebDriverWait.java:84)
	at org.openqa.selenium.support.ui.FluentWait.until(FluentWait.java:228)
	at Repeatative_codes.Repeat.wait_for_theElement(Repeat.java:41)
	at Locaters.Login_Locaters.toast(Login_Locaters.java:57)
	at Enterprise_Codeclouds.Project.Enterprise.Case_Appplications.Buyout_Add_After_Contract_Generation_through_Edit_Terms(Case_Appplications.java:1977)
	at java.base/java.util.ArrayList.forEach(ArrayList.java:1596)
Caused by: org.openqa.selenium.NoSuchElementException: no such element: Unable to locate element: {&quot;method&quot;:&quot;xpath&quot;,&quot;selector&quot;:&quot;//*[@role=&apos;alert&apos;]&quot;}
  (Session info: chrome=144.0.7559.133)
For documentation on this error, please visit: https://www.selenium.dev/documentation/webdriver/troubleshooting/errors#no-such-element-exception
Build info: version: &apos;4.33.0&apos;, revision: &apos;2c6aaad03a&apos;
System info: os.name: &apos;Windows 11&apos;, os.arch: &apos;amd64&apos;, os.version: &apos;10.0&apos;, java.version: &apos;21.0.9&apos;
Driver info: org.openqa.selenium.chrome.ChromeDriver
Command: [d3a3d35c3b11a1a56f84c0d550d21a86, findElement {value=//*[@role=&apos;alert&apos;], using=xpath}]
Capabilities {acceptInsecureCerts: false, browserName: chrome, browserVersion: 144.0.7559.133, chrome: {chromedriverVersion: 144.0.7559.133 (7da823b1d59..., userDataDir: C:\Users\CODECL~1\AppData\L...}, fedcm:accounts: true, goog:chromeOptions: {debuggerAddress: localhost:50541}, goog:processID: 8920, networkConnectionEnabled: false, pageLoadStrategy: normal, platformName: windows, proxy: Proxy(), se:cdp: ws://localhost:50541/devtoo..., se:cdpVersion: 144.0.7559.133, setWindowRect: true, strictFileInteractability: false, timeouts: {implicit: 0, pageLoad: 300000, script: 30000}, unhandledPromptBehavior: dismiss and notify, webauthn:extension:credBlob: true, webauthn:extension:largeBlob: true, webauthn:extension:minPinLength: true, webauthn:extension:prf: true, webauthn:virtualAuthenticators: true}
Session ID: d3a3d35c3b11a1a56f84c0d550d21a86
	at org.openqa.selenium.remote.ErrorCodec.decode(ErrorCodec.java:167)
	at org.openqa.selenium.remote.codec.w3c.W3CHttpResponseCodec.decode(W3CHttpResponseCodec.java:138)
	at org.openqa.selenium.remote.codec.w3c.W3CHttpResponseCodec.decode(W3CHttpResponseCodec.java:50)
	at org.openqa.selenium.remote.HttpCommandExecutor.execute(HttpCommandExecutor.java:215)
	at org.openqa.selenium.remote.service.DriverCommandExecutor.invokeExecute(DriverCommandExecutor.java:216)
	at org.openqa.selenium.remote.service.DriverCommandExecutor.execute(DriverCommandExecutor.java:174)
	at org.openqa.selenium.remote.RemoteWebDriver.execute(RemoteWebDriver.java:544)
	at org.openqa.selenium.remote.ElementLocation$ElementFinder$2.findElement(ElementLocation.java:165)
	at org.openqa.selenium.remote.ElementLocation.findElement(ElementLocation.java:59)
	at org.openqa.selenium.remote.RemoteWebDriver.findElement(RemoteWebDriver.java:367)
	at org.openqa.selenium.remote.RemoteWebDriver.findElement(RemoteWebDriver.java:361)
	at org.openqa.selenium.support.pagefactory.DefaultElementLocator.findElement(DefaultElementLocator.java:68)
	at org.openqa.selenium.support.pagefactory.internal.LocatingElementHandler.invoke(LocatingElementHandler.java:38)
	at jdk.proxy2/jdk.proxy2.$Proxy18.isDisplayed(Unknown Source)
	at org.openqa.selenium.support.ui.ExpectedConditions.elementIfVisible(ExpectedConditions.java:304)
	at org.openqa.selenium.support.ui.ExpectedConditions$10.apply(ExpectedConditions.java:290)
	at org.openqa.selenium.support.ui.ExpectedConditions$10.apply(ExpectedConditions.java:287)
	at org.openqa.selenium.support.ui.FluentWait.until(FluentWait.java:203)
	... 29 more
... Removed 28 stack frames</pre></div><a href='#' onClick='toggleBox("stack-trace379050002", this, "Click to show all stack frames", "Click to hide stack frames")'>Click to show all stack frames</a>
<div class='stack-trace' id='stack-trace379050002'><pre>org.openqa.selenium.TimeoutException: Expected condition failed: waiting for visibility of Proxy element for: DefaultElementLocator &apos;By.xpath: //*[@role=&apos;alert&apos;]&apos; (tried for 8 second(s) with 500 milliseconds interval)
	at org.openqa.selenium.support.ui.WebDriverWait.timeoutException(WebDriverWait.java:84)
	at org.openqa.selenium.support.ui.FluentWait.until(FluentWait.java:228)
	at Repeatative_codes.Repeat.wait_for_theElement(Repeat.java:41)
	at Locaters.Login_Locaters.toast(Login_Locaters.java:57)
	at Enterprise_Codeclouds.Project.Enterprise.Case_Appplications.Buyout_Add_After_Contract_Generation_through_Edit_Terms(Case_Appplications.java:1977)
	at java.base/jdk.internal.reflect.DirectMethodHandleAccessor.invoke(DirectMethodHandleAccessor.java:103)
	at java.base/java.lang.reflect.Method.invoke(Method.java:580)
	at org.testng.internal.invokers.MethodInvocationHelper.invokeMethod(MethodInvocationHelper.java:141)
	at org.testng.internal.invokers.TestInvoker.invokeMethod(TestInvoker.java:687)
	at org.testng.internal.invokers.TestInvoker.invokeTestMethod(TestInvoker.java:230)
	at org.testng.internal.invokers.MethodRunner.runInSequence(MethodRunner.java:63)
	at org.testng.internal.invokers.TestInvoker$MethodInvocationAgent.invoke(TestInvoker.java:995)
	at org.testng.internal.invokers.TestInvoker.invokeTestMethods(TestInvoker.java:203)
	at org.testng.internal.invokers.TestMethodWorker.invokeTestMethods(TestMethodWorker.java:154)
	at org.testng.internal.invokers.TestMethodWorker.run(TestMethodWorker.java:134)
	at java.base/java.util.ArrayList.forEach(ArrayList.java:1596)
	at org.testng.TestRunner.privateRun(TestRunner.java:741)
	at org.testng.TestRunner.run(TestRunner.java:616)
	at org.testng.SuiteRunner.runTest(SuiteRunner.java:421)
	at org.testng.SuiteRunner.runSequentially(SuiteRunner.java:413)
	at org.testng.SuiteRunner.privateRun(SuiteRunner.java:373)
	at org.testng.SuiteRunner.run(SuiteRunner.java:312)
	at org.testng.SuiteRunnerWorker.runSuite(SuiteRunnerWorker.java:52)
	at org.testng.SuiteRunnerWorker.run(SuiteRunnerWorker.java:95)
	at org.testng.TestNG.runSuitesSequentially(TestNG.java:1274)
	at org.testng.TestNG.runSuitesLocally(TestNG.java:1208)
	at org.testng.TestNG.runSuites(TestNG.java:1112)
	at org.testng.TestNG.run(TestNG.java:1079)
	at org.testng.remote.AbstractRemoteTestNG.run(AbstractRemoteTestNG.java:115)
	at org.testng.remote.RemoteTestNG.initAndRun(RemoteTestNG.java:293)
	at org.testng.remote.RemoteTestNG.main(RemoteTestNG.java:91)
Caused by: org.openqa.selenium.NoSuchElementException: no such element: Unable to locate element: {&quot;method&quot;:&quot;xpath&quot;,&quot;selector&quot;:&quot;//*[@role=&apos;alert&apos;]&quot;}
  (Session info: chrome=144.0.7559.133)
For documentation on this error, please visit: https://www.selenium.dev/documentation/webdriver/troubleshooting/errors#no-such-element-exception
Build info: version: &apos;4.33.0&apos;, revision: &apos;2c6aaad03a&apos;
System info: os.name: &apos;Windows 11&apos;, os.arch: &apos;amd64&apos;, os.version: &apos;10.0&apos;, java.version: &apos;21.0.9&apos;
Driver info: org.openqa.selenium.chrome.ChromeDriver
Command: [d3a3d35c3b11a1a56f84c0d550d21a86, findElement {value=//*[@role=&apos;alert&apos;], using=xpath}]
Capabilities {acceptInsecureCerts: false, browserName: chrome, browserVersion: 144.0.7559.133, chrome: {chromedriverVersion: 144.0.7559.133 (7da823b1d59..., userDataDir: C:\Users\CODECL~1\AppData\L...}, fedcm:accounts: true, goog:chromeOptions: {debuggerAddress: localhost:50541}, goog:processID: 8920, networkConnectionEnabled: false, pageLoadStrategy: normal, platformName: windows, proxy: Proxy(), se:cdp: ws://localhost:50541/devtoo..., se:cdpVersion: 144.0.7559.133, setWindowRect: true, strictFileInteractability: false, timeouts: {implicit: 0, pageLoad: 300000, script: 30000}, unhandledPromptBehavior: dismiss and notify, webauthn:extension:credBlob: true, webauthn:extension:largeBlob: true, webauthn:extension:minPinLength: true, webauthn:extension:prf: true, webauthn:virtualAuthenticators: true}
Session ID: d3a3d35c3b11a1a56f84c0d550d21a86
	at java.base/jdk.internal.reflect.DirectConstructorHandleAccessor.newInstance(DirectConstructorHandleAccessor.java:62)
	at java.base/java.lang.reflect.Constructor.newInstanceWithCaller(Constructor.java:502)
	at java.base/java.lang.reflect.Constructor.newInstance(Constructor.java:486)
	at org.openqa.selenium.remote.ErrorCodec.decode(ErrorCodec.java:167)
	at org.openqa.selenium.remote.codec.w3c.W3CHttpResponseCodec.decode(W3CHttpResponseCodec.java:138)
	at org.openqa.selenium.remote.codec.w3c.W3CHttpResponseCodec.decode(W3CHttpResponseCodec.java:50)
	at org.openqa.selenium.remote.HttpCommandExecutor.execute(HttpCommandExecutor.java:215)
	at org.openqa.selenium.remote.service.DriverCommandExecutor.invokeExecute(DriverCommandExecutor.java:216)
	at org.openqa.selenium.remote.service.DriverCommandExecutor.execute(DriverCommandExecutor.java:174)
	at org.openqa.selenium.remote.RemoteWebDriver.execute(RemoteWebDriver.java:544)
	at org.openqa.selenium.remote.ElementLocation$ElementFinder$2.findElement(ElementLocation.java:165)
	at org.openqa.selenium.remote.ElementLocation.findElement(ElementLocation.java:59)
	at org.openqa.selenium.remote.RemoteWebDriver.findElement(RemoteWebDriver.java:367)
	at org.openqa.selenium.remote.RemoteWebDriver.findElement(RemoteWebDriver.java:361)
	at org.openqa.selenium.support.pagefactory.DefaultElementLocator.findElement(DefaultElementLocator.java:68)
	at org.openqa.selenium.support.pagefactory.internal.LocatingElementHandler.invoke(LocatingElementHandler.java:38)
	at jdk.proxy2/jdk.proxy2.$Proxy18.isDisplayed(Unknown Source)
	at org.openqa.selenium.support.ui.ExpectedConditions.elementIfVisible(ExpectedConditions.java:304)
	at org.openqa.selenium.support.ui.ExpectedConditions$10.apply(ExpectedConditions.java:290)
	at org.openqa.selenium.support.ui.ExpectedConditions$10.apply(ExpectedConditions.java:287)
	at org.openqa.selenium.support.ui.FluentWait.until(FluentWait.java:203)
	... 29 more
</pre></div></td>
<td>48</td>
<td>Enterprise_Codeclouds.Project.Enterprise.Case_Appplications@41a2befb</td></tr>
<tr>
<td title='Enterprise_Codeclouds.Project.Enterprise.Case_Appplications.Buyout_Add_After_Contract_Generation_through_Edit_Terms()'><b>Buyout_Add_After_Contract_Generation_through_Edit_Terms</b><br>Test class: Enterprise_Codeclouds.Project.Enterprise.Case_Appplications<br>Parameters: {Agreement Date=02/10/2026, Amount Received=17800, Application Status=Approved, Approved Amount=21000, Attorney Name=Attorney Elowen Sable, Buyout Amount=12900, Buyout Expiry Date=02/10/2030, Buyout Funder Name=Stonegate Plaintiff Funding, Case #=527, Case Type=Negligence, Court Index Number=02CV-2404-NG-008219, Date of Incident=04/12/2024, Document prep fee=285, Fund transfer fee=100, Interest Start Date=02/10/2026, Law Firm Name=Front Range Litigation Partners, Lead Source=Broker, Notes / Remarks=Insurance payment received via portal; attach remittance and confirm final vs partial before closing ledger., Payer Name=Alpine Ridge Commercial Insurance, Payment Date=02/10/2026, Payment Mode=Online Payment, Payment Type=Payment by Insurance Company, Rate of Return=40, Recommended Max Funding=21000, Requested Amount=51500, Risk Level=Moderate, SMS Message Body=Your negligence funding is approved. We’ll coordinate agreement review with your attorney. – Lumberjack Legal Finance, SMS Message Title=Approved, State=Colorado, Summary=Construction zone signage dispute; pedestrian tripped over unmarked cable ramp; knee injury with PT; photos and witness contact info provided., Underwriting Notes=Confirm contractor scope, permits, and traffic control plan. Evidence strength depends on consistent photos/time stamps and witness statements. Stage until incident report and coverage confirmation., Underwriting Tag=Permit/Plan Review}, {Address Line 1=100 Renaissance Center, Address Line 2=Suite 2109, City=Detroit, Date of Birth=09/28/1994, Email=pltf.rahmanique.aqsa.v6r1mc.3q9w@yopmail.com, First Name=Aqsa, Last Name=Rahmanique, Middle Name=Zahra, Name Suffix=Jr, Phone number=3135812096, Social Security Number=708-31-9924, State=Michigan, Zip code=48226}, {Email=attorney.lachlan.macquarrie07@mailto.plus, First Name=Attorney Lachlan, Last Name=MacQuarrie, Middle Name=Émile, Name Suffix=Jr, Office phone=9897418129, Phone=9897406129}, {City=Worcester, Name=BayState Casebuilders, Phone=5084339261, State=Massachusetts, Street Address 1=255 Park Ave, Downtown Professional Row, Main Desk, Street Address 2=Suite 901, Mail Stop MA-09, Leave with Reception, Zip code=01609}, {Staff Email=staff.rovenna.quarryn96@mailto.plus, Staff First Name=Staff Rovenna, Staff Last Name=Quarryn, Staff Middle Name=Marin, Staff Name Suffix=Jr, Staff Office phone=7049062841, Staff Phone=7045831096}, {Bcc=qa.auditdesk@yopmail.com, Cc=records.desk@yopmail.com, Message=Hello,

This confirms your recent update has been recorded successfully. No further action is required at this moment.

Regards., Subject=Confirmation - Update Recorded Successfully, Template=None, To=aurelian.merriswold3412@yopmail.com}</td>
<td><div><pre>org.openqa.selenium.TimeoutException: Expected condition failed: waiting for visibility of Proxy element for: DefaultElementLocator &apos;By.xpath: //*[@role=&apos;alert&apos;]&apos; (tried for 8 second(s) with 500 milliseconds interval)
	at org.openqa.selenium.support.ui.WebDriverWait.timeoutException(WebDriverWait.java:84)
	at org.openqa.selenium.support.ui.FluentWait.until(FluentWait.java:228)
	at Repeatative_codes.Repeat.wait_for_theElement(Repeat.java:41)
	at Locaters.Login_Locaters.toast(Login_Locaters.java:57)
	at Enterprise_Codeclouds.Project.Enterprise.Case_Appplications.Buyout_Add_After_Contract_Generation_through_Edit_Terms(Case_Appplications.java:1977)
	at java.base/java.util.ArrayList.forEach(ArrayList.java:1596)
Caused by: org.openqa.selenium.NoSuchElementException: no such element: Unable to locate element: {&quot;method&quot;:&quot;xpath&quot;,&quot;selector&quot;:&quot;//*[@role=&apos;alert&apos;]&quot;}
  (Session info: chrome=144.0.7559.133)
For documentation on this error, please visit: https://www.selenium.dev/documentation/webdriver/troubleshooting/errors#no-such-element-exception
Build info: version: &apos;4.33.0&apos;, revision: &apos;2c6aaad03a&apos;
System info: os.name: &apos;Windows 11&apos;, os.arch: &apos;amd64&apos;, os.version: &apos;10.0&apos;, java.version: &apos;21.0.9&apos;
Driver info: org.openqa.selenium.chrome.ChromeDriver
Command: [23f4f373e6ace9ec112f0bb7297bf003, findElement {value=//*[@role=&apos;alert&apos;], using=xpath}]
Capabilities {acceptInsecureCerts: false, browserName: chrome, browserVersion: 144.0.7559.133, chrome: {chromedriverVersion: 144.0.7559.133 (7da823b1d59..., userDataDir: C:\Users\CODECL~1\AppData\L...}, fedcm:accounts: true, goog:chromeOptions: {debuggerAddress: localhost:55660}, goog:processID: 15308, networkConnectionEnabled: false, pageLoadStrategy: normal, platformName: windows, proxy: Proxy(), se:cdp: ws://localhost:55660/devtoo..., se:cdpVersion: 144.0.7559.133, setWindowRect: true, strictFileInteractability: false, timeouts: {implicit: 0, pageLoad: 300000, script: 30000}, unhandledPromptBehavior: dismiss and notify, webauthn:extension:credBlob: true, webauthn:extension:largeBlob: true, webauthn:extension:minPinLength: true, webauthn:extension:prf: true, webauthn:virtualAuthenticators: true}
Session ID: 23f4f373e6ace9ec112f0bb7297bf003
	at org.openqa.selenium.remote.ErrorCodec.decode(ErrorCodec.java:167)
	at org.openqa.selenium.remote.codec.w3c.W3CHttpResponseCodec.decode(W3CHttpResponseCodec.java:138)
	at org.openqa.selenium.remote.codec.w3c.W3CHttpResponseCodec.decode(W3CHttpResponseCodec.java:50)
	at org.openqa.selenium.remote.HttpCommandExecutor.execute(HttpCommandExecutor.java:215)
	at org.openqa.selenium.remote.service.DriverCommandExecutor.invokeExecute(DriverCommandExecutor.java:216)
	at org.openqa.selenium.remote.service.DriverCommandExecutor.execute(DriverCommandExecutor.java:174)
	at org.openqa.selenium.remote.RemoteWebDriver.execute(RemoteWebDriver.java:544)
	at org.openqa.selenium.remote.ElementLocation$ElementFinder$2.findElement(ElementLocation.java:165)
	at org.openqa.selenium.remote.ElementLocation.findElement(ElementLocation.java:59)
	at org.openqa.selenium.remote.RemoteWebDriver.findElement(RemoteWebDriver.java:367)
	at org.openqa.selenium.remote.RemoteWebDriver.findElement(RemoteWebDriver.java:361)
	at org.openqa.selenium.support.pagefactory.DefaultElementLocator.findElement(DefaultElementLocator.java:68)
	at org.openqa.selenium.support.pagefactory.internal.LocatingElementHandler.invoke(LocatingElementHandler.java:38)
	at jdk.proxy2/jdk.proxy2.$Proxy18.isDisplayed(Unknown Source)
	at org.openqa.selenium.support.ui.ExpectedConditions.elementIfVisible(ExpectedConditions.java:304)
	at org.openqa.selenium.support.ui.ExpectedConditions$10.apply(ExpectedConditions.java:290)
	at org.openqa.selenium.support.ui.ExpectedConditions$10.apply(ExpectedConditions.java:287)
	at org.openqa.selenium.support.ui.FluentWait.until(FluentWait.java:203)
	... 29 more
... Removed 28 stack frames</pre></div><a href='#' onClick='toggleBox("stack-trace2099148279", this, "Click to show all stack frames", "Click to hide stack frames")'>Click to show all stack frames</a>
<div class='stack-trace' id='stack-trace2099148279'><pre>org.openqa.selenium.TimeoutException: Expected condition failed: waiting for visibility of Proxy element for: DefaultElementLocator &apos;By.xpath: //*[@role=&apos;alert&apos;]&apos; (tried for 8 second(s) with 500 milliseconds interval)
	at org.openqa.selenium.support.ui.WebDriverWait.timeoutException(WebDriverWait.java:84)
	at org.openqa.selenium.support.ui.FluentWait.until(FluentWait.java:228)
	at Repeatative_codes.Repeat.wait_for_theElement(Repeat.java:41)
	at Locaters.Login_Locaters.toast(Login_Locaters.java:57)
	at Enterprise_Codeclouds.Project.Enterprise.Case_Appplications.Buyout_Add_After_Contract_Generation_through_Edit_Terms(Case_Appplications.java:1977)
	at java.base/jdk.internal.reflect.DirectMethodHandleAccessor.invoke(DirectMethodHandleAccessor.java:103)
	at java.base/java.lang.reflect.Method.invoke(Method.java:580)
	at org.testng.internal.invokers.MethodInvocationHelper.invokeMethod(MethodInvocationHelper.java:141)
	at org.testng.internal.invokers.TestInvoker.invokeMethod(TestInvoker.java:687)
	at org.testng.internal.invokers.TestInvoker.invokeTestMethod(TestInvoker.java:230)
	at org.testng.internal.invokers.MethodRunner.runInSequence(MethodRunner.java:63)
	at org.testng.internal.invokers.TestInvoker$MethodInvocationAgent.invoke(TestInvoker.java:995)
	at org.testng.internal.invokers.TestInvoker.invokeTestMethods(TestInvoker.java:203)
	at org.testng.internal.invokers.TestMethodWorker.invokeTestMethods(TestMethodWorker.java:154)
	at org.testng.internal.invokers.TestMethodWorker.run(TestMethodWorker.java:134)
	at java.base/java.util.ArrayList.forEach(ArrayList.java:1596)
	at org.testng.TestRunner.privateRun(TestRunner.java:741)
	at org.testng.TestRunner.run(TestRunner.java:616)
	at org.testng.SuiteRunner.runTest(SuiteRunner.java:421)
	at org.testng.SuiteRunner.runSequentially(SuiteRunner.java:413)
	at org.testng.SuiteRunner.privateRun(SuiteRunner.java:373)
	at org.testng.SuiteRunner.run(SuiteRunner.java:312)
	at org.testng.SuiteRunnerWorker.runSuite(SuiteRunnerWorker.java:52)
	at org.testng.SuiteRunnerWorker.run(SuiteRunnerWorker.java:95)
	at org.testng.TestNG.runSuitesSequentially(TestNG.java:1274)
	at org.testng.TestNG.runSuitesLocally(TestNG.java:1208)
	at org.testng.TestNG.runSuites(TestNG.java:1112)
	at org.testng.TestNG.run(TestNG.java:1079)
	at org.testng.remote.AbstractRemoteTestNG.run(AbstractRemoteTestNG.java:115)
	at org.testng.remote.RemoteTestNG.initAndRun(RemoteTestNG.java:293)
	at org.testng.remote.RemoteTestNG.main(RemoteTestNG.java:91)
Caused by: org.openqa.selenium.NoSuchElementException: no such element: Unable to locate element: {&quot;method&quot;:&quot;xpath&quot;,&quot;selector&quot;:&quot;//*[@role=&apos;alert&apos;]&quot;}
  (Session info: chrome=144.0.7559.133)
For documentation on this error, please visit: https://www.selenium.dev/documentation/webdriver/troubleshooting/errors#no-such-element-exception
Build info: version: &apos;4.33.0&apos;, revision: &apos;2c6aaad03a&apos;
System info: os.name: &apos;Windows 11&apos;, os.arch: &apos;amd64&apos;, os.version: &apos;10.0&apos;, java.version: &apos;21.0.9&apos;
Driver info: org.openqa.selenium.chrome.ChromeDriver
Command: [23f4f373e6ace9ec112f0bb7297bf003, findElement {value=//*[@role=&apos;alert&apos;], using=xpath}]
Capabilities {acceptInsecureCerts: false, browserName: chrome, browserVersion: 144.0.7559.133, chrome: {chromedriverVersion: 144.0.7559.133 (7da823b1d59..., userDataDir: C:\Users\CODECL~1\AppData\L...}, fedcm:accounts: true, goog:chromeOptions: {debuggerAddress: localhost:55660}, goog:processID: 15308, networkConnectionEnabled: false, pageLoadStrategy: normal, platformName: windows, proxy: Proxy(), se:cdp: ws://localhost:55660/devtoo..., se:cdpVersion: 144.0.7559.133, setWindowRect: true, strictFileInteractability: false, timeouts: {implicit: 0, pageLoad: 300000, script: 30000}, unhandledPromptBehavior: dismiss and notify, webauthn:extension:credBlob: true, webauthn:extension:largeBlob: true, webauthn:extension:minPinLength: true, webauthn:extension:prf: true, webauthn:virtualAuthenticators: true}
Session ID: 23f4f373e6ace9ec112f0bb7297bf003
	at java.base/jdk.internal.reflect.DirectConstructorHandleAccessor.newInstance(DirectConstructorHandleAccessor.java:62)
	at java.base/java.lang.reflect.Constructor.newInstanceWithCaller(Constructor.java:502)
	at java.base/java.lang.reflect.Constructor.newInstance(Constructor.java:486)
	at org.openqa.selenium.remote.ErrorCodec.decode(ErrorCodec.java:167)
	at org.openqa.selenium.remote.codec.w3c.W3CHttpResponseCodec.decode(W3CHttpResponseCodec.java:138)
	at org.openqa.selenium.remote.codec.w3c.W3CHttpResponseCodec.decode(W3CHttpResponseCodec.java:50)
	at org.openqa.selenium.remote.HttpCommandExecutor.execute(HttpCommandExecutor.java:215)
	at org.openqa.selenium.remote.service.DriverCommandExecutor.invokeExecute(DriverCommandExecutor.java:216)
	at org.openqa.selenium.remote.service.DriverCommandExecutor.execute(DriverCommandExecutor.java:174)
	at org.openqa.selenium.remote.RemoteWebDriver.execute(RemoteWebDriver.java:544)
	at org.openqa.selenium.remote.ElementLocation$ElementFinder$2.findElement(ElementLocation.java:165)
	at org.openqa.selenium.remote.ElementLocation.findElement(ElementLocation.java:59)
	at org.openqa.selenium.remote.RemoteWebDriver.findElement(RemoteWebDriver.java:367)
	at org.openqa.selenium.remote.RemoteWebDriver.findElement(RemoteWebDriver.java:361)
	at org.openqa.selenium.support.pagefactory.DefaultElementLocator.findElement(DefaultElementLocator.java:68)
	at org.openqa.selenium.support.pagefactory.internal.LocatingElementHandler.invoke(LocatingElementHandler.java:38)
	at jdk.proxy2/jdk.proxy2.$Proxy18.isDisplayed(Unknown Source)
	at org.openqa.selenium.support.ui.ExpectedConditions.elementIfVisible(ExpectedConditions.java:304)
	at org.openqa.selenium.support.ui.ExpectedConditions$10.apply(ExpectedConditions.java:290)
	at org.openqa.selenium.support.ui.ExpectedConditions$10.apply(ExpectedConditions.java:287)
	at org.openqa.selenium.support.ui.FluentWait.until(FluentWait.java:203)
	... 29 more
</pre></div></td>
<td>48</td>
<td>Enterprise_Codeclouds.Project.Enterprise.Case_Appplications@41a2befb</td></tr>
<tr>
<td title='Enterprise_Codeclouds.Project.Enterprise.Case_Appplications.Buyout_Add_After_Contract_Generation_through_Edit_Terms()'><b>Buyout_Add_After_Contract_Generation_through_Edit_Terms</b><br>Test class: Enterprise_Codeclouds.Project.Enterprise.Case_Appplications<br>Parameters: {Agreement Date=02/10/2026, Amount Received=5100, Application Status=Pending Docs, Approved Amount=12000, Attorney Name=Attorney Riven Hawthorne, Buyout Amount=7200, Buyout Expiry Date=02/10/2030, Buyout Funder Name=Ironleaf Recovery Capital, Case #=526, Case Type=Workers Compensation, Court Index Number=18WC-2310-WC-005804, Date of Incident=10/03/2023, Document prep fee=245, Fund transfer fee=85, Interest Start Date=02/10/2026, Law Firm Name=Buckeye Industrial Injury Counsel, Lead Source=Other, Notes / Remarks=Cash collected and receipted; attach receipt scan and compliance note for audit trail., Payer Name=Attorney Riven Hawthorne, Payment Date=02/10/2026, Payment Mode=Cash, Payment Type=Payment by Attorney, Rate of Return=36, Recommended Max Funding=12000, Requested Amount=29500, Risk Level=Moderate, SMS Message Body=We need additional records to complete underwriting for your workers comp file. – Lumberjack Legal Finance, SMS Message Title=Documents Needed, State=Ohio, Summary=Work comp claim for shoulder strain with surgery recommendation; IME dispute noted; wage replacement delays alleged; treatment records submitted., Underwriting Notes=Confirm acceptance vs denial posture, IME findings, MMI outlook, and lien/fee priorities. Keep funding conservative until carrier position stabilizes., Underwriting Tag=IME/Carrier Position}, {Address Line 1=201 S Las Vegas Blvd, Address Line 2=Apt 1102, City=Las Vegas, Date of Birth=12/03/1988, Email=pltf.macleannor.tadhg.k2v6zu.8f0r@yopmail.com, First Name=Tadhg, Last Name=MacLeannor, Middle Name=Alasdair, Name Suffix=II, Phone number=7029145837, Social Security Number=797-62-1405, State=Nevada, Zip code=89101}, {Email=attorney.mireille.laframboise06@mailto.plus, First Name=Attorney Mireille, Last Name=Laframboise, Middle Name=Blaise, Name Suffix=II, Office phone=9897418128, Phone=9897406128}, {City=Baltimore, Name=HarborLedger Trial Office, Phone=4106821570, State=Maryland, Street Address 1=10 Light St, Inner Harbor Business Tower, West Entrance, Street Address 2=Suite 1806, Intake: Room 18C, Package Scan at Security, Zip code=21202}, {Staff Email=staff.kaelina.briarholt47@mailto.plus, Staff First Name=Staff Kaelina, Staff Last Name=Briarholt, Staff Middle Name=Odette, Staff Name Suffix=II, Staff Office phone=5129043716, Staff Phone=5126398047}, {Bcc=qa.auditdesk@yopmail.com, Cc=scheduling.desk@yopmail.com, Message=Hello,

We would like to schedule a short call to discuss next steps. Please share your preferred time window.

Thank you., Subject=Call Request - Please Share Availability, Template=None, To=ronivar.lindenmark3411@yopmail.com}</td>
<td><div><pre>org.openqa.selenium.TimeoutException: Expected condition failed: waiting for visibility of Proxy element for: DefaultElementLocator &apos;By.xpath: //*[@role=&apos;alert&apos;]&apos; (tried for 8 second(s) with 500 milliseconds interval)
	at org.openqa.selenium.support.ui.WebDriverWait.timeoutException(WebDriverWait.java:84)
	at org.openqa.selenium.support.ui.FluentWait.until(FluentWait.java:228)
	at Repeatative_codes.Repeat.wait_for_theElement(Repeat.java:41)
	at Locaters.Login_Locaters.toast(Login_Locaters.java:57)
	at Enterprise_Codeclouds.Project.Enterprise.Case_Appplications.Buyout_Add_After_Contract_Generation_through_Edit_Terms(Case_Appplications.java:1977)
	at java.base/java.util.ArrayList.forEach(ArrayList.java:1596)
Caused by: org.openqa.selenium.NoSuchElementException: no such element: Unable to locate element: {&quot;method&quot;:&quot;xpath&quot;,&quot;selector&quot;:&quot;//*[@role=&apos;alert&apos;]&quot;}
  (Session info: chrome=144.0.7559.133)
For documentation on this error, please visit: https://www.selenium.dev/documentation/webdriver/troubleshooting/errors#no-such-element-exception
Build info: version: &apos;4.33.0&apos;, revision: &apos;2c6aaad03a&apos;
System info: os.name: &apos;Windows 11&apos;, os.arch: &apos;amd64&apos;, os.version: &apos;10.0&apos;, java.version: &apos;21.0.9&apos;
Driver info: org.openqa.selenium.chrome.ChromeDriver
Command: [a31ab8d3e61c5f278955fe2e7899d8d4, findElement {value=//*[@role=&apos;alert&apos;], using=xpath}]
Capabilities {acceptInsecureCerts: false, browserName: chrome, browserVersion: 144.0.7559.133, chrome: {chromedriverVersion: 144.0.7559.133 (7da823b1d59..., userDataDir: C:\Users\CODECL~1\AppData\L...}, fedcm:accounts: true, goog:chromeOptions: {debuggerAddress: localhost:55864}, goog:processID: 16048, networkConnectionEnabled: false, pageLoadStrategy: normal, platformName: windows, proxy: Proxy(), se:cdp: ws://localhost:55864/devtoo..., se:cdpVersion: 144.0.7559.133, setWindowRect: true, strictFileInteractability: false, timeouts: {implicit: 0, pageLoad: 300000, script: 30000}, unhandledPromptBehavior: dismiss and notify, webauthn:extension:credBlob: true, webauthn:extension:largeBlob: true, webauthn:extension:minPinLength: true, webauthn:extension:prf: true, webauthn:virtualAuthenticators: true}
Session ID: a31ab8d3e61c5f278955fe2e7899d8d4
	at org.openqa.selenium.remote.ErrorCodec.decode(ErrorCodec.java:167)
	at org.openqa.selenium.remote.codec.w3c.W3CHttpResponseCodec.decode(W3CHttpResponseCodec.java:138)
	at org.openqa.selenium.remote.codec.w3c.W3CHttpResponseCodec.decode(W3CHttpResponseCodec.java:50)
	at org.openqa.selenium.remote.HttpCommandExecutor.execute(HttpCommandExecutor.java:215)
	at org.openqa.selenium.remote.service.DriverCommandExecutor.invokeExecute(DriverCommandExecutor.java:216)
	at org.openqa.selenium.remote.service.DriverCommandExecutor.execute(DriverCommandExecutor.java:174)
	at org.openqa.selenium.remote.RemoteWebDriver.execute(RemoteWebDriver.java:544)
	at org.openqa.selenium.remote.ElementLocation$ElementFinder$2.findElement(ElementLocation.java:165)
	at org.openqa.selenium.remote.ElementLocation.findElement(ElementLocation.java:59)
	at org.openqa.selenium.remote.RemoteWebDriver.findElement(RemoteWebDriver.java:367)
	at org.openqa.selenium.remote.RemoteWebDriver.findElement(RemoteWebDriver.java:361)
	at org.openqa.selenium.support.pagefactory.DefaultElementLocator.findElement(DefaultElementLocator.java:68)
	at org.openqa.selenium.support.pagefactory.internal.LocatingElementHandler.invoke(LocatingElementHandler.java:38)
	at jdk.proxy2/jdk.proxy2.$Proxy18.isDisplayed(Unknown Source)
	at org.openqa.selenium.support.ui.ExpectedConditions.elementIfVisible(ExpectedConditions.java:304)
	at org.openqa.selenium.support.ui.ExpectedConditions$10.apply(ExpectedConditions.java:290)
	at org.openqa.selenium.support.ui.ExpectedConditions$10.apply(ExpectedConditions.java:287)
	at org.openqa.selenium.support.ui.FluentWait.until(FluentWait.java:203)
	... 29 more
... Removed 28 stack frames</pre></div><a href='#' onClick='toggleBox("stack-trace990809028", this, "Click to show all stack frames", "Click to hide stack frames")'>Click to show all stack frames</a>
<div class='stack-trace' id='stack-trace990809028'><pre>org.openqa.selenium.TimeoutException: Expected condition failed: waiting for visibility of Proxy element for: DefaultElementLocator &apos;By.xpath: //*[@role=&apos;alert&apos;]&apos; (tried for 8 second(s) with 500 milliseconds interval)
	at org.openqa.selenium.support.ui.WebDriverWait.timeoutException(WebDriverWait.java:84)
	at org.openqa.selenium.support.ui.FluentWait.until(FluentWait.java:228)
	at Repeatative_codes.Repeat.wait_for_theElement(Repeat.java:41)
	at Locaters.Login_Locaters.toast(Login_Locaters.java:57)
	at Enterprise_Codeclouds.Project.Enterprise.Case_Appplications.Buyout_Add_After_Contract_Generation_through_Edit_Terms(Case_Appplications.java:1977)
	at java.base/jdk.internal.reflect.DirectMethodHandleAccessor.invoke(DirectMethodHandleAccessor.java:103)
	at java.base/java.lang.reflect.Method.invoke(Method.java:580)
	at org.testng.internal.invokers.MethodInvocationHelper.invokeMethod(MethodInvocationHelper.java:141)
	at org.testng.internal.invokers.TestInvoker.invokeMethod(TestInvoker.java:687)
	at org.testng.internal.invokers.TestInvoker.invokeTestMethod(TestInvoker.java:230)
	at org.testng.internal.invokers.MethodRunner.runInSequence(MethodRunner.java:63)
	at org.testng.internal.invokers.TestInvoker$MethodInvocationAgent.invoke(TestInvoker.java:995)
	at org.testng.internal.invokers.TestInvoker.invokeTestMethods(TestInvoker.java:203)
	at org.testng.internal.invokers.TestMethodWorker.invokeTestMethods(TestMethodWorker.java:154)
	at org.testng.internal.invokers.TestMethodWorker.run(TestMethodWorker.java:134)
	at java.base/java.util.ArrayList.forEach(ArrayList.java:1596)
	at org.testng.TestRunner.privateRun(TestRunner.java:741)
	at org.testng.TestRunner.run(TestRunner.java:616)
	at org.testng.SuiteRunner.runTest(SuiteRunner.java:421)
	at org.testng.SuiteRunner.runSequentially(SuiteRunner.java:413)
	at org.testng.SuiteRunner.privateRun(SuiteRunner.java:373)
	at org.testng.SuiteRunner.run(SuiteRunner.java:312)
	at org.testng.SuiteRunnerWorker.runSuite(SuiteRunnerWorker.java:52)
	at org.testng.SuiteRunnerWorker.run(SuiteRunnerWorker.java:95)
	at org.testng.TestNG.runSuitesSequentially(TestNG.java:1274)
	at org.testng.TestNG.runSuitesLocally(TestNG.java:1208)
	at org.testng.TestNG.runSuites(TestNG.java:1112)
	at org.testng.TestNG.run(TestNG.java:1079)
	at org.testng.remote.AbstractRemoteTestNG.run(AbstractRemoteTestNG.java:115)
	at org.testng.remote.RemoteTestNG.initAndRun(RemoteTestNG.java:293)
	at org.testng.remote.RemoteTestNG.main(RemoteTestNG.java:91)
Caused by: org.openqa.selenium.NoSuchElementException: no such element: Unable to locate element: {&quot;method&quot;:&quot;xpath&quot;,&quot;selector&quot;:&quot;//*[@role=&apos;alert&apos;]&quot;}
  (Session info: chrome=144.0.7559.133)
For documentation on this error, please visit: https://www.selenium.dev/documentation/webdriver/troubleshooting/errors#no-such-element-exception
Build info: version: &apos;4.33.0&apos;, revision: &apos;2c6aaad03a&apos;
System info: os.name: &apos;Windows 11&apos;, os.arch: &apos;amd64&apos;, os.version: &apos;10.0&apos;, java.version: &apos;21.0.9&apos;
Driver info: org.openqa.selenium.chrome.ChromeDriver
Command: [a31ab8d3e61c5f278955fe2e7899d8d4, findElement {value=//*[@role=&apos;alert&apos;], using=xpath}]
Capabilities {acceptInsecureCerts: false, browserName: chrome, browserVersion: 144.0.7559.133, chrome: {chromedriverVersion: 144.0.7559.133 (7da823b1d59..., userDataDir: C:\Users\CODECL~1\AppData\L...}, fedcm:accounts: true, goog:chromeOptions: {debuggerAddress: localhost:55864}, goog:processID: 16048, networkConnectionEnabled: false, pageLoadStrategy: normal, platformName: windows, proxy: Proxy(), se:cdp: ws://localhost:55864/devtoo..., se:cdpVersion: 144.0.7559.133, setWindowRect: true, strictFileInteractability: false, timeouts: {implicit: 0, pageLoad: 300000, script: 30000}, unhandledPromptBehavior: dismiss and notify, webauthn:extension:credBlob: true, webauthn:extension:largeBlob: true, webauthn:extension:minPinLength: true, webauthn:extension:prf: true, webauthn:virtualAuthenticators: true}
Session ID: a31ab8d3e61c5f278955fe2e7899d8d4
	at java.base/jdk.internal.reflect.DirectConstructorHandleAccessor.newInstance(DirectConstructorHandleAccessor.java:62)
	at java.base/java.lang.reflect.Constructor.newInstanceWithCaller(Constructor.java:502)
	at java.base/java.lang.reflect.Constructor.newInstance(Constructor.java:486)
	at org.openqa.selenium.remote.ErrorCodec.decode(ErrorCodec.java:167)
	at org.openqa.selenium.remote.codec.w3c.W3CHttpResponseCodec.decode(W3CHttpResponseCodec.java:138)
	at org.openqa.selenium.remote.codec.w3c.W3CHttpResponseCodec.decode(W3CHttpResponseCodec.java:50)
	at org.openqa.selenium.remote.HttpCommandExecutor.execute(HttpCommandExecutor.java:215)
	at org.openqa.selenium.remote.service.DriverCommandExecutor.invokeExecute(DriverCommandExecutor.java:216)
	at org.openqa.selenium.remote.service.DriverCommandExecutor.execute(DriverCommandExecutor.java:174)
	at org.openqa.selenium.remote.RemoteWebDriver.execute(RemoteWebDriver.java:544)
	at org.openqa.selenium.remote.ElementLocation$ElementFinder$2.findElement(ElementLocation.java:165)
	at org.openqa.selenium.remote.ElementLocation.findElement(ElementLocation.java:59)
	at org.openqa.selenium.remote.RemoteWebDriver.findElement(RemoteWebDriver.java:367)
	at org.openqa.selenium.remote.RemoteWebDriver.findElement(RemoteWebDriver.java:361)
	at org.openqa.selenium.support.pagefactory.DefaultElementLocator.findElement(DefaultElementLocator.java:68)
	at org.openqa.selenium.support.pagefactory.internal.LocatingElementHandler.invoke(LocatingElementHandler.java:38)
	at jdk.proxy2/jdk.proxy2.$Proxy18.isDisplayed(Unknown Source)
	at org.openqa.selenium.support.ui.ExpectedConditions.elementIfVisible(ExpectedConditions.java:304)
	at org.openqa.selenium.support.ui.ExpectedConditions$10.apply(ExpectedConditions.java:290)
	at org.openqa.selenium.support.ui.ExpectedConditions$10.apply(ExpectedConditions.java:287)
	at org.openqa.selenium.support.ui.FluentWait.until(FluentWait.java:203)
	... 29 more
</pre></div></td>
<td>48</td>
<td>Enterprise_Codeclouds.Project.Enterprise.Case_Appplications@41a2befb</td></tr>
<tr>
<td title='Enterprise_Codeclouds.Project.Enterprise.Case_Appplications.Buyout_Add_After_Contract_Generation_through_Edit_Terms()'><b>Buyout_Add_After_Contract_Generation_through_Edit_Terms</b><br>Test class: Enterprise_Codeclouds.Project.Enterprise.Case_Appplications<br>Parameters: {Agreement Date=02/10/2026, Amount Received=2200, Application Status=Pending Docs, Approved Amount=9800, Attorney Name=Attorney Mirek Solace, Buyout Amount=5600, Buyout Expiry Date=02/10/2030, Buyout Funder Name=Blue Lantern Funding Co., Case #=530, Case Type=Unpaid Wages, Court Index Number=17CV-2312-UW-001902, Date of Incident=12/05/2023, Document prep fee=225, Fund transfer fee=75, Interest Start Date=02/10/2026, Law Firm Name=Keystone Wage & Hour Advocates, Lead Source=Other, Notes / Remarks=Cash received; generate receipt and attach scanned copy; verify permissible method per policy., Payer Name=Plaintiff N/A, Payment Date=02/10/2026, Payment Mode=Cash, Payment Type=Payment by Plaintiff, Rate of Return=34, Recommended Max Funding=9800, Requested Amount=24000, Risk Level=Low-Moderate, SMS Message Body=We need additional payroll/schedule documents to complete underwriting. – Lumberjack Legal Finance, SMS Message Title=Documents Needed, State=Pennsylvania, Summary=Overtime and shift differential allegedly withheld across multiple pay periods; time clock edits suspected; paystubs and schedules conflict., Underwriting Notes=Confirm arbitration/class waiver, payroll integrity, and defenses. Conservative funding until early discovery clarifies timekeeping practices., Underwriting Tag=Payroll Reconciliation}, {Address Line 1=50 N Laura St, Address Line 2=Apt 1710, City=Jacksonville, Date of Birth=04/16/1992, Email=pltf.theriault.maelle.r6p8vn.1m4z@yopmail.com, First Name=Maëlle, Last Name=Thériault, Middle Name=Sabine, Name Suffix=IV, Phone number=9047531886, Social Security Number=734-77-1903, State=Florida, Zip code=32202}, {Email=attorney.ainsley.houde10@mailto.plus, First Name=Attorney Ainsley, Last Name=Houde, Middle Name=Claire, Name Suffix=IV, Office phone=9897418132, Phone=9897406132}, {City=Wichita, Name=PrairieMotion Claims Studio, Phone=3166881049, State=Kansas, Street Address 1=100 N Broadway St, Old Town Commerce Block, East Entrance, Street Address 2=Suite 705, Intake: Window 1, Visitor Parking Level 2, Zip code=67202}, {Staff Email=staff.selvara.montclair74@mailto.plus, Staff First Name=Staff Selvara, Staff Last Name=Montclair, Staff Middle Name=Giselle, Staff Name Suffix=IV, Staff Office phone=5149027415, Staff Phone=5146093874}, {Bcc=qa.auditdesk@yopmail.com, Cc=escalations.desk@yopmail.com, Message=Hello,

We are unable to proceed without the pending details. Please respond or upload the required information to avoid delays.

Regards., Subject=Final Reminder - Response Needed to Avoid Delay, Template=None, To=tenzaro.rivenshore3419@yopmail.com}</td>
<td><div><pre>org.openqa.selenium.TimeoutException: Expected condition failed: waiting for visibility of Proxy element for: DefaultElementLocator &apos;By.xpath: //*[@role=&apos;alert&apos;]&apos; (tried for 8 second(s) with 500 milliseconds interval)
	at org.openqa.selenium.support.ui.WebDriverWait.timeoutException(WebDriverWait.java:84)
	at org.openqa.selenium.support.ui.FluentWait.until(FluentWait.java:228)
	at Repeatative_codes.Repeat.wait_for_theElement(Repeat.java:41)
	at Locaters.Login_Locaters.toast(Login_Locaters.java:57)
	at Enterprise_Codeclouds.Project.Enterprise.Case_Appplications.Buyout_Add_After_Contract_Generation_through_Edit_Terms(Case_Appplications.java:1977)
	at java.base/java.util.ArrayList.forEach(ArrayList.java:1596)
Caused by: org.openqa.selenium.NoSuchElementException: no such element: Unable to locate element: {&quot;method&quot;:&quot;xpath&quot;,&quot;selector&quot;:&quot;//*[@role=&apos;alert&apos;]&quot;}
  (Session info: chrome=144.0.7559.133)
For documentation on this error, please visit: https://www.selenium.dev/documentation/webdriver/troubleshooting/errors#no-such-element-exception
Build info: version: &apos;4.33.0&apos;, revision: &apos;2c6aaad03a&apos;
System info: os.name: &apos;Windows 11&apos;, os.arch: &apos;amd64&apos;, os.version: &apos;10.0&apos;, java.version: &apos;21.0.9&apos;
Driver info: org.openqa.selenium.chrome.ChromeDriver
Command: [af8391439feb7c1aba8a1ea0660f2346, findElement {value=//*[@role=&apos;alert&apos;], using=xpath}]
Capabilities {acceptInsecureCerts: false, browserName: chrome, browserVersion: 144.0.7559.133, chrome: {chromedriverVersion: 144.0.7559.133 (7da823b1d59..., userDataDir: C:\Users\CODECL~1\AppData\L...}, fedcm:accounts: true, goog:chromeOptions: {debuggerAddress: localhost:50202}, goog:processID: 2572, networkConnectionEnabled: false, pageLoadStrategy: normal, platformName: windows, proxy: Proxy(), se:cdp: ws://localhost:50202/devtoo..., se:cdpVersion: 144.0.7559.133, setWindowRect: true, strictFileInteractability: false, timeouts: {implicit: 0, pageLoad: 300000, script: 30000}, unhandledPromptBehavior: dismiss and notify, webauthn:extension:credBlob: true, webauthn:extension:largeBlob: true, webauthn:extension:minPinLength: true, webauthn:extension:prf: true, webauthn:virtualAuthenticators: true}
Session ID: af8391439feb7c1aba8a1ea0660f2346
	at org.openqa.selenium.remote.ErrorCodec.decode(ErrorCodec.java:167)
	at org.openqa.selenium.remote.codec.w3c.W3CHttpResponseCodec.decode(W3CHttpResponseCodec.java:138)
	at org.openqa.selenium.remote.codec.w3c.W3CHttpResponseCodec.decode(W3CHttpResponseCodec.java:50)
	at org.openqa.selenium.remote.HttpCommandExecutor.execute(HttpCommandExecutor.java:215)
	at org.openqa.selenium.remote.service.DriverCommandExecutor.invokeExecute(DriverCommandExecutor.java:216)
	at org.openqa.selenium.remote.service.DriverCommandExecutor.execute(DriverCommandExecutor.java:174)
	at org.openqa.selenium.remote.RemoteWebDriver.execute(RemoteWebDriver.java:544)
	at org.openqa.selenium.remote.ElementLocation$ElementFinder$2.findElement(ElementLocation.java:165)
	at org.openqa.selenium.remote.ElementLocation.findElement(ElementLocation.java:59)
	at org.openqa.selenium.remote.RemoteWebDriver.findElement(RemoteWebDriver.java:367)
	at org.openqa.selenium.remote.RemoteWebDriver.findElement(RemoteWebDriver.java:361)
	at org.openqa.selenium.support.pagefactory.DefaultElementLocator.findElement(DefaultElementLocator.java:68)
	at org.openqa.selenium.support.pagefactory.internal.LocatingElementHandler.invoke(LocatingElementHandler.java:38)
	at jdk.proxy2/jdk.proxy2.$Proxy18.isDisplayed(Unknown Source)
	at org.openqa.selenium.support.ui.ExpectedConditions.elementIfVisible(ExpectedConditions.java:304)
	at org.openqa.selenium.support.ui.ExpectedConditions$10.apply(ExpectedConditions.java:290)
	at org.openqa.selenium.support.ui.ExpectedConditions$10.apply(ExpectedConditions.java:287)
	at org.openqa.selenium.support.ui.FluentWait.until(FluentWait.java:203)
	... 29 more
... Removed 28 stack frames</pre></div><a href='#' onClick='toggleBox("stack-trace1093007880", this, "Click to show all stack frames", "Click to hide stack frames")'>Click to show all stack frames</a>
<div class='stack-trace' id='stack-trace1093007880'><pre>org.openqa.selenium.TimeoutException: Expected condition failed: waiting for visibility of Proxy element for: DefaultElementLocator &apos;By.xpath: //*[@role=&apos;alert&apos;]&apos; (tried for 8 second(s) with 500 milliseconds interval)
	at org.openqa.selenium.support.ui.WebDriverWait.timeoutException(WebDriverWait.java:84)
	at org.openqa.selenium.support.ui.FluentWait.until(FluentWait.java:228)
	at Repeatative_codes.Repeat.wait_for_theElement(Repeat.java:41)
	at Locaters.Login_Locaters.toast(Login_Locaters.java:57)
	at Enterprise_Codeclouds.Project.Enterprise.Case_Appplications.Buyout_Add_After_Contract_Generation_through_Edit_Terms(Case_Appplications.java:1977)
	at java.base/jdk.internal.reflect.DirectMethodHandleAccessor.invoke(DirectMethodHandleAccessor.java:103)
	at java.base/java.lang.reflect.Method.invoke(Method.java:580)
	at org.testng.internal.invokers.MethodInvocationHelper.invokeMethod(MethodInvocationHelper.java:141)
	at org.testng.internal.invokers.TestInvoker.invokeMethod(TestInvoker.java:687)
	at org.testng.internal.invokers.TestInvoker.invokeTestMethod(TestInvoker.java:230)
	at org.testng.internal.invokers.MethodRunner.runInSequence(MethodRunner.java:63)
	at org.testng.internal.invokers.TestInvoker$MethodInvocationAgent.invoke(TestInvoker.java:995)
	at org.testng.internal.invokers.TestInvoker.invokeTestMethods(TestInvoker.java:203)
	at org.testng.internal.invokers.TestMethodWorker.invokeTestMethods(TestMethodWorker.java:154)
	at org.testng.internal.invokers.TestMethodWorker.run(TestMethodWorker.java:134)
	at java.base/java.util.ArrayList.forEach(ArrayList.java:1596)
	at org.testng.TestRunner.privateRun(TestRunner.java:741)
	at org.testng.TestRunner.run(TestRunner.java:616)
	at org.testng.SuiteRunner.runTest(SuiteRunner.java:421)
	at org.testng.SuiteRunner.runSequentially(SuiteRunner.java:413)
	at org.testng.SuiteRunner.privateRun(SuiteRunner.java:373)
	at org.testng.SuiteRunner.run(SuiteRunner.java:312)
	at org.testng.SuiteRunnerWorker.runSuite(SuiteRunnerWorker.java:52)
	at org.testng.SuiteRunnerWorker.run(SuiteRunnerWorker.java:95)
	at org.testng.TestNG.runSuitesSequentially(TestNG.java:1274)
	at org.testng.TestNG.runSuitesLocally(TestNG.java:1208)
	at org.testng.TestNG.runSuites(TestNG.java:1112)
	at org.testng.TestNG.run(TestNG.java:1079)
	at org.testng.remote.AbstractRemoteTestNG.run(AbstractRemoteTestNG.java:115)
	at org.testng.remote.RemoteTestNG.initAndRun(RemoteTestNG.java:293)
	at org.testng.remote.RemoteTestNG.main(RemoteTestNG.java:91)
Caused by: org.openqa.selenium.NoSuchElementException: no such element: Unable to locate element: {&quot;method&quot;:&quot;xpath&quot;,&quot;selector&quot;:&quot;//*[@role=&apos;alert&apos;]&quot;}
  (Session info: chrome=144.0.7559.133)
For documentation on this error, please visit: https://www.selenium.dev/documentation/webdriver/troubleshooting/errors#no-such-element-exception
Build info: version: &apos;4.33.0&apos;, revision: &apos;2c6aaad03a&apos;
System info: os.name: &apos;Windows 11&apos;, os.arch: &apos;amd64&apos;, os.version: &apos;10.0&apos;, java.version: &apos;21.0.9&apos;
Driver info: org.openqa.selenium.chrome.ChromeDriver
Command: [af8391439feb7c1aba8a1ea0660f2346, findElement {value=//*[@role=&apos;alert&apos;], using=xpath}]
Capabilities {acceptInsecureCerts: false, browserName: chrome, browserVersion: 144.0.7559.133, chrome: {chromedriverVersion: 144.0.7559.133 (7da823b1d59..., userDataDir: C:\Users\CODECL~1\AppData\L...}, fedcm:accounts: true, goog:chromeOptions: {debuggerAddress: localhost:50202}, goog:processID: 2572, networkConnectionEnabled: false, pageLoadStrategy: normal, platformName: windows, proxy: Proxy(), se:cdp: ws://localhost:50202/devtoo..., se:cdpVersion: 144.0.7559.133, setWindowRect: true, strictFileInteractability: false, timeouts: {implicit: 0, pageLoad: 300000, script: 30000}, unhandledPromptBehavior: dismiss and notify, webauthn:extension:credBlob: true, webauthn:extension:largeBlob: true, webauthn:extension:minPinLength: true, webauthn:extension:prf: true, webauthn:virtualAuthenticators: true}
Session ID: af8391439feb7c1aba8a1ea0660f2346
	at java.base/jdk.internal.reflect.DirectConstructorHandleAccessor.newInstance(DirectConstructorHandleAccessor.java:62)
	at java.base/java.lang.reflect.Constructor.newInstanceWithCaller(Constructor.java:502)
	at java.base/java.lang.reflect.Constructor.newInstance(Constructor.java:486)
	at org.openqa.selenium.remote.ErrorCodec.decode(ErrorCodec.java:167)
	at org.openqa.selenium.remote.codec.w3c.W3CHttpResponseCodec.decode(W3CHttpResponseCodec.java:138)
	at org.openqa.selenium.remote.codec.w3c.W3CHttpResponseCodec.decode(W3CHttpResponseCodec.java:50)
	at org.openqa.selenium.remote.HttpCommandExecutor.execute(HttpCommandExecutor.java:215)
	at org.openqa.selenium.remote.service.DriverCommandExecutor.invokeExecute(DriverCommandExecutor.java:216)
	at org.openqa.selenium.remote.service.DriverCommandExecutor.execute(DriverCommandExecutor.java:174)
	at org.openqa.selenium.remote.RemoteWebDriver.execute(RemoteWebDriver.java:544)
	at org.openqa.selenium.remote.ElementLocation$ElementFinder$2.findElement(ElementLocation.java:165)
	at org.openqa.selenium.remote.ElementLocation.findElement(ElementLocation.java:59)
	at org.openqa.selenium.remote.RemoteWebDriver.findElement(RemoteWebDriver.java:367)
	at org.openqa.selenium.remote.RemoteWebDriver.findElement(RemoteWebDriver.java:361)
	at org.openqa.selenium.support.pagefactory.DefaultElementLocator.findElement(DefaultElementLocator.java:68)
	at org.openqa.selenium.support.pagefactory.internal.LocatingElementHandler.invoke(LocatingElementHandler.java:38)
	at jdk.proxy2/jdk.proxy2.$Proxy18.isDisplayed(Unknown Source)
	at org.openqa.selenium.support.ui.ExpectedConditions.elementIfVisible(ExpectedConditions.java:304)
	at org.openqa.selenium.support.ui.ExpectedConditions$10.apply(ExpectedConditions.java:290)
	at org.openqa.selenium.support.ui.ExpectedConditions$10.apply(ExpectedConditions.java:287)
	at org.openqa.selenium.support.ui.FluentWait.until(FluentWait.java:203)
	... 29 more
</pre></div></td>
<td>47</td>
<td>Enterprise_Codeclouds.Project.Enterprise.Case_Appplications@41a2befb</td></tr>
<tr>
<td title='Enterprise_Codeclouds.Project.Enterprise.Case_Appplications.Buyout_Add_and_Fees_changed_in_Revised_Contract()'><b>Buyout_Add_and_Fees_changed_in_Revised_Contract</b><br>Test class: Enterprise_Codeclouds.Project.Enterprise.Case_Appplications<br>Parameters: {Agreement Date=02/10/2026, Amount Received=12400, Application Status=Approved, Approved Amount=9200, Attorney Name=Attorney Orion Vellum, Buyout Amount=5100, Buyout Expiry Date=02/10/2030, Buyout Funder Name=Seabright Plaintiff Capital, Case #=524, Case Type=Dog Bite, Court Index Number=11CV-2401-DB-006732, Date of Incident=01/28/2024, Document prep fee=215, Fund transfer fee=75, Interest Start Date=02/10/2026, Law Firm Name=Gulf Coast Injury Litigation Studio, Lead Source=Medical Provider, Notes / Remarks=Cheque received; log cheque number and hold posting until clearance as per finance policy., Payer Name=Sunline Casualty Underwriters, Payment Date=02/10/2026, Payment Mode=Cheque, Payment Type=Payment by Insurance Company, Rate of Return=33, Recommended Max Funding=9200, Requested Amount=21000, Risk Level=Low-Moderate, SMS Message Body=Your dog bite funding is approved. We’ll coordinate agreement review with your attorney. – Lumberjack Legal Finance, SMS Message Title=Approved, State=Florida, Summary=Dog bite with infection and follow-up antibiotics; photo documentation and urgent care notes provided; reported scarring and limited grip strength., Underwriting Notes=Confirm homeowner/renter coverage and liability limits, vaccination records, and prior incident history. Conservative valuation until healing outcome and scar assessment are stable., Underwriting Tag=Coverage Verification}, {Address Line 1=111 SW 5th Ave, Address Line 2=Suite 1712, City=Portland, Date of Birth=02/09/1990, Email=pltf.boisvertin.emilien.c4q8vs.9n1t@yopmail.com, First Name=Émilien, Last Name=Boisvertin, Middle Name=Gervais, Name Suffix=Sr, Phone number=5037461189, Social Security Number=775-44-7209, State=Oregon, Zip code=97204}, {Email=attorney.siobhan.belanger04@mailto.plus, First Name=Attorney Siobhan, Last Name=Bélanger, Middle Name=Noëlle, Name Suffix=Sr, Office phone=9897418126, Phone=9897406126}, {City=Pittsburgh, Name=Keystone Dispute Lab, Phone=4127765409, State=Pennsylvania, Street Address 1=600 Grant St, Steel City Tower, Concourse Entry, Street Address 2=Suite 2109, Intake: Counter B, Visitor Badge Needed, Zip code=15219}, {Staff Email=staff.elowen.harrowdale74@mailto.plus, Staff First Name=Staff Elowen, Staff Last Name=Harrowdale, Staff Middle Name=Rhiannon, Staff Name Suffix=Sr, Staff Office phone=2069073518, Staff Phone=2065839174}, {Bcc=qa.auditdesk@yopmail.com, Cc=followups.desk@yopmail.com, Message=Hello,

This is a friendly reminder that an action is still pending. Please complete it so there is no delay in processing.

Thank you., Subject=Reminder - Pending Action Required, Template=None, To=tavryn.rookmere3403@yopmail.com}</td>
<td><div><pre>org.openqa.selenium.ElementClickInterceptedException: element click intercepted: Element &lt;input type=&quot;search&quot; autocomplete=&quot;off&quot; class=&quot;ant-select-selection-search-input&quot; role=&quot;combobox&quot; aria-expanded=&quot;false&quot; aria-haspopup=&quot;listbox&quot; aria-owns=&quot;rc_select_4_list&quot; aria-autocomplete=&quot;list&quot; aria-controls=&quot;rc_select_4_list&quot; value=&quot;&quot; id=&quot;rc_select_4&quot;&gt; is not clickable at point (758, 260). Other element would receive the click: &lt;span class=&quot;ant-select-selection-item&quot; title=&quot;...&quot; style=&quot;&quot;&gt;Indiana&lt;/span&gt;
  (Session info: chrome=144.0.7559.133)
Build info: version: &apos;4.33.0&apos;, revision: &apos;2c6aaad03a&apos;
System info: os.name: &apos;Windows 11&apos;, os.arch: &apos;amd64&apos;, os.version: &apos;10.0&apos;, java.version: &apos;21.0.9&apos;
Driver info: org.openqa.selenium.chrome.ChromeDriver
Command: [c9c0263626bdc873588171471570b94f, clickElement {id=f.0E3570F79FEB9AD6233138B5F1CD54DB.d.480B03674AEDC2A401C61C7900EDCB63.e.60}]
Capabilities {acceptInsecureCerts: false, browserName: chrome, browserVersion: 144.0.7559.133, chrome: {chromedriverVersion: 144.0.7559.133 (7da823b1d59..., userDataDir: C:\Users\CODECL~1\AppData\L...}, fedcm:accounts: true, goog:chromeOptions: {debuggerAddress: localhost:51716}, goog:processID: 2560, networkConnectionEnabled: false, pageLoadStrategy: normal, platformName: windows, proxy: Proxy(), se:cdp: ws://localhost:51716/devtoo..., se:cdpVersion: 144.0.7559.133, setWindowRect: true, strictFileInteractability: false, timeouts: {implicit: 0, pageLoad: 300000, script: 30000}, unhandledPromptBehavior: dismiss and notify, webauthn:extension:credBlob: true, webauthn:extension:largeBlob: true, webauthn:extension:minPinLength: true, webauthn:extension:prf: true, webauthn:virtualAuthenticators: true}
Element: [[[[ChromeDriver: chrome on windows (c9c0263626bdc873588171471570b94f)] -&gt; xpath: //div[@class=&apos;ant-modal-body&apos;]]] -&gt; xpath: .//input]
Session ID: c9c0263626bdc873588171471570b94f
	at org.openqa.selenium.remote.ErrorCodec.decode(ErrorCodec.java:167)
	at org.openqa.selenium.remote.codec.w3c.W3CHttpResponseCodec.decode(W3CHttpResponseCodec.java:138)
	at org.openqa.selenium.remote.codec.w3c.W3CHttpResponseCodec.decode(W3CHttpResponseCodec.java:50)
	at org.openqa.selenium.remote.HttpCommandExecutor.execute(HttpCommandExecutor.java:215)
	at org.openqa.selenium.remote.service.DriverCommandExecutor.invokeExecute(DriverCommandExecutor.java:216)
	at org.openqa.selenium.remote.service.DriverCommandExecutor.execute(DriverCommandExecutor.java:174)
	at org.openqa.selenium.remote.RemoteWebDriver.execute(RemoteWebDriver.java:544)
	at org.openqa.selenium.remote.RemoteWebElement.execute(RemoteWebElement.java:223)
	at org.openqa.selenium.remote.RemoteWebElement.click(RemoteWebElement.java:76)
	at Enterprise_Codeclouds.Project.Enterprise.Case_Appplications.Buyout_Add_and_Fees_changed_in_Revised_Contract(Case_Appplications.java:1321)
	at java.base/java.util.ArrayList.forEach(ArrayList.java:1596)
... Removed 28 stack frames</pre></div><a href='#' onClick='toggleBox("stack-trace1686276716", this, "Click to show all stack frames", "Click to hide stack frames")'>Click to show all stack frames</a>
<div class='stack-trace' id='stack-trace1686276716'><pre>org.openqa.selenium.ElementClickInterceptedException: element click intercepted: Element &lt;input type=&quot;search&quot; autocomplete=&quot;off&quot; class=&quot;ant-select-selection-search-input&quot; role=&quot;combobox&quot; aria-expanded=&quot;false&quot; aria-haspopup=&quot;listbox&quot; aria-owns=&quot;rc_select_4_list&quot; aria-autocomplete=&quot;list&quot; aria-controls=&quot;rc_select_4_list&quot; value=&quot;&quot; id=&quot;rc_select_4&quot;&gt; is not clickable at point (758, 260). Other element would receive the click: &lt;span class=&quot;ant-select-selection-item&quot; title=&quot;...&quot; style=&quot;&quot;&gt;Indiana&lt;/span&gt;
  (Session info: chrome=144.0.7559.133)
Build info: version: &apos;4.33.0&apos;, revision: &apos;2c6aaad03a&apos;
System info: os.name: &apos;Windows 11&apos;, os.arch: &apos;amd64&apos;, os.version: &apos;10.0&apos;, java.version: &apos;21.0.9&apos;
Driver info: org.openqa.selenium.chrome.ChromeDriver
Command: [c9c0263626bdc873588171471570b94f, clickElement {id=f.0E3570F79FEB9AD6233138B5F1CD54DB.d.480B03674AEDC2A401C61C7900EDCB63.e.60}]
Capabilities {acceptInsecureCerts: false, browserName: chrome, browserVersion: 144.0.7559.133, chrome: {chromedriverVersion: 144.0.7559.133 (7da823b1d59..., userDataDir: C:\Users\CODECL~1\AppData\L...}, fedcm:accounts: true, goog:chromeOptions: {debuggerAddress: localhost:51716}, goog:processID: 2560, networkConnectionEnabled: false, pageLoadStrategy: normal, platformName: windows, proxy: Proxy(), se:cdp: ws://localhost:51716/devtoo..., se:cdpVersion: 144.0.7559.133, setWindowRect: true, strictFileInteractability: false, timeouts: {implicit: 0, pageLoad: 300000, script: 30000}, unhandledPromptBehavior: dismiss and notify, webauthn:extension:credBlob: true, webauthn:extension:largeBlob: true, webauthn:extension:minPinLength: true, webauthn:extension:prf: true, webauthn:virtualAuthenticators: true}
Element: [[[[ChromeDriver: chrome on windows (c9c0263626bdc873588171471570b94f)] -&gt; xpath: //div[@class=&apos;ant-modal-body&apos;]]] -&gt; xpath: .//input]
Session ID: c9c0263626bdc873588171471570b94f
	at java.base/jdk.internal.reflect.DirectConstructorHandleAccessor.newInstance(DirectConstructorHandleAccessor.java:62)
	at java.base/java.lang.reflect.Constructor.newInstanceWithCaller(Constructor.java:502)
	at java.base/java.lang.reflect.Constructor.newInstance(Constructor.java:486)
	at org.openqa.selenium.remote.ErrorCodec.decode(ErrorCodec.java:167)
	at org.openqa.selenium.remote.codec.w3c.W3CHttpResponseCodec.decode(W3CHttpResponseCodec.java:138)
	at org.openqa.selenium.remote.codec.w3c.W3CHttpResponseCodec.decode(W3CHttpResponseCodec.java:50)
	at org.openqa.selenium.remote.HttpCommandExecutor.execute(HttpCommandExecutor.java:215)
	at org.openqa.selenium.remote.service.DriverCommandExecutor.invokeExecute(DriverCommandExecutor.java:216)
	at org.openqa.selenium.remote.service.DriverCommandExecutor.execute(DriverCommandExecutor.java:174)
	at org.openqa.selenium.remote.RemoteWebDriver.execute(RemoteWebDriver.java:544)
	at org.openqa.selenium.remote.RemoteWebElement.execute(RemoteWebElement.java:223)
	at org.openqa.selenium.remote.RemoteWebElement.click(RemoteWebElement.java:76)
	at Enterprise_Codeclouds.Project.Enterprise.Case_Appplications.Buyout_Add_and_Fees_changed_in_Revised_Contract(Case_Appplications.java:1321)
	at java.base/jdk.internal.reflect.DirectMethodHandleAccessor.invoke(DirectMethodHandleAccessor.java:103)
	at java.base/java.lang.reflect.Method.invoke(Method.java:580)
	at org.testng.internal.invokers.MethodInvocationHelper.invokeMethod(MethodInvocationHelper.java:141)
	at org.testng.internal.invokers.TestInvoker.invokeMethod(TestInvoker.java:687)
	at org.testng.internal.invokers.TestInvoker.invokeTestMethod(TestInvoker.java:230)
	at org.testng.internal.invokers.MethodRunner.runInSequence(MethodRunner.java:63)
	at org.testng.internal.invokers.TestInvoker$MethodInvocationAgent.invoke(TestInvoker.java:995)
	at org.testng.internal.invokers.TestInvoker.invokeTestMethods(TestInvoker.java:203)
	at org.testng.internal.invokers.TestMethodWorker.invokeTestMethods(TestMethodWorker.java:154)
	at org.testng.internal.invokers.TestMethodWorker.run(TestMethodWorker.java:134)
	at java.base/java.util.ArrayList.forEach(ArrayList.java:1596)
	at org.testng.TestRunner.privateRun(TestRunner.java:741)
	at org.testng.TestRunner.run(TestRunner.java:616)
	at org.testng.SuiteRunner.runTest(SuiteRunner.java:421)
	at org.testng.SuiteRunner.runSequentially(SuiteRunner.java:413)
	at org.testng.SuiteRunner.privateRun(SuiteRunner.java:373)
	at org.testng.SuiteRunner.run(SuiteRunner.java:312)
	at org.testng.SuiteRunnerWorker.runSuite(SuiteRunnerWorker.java:52)
	at org.testng.SuiteRunnerWorker.run(SuiteRunnerWorker.java:95)
	at org.testng.TestNG.runSuitesSequentially(TestNG.java:1274)
	at org.testng.TestNG.runSuitesLocally(TestNG.java:1208)
	at org.testng.TestNG.runSuites(TestNG.java:1112)
	at org.testng.TestNG.run(TestNG.java:1079)
	at org.testng.remote.AbstractRemoteTestNG.run(AbstractRemoteTestNG.java:115)
	at org.testng.remote.RemoteTestNG.initAndRun(RemoteTestNG.java:293)
	at org.testng.remote.RemoteTestNG.main(RemoteTestNG.java:91)
</pre></div></td>
<td>10</td>
<td>Enterprise_Codeclouds.Project.Enterprise.Case_Appplications@41a2befb</td></tr>
<tr>
<td title='Enterprise_Codeclouds.Project.Enterprise.Case_Appplications.Buyout_Add_After_Contract_Generation_through_Edit_Terms()'><b>Buyout_Add_After_Contract_Generation_through_Edit_Terms</b><br>Test class: Enterprise_Codeclouds.Project.Enterprise.Case_Appplications<br>Parameters: {Agreement Date=02/10/2026, Amount Received=12400, Application Status=Approved, Approved Amount=9200, Attorney Name=Attorney Orion Vellum, Buyout Amount=5100, Buyout Expiry Date=02/10/2030, Buyout Funder Name=Seabright Plaintiff Capital, Case #=524, Case Type=Dog Bite, Court Index Number=11CV-2401-DB-006732, Date of Incident=01/28/2024, Document prep fee=215, Fund transfer fee=75, Interest Start Date=02/10/2026, Law Firm Name=Gulf Coast Injury Litigation Studio, Lead Source=Medical Provider, Notes / Remarks=Cheque received; log cheque number and hold posting until clearance as per finance policy., Payer Name=Sunline Casualty Underwriters, Payment Date=02/10/2026, Payment Mode=Cheque, Payment Type=Payment by Insurance Company, Rate of Return=33, Recommended Max Funding=9200, Requested Amount=21000, Risk Level=Low-Moderate, SMS Message Body=Your dog bite funding is approved. We’ll coordinate agreement review with your attorney. – Lumberjack Legal Finance, SMS Message Title=Approved, State=Florida, Summary=Dog bite with infection and follow-up antibiotics; photo documentation and urgent care notes provided; reported scarring and limited grip strength., Underwriting Notes=Confirm homeowner/renter coverage and liability limits, vaccination records, and prior incident history. Conservative valuation until healing outcome and scar assessment are stable., Underwriting Tag=Coverage Verification}, {Address Line 1=111 SW 5th Ave, Address Line 2=Suite 1712, City=Portland, Date of Birth=02/09/1990, Email=pltf.boisvertin.emilien.c4q8vs.9n1t@yopmail.com, First Name=Émilien, Last Name=Boisvertin, Middle Name=Gervais, Name Suffix=Sr, Phone number=5037461189, Social Security Number=775-44-7209, State=Oregon, Zip code=97204}, {Email=attorney.siobhan.belanger04@mailto.plus, First Name=Attorney Siobhan, Last Name=Bélanger, Middle Name=Noëlle, Name Suffix=Sr, Office phone=9897418126, Phone=9897406126}, {City=Pittsburgh, Name=Keystone Dispute Lab, Phone=4127765409, State=Pennsylvania, Street Address 1=600 Grant St, Steel City Tower, Concourse Entry, Street Address 2=Suite 2109, Intake: Counter B, Visitor Badge Needed, Zip code=15219}, {Staff Email=staff.elowen.harrowdale74@mailto.plus, Staff First Name=Staff Elowen, Staff Last Name=Harrowdale, Staff Middle Name=Rhiannon, Staff Name Suffix=Sr, Staff Office phone=2069073518, Staff Phone=2065839174}, {Bcc=qa.auditdesk@yopmail.com, Cc=followups.desk@yopmail.com, Message=Hello,

This is a friendly reminder that an action is still pending. Please complete it so there is no delay in processing.

Thank you., Subject=Reminder - Pending Action Required, Template=None, To=tavryn.rookmere3403@yopmail.com}</td>
<td><div><pre>org.openqa.selenium.TimeoutException: Expected condition failed: waiting for visibility of Proxy element for: DefaultElementLocator &apos;By.xpath: //*[@role=&apos;alert&apos;]&apos; (tried for 8 second(s) with 500 milliseconds interval)
	at org.openqa.selenium.support.ui.WebDriverWait.timeoutException(WebDriverWait.java:84)
	at org.openqa.selenium.support.ui.FluentWait.until(FluentWait.java:228)
	at Repeatative_codes.Repeat.wait_for_theElement(Repeat.java:41)
	at Locaters.Login_Locaters.toast(Login_Locaters.java:57)
	at Enterprise_Codeclouds.Project.Enterprise.Case_Appplications.Buyout_Add_After_Contract_Generation_through_Edit_Terms(Case_Appplications.java:1977)
	at java.base/java.util.ArrayList.forEach(ArrayList.java:1596)
Caused by: org.openqa.selenium.NoSuchElementException: no such element: Unable to locate element: {&quot;method&quot;:&quot;xpath&quot;,&quot;selector&quot;:&quot;//*[@role=&apos;alert&apos;]&quot;}
  (Session info: chrome=144.0.7559.133)
For documentation on this error, please visit: https://www.selenium.dev/documentation/webdriver/troubleshooting/errors#no-such-element-exception
Build info: version: &apos;4.33.0&apos;, revision: &apos;2c6aaad03a&apos;
System info: os.name: &apos;Windows 11&apos;, os.arch: &apos;amd64&apos;, os.version: &apos;10.0&apos;, java.version: &apos;21.0.9&apos;
Driver info: org.openqa.selenium.chrome.ChromeDriver
Command: [04990b2778a2fca19a9cef5d6381005b, findElement {value=//*[@role=&apos;alert&apos;], using=xpath}]
Capabilities {acceptInsecureCerts: false, browserName: chrome, browserVersion: 144.0.7559.133, chrome: {chromedriverVersion: 144.0.7559.133 (7da823b1d59..., userDataDir: C:\Users\CODECL~1\AppData\L...}, fedcm:accounts: true, goog:chromeOptions: {debuggerAddress: localhost:61466}, goog:processID: 10372, networkConnectionEnabled: false, pageLoadStrategy: normal, platformName: windows, proxy: Proxy(), se:cdp: ws://localhost:61466/devtoo..., se:cdpVersion: 144.0.7559.133, setWindowRect: true, strictFileInteractability: false, timeouts: {implicit: 0, pageLoad: 300000, script: 30000}, unhandledPromptBehavior: dismiss and notify, webauthn:extension:credBlob: true, webauthn:extension:largeBlob: true, webauthn:extension:minPinLength: true, webauthn:extension:prf: true, webauthn:virtualAuthenticators: true}
Session ID: 04990b2778a2fca19a9cef5d6381005b
	at org.openqa.selenium.remote.ErrorCodec.decode(ErrorCodec.java:167)
	at org.openqa.selenium.remote.codec.w3c.W3CHttpResponseCodec.decode(W3CHttpResponseCodec.java:138)
	at org.openqa.selenium.remote.codec.w3c.W3CHttpResponseCodec.decode(W3CHttpResponseCodec.java:50)
	at org.openqa.selenium.remote.HttpCommandExecutor.execute(HttpCommandExecutor.java:215)
	at org.openqa.selenium.remote.service.DriverCommandExecutor.invokeExecute(DriverCommandExecutor.java:216)
	at org.openqa.selenium.remote.service.DriverCommandExecutor.execute(DriverCommandExecutor.java:174)
	at org.openqa.selenium.remote.RemoteWebDriver.execute(RemoteWebDriver.java:544)
	at org.openqa.selenium.remote.ElementLocation$ElementFinder$2.findElement(ElementLocation.java:165)
	at org.openqa.selenium.remote.ElementLocation.findElement(ElementLocation.java:59)
	at org.openqa.selenium.remote.RemoteWebDriver.findElement(RemoteWebDriver.java:367)
	at org.openqa.selenium.remote.RemoteWebDriver.findElement(RemoteWebDriver.java:361)
	at org.openqa.selenium.support.pagefactory.DefaultElementLocator.findElement(DefaultElementLocator.java:68)
	at org.openqa.selenium.support.pagefactory.internal.LocatingElementHandler.invoke(LocatingElementHandler.java:38)
	at jdk.proxy2/jdk.proxy2.$Proxy18.isDisplayed(Unknown Source)
	at org.openqa.selenium.support.ui.ExpectedConditions.elementIfVisible(ExpectedConditions.java:304)
	at org.openqa.selenium.support.ui.ExpectedConditions$10.apply(ExpectedConditions.java:290)
	at org.openqa.selenium.support.ui.ExpectedConditions$10.apply(ExpectedConditions.java:287)
	at org.openqa.selenium.support.ui.FluentWait.until(FluentWait.java:203)
	... 29 more
... Removed 28 stack frames</pre></div><a href='#' onClick='toggleBox("stack-trace1680976673", this, "Click to show all stack frames", "Click to hide stack frames")'>Click to show all stack frames</a>
<div class='stack-trace' id='stack-trace1680976673'><pre>org.openqa.selenium.TimeoutException: Expected condition failed: waiting for visibility of Proxy element for: DefaultElementLocator &apos;By.xpath: //*[@role=&apos;alert&apos;]&apos; (tried for 8 second(s) with 500 milliseconds interval)
	at org.openqa.selenium.support.ui.WebDriverWait.timeoutException(WebDriverWait.java:84)
	at org.openqa.selenium.support.ui.FluentWait.until(FluentWait.java:228)
	at Repeatative_codes.Repeat.wait_for_theElement(Repeat.java:41)
	at Locaters.Login_Locaters.toast(Login_Locaters.java:57)
	at Enterprise_Codeclouds.Project.Enterprise.Case_Appplications.Buyout_Add_After_Contract_Generation_through_Edit_Terms(Case_Appplications.java:1977)
	at java.base/jdk.internal.reflect.DirectMethodHandleAccessor.invoke(DirectMethodHandleAccessor.java:103)
	at java.base/java.lang.reflect.Method.invoke(Method.java:580)
	at org.testng.internal.invokers.MethodInvocationHelper.invokeMethod(MethodInvocationHelper.java:141)
	at org.testng.internal.invokers.TestInvoker.invokeMethod(TestInvoker.java:687)
	at org.testng.internal.invokers.TestInvoker.invokeTestMethod(TestInvoker.java:230)
	at org.testng.internal.invokers.MethodRunner.runInSequence(MethodRunner.java:63)
	at org.testng.internal.invokers.TestInvoker$MethodInvocationAgent.invoke(TestInvoker.java:995)
	at org.testng.internal.invokers.TestInvoker.invokeTestMethods(TestInvoker.java:203)
	at org.testng.internal.invokers.TestMethodWorker.invokeTestMethods(TestMethodWorker.java:154)
	at org.testng.internal.invokers.TestMethodWorker.run(TestMethodWorker.java:134)
	at java.base/java.util.ArrayList.forEach(ArrayList.java:1596)
	at org.testng.TestRunner.privateRun(TestRunner.java:741)
	at org.testng.TestRunner.run(TestRunner.java:616)
	at org.testng.SuiteRunner.runTest(SuiteRunner.java:421)
	at org.testng.SuiteRunner.runSequentially(SuiteRunner.java:413)
	at org.testng.SuiteRunner.privateRun(SuiteRunner.java:373)
	at org.testng.SuiteRunner.run(SuiteRunner.java:312)
	at org.testng.SuiteRunnerWorker.runSuite(SuiteRunnerWorker.java:52)
	at org.testng.SuiteRunnerWorker.run(SuiteRunnerWorker.java:95)
	at org.testng.TestNG.runSuitesSequentially(TestNG.java:1274)
	at org.testng.TestNG.runSuitesLocally(TestNG.java:1208)
	at org.testng.TestNG.runSuites(TestNG.java:1112)
	at org.testng.TestNG.run(TestNG.java:1079)
	at org.testng.remote.AbstractRemoteTestNG.run(AbstractRemoteTestNG.java:115)
	at org.testng.remote.RemoteTestNG.initAndRun(RemoteTestNG.java:293)
	at org.testng.remote.RemoteTestNG.main(RemoteTestNG.java:91)
Caused by: org.openqa.selenium.NoSuchElementException: no such element: Unable to locate element: {&quot;method&quot;:&quot;xpath&quot;,&quot;selector&quot;:&quot;//*[@role=&apos;alert&apos;]&quot;}
  (Session info: chrome=144.0.7559.133)
For documentation on this error, please visit: https://www.selenium.dev/documentation/webdriver/troubleshooting/errors#no-such-element-exception
Build info: version: &apos;4.33.0&apos;, revision: &apos;2c6aaad03a&apos;
System info: os.name: &apos;Windows 11&apos;, os.arch: &apos;amd64&apos;, os.version: &apos;10.0&apos;, java.version: &apos;21.0.9&apos;
Driver info: org.openqa.selenium.chrome.ChromeDriver
Command: [04990b2778a2fca19a9cef5d6381005b, findElement {value=//*[@role=&apos;alert&apos;], using=xpath}]
Capabilities {acceptInsecureCerts: false, browserName: chrome, browserVersion: 144.0.7559.133, chrome: {chromedriverVersion: 144.0.7559.133 (7da823b1d59..., userDataDir: C:\Users\CODECL~1\AppData\L...}, fedcm:accounts: true, goog:chromeOptions: {debuggerAddress: localhost:61466}, goog:processID: 10372, networkConnectionEnabled: false, pageLoadStrategy: normal, platformName: windows, proxy: Proxy(), se:cdp: ws://localhost:61466/devtoo..., se:cdpVersion: 144.0.7559.133, setWindowRect: true, strictFileInteractability: false, timeouts: {implicit: 0, pageLoad: 300000, script: 30000}, unhandledPromptBehavior: dismiss and notify, webauthn:extension:credBlob: true, webauthn:extension:largeBlob: true, webauthn:extension:minPinLength: true, webauthn:extension:prf: true, webauthn:virtualAuthenticators: true}
Session ID: 04990b2778a2fca19a9cef5d6381005b
	at java.base/jdk.internal.reflect.DirectConstructorHandleAccessor.newInstance(DirectConstructorHandleAccessor.java:62)
	at java.base/java.lang.reflect.Constructor.newInstanceWithCaller(Constructor.java:502)
	at java.base/java.lang.reflect.Constructor.newInstance(Constructor.java:486)
	at org.openqa.selenium.remote.ErrorCodec.decode(ErrorCodec.java:167)
	at org.openqa.selenium.remote.codec.w3c.W3CHttpResponseCodec.decode(W3CHttpResponseCodec.java:138)
	at org.openqa.selenium.remote.codec.w3c.W3CHttpResponseCodec.decode(W3CHttpResponseCodec.java:50)
	at org.openqa.selenium.remote.HttpCommandExecutor.execute(HttpCommandExecutor.java:215)
	at org.openqa.selenium.remote.service.DriverCommandExecutor.invokeExecute(DriverCommandExecutor.java:216)
	at org.openqa.selenium.remote.service.DriverCommandExecutor.execute(DriverCommandExecutor.java:174)
	at org.openqa.selenium.remote.RemoteWebDriver.execute(RemoteWebDriver.java:544)
	at org.openqa.selenium.remote.ElementLocation$ElementFinder$2.findElement(ElementLocation.java:165)
	at org.openqa.selenium.remote.ElementLocation.findElement(ElementLocation.java:59)
	at org.openqa.selenium.remote.RemoteWebDriver.findElement(RemoteWebDriver.java:367)
	at org.openqa.selenium.remote.RemoteWebDriver.findElement(RemoteWebDriver.java:361)
	at org.openqa.selenium.support.pagefactory.DefaultElementLocator.findElement(DefaultElementLocator.java:68)
	at org.openqa.selenium.support.pagefactory.internal.LocatingElementHandler.invoke(LocatingElementHandler.java:38)
	at jdk.proxy2/jdk.proxy2.$Proxy18.isDisplayed(Unknown Source)
	at org.openqa.selenium.support.ui.ExpectedConditions.elementIfVisible(ExpectedConditions.java:304)
	at org.openqa.selenium.support.ui.ExpectedConditions$10.apply(ExpectedConditions.java:290)
	at org.openqa.selenium.support.ui.ExpectedConditions$10.apply(ExpectedConditions.java:287)
	at org.openqa.selenium.support.ui.FluentWait.until(FluentWait.java:203)
	... 29 more
</pre></div></td>
<td>49</td>
<td>Enterprise_Codeclouds.Project.Enterprise.Case_Appplications@41a2befb</td></tr>
<tr>
<td title='Enterprise_Codeclouds.Project.Enterprise.Case_Appplications.Buyout_Add_and_Fees_changed_in_Revised_Contract()'><b>Buyout_Add_and_Fees_changed_in_Revised_Contract</b><br>Test class: Enterprise_Codeclouds.Project.Enterprise.Case_Appplications<br>Parameters: {Agreement Date=02/10/2026, Amount Received=14200, Application Status=Approved, Approved Amount=19500, Attorney Name=Attorney Dorian Vance, Buyout Amount=10800, Buyout Expiry Date=02/10/2030, Buyout Funder Name=Kestrel Point Litigation Capital, Case #=529, Case Type=Wrongful Arrest, Court Index Number=13CV-2405-WA-002744, Date of Incident=05/26/2024, Document prep fee=270, Fund transfer fee=95, Interest Start Date=02/10/2026, Law Firm Name=Desert Horizon Civil Rights Counsel, Lead Source=Advertising, Notes / Remarks=Cheque received from attorney office; log cheque number and post after clearance., Payer Name=Attorney Dorian Vance, Payment Date=02/10/2026, Payment Mode=Cheque, Payment Type=Payment by Attorney, Rate of Return=38, Recommended Max Funding=19500, Requested Amount=48000, Risk Level=Moderate, SMS Message Body=Your wrongful arrest funding is approved. We’ll coordinate agreement review with your attorney. – Lumberjack Legal Finance, SMS Message Title=Funding Approved, State=Arizona, Summary=Mistaken identity arrest after license-plate mismatch; overnight detention; missed work and reputational harm alleged; dismissal paperwork referenced., Underwriting Notes=Confirm dismissal disposition, arrest report narrative, and any station video. Damages improved with payroll proof and documented counseling. Evaluate notice deadlines and immunity defenses., Underwriting Tag=Disposition Confirmed}, {Address Line 1=2 N Central Ave, Address Line 2=Suite 1806, City=Phoenix, Date of Birth=06/05/1990, Email=pltf.keelavane.eoghan.s1x7bt.9c2n@yopmail.com, First Name=Eoghan, Last Name=Keelavane, Middle Name=Cormac, Name Suffix=Sr, Phone number=4806629471, Social Security Number=723-18-6049, State=Arizona, Zip code=85004}, {Email=attorney.rhys.deslauriers09@mailto.plus, First Name=Attorney Rhys, Last Name=Deslauriers, Middle Name=Olivier, Name Suffix=Sr, Office phone=9897418131, Phone=9897406131}, {City=St. Louis, Name=Gateway Pleading House, Phone=3147905524, State=Missouri, Street Address 1=1 S Memorial Dr, Arch District Office Tower, Main Lobby, Street Address 2=Floor 16, Suite 1608, Deliveries: Weekdays Only, Zip code=63102}, {Staff Email=staff.erynden.stormley29@mailto.plus, Staff First Name=Staff Erynden, Staff Last Name=Stormley, Staff Middle Name=Pascal, Staff Name Suffix=Sr, Staff Office phone=4169072638, Staff Phone=4167385129}, {Bcc=qa.auditdesk@yopmail.com, Cc=doc.review@yopmail.com, Message=Hello,

We have completed the initial document review. If you have any additional files to submit, please upload them now.

Thank you., Subject=Document Review Completed - Awaiting Next Input, Template=None, To=meador.glenvarn3415@yopmail.com}</td>
<td><div><pre>org.openqa.selenium.ElementClickInterceptedException: element click intercepted: Element &lt;button class=&quot;Toastify__close-button Toastify__close-button--light&quot; type=&quot;button&quot; aria-label=&quot;close&quot;&gt;...&lt;/button&gt; is not clickable at point (1493, 33). Other element would receive the click: &lt;div id=&quot;5&quot; tabindex=&quot;0&quot; data-in=&quot;true&quot; class=&quot;Toastify__toast Toastify__toast-theme--light Toastify__toast--success&quot; role=&quot;alert&quot;&gt;...&lt;/div&gt;
  (Session info: chrome=144.0.7559.133)
Build info: version: &apos;4.33.0&apos;, revision: &apos;2c6aaad03a&apos;
System info: os.name: &apos;Windows 11&apos;, os.arch: &apos;amd64&apos;, os.version: &apos;10.0&apos;, java.version: &apos;21.0.9&apos;
Driver info: org.openqa.selenium.chrome.ChromeDriver
Command: [c068087d71aabe878864d862f47f35df, clickElement {id=f.A99C84740D4FC83E2A922E6103743999.d.1FBEEFD25FC7E7BAE1DEBA42AC7A3F3E.e.271}]
Capabilities {acceptInsecureCerts: false, browserName: chrome, browserVersion: 144.0.7559.133, chrome: {chromedriverVersion: 144.0.7559.133 (7da823b1d59..., userDataDir: C:\Users\CODECL~1\AppData\L...}, fedcm:accounts: true, goog:chromeOptions: {debuggerAddress: localhost:63928}, goog:processID: 11244, networkConnectionEnabled: false, pageLoadStrategy: normal, platformName: windows, proxy: Proxy(), se:cdp: ws://localhost:63928/devtoo..., se:cdpVersion: 144.0.7559.133, setWindowRect: true, strictFileInteractability: false, timeouts: {implicit: 0, pageLoad: 300000, script: 30000}, unhandledPromptBehavior: dismiss and notify, webauthn:extension:credBlob: true, webauthn:extension:largeBlob: true, webauthn:extension:minPinLength: true, webauthn:extension:prf: true, webauthn:virtualAuthenticators: true}
Element: [[ChromeDriver: chrome on windows (c068087d71aabe878864d862f47f35df)] -&gt; xpath: //*[contains(@class,&apos;Toastify__close-button Toastify__close-button--light&apos;)]]
Session ID: c068087d71aabe878864d862f47f35df
	at org.openqa.selenium.remote.ErrorCodec.decode(ErrorCodec.java:167)
	at org.openqa.selenium.remote.codec.w3c.W3CHttpResponseCodec.decode(W3CHttpResponseCodec.java:138)
	at org.openqa.selenium.remote.codec.w3c.W3CHttpResponseCodec.decode(W3CHttpResponseCodec.java:50)
	at org.openqa.selenium.remote.HttpCommandExecutor.execute(HttpCommandExecutor.java:215)
	at org.openqa.selenium.remote.service.DriverCommandExecutor.invokeExecute(DriverCommandExecutor.java:216)
	at org.openqa.selenium.remote.service.DriverCommandExecutor.execute(DriverCommandExecutor.java:174)
	at org.openqa.selenium.remote.RemoteWebDriver.execute(RemoteWebDriver.java:544)
	at org.openqa.selenium.remote.RemoteWebElement.execute(RemoteWebElement.java:223)
	at org.openqa.selenium.remote.RemoteWebElement.click(RemoteWebElement.java:76)
	at org.openqa.selenium.support.pagefactory.internal.LocatingElementHandler.invoke(LocatingElementHandler.java:51)
	at jdk.proxy2/jdk.proxy2.$Proxy18.click(Unknown Source)
	at Enterprise_Codeclouds.Project.Enterprise.Case_Appplications.Buyout_Add_and_Fees_changed_in_Revised_Contract(Case_Appplications.java:1445)
	at java.base/java.util.ArrayList.forEach(ArrayList.java:1596)
... Removed 30 stack frames</pre></div><a href='#' onClick='toggleBox("stack-trace1492573255", this, "Click to show all stack frames", "Click to hide stack frames")'>Click to show all stack frames</a>
<div class='stack-trace' id='stack-trace1492573255'><pre>org.openqa.selenium.ElementClickInterceptedException: element click intercepted: Element &lt;button class=&quot;Toastify__close-button Toastify__close-button--light&quot; type=&quot;button&quot; aria-label=&quot;close&quot;&gt;...&lt;/button&gt; is not clickable at point (1493, 33). Other element would receive the click: &lt;div id=&quot;5&quot; tabindex=&quot;0&quot; data-in=&quot;true&quot; class=&quot;Toastify__toast Toastify__toast-theme--light Toastify__toast--success&quot; role=&quot;alert&quot;&gt;...&lt;/div&gt;
  (Session info: chrome=144.0.7559.133)
Build info: version: &apos;4.33.0&apos;, revision: &apos;2c6aaad03a&apos;
System info: os.name: &apos;Windows 11&apos;, os.arch: &apos;amd64&apos;, os.version: &apos;10.0&apos;, java.version: &apos;21.0.9&apos;
Driver info: org.openqa.selenium.chrome.ChromeDriver
Command: [c068087d71aabe878864d862f47f35df, clickElement {id=f.A99C84740D4FC83E2A922E6103743999.d.1FBEEFD25FC7E7BAE1DEBA42AC7A3F3E.e.271}]
Capabilities {acceptInsecureCerts: false, browserName: chrome, browserVersion: 144.0.7559.133, chrome: {chromedriverVersion: 144.0.7559.133 (7da823b1d59..., userDataDir: C:\Users\CODECL~1\AppData\L...}, fedcm:accounts: true, goog:chromeOptions: {debuggerAddress: localhost:63928}, goog:processID: 11244, networkConnectionEnabled: false, pageLoadStrategy: normal, platformName: windows, proxy: Proxy(), se:cdp: ws://localhost:63928/devtoo..., se:cdpVersion: 144.0.7559.133, setWindowRect: true, strictFileInteractability: false, timeouts: {implicit: 0, pageLoad: 300000, script: 30000}, unhandledPromptBehavior: dismiss and notify, webauthn:extension:credBlob: true, webauthn:extension:largeBlob: true, webauthn:extension:minPinLength: true, webauthn:extension:prf: true, webauthn:virtualAuthenticators: true}
Element: [[ChromeDriver: chrome on windows (c068087d71aabe878864d862f47f35df)] -&gt; xpath: //*[contains(@class,&apos;Toastify__close-button Toastify__close-button--light&apos;)]]
Session ID: c068087d71aabe878864d862f47f35df
	at java.base/jdk.internal.reflect.DirectConstructorHandleAccessor.newInstance(DirectConstructorHandleAccessor.java:62)
	at java.base/java.lang.reflect.Constructor.newInstanceWithCaller(Constructor.java:502)
	at java.base/java.lang.reflect.Constructor.newInstance(Constructor.java:486)
	at org.openqa.selenium.remote.ErrorCodec.decode(ErrorCodec.java:167)
	at org.openqa.selenium.remote.codec.w3c.W3CHttpResponseCodec.decode(W3CHttpResponseCodec.java:138)
	at org.openqa.selenium.remote.codec.w3c.W3CHttpResponseCodec.decode(W3CHttpResponseCodec.java:50)
	at org.openqa.selenium.remote.HttpCommandExecutor.execute(HttpCommandExecutor.java:215)
	at org.openqa.selenium.remote.service.DriverCommandExecutor.invokeExecute(DriverCommandExecutor.java:216)
	at org.openqa.selenium.remote.service.DriverCommandExecutor.execute(DriverCommandExecutor.java:174)
	at org.openqa.selenium.remote.RemoteWebDriver.execute(RemoteWebDriver.java:544)
	at org.openqa.selenium.remote.RemoteWebElement.execute(RemoteWebElement.java:223)
	at org.openqa.selenium.remote.RemoteWebElement.click(RemoteWebElement.java:76)
	at java.base/jdk.internal.reflect.DirectMethodHandleAccessor.invoke(DirectMethodHandleAccessor.java:103)
	at java.base/java.lang.reflect.Method.invoke(Method.java:580)
	at org.openqa.selenium.support.pagefactory.internal.LocatingElementHandler.invoke(LocatingElementHandler.java:51)
	at jdk.proxy2/jdk.proxy2.$Proxy18.click(Unknown Source)
	at Enterprise_Codeclouds.Project.Enterprise.Case_Appplications.Buyout_Add_and_Fees_changed_in_Revised_Contract(Case_Appplications.java:1445)
	at java.base/jdk.internal.reflect.DirectMethodHandleAccessor.invoke(DirectMethodHandleAccessor.java:103)
	at java.base/java.lang.reflect.Method.invoke(Method.java:580)
	at org.testng.internal.invokers.MethodInvocationHelper.invokeMethod(MethodInvocationHelper.java:141)
	at org.testng.internal.invokers.TestInvoker.invokeMethod(TestInvoker.java:687)
	at org.testng.internal.invokers.TestInvoker.invokeTestMethod(TestInvoker.java:230)
	at org.testng.internal.invokers.MethodRunner.runInSequence(MethodRunner.java:63)
	at org.testng.internal.invokers.TestInvoker$MethodInvocationAgent.invoke(TestInvoker.java:995)
	at org.testng.internal.invokers.TestInvoker.invokeTestMethods(TestInvoker.java:203)
	at org.testng.internal.invokers.TestMethodWorker.invokeTestMethods(TestMethodWorker.java:154)
	at org.testng.internal.invokers.TestMethodWorker.run(TestMethodWorker.java:134)
	at java.base/java.util.ArrayList.forEach(ArrayList.java:1596)
	at org.testng.TestRunner.privateRun(TestRunner.java:741)
	at org.testng.TestRunner.run(TestRunner.java:616)
	at org.testng.SuiteRunner.runTest(SuiteRunner.java:421)
	at org.testng.SuiteRunner.runSequentially(SuiteRunner.java:413)
	at org.testng.SuiteRunner.privateRun(SuiteRunner.java:373)
	at org.testng.SuiteRunner.run(SuiteRunner.java:312)
	at org.testng.SuiteRunnerWorker.runSuite(SuiteRunnerWorker.java:52)
	at org.testng.SuiteRunnerWorker.run(SuiteRunnerWorker.java:95)
	at org.testng.TestNG.runSuitesSequentially(TestNG.java:1274)
	at org.testng.TestNG.runSuitesLocally(TestNG.java:1208)
	at org.testng.TestNG.runSuites(TestNG.java:1112)
	at org.testng.TestNG.run(TestNG.java:1079)
	at org.testng.remote.AbstractRemoteTestNG.run(AbstractRemoteTestNG.java:115)
	at org.testng.remote.RemoteTestNG.initAndRun(RemoteTestNG.java:293)
	at org.testng.remote.RemoteTestNG.main(RemoteTestNG.java:91)
</pre></div></td>
<td>35</td>
<td>Enterprise_Codeclouds.Project.Enterprise.Case_Appplications@41a2befb</td></tr>
<tr>
<td title='Enterprise_Codeclouds.Project.Enterprise.Case_Appplications.Buyout_Add_After_Contract_Generation_through_Edit_Terms()'><b>Buyout_Add_After_Contract_Generation_through_Edit_Terms</b><br>Test class: Enterprise_Codeclouds.Project.Enterprise.Case_Appplications<br>Parameters: {Agreement Date=02/10/2026, Amount Received=4200, Application Status=In Review, Approved Amount=31000, Attorney Name=Attorney Calista Renner, Buyout Amount=19600, Buyout Expiry Date=02/10/2030, Buyout Funder Name=Juniper Vale Litigation Capital, Case #=521, Case Type=Premises Liability, Court Index Number=19CV-2403-PR-004921, Date of Incident=03/09/2024, Document prep fee=325, Fund transfer fee=120, Interest Start Date=02/10/2026, Law Firm Name=Pacific Meridian Trial Advocates LLP, Lead Source=Advertising, Notes / Remarks=Card payment received; confirm gateway transaction ID and prevent duplicate posting in payment log., Payer Name=Plaintiff N/A, Payment Date=02/10/2026, Payment Mode=Credit Card, Payment Type=Payment by Plaintiff, Rate of Return=44, Recommended Max Funding=31000, Requested Amount=73500, Risk Level=Moderate, SMS Message Body=We’re reviewing your premises liability file and verifying key records. Updates will follow soon. – Lumberjack Legal Finance, SMS Message Title=Premises File Under Review, State=California, Summary=Slip on freshly mopped tile with no wet-floor signage; wrist fracture and lost shifts alleged; incident report and surveillance request sent to property manager., Underwriting Notes=Confirm footage retention window, maintenance logs, and prior slip complaints. Verify medical causation timeline and wage loss proof. Conservative staging until video response and ownership verification., Underwriting Tag=Surveillance Request Sent}, {Address Line 1=227 Fayetteville St, Address Line 2=Unit 1904, City=Raleigh, Date of Birth=03/07/1991, Email=pltf.wapistan.kateri.r8v2qj.41p9@yopmail.com, First Name=Kateri, Last Name=Wapistan, Middle Name=Noélie, Name Suffix=II, Phone number=9196725038, Social Security Number=741-28-9061, State=North Carolina, Zip code=27601}, {Email=attorney.maelys.beausoleil01@yopmail.com, First Name=Attorney Maëlys, Last Name=Beausoleil, Middle Name=Rowan, Name Suffix=II, Office phone=9897418123, Phone=9897406123}, {City=Wilmington, Name=VerdictForge Litigation Atelier, Phone=3024389017, State=Delaware, Street Address 1=919 N Market St, Brandywine Commerce Center, Main Lobby, Street Address 2=Suite 1204, Intake: Desk 3, Elevator Bank A, Zip code=19801}, {Staff Email=staff.nivaren.thornwick25@mailto.plus, Staff First Name=Staff Nivaren, Staff Last Name=Thornwick, Staff Middle Name=Calix, Staff Name Suffix=II, Staff Office phone=9718821460, Staff Phone=9716043825}, {Bcc=qa.auditdesk@yopmail.com, Cc=intake.coordinator@yopmail.com, Message=Hello,

Please upload the required documents at your earliest convenience so we can proceed without delay.

Thank you., Subject=Document Request - Please Upload Required Files, Template=None, To=marcelline.briarcliff1874@yopmail.com}</td>
<td><div><pre>org.openqa.selenium.TimeoutException: Expected condition failed: waiting for visibility of Proxy element for: DefaultElementLocator &apos;By.xpath: //*[@role=&apos;alert&apos;]&apos; (tried for 8 second(s) with 500 milliseconds interval)
	at org.openqa.selenium.support.ui.WebDriverWait.timeoutException(WebDriverWait.java:84)
	at org.openqa.selenium.support.ui.FluentWait.until(FluentWait.java:228)
	at Repeatative_codes.Repeat.wait_for_theElement(Repeat.java:41)
	at Locaters.Login_Locaters.toast(Login_Locaters.java:57)
	at Enterprise_Codeclouds.Project.Enterprise.Case_Appplications.Buyout_Add_After_Contract_Generation_through_Edit_Terms(Case_Appplications.java:1977)
	at java.base/java.util.ArrayList.forEach(ArrayList.java:1596)
Caused by: org.openqa.selenium.NoSuchElementException: no such element: Unable to locate element: {&quot;method&quot;:&quot;xpath&quot;,&quot;selector&quot;:&quot;//*[@role=&apos;alert&apos;]&quot;}
  (Session info: chrome=144.0.7559.133)
For documentation on this error, please visit: https://www.selenium.dev/documentation/webdriver/troubleshooting/errors#no-such-element-exception
Build info: version: &apos;4.33.0&apos;, revision: &apos;2c6aaad03a&apos;
System info: os.name: &apos;Windows 11&apos;, os.arch: &apos;amd64&apos;, os.version: &apos;10.0&apos;, java.version: &apos;21.0.9&apos;
Driver info: org.openqa.selenium.chrome.ChromeDriver
Command: [093cbba6087922d3528e5994866ae24c, findElement {value=//*[@role=&apos;alert&apos;], using=xpath}]
Capabilities {acceptInsecureCerts: false, browserName: chrome, browserVersion: 144.0.7559.133, chrome: {chromedriverVersion: 144.0.7559.133 (7da823b1d59..., userDataDir: C:\Users\CODECL~1\AppData\L...}, fedcm:accounts: true, goog:chromeOptions: {debuggerAddress: localhost:58882}, goog:processID: 15328, networkConnectionEnabled: false, pageLoadStrategy: normal, platformName: windows, proxy: Proxy(), se:cdp: ws://localhost:58882/devtoo..., se:cdpVersion: 144.0.7559.133, setWindowRect: true, strictFileInteractability: false, timeouts: {implicit: 0, pageLoad: 300000, script: 30000}, unhandledPromptBehavior: dismiss and notify, webauthn:extension:credBlob: true, webauthn:extension:largeBlob: true, webauthn:extension:minPinLength: true, webauthn:extension:prf: true, webauthn:virtualAuthenticators: true}
Session ID: 093cbba6087922d3528e5994866ae24c
	at org.openqa.selenium.remote.ErrorCodec.decode(ErrorCodec.java:167)
	at org.openqa.selenium.remote.codec.w3c.W3CHttpResponseCodec.decode(W3CHttpResponseCodec.java:138)
	at org.openqa.selenium.remote.codec.w3c.W3CHttpResponseCodec.decode(W3CHttpResponseCodec.java:50)
	at org.openqa.selenium.remote.HttpCommandExecutor.execute(HttpCommandExecutor.java:215)
	at org.openqa.selenium.remote.service.DriverCommandExecutor.invokeExecute(DriverCommandExecutor.java:216)
	at org.openqa.selenium.remote.service.DriverCommandExecutor.execute(DriverCommandExecutor.java:174)
	at org.openqa.selenium.remote.RemoteWebDriver.execute(RemoteWebDriver.java:544)
	at org.openqa.selenium.remote.ElementLocation$ElementFinder$2.findElement(ElementLocation.java:165)
	at org.openqa.selenium.remote.ElementLocation.findElement(ElementLocation.java:59)
	at org.openqa.selenium.remote.RemoteWebDriver.findElement(RemoteWebDriver.java:367)
	at org.openqa.selenium.remote.RemoteWebDriver.findElement(RemoteWebDriver.java:361)
	at org.openqa.selenium.support.pagefactory.DefaultElementLocator.findElement(DefaultElementLocator.java:68)
	at org.openqa.selenium.support.pagefactory.internal.LocatingElementHandler.invoke(LocatingElementHandler.java:38)
	at jdk.proxy2/jdk.proxy2.$Proxy18.isDisplayed(Unknown Source)
	at org.openqa.selenium.support.ui.ExpectedConditions.elementIfVisible(ExpectedConditions.java:304)
	at org.openqa.selenium.support.ui.ExpectedConditions$10.apply(ExpectedConditions.java:290)
	at org.openqa.selenium.support.ui.ExpectedConditions$10.apply(ExpectedConditions.java:287)
	at org.openqa.selenium.support.ui.FluentWait.until(FluentWait.java:203)
	... 29 more
... Removed 28 stack frames</pre></div><a href='#' onClick='toggleBox("stack-trace389464548", this, "Click to show all stack frames", "Click to hide stack frames")'>Click to show all stack frames</a>
<div class='stack-trace' id='stack-trace389464548'><pre>org.openqa.selenium.TimeoutException: Expected condition failed: waiting for visibility of Proxy element for: DefaultElementLocator &apos;By.xpath: //*[@role=&apos;alert&apos;]&apos; (tried for 8 second(s) with 500 milliseconds interval)
	at org.openqa.selenium.support.ui.WebDriverWait.timeoutException(WebDriverWait.java:84)
	at org.openqa.selenium.support.ui.FluentWait.until(FluentWait.java:228)
	at Repeatative_codes.Repeat.wait_for_theElement(Repeat.java:41)
	at Locaters.Login_Locaters.toast(Login_Locaters.java:57)
	at Enterprise_Codeclouds.Project.Enterprise.Case_Appplications.Buyout_Add_After_Contract_Generation_through_Edit_Terms(Case_Appplications.java:1977)
	at java.base/jdk.internal.reflect.DirectMethodHandleAccessor.invoke(DirectMethodHandleAccessor.java:103)
	at java.base/java.lang.reflect.Method.invoke(Method.java:580)
	at org.testng.internal.invokers.MethodInvocationHelper.invokeMethod(MethodInvocationHelper.java:141)
	at org.testng.internal.invokers.TestInvoker.invokeMethod(TestInvoker.java:687)
	at org.testng.internal.invokers.TestInvoker.invokeTestMethod(TestInvoker.java:230)
	at org.testng.internal.invokers.MethodRunner.runInSequence(MethodRunner.java:63)
	at org.testng.internal.invokers.TestInvoker$MethodInvocationAgent.invoke(TestInvoker.java:995)
	at org.testng.internal.invokers.TestInvoker.invokeTestMethods(TestInvoker.java:203)
	at org.testng.internal.invokers.TestMethodWorker.invokeTestMethods(TestMethodWorker.java:154)
	at org.testng.internal.invokers.TestMethodWorker.run(TestMethodWorker.java:134)
	at java.base/java.util.ArrayList.forEach(ArrayList.java:1596)
	at org.testng.TestRunner.privateRun(TestRunner.java:741)
	at org.testng.TestRunner.run(TestRunner.java:616)
	at org.testng.SuiteRunner.runTest(SuiteRunner.java:421)
	at org.testng.SuiteRunner.runSequentially(SuiteRunner.java:413)
	at org.testng.SuiteRunner.privateRun(SuiteRunner.java:373)
	at org.testng.SuiteRunner.run(SuiteRunner.java:312)
	at org.testng.SuiteRunnerWorker.runSuite(SuiteRunnerWorker.java:52)
	at org.testng.SuiteRunnerWorker.run(SuiteRunnerWorker.java:95)
	at org.testng.TestNG.runSuitesSequentially(TestNG.java:1274)
	at org.testng.TestNG.runSuitesLocally(TestNG.java:1208)
	at org.testng.TestNG.runSuites(TestNG.java:1112)
	at org.testng.TestNG.run(TestNG.java:1079)
	at org.testng.remote.AbstractRemoteTestNG.run(AbstractRemoteTestNG.java:115)
	at org.testng.remote.RemoteTestNG.initAndRun(RemoteTestNG.java:293)
	at org.testng.remote.RemoteTestNG.main(RemoteTestNG.java:91)
Caused by: org.openqa.selenium.NoSuchElementException: no such element: Unable to locate element: {&quot;method&quot;:&quot;xpath&quot;,&quot;selector&quot;:&quot;//*[@role=&apos;alert&apos;]&quot;}
  (Session info: chrome=144.0.7559.133)
For documentation on this error, please visit: https://www.selenium.dev/documentation/webdriver/troubleshooting/errors#no-such-element-exception
Build info: version: &apos;4.33.0&apos;, revision: &apos;2c6aaad03a&apos;
System info: os.name: &apos;Windows 11&apos;, os.arch: &apos;amd64&apos;, os.version: &apos;10.0&apos;, java.version: &apos;21.0.9&apos;
Driver info: org.openqa.selenium.chrome.ChromeDriver
Command: [093cbba6087922d3528e5994866ae24c, findElement {value=//*[@role=&apos;alert&apos;], using=xpath}]
Capabilities {acceptInsecureCerts: false, browserName: chrome, browserVersion: 144.0.7559.133, chrome: {chromedriverVersion: 144.0.7559.133 (7da823b1d59..., userDataDir: C:\Users\CODECL~1\AppData\L...}, fedcm:accounts: true, goog:chromeOptions: {debuggerAddress: localhost:58882}, goog:processID: 15328, networkConnectionEnabled: false, pageLoadStrategy: normal, platformName: windows, proxy: Proxy(), se:cdp: ws://localhost:58882/devtoo..., se:cdpVersion: 144.0.7559.133, setWindowRect: true, strictFileInteractability: false, timeouts: {implicit: 0, pageLoad: 300000, script: 30000}, unhandledPromptBehavior: dismiss and notify, webauthn:extension:credBlob: true, webauthn:extension:largeBlob: true, webauthn:extension:minPinLength: true, webauthn:extension:prf: true, webauthn:virtualAuthenticators: true}
Session ID: 093cbba6087922d3528e5994866ae24c
	at java.base/jdk.internal.reflect.DirectConstructorHandleAccessor.newInstance(DirectConstructorHandleAccessor.java:62)
	at java.base/java.lang.reflect.Constructor.newInstanceWithCaller(Constructor.java:502)
	at java.base/java.lang.reflect.Constructor.newInstance(Constructor.java:486)
	at org.openqa.selenium.remote.ErrorCodec.decode(ErrorCodec.java:167)
	at org.openqa.selenium.remote.codec.w3c.W3CHttpResponseCodec.decode(W3CHttpResponseCodec.java:138)
	at org.openqa.selenium.remote.codec.w3c.W3CHttpResponseCodec.decode(W3CHttpResponseCodec.java:50)
	at org.openqa.selenium.remote.HttpCommandExecutor.execute(HttpCommandExecutor.java:215)
	at org.openqa.selenium.remote.service.DriverCommandExecutor.invokeExecute(DriverCommandExecutor.java:216)
	at org.openqa.selenium.remote.service.DriverCommandExecutor.execute(DriverCommandExecutor.java:174)
	at org.openqa.selenium.remote.RemoteWebDriver.execute(RemoteWebDriver.java:544)
	at org.openqa.selenium.remote.ElementLocation$ElementFinder$2.findElement(ElementLocation.java:165)
	at org.openqa.selenium.remote.ElementLocation.findElement(ElementLocation.java:59)
	at org.openqa.selenium.remote.RemoteWebDriver.findElement(RemoteWebDriver.java:367)
	at org.openqa.selenium.remote.RemoteWebDriver.findElement(RemoteWebDriver.java:361)
	at org.openqa.selenium.support.pagefactory.DefaultElementLocator.findElement(DefaultElementLocator.java:68)
	at org.openqa.selenium.support.pagefactory.internal.LocatingElementHandler.invoke(LocatingElementHandler.java:38)
	at jdk.proxy2/jdk.proxy2.$Proxy18.isDisplayed(Unknown Source)
	at org.openqa.selenium.support.ui.ExpectedConditions.elementIfVisible(ExpectedConditions.java:304)
	at org.openqa.selenium.support.ui.ExpectedConditions$10.apply(ExpectedConditions.java:290)
	at org.openqa.selenium.support.ui.ExpectedConditions$10.apply(ExpectedConditions.java:287)
	at org.openqa.selenium.support.ui.FluentWait.until(FluentWait.java:203)
	... 29 more
</pre></div></td>
<td>55</td>
<td>Enterprise_Codeclouds.Project.Enterprise.Case_Appplications@41a2befb</td></tr>
<tr>
<td title='Enterprise_Codeclouds.Project.Enterprise.Case_Appplications.Buyout_Add_After_Contract_Generation_through_Edit_Terms()'><b>Buyout_Add_After_Contract_Generation_through_Edit_Terms</b><br>Test class: Enterprise_Codeclouds.Project.Enterprise.Case_Appplications<br>Parameters: {Agreement Date=02/10/2026, Amount Received=14200, Application Status=Approved, Approved Amount=19500, Attorney Name=Attorney Dorian Vance, Buyout Amount=10800, Buyout Expiry Date=02/10/2030, Buyout Funder Name=Kestrel Point Litigation Capital, Case #=529, Case Type=Wrongful Arrest, Court Index Number=13CV-2405-WA-002744, Date of Incident=05/26/2024, Document prep fee=270, Fund transfer fee=95, Interest Start Date=02/10/2026, Law Firm Name=Desert Horizon Civil Rights Counsel, Lead Source=Advertising, Notes / Remarks=Cheque received from attorney office; log cheque number and post after clearance., Payer Name=Attorney Dorian Vance, Payment Date=02/10/2026, Payment Mode=Cheque, Payment Type=Payment by Attorney, Rate of Return=38, Recommended Max Funding=19500, Requested Amount=48000, Risk Level=Moderate, SMS Message Body=Your wrongful arrest funding is approved. We’ll coordinate agreement review with your attorney. – Lumberjack Legal Finance, SMS Message Title=Funding Approved, State=Arizona, Summary=Mistaken identity arrest after license-plate mismatch; overnight detention; missed work and reputational harm alleged; dismissal paperwork referenced., Underwriting Notes=Confirm dismissal disposition, arrest report narrative, and any station video. Damages improved with payroll proof and documented counseling. Evaluate notice deadlines and immunity defenses., Underwriting Tag=Disposition Confirmed}, {Address Line 1=2 N Central Ave, Address Line 2=Suite 1806, City=Phoenix, Date of Birth=06/05/1990, Email=pltf.keelavane.eoghan.s1x7bt.9c2n@yopmail.com, First Name=Eoghan, Last Name=Keelavane, Middle Name=Cormac, Name Suffix=Sr, Phone number=4806629471, Social Security Number=723-18-6049, State=Arizona, Zip code=85004}, {Email=attorney.rhys.deslauriers09@mailto.plus, First Name=Attorney Rhys, Last Name=Deslauriers, Middle Name=Olivier, Name Suffix=Sr, Office phone=9897418131, Phone=9897406131}, {City=St. Louis, Name=Gateway Pleading House, Phone=3147905524, State=Missouri, Street Address 1=1 S Memorial Dr, Arch District Office Tower, Main Lobby, Street Address 2=Floor 16, Suite 1608, Deliveries: Weekdays Only, Zip code=63102}, {Staff Email=staff.erynden.stormley29@mailto.plus, Staff First Name=Staff Erynden, Staff Last Name=Stormley, Staff Middle Name=Pascal, Staff Name Suffix=Sr, Staff Office phone=4169072638, Staff Phone=4167385129}, {Bcc=qa.auditdesk@yopmail.com, Cc=doc.review@yopmail.com, Message=Hello,

We have completed the initial document review. If you have any additional files to submit, please upload them now.

Thank you., Subject=Document Review Completed - Awaiting Next Input, Template=None, To=meador.glenvarn3415@yopmail.com}</td>
<td><div><pre>org.openqa.selenium.TimeoutException: Expected condition failed: waiting for visibility of Proxy element for: DefaultElementLocator &apos;By.xpath: //*[@role=&apos;alert&apos;]&apos; (tried for 8 second(s) with 500 milliseconds interval)
	at org.openqa.selenium.support.ui.WebDriverWait.timeoutException(WebDriverWait.java:84)
	at org.openqa.selenium.support.ui.FluentWait.until(FluentWait.java:228)
	at Repeatative_codes.Repeat.wait_for_theElement(Repeat.java:41)
	at Locaters.Login_Locaters.toast(Login_Locaters.java:57)
	at Enterprise_Codeclouds.Project.Enterprise.Case_Appplications.Buyout_Add_After_Contract_Generation_through_Edit_Terms(Case_Appplications.java:1977)
	at java.base/java.util.ArrayList.forEach(ArrayList.java:1596)
Caused by: org.openqa.selenium.NoSuchElementException: no such element: Unable to locate element: {&quot;method&quot;:&quot;xpath&quot;,&quot;selector&quot;:&quot;//*[@role=&apos;alert&apos;]&quot;}
  (Session info: chrome=144.0.7559.133)
For documentation on this error, please visit: https://www.selenium.dev/documentation/webdriver/troubleshooting/errors#no-such-element-exception
Build info: version: &apos;4.33.0&apos;, revision: &apos;2c6aaad03a&apos;
System info: os.name: &apos;Windows 11&apos;, os.arch: &apos;amd64&apos;, os.version: &apos;10.0&apos;, java.version: &apos;21.0.9&apos;
Driver info: org.openqa.selenium.chrome.ChromeDriver
Command: [8312df13f84096434b33ec801a4f6677, findElement {value=//*[@role=&apos;alert&apos;], using=xpath}]
Capabilities {acceptInsecureCerts: false, browserName: chrome, browserVersion: 144.0.7559.133, chrome: {chromedriverVersion: 144.0.7559.133 (7da823b1d59..., userDataDir: C:\Users\CODECL~1\AppData\L...}, fedcm:accounts: true, goog:chromeOptions: {debuggerAddress: localhost:56692}, goog:processID: 7576, networkConnectionEnabled: false, pageLoadStrategy: normal, platformName: windows, proxy: Proxy(), se:cdp: ws://localhost:56692/devtoo..., se:cdpVersion: 144.0.7559.133, setWindowRect: true, strictFileInteractability: false, timeouts: {implicit: 0, pageLoad: 300000, script: 30000}, unhandledPromptBehavior: dismiss and notify, webauthn:extension:credBlob: true, webauthn:extension:largeBlob: true, webauthn:extension:minPinLength: true, webauthn:extension:prf: true, webauthn:virtualAuthenticators: true}
Session ID: 8312df13f84096434b33ec801a4f6677
	at org.openqa.selenium.remote.ErrorCodec.decode(ErrorCodec.java:167)
	at org.openqa.selenium.remote.codec.w3c.W3CHttpResponseCodec.decode(W3CHttpResponseCodec.java:138)
	at org.openqa.selenium.remote.codec.w3c.W3CHttpResponseCodec.decode(W3CHttpResponseCodec.java:50)
	at org.openqa.selenium.remote.HttpCommandExecutor.execute(HttpCommandExecutor.java:215)
	at org.openqa.selenium.remote.service.DriverCommandExecutor.invokeExecute(DriverCommandExecutor.java:216)
	at org.openqa.selenium.remote.service.DriverCommandExecutor.execute(DriverCommandExecutor.java:174)
	at org.openqa.selenium.remote.RemoteWebDriver.execute(RemoteWebDriver.java:544)
	at org.openqa.selenium.remote.ElementLocation$ElementFinder$2.findElement(ElementLocation.java:165)
	at org.openqa.selenium.remote.ElementLocation.findElement(ElementLocation.java:59)
	at org.openqa.selenium.remote.RemoteWebDriver.findElement(RemoteWebDriver.java:367)
	at org.openqa.selenium.remote.RemoteWebDriver.findElement(RemoteWebDriver.java:361)
	at org.openqa.selenium.support.pagefactory.DefaultElementLocator.findElement(DefaultElementLocator.java:68)
	at org.openqa.selenium.support.pagefactory.internal.LocatingElementHandler.invoke(LocatingElementHandler.java:38)
	at jdk.proxy2/jdk.proxy2.$Proxy18.isDisplayed(Unknown Source)
	at org.openqa.selenium.support.ui.ExpectedConditions.elementIfVisible(ExpectedConditions.java:304)
	at org.openqa.selenium.support.ui.ExpectedConditions$10.apply(ExpectedConditions.java:290)
	at org.openqa.selenium.support.ui.ExpectedConditions$10.apply(ExpectedConditions.java:287)
	at org.openqa.selenium.support.ui.FluentWait.until(FluentWait.java:203)
	... 29 more
... Removed 28 stack frames</pre></div><a href='#' onClick='toggleBox("stack-trace887192315", this, "Click to show all stack frames", "Click to hide stack frames")'>Click to show all stack frames</a>
<div class='stack-trace' id='stack-trace887192315'><pre>org.openqa.selenium.TimeoutException: Expected condition failed: waiting for visibility of Proxy element for: DefaultElementLocator &apos;By.xpath: //*[@role=&apos;alert&apos;]&apos; (tried for 8 second(s) with 500 milliseconds interval)
	at org.openqa.selenium.support.ui.WebDriverWait.timeoutException(WebDriverWait.java:84)
	at org.openqa.selenium.support.ui.FluentWait.until(FluentWait.java:228)
	at Repeatative_codes.Repeat.wait_for_theElement(Repeat.java:41)
	at Locaters.Login_Locaters.toast(Login_Locaters.java:57)
	at Enterprise_Codeclouds.Project.Enterprise.Case_Appplications.Buyout_Add_After_Contract_Generation_through_Edit_Terms(Case_Appplications.java:1977)
	at java.base/jdk.internal.reflect.DirectMethodHandleAccessor.invoke(DirectMethodHandleAccessor.java:103)
	at java.base/java.lang.reflect.Method.invoke(Method.java:580)
	at org.testng.internal.invokers.MethodInvocationHelper.invokeMethod(MethodInvocationHelper.java:141)
	at org.testng.internal.invokers.TestInvoker.invokeMethod(TestInvoker.java:687)
	at org.testng.internal.invokers.TestInvoker.invokeTestMethod(TestInvoker.java:230)
	at org.testng.internal.invokers.MethodRunner.runInSequence(MethodRunner.java:63)
	at org.testng.internal.invokers.TestInvoker$MethodInvocationAgent.invoke(TestInvoker.java:995)
	at org.testng.internal.invokers.TestInvoker.invokeTestMethods(TestInvoker.java:203)
	at org.testng.internal.invokers.TestMethodWorker.invokeTestMethods(TestMethodWorker.java:154)
	at org.testng.internal.invokers.TestMethodWorker.run(TestMethodWorker.java:134)
	at java.base/java.util.ArrayList.forEach(ArrayList.java:1596)
	at org.testng.TestRunner.privateRun(TestRunner.java:741)
	at org.testng.TestRunner.run(TestRunner.java:616)
	at org.testng.SuiteRunner.runTest(SuiteRunner.java:421)
	at org.testng.SuiteRunner.runSequentially(SuiteRunner.java:413)
	at org.testng.SuiteRunner.privateRun(SuiteRunner.java:373)
	at org.testng.SuiteRunner.run(SuiteRunner.java:312)
	at org.testng.SuiteRunnerWorker.runSuite(SuiteRunnerWorker.java:52)
	at org.testng.SuiteRunnerWorker.run(SuiteRunnerWorker.java:95)
	at org.testng.TestNG.runSuitesSequentially(TestNG.java:1274)
	at org.testng.TestNG.runSuitesLocally(TestNG.java:1208)
	at org.testng.TestNG.runSuites(TestNG.java:1112)
	at org.testng.TestNG.run(TestNG.java:1079)
	at org.testng.remote.AbstractRemoteTestNG.run(AbstractRemoteTestNG.java:115)
	at org.testng.remote.RemoteTestNG.initAndRun(RemoteTestNG.java:293)
	at org.testng.remote.RemoteTestNG.main(RemoteTestNG.java:91)
Caused by: org.openqa.selenium.NoSuchElementException: no such element: Unable to locate element: {&quot;method&quot;:&quot;xpath&quot;,&quot;selector&quot;:&quot;//*[@role=&apos;alert&apos;]&quot;}
  (Session info: chrome=144.0.7559.133)
For documentation on this error, please visit: https://www.selenium.dev/documentation/webdriver/troubleshooting/errors#no-such-element-exception
Build info: version: &apos;4.33.0&apos;, revision: &apos;2c6aaad03a&apos;
System info: os.name: &apos;Windows 11&apos;, os.arch: &apos;amd64&apos;, os.version: &apos;10.0&apos;, java.version: &apos;21.0.9&apos;
Driver info: org.openqa.selenium.chrome.ChromeDriver
Command: [8312df13f84096434b33ec801a4f6677, findElement {value=//*[@role=&apos;alert&apos;], using=xpath}]
Capabilities {acceptInsecureCerts: false, browserName: chrome, browserVersion: 144.0.7559.133, chrome: {chromedriverVersion: 144.0.7559.133 (7da823b1d59..., userDataDir: C:\Users\CODECL~1\AppData\L...}, fedcm:accounts: true, goog:chromeOptions: {debuggerAddress: localhost:56692}, goog:processID: 7576, networkConnectionEnabled: false, pageLoadStrategy: normal, platformName: windows, proxy: Proxy(), se:cdp: ws://localhost:56692/devtoo..., se:cdpVersion: 144.0.7559.133, setWindowRect: true, strictFileInteractability: false, timeouts: {implicit: 0, pageLoad: 300000, script: 30000}, unhandledPromptBehavior: dismiss and notify, webauthn:extension:credBlob: true, webauthn:extension:largeBlob: true, webauthn:extension:minPinLength: true, webauthn:extension:prf: true, webauthn:virtualAuthenticators: true}
Session ID: 8312df13f84096434b33ec801a4f6677
	at java.base/jdk.internal.reflect.DirectConstructorHandleAccessor.newInstance(DirectConstructorHandleAccessor.java:62)
	at java.base/java.lang.reflect.Constructor.newInstanceWithCaller(Constructor.java:502)
	at java.base/java.lang.reflect.Constructor.newInstance(Constructor.java:486)
	at org.openqa.selenium.remote.ErrorCodec.decode(ErrorCodec.java:167)
	at org.openqa.selenium.remote.codec.w3c.W3CHttpResponseCodec.decode(W3CHttpResponseCodec.java:138)
	at org.openqa.selenium.remote.codec.w3c.W3CHttpResponseCodec.decode(W3CHttpResponseCodec.java:50)
	at org.openqa.selenium.remote.HttpCommandExecutor.execute(HttpCommandExecutor.java:215)
	at org.openqa.selenium.remote.service.DriverCommandExecutor.invokeExecute(DriverCommandExecutor.java:216)
	at org.openqa.selenium.remote.service.DriverCommandExecutor.execute(DriverCommandExecutor.java:174)
	at org.openqa.selenium.remote.RemoteWebDriver.execute(RemoteWebDriver.java:544)
	at org.openqa.selenium.remote.ElementLocation$ElementFinder$2.findElement(ElementLocation.java:165)
	at org.openqa.selenium.remote.ElementLocation.findElement(ElementLocation.java:59)
	at org.openqa.selenium.remote.RemoteWebDriver.findElement(RemoteWebDriver.java:367)
	at org.openqa.selenium.remote.RemoteWebDriver.findElement(RemoteWebDriver.java:361)
	at org.openqa.selenium.support.pagefactory.DefaultElementLocator.findElement(DefaultElementLocator.java:68)
	at org.openqa.selenium.support.pagefactory.internal.LocatingElementHandler.invoke(LocatingElementHandler.java:38)
	at jdk.proxy2/jdk.proxy2.$Proxy18.isDisplayed(Unknown Source)
	at org.openqa.selenium.support.ui.ExpectedConditions.elementIfVisible(ExpectedConditions.java:304)
	at org.openqa.selenium.support.ui.ExpectedConditions$10.apply(ExpectedConditions.java:290)
	at org.openqa.selenium.support.ui.ExpectedConditions$10.apply(ExpectedConditions.java:287)
	at org.openqa.selenium.support.ui.FluentWait.until(FluentWait.java:203)
	... 29 more
</pre></div></td>
<td>47</td>
<td>Enterprise_Codeclouds.Project.Enterprise.Case_Appplications@41a2befb</td></tr>
<tr>
<td title='Enterprise_Codeclouds.Project.Enterprise.Case_Appplications.Buyout_Add_After_Contract_Generation_through_Edit_Terms()'><b>Buyout_Add_After_Contract_Generation_through_Edit_Terms</b><br>Test class: Enterprise_Codeclouds.Project.Enterprise.Case_Appplications<br>Parameters: {Agreement Date=02/10/2026, Amount Received=6400, Application Status=In Review, Approved Amount=19000, Attorney Name=Attorney Mireya Calder, Buyout Amount=11200, Buyout Expiry Date=02/10/2030, Buyout Funder Name=Verdant Peak Litigation Finance, Case #=525, Case Type=Employment Disputes, Court Index Number=05CV-2409-ED-003118, Date of Incident=09/18/2024, Document prep fee=275, Fund transfer fee=95, Interest Start Date=02/10/2026, Law Firm Name=Evergreen Workplace Rights Attorneys, Lead Source=Organic, Notes / Remarks=PIP payment received via bank transfer; reconcile remittance reference and ensure correct allocation., Payer Name=PIP Unit - Cascade Auto Indemnity, Payment Date=02/10/2026, Payment Mode=Bank Transfer, Payment Type=Payment by PIP, Rate of Return=39, Recommended Max Funding=19000, Requested Amount=45500, Risk Level=Moderate, SMS Message Body=Your employment dispute file is being reviewed while key records are verified. We’ll update you shortly. – Lumberjack Legal Finance, SMS Message Title=Employment File In Review, State=Washington, Summary=Retaliation alleged after reporting safety violations; termination reason conflicts with KPI history; wage loss claim supported by payroll records; settlement outreach initiated., Underwriting Notes=Verify protected activity dates, HR/OSHA report trail, mitigation attempts, and arbitration clauses. Stage until charge posture and employer response are reviewed., Underwriting Tag=Arbitration Clause Check}, {Address Line 1=1001 McKinney St, Address Line 2=Unit 2406, City=Houston, Date of Birth=07/14/1992, Email=pltf.sandhupreux.bhavneet.p9m3rd.2x7a@yopmail.com, First Name=Bhavneet, Last Name=Sandhupreux, Middle Name=Harleen, Name Suffix=IV, Phone number=2817304462, Social Security Number=786-09-5537, State=Texas, Zip code=77002}, {Email=attorney.theodore.ducharme05@mailto.plus, First Name=Attorney Théodore, Last Name=Ducharme, Middle Name=Finn, Name Suffix=IV, Office phone=9897418127, Phone=9897406127}, {City=Atlanta, Name=Peachtree Litigation Works, Phone=4049152638, State=Georgia, Street Address 1=191 Peachtree St NE, Midtown Commerce Annex, Main Lobby, Street Address 2=Floor 14, Suite 1402, Deliveries: Desk A, Zip code=30303}, {Staff Email=staff.tavion.kingsmere82@mailto.plus, Staff First Name=Staff Tavion, Staff Last Name=Kingsmere, Staff Middle Name=Lucien, Staff Name Suffix=IV, Staff Office phone=3039026657, Staff Phone=3037164082}, {Bcc=qa.auditdesk@yopmail.com, Cc=case.intake@yopmail.com, Message=Hello,

We require additional information to proceed. Please reply with the missing details or upload them through the portal.

Regards., Subject=Additional Details Required, Template=None, To=kezaria.briarhold3418@yopmail.com}</td>
<td><div><pre>org.openqa.selenium.TimeoutException: Expected condition failed: waiting for visibility of Proxy element for: DefaultElementLocator &apos;By.xpath: //*[@role=&apos;alert&apos;]&apos; (tried for 8 second(s) with 500 milliseconds interval)
	at org.openqa.selenium.support.ui.WebDriverWait.timeoutException(WebDriverWait.java:84)
	at org.openqa.selenium.support.ui.FluentWait.until(FluentWait.java:228)
	at Repeatative_codes.Repeat.wait_for_theElement(Repeat.java:41)
	at Locaters.Login_Locaters.toast(Login_Locaters.java:57)
	at Enterprise_Codeclouds.Project.Enterprise.Case_Appplications.Buyout_Add_After_Contract_Generation_through_Edit_Terms(Case_Appplications.java:1977)
	at java.base/java.util.ArrayList.forEach(ArrayList.java:1596)
Caused by: org.openqa.selenium.NoSuchElementException: no such element: Unable to locate element: {&quot;method&quot;:&quot;xpath&quot;,&quot;selector&quot;:&quot;//*[@role=&apos;alert&apos;]&quot;}
  (Session info: chrome=144.0.7559.133)
For documentation on this error, please visit: https://www.selenium.dev/documentation/webdriver/troubleshooting/errors#no-such-element-exception
Build info: version: &apos;4.33.0&apos;, revision: &apos;2c6aaad03a&apos;
System info: os.name: &apos;Windows 11&apos;, os.arch: &apos;amd64&apos;, os.version: &apos;10.0&apos;, java.version: &apos;21.0.9&apos;
Driver info: org.openqa.selenium.chrome.ChromeDriver
Command: [382d0ba370d80512c6e2c8800023e4db, findElement {value=//*[@role=&apos;alert&apos;], using=xpath}]
Capabilities {acceptInsecureCerts: false, browserName: chrome, browserVersion: 144.0.7559.133, chrome: {chromedriverVersion: 144.0.7559.133 (7da823b1d59..., userDataDir: C:\Users\CODECL~1\AppData\L...}, fedcm:accounts: true, goog:chromeOptions: {debuggerAddress: localhost:49437}, goog:processID: 320, networkConnectionEnabled: false, pageLoadStrategy: normal, platformName: windows, proxy: Proxy(), se:cdp: ws://localhost:49437/devtoo..., se:cdpVersion: 144.0.7559.133, setWindowRect: true, strictFileInteractability: false, timeouts: {implicit: 0, pageLoad: 300000, script: 30000}, unhandledPromptBehavior: dismiss and notify, webauthn:extension:credBlob: true, webauthn:extension:largeBlob: true, webauthn:extension:minPinLength: true, webauthn:extension:prf: true, webauthn:virtualAuthenticators: true}
Session ID: 382d0ba370d80512c6e2c8800023e4db
	at org.openqa.selenium.remote.ErrorCodec.decode(ErrorCodec.java:167)
	at org.openqa.selenium.remote.codec.w3c.W3CHttpResponseCodec.decode(W3CHttpResponseCodec.java:138)
	at org.openqa.selenium.remote.codec.w3c.W3CHttpResponseCodec.decode(W3CHttpResponseCodec.java:50)
	at org.openqa.selenium.remote.HttpCommandExecutor.execute(HttpCommandExecutor.java:215)
	at org.openqa.selenium.remote.service.DriverCommandExecutor.invokeExecute(DriverCommandExecutor.java:216)
	at org.openqa.selenium.remote.service.DriverCommandExecutor.execute(DriverCommandExecutor.java:174)
	at org.openqa.selenium.remote.RemoteWebDriver.execute(RemoteWebDriver.java:544)
	at org.openqa.selenium.remote.ElementLocation$ElementFinder$2.findElement(ElementLocation.java:165)
	at org.openqa.selenium.remote.ElementLocation.findElement(ElementLocation.java:59)
	at org.openqa.selenium.remote.RemoteWebDriver.findElement(RemoteWebDriver.java:367)
	at org.openqa.selenium.remote.RemoteWebDriver.findElement(RemoteWebDriver.java:361)
	at org.openqa.selenium.support.pagefactory.DefaultElementLocator.findElement(DefaultElementLocator.java:68)
	at org.openqa.selenium.support.pagefactory.internal.LocatingElementHandler.invoke(LocatingElementHandler.java:38)
	at jdk.proxy2/jdk.proxy2.$Proxy18.isDisplayed(Unknown Source)
	at org.openqa.selenium.support.ui.ExpectedConditions.elementIfVisible(ExpectedConditions.java:304)
	at org.openqa.selenium.support.ui.ExpectedConditions$10.apply(ExpectedConditions.java:290)
	at org.openqa.selenium.support.ui.ExpectedConditions$10.apply(ExpectedConditions.java:287)
	at org.openqa.selenium.support.ui.FluentWait.until(FluentWait.java:203)
	... 29 more
... Removed 28 stack frames</pre></div><a href='#' onClick='toggleBox("stack-trace502929574", this, "Click to show all stack frames", "Click to hide stack frames")'>Click to show all stack frames</a>
<div class='stack-trace' id='stack-trace502929574'><pre>org.openqa.selenium.TimeoutException: Expected condition failed: waiting for visibility of Proxy element for: DefaultElementLocator &apos;By.xpath: //*[@role=&apos;alert&apos;]&apos; (tried for 8 second(s) with 500 milliseconds interval)
	at org.openqa.selenium.support.ui.WebDriverWait.timeoutException(WebDriverWait.java:84)
	at org.openqa.selenium.support.ui.FluentWait.until(FluentWait.java:228)
	at Repeatative_codes.Repeat.wait_for_theElement(Repeat.java:41)
	at Locaters.Login_Locaters.toast(Login_Locaters.java:57)
	at Enterprise_Codeclouds.Project.Enterprise.Case_Appplications.Buyout_Add_After_Contract_Generation_through_Edit_Terms(Case_Appplications.java:1977)
	at java.base/jdk.internal.reflect.DirectMethodHandleAccessor.invoke(DirectMethodHandleAccessor.java:103)
	at java.base/java.lang.reflect.Method.invoke(Method.java:580)
	at org.testng.internal.invokers.MethodInvocationHelper.invokeMethod(MethodInvocationHelper.java:141)
	at org.testng.internal.invokers.TestInvoker.invokeMethod(TestInvoker.java:687)
	at org.testng.internal.invokers.TestInvoker.invokeTestMethod(TestInvoker.java:230)
	at org.testng.internal.invokers.MethodRunner.runInSequence(MethodRunner.java:63)
	at org.testng.internal.invokers.TestInvoker$MethodInvocationAgent.invoke(TestInvoker.java:995)
	at org.testng.internal.invokers.TestInvoker.invokeTestMethods(TestInvoker.java:203)
	at org.testng.internal.invokers.TestMethodWorker.invokeTestMethods(TestMethodWorker.java:154)
	at org.testng.internal.invokers.TestMethodWorker.run(TestMethodWorker.java:134)
	at java.base/java.util.ArrayList.forEach(ArrayList.java:1596)
	at org.testng.TestRunner.privateRun(TestRunner.java:741)
	at org.testng.TestRunner.run(TestRunner.java:616)
	at org.testng.SuiteRunner.runTest(SuiteRunner.java:421)
	at org.testng.SuiteRunner.runSequentially(SuiteRunner.java:413)
	at org.testng.SuiteRunner.privateRun(SuiteRunner.java:373)
	at org.testng.SuiteRunner.run(SuiteRunner.java:312)
	at org.testng.SuiteRunnerWorker.runSuite(SuiteRunnerWorker.java:52)
	at org.testng.SuiteRunnerWorker.run(SuiteRunnerWorker.java:95)
	at org.testng.TestNG.runSuitesSequentially(TestNG.java:1274)
	at org.testng.TestNG.runSuitesLocally(TestNG.java:1208)
	at org.testng.TestNG.runSuites(TestNG.java:1112)
	at org.testng.TestNG.run(TestNG.java:1079)
	at org.testng.remote.AbstractRemoteTestNG.run(AbstractRemoteTestNG.java:115)
	at org.testng.remote.RemoteTestNG.initAndRun(RemoteTestNG.java:293)
	at org.testng.remote.RemoteTestNG.main(RemoteTestNG.java:91)
Caused by: org.openqa.selenium.NoSuchElementException: no such element: Unable to locate element: {&quot;method&quot;:&quot;xpath&quot;,&quot;selector&quot;:&quot;//*[@role=&apos;alert&apos;]&quot;}
  (Session info: chrome=144.0.7559.133)
For documentation on this error, please visit: https://www.selenium.dev/documentation/webdriver/troubleshooting/errors#no-such-element-exception
Build info: version: &apos;4.33.0&apos;, revision: &apos;2c6aaad03a&apos;
System info: os.name: &apos;Windows 11&apos;, os.arch: &apos;amd64&apos;, os.version: &apos;10.0&apos;, java.version: &apos;21.0.9&apos;
Driver info: org.openqa.selenium.chrome.ChromeDriver
Command: [382d0ba370d80512c6e2c8800023e4db, findElement {value=//*[@role=&apos;alert&apos;], using=xpath}]
Capabilities {acceptInsecureCerts: false, browserName: chrome, browserVersion: 144.0.7559.133, chrome: {chromedriverVersion: 144.0.7559.133 (7da823b1d59..., userDataDir: C:\Users\CODECL~1\AppData\L...}, fedcm:accounts: true, goog:chromeOptions: {debuggerAddress: localhost:49437}, goog:processID: 320, networkConnectionEnabled: false, pageLoadStrategy: normal, platformName: windows, proxy: Proxy(), se:cdp: ws://localhost:49437/devtoo..., se:cdpVersion: 144.0.7559.133, setWindowRect: true, strictFileInteractability: false, timeouts: {implicit: 0, pageLoad: 300000, script: 30000}, unhandledPromptBehavior: dismiss and notify, webauthn:extension:credBlob: true, webauthn:extension:largeBlob: true, webauthn:extension:minPinLength: true, webauthn:extension:prf: true, webauthn:virtualAuthenticators: true}
Session ID: 382d0ba370d80512c6e2c8800023e4db
	at java.base/jdk.internal.reflect.DirectConstructorHandleAccessor.newInstance(DirectConstructorHandleAccessor.java:62)
	at java.base/java.lang.reflect.Constructor.newInstanceWithCaller(Constructor.java:502)
	at java.base/java.lang.reflect.Constructor.newInstance(Constructor.java:486)
	at org.openqa.selenium.remote.ErrorCodec.decode(ErrorCodec.java:167)
	at org.openqa.selenium.remote.codec.w3c.W3CHttpResponseCodec.decode(W3CHttpResponseCodec.java:138)
	at org.openqa.selenium.remote.codec.w3c.W3CHttpResponseCodec.decode(W3CHttpResponseCodec.java:50)
	at org.openqa.selenium.remote.HttpCommandExecutor.execute(HttpCommandExecutor.java:215)
	at org.openqa.selenium.remote.service.DriverCommandExecutor.invokeExecute(DriverCommandExecutor.java:216)
	at org.openqa.selenium.remote.service.DriverCommandExecutor.execute(DriverCommandExecutor.java:174)
	at org.openqa.selenium.remote.RemoteWebDriver.execute(RemoteWebDriver.java:544)
	at org.openqa.selenium.remote.ElementLocation$ElementFinder$2.findElement(ElementLocation.java:165)
	at org.openqa.selenium.remote.ElementLocation.findElement(ElementLocation.java:59)
	at org.openqa.selenium.remote.RemoteWebDriver.findElement(RemoteWebDriver.java:367)
	at org.openqa.selenium.remote.RemoteWebDriver.findElement(RemoteWebDriver.java:361)
	at org.openqa.selenium.support.pagefactory.DefaultElementLocator.findElement(DefaultElementLocator.java:68)
	at org.openqa.selenium.support.pagefactory.internal.LocatingElementHandler.invoke(LocatingElementHandler.java:38)
	at jdk.proxy2/jdk.proxy2.$Proxy18.isDisplayed(Unknown Source)
	at org.openqa.selenium.support.ui.ExpectedConditions.elementIfVisible(ExpectedConditions.java:304)
	at org.openqa.selenium.support.ui.ExpectedConditions$10.apply(ExpectedConditions.java:290)
	at org.openqa.selenium.support.ui.ExpectedConditions$10.apply(ExpectedConditions.java:287)
	at org.openqa.selenium.support.ui.FluentWait.until(FluentWait.java:203)
	... 29 more
</pre></div></td>
<td>47</td>
<td>Enterprise_Codeclouds.Project.Enterprise.Case_Appplications@41a2befb</td></tr>
<tr>
<td title='Enterprise_Codeclouds.Project.Enterprise.Case_Appplications.Buyout_Add_After_Contract_Generation_through_Edit_Terms()'><b>Buyout_Add_After_Contract_Generation_through_Edit_Terms</b><br>Test class: Enterprise_Codeclouds.Project.Enterprise.Case_Appplications<br>Parameters: {Agreement Date=02/10/2026, Amount Received=19200, Application Status=In Review, Approved Amount=36000, Attorney Name=Attorney Selene Carroway, Buyout Amount=22400, Buyout Expiry Date=02/10/2030, Buyout Funder Name=Obsidian Harbor Funding Partners, Case #=523, Case Type=Breach of contract, Court Index Number=31CV-2307-BC-009405, Date of Incident=07/02/2023, Document prep fee=365, Fund transfer fee=135, Interest Start Date=02/10/2026, Law Firm Name=Tribeca Commercial Litigation Counsel, Lead Source=Broker, Notes / Remarks=Buyout payment via portal; verify receipt PDF and reference ID; match to ledger entry before closing prior funding., Payer Name=Northbridge Legal Buyout Co., Payment Date=02/10/2026, Payment Mode=Online Payment, Payment Type=Payment by Another Funder, Rate of Return=48, Recommended Max Funding=36000, Requested Amount=86000, Risk Level=Moderate-High, SMS Message Body=Your contract matter is in review while documents and pleadings are verified. – Lumberjack Legal Finance, SMS Message Title=Contract Matter In Review, State=New York, Summary=Vendor termination dispute; disputed deliverables and withheld milestone payment; claim includes replacement sourcing costs and downtime impacts; email chain shows acceptance milestones., Underwriting Notes=Confirm contract formation, change orders, acceptance criteria, and mitigation steps. Review counterclaims and collectability. Stage until pleadings filed and damages model documented., Underwriting Tag=Collectability Assessment}, {Address Line 1=1 Cambridge Center, Address Line 2=Apt 9F, City=Cambridge, Date of Birth=05/26/1989, Email=pltf.oriellyne.siobhan.y7k1pn.6h2m@yopmail.com, First Name=Siobhán, Last Name=O’Riellyne, Middle Name=Mairéad, Name Suffix=III, Phone number=6172059843, Social Security Number=764-15-3802, State=Massachusetts, Zip code=02139}, {Email=attorney.callum.kincaidrowe03@mailto.plus, First Name=Attorney Callum, Last Name=Kincaid-Rowe, Middle Name=Jasper, Name Suffix=III, Office phone=9897418125, Phone=9897406125}, {City=Portland, Name=Cascade Claimcraft Legal Studio, Phone=5032196804, State=Oregon, Street Address 1=111 SW 5th Ave, Pioneer District Office Arcade, Security Desk, Street Address 2=Suite 1740, Mail Stop OR-17, Signature Required, Zip code=97204}, {Staff Email=staff.corven.wetherby51@mailto.plus, Staff First Name=Staff Corven, Staff Last Name=Wetherby, Staff Middle Name=Bastien, Staff Name Suffix=III, Staff Office phone=6199041876, Staff Phone=6194027851}, {Bcc=qa.auditdesk@yopmail.com, Cc=case.updates@yopmail.com, Message=Hello,

This is an update regarding your case. Our team is reviewing the latest information and will share the next steps shortly.

Thanks., Subject=Case Update - Next Steps, Template=None, To=elviora.quenridge3402@yopmail.com}</td>
<td><div><pre>org.openqa.selenium.TimeoutException: Expected condition failed: waiting for visibility of Proxy element for: DefaultElementLocator &apos;By.xpath: //*[@role=&apos;alert&apos;]&apos; (tried for 8 second(s) with 500 milliseconds interval)
	at org.openqa.selenium.support.ui.WebDriverWait.timeoutException(WebDriverWait.java:84)
	at org.openqa.selenium.support.ui.FluentWait.until(FluentWait.java:228)
	at Repeatative_codes.Repeat.wait_for_theElement(Repeat.java:41)
	at Locaters.Login_Locaters.toast(Login_Locaters.java:57)
	at Enterprise_Codeclouds.Project.Enterprise.Case_Appplications.Buyout_Add_After_Contract_Generation_through_Edit_Terms(Case_Appplications.java:1977)
	at java.base/java.util.ArrayList.forEach(ArrayList.java:1596)
Caused by: org.openqa.selenium.NoSuchElementException: no such element: Unable to locate element: {&quot;method&quot;:&quot;xpath&quot;,&quot;selector&quot;:&quot;//*[@role=&apos;alert&apos;]&quot;}
  (Session info: chrome=144.0.7559.133)
For documentation on this error, please visit: https://www.selenium.dev/documentation/webdriver/troubleshooting/errors#no-such-element-exception
Build info: version: &apos;4.33.0&apos;, revision: &apos;2c6aaad03a&apos;
System info: os.name: &apos;Windows 11&apos;, os.arch: &apos;amd64&apos;, os.version: &apos;10.0&apos;, java.version: &apos;21.0.9&apos;
Driver info: org.openqa.selenium.chrome.ChromeDriver
Command: [a8e3f13a73afdb27139172a953626c39, findElement {value=//*[@role=&apos;alert&apos;], using=xpath}]
Capabilities {acceptInsecureCerts: false, browserName: chrome, browserVersion: 144.0.7559.133, chrome: {chromedriverVersion: 144.0.7559.133 (7da823b1d59..., userDataDir: C:\Users\CODECL~1\AppData\L...}, fedcm:accounts: true, goog:chromeOptions: {debuggerAddress: localhost:63397}, goog:processID: 11504, networkConnectionEnabled: false, pageLoadStrategy: normal, platformName: windows, proxy: Proxy(), se:cdp: ws://localhost:63397/devtoo..., se:cdpVersion: 144.0.7559.133, setWindowRect: true, strictFileInteractability: false, timeouts: {implicit: 0, pageLoad: 300000, script: 30000}, unhandledPromptBehavior: dismiss and notify, webauthn:extension:credBlob: true, webauthn:extension:largeBlob: true, webauthn:extension:minPinLength: true, webauthn:extension:prf: true, webauthn:virtualAuthenticators: true}
Session ID: a8e3f13a73afdb27139172a953626c39
	at org.openqa.selenium.remote.ErrorCodec.decode(ErrorCodec.java:167)
	at org.openqa.selenium.remote.codec.w3c.W3CHttpResponseCodec.decode(W3CHttpResponseCodec.java:138)
	at org.openqa.selenium.remote.codec.w3c.W3CHttpResponseCodec.decode(W3CHttpResponseCodec.java:50)
	at org.openqa.selenium.remote.HttpCommandExecutor.execute(HttpCommandExecutor.java:215)
	at org.openqa.selenium.remote.service.DriverCommandExecutor.invokeExecute(DriverCommandExecutor.java:216)
	at org.openqa.selenium.remote.service.DriverCommandExecutor.execute(DriverCommandExecutor.java:174)
	at org.openqa.selenium.remote.RemoteWebDriver.execute(RemoteWebDriver.java:544)
	at org.openqa.selenium.remote.ElementLocation$ElementFinder$2.findElement(ElementLocation.java:165)
	at org.openqa.selenium.remote.ElementLocation.findElement(ElementLocation.java:59)
	at org.openqa.selenium.remote.RemoteWebDriver.findElement(RemoteWebDriver.java:367)
	at org.openqa.selenium.remote.RemoteWebDriver.findElement(RemoteWebDriver.java:361)
	at org.openqa.selenium.support.pagefactory.DefaultElementLocator.findElement(DefaultElementLocator.java:68)
	at org.openqa.selenium.support.pagefactory.internal.LocatingElementHandler.invoke(LocatingElementHandler.java:38)
	at jdk.proxy2/jdk.proxy2.$Proxy18.isDisplayed(Unknown Source)
	at org.openqa.selenium.support.ui.ExpectedConditions.elementIfVisible(ExpectedConditions.java:304)
	at org.openqa.selenium.support.ui.ExpectedConditions$10.apply(ExpectedConditions.java:290)
	at org.openqa.selenium.support.ui.ExpectedConditions$10.apply(ExpectedConditions.java:287)
	at org.openqa.selenium.support.ui.FluentWait.until(FluentWait.java:203)
	... 29 more
... Removed 28 stack frames</pre></div><a href='#' onClick='toggleBox("stack-trace192620230", this, "Click to show all stack frames", "Click to hide stack frames")'>Click to show all stack frames</a>
<div class='stack-trace' id='stack-trace192620230'><pre>org.openqa.selenium.TimeoutException: Expected condition failed: waiting for visibility of Proxy element for: DefaultElementLocator &apos;By.xpath: //*[@role=&apos;alert&apos;]&apos; (tried for 8 second(s) with 500 milliseconds interval)
	at org.openqa.selenium.support.ui.WebDriverWait.timeoutException(WebDriverWait.java:84)
	at org.openqa.selenium.support.ui.FluentWait.until(FluentWait.java:228)
	at Repeatative_codes.Repeat.wait_for_theElement(Repeat.java:41)
	at Locaters.Login_Locaters.toast(Login_Locaters.java:57)
	at Enterprise_Codeclouds.Project.Enterprise.Case_Appplications.Buyout_Add_After_Contract_Generation_through_Edit_Terms(Case_Appplications.java:1977)
	at java.base/jdk.internal.reflect.DirectMethodHandleAccessor.invoke(DirectMethodHandleAccessor.java:103)
	at java.base/java.lang.reflect.Method.invoke(Method.java:580)
	at org.testng.internal.invokers.MethodInvocationHelper.invokeMethod(MethodInvocationHelper.java:141)
	at org.testng.internal.invokers.TestInvoker.invokeMethod(TestInvoker.java:687)
	at org.testng.internal.invokers.TestInvoker.invokeTestMethod(TestInvoker.java:230)
	at org.testng.internal.invokers.MethodRunner.runInSequence(MethodRunner.java:63)
	at org.testng.internal.invokers.TestInvoker$MethodInvocationAgent.invoke(TestInvoker.java:995)
	at org.testng.internal.invokers.TestInvoker.invokeTestMethods(TestInvoker.java:203)
	at org.testng.internal.invokers.TestMethodWorker.invokeTestMethods(TestMethodWorker.java:154)
	at org.testng.internal.invokers.TestMethodWorker.run(TestMethodWorker.java:134)
	at java.base/java.util.ArrayList.forEach(ArrayList.java:1596)
	at org.testng.TestRunner.privateRun(TestRunner.java:741)
	at org.testng.TestRunner.run(TestRunner.java:616)
	at org.testng.SuiteRunner.runTest(SuiteRunner.java:421)
	at org.testng.SuiteRunner.runSequentially(SuiteRunner.java:413)
	at org.testng.SuiteRunner.privateRun(SuiteRunner.java:373)
	at org.testng.SuiteRunner.run(SuiteRunner.java:312)
	at org.testng.SuiteRunnerWorker.runSuite(SuiteRunnerWorker.java:52)
	at org.testng.SuiteRunnerWorker.run(SuiteRunnerWorker.java:95)
	at org.testng.TestNG.runSuitesSequentially(TestNG.java:1274)
	at org.testng.TestNG.runSuitesLocally(TestNG.java:1208)
	at org.testng.TestNG.runSuites(TestNG.java:1112)
	at org.testng.TestNG.run(TestNG.java:1079)
	at org.testng.remote.AbstractRemoteTestNG.run(AbstractRemoteTestNG.java:115)
	at org.testng.remote.RemoteTestNG.initAndRun(RemoteTestNG.java:293)
	at org.testng.remote.RemoteTestNG.main(RemoteTestNG.java:91)
Caused by: org.openqa.selenium.NoSuchElementException: no such element: Unable to locate element: {&quot;method&quot;:&quot;xpath&quot;,&quot;selector&quot;:&quot;//*[@role=&apos;alert&apos;]&quot;}
  (Session info: chrome=144.0.7559.133)
For documentation on this error, please visit: https://www.selenium.dev/documentation/webdriver/troubleshooting/errors#no-such-element-exception
Build info: version: &apos;4.33.0&apos;, revision: &apos;2c6aaad03a&apos;
System info: os.name: &apos;Windows 11&apos;, os.arch: &apos;amd64&apos;, os.version: &apos;10.0&apos;, java.version: &apos;21.0.9&apos;
Driver info: org.openqa.selenium.chrome.ChromeDriver
Command: [a8e3f13a73afdb27139172a953626c39, findElement {value=//*[@role=&apos;alert&apos;], using=xpath}]
Capabilities {acceptInsecureCerts: false, browserName: chrome, browserVersion: 144.0.7559.133, chrome: {chromedriverVersion: 144.0.7559.133 (7da823b1d59..., userDataDir: C:\Users\CODECL~1\AppData\L...}, fedcm:accounts: true, goog:chromeOptions: {debuggerAddress: localhost:63397}, goog:processID: 11504, networkConnectionEnabled: false, pageLoadStrategy: normal, platformName: windows, proxy: Proxy(), se:cdp: ws://localhost:63397/devtoo..., se:cdpVersion: 144.0.7559.133, setWindowRect: true, strictFileInteractability: false, timeouts: {implicit: 0, pageLoad: 300000, script: 30000}, unhandledPromptBehavior: dismiss and notify, webauthn:extension:credBlob: true, webauthn:extension:largeBlob: true, webauthn:extension:minPinLength: true, webauthn:extension:prf: true, webauthn:virtualAuthenticators: true}
Session ID: a8e3f13a73afdb27139172a953626c39
	at java.base/jdk.internal.reflect.DirectConstructorHandleAccessor.newInstance(DirectConstructorHandleAccessor.java:62)
	at java.base/java.lang.reflect.Constructor.newInstanceWithCaller(Constructor.java:502)
	at java.base/java.lang.reflect.Constructor.newInstance(Constructor.java:486)
	at org.openqa.selenium.remote.ErrorCodec.decode(ErrorCodec.java:167)
	at org.openqa.selenium.remote.codec.w3c.W3CHttpResponseCodec.decode(W3CHttpResponseCodec.java:138)
	at org.openqa.selenium.remote.codec.w3c.W3CHttpResponseCodec.decode(W3CHttpResponseCodec.java:50)
	at org.openqa.selenium.remote.HttpCommandExecutor.execute(HttpCommandExecutor.java:215)
	at org.openqa.selenium.remote.service.DriverCommandExecutor.invokeExecute(DriverCommandExecutor.java:216)
	at org.openqa.selenium.remote.service.DriverCommandExecutor.execute(DriverCommandExecutor.java:174)
	at org.openqa.selenium.remote.RemoteWebDriver.execute(RemoteWebDriver.java:544)
	at org.openqa.selenium.remote.ElementLocation$ElementFinder$2.findElement(ElementLocation.java:165)
	at org.openqa.selenium.remote.ElementLocation.findElement(ElementLocation.java:59)
	at org.openqa.selenium.remote.RemoteWebDriver.findElement(RemoteWebDriver.java:367)
	at org.openqa.selenium.remote.RemoteWebDriver.findElement(RemoteWebDriver.java:361)
	at org.openqa.selenium.support.pagefactory.DefaultElementLocator.findElement(DefaultElementLocator.java:68)
	at org.openqa.selenium.support.pagefactory.internal.LocatingElementHandler.invoke(LocatingElementHandler.java:38)
	at jdk.proxy2/jdk.proxy2.$Proxy18.isDisplayed(Unknown Source)
	at org.openqa.selenium.support.ui.ExpectedConditions.elementIfVisible(ExpectedConditions.java:304)
	at org.openqa.selenium.support.ui.ExpectedConditions$10.apply(ExpectedConditions.java:290)
	at org.openqa.selenium.support.ui.ExpectedConditions$10.apply(ExpectedConditions.java:287)
	at org.openqa.selenium.support.ui.FluentWait.until(FluentWait.java:203)
	... 29 more
</pre></div></td>
<td>51</td>
<td>Enterprise_Codeclouds.Project.Enterprise.Case_Appplications@41a2befb</td></tr>
</table><p>
<table width='100%' border='1' class='invocation-passed'>
<tr><td colspan='4' align='center'><b>PASSED TESTS</b></td></tr>
<tr><td><b>Test method</b></td>
<td><b>Attribute(s)</b></td>
<td width="30%"><b>Exception</b></td>
<td width="10%"><b>Time (seconds)</b></td>
<td><b>Instance</b></td>
</tr>
<tr>
<td title='Enterprise_Codeclouds.Project.Enterprise.Case_Appplications.Buyout_Add_and_Fees_changed_in_Revised_Contract()'><b>Buyout_Add_and_Fees_changed_in_Revised_Contract</b><br>Test class: Enterprise_Codeclouds.Project.Enterprise.Case_Appplications<br>Parameters: {Agreement Date=02/10/2026, Amount Received=4200, Application Status=In Review, Approved Amount=31000, Attorney Name=Attorney Calista Renner, Buyout Amount=19600, Buyout Expiry Date=02/10/2030, Buyout Funder Name=Juniper Vale Litigation Capital, Case #=521, Case Type=Premises Liability, Court Index Number=19CV-2403-PR-004921, Date of Incident=03/09/2024, Document prep fee=325, Fund transfer fee=120, Interest Start Date=02/10/2026, Law Firm Name=Pacific Meridian Trial Advocates LLP, Lead Source=Advertising, Notes / Remarks=Card payment received; confirm gateway transaction ID and prevent duplicate posting in payment log., Payer Name=Plaintiff N/A, Payment Date=02/10/2026, Payment Mode=Credit Card, Payment Type=Payment by Plaintiff, Rate of Return=44, Recommended Max Funding=31000, Requested Amount=73500, Risk Level=Moderate, SMS Message Body=We’re reviewing your premises liability file and verifying key records. Updates will follow soon. – Lumberjack Legal Finance, SMS Message Title=Premises File Under Review, State=California, Summary=Slip on freshly mopped tile with no wet-floor signage; wrist fracture and lost shifts alleged; incident report and surveillance request sent to property manager., Underwriting Notes=Confirm footage retention window, maintenance logs, and prior slip complaints. Verify medical causation timeline and wage loss proof. Conservative staging until video response and ownership verification., Underwriting Tag=Surveillance Request Sent}, {Address Line 1=227 Fayetteville St, Address Line 2=Unit 1904, City=Raleigh, Date of Birth=03/07/1991, Email=pltf.wapistan.kateri.r8v2qj.41p9@yopmail.com, First Name=Kateri, Last Name=Wapistan, Middle Name=Noélie, Name Suffix=II, Phone number=9196725038, Social Security Number=741-28-9061, State=North Carolina, Zip code=27601}, {Email=attorney.maelys.beausoleil01@yopmail.com, First Name=Attorney Maëlys, Last Name=Beausoleil, Middle Name=Rowan, Name Suffix=II, Office phone=9897418123, Phone=9897406123}, {City=Wilmington, Name=VerdictForge Litigation Atelier, Phone=3024389017, State=Delaware, Street Address 1=919 N Market St, Brandywine Commerce Center, Main Lobby, Street Address 2=Suite 1204, Intake: Desk 3, Elevator Bank A, Zip code=19801}, {Staff Email=staff.nivaren.thornwick25@mailto.plus, Staff First Name=Staff Nivaren, Staff Last Name=Thornwick, Staff Middle Name=Calix, Staff Name Suffix=II, Staff Office phone=9718821460, Staff Phone=9716043825}, {Bcc=qa.auditdesk@yopmail.com, Cc=intake.coordinator@yopmail.com, Message=Hello,

Please upload the required documents at your earliest convenience so we can proceed without delay.

Thank you., Subject=Document Request - Please Upload Required Files, Template=None, To=marcelline.briarcliff1874@yopmail.com}</td>
<td></td>
<td>130</td>
<td>Enterprise_Codeclouds.Project.Enterprise.Case_Appplications@41a2befb</td></tr>
<tr>
<td title='Enterprise_Codeclouds.Project.Enterprise.Case_Appplications.Buyout_Add_and_Fees_changed_in_Revised_Contract()'><b>Buyout_Add_and_Fees_changed_in_Revised_Contract</b><br>Test class: Enterprise_Codeclouds.Project.Enterprise.Case_Appplications<br>Parameters: {Agreement Date=02/10/2026, Amount Received=6400, Application Status=In Review, Approved Amount=19000, Attorney Name=Attorney Mireya Calder, Buyout Amount=11200, Buyout Expiry Date=02/10/2030, Buyout Funder Name=Verdant Peak Litigation Finance, Case #=525, Case Type=Employment Disputes, Court Index Number=05CV-2409-ED-003118, Date of Incident=09/18/2024, Document prep fee=275, Fund transfer fee=95, Interest Start Date=02/10/2026, Law Firm Name=Evergreen Workplace Rights Attorneys, Lead Source=Organic, Notes / Remarks=PIP payment received via bank transfer; reconcile remittance reference and ensure correct allocation., Payer Name=PIP Unit - Cascade Auto Indemnity, Payment Date=02/10/2026, Payment Mode=Bank Transfer, Payment Type=Payment by PIP, Rate of Return=39, Recommended Max Funding=19000, Requested Amount=45500, Risk Level=Moderate, SMS Message Body=Your employment dispute file is being reviewed while key records are verified. We’ll update you shortly. – Lumberjack Legal Finance, SMS Message Title=Employment File In Review, State=Washington, Summary=Retaliation alleged after reporting safety violations; termination reason conflicts with KPI history; wage loss claim supported by payroll records; settlement outreach initiated., Underwriting Notes=Verify protected activity dates, HR/OSHA report trail, mitigation attempts, and arbitration clauses. Stage until charge posture and employer response are reviewed., Underwriting Tag=Arbitration Clause Check}, {Address Line 1=1001 McKinney St, Address Line 2=Unit 2406, City=Houston, Date of Birth=07/14/1992, Email=pltf.sandhupreux.bhavneet.p9m3rd.2x7a@yopmail.com, First Name=Bhavneet, Last Name=Sandhupreux, Middle Name=Harleen, Name Suffix=IV, Phone number=2817304462, Social Security Number=786-09-5537, State=Texas, Zip code=77002}, {Email=attorney.theodore.ducharme05@mailto.plus, First Name=Attorney Théodore, Last Name=Ducharme, Middle Name=Finn, Name Suffix=IV, Office phone=9897418127, Phone=9897406127}, {City=Atlanta, Name=Peachtree Litigation Works, Phone=4049152638, State=Georgia, Street Address 1=191 Peachtree St NE, Midtown Commerce Annex, Main Lobby, Street Address 2=Floor 14, Suite 1402, Deliveries: Desk A, Zip code=30303}, {Staff Email=staff.tavion.kingsmere82@mailto.plus, Staff First Name=Staff Tavion, Staff Last Name=Kingsmere, Staff Middle Name=Lucien, Staff Name Suffix=IV, Staff Office phone=3039026657, Staff Phone=3037164082}, {Bcc=qa.auditdesk@yopmail.com, Cc=case.intake@yopmail.com, Message=Hello,

We require additional information to proceed. Please reply with the missing details or upload them through the portal.

Regards., Subject=Additional Details Required, Template=None, To=kezaria.briarhold3418@yopmail.com}</td>
<td></td>
<td>134</td>
<td>Enterprise_Codeclouds.Project.Enterprise.Case_Appplications@41a2befb</td></tr>
<tr>
<td title='Enterprise_Codeclouds.Project.Enterprise.Case_Appplications.Buyout_Add_and_Fees_changed_in_Revised_Contract()'><b>Buyout_Add_and_Fees_changed_in_Revised_Contract</b><br>Test class: Enterprise_Codeclouds.Project.Enterprise.Case_Appplications<br>Parameters: {Agreement Date=02/10/2026, Amount Received=2200, Application Status=Pending Docs, Approved Amount=9800, Attorney Name=Attorney Mirek Solace, Buyout Amount=5600, Buyout Expiry Date=02/10/2030, Buyout Funder Name=Blue Lantern Funding Co., Case #=530, Case Type=Unpaid Wages, Court Index Number=17CV-2312-UW-001902, Date of Incident=12/05/2023, Document prep fee=225, Fund transfer fee=75, Interest Start Date=02/10/2026, Law Firm Name=Keystone Wage & Hour Advocates, Lead Source=Other, Notes / Remarks=Cash received; generate receipt and attach scanned copy; verify permissible method per policy., Payer Name=Plaintiff N/A, Payment Date=02/10/2026, Payment Mode=Cash, Payment Type=Payment by Plaintiff, Rate of Return=34, Recommended Max Funding=9800, Requested Amount=24000, Risk Level=Low-Moderate, SMS Message Body=We need additional payroll/schedule documents to complete underwriting. – Lumberjack Legal Finance, SMS Message Title=Documents Needed, State=Pennsylvania, Summary=Overtime and shift differential allegedly withheld across multiple pay periods; time clock edits suspected; paystubs and schedules conflict., Underwriting Notes=Confirm arbitration/class waiver, payroll integrity, and defenses. Conservative funding until early discovery clarifies timekeeping practices., Underwriting Tag=Payroll Reconciliation}, {Address Line 1=50 N Laura St, Address Line 2=Apt 1710, City=Jacksonville, Date of Birth=04/16/1992, Email=pltf.theriault.maelle.r6p8vn.1m4z@yopmail.com, First Name=Maëlle, Last Name=Thériault, Middle Name=Sabine, Name Suffix=IV, Phone number=9047531886, Social Security Number=734-77-1903, State=Florida, Zip code=32202}, {Email=attorney.ainsley.houde10@mailto.plus, First Name=Attorney Ainsley, Last Name=Houde, Middle Name=Claire, Name Suffix=IV, Office phone=9897418132, Phone=9897406132}, {City=Wichita, Name=PrairieMotion Claims Studio, Phone=3166881049, State=Kansas, Street Address 1=100 N Broadway St, Old Town Commerce Block, East Entrance, Street Address 2=Suite 705, Intake: Window 1, Visitor Parking Level 2, Zip code=67202}, {Staff Email=staff.selvara.montclair74@mailto.plus, Staff First Name=Staff Selvara, Staff Last Name=Montclair, Staff Middle Name=Giselle, Staff Name Suffix=IV, Staff Office phone=5149027415, Staff Phone=5146093874}, {Bcc=qa.auditdesk@yopmail.com, Cc=escalations.desk@yopmail.com, Message=Hello,

We are unable to proceed without the pending details. Please respond or upload the required information to avoid delays.

Regards., Subject=Final Reminder - Response Needed to Avoid Delay, Template=None, To=tenzaro.rivenshore3419@yopmail.com}</td>
<td></td>
<td>131</td>
<td>Enterprise_Codeclouds.Project.Enterprise.Case_Appplications@41a2befb</td></tr>
<tr>
<td title='Enterprise_Codeclouds.Project.Enterprise.Case_Appplications.Buyout_Add_and_Fees_changed_in_Revised_Contract()'><b>Buyout_Add_and_Fees_changed_in_Revised_Contract</b><br>Test class: Enterprise_Codeclouds.Project.Enterprise.Case_Appplications<br>Parameters: {Agreement Date=02/10/2026, Amount Received=8800, Application Status=Pending Docs, Approved Amount=24500, Attorney Name=Attorney Jareth Quinn, Buyout Amount=14800, Buyout Expiry Date=02/10/2030, Buyout Funder Name=Crownstone Settlement Finance, Case #=522, Case Type=Discrimination, Court Index Number=07CV-2311-DC-007113, Date of Incident=11/14/2023, Document prep fee=290, Fund transfer fee=105, Interest Start Date=02/10/2026, Law Firm Name=Lone Star Employment Rights Group, Lead Source=Attorney Referral, Notes / Remarks=Wire initiated by attorney office; attach remittance advice and reconcile with bank statement before posting., Payer Name=Attorney Jareth Quinn, Payment Date=02/10/2026, Payment Mode=Bank Transfer, Payment Type=Payment by Attorney, Rate of Return=41, Recommended Max Funding=24500, Requested Amount=59000, Risk Level=Moderate, SMS Message Body=We need a few additional documents to move your file forward. Please coordinate uploads with your attorney. – Lumberjack Legal Finance, SMS Message Title=Documents Needed, State=Texas, Summary=Disparate discipline and demotion alleged; written warnings conflict with performance metrics; administrative charge filed; wage loss and reputational impact claimed., Underwriting Notes=Validate charge status, protected class nexus, comparator evidence, and arbitration exposure. Focus on employer policies, HR files, and pay records. Stage funding pending charge/position statement., Underwriting Tag=Charge/Comparator Review}, {Address Line 1=10 Light St, Address Line 2=Suite 1408, City=Baltimore, Date of Birth=11/18/1993, Email=pltf.kisikaw.niska.m3t7xk.0z6d@yopmail.com, First Name=Niska, Last Name=Kisikaw, Middle Name=Éloïse, Name Suffix=Jr, Phone number=4109387716, Social Security Number=752-63-1148, State=Maryland, Zip code=21202}, {Email=attorney.eloise.montpetit02@mailto.plus, First Name=Attorney Éloïse, Last Name=Montpetit, Middle Name=Graham, Name Suffix=Jr, Office phone=9897418124, Phone=9897406124}, {City=Burlington, Name=NorthStar Docketworks, Phone=8026317742, State=Vermont, Street Address 1=100 Main St, Lakefront Professional Building, Street Entrance, Street Address 2=Floor 6, Suite 6B, Delivery: Reception Window, Zip code=05401}, {Staff Email=staff.mirelia.ashmont69@mailto.plus, Staff First Name=Staff Mirelia, Staff Last Name=Ashmont, Staff Middle Name=Solene, Staff Name Suffix=Jr, Staff Office phone=4159057341, Staff Phone=4157382069}, {Bcc=qa.auditdesk@yopmail.com, Cc=verification.team@yopmail.com, Message=Hello,

We need a quick verification to move forward. Please confirm the requested details when you are available.

Regards., Subject=Verification Needed to Continue Processing, Template=None, To=orwyn.schwerdtvale4541@yopmail.com}</td>
<td></td>
<td>132</td>
<td>Enterprise_Codeclouds.Project.Enterprise.Case_Appplications@41a2befb</td></tr>
<tr>
<td title='Enterprise_Codeclouds.Project.Enterprise.Case_Appplications.Buyout_Add_and_Fees_changed_in_Revised_Contract()'><b>Buyout_Add_and_Fees_changed_in_Revised_Contract</b><br>Test class: Enterprise_Codeclouds.Project.Enterprise.Case_Appplications<br>Parameters: {Agreement Date=02/10/2026, Amount Received=19200, Application Status=In Review, Approved Amount=36000, Attorney Name=Attorney Selene Carroway, Buyout Amount=22400, Buyout Expiry Date=02/10/2030, Buyout Funder Name=Obsidian Harbor Funding Partners, Case #=523, Case Type=Breach of contract, Court Index Number=31CV-2307-BC-009405, Date of Incident=07/02/2023, Document prep fee=365, Fund transfer fee=135, Interest Start Date=02/10/2026, Law Firm Name=Tribeca Commercial Litigation Counsel, Lead Source=Broker, Notes / Remarks=Buyout payment via portal; verify receipt PDF and reference ID; match to ledger entry before closing prior funding., Payer Name=Northbridge Legal Buyout Co., Payment Date=02/10/2026, Payment Mode=Online Payment, Payment Type=Payment by Another Funder, Rate of Return=48, Recommended Max Funding=36000, Requested Amount=86000, Risk Level=Moderate-High, SMS Message Body=Your contract matter is in review while documents and pleadings are verified. – Lumberjack Legal Finance, SMS Message Title=Contract Matter In Review, State=New York, Summary=Vendor termination dispute; disputed deliverables and withheld milestone payment; claim includes replacement sourcing costs and downtime impacts; email chain shows acceptance milestones., Underwriting Notes=Confirm contract formation, change orders, acceptance criteria, and mitigation steps. Review counterclaims and collectability. Stage until pleadings filed and damages model documented., Underwriting Tag=Collectability Assessment}, {Address Line 1=1 Cambridge Center, Address Line 2=Apt 9F, City=Cambridge, Date of Birth=05/26/1989, Email=pltf.oriellyne.siobhan.y7k1pn.6h2m@yopmail.com, First Name=Siobhán, Last Name=O’Riellyne, Middle Name=Mairéad, Name Suffix=III, Phone number=6172059843, Social Security Number=764-15-3802, State=Massachusetts, Zip code=02139}, {Email=attorney.callum.kincaidrowe03@mailto.plus, First Name=Attorney Callum, Last Name=Kincaid-Rowe, Middle Name=Jasper, Name Suffix=III, Office phone=9897418125, Phone=9897406125}, {City=Portland, Name=Cascade Claimcraft Legal Studio, Phone=5032196804, State=Oregon, Street Address 1=111 SW 5th Ave, Pioneer District Office Arcade, Security Desk, Street Address 2=Suite 1740, Mail Stop OR-17, Signature Required, Zip code=97204}, {Staff Email=staff.corven.wetherby51@mailto.plus, Staff First Name=Staff Corven, Staff Last Name=Wetherby, Staff Middle Name=Bastien, Staff Name Suffix=III, Staff Office phone=6199041876, Staff Phone=6194027851}, {Bcc=qa.auditdesk@yopmail.com, Cc=case.updates@yopmail.com, Message=Hello,

This is an update regarding your case. Our team is reviewing the latest information and will share the next steps shortly.

Thanks., Subject=Case Update - Next Steps, Template=None, To=elviora.quenridge3402@yopmail.com}</td>
<td></td>
<td>132</td>
<td>Enterprise_Codeclouds.Project.Enterprise.Case_Appplications@41a2befb</td></tr>
<tr>
<td title='Enterprise_Codeclouds.Project.Enterprise.Case_Appplications.Buyout_Add_and_Fees_changed_in_Revised_Contract()'><b>Buyout_Add_and_Fees_changed_in_Revised_Contract</b><br>Test class: Enterprise_Codeclouds.Project.Enterprise.Case_Appplications<br>Parameters: {Agreement Date=02/10/2026, Amount Received=17800, Application Status=Approved, Approved Amount=21000, Attorney Name=Attorney Elowen Sable, Buyout Amount=12900, Buyout Expiry Date=02/10/2030, Buyout Funder Name=Stonegate Plaintiff Funding, Case #=527, Case Type=Negligence, Court Index Number=02CV-2404-NG-008219, Date of Incident=04/12/2024, Document prep fee=285, Fund transfer fee=100, Interest Start Date=02/10/2026, Law Firm Name=Front Range Litigation Partners, Lead Source=Broker, Notes / Remarks=Insurance payment received via portal; attach remittance and confirm final vs partial before closing ledger., Payer Name=Alpine Ridge Commercial Insurance, Payment Date=02/10/2026, Payment Mode=Online Payment, Payment Type=Payment by Insurance Company, Rate of Return=40, Recommended Max Funding=21000, Requested Amount=51500, Risk Level=Moderate, SMS Message Body=Your negligence funding is approved. We’ll coordinate agreement review with your attorney. – Lumberjack Legal Finance, SMS Message Title=Approved, State=Colorado, Summary=Construction zone signage dispute; pedestrian tripped over unmarked cable ramp; knee injury with PT; photos and witness contact info provided., Underwriting Notes=Confirm contractor scope, permits, and traffic control plan. Evidence strength depends on consistent photos/time stamps and witness statements. Stage until incident report and coverage confirmation., Underwriting Tag=Permit/Plan Review}, {Address Line 1=100 Renaissance Center, Address Line 2=Suite 2109, City=Detroit, Date of Birth=09/28/1994, Email=pltf.rahmanique.aqsa.v6r1mc.3q9w@yopmail.com, First Name=Aqsa, Last Name=Rahmanique, Middle Name=Zahra, Name Suffix=Jr, Phone number=3135812096, Social Security Number=708-31-9924, State=Michigan, Zip code=48226}, {Email=attorney.lachlan.macquarrie07@mailto.plus, First Name=Attorney Lachlan, Last Name=MacQuarrie, Middle Name=Émile, Name Suffix=Jr, Office phone=9897418129, Phone=9897406129}, {City=Worcester, Name=BayState Casebuilders, Phone=5084339261, State=Massachusetts, Street Address 1=255 Park Ave, Downtown Professional Row, Main Desk, Street Address 2=Suite 901, Mail Stop MA-09, Leave with Reception, Zip code=01609}, {Staff Email=staff.rovenna.quarryn96@mailto.plus, Staff First Name=Staff Rovenna, Staff Last Name=Quarryn, Staff Middle Name=Marin, Staff Name Suffix=Jr, Staff Office phone=7049062841, Staff Phone=7045831096}, {Bcc=qa.auditdesk@yopmail.com, Cc=records.desk@yopmail.com, Message=Hello,

This confirms your recent update has been recorded successfully. No further action is required at this moment.

Regards., Subject=Confirmation - Update Recorded Successfully, Template=None, To=aurelian.merriswold3412@yopmail.com}</td>
<td></td>
<td>132</td>
<td>Enterprise_Codeclouds.Project.Enterprise.Case_Appplications@41a2befb</td></tr>
<tr>
<td title='Enterprise_Codeclouds.Project.Enterprise.Case_Appplications.Buyout_Add_and_Fees_changed_in_Revised_Contract()'><b>Buyout_Add_and_Fees_changed_in_Revised_Contract</b><br>Test class: Enterprise_Codeclouds.Project.Enterprise.Case_Appplications<br>Parameters: {Agreement Date=02/10/2026, Amount Received=0, Application Status=In Review, Approved Amount=14500, Attorney Name=Attorney Cassian Brook, Buyout Amount=8200, Buyout Expiry Date=02/10/2030, Buyout Funder Name=Harborglint Legal Finance, Case #=528, Case Type=Property Damage, Court Index Number=09CV-2402-PD-001668, Date of Incident=02/02/2024, Document prep fee=255, Fund transfer fee=90, Interest Start Date=02/10/2026, Law Firm Name=Peachtree Claims & Coverage Counsel, Lead Source=Organic, Notes / Remarks=Deal marked lost; no payment collected; retain record for reconciliation and audit clarity., Payer Name=N/A - Lost Deal, Payment Date=02/10/2026, Payment Mode=Credit Card, Payment Type=Lost Deal, Rate of Return=37, Recommended Max Funding=14500, Requested Amount=34000, Risk Level=Moderate, SMS Message Body=We’re reviewing your property damage file and validating supporting documents. – Lumberjack Legal Finance, SMS Message Title=Property Claim In Review, State=Georgia, Summary=Water intrusion following HVAC condensate line failure; mold remediation claim and temporary lodging invoices submitted; adjuster photos attached., Underwriting Notes=Confirm repair timeline, mitigation steps, and coverage exclusions. Funding contingent on documented chronology and contractor bids., Underwriting Tag=Mitigation Timeline}, {Address Line 1=120 S 6th St, Address Line 2=Unit 1508, City=Minneapolis, Date of Birth=01/21/1991, Email=pltf.desrochere.roseline.h8d4ky.5u1p@yopmail.com, First Name=Roseline, Last Name=Desrochère, Middle Name=Océanne, Name Suffix=III, Phone number=6124598307, Social Security Number=719-54-2670, State=Minnesota, Zip code=55402}, {Email=attorney.genevieve.thibodeau08@mailto.plus, First Name=Attorney Geneviève, Last Name=Thibodeau, Middle Name=Sage, Name Suffix=III, Office phone=9897418130, Phone=9897406130}, {City=Minneapolis, Name=MillCity Docket Foundry, Phone=6125078436, State=Minnesota, Street Address 1=120 S 6th St, Skyway Commerce Plaza, North Lobby, Street Address 2=Suite 2405, Intake: Desk 2, Elevator Bank C, Zip code=55402}, {Staff Email=staff.doriane.valewood83@mailto.plus, Staff First Name=Staff Doriane, Staff Last Name=Valewood, Staff Middle Name=Noemi, Staff Name Suffix=III, Staff Office phone=6179054172, Staff Phone=6174029683}, {Bcc=qa.auditdesk@yopmail.com, Cc=quality.check@yopmail.com, Message=Hello,

We noticed an issue with the submitted information. Please review and correct it so we can continue processing.

Thanks., Subject=Issue Found - Please Review Submitted Information, Template=None, To=naviren.hearthwyn3414@yopmail.com}</td>
<td></td>
<td>131</td>
<td>Enterprise_Codeclouds.Project.Enterprise.Case_Appplications@41a2befb</td></tr>
<tr>
<td title='Enterprise_Codeclouds.Project.Enterprise.Case_Appplications.Buyout_Add_and_Fees_changed_in_Revised_Contract()'><b>Buyout_Add_and_Fees_changed_in_Revised_Contract</b><br>Test class: Enterprise_Codeclouds.Project.Enterprise.Case_Appplications<br>Parameters: {Agreement Date=02/10/2026, Amount Received=5100, Application Status=Pending Docs, Approved Amount=12000, Attorney Name=Attorney Riven Hawthorne, Buyout Amount=7200, Buyout Expiry Date=02/10/2030, Buyout Funder Name=Ironleaf Recovery Capital, Case #=526, Case Type=Workers Compensation, Court Index Number=18WC-2310-WC-005804, Date of Incident=10/03/2023, Document prep fee=245, Fund transfer fee=85, Interest Start Date=02/10/2026, Law Firm Name=Buckeye Industrial Injury Counsel, Lead Source=Other, Notes / Remarks=Cash collected and receipted; attach receipt scan and compliance note for audit trail., Payer Name=Attorney Riven Hawthorne, Payment Date=02/10/2026, Payment Mode=Cash, Payment Type=Payment by Attorney, Rate of Return=36, Recommended Max Funding=12000, Requested Amount=29500, Risk Level=Moderate, SMS Message Body=We need additional records to complete underwriting for your workers comp file. – Lumberjack Legal Finance, SMS Message Title=Documents Needed, State=Ohio, Summary=Work comp claim for shoulder strain with surgery recommendation; IME dispute noted; wage replacement delays alleged; treatment records submitted., Underwriting Notes=Confirm acceptance vs denial posture, IME findings, MMI outlook, and lien/fee priorities. Keep funding conservative until carrier position stabilizes., Underwriting Tag=IME/Carrier Position}, {Address Line 1=201 S Las Vegas Blvd, Address Line 2=Apt 1102, City=Las Vegas, Date of Birth=12/03/1988, Email=pltf.macleannor.tadhg.k2v6zu.8f0r@yopmail.com, First Name=Tadhg, Last Name=MacLeannor, Middle Name=Alasdair, Name Suffix=II, Phone number=7029145837, Social Security Number=797-62-1405, State=Nevada, Zip code=89101}, {Email=attorney.mireille.laframboise06@mailto.plus, First Name=Attorney Mireille, Last Name=Laframboise, Middle Name=Blaise, Name Suffix=II, Office phone=9897418128, Phone=9897406128}, {City=Baltimore, Name=HarborLedger Trial Office, Phone=4106821570, State=Maryland, Street Address 1=10 Light St, Inner Harbor Business Tower, West Entrance, Street Address 2=Suite 1806, Intake: Room 18C, Package Scan at Security, Zip code=21202}, {Staff Email=staff.kaelina.briarholt47@mailto.plus, Staff First Name=Staff Kaelina, Staff Last Name=Briarholt, Staff Middle Name=Odette, Staff Name Suffix=II, Staff Office phone=5129043716, Staff Phone=5126398047}, {Bcc=qa.auditdesk@yopmail.com, Cc=scheduling.desk@yopmail.com, Message=Hello,

We would like to schedule a short call to discuss next steps. Please share your preferred time window.

Thank you., Subject=Call Request - Please Share Availability, Template=None, To=ronivar.lindenmark3411@yopmail.com}</td>
<td></td>
<td>132</td>
<td>Enterprise_Codeclouds.Project.Enterprise.Case_Appplications@41a2befb</td></tr>
</table><p>
</body>
</html>