<!DOCTYPE html>

<html>
  <head>
  <meta charset='utf-8'>
  <title>TestNG reports</title>

    <link type="text/css" href="testng-reports1.css" rel="stylesheet" id="ultra" />
    <link type="text/css" href="testng-reports.css" rel="stylesheet" id="retro" disabled="false"/>
    <script type="text/javascript" src="jquery-3.6.0.min.js"></script>
    <script type="text/javascript" src="testng-reports.js"></script>
    <script type="text/javascript" src="https://www.google.com/jsapi"></script>
    <script type='text/javascript'>
      google.load('visualization', '1', {packages:['table']});
      google.setOnLoadCallback(drawTable);
      var suiteTableInitFunctions = new Array();
      var suiteTableData = new Array();
    </script>
    <!--
      <script type="text/javascript" src="jquery-ui/js/jquery-ui-1.8.16.custom.min.js"></script>
     -->
  </head>

  <body>    <div class="top-banner-root">
      <span class="top-banner-title-font">Test results</span>
      <button id="button" class="button">Switch Retro Theme</button> <!-- button -->
      <br/>
      <span class="top-banner-font-1">1 suite, 16 failed tests</span>
    </div> <!-- top-banner-root -->
    <div class="navigator-root">
      <div class="navigator-suite-header">
        <span>All suites</span>
        <a href="#" title="Collapse/expand all the suites" class="collapse-all-link">
          <img src="collapseall.gif" class="collapse-all-icon">
          </img> <!-- collapse-all-icon -->
        </a> <!-- collapse-all-link -->
      </div> <!-- navigator-suite-header -->
      <div class="suite">
        <div class="rounded-window">
          <div class="suite-header light-rounded-window-top">
            <a href="#" panel-name="suite-Default_suite" class="navigator-link">
              <span class="suite-name border-failed">Default suite</span>
            </a> <!-- navigator-link -->
          </div> <!-- suite-header light-rounded-window-top -->
          <div class="navigator-suite-content">
            <div class="suite-section-title">
              <span>Info</span>
            </div> <!-- suite-section-title -->
            <div class="suite-section-content">
              <ul>
                <li>
                  <a href="#" panel-name="test-xml-Default_suite" class="navigator-link ">
                    <span>C:\Users\CODECLOUDS-AYAN\AppData\Local\Temp\testng-eclipse-1261656557\testng-customsuite.xml</span>
                  </a> <!-- navigator-link  -->
                </li>
                <li>
                  <a href="#" panel-name="testlist-Default_suite" class="navigator-link ">
                    <span class="test-stats">1 test</span>
                  </a> <!-- navigator-link  -->
                </li>
                <li>
                  <a href="#" panel-name="group-Default_suite" class="navigator-link ">
                    <span>0 groups</span>
                  </a> <!-- navigator-link  -->
                </li>
                <li>
                  <a href="#" panel-name="times-Default_suite" class="navigator-link ">
                    <span>Times</span>
                  </a> <!-- navigator-link  -->
                </li>
                <li>
                  <a href="#" panel-name="reporter-Default_suite" class="navigator-link ">
                    <span>Reporter output</span>
                  </a> <!-- navigator-link  -->
                </li>
                <li>
                  <a href="#" panel-name="ignored-methods-Default_suite" class="navigator-link ">
                    <span>Ignored methods</span>
                  </a> <!-- navigator-link  -->
                </li>
                <li>
                  <a href="#" panel-name="chronological-Default_suite" class="navigator-link ">
                    <span>Chronological view</span>
                  </a> <!-- navigator-link  -->
                </li>
              </ul>
            </div> <!-- suite-section-content -->
            <div class="result-section">
              <div class="suite-section-title">
                <span>Results</span>
              </div> <!-- suite-section-title -->
              <div class="suite-section-content">
                <ul>
                  <li>
                    <span class="method-stats">20 methods, 16 failed,   4 passed</span>
                  </li>
                  <li>
                    <span class="method-list-title failed">Failed methods</span>
                    <span class="show-or-hide-methods failed">
                      <a href="#" panel-name="suite-Default_suite" class="hide-methods failed suite-Default_suite"> (hide)</a> <!-- hide-methods failed suite-Default_suite -->
                      <a href="#" panel-name="suite-Default_suite" class="show-methods failed suite-Default_suite"> (show)</a> <!-- show-methods failed suite-Default_suite -->
                    </span>
                    <div class="method-list-content failed suite-Default_suite">
                      <span>
                        <img src="failed.png" width="3%"/>
                        <a href="#" panel-name="suite-Default_suite" title="Enterprise_Codeclouds.Project.Enterprise.Case_Appplications" class="method navigator-link" hash-for-method="Add_case({Agreement Date=12/25/2025, Application Status=Approved, Approved Amount=30000, Attorney Name=Atty. ...)">Add_case({Agreement Date=12/25/2025, Application Status=Approved, Approved Amount=30000, Attorney Name=Atty. ...)</a> <!-- method navigator-link -->
                      </span>
                      <br/>
                      <span>
                        <img src="failed.png" width="3%"/>
                        <a href="#" panel-name="suite-Default_suite" title="Enterprise_Codeclouds.Project.Enterprise.Case_Appplications" class="method navigator-link" hash-for-method="Add_case({Agreement Date=12/25/2025, Application Status=In Review, Approved Amount=35000, Attorney Name=Atty....)">Add_case({Agreement Date=12/25/2025, Application Status=In Review, Approved Amount=35000, Attorney Name=Atty....)</a> <!-- method navigator-link -->
                      </span>
                      <br/>
                      <span>
                        <img src="failed.png" width="3%"/>
                        <a href="#" panel-name="suite-Default_suite" title="Enterprise_Codeclouds.Project.Enterprise.Case_Appplications" class="method navigator-link" hash-for-method="Add_case({Agreement Date=12/25/2025, Application Status=Approved, Approved Amount=6000, Attorney Name=Atty. R...)">Add_case({Agreement Date=12/25/2025, Application Status=Approved, Approved Amount=6000, Attorney Name=Atty. R...)</a> <!-- method navigator-link -->
                      </span>
                      <br/>
                      <span>
                        <img src="failed.png" width="3%"/>
                        <a href="#" panel-name="suite-Default_suite" title="Enterprise_Codeclouds.Project.Enterprise.Case_Appplications" class="method navigator-link" hash-for-method="Add_case({Agreement Date=12/25/2025, Application Status=Pending Docs, Approved Amount=12000, Attorney Name=At...)">Add_case({Agreement Date=12/25/2025, Application Status=Pending Docs, Approved Amount=12000, Attorney Name=At...)</a> <!-- method navigator-link -->
                      </span>
                      <br/>
                      <span>
                        <img src="failed.png" width="3%"/>
                        <a href="#" panel-name="suite-Default_suite" title="Enterprise_Codeclouds.Project.Enterprise.Case_Appplications" class="method navigator-link" hash-for-method="Add_case({Agreement Date=12/25/2025, Application Status=Approved, Approved Amount=7500, Attorney Name=Atty. O...)">Add_case({Agreement Date=12/25/2025, Application Status=Approved, Approved Amount=7500, Attorney Name=Atty. O...)</a> <!-- method navigator-link -->
                      </span>
                      <br/>
                      <span>
                        <img src="failed.png" width="3%"/>
                        <a href="#" panel-name="suite-Default_suite" title="Enterprise_Codeclouds.Project.Enterprise.Case_Appplications" class="method navigator-link" hash-for-method="Add_case({Agreement Date=12/25/2025, Application Status=Approved, Approved Amount=7000, Attorney Name=Atty. V...)">Add_case({Agreement Date=12/25/2025, Application Status=Approved, Approved Amount=7000, Attorney Name=Atty. V...)</a> <!-- method navigator-link -->
                      </span>
                      <br/>
                      <span>
                        <img src="failed.png" width="3%"/>
                        <a href="#" panel-name="suite-Default_suite" title="Enterprise_Codeclouds.Project.Enterprise.Case_Appplications" class="method navigator-link" hash-for-method="Add_case({Agreement Date=12/25/2025, Application Status=Approved, Approved Amount=11000, Attorney Name=Atty. ...)">Add_case({Agreement Date=12/25/2025, Application Status=Approved, Approved Amount=11000, Attorney Name=Atty. ...)</a> <!-- method navigator-link -->
                      </span>
                      <br/>
                      <span>
                        <img src="failed.png" width="3%"/>
                        <a href="#" panel-name="suite-Default_suite" title="Enterprise_Codeclouds.Project.Enterprise.Case_Appplications" class="method navigator-link" hash-for-method="Add_case({Agreement Date=12/25/2025, Application Status=Approved, Approved Amount=18000, Attorney Name=Atty. ...)">Add_case({Agreement Date=12/25/2025, Application Status=Approved, Approved Amount=18000, Attorney Name=Atty. ...)</a> <!-- method navigator-link -->
                      </span>
                      <br/>
                      <span>
                        <img src="failed.png" width="3%"/>
                        <a href="#" panel-name="suite-Default_suite" title="Enterprise_Codeclouds.Project.Enterprise.Case_Appplications" class="method navigator-link" hash-for-method="Add_case({Agreement Date=12/25/2025, Application Status=In Review, Approved Amount=25000, Attorney Name=Atty....)">Add_case({Agreement Date=12/25/2025, Application Status=In Review, Approved Amount=25000, Attorney Name=Atty....)</a> <!-- method navigator-link -->
                      </span>
                      <br/>
                      <span>
                        <img src="failed.png" width="3%"/>
                        <a href="#" panel-name="suite-Default_suite" title="Enterprise_Codeclouds.Project.Enterprise.Case_Appplications" class="method navigator-link" hash-for-method="Add_case({Agreement Date=12/25/2025, Application Status=In Review, Approved Amount=60000, Attorney Name=Atty....)">Add_case({Agreement Date=12/25/2025, Application Status=In Review, Approved Amount=60000, Attorney Name=Atty....)</a> <!-- method navigator-link -->
                      </span>
                      <br/>
                      <span>
                        <img src="failed.png" width="3%"/>
                        <a href="#" panel-name="suite-Default_suite" title="Enterprise_Codeclouds.Project.Enterprise.Case_Appplications" class="method navigator-link" hash-for-method="Add_case({Agreement Date=12/25/2025, Application Status=In Review, Approved Amount=30000, Attorney Name=Atty....)">Add_case({Agreement Date=12/25/2025, Application Status=In Review, Approved Amount=30000, Attorney Name=Atty....)</a> <!-- method navigator-link -->
                      </span>
                      <br/>
                      <span>
                        <img src="failed.png" width="3%"/>
                        <a href="#" panel-name="suite-Default_suite" title="Enterprise_Codeclouds.Project.Enterprise.Case_Appplications" class="method navigator-link" hash-for-method="Add_case({Agreement Date=12/25/2025, Application Status=In Review, Approved Amount=35000, Attorney Name=Atty....)">Add_case({Agreement Date=12/25/2025, Application Status=In Review, Approved Amount=35000, Attorney Name=Atty....)</a> <!-- method navigator-link -->
                      </span>
                      <br/>
                      <span>
                        <img src="failed.png" width="3%"/>
                        <a href="#" panel-name="suite-Default_suite" title="Enterprise_Codeclouds.Project.Enterprise.Case_Appplications" class="method navigator-link" hash-for-method="Add_case({Agreement Date=12/25/2025, Application Status=In Review, Approved Amount=22000, Attorney Name=Atty....)">Add_case({Agreement Date=12/25/2025, Application Status=In Review, Approved Amount=22000, Attorney Name=Atty....)</a> <!-- method navigator-link -->
                      </span>
                      <br/>
                      <span>
                        <img src="failed.png" width="3%"/>
                        <a href="#" panel-name="suite-Default_suite" title="Enterprise_Codeclouds.Project.Enterprise.Case_Appplications" class="method navigator-link" hash-for-method="Add_case({Agreement Date=12/25/2025, Application Status=Approved, Approved Amount=10000, Attorney Name=Atty. ...)">Add_case({Agreement Date=12/25/2025, Application Status=Approved, Approved Amount=10000, Attorney Name=Atty. ...)</a> <!-- method navigator-link -->
                      </span>
                      <br/>
                      <span>
                        <img src="failed.png" width="3%"/>
                        <a href="#" panel-name="suite-Default_suite" title="Enterprise_Codeclouds.Project.Enterprise.Case_Appplications" class="method navigator-link" hash-for-method="Add_case({Agreement Date=12/25/2025, Application Status=Approved, Approved Amount=9000, Attorney Name=Atty. H...)">Add_case({Agreement Date=12/25/2025, Application Status=Approved, Approved Amount=9000, Attorney Name=Atty. H...)</a> <!-- method navigator-link -->
                      </span>
                      <br/>
                      <span>
                        <img src="failed.png" width="3%"/>
                        <a href="#" panel-name="suite-Default_suite" title="Enterprise_Codeclouds.Project.Enterprise.Case_Appplications" class="method navigator-link" hash-for-method="Add_case({Agreement Date=12/25/2025, Application Status=Approved, Approved Amount=16000, Attorney Name=Atty. ...)">Add_case({Agreement Date=12/25/2025, Application Status=Approved, Approved Amount=16000, Attorney Name=Atty. ...)</a> <!-- method navigator-link -->
                      </span>
                      <br/>
                    </div> <!-- method-list-content failed suite-Default_suite -->
                  </li>
                  <li>
                    <span class="method-list-title passed">Passed methods</span>
                    <span class="show-or-hide-methods passed">
                      <a href="#" panel-name="suite-Default_suite" class="hide-methods passed suite-Default_suite"> (hide)</a> <!-- hide-methods passed suite-Default_suite -->
                      <a href="#" panel-name="suite-Default_suite" class="show-methods passed suite-Default_suite"> (show)</a> <!-- show-methods passed suite-Default_suite -->
                    </span>
                    <div class="method-list-content passed suite-Default_suite">
                      <span>
                        <img src="passed.png" width="3%"/>
                        <a href="#" panel-name="suite-Default_suite" title="Enterprise_Codeclouds.Project.Enterprise.Case_Appplications" class="method navigator-link" hash-for-method="Add_case({Agreement Date=12/25/2025, Application Status=Funded, Approved Amount=50000, Attorney Name=Atty. Ca...)">Add_case({Agreement Date=12/25/2025, Application Status=Funded, Approved Amount=50000, Attorney Name=Atty. Ca...)</a> <!-- method navigator-link -->
                      </span>
                      <br/>
                      <span>
                        <img src="passed.png" width="3%"/>
                        <a href="#" panel-name="suite-Default_suite" title="Enterprise_Codeclouds.Project.Enterprise.Case_Appplications" class="method navigator-link" hash-for-method="Add_case({Agreement Date=12/25/2025, Application Status=Approved, Approved Amount=16000, Attorney Name=Atty. ...)">Add_case({Agreement Date=12/25/2025, Application Status=Approved, Approved Amount=16000, Attorney Name=Atty. ...)</a> <!-- method navigator-link -->
                      </span>
                      <br/>
                      <span>
                        <img src="passed.png" width="3%"/>
                        <a href="#" panel-name="suite-Default_suite" title="Enterprise_Codeclouds.Project.Enterprise.Case_Appplications" class="method navigator-link" hash-for-method="Add_case({Agreement Date=12/25/2025, Application Status=Approved, Approved Amount=12000, Attorney Name=Atty. ...)">Add_case({Agreement Date=12/25/2025, Application Status=Approved, Approved Amount=12000, Attorney Name=Atty. ...)</a> <!-- method navigator-link -->
                      </span>
                      <br/>
                      <span>
                        <img src="passed.png" width="3%"/>
                        <a href="#" panel-name="suite-Default_suite" title="Enterprise_Codeclouds.Project.Enterprise.Case_Appplications" class="method navigator-link" hash-for-method="Add_case({Agreement Date=12/25/2025, Application Status=Approved, Approved Amount=14000, Attorney Name=Atty. ...)">Add_case({Agreement Date=12/25/2025, Application Status=Approved, Approved Amount=14000, Attorney Name=Atty. ...)</a> <!-- method navigator-link -->
                      </span>
                      <br/>
                    </div> <!-- method-list-content passed suite-Default_suite -->
                  </li>
                </ul>
              </div> <!-- suite-section-content -->
            </div> <!-- result-section -->
          </div> <!-- navigator-suite-content -->
        </div> <!-- rounded-window -->
      </div> <!-- suite -->
    </div> <!-- navigator-root -->
    <div class="wrapper">
      <div class="main-panel-root">
        <div panel-name="suite-Default_suite" class="panel Default_suite">
          <div class="suite-Default_suite-class-failed">
            <div class="main-panel-header rounded-window-top">
              <img src="failed.png"/>
              <span class="class-name">Enterprise_Codeclouds.Project.Enterprise.Case_Appplications</span>
            </div> <!-- main-panel-header rounded-window-top -->
            <div class="main-panel-content rounded-window-bottom">
              <div class="method">
                <div class="method-content">
                  <a name="Add_case({Agreement Date=12/25/2025, Application Status=Approved, Approved Amount=30000, Attorney Name=Atty. ...)">
                  </a> <!-- Add_case({Agreement Date=12/25/2025, Application Status=Approved, Approved Amount=30000, Attorney Name=Atty. ...) -->
                  <span class="method-name">Add_case</span>
                  <span class="parameters">({Agreement Date=12/25/2025, Application Status=Approved, Approved Amount=30000, Attorney Name=Atty. Michael Turner, Buyout Amount=18000, Buyout Expiry Date=12/25/2028, Buyout Funder Name=Pioneer Plaintiff Finance, Case #=10, Case Type=Construction Accident, Court Index Number=05CV-2308-CA-000958, Date of Incident=08/11/2023, Document prep fee=280, Fund transfer fee=95, Interest Start Date=12/25/2025, Law Firm Name=Turner & Cole Construction Law, Lead Source=Attorney Referral, Plaintiff Address One=450 Ridgecrest Dr, Plaintiff Address Two=Grand Rapids, MI 49504, Plaintiff Email=samuel.donovan@plaintiffmail.com, Plaintiff Name=Samuel Bryce Donovan, Plaintiff Phone Number=555-201-0010, Rate of Return=39, Recommended Max Funding=30000, Requested Amount=55000, Risk Level=Moderate, SMS Message Body=Hi Samuel, your construction accident funding request has been approved for up to $30,000. Your attorney will review the agreement with you so we can move forward with funding. – Lumberjack Legal Finance, SMS Message Title=Construction Accident Funding Approved, State=Michigan, Summary=Scaffolding collapse from improperly secured cross-bracing; fall to concrete; fractures to ankle and wrist; ankle surgery with hardware., Underwriting Notes=Third-party construction claim with clear unsafe condition and objective fractures. Need incident and OSHA reports, subcontractor contracts and indemnity clauses, and full surgical records. Workers comp lien effect must be modeled. Given surgery and future arthritis risk, recommend staged funding up to 25–30k after suit filing and coverage mapping.},{Address Line 1=350 7th Ave, Address Line 2=Apt 19A, Date of Birth=10/21/1994, Email=sophie.fontaine@mailto.plus, First Name=Sophie, Last Name=Fontaine, Middle Name=Nadine, Name Suffix=Jr, Phone number=646-555-0184, Social Security Number=582-14-9976, State=New York, Zip code=10001})</span>
                  <div class="stack-trace">org.openqa.selenium.TimeoutException: Expected condition failed: waiting for visibility of Proxy element for: DefaultElementLocator &apos;By.xpath: (//div[@class=&apos;rc-virtual-list&apos;])[2]&apos; (tried for 10 second(s) with 500 milliseconds interval)
	at org.openqa.selenium.support.ui.WebDriverWait.timeoutException(WebDriverWait.java:84)
	at org.openqa.selenium.support.ui.FluentWait.until(FluentWait.java:228)
	at Repeatative_codes.Repeat.wait_for_theElement(Repeat.java:40)
	at Locaters.Application_Locaters.Incident_type_dropdown(Application_Locaters.java:116)
	at Enterprise_Codeclouds.Project.Enterprise.Case_Appplications.Add_case(Case_Appplications.java:75)
	at java.base/jdk.internal.reflect.DirectMethodHandleAccessor.invoke(DirectMethodHandleAccessor.java:103)
	at java.base/java.lang.reflect.Method.invoke(Method.java:580)
	at org.testng.internal.invokers.MethodInvocationHelper.invokeMethod(MethodInvocationHelper.java:141)
	at org.testng.internal.invokers.TestInvoker.invokeMethod(TestInvoker.java:687)
	at org.testng.internal.invokers.TestInvoker.invokeTestMethod(TestInvoker.java:230)
	at org.testng.internal.invokers.MethodRunner.runInSequence(MethodRunner.java:63)
	at org.testng.internal.invokers.TestInvoker$MethodInvocationAgent.invoke(TestInvoker.java:995)
	at org.testng.internal.invokers.TestInvoker.invokeTestMethods(TestInvoker.java:203)
	at org.testng.internal.invokers.TestMethodWorker.invokeTestMethods(TestMethodWorker.java:154)
	at org.testng.internal.invokers.TestMethodWorker.run(TestMethodWorker.java:134)
	at java.base/java.util.ArrayList.forEach(ArrayList.java:1596)
	at org.testng.TestRunner.privateRun(TestRunner.java:741)
	at org.testng.TestRunner.run(TestRunner.java:616)
	at org.testng.SuiteRunner.runTest(SuiteRunner.java:421)
	at org.testng.SuiteRunner.runSequentially(SuiteRunner.java:413)
	at org.testng.SuiteRunner.privateRun(SuiteRunner.java:373)
	at org.testng.SuiteRunner.run(SuiteRunner.java:312)
	at org.testng.SuiteRunnerWorker.runSuite(SuiteRunnerWorker.java:52)
	at org.testng.SuiteRunnerWorker.run(SuiteRunnerWorker.java:95)
	at org.testng.TestNG.runSuitesSequentially(TestNG.java:1274)
	at org.testng.TestNG.runSuitesLocally(TestNG.java:1208)
	at org.testng.TestNG.runSuites(TestNG.java:1112)
	at org.testng.TestNG.run(TestNG.java:1079)
	at org.testng.remote.AbstractRemoteTestNG.run(AbstractRemoteTestNG.java:115)
	at org.testng.remote.RemoteTestNG.initAndRun(RemoteTestNG.java:293)
	at org.testng.remote.RemoteTestNG.main(RemoteTestNG.java:91)
Caused by: org.openqa.selenium.NoSuchElementException: no such element: Unable to locate element: {&quot;method&quot;:&quot;xpath&quot;,&quot;selector&quot;:&quot;(//div[@class=&apos;rc-virtual-list&apos;])[2]&quot;}
  (Session info: chrome=143.0.7499.42)
For documentation on this error, please visit: https://www.selenium.dev/documentation/webdriver/troubleshooting/errors#no-such-element-exception
Build info: version: &apos;4.33.0&apos;, revision: &apos;2c6aaad03a&apos;
System info: os.name: &apos;Windows 11&apos;, os.arch: &apos;amd64&apos;, os.version: &apos;10.0&apos;, java.version: &apos;21.0.9&apos;
Driver info: org.openqa.selenium.chrome.ChromeDriver
Command: [6c46bc563dc857b437a4e9e28f2d9e2e, findElement {value=(//div[@class=&apos;rc-virtual-list&apos;])[2], using=xpath}]
Capabilities {acceptInsecureCerts: false, browserName: chrome, browserVersion: 143.0.7499.42, chrome: {chromedriverVersion: 143.0.7499.146 (c1224fc40c9..., userDataDir: C:\Users\CODECL~1\AppData\L...}, fedcm:accounts: true, goog:chromeOptions: {debuggerAddress: localhost:63047}, goog:processID: 7900, networkConnectionEnabled: false, pageLoadStrategy: normal, platformName: windows, proxy: Proxy(), se:cdp: ws://localhost:63047/devtoo..., se:cdpVersion: 143.0.7499.42, setWindowRect: true, strictFileInteractability: false, timeouts: {implicit: 0, pageLoad: 300000, script: 30000}, unhandledPromptBehavior: dismiss and notify, webauthn:extension:credBlob: true, webauthn:extension:largeBlob: true, webauthn:extension:minPinLength: true, webauthn:extension:prf: true, webauthn:virtualAuthenticators: true}
Session ID: 6c46bc563dc857b437a4e9e28f2d9e2e
	at java.base/jdk.internal.reflect.DirectConstructorHandleAccessor.newInstance(DirectConstructorHandleAccessor.java:62)
	at java.base/java.lang.reflect.Constructor.newInstanceWithCaller(Constructor.java:502)
	at java.base/java.lang.reflect.Constructor.newInstance(Constructor.java:486)
	at org.openqa.selenium.remote.ErrorCodec.decode(ErrorCodec.java:167)
	at org.openqa.selenium.remote.codec.w3c.W3CHttpResponseCodec.decode(W3CHttpResponseCodec.java:138)
	at org.openqa.selenium.remote.codec.w3c.W3CHttpResponseCodec.decode(W3CHttpResponseCodec.java:50)
	at org.openqa.selenium.remote.HttpCommandExecutor.execute(HttpCommandExecutor.java:215)
	at org.openqa.selenium.remote.service.DriverCommandExecutor.invokeExecute(DriverCommandExecutor.java:216)
	at org.openqa.selenium.remote.service.DriverCommandExecutor.execute(DriverCommandExecutor.java:174)
	at org.openqa.selenium.remote.RemoteWebDriver.execute(RemoteWebDriver.java:544)
	at org.openqa.selenium.remote.ElementLocation$ElementFinder$2.findElement(ElementLocation.java:165)
	at org.openqa.selenium.remote.ElementLocation.findElement(ElementLocation.java:59)
	at org.openqa.selenium.remote.RemoteWebDriver.findElement(RemoteWebDriver.java:367)
	at org.openqa.selenium.remote.RemoteWebDriver.findElement(RemoteWebDriver.java:361)
	at org.openqa.selenium.support.pagefactory.DefaultElementLocator.findElement(DefaultElementLocator.java:68)
	at org.openqa.selenium.support.pagefactory.internal.LocatingElementHandler.invoke(LocatingElementHandler.java:38)
	at jdk.proxy2/jdk.proxy2.$Proxy17.isDisplayed(Unknown Source)
	at org.openqa.selenium.support.ui.ExpectedConditions.elementIfVisible(ExpectedConditions.java:304)
	at org.openqa.selenium.support.ui.ExpectedConditions$10.apply(ExpectedConditions.java:290)
	at org.openqa.selenium.support.ui.ExpectedConditions$10.apply(ExpectedConditions.java:287)
	at org.openqa.selenium.support.ui.FluentWait.until(FluentWait.java:203)
	... 29 more

</div> <!-- stack-trace -->
                </div> <!-- method-content -->
              </div> <!-- method -->
              <div class="method">
                <div class="method-content">
                  <a name="Add_case({Agreement Date=12/25/2025, Application Status=In Review, Approved Amount=35000, Attorney Name=Atty....)">
                  </a> <!-- Add_case({Agreement Date=12/25/2025, Application Status=In Review, Approved Amount=35000, Attorney Name=Atty....) -->
                  <span class="method-name">Add_case</span>
                  <span class="parameters">({Agreement Date=12/25/2025, Application Status=In Review, Approved Amount=35000, Attorney Name=Atty. Laura Mitchell, Buyout Amount=22000, Buyout Expiry Date=12/25/2028, Buyout Funder Name=Pioneer Plaintiff Finance, Case #=14, Case Type=Products Liability, Court Index Number=16L04-2202-PL-000519, Date of Incident=02/10/2022, Document prep fee=310, Fund transfer fee=105, Interest Start Date=12/25/2025, Law Firm Name=Mitchell & Brooks Product Safety, Lead Source=Co-Counsel Referral, Plaintiff Address One=725 Harbor Point Dr, Plaintiff Address Two=Waukegan, IL 60085, Plaintiff Email=connor.whitaker@plaintiffmail.com, Plaintiff Name=Connor Dean Whitaker, Plaintiff Phone Number=555-201-0014, Rate of Return=42, Recommended Max Funding=35000, Requested Amount=75000, Risk Level=Moderate, SMS Message Body=Hi Connor, your e-cigarette battery explosion funding request is in technical review due to product-liability issues. We will confirm the approved amount after engineering and legal assessments are complete. – Lumberjack Legal Finance, SMS Message Title=E-Cig Explosion Case – Review, State=Illinois, Summary=Commercial e-cigarette battery overheated and exploded; second-degree burns and shrapnel-type injuries to hand and chest; visible scarring., Underwriting Notes=Lithium-ion battery explosion claim; success depends on product preservation and expert proof of defect or inadequate warning. Visible scarring and time off a customer-facing job support damages but litigation is technical and expensive. Need proof of purchase, chain of custody, prior-incident or recall data and a battery expert. With that infrastructure, 30–35k staged funding is justified.},{Address Line 1=909 Poydras St, Address Line 2=Apt 7E, Date of Birth=12/09/1993, Email=clara.morel@mailto.plus, First Name=Clara, Last Name=Morel, Middle Name=Isabelle, Name Suffix=II, Phone number=504-555-0106, Social Security Number=593-21-7704, State=Louisiana, Zip code=70112})</span>
                  <div class="stack-trace">org.openqa.selenium.TimeoutException: Expected condition failed: waiting for visibility of Proxy element for: DefaultElementLocator &apos;By.xpath: (//div[@class=&apos;rc-virtual-list&apos;])[4]&apos; (tried for 10 second(s) with 500 milliseconds interval)
	at org.openqa.selenium.support.ui.WebDriverWait.timeoutException(WebDriverWait.java:84)
	at org.openqa.selenium.support.ui.FluentWait.until(FluentWait.java:228)
	at Repeatative_codes.Repeat.wait_for_theElement(Repeat.java:40)
	at Locaters.Application_Locaters.Lead_Type_dropdown(Application_Locaters.java:149)
	at Enterprise_Codeclouds.Project.Enterprise.Case_Appplications.Add_case(Case_Appplications.java:94)
	at java.base/jdk.internal.reflect.DirectMethodHandleAccessor.invoke(DirectMethodHandleAccessor.java:103)
	at java.base/java.lang.reflect.Method.invoke(Method.java:580)
	at org.testng.internal.invokers.MethodInvocationHelper.invokeMethod(MethodInvocationHelper.java:141)
	at org.testng.internal.invokers.TestInvoker.invokeMethod(TestInvoker.java:687)
	at org.testng.internal.invokers.TestInvoker.invokeTestMethod(TestInvoker.java:230)
	at org.testng.internal.invokers.MethodRunner.runInSequence(MethodRunner.java:63)
	at org.testng.internal.invokers.TestInvoker$MethodInvocationAgent.invoke(TestInvoker.java:995)
	at org.testng.internal.invokers.TestInvoker.invokeTestMethods(TestInvoker.java:203)
	at org.testng.internal.invokers.TestMethodWorker.invokeTestMethods(TestMethodWorker.java:154)
	at org.testng.internal.invokers.TestMethodWorker.run(TestMethodWorker.java:134)
	at java.base/java.util.ArrayList.forEach(ArrayList.java:1596)
	at org.testng.TestRunner.privateRun(TestRunner.java:741)
	at org.testng.TestRunner.run(TestRunner.java:616)
	at org.testng.SuiteRunner.runTest(SuiteRunner.java:421)
	at org.testng.SuiteRunner.runSequentially(SuiteRunner.java:413)
	at org.testng.SuiteRunner.privateRun(SuiteRunner.java:373)
	at org.testng.SuiteRunner.run(SuiteRunner.java:312)
	at org.testng.SuiteRunnerWorker.runSuite(SuiteRunnerWorker.java:52)
	at org.testng.SuiteRunnerWorker.run(SuiteRunnerWorker.java:95)
	at org.testng.TestNG.runSuitesSequentially(TestNG.java:1274)
	at org.testng.TestNG.runSuitesLocally(TestNG.java:1208)
	at org.testng.TestNG.runSuites(TestNG.java:1112)
	at org.testng.TestNG.run(TestNG.java:1079)
	at org.testng.remote.AbstractRemoteTestNG.run(AbstractRemoteTestNG.java:115)
	at org.testng.remote.RemoteTestNG.initAndRun(RemoteTestNG.java:293)
	at org.testng.remote.RemoteTestNG.main(RemoteTestNG.java:91)
Caused by: org.openqa.selenium.NoSuchElementException: no such element: Unable to locate element: {&quot;method&quot;:&quot;xpath&quot;,&quot;selector&quot;:&quot;(//div[@class=&apos;rc-virtual-list&apos;])[4]&quot;}
  (Session info: chrome=143.0.7499.42)
For documentation on this error, please visit: https://www.selenium.dev/documentation/webdriver/troubleshooting/errors#no-such-element-exception
Build info: version: &apos;4.33.0&apos;, revision: &apos;2c6aaad03a&apos;
System info: os.name: &apos;Windows 11&apos;, os.arch: &apos;amd64&apos;, os.version: &apos;10.0&apos;, java.version: &apos;21.0.9&apos;
Driver info: org.openqa.selenium.chrome.ChromeDriver
Command: [7d3220acf473421c10e68c2fa09a12b5, findElement {value=(//div[@class=&apos;rc-virtual-list&apos;])[4], using=xpath}]
Capabilities {acceptInsecureCerts: false, browserName: chrome, browserVersion: 143.0.7499.42, chrome: {chromedriverVersion: 143.0.7499.146 (c1224fc40c9..., userDataDir: C:\Users\CODECL~1\AppData\L...}, fedcm:accounts: true, goog:chromeOptions: {debuggerAddress: localhost:52207}, goog:processID: 17656, networkConnectionEnabled: false, pageLoadStrategy: normal, platformName: windows, proxy: Proxy(), se:cdp: ws://localhost:52207/devtoo..., se:cdpVersion: 143.0.7499.42, setWindowRect: true, strictFileInteractability: false, timeouts: {implicit: 0, pageLoad: 300000, script: 30000}, unhandledPromptBehavior: dismiss and notify, webauthn:extension:credBlob: true, webauthn:extension:largeBlob: true, webauthn:extension:minPinLength: true, webauthn:extension:prf: true, webauthn:virtualAuthenticators: true}
Session ID: 7d3220acf473421c10e68c2fa09a12b5
	at java.base/jdk.internal.reflect.DirectConstructorHandleAccessor.newInstance(DirectConstructorHandleAccessor.java:62)
	at java.base/java.lang.reflect.Constructor.newInstanceWithCaller(Constructor.java:502)
	at java.base/java.lang.reflect.Constructor.newInstance(Constructor.java:486)
	at org.openqa.selenium.remote.ErrorCodec.decode(ErrorCodec.java:167)
	at org.openqa.selenium.remote.codec.w3c.W3CHttpResponseCodec.decode(W3CHttpResponseCodec.java:138)
	at org.openqa.selenium.remote.codec.w3c.W3CHttpResponseCodec.decode(W3CHttpResponseCodec.java:50)
	at org.openqa.selenium.remote.HttpCommandExecutor.execute(HttpCommandExecutor.java:215)
	at org.openqa.selenium.remote.service.DriverCommandExecutor.invokeExecute(DriverCommandExecutor.java:216)
	at org.openqa.selenium.remote.service.DriverCommandExecutor.execute(DriverCommandExecutor.java:174)
	at org.openqa.selenium.remote.RemoteWebDriver.execute(RemoteWebDriver.java:544)
	at org.openqa.selenium.remote.ElementLocation$ElementFinder$2.findElement(ElementLocation.java:165)
	at org.openqa.selenium.remote.ElementLocation.findElement(ElementLocation.java:59)
	at org.openqa.selenium.remote.RemoteWebDriver.findElement(RemoteWebDriver.java:367)
	at org.openqa.selenium.remote.RemoteWebDriver.findElement(RemoteWebDriver.java:361)
	at org.openqa.selenium.support.pagefactory.DefaultElementLocator.findElement(DefaultElementLocator.java:68)
	at org.openqa.selenium.support.pagefactory.internal.LocatingElementHandler.invoke(LocatingElementHandler.java:38)
	at jdk.proxy2/jdk.proxy2.$Proxy17.isDisplayed(Unknown Source)
	at org.openqa.selenium.support.ui.ExpectedConditions.elementIfVisible(ExpectedConditions.java:304)
	at org.openqa.selenium.support.ui.ExpectedConditions$10.apply(ExpectedConditions.java:290)
	at org.openqa.selenium.support.ui.ExpectedConditions$10.apply(ExpectedConditions.java:287)
	at org.openqa.selenium.support.ui.FluentWait.until(FluentWait.java:203)
	... 29 more

</div> <!-- stack-trace -->
                </div> <!-- method-content -->
              </div> <!-- method -->
              <div class="method">
                <div class="method-content">
                  <a name="Add_case({Agreement Date=12/25/2025, Application Status=Approved, Approved Amount=6000, Attorney Name=Atty. R...)">
                  </a> <!-- Add_case({Agreement Date=12/25/2025, Application Status=Approved, Approved Amount=6000, Attorney Name=Atty. R...) -->
                  <span class="method-name">Add_case</span>
                  <span class="parameters">({Agreement Date=12/25/2025, Application Status=Approved, Approved Amount=6000, Attorney Name=Atty. Rachel Ortiz, Buyout Amount=3000, Buyout Expiry Date=12/25/2028, Buyout Funder Name=Summit Legal Funding, Case #=11, Case Type=Dog Bite, Court Index Number=21CV-2409-PR-000423, Date of Incident=09/16/2024, Document prep fee=190, Fund transfer fee=55, Interest Start Date=12/25/2025, Law Firm Name=Ortiz & Brown Injury Counsel, Lead Source=Direct Plaintiff Call, Plaintiff Address One=221 Cedar Glen Ln, Plaintiff Address Two=Toledo, OH 43614, Plaintiff Email=owen.mills@plaintiffmail.com, Plaintiff Name=Owen Parker Mills, Plaintiff Phone Number=555-201-0011, Rate of Return=32, Recommended Max Funding=6000, Requested Amount=10000, Risk Level=Low-Moderate, SMS Message Body=Hi Owen, we’ve approved funding up to $6,000 for your dog bite case. Your parent/guardian and attorney will receive the agreement to review and sign before funds are released. – Lumberjack Legal Finance, SMS Message Title=Dog Bite Case Funding Approved, State=Ohio, Summary=Eight-year-old child bitten on cheek and forearm by neighbors aggressive dog; stitches, plastic-surgery follow-up and nightmares., Underwriting Notes=Child plaintiff with facial scarring and emotional trauma presents well if homeowners coverage is available. Need animal-control report, prior-bite history, photos and plastic-surgery opinion on future care and scarring. Overall value moderate but credible; 5–6k funding is appropriate, with room for small increase if revision surgery is likely.},{Address Line 1=1600 California St, Address Line 2=Suite 900, Date of Birth=08/12/1991, Email=leon.becker@mailto.plus, First Name=Leon, Last Name=Becker, Middle Name=Matthias, Name Suffix=III, Phone number=303-555-0149, Social Security Number=309-67-2148, State=Colorado, Zip code=80202})</span>
                  <div class="stack-trace">org.openqa.selenium.TimeoutException: Expected condition failed: waiting for visibility of Proxy element for: DefaultElementLocator &apos;By.xpath: (//div[@class=&apos;rc-virtual-list&apos;])[4]&apos; (tried for 10 second(s) with 500 milliseconds interval)
	at org.openqa.selenium.support.ui.WebDriverWait.timeoutException(WebDriverWait.java:84)
	at org.openqa.selenium.support.ui.FluentWait.until(FluentWait.java:228)
	at Repeatative_codes.Repeat.wait_for_theElement(Repeat.java:40)
	at Locaters.Application_Locaters.Lead_Type_dropdown(Application_Locaters.java:149)
	at Enterprise_Codeclouds.Project.Enterprise.Case_Appplications.Add_case(Case_Appplications.java:94)
	at java.base/jdk.internal.reflect.DirectMethodHandleAccessor.invoke(DirectMethodHandleAccessor.java:103)
	at java.base/java.lang.reflect.Method.invoke(Method.java:580)
	at org.testng.internal.invokers.MethodInvocationHelper.invokeMethod(MethodInvocationHelper.java:141)
	at org.testng.internal.invokers.TestInvoker.invokeMethod(TestInvoker.java:687)
	at org.testng.internal.invokers.TestInvoker.invokeTestMethod(TestInvoker.java:230)
	at org.testng.internal.invokers.MethodRunner.runInSequence(MethodRunner.java:63)
	at org.testng.internal.invokers.TestInvoker$MethodInvocationAgent.invoke(TestInvoker.java:995)
	at org.testng.internal.invokers.TestInvoker.invokeTestMethods(TestInvoker.java:203)
	at org.testng.internal.invokers.TestMethodWorker.invokeTestMethods(TestMethodWorker.java:154)
	at org.testng.internal.invokers.TestMethodWorker.run(TestMethodWorker.java:134)
	at java.base/java.util.ArrayList.forEach(ArrayList.java:1596)
	at org.testng.TestRunner.privateRun(TestRunner.java:741)
	at org.testng.TestRunner.run(TestRunner.java:616)
	at org.testng.SuiteRunner.runTest(SuiteRunner.java:421)
	at org.testng.SuiteRunner.runSequentially(SuiteRunner.java:413)
	at org.testng.SuiteRunner.privateRun(SuiteRunner.java:373)
	at org.testng.SuiteRunner.run(SuiteRunner.java:312)
	at org.testng.SuiteRunnerWorker.runSuite(SuiteRunnerWorker.java:52)
	at org.testng.SuiteRunnerWorker.run(SuiteRunnerWorker.java:95)
	at org.testng.TestNG.runSuitesSequentially(TestNG.java:1274)
	at org.testng.TestNG.runSuitesLocally(TestNG.java:1208)
	at org.testng.TestNG.runSuites(TestNG.java:1112)
	at org.testng.TestNG.run(TestNG.java:1079)
	at org.testng.remote.AbstractRemoteTestNG.run(AbstractRemoteTestNG.java:115)
	at org.testng.remote.RemoteTestNG.initAndRun(RemoteTestNG.java:293)
	at org.testng.remote.RemoteTestNG.main(RemoteTestNG.java:91)
Caused by: org.openqa.selenium.NoSuchElementException: no such element: Unable to locate element: {&quot;method&quot;:&quot;xpath&quot;,&quot;selector&quot;:&quot;(//div[@class=&apos;rc-virtual-list&apos;])[4]&quot;}
  (Session info: chrome=143.0.7499.42)
For documentation on this error, please visit: https://www.selenium.dev/documentation/webdriver/troubleshooting/errors#no-such-element-exception
Build info: version: &apos;4.33.0&apos;, revision: &apos;2c6aaad03a&apos;
System info: os.name: &apos;Windows 11&apos;, os.arch: &apos;amd64&apos;, os.version: &apos;10.0&apos;, java.version: &apos;21.0.9&apos;
Driver info: org.openqa.selenium.chrome.ChromeDriver
Command: [5dc472e1b8e917fddda9d5be7c8ffce6, findElement {value=(//div[@class=&apos;rc-virtual-list&apos;])[4], using=xpath}]
Capabilities {acceptInsecureCerts: false, browserName: chrome, browserVersion: 143.0.7499.42, chrome: {chromedriverVersion: 143.0.7499.146 (c1224fc40c9..., userDataDir: C:\Users\CODECL~1\AppData\L...}, fedcm:accounts: true, goog:chromeOptions: {debuggerAddress: localhost:59278}, goog:processID: 11832, networkConnectionEnabled: false, pageLoadStrategy: normal, platformName: windows, proxy: Proxy(), se:cdp: ws://localhost:59278/devtoo..., se:cdpVersion: 143.0.7499.42, setWindowRect: true, strictFileInteractability: false, timeouts: {implicit: 0, pageLoad: 300000, script: 30000}, unhandledPromptBehavior: dismiss and notify, webauthn:extension:credBlob: true, webauthn:extension:largeBlob: true, webauthn:extension:minPinLength: true, webauthn:extension:prf: true, webauthn:virtualAuthenticators: true}
Session ID: 5dc472e1b8e917fddda9d5be7c8ffce6
	at java.base/jdk.internal.reflect.DirectConstructorHandleAccessor.newInstance(DirectConstructorHandleAccessor.java:62)
	at java.base/java.lang.reflect.Constructor.newInstanceWithCaller(Constructor.java:502)
	at java.base/java.lang.reflect.Constructor.newInstance(Constructor.java:486)
	at org.openqa.selenium.remote.ErrorCodec.decode(ErrorCodec.java:167)
	at org.openqa.selenium.remote.codec.w3c.W3CHttpResponseCodec.decode(W3CHttpResponseCodec.java:138)
	at org.openqa.selenium.remote.codec.w3c.W3CHttpResponseCodec.decode(W3CHttpResponseCodec.java:50)
	at org.openqa.selenium.remote.HttpCommandExecutor.execute(HttpCommandExecutor.java:215)
	at org.openqa.selenium.remote.service.DriverCommandExecutor.invokeExecute(DriverCommandExecutor.java:216)
	at org.openqa.selenium.remote.service.DriverCommandExecutor.execute(DriverCommandExecutor.java:174)
	at org.openqa.selenium.remote.RemoteWebDriver.execute(RemoteWebDriver.java:544)
	at org.openqa.selenium.remote.ElementLocation$ElementFinder$2.findElement(ElementLocation.java:165)
	at org.openqa.selenium.remote.ElementLocation.findElement(ElementLocation.java:59)
	at org.openqa.selenium.remote.RemoteWebDriver.findElement(RemoteWebDriver.java:367)
	at org.openqa.selenium.remote.RemoteWebDriver.findElement(RemoteWebDriver.java:361)
	at org.openqa.selenium.support.pagefactory.DefaultElementLocator.findElement(DefaultElementLocator.java:68)
	at org.openqa.selenium.support.pagefactory.internal.LocatingElementHandler.invoke(LocatingElementHandler.java:38)
	at jdk.proxy2/jdk.proxy2.$Proxy17.isDisplayed(Unknown Source)
	at org.openqa.selenium.support.ui.ExpectedConditions.elementIfVisible(ExpectedConditions.java:304)
	at org.openqa.selenium.support.ui.ExpectedConditions$10.apply(ExpectedConditions.java:290)
	at org.openqa.selenium.support.ui.ExpectedConditions$10.apply(ExpectedConditions.java:287)
	at org.openqa.selenium.support.ui.FluentWait.until(FluentWait.java:203)
	... 29 more

</div> <!-- stack-trace -->
                </div> <!-- method-content -->
              </div> <!-- method -->
              <div class="method">
                <div class="method-content">
                  <a name="Add_case({Agreement Date=12/25/2025, Application Status=Pending Docs, Approved Amount=12000, Attorney Name=At...)">
                  </a> <!-- Add_case({Agreement Date=12/25/2025, Application Status=Pending Docs, Approved Amount=12000, Attorney Name=At...) -->
                  <span class="method-name">Add_case</span>
                  <span class="parameters">({Agreement Date=12/25/2025, Application Status=Pending Docs, Approved Amount=12000, Attorney Name=Atty. Brian Mercer, Buyout Amount=9000, Buyout Expiry Date=12/25/2028, Buyout Funder Name=Liberty Legal Funding, Case #=4, Case Type=Workplace Injury, Court Index Number=03WC-2306-IN-002764, Date of Incident=06/21/2023, Document prep fee=225, Fund transfer fee=70, Interest Start Date=12/25/2025, Law Firm Name=Mercer & Lane Workplace Law, Lead Source=Union Referral, Plaintiff Address One=2150 E Grand Blvd, Plaintiff Address Two=Detroit, MI 48211, Plaintiff Email=noah.corbett@plaintiffmail.com, Plaintiff Name=Noah James Corbett, Plaintiff Phone Number=555-201-0004, Rate of Return=34, Recommended Max Funding=12000, Requested Amount=30000, Risk Level=Moderate, SMS Message Body=Hi Noah, we’re almost ready to finalize your workplace injury funding. Please ask your attorney to upload your latest wage records and workers’ comp documents so we can complete approval. – Lumberjack Legal Finance, SMS Message Title=Documents Required, State=Michigan, Summary=Warehouse forklift struck from behind by coworker; low-back strain with radiating pain; conservative care and restricted duty., Underwriting Notes=Good mechanism but exposure may be mostly workers comp unless there is a viable third-party defendant. Need clarity on comp benefits, separate negligence claim, contracts and lien amounts. If comp-only, funding should be modest; with a strong third-party case and coverage, 10–12k is reasonable.},{Address Line 1=700 Ala Moana Blvd, Address Line 2=Floor 3, Date of Birth=04/02/1992, Email=hannah.fischer@mailto.plus, First Name=Hannah, Last Name=Fischer, Middle Name=Elise, Name Suffix=IV, Phone number=808-555-0133, Social Security Number=619-05-4412, State=Hawaii, Zip code=96813})</span>
                  <div class="stack-trace">org.openqa.selenium.TimeoutException: Expected condition failed: waiting for visibility of Proxy element for: DefaultElementLocator &apos;By.xpath: (//div[@class=&apos;rc-virtual-list&apos;])[2]&apos; (tried for 10 second(s) with 500 milliseconds interval)
	at org.openqa.selenium.support.ui.WebDriverWait.timeoutException(WebDriverWait.java:84)
	at org.openqa.selenium.support.ui.FluentWait.until(FluentWait.java:228)
	at Repeatative_codes.Repeat.wait_for_theElement(Repeat.java:40)
	at Locaters.Application_Locaters.Incident_type_dropdown(Application_Locaters.java:116)
	at Enterprise_Codeclouds.Project.Enterprise.Case_Appplications.Add_case(Case_Appplications.java:75)
	at java.base/jdk.internal.reflect.DirectMethodHandleAccessor.invoke(DirectMethodHandleAccessor.java:103)
	at java.base/java.lang.reflect.Method.invoke(Method.java:580)
	at org.testng.internal.invokers.MethodInvocationHelper.invokeMethod(MethodInvocationHelper.java:141)
	at org.testng.internal.invokers.TestInvoker.invokeMethod(TestInvoker.java:687)
	at org.testng.internal.invokers.TestInvoker.invokeTestMethod(TestInvoker.java:230)
	at org.testng.internal.invokers.MethodRunner.runInSequence(MethodRunner.java:63)
	at org.testng.internal.invokers.TestInvoker$MethodInvocationAgent.invoke(TestInvoker.java:995)
	at org.testng.internal.invokers.TestInvoker.invokeTestMethods(TestInvoker.java:203)
	at org.testng.internal.invokers.TestMethodWorker.invokeTestMethods(TestMethodWorker.java:154)
	at org.testng.internal.invokers.TestMethodWorker.run(TestMethodWorker.java:134)
	at java.base/java.util.ArrayList.forEach(ArrayList.java:1596)
	at org.testng.TestRunner.privateRun(TestRunner.java:741)
	at org.testng.TestRunner.run(TestRunner.java:616)
	at org.testng.SuiteRunner.runTest(SuiteRunner.java:421)
	at org.testng.SuiteRunner.runSequentially(SuiteRunner.java:413)
	at org.testng.SuiteRunner.privateRun(SuiteRunner.java:373)
	at org.testng.SuiteRunner.run(SuiteRunner.java:312)
	at org.testng.SuiteRunnerWorker.runSuite(SuiteRunnerWorker.java:52)
	at org.testng.SuiteRunnerWorker.run(SuiteRunnerWorker.java:95)
	at org.testng.TestNG.runSuitesSequentially(TestNG.java:1274)
	at org.testng.TestNG.runSuitesLocally(TestNG.java:1208)
	at org.testng.TestNG.runSuites(TestNG.java:1112)
	at org.testng.TestNG.run(TestNG.java:1079)
	at org.testng.remote.AbstractRemoteTestNG.run(AbstractRemoteTestNG.java:115)
	at org.testng.remote.RemoteTestNG.initAndRun(RemoteTestNG.java:293)
	at org.testng.remote.RemoteTestNG.main(RemoteTestNG.java:91)
Caused by: org.openqa.selenium.NoSuchElementException: no such element: Unable to locate element: {&quot;method&quot;:&quot;xpath&quot;,&quot;selector&quot;:&quot;(//div[@class=&apos;rc-virtual-list&apos;])[2]&quot;}
  (Session info: chrome=143.0.7499.42)
For documentation on this error, please visit: https://www.selenium.dev/documentation/webdriver/troubleshooting/errors#no-such-element-exception
Build info: version: &apos;4.33.0&apos;, revision: &apos;2c6aaad03a&apos;
System info: os.name: &apos;Windows 11&apos;, os.arch: &apos;amd64&apos;, os.version: &apos;10.0&apos;, java.version: &apos;21.0.9&apos;
Driver info: org.openqa.selenium.chrome.ChromeDriver
Command: [27fb83955f5407d90299f658c74a4cc9, findElement {value=(//div[@class=&apos;rc-virtual-list&apos;])[2], using=xpath}]
Capabilities {acceptInsecureCerts: false, browserName: chrome, browserVersion: 143.0.7499.42, chrome: {chromedriverVersion: 143.0.7499.146 (c1224fc40c9..., userDataDir: C:\Users\CODECL~1\AppData\L...}, fedcm:accounts: true, goog:chromeOptions: {debuggerAddress: localhost:65238}, goog:processID: 16268, networkConnectionEnabled: false, pageLoadStrategy: normal, platformName: windows, proxy: Proxy(), se:cdp: ws://localhost:65238/devtoo..., se:cdpVersion: 143.0.7499.42, setWindowRect: true, strictFileInteractability: false, timeouts: {implicit: 0, pageLoad: 300000, script: 30000}, unhandledPromptBehavior: dismiss and notify, webauthn:extension:credBlob: true, webauthn:extension:largeBlob: true, webauthn:extension:minPinLength: true, webauthn:extension:prf: true, webauthn:virtualAuthenticators: true}
Session ID: 27fb83955f5407d90299f658c74a4cc9
	at java.base/jdk.internal.reflect.DirectConstructorHandleAccessor.newInstance(DirectConstructorHandleAccessor.java:62)
	at java.base/java.lang.reflect.Constructor.newInstanceWithCaller(Constructor.java:502)
	at java.base/java.lang.reflect.Constructor.newInstance(Constructor.java:486)
	at org.openqa.selenium.remote.ErrorCodec.decode(ErrorCodec.java:167)
	at org.openqa.selenium.remote.codec.w3c.W3CHttpResponseCodec.decode(W3CHttpResponseCodec.java:138)
	at org.openqa.selenium.remote.codec.w3c.W3CHttpResponseCodec.decode(W3CHttpResponseCodec.java:50)
	at org.openqa.selenium.remote.HttpCommandExecutor.execute(HttpCommandExecutor.java:215)
	at org.openqa.selenium.remote.service.DriverCommandExecutor.invokeExecute(DriverCommandExecutor.java:216)
	at org.openqa.selenium.remote.service.DriverCommandExecutor.execute(DriverCommandExecutor.java:174)
	at org.openqa.selenium.remote.RemoteWebDriver.execute(RemoteWebDriver.java:544)
	at org.openqa.selenium.remote.ElementLocation$ElementFinder$2.findElement(ElementLocation.java:165)
	at org.openqa.selenium.remote.ElementLocation.findElement(ElementLocation.java:59)
	at org.openqa.selenium.remote.RemoteWebDriver.findElement(RemoteWebDriver.java:367)
	at org.openqa.selenium.remote.RemoteWebDriver.findElement(RemoteWebDriver.java:361)
	at org.openqa.selenium.support.pagefactory.DefaultElementLocator.findElement(DefaultElementLocator.java:68)
	at org.openqa.selenium.support.pagefactory.internal.LocatingElementHandler.invoke(LocatingElementHandler.java:38)
	at jdk.proxy2/jdk.proxy2.$Proxy17.isDisplayed(Unknown Source)
	at org.openqa.selenium.support.ui.ExpectedConditions.elementIfVisible(ExpectedConditions.java:304)
	at org.openqa.selenium.support.ui.ExpectedConditions$10.apply(ExpectedConditions.java:290)
	at org.openqa.selenium.support.ui.ExpectedConditions$10.apply(ExpectedConditions.java:287)
	at org.openqa.selenium.support.ui.FluentWait.until(FluentWait.java:203)
	... 29 more

</div> <!-- stack-trace -->
                </div> <!-- method-content -->
              </div> <!-- method -->
              <div class="method">
                <div class="method-content">
                  <a name="Add_case({Agreement Date=12/25/2025, Application Status=Approved, Approved Amount=7500, Attorney Name=Atty. O...)">
                  </a> <!-- Add_case({Agreement Date=12/25/2025, Application Status=Approved, Approved Amount=7500, Attorney Name=Atty. O...) -->
                  <span class="method-name">Add_case</span>
                  <span class="parameters">({Agreement Date=12/25/2025, Application Status=Approved, Approved Amount=7500, Attorney Name=Atty. Olivia Carter, Buyout Amount=4000, Buyout Expiry Date=12/25/2028, Buyout Funder Name=Frontline Capital Group, Case #=3, Case Type=Slip and Fall, Court Index Number=18CV-2401-PR-000973, Date of Incident=01/09/2024, Document prep fee=200, Fund transfer fee=60, Interest Start Date=12/25/2025, Law Firm Name=Carter Premises Injury Firm, Lead Source=Direct Plaintiff Call, Plaintiff Address One=432 James Rd, Plaintiff Address Two=Columbus, OH 43214, Plaintiff Email=marcus.ridley@plaintiffmail.com, Plaintiff Name=Marcus Evan Ridley, Plaintiff Phone Number=555-201-0003, Rate of Return=36, Recommended Max Funding=7500, Requested Amount=15000, Risk Level=Moderate, SMS Message Body=Hi Marcus, your slip-and-fall case has been approved for pre-settlement funding up to $7,500. Reply to this message if you have questions about timing or payment options. – Lumberjack Legal Finance, SMS Message Title=Slip & Fall Funding Approved, State=Ohio, Summary=Grocery store slip from refrigeration leak; no warning signs; fractured wrist, brace and OT; limits lifting and household tasks., Underwriting Notes=Premises claim with potentially strong notice if video shows a long-standing puddle and prior cooler issues. Objective fracture and OT support damages but upside is capped. Need incident report, maintenance logs, video and full med/wage docs. Assuming negligence and coverage, 6–7.5k funding is reasonable.},{Address Line 1=980 Biscayne Blvd, Address Line 2=Unit 5A, Date of Birth=07/23/1995, Email=chloe.lefevre@mailto.plus, First Name=Chloe, Last Name=Lefevre, Middle Name=Marie, Name Suffix=III, Phone number=305-555-0172, Social Security Number=103-67-5528, State=Florida, Zip code=33101})</span>
                  <div class="stack-trace">org.openqa.selenium.TimeoutException: Expected condition failed: waiting for visibility of Proxy element for: DefaultElementLocator &apos;By.xpath: (//div[@class=&apos;rc-virtual-list&apos;])[4]&apos; (tried for 10 second(s) with 500 milliseconds interval)
	at org.openqa.selenium.support.ui.WebDriverWait.timeoutException(WebDriverWait.java:84)
	at org.openqa.selenium.support.ui.FluentWait.until(FluentWait.java:228)
	at Repeatative_codes.Repeat.wait_for_theElement(Repeat.java:40)
	at Locaters.Application_Locaters.Lead_Type_dropdown(Application_Locaters.java:149)
	at Enterprise_Codeclouds.Project.Enterprise.Case_Appplications.Add_case(Case_Appplications.java:94)
	at java.base/jdk.internal.reflect.DirectMethodHandleAccessor.invoke(DirectMethodHandleAccessor.java:103)
	at java.base/java.lang.reflect.Method.invoke(Method.java:580)
	at org.testng.internal.invokers.MethodInvocationHelper.invokeMethod(MethodInvocationHelper.java:141)
	at org.testng.internal.invokers.TestInvoker.invokeMethod(TestInvoker.java:687)
	at org.testng.internal.invokers.TestInvoker.invokeTestMethod(TestInvoker.java:230)
	at org.testng.internal.invokers.MethodRunner.runInSequence(MethodRunner.java:63)
	at org.testng.internal.invokers.TestInvoker$MethodInvocationAgent.invoke(TestInvoker.java:995)
	at org.testng.internal.invokers.TestInvoker.invokeTestMethods(TestInvoker.java:203)
	at org.testng.internal.invokers.TestMethodWorker.invokeTestMethods(TestMethodWorker.java:154)
	at org.testng.internal.invokers.TestMethodWorker.run(TestMethodWorker.java:134)
	at java.base/java.util.ArrayList.forEach(ArrayList.java:1596)
	at org.testng.TestRunner.privateRun(TestRunner.java:741)
	at org.testng.TestRunner.run(TestRunner.java:616)
	at org.testng.SuiteRunner.runTest(SuiteRunner.java:421)
	at org.testng.SuiteRunner.runSequentially(SuiteRunner.java:413)
	at org.testng.SuiteRunner.privateRun(SuiteRunner.java:373)
	at org.testng.SuiteRunner.run(SuiteRunner.java:312)
	at org.testng.SuiteRunnerWorker.runSuite(SuiteRunnerWorker.java:52)
	at org.testng.SuiteRunnerWorker.run(SuiteRunnerWorker.java:95)
	at org.testng.TestNG.runSuitesSequentially(TestNG.java:1274)
	at org.testng.TestNG.runSuitesLocally(TestNG.java:1208)
	at org.testng.TestNG.runSuites(TestNG.java:1112)
	at org.testng.TestNG.run(TestNG.java:1079)
	at org.testng.remote.AbstractRemoteTestNG.run(AbstractRemoteTestNG.java:115)
	at org.testng.remote.RemoteTestNG.initAndRun(RemoteTestNG.java:293)
	at org.testng.remote.RemoteTestNG.main(RemoteTestNG.java:91)
Caused by: org.openqa.selenium.NoSuchElementException: no such element: Unable to locate element: {&quot;method&quot;:&quot;xpath&quot;,&quot;selector&quot;:&quot;(//div[@class=&apos;rc-virtual-list&apos;])[4]&quot;}
  (Session info: chrome=143.0.7499.42)
For documentation on this error, please visit: https://www.selenium.dev/documentation/webdriver/troubleshooting/errors#no-such-element-exception
Build info: version: &apos;4.33.0&apos;, revision: &apos;2c6aaad03a&apos;
System info: os.name: &apos;Windows 11&apos;, os.arch: &apos;amd64&apos;, os.version: &apos;10.0&apos;, java.version: &apos;21.0.9&apos;
Driver info: org.openqa.selenium.chrome.ChromeDriver
Command: [629b8b62a89e43a5a801c73c43220951, findElement {value=(//div[@class=&apos;rc-virtual-list&apos;])[4], using=xpath}]
Capabilities {acceptInsecureCerts: false, browserName: chrome, browserVersion: 143.0.7499.42, chrome: {chromedriverVersion: 143.0.7499.146 (c1224fc40c9..., userDataDir: C:\Users\CODECL~1\AppData\L...}, fedcm:accounts: true, goog:chromeOptions: {debuggerAddress: localhost:65041}, goog:processID: 5768, networkConnectionEnabled: false, pageLoadStrategy: normal, platformName: windows, proxy: Proxy(), se:cdp: ws://localhost:65041/devtoo..., se:cdpVersion: 143.0.7499.42, setWindowRect: true, strictFileInteractability: false, timeouts: {implicit: 0, pageLoad: 300000, script: 30000}, unhandledPromptBehavior: dismiss and notify, webauthn:extension:credBlob: true, webauthn:extension:largeBlob: true, webauthn:extension:minPinLength: true, webauthn:extension:prf: true, webauthn:virtualAuthenticators: true}
Session ID: 629b8b62a89e43a5a801c73c43220951
	at java.base/jdk.internal.reflect.DirectConstructorHandleAccessor.newInstance(DirectConstructorHandleAccessor.java:62)
	at java.base/java.lang.reflect.Constructor.newInstanceWithCaller(Constructor.java:502)
	at java.base/java.lang.reflect.Constructor.newInstance(Constructor.java:486)
	at org.openqa.selenium.remote.ErrorCodec.decode(ErrorCodec.java:167)
	at org.openqa.selenium.remote.codec.w3c.W3CHttpResponseCodec.decode(W3CHttpResponseCodec.java:138)
	at org.openqa.selenium.remote.codec.w3c.W3CHttpResponseCodec.decode(W3CHttpResponseCodec.java:50)
	at org.openqa.selenium.remote.HttpCommandExecutor.execute(HttpCommandExecutor.java:215)
	at org.openqa.selenium.remote.service.DriverCommandExecutor.invokeExecute(DriverCommandExecutor.java:216)
	at org.openqa.selenium.remote.service.DriverCommandExecutor.execute(DriverCommandExecutor.java:174)
	at org.openqa.selenium.remote.RemoteWebDriver.execute(RemoteWebDriver.java:544)
	at org.openqa.selenium.remote.ElementLocation$ElementFinder$2.findElement(ElementLocation.java:165)
	at org.openqa.selenium.remote.ElementLocation.findElement(ElementLocation.java:59)
	at org.openqa.selenium.remote.RemoteWebDriver.findElement(RemoteWebDriver.java:367)
	at org.openqa.selenium.remote.RemoteWebDriver.findElement(RemoteWebDriver.java:361)
	at org.openqa.selenium.support.pagefactory.DefaultElementLocator.findElement(DefaultElementLocator.java:68)
	at org.openqa.selenium.support.pagefactory.internal.LocatingElementHandler.invoke(LocatingElementHandler.java:38)
	at jdk.proxy2/jdk.proxy2.$Proxy17.isDisplayed(Unknown Source)
	at org.openqa.selenium.support.ui.ExpectedConditions.elementIfVisible(ExpectedConditions.java:304)
	at org.openqa.selenium.support.ui.ExpectedConditions$10.apply(ExpectedConditions.java:290)
	at org.openqa.selenium.support.ui.ExpectedConditions$10.apply(ExpectedConditions.java:287)
	at org.openqa.selenium.support.ui.FluentWait.until(FluentWait.java:203)
	... 29 more

</div> <!-- stack-trace -->
                </div> <!-- method-content -->
              </div> <!-- method -->
              <div class="method">
                <div class="method-content">
                  <a name="Add_case({Agreement Date=12/25/2025, Application Status=Approved, Approved Amount=7000, Attorney Name=Atty. V...)">
                  </a> <!-- Add_case({Agreement Date=12/25/2025, Application Status=Approved, Approved Amount=7000, Attorney Name=Atty. V...) -->
                  <span class="method-name">Add_case</span>
                  <span class="parameters">({Agreement Date=12/25/2025, Application Status=Approved, Approved Amount=7000, Attorney Name=Atty. Victoria Lane, Buyout Amount=4500, Buyout Expiry Date=12/25/2028, Buyout Funder Name=Harbor Ridge Finance, Case #=16, Case Type=Slip and Fall, Court Index Number=07CV-2312-PL-000887, Date of Incident=12/19/2023, Document prep fee=215, Fund transfer fee=65, Interest Start Date=12/25/2025, Law Firm Name=Lane & Harper Restaurant Liability, Lead Source=Digital Ad, Plaintiff Address One=67 Orchard View Dr, Plaintiff Address Two=Lansing, MI 48911, Plaintiff Email=mitchell.hayes@plaintiffmail.com, Plaintiff Name=Mitchell Aaron Hayes, Plaintiff Phone Number=555-201-0016, Rate of Return=35, Recommended Max Funding=7000, Requested Amount=18000, Risk Level=Moderate, SMS Message Body=Hi Mitchell, your restaurant slip-and-fall funding has been approved up to $7,000. Your attorney will review the terms and help you complete the agreement for funding. – Lumberjack Legal Finance, SMS Message Title=Restaurant Slip Case Approved, State=Michigan, Summary=Restaurant employee spilled drink and failed to clean or mark area; plaintiff slipped going to restroom; hip contusion and elbow sprain; PT and short cane use., Underwriting Notes=Because an employee created the hazard, notice is easier to prove than in many slip cases. Injuries are moderate with no fracture. Need incident report, witness statements, video if available and complete med bills and records. Upside is capped, so conservative funding in the 6–7k range is appropriate once basic liability docs are reviewed.},{Address Line 1=301 Church St, Address Line 2=Apt 10D, Date of Birth=02/27/1995, Email=elodie.boucher@mailto.plus, First Name=Elodie, Last Name=Boucher, Middle Name=Camille, Name Suffix=Mrs, Phone number=615-555-0129, Social Security Number=405-76-2398, State=Tennessee, Zip code=37219})</span>
                  <div class="stack-trace">org.openqa.selenium.TimeoutException: Expected condition failed: waiting for visibility of Proxy element for: DefaultElementLocator &apos;By.xpath: (//div[@class=&apos;rc-virtual-list&apos;])[4]&apos; (tried for 10 second(s) with 500 milliseconds interval)
	at org.openqa.selenium.support.ui.WebDriverWait.timeoutException(WebDriverWait.java:84)
	at org.openqa.selenium.support.ui.FluentWait.until(FluentWait.java:228)
	at Repeatative_codes.Repeat.wait_for_theElement(Repeat.java:40)
	at Locaters.Application_Locaters.Lead_Type_dropdown(Application_Locaters.java:149)
	at Enterprise_Codeclouds.Project.Enterprise.Case_Appplications.Add_case(Case_Appplications.java:94)
	at java.base/jdk.internal.reflect.DirectMethodHandleAccessor.invoke(DirectMethodHandleAccessor.java:103)
	at java.base/java.lang.reflect.Method.invoke(Method.java:580)
	at org.testng.internal.invokers.MethodInvocationHelper.invokeMethod(MethodInvocationHelper.java:141)
	at org.testng.internal.invokers.TestInvoker.invokeMethod(TestInvoker.java:687)
	at org.testng.internal.invokers.TestInvoker.invokeTestMethod(TestInvoker.java:230)
	at org.testng.internal.invokers.MethodRunner.runInSequence(MethodRunner.java:63)
	at org.testng.internal.invokers.TestInvoker$MethodInvocationAgent.invoke(TestInvoker.java:995)
	at org.testng.internal.invokers.TestInvoker.invokeTestMethods(TestInvoker.java:203)
	at org.testng.internal.invokers.TestMethodWorker.invokeTestMethods(TestMethodWorker.java:154)
	at org.testng.internal.invokers.TestMethodWorker.run(TestMethodWorker.java:134)
	at java.base/java.util.ArrayList.forEach(ArrayList.java:1596)
	at org.testng.TestRunner.privateRun(TestRunner.java:741)
	at org.testng.TestRunner.run(TestRunner.java:616)
	at org.testng.SuiteRunner.runTest(SuiteRunner.java:421)
	at org.testng.SuiteRunner.runSequentially(SuiteRunner.java:413)
	at org.testng.SuiteRunner.privateRun(SuiteRunner.java:373)
	at org.testng.SuiteRunner.run(SuiteRunner.java:312)
	at org.testng.SuiteRunnerWorker.runSuite(SuiteRunnerWorker.java:52)
	at org.testng.SuiteRunnerWorker.run(SuiteRunnerWorker.java:95)
	at org.testng.TestNG.runSuitesSequentially(TestNG.java:1274)
	at org.testng.TestNG.runSuitesLocally(TestNG.java:1208)
	at org.testng.TestNG.runSuites(TestNG.java:1112)
	at org.testng.TestNG.run(TestNG.java:1079)
	at org.testng.remote.AbstractRemoteTestNG.run(AbstractRemoteTestNG.java:115)
	at org.testng.remote.RemoteTestNG.initAndRun(RemoteTestNG.java:293)
	at org.testng.remote.RemoteTestNG.main(RemoteTestNG.java:91)
Caused by: org.openqa.selenium.NoSuchElementException: no such element: Unable to locate element: {&quot;method&quot;:&quot;xpath&quot;,&quot;selector&quot;:&quot;(//div[@class=&apos;rc-virtual-list&apos;])[4]&quot;}
  (Session info: chrome=143.0.7499.42)
For documentation on this error, please visit: https://www.selenium.dev/documentation/webdriver/troubleshooting/errors#no-such-element-exception
Build info: version: &apos;4.33.0&apos;, revision: &apos;2c6aaad03a&apos;
System info: os.name: &apos;Windows 11&apos;, os.arch: &apos;amd64&apos;, os.version: &apos;10.0&apos;, java.version: &apos;21.0.9&apos;
Driver info: org.openqa.selenium.chrome.ChromeDriver
Command: [fe214811ca9cc246df01f0e23906fdde, findElement {value=(//div[@class=&apos;rc-virtual-list&apos;])[4], using=xpath}]
Capabilities {acceptInsecureCerts: false, browserName: chrome, browserVersion: 143.0.7499.42, chrome: {chromedriverVersion: 143.0.7499.146 (c1224fc40c9..., userDataDir: C:\Users\CODECL~1\AppData\L...}, fedcm:accounts: true, goog:chromeOptions: {debuggerAddress: localhost:52587}, goog:processID: 9504, networkConnectionEnabled: false, pageLoadStrategy: normal, platformName: windows, proxy: Proxy(), se:cdp: ws://localhost:52587/devtoo..., se:cdpVersion: 143.0.7499.42, setWindowRect: true, strictFileInteractability: false, timeouts: {implicit: 0, pageLoad: 300000, script: 30000}, unhandledPromptBehavior: dismiss and notify, webauthn:extension:credBlob: true, webauthn:extension:largeBlob: true, webauthn:extension:minPinLength: true, webauthn:extension:prf: true, webauthn:virtualAuthenticators: true}
Session ID: fe214811ca9cc246df01f0e23906fdde
	at java.base/jdk.internal.reflect.DirectConstructorHandleAccessor.newInstance(DirectConstructorHandleAccessor.java:62)
	at java.base/java.lang.reflect.Constructor.newInstanceWithCaller(Constructor.java:502)
	at java.base/java.lang.reflect.Constructor.newInstance(Constructor.java:486)
	at org.openqa.selenium.remote.ErrorCodec.decode(ErrorCodec.java:167)
	at org.openqa.selenium.remote.codec.w3c.W3CHttpResponseCodec.decode(W3CHttpResponseCodec.java:138)
	at org.openqa.selenium.remote.codec.w3c.W3CHttpResponseCodec.decode(W3CHttpResponseCodec.java:50)
	at org.openqa.selenium.remote.HttpCommandExecutor.execute(HttpCommandExecutor.java:215)
	at org.openqa.selenium.remote.service.DriverCommandExecutor.invokeExecute(DriverCommandExecutor.java:216)
	at org.openqa.selenium.remote.service.DriverCommandExecutor.execute(DriverCommandExecutor.java:174)
	at org.openqa.selenium.remote.RemoteWebDriver.execute(RemoteWebDriver.java:544)
	at org.openqa.selenium.remote.ElementLocation$ElementFinder$2.findElement(ElementLocation.java:165)
	at org.openqa.selenium.remote.ElementLocation.findElement(ElementLocation.java:59)
	at org.openqa.selenium.remote.RemoteWebDriver.findElement(RemoteWebDriver.java:367)
	at org.openqa.selenium.remote.RemoteWebDriver.findElement(RemoteWebDriver.java:361)
	at org.openqa.selenium.support.pagefactory.DefaultElementLocator.findElement(DefaultElementLocator.java:68)
	at org.openqa.selenium.support.pagefactory.internal.LocatingElementHandler.invoke(LocatingElementHandler.java:38)
	at jdk.proxy2/jdk.proxy2.$Proxy17.isDisplayed(Unknown Source)
	at org.openqa.selenium.support.ui.ExpectedConditions.elementIfVisible(ExpectedConditions.java:304)
	at org.openqa.selenium.support.ui.ExpectedConditions$10.apply(ExpectedConditions.java:290)
	at org.openqa.selenium.support.ui.ExpectedConditions$10.apply(ExpectedConditions.java:287)
	at org.openqa.selenium.support.ui.FluentWait.until(FluentWait.java:203)
	... 29 more

</div> <!-- stack-trace -->
                </div> <!-- method-content -->
              </div> <!-- method -->
              <div class="method">
                <div class="method-content">
                  <a name="Add_case({Agreement Date=12/25/2025, Application Status=Approved, Approved Amount=11000, Attorney Name=Atty. ...)">
                  </a> <!-- Add_case({Agreement Date=12/25/2025, Application Status=Approved, Approved Amount=11000, Attorney Name=Atty. ...) -->
                  <span class="method-name">Add_case</span>
                  <span class="parameters">({Agreement Date=12/25/2025, Application Status=Approved, Approved Amount=11000, Attorney Name=Atty. Jordan Blake, Buyout Amount=6000, Buyout Expiry Date=12/25/2028, Buyout Funder Name=Frontline Capital Group, Case #=20, Case Type=Motor Vehicle Accident, Court Index Number=18CI-2404-CT-000933, Date of Incident=04/28/2024, Document prep fee=225, Fund transfer fee=70, Interest Start Date=12/25/2025, Law Firm Name=Blake Rideshare Injury Law, Lead Source=Direct Plaintiff Call, Plaintiff Address One=902 Kingston Ave, Plaintiff Address Two=Lexington, KY 40508, Plaintiff Email=patrick.jennings@plaintiffmail.com, Plaintiff Name=Patrick Cole Jennings, Plaintiff Phone Number=555-201-0020, Rate of Return=36, Recommended Max Funding=11000, Requested Amount=26000, Risk Level=Moderate, SMS Message Body=Hi Patrick, your rideshare accident funding request has been approved up to $11,000. After you and your attorney sign the agreement, we’ll proceed with disbursement. – Lumberjack Legal Finance, SMS Message Title=Rideshare Funding Approved, State=Kentucky, Summary=Uber passenger in chain-reaction rear-end crash; neck and low-back soft-tissue injuries, ongoing stiffness, PT and chiropractic care; work disruption., Underwriting Notes=Rideshare passenger status gives clean liability and multiple coverage layers (tortfeasor and Uber policy). Injuries are soft-tissue but well documented with continuing functional impact, especially with sitting. Need trip records, police report, med summaries, wage-loss data and prior spine history. With solid coverage, funding of 10–11k is supportable.},{Address Line 1=50 S Main St, Address Line 2=Apt 6F, Date of Birth=11/15/1991, Email=antoine.dumont@mailto.plus, First Name=Antoine, Last Name=Dumont, Middle Name=Luc, Name Suffix=Jr, Phone number=801-555-0142, Social Security Number=628-09-3157, State=Utah, Zip code=84111})</span>
                  <div class="stack-trace">org.openqa.selenium.TimeoutException: Expected condition failed: waiting for visibility of Proxy element for: DefaultElementLocator &apos;By.xpath: (//div[@class=&apos;rc-virtual-list&apos;])[4]&apos; (tried for 10 second(s) with 500 milliseconds interval)
	at org.openqa.selenium.support.ui.WebDriverWait.timeoutException(WebDriverWait.java:84)
	at org.openqa.selenium.support.ui.FluentWait.until(FluentWait.java:228)
	at Repeatative_codes.Repeat.wait_for_theElement(Repeat.java:40)
	at Locaters.Application_Locaters.Lead_Type_dropdown(Application_Locaters.java:149)
	at Enterprise_Codeclouds.Project.Enterprise.Case_Appplications.Add_case(Case_Appplications.java:94)
	at java.base/jdk.internal.reflect.DirectMethodHandleAccessor.invoke(DirectMethodHandleAccessor.java:103)
	at java.base/java.lang.reflect.Method.invoke(Method.java:580)
	at org.testng.internal.invokers.MethodInvocationHelper.invokeMethod(MethodInvocationHelper.java:141)
	at org.testng.internal.invokers.TestInvoker.invokeMethod(TestInvoker.java:687)
	at org.testng.internal.invokers.TestInvoker.invokeTestMethod(TestInvoker.java:230)
	at org.testng.internal.invokers.MethodRunner.runInSequence(MethodRunner.java:63)
	at org.testng.internal.invokers.TestInvoker$MethodInvocationAgent.invoke(TestInvoker.java:995)
	at org.testng.internal.invokers.TestInvoker.invokeTestMethods(TestInvoker.java:203)
	at org.testng.internal.invokers.TestMethodWorker.invokeTestMethods(TestMethodWorker.java:154)
	at org.testng.internal.invokers.TestMethodWorker.run(TestMethodWorker.java:134)
	at java.base/java.util.ArrayList.forEach(ArrayList.java:1596)
	at org.testng.TestRunner.privateRun(TestRunner.java:741)
	at org.testng.TestRunner.run(TestRunner.java:616)
	at org.testng.SuiteRunner.runTest(SuiteRunner.java:421)
	at org.testng.SuiteRunner.runSequentially(SuiteRunner.java:413)
	at org.testng.SuiteRunner.privateRun(SuiteRunner.java:373)
	at org.testng.SuiteRunner.run(SuiteRunner.java:312)
	at org.testng.SuiteRunnerWorker.runSuite(SuiteRunnerWorker.java:52)
	at org.testng.SuiteRunnerWorker.run(SuiteRunnerWorker.java:95)
	at org.testng.TestNG.runSuitesSequentially(TestNG.java:1274)
	at org.testng.TestNG.runSuitesLocally(TestNG.java:1208)
	at org.testng.TestNG.runSuites(TestNG.java:1112)
	at org.testng.TestNG.run(TestNG.java:1079)
	at org.testng.remote.AbstractRemoteTestNG.run(AbstractRemoteTestNG.java:115)
	at org.testng.remote.RemoteTestNG.initAndRun(RemoteTestNG.java:293)
	at org.testng.remote.RemoteTestNG.main(RemoteTestNG.java:91)
Caused by: org.openqa.selenium.NoSuchElementException: no such element: Unable to locate element: {&quot;method&quot;:&quot;xpath&quot;,&quot;selector&quot;:&quot;(//div[@class=&apos;rc-virtual-list&apos;])[4]&quot;}
  (Session info: chrome=143.0.7499.42)
For documentation on this error, please visit: https://www.selenium.dev/documentation/webdriver/troubleshooting/errors#no-such-element-exception
Build info: version: &apos;4.33.0&apos;, revision: &apos;2c6aaad03a&apos;
System info: os.name: &apos;Windows 11&apos;, os.arch: &apos;amd64&apos;, os.version: &apos;10.0&apos;, java.version: &apos;21.0.9&apos;
Driver info: org.openqa.selenium.chrome.ChromeDriver
Command: [64a79f6ef28d3e29b64625a6ea3742c3, findElement {value=(//div[@class=&apos;rc-virtual-list&apos;])[4], using=xpath}]
Capabilities {acceptInsecureCerts: false, browserName: chrome, browserVersion: 143.0.7499.42, chrome: {chromedriverVersion: 143.0.7499.146 (c1224fc40c9..., userDataDir: C:\Users\CODECL~1\AppData\L...}, fedcm:accounts: true, goog:chromeOptions: {debuggerAddress: localhost:55364}, goog:processID: 2236, networkConnectionEnabled: false, pageLoadStrategy: normal, platformName: windows, proxy: Proxy(), se:cdp: ws://localhost:55364/devtoo..., se:cdpVersion: 143.0.7499.42, setWindowRect: true, strictFileInteractability: false, timeouts: {implicit: 0, pageLoad: 300000, script: 30000}, unhandledPromptBehavior: dismiss and notify, webauthn:extension:credBlob: true, webauthn:extension:largeBlob: true, webauthn:extension:minPinLength: true, webauthn:extension:prf: true, webauthn:virtualAuthenticators: true}
Session ID: 64a79f6ef28d3e29b64625a6ea3742c3
	at java.base/jdk.internal.reflect.DirectConstructorHandleAccessor.newInstance(DirectConstructorHandleAccessor.java:62)
	at java.base/java.lang.reflect.Constructor.newInstanceWithCaller(Constructor.java:502)
	at java.base/java.lang.reflect.Constructor.newInstance(Constructor.java:486)
	at org.openqa.selenium.remote.ErrorCodec.decode(ErrorCodec.java:167)
	at org.openqa.selenium.remote.codec.w3c.W3CHttpResponseCodec.decode(W3CHttpResponseCodec.java:138)
	at org.openqa.selenium.remote.codec.w3c.W3CHttpResponseCodec.decode(W3CHttpResponseCodec.java:50)
	at org.openqa.selenium.remote.HttpCommandExecutor.execute(HttpCommandExecutor.java:215)
	at org.openqa.selenium.remote.service.DriverCommandExecutor.invokeExecute(DriverCommandExecutor.java:216)
	at org.openqa.selenium.remote.service.DriverCommandExecutor.execute(DriverCommandExecutor.java:174)
	at org.openqa.selenium.remote.RemoteWebDriver.execute(RemoteWebDriver.java:544)
	at org.openqa.selenium.remote.ElementLocation$ElementFinder$2.findElement(ElementLocation.java:165)
	at org.openqa.selenium.remote.ElementLocation.findElement(ElementLocation.java:59)
	at org.openqa.selenium.remote.RemoteWebDriver.findElement(RemoteWebDriver.java:367)
	at org.openqa.selenium.remote.RemoteWebDriver.findElement(RemoteWebDriver.java:361)
	at org.openqa.selenium.support.pagefactory.DefaultElementLocator.findElement(DefaultElementLocator.java:68)
	at org.openqa.selenium.support.pagefactory.internal.LocatingElementHandler.invoke(LocatingElementHandler.java:38)
	at jdk.proxy2/jdk.proxy2.$Proxy17.isDisplayed(Unknown Source)
	at org.openqa.selenium.support.ui.ExpectedConditions.elementIfVisible(ExpectedConditions.java:304)
	at org.openqa.selenium.support.ui.ExpectedConditions$10.apply(ExpectedConditions.java:290)
	at org.openqa.selenium.support.ui.ExpectedConditions$10.apply(ExpectedConditions.java:287)
	at org.openqa.selenium.support.ui.FluentWait.until(FluentWait.java:203)
	... 29 more

</div> <!-- stack-trace -->
                </div> <!-- method-content -->
              </div> <!-- method -->
              <div class="method">
                <div class="method-content">
                  <a name="Add_case({Agreement Date=12/25/2025, Application Status=Approved, Approved Amount=18000, Attorney Name=Atty. ...)">
                  </a> <!-- Add_case({Agreement Date=12/25/2025, Application Status=Approved, Approved Amount=18000, Attorney Name=Atty. ...) -->
                  <span class="method-name">Add_case</span>
                  <span class="parameters">({Agreement Date=12/25/2025, Application Status=Approved, Approved Amount=18000, Attorney Name=Atty. Sophia Reynolds, Buyout Amount=12000, Buyout Expiry Date=12/25/2028, Buyout Funder Name=Pioneer Plaintiff Finance, Case #=5, Case Type=Products Liability, Court Index Number=49D10-2309-PL-000811, Date of Incident=09/05/2023, Document prep fee=260, Fund transfer fee=85, Interest Start Date=12/25/2025, Law Firm Name=Reynolds & Cole Product Liability, Lead Source=Co-Counsel Referral, Plaintiff Address One=612 Brookside Dr, Plaintiff Address Two=Bloomington, IN 47401, Plaintiff Email=brandon.vance@plaintiffmail.com, Plaintiff Name=Brandon Tyler Vance, Plaintiff Phone Number=555-201-0005, Rate of Return=40, Recommended Max Funding=18000, Requested Amount=40000, Risk Level=Moderate, SMS Message Body=Hi Brandon, your product-injury funding request has been approved for up to $18,000 based on current medical and wage information. Your attorney will review the agreement terms with you. – Lumberjack Legal Finance, SMS Message Title=Product Injury Case Approved, State=Indiana, Summary=New power drill allegedly short-circuited and partially exploded in normal use; burns and deep lacerations to dominant hand; missed work as mechanic., Underwriting Notes=Product defect case with significant dominant-hand injury. Need preservation of drill, manufacturer and retailer identification and engineering expert. Damages include lost income and possible permanent impairment. With good preservation and expert support, funding in the 15–18k range is justified.},{Address Line 1=1500 Grand Ave, Address Line 2=Apt 9C, Date of Birth=09/18/1989, Email=mathis.moreau@mailto.plus, First Name=Mathis, Last Name=Moreau, Middle Name=Jean, Name Suffix=Jr, Phone number=515-555-0108, Social Security Number=552-19-8804, State=Iowa, Zip code=50309})</span>
                  <div class="stack-trace">org.openqa.selenium.TimeoutException: Expected condition failed: waiting for visibility of Proxy element for: DefaultElementLocator &apos;By.xpath: (//div[@class=&apos;rc-virtual-list&apos;])[4]&apos; (tried for 10 second(s) with 500 milliseconds interval)
	at org.openqa.selenium.support.ui.WebDriverWait.timeoutException(WebDriverWait.java:84)
	at org.openqa.selenium.support.ui.FluentWait.until(FluentWait.java:228)
	at Repeatative_codes.Repeat.wait_for_theElement(Repeat.java:40)
	at Locaters.Application_Locaters.Lead_Type_dropdown(Application_Locaters.java:149)
	at Enterprise_Codeclouds.Project.Enterprise.Case_Appplications.Add_case(Case_Appplications.java:94)
	at java.base/jdk.internal.reflect.DirectMethodHandleAccessor.invoke(DirectMethodHandleAccessor.java:103)
	at java.base/java.lang.reflect.Method.invoke(Method.java:580)
	at org.testng.internal.invokers.MethodInvocationHelper.invokeMethod(MethodInvocationHelper.java:141)
	at org.testng.internal.invokers.TestInvoker.invokeMethod(TestInvoker.java:687)
	at org.testng.internal.invokers.TestInvoker.invokeTestMethod(TestInvoker.java:230)
	at org.testng.internal.invokers.MethodRunner.runInSequence(MethodRunner.java:63)
	at org.testng.internal.invokers.TestInvoker$MethodInvocationAgent.invoke(TestInvoker.java:995)
	at org.testng.internal.invokers.TestInvoker.invokeTestMethods(TestInvoker.java:203)
	at org.testng.internal.invokers.TestMethodWorker.invokeTestMethods(TestMethodWorker.java:154)
	at org.testng.internal.invokers.TestMethodWorker.run(TestMethodWorker.java:134)
	at java.base/java.util.ArrayList.forEach(ArrayList.java:1596)
	at org.testng.TestRunner.privateRun(TestRunner.java:741)
	at org.testng.TestRunner.run(TestRunner.java:616)
	at org.testng.SuiteRunner.runTest(SuiteRunner.java:421)
	at org.testng.SuiteRunner.runSequentially(SuiteRunner.java:413)
	at org.testng.SuiteRunner.privateRun(SuiteRunner.java:373)
	at org.testng.SuiteRunner.run(SuiteRunner.java:312)
	at org.testng.SuiteRunnerWorker.runSuite(SuiteRunnerWorker.java:52)
	at org.testng.SuiteRunnerWorker.run(SuiteRunnerWorker.java:95)
	at org.testng.TestNG.runSuitesSequentially(TestNG.java:1274)
	at org.testng.TestNG.runSuitesLocally(TestNG.java:1208)
	at org.testng.TestNG.runSuites(TestNG.java:1112)
	at org.testng.TestNG.run(TestNG.java:1079)
	at org.testng.remote.AbstractRemoteTestNG.run(AbstractRemoteTestNG.java:115)
	at org.testng.remote.RemoteTestNG.initAndRun(RemoteTestNG.java:293)
	at org.testng.remote.RemoteTestNG.main(RemoteTestNG.java:91)
Caused by: org.openqa.selenium.NoSuchElementException: no such element: Unable to locate element: {&quot;method&quot;:&quot;xpath&quot;,&quot;selector&quot;:&quot;(//div[@class=&apos;rc-virtual-list&apos;])[4]&quot;}
  (Session info: chrome=143.0.7499.42)
For documentation on this error, please visit: https://www.selenium.dev/documentation/webdriver/troubleshooting/errors#no-such-element-exception
Build info: version: &apos;4.33.0&apos;, revision: &apos;2c6aaad03a&apos;
System info: os.name: &apos;Windows 11&apos;, os.arch: &apos;amd64&apos;, os.version: &apos;10.0&apos;, java.version: &apos;21.0.9&apos;
Driver info: org.openqa.selenium.chrome.ChromeDriver
Command: [6e3c4165d164487dd7fa4c221a504bc6, findElement {value=(//div[@class=&apos;rc-virtual-list&apos;])[4], using=xpath}]
Capabilities {acceptInsecureCerts: false, browserName: chrome, browserVersion: 143.0.7499.42, chrome: {chromedriverVersion: 143.0.7499.146 (c1224fc40c9..., userDataDir: C:\Users\CODECL~1\AppData\L...}, fedcm:accounts: true, goog:chromeOptions: {debuggerAddress: localhost:58776}, goog:processID: 14824, networkConnectionEnabled: false, pageLoadStrategy: normal, platformName: windows, proxy: Proxy(), se:cdp: ws://localhost:58776/devtoo..., se:cdpVersion: 143.0.7499.42, setWindowRect: true, strictFileInteractability: false, timeouts: {implicit: 0, pageLoad: 300000, script: 30000}, unhandledPromptBehavior: dismiss and notify, webauthn:extension:credBlob: true, webauthn:extension:largeBlob: true, webauthn:extension:minPinLength: true, webauthn:extension:prf: true, webauthn:virtualAuthenticators: true}
Session ID: 6e3c4165d164487dd7fa4c221a504bc6
	at java.base/jdk.internal.reflect.DirectConstructorHandleAccessor.newInstance(DirectConstructorHandleAccessor.java:62)
	at java.base/java.lang.reflect.Constructor.newInstanceWithCaller(Constructor.java:502)
	at java.base/java.lang.reflect.Constructor.newInstance(Constructor.java:486)
	at org.openqa.selenium.remote.ErrorCodec.decode(ErrorCodec.java:167)
	at org.openqa.selenium.remote.codec.w3c.W3CHttpResponseCodec.decode(W3CHttpResponseCodec.java:138)
	at org.openqa.selenium.remote.codec.w3c.W3CHttpResponseCodec.decode(W3CHttpResponseCodec.java:50)
	at org.openqa.selenium.remote.HttpCommandExecutor.execute(HttpCommandExecutor.java:215)
	at org.openqa.selenium.remote.service.DriverCommandExecutor.invokeExecute(DriverCommandExecutor.java:216)
	at org.openqa.selenium.remote.service.DriverCommandExecutor.execute(DriverCommandExecutor.java:174)
	at org.openqa.selenium.remote.RemoteWebDriver.execute(RemoteWebDriver.java:544)
	at org.openqa.selenium.remote.ElementLocation$ElementFinder$2.findElement(ElementLocation.java:165)
	at org.openqa.selenium.remote.ElementLocation.findElement(ElementLocation.java:59)
	at org.openqa.selenium.remote.RemoteWebDriver.findElement(RemoteWebDriver.java:367)
	at org.openqa.selenium.remote.RemoteWebDriver.findElement(RemoteWebDriver.java:361)
	at org.openqa.selenium.support.pagefactory.DefaultElementLocator.findElement(DefaultElementLocator.java:68)
	at org.openqa.selenium.support.pagefactory.internal.LocatingElementHandler.invoke(LocatingElementHandler.java:38)
	at jdk.proxy2/jdk.proxy2.$Proxy17.isDisplayed(Unknown Source)
	at org.openqa.selenium.support.ui.ExpectedConditions.elementIfVisible(ExpectedConditions.java:304)
	at org.openqa.selenium.support.ui.ExpectedConditions$10.apply(ExpectedConditions.java:290)
	at org.openqa.selenium.support.ui.ExpectedConditions$10.apply(ExpectedConditions.java:287)
	at org.openqa.selenium.support.ui.FluentWait.until(FluentWait.java:203)
	... 29 more

</div> <!-- stack-trace -->
                </div> <!-- method-content -->
              </div> <!-- method -->
              <div class="method">
                <div class="method-content">
                  <a name="Add_case({Agreement Date=12/25/2025, Application Status=In Review, Approved Amount=25000, Attorney Name=Atty....)">
                  </a> <!-- Add_case({Agreement Date=12/25/2025, Application Status=In Review, Approved Amount=25000, Attorney Name=Atty....) -->
                  <span class="method-name">Add_case</span>
                  <span class="parameters">({Agreement Date=12/25/2025, Application Status=In Review, Approved Amount=25000, Attorney Name=Atty. Daniel Hughes, Buyout Amount=15000, Buyout Expiry Date=12/25/2028, Buyout Funder Name=Harbor Ridge Finance, Case #=2, Case Type=Medical Malpractice, Court Index Number=12L03-2311-MD-004589, Date of Incident=11/02/2023, Document prep fee=275, Fund transfer fee=80, Interest Start Date=12/25/2025, Law Firm Name=Hughes & Fairchild Medical Law, Lead Source=Digital Ad, Plaintiff Address One=890 W Jackson Blvd, Plaintiff Address Two=Chicago, IL 60607, Plaintiff Email=jared.fulton@plaintiffmail.com, Plaintiff Name=Jared Michael Fulton, Plaintiff Phone Number=555-201-0002, Rate of Return=42, Recommended Max Funding=25000, Requested Amount=50000, Risk Level=Moderate-High, SMS Message Body=Hi Jared, we’ve received your medical malpractice funding application and it is currently under underwriting review. We’ll update you as soon as the approval amount is finalized. – Lumberjack Legal Finance, SMS Message Title=Application Under Review, State=Illinois, Summary=Failure to diagnose appendicitis at first ER visit; rupture 48 hours later, emergency surgery and several inpatient days., Underwriting Notes=Classic failure-to-diagnose pattern with clear progression from missed appendicitis to rupture and hospitalization. Need confirmation suit is filed, expert supporting breach and causation, and med-bill summary. Med-mal is slow and expert-heavy, so staged funding in the 20–25k range is prudent once expert support and coverage are confirmed.},{Address Line 1=410 Meridian St, Address Line 2=Suite 200, Date of Birth=11/09/1990, Email=lukas.schneider@mailto.plus, First Name=Lukas, Last Name=Schneider, Middle Name=Johann, Name Suffix=Sr, Phone number=317-555-0199, Social Security Number=487-22-9150, State=Indiana, Zip code=46204})</span>
                  <div class="stack-trace">org.openqa.selenium.TimeoutException: Expected condition failed: waiting for visibility of Proxy element for: DefaultElementLocator &apos;By.xpath: (//div[@class=&apos;rc-virtual-list&apos;])[4]&apos; (tried for 10 second(s) with 500 milliseconds interval)
	at org.openqa.selenium.support.ui.WebDriverWait.timeoutException(WebDriverWait.java:84)
	at org.openqa.selenium.support.ui.FluentWait.until(FluentWait.java:228)
	at Repeatative_codes.Repeat.wait_for_theElement(Repeat.java:40)
	at Locaters.Application_Locaters.Lead_Type_dropdown(Application_Locaters.java:149)
	at Enterprise_Codeclouds.Project.Enterprise.Case_Appplications.Add_case(Case_Appplications.java:94)
	at java.base/jdk.internal.reflect.DirectMethodHandleAccessor.invoke(DirectMethodHandleAccessor.java:103)
	at java.base/java.lang.reflect.Method.invoke(Method.java:580)
	at org.testng.internal.invokers.MethodInvocationHelper.invokeMethod(MethodInvocationHelper.java:141)
	at org.testng.internal.invokers.TestInvoker.invokeMethod(TestInvoker.java:687)
	at org.testng.internal.invokers.TestInvoker.invokeTestMethod(TestInvoker.java:230)
	at org.testng.internal.invokers.MethodRunner.runInSequence(MethodRunner.java:63)
	at org.testng.internal.invokers.TestInvoker$MethodInvocationAgent.invoke(TestInvoker.java:995)
	at org.testng.internal.invokers.TestInvoker.invokeTestMethods(TestInvoker.java:203)
	at org.testng.internal.invokers.TestMethodWorker.invokeTestMethods(TestMethodWorker.java:154)
	at org.testng.internal.invokers.TestMethodWorker.run(TestMethodWorker.java:134)
	at java.base/java.util.ArrayList.forEach(ArrayList.java:1596)
	at org.testng.TestRunner.privateRun(TestRunner.java:741)
	at org.testng.TestRunner.run(TestRunner.java:616)
	at org.testng.SuiteRunner.runTest(SuiteRunner.java:421)
	at org.testng.SuiteRunner.runSequentially(SuiteRunner.java:413)
	at org.testng.SuiteRunner.privateRun(SuiteRunner.java:373)
	at org.testng.SuiteRunner.run(SuiteRunner.java:312)
	at org.testng.SuiteRunnerWorker.runSuite(SuiteRunnerWorker.java:52)
	at org.testng.SuiteRunnerWorker.run(SuiteRunnerWorker.java:95)
	at org.testng.TestNG.runSuitesSequentially(TestNG.java:1274)
	at org.testng.TestNG.runSuitesLocally(TestNG.java:1208)
	at org.testng.TestNG.runSuites(TestNG.java:1112)
	at org.testng.TestNG.run(TestNG.java:1079)
	at org.testng.remote.AbstractRemoteTestNG.run(AbstractRemoteTestNG.java:115)
	at org.testng.remote.RemoteTestNG.initAndRun(RemoteTestNG.java:293)
	at org.testng.remote.RemoteTestNG.main(RemoteTestNG.java:91)
Caused by: org.openqa.selenium.NoSuchElementException: no such element: Unable to locate element: {&quot;method&quot;:&quot;xpath&quot;,&quot;selector&quot;:&quot;(//div[@class=&apos;rc-virtual-list&apos;])[4]&quot;}
  (Session info: chrome=143.0.7499.42)
For documentation on this error, please visit: https://www.selenium.dev/documentation/webdriver/troubleshooting/errors#no-such-element-exception
Build info: version: &apos;4.33.0&apos;, revision: &apos;2c6aaad03a&apos;
System info: os.name: &apos;Windows 11&apos;, os.arch: &apos;amd64&apos;, os.version: &apos;10.0&apos;, java.version: &apos;21.0.9&apos;
Driver info: org.openqa.selenium.chrome.ChromeDriver
Command: [6c525e835b09ecc563ec0d6f5dcc6d6b, findElement {value=(//div[@class=&apos;rc-virtual-list&apos;])[4], using=xpath}]
Capabilities {acceptInsecureCerts: false, browserName: chrome, browserVersion: 143.0.7499.42, chrome: {chromedriverVersion: 143.0.7499.146 (c1224fc40c9..., userDataDir: C:\Users\CODECL~1\AppData\L...}, fedcm:accounts: true, goog:chromeOptions: {debuggerAddress: localhost:62299}, goog:processID: 764, networkConnectionEnabled: false, pageLoadStrategy: normal, platformName: windows, proxy: Proxy(), se:cdp: ws://localhost:62299/devtoo..., se:cdpVersion: 143.0.7499.42, setWindowRect: true, strictFileInteractability: false, timeouts: {implicit: 0, pageLoad: 300000, script: 30000}, unhandledPromptBehavior: dismiss and notify, webauthn:extension:credBlob: true, webauthn:extension:largeBlob: true, webauthn:extension:minPinLength: true, webauthn:extension:prf: true, webauthn:virtualAuthenticators: true}
Session ID: 6c525e835b09ecc563ec0d6f5dcc6d6b
	at java.base/jdk.internal.reflect.DirectConstructorHandleAccessor.newInstance(DirectConstructorHandleAccessor.java:62)
	at java.base/java.lang.reflect.Constructor.newInstanceWithCaller(Constructor.java:502)
	at java.base/java.lang.reflect.Constructor.newInstance(Constructor.java:486)
	at org.openqa.selenium.remote.ErrorCodec.decode(ErrorCodec.java:167)
	at org.openqa.selenium.remote.codec.w3c.W3CHttpResponseCodec.decode(W3CHttpResponseCodec.java:138)
	at org.openqa.selenium.remote.codec.w3c.W3CHttpResponseCodec.decode(W3CHttpResponseCodec.java:50)
	at org.openqa.selenium.remote.HttpCommandExecutor.execute(HttpCommandExecutor.java:215)
	at org.openqa.selenium.remote.service.DriverCommandExecutor.invokeExecute(DriverCommandExecutor.java:216)
	at org.openqa.selenium.remote.service.DriverCommandExecutor.execute(DriverCommandExecutor.java:174)
	at org.openqa.selenium.remote.RemoteWebDriver.execute(RemoteWebDriver.java:544)
	at org.openqa.selenium.remote.ElementLocation$ElementFinder$2.findElement(ElementLocation.java:165)
	at org.openqa.selenium.remote.ElementLocation.findElement(ElementLocation.java:59)
	at org.openqa.selenium.remote.RemoteWebDriver.findElement(RemoteWebDriver.java:367)
	at org.openqa.selenium.remote.RemoteWebDriver.findElement(RemoteWebDriver.java:361)
	at org.openqa.selenium.support.pagefactory.DefaultElementLocator.findElement(DefaultElementLocator.java:68)
	at org.openqa.selenium.support.pagefactory.internal.LocatingElementHandler.invoke(LocatingElementHandler.java:38)
	at jdk.proxy2/jdk.proxy2.$Proxy17.isDisplayed(Unknown Source)
	at org.openqa.selenium.support.ui.ExpectedConditions.elementIfVisible(ExpectedConditions.java:304)
	at org.openqa.selenium.support.ui.ExpectedConditions$10.apply(ExpectedConditions.java:290)
	at org.openqa.selenium.support.ui.ExpectedConditions$10.apply(ExpectedConditions.java:287)
	at org.openqa.selenium.support.ui.FluentWait.until(FluentWait.java:203)
	... 29 more

</div> <!-- stack-trace -->
                </div> <!-- method-content -->
              </div> <!-- method -->
              <div class="method">
                <div class="method-content">
                  <a name="Add_case({Agreement Date=12/25/2025, Application Status=In Review, Approved Amount=60000, Attorney Name=Atty....)">
                  </a> <!-- Add_case({Agreement Date=12/25/2025, Application Status=In Review, Approved Amount=60000, Attorney Name=Atty....) -->
                  <span class="method-name">Add_case</span>
                  <span class="parameters">({Agreement Date=12/25/2025, Application Status=In Review, Approved Amount=60000, Attorney Name=Atty. Nathaniel Price, Buyout Amount=35000, Buyout Expiry Date=12/25/2028, Buyout Funder Name=Summit Legal Funding, Case #=19, Case Type=Wrongful Death, Court Index Number=11L01-2301-WD-000287, Date of Incident=01/15/2023, Document prep fee=320, Fund transfer fee=115, Interest Start Date=12/25/2025, Law Firm Name=Price & Donovan Med-Mal Group, Lead Source=Co-Counsel Referral, Plaintiff Address One=410 Briarwood Ct, Plaintiff Address Two=Naperville, IL 60540, Plaintiff Email=estate.harrington@plaintiffmail.com, Plaintiff Name=Leonard Joel Harrington, Plaintiff Phone Number=555-201-0019, Rate of Return=43, Recommended Max Funding=60000, Requested Amount=120000, Risk Level=Moderate, SMS Message Body=Hello, your wrongful death case funding file is in expert review due to the complexity of the medical issues. We’re working with your attorney and will confirm the approved funding range once reviews are complete. – Lumberjack Legal Finance, SMS Message Title=Wrongful Death Case – Review, State=Illinois, Summary=Elective procedure complicated by alleged anesthesia or medication error and delayed response to vital-sign changes; intra-op arrest and death., Underwriting Notes=High-severity med-mal wrongful death with complex causation questions. Need full hospital and anesthesia records, medication logs, monitor data and multiple expert reviews on breach and causation. Litigation will be long and cost-heavy but potential recovery is significant. Recommend staged funding up to 50–60k tied to expert confirmations and key milestones.},{Address Line 1=2100 Ross Ave, Address Line 2=Unit 4B, Date of Birth=07/19/1996, Email=mila.vogel@mailto.plus, First Name=Mila, Last Name=Vogel, Middle Name=Theresa, Name Suffix=II, Phone number=214-555-0187, Social Security Number=361-88-7025, State=Texas, Zip code=75201})</span>
                  <div class="stack-trace">org.openqa.selenium.TimeoutException: Expected condition failed: waiting for visibility of Proxy element for: DefaultElementLocator &apos;By.xpath: (//div[@class=&apos;rc-virtual-list&apos;])[4]&apos; (tried for 10 second(s) with 500 milliseconds interval)
	at org.openqa.selenium.support.ui.WebDriverWait.timeoutException(WebDriverWait.java:84)
	at org.openqa.selenium.support.ui.FluentWait.until(FluentWait.java:228)
	at Repeatative_codes.Repeat.wait_for_theElement(Repeat.java:40)
	at Locaters.Application_Locaters.Lead_Type_dropdown(Application_Locaters.java:149)
	at Enterprise_Codeclouds.Project.Enterprise.Case_Appplications.Add_case(Case_Appplications.java:94)
	at java.base/jdk.internal.reflect.DirectMethodHandleAccessor.invoke(DirectMethodHandleAccessor.java:103)
	at java.base/java.lang.reflect.Method.invoke(Method.java:580)
	at org.testng.internal.invokers.MethodInvocationHelper.invokeMethod(MethodInvocationHelper.java:141)
	at org.testng.internal.invokers.TestInvoker.invokeMethod(TestInvoker.java:687)
	at org.testng.internal.invokers.TestInvoker.invokeTestMethod(TestInvoker.java:230)
	at org.testng.internal.invokers.MethodRunner.runInSequence(MethodRunner.java:63)
	at org.testng.internal.invokers.TestInvoker$MethodInvocationAgent.invoke(TestInvoker.java:995)
	at org.testng.internal.invokers.TestInvoker.invokeTestMethods(TestInvoker.java:203)
	at org.testng.internal.invokers.TestMethodWorker.invokeTestMethods(TestMethodWorker.java:154)
	at org.testng.internal.invokers.TestMethodWorker.run(TestMethodWorker.java:134)
	at java.base/java.util.ArrayList.forEach(ArrayList.java:1596)
	at org.testng.TestRunner.privateRun(TestRunner.java:741)
	at org.testng.TestRunner.run(TestRunner.java:616)
	at org.testng.SuiteRunner.runTest(SuiteRunner.java:421)
	at org.testng.SuiteRunner.runSequentially(SuiteRunner.java:413)
	at org.testng.SuiteRunner.privateRun(SuiteRunner.java:373)
	at org.testng.SuiteRunner.run(SuiteRunner.java:312)
	at org.testng.SuiteRunnerWorker.runSuite(SuiteRunnerWorker.java:52)
	at org.testng.SuiteRunnerWorker.run(SuiteRunnerWorker.java:95)
	at org.testng.TestNG.runSuitesSequentially(TestNG.java:1274)
	at org.testng.TestNG.runSuitesLocally(TestNG.java:1208)
	at org.testng.TestNG.runSuites(TestNG.java:1112)
	at org.testng.TestNG.run(TestNG.java:1079)
	at org.testng.remote.AbstractRemoteTestNG.run(AbstractRemoteTestNG.java:115)
	at org.testng.remote.RemoteTestNG.initAndRun(RemoteTestNG.java:293)
	at org.testng.remote.RemoteTestNG.main(RemoteTestNG.java:91)
Caused by: org.openqa.selenium.NoSuchElementException: no such element: Unable to locate element: {&quot;method&quot;:&quot;xpath&quot;,&quot;selector&quot;:&quot;(//div[@class=&apos;rc-virtual-list&apos;])[4]&quot;}
  (Session info: chrome=143.0.7499.42)
For documentation on this error, please visit: https://www.selenium.dev/documentation/webdriver/troubleshooting/errors#no-such-element-exception
Build info: version: &apos;4.33.0&apos;, revision: &apos;2c6aaad03a&apos;
System info: os.name: &apos;Windows 11&apos;, os.arch: &apos;amd64&apos;, os.version: &apos;10.0&apos;, java.version: &apos;21.0.9&apos;
Driver info: org.openqa.selenium.chrome.ChromeDriver
Command: [194829cb3207e3091cdf03dbec65f50a, findElement {value=(//div[@class=&apos;rc-virtual-list&apos;])[4], using=xpath}]
Capabilities {acceptInsecureCerts: false, browserName: chrome, browserVersion: 143.0.7499.42, chrome: {chromedriverVersion: 143.0.7499.146 (c1224fc40c9..., userDataDir: C:\Users\CODECL~1\AppData\L...}, fedcm:accounts: true, goog:chromeOptions: {debuggerAddress: localhost:56480}, goog:processID: 7136, networkConnectionEnabled: false, pageLoadStrategy: normal, platformName: windows, proxy: Proxy(), se:cdp: ws://localhost:56480/devtoo..., se:cdpVersion: 143.0.7499.42, setWindowRect: true, strictFileInteractability: false, timeouts: {implicit: 0, pageLoad: 300000, script: 30000}, unhandledPromptBehavior: dismiss and notify, webauthn:extension:credBlob: true, webauthn:extension:largeBlob: true, webauthn:extension:minPinLength: true, webauthn:extension:prf: true, webauthn:virtualAuthenticators: true}
Session ID: 194829cb3207e3091cdf03dbec65f50a
	at java.base/jdk.internal.reflect.DirectConstructorHandleAccessor.newInstance(DirectConstructorHandleAccessor.java:62)
	at java.base/java.lang.reflect.Constructor.newInstanceWithCaller(Constructor.java:502)
	at java.base/java.lang.reflect.Constructor.newInstance(Constructor.java:486)
	at org.openqa.selenium.remote.ErrorCodec.decode(ErrorCodec.java:167)
	at org.openqa.selenium.remote.codec.w3c.W3CHttpResponseCodec.decode(W3CHttpResponseCodec.java:138)
	at org.openqa.selenium.remote.codec.w3c.W3CHttpResponseCodec.decode(W3CHttpResponseCodec.java:50)
	at org.openqa.selenium.remote.HttpCommandExecutor.execute(HttpCommandExecutor.java:215)
	at org.openqa.selenium.remote.service.DriverCommandExecutor.invokeExecute(DriverCommandExecutor.java:216)
	at org.openqa.selenium.remote.service.DriverCommandExecutor.execute(DriverCommandExecutor.java:174)
	at org.openqa.selenium.remote.RemoteWebDriver.execute(RemoteWebDriver.java:544)
	at org.openqa.selenium.remote.ElementLocation$ElementFinder$2.findElement(ElementLocation.java:165)
	at org.openqa.selenium.remote.ElementLocation.findElement(ElementLocation.java:59)
	at org.openqa.selenium.remote.RemoteWebDriver.findElement(RemoteWebDriver.java:367)
	at org.openqa.selenium.remote.RemoteWebDriver.findElement(RemoteWebDriver.java:361)
	at org.openqa.selenium.support.pagefactory.DefaultElementLocator.findElement(DefaultElementLocator.java:68)
	at org.openqa.selenium.support.pagefactory.internal.LocatingElementHandler.invoke(LocatingElementHandler.java:38)
	at jdk.proxy2/jdk.proxy2.$Proxy17.isDisplayed(Unknown Source)
	at org.openqa.selenium.support.ui.ExpectedConditions.elementIfVisible(ExpectedConditions.java:304)
	at org.openqa.selenium.support.ui.ExpectedConditions$10.apply(ExpectedConditions.java:290)
	at org.openqa.selenium.support.ui.ExpectedConditions$10.apply(ExpectedConditions.java:287)
	at org.openqa.selenium.support.ui.FluentWait.until(FluentWait.java:203)
	... 29 more

</div> <!-- stack-trace -->
                </div> <!-- method-content -->
              </div> <!-- method -->
              <div class="method">
                <div class="method-content">
                  <a name="Add_case({Agreement Date=12/25/2025, Application Status=In Review, Approved Amount=30000, Attorney Name=Atty....)">
                  </a> <!-- Add_case({Agreement Date=12/25/2025, Application Status=In Review, Approved Amount=30000, Attorney Name=Atty....) -->
                  <span class="method-name">Add_case</span>
                  <span class="parameters">({Agreement Date=12/25/2025, Application Status=In Review, Approved Amount=30000, Attorney Name=Atty. Jonathan Wells, Buyout Amount=20000, Buyout Expiry Date=12/25/2028, Buyout Funder Name=Harbor Ridge Finance, Case #=12, Case Type=Medical Malpractice, Court Index Number=29D03-2301-MD-000391, Date of Incident=01/25/2023, Document prep fee=295, Fund transfer fee=95, Interest Start Date=12/25/2025, Law Firm Name=Wells & Chang Med-Mal Group, Lead Source=Hospital Referral, Plaintiff Address One=909 Millstone Ct, Plaintiff Address Two=Carmel, IN 46032, Plaintiff Email=isaac.coleman@plaintiffmail.com, Plaintiff Name=Isaac Henry Coleman, Plaintiff Phone Number=555-201-0012, Rate of Return=41, Recommended Max Funding=30000, Requested Amount=60000, Risk Level=Moderate, SMS Message Body=Hi Isaac, your retained-sponge medical malpractice funding file is in detailed review. Because this is a high-value claim, our team is coordinating with your attorney and experts before final approval. – Lumberjack Legal Finance, SMS Message Title=Foreign Object Case – Review, State=Indiana, Summary=Retained surgical sponge after abdominal procedure; infection and second corrective surgery with added scarring and wage loss., Underwriting Notes=Retained foreign object is a very strong liability theory. Damages include second surgery, infection, increased scarring and extra time off work. Indiana med-mal caps require net-recovery modeling. Need panel status, expert support and cap details. With those, 25–30k staged funding is appropriate.},{Address Line 1=1200 5th Ave, Address Line 2=Floor 6, Date of Birth=05/29/1996, Email=manon.garnier@mailto.plus, First Name=Manon, Last Name=Garnier, Middle Name=Helene, Name Suffix=IV, Phone number=206-555-0178, Social Security Number=417-08-6621, State=Washington, Zip code=98101})</span>
                  <div class="stack-trace">org.openqa.selenium.TimeoutException: Expected condition failed: waiting for visibility of Proxy element for: DefaultElementLocator &apos;By.xpath: (//div[@class=&apos;rc-virtual-list&apos;])[4]&apos; (tried for 10 second(s) with 500 milliseconds interval)
	at org.openqa.selenium.support.ui.WebDriverWait.timeoutException(WebDriverWait.java:84)
	at org.openqa.selenium.support.ui.FluentWait.until(FluentWait.java:228)
	at Repeatative_codes.Repeat.wait_for_theElement(Repeat.java:40)
	at Locaters.Application_Locaters.Lead_Type_dropdown(Application_Locaters.java:149)
	at Enterprise_Codeclouds.Project.Enterprise.Case_Appplications.Add_case(Case_Appplications.java:94)
	at java.base/jdk.internal.reflect.DirectMethodHandleAccessor.invoke(DirectMethodHandleAccessor.java:103)
	at java.base/java.lang.reflect.Method.invoke(Method.java:580)
	at org.testng.internal.invokers.MethodInvocationHelper.invokeMethod(MethodInvocationHelper.java:141)
	at org.testng.internal.invokers.TestInvoker.invokeMethod(TestInvoker.java:687)
	at org.testng.internal.invokers.TestInvoker.invokeTestMethod(TestInvoker.java:230)
	at org.testng.internal.invokers.MethodRunner.runInSequence(MethodRunner.java:63)
	at org.testng.internal.invokers.TestInvoker$MethodInvocationAgent.invoke(TestInvoker.java:995)
	at org.testng.internal.invokers.TestInvoker.invokeTestMethods(TestInvoker.java:203)
	at org.testng.internal.invokers.TestMethodWorker.invokeTestMethods(TestMethodWorker.java:154)
	at org.testng.internal.invokers.TestMethodWorker.run(TestMethodWorker.java:134)
	at java.base/java.util.ArrayList.forEach(ArrayList.java:1596)
	at org.testng.TestRunner.privateRun(TestRunner.java:741)
	at org.testng.TestRunner.run(TestRunner.java:616)
	at org.testng.SuiteRunner.runTest(SuiteRunner.java:421)
	at org.testng.SuiteRunner.runSequentially(SuiteRunner.java:413)
	at org.testng.SuiteRunner.privateRun(SuiteRunner.java:373)
	at org.testng.SuiteRunner.run(SuiteRunner.java:312)
	at org.testng.SuiteRunnerWorker.runSuite(SuiteRunnerWorker.java:52)
	at org.testng.SuiteRunnerWorker.run(SuiteRunnerWorker.java:95)
	at org.testng.TestNG.runSuitesSequentially(TestNG.java:1274)
	at org.testng.TestNG.runSuitesLocally(TestNG.java:1208)
	at org.testng.TestNG.runSuites(TestNG.java:1112)
	at org.testng.TestNG.run(TestNG.java:1079)
	at org.testng.remote.AbstractRemoteTestNG.run(AbstractRemoteTestNG.java:115)
	at org.testng.remote.RemoteTestNG.initAndRun(RemoteTestNG.java:293)
	at org.testng.remote.RemoteTestNG.main(RemoteTestNG.java:91)
Caused by: org.openqa.selenium.NoSuchElementException: no such element: Unable to locate element: {&quot;method&quot;:&quot;xpath&quot;,&quot;selector&quot;:&quot;(//div[@class=&apos;rc-virtual-list&apos;])[4]&quot;}
  (Session info: chrome=143.0.7499.42)
For documentation on this error, please visit: https://www.selenium.dev/documentation/webdriver/troubleshooting/errors#no-such-element-exception
Build info: version: &apos;4.33.0&apos;, revision: &apos;2c6aaad03a&apos;
System info: os.name: &apos;Windows 11&apos;, os.arch: &apos;amd64&apos;, os.version: &apos;10.0&apos;, java.version: &apos;21.0.9&apos;
Driver info: org.openqa.selenium.chrome.ChromeDriver
Command: [458c42e765da2e7ac92867f412bb8a55, findElement {value=(//div[@class=&apos;rc-virtual-list&apos;])[4], using=xpath}]
Capabilities {acceptInsecureCerts: false, browserName: chrome, browserVersion: 143.0.7499.42, chrome: {chromedriverVersion: 143.0.7499.146 (c1224fc40c9..., userDataDir: C:\Users\CODECL~1\AppData\L...}, fedcm:accounts: true, goog:chromeOptions: {debuggerAddress: localhost:58974}, goog:processID: 4276, networkConnectionEnabled: false, pageLoadStrategy: normal, platformName: windows, proxy: Proxy(), se:cdp: ws://localhost:58974/devtoo..., se:cdpVersion: 143.0.7499.42, setWindowRect: true, strictFileInteractability: false, timeouts: {implicit: 0, pageLoad: 300000, script: 30000}, unhandledPromptBehavior: dismiss and notify, webauthn:extension:credBlob: true, webauthn:extension:largeBlob: true, webauthn:extension:minPinLength: true, webauthn:extension:prf: true, webauthn:virtualAuthenticators: true}
Session ID: 458c42e765da2e7ac92867f412bb8a55
	at java.base/jdk.internal.reflect.DirectConstructorHandleAccessor.newInstance(DirectConstructorHandleAccessor.java:62)
	at java.base/java.lang.reflect.Constructor.newInstanceWithCaller(Constructor.java:502)
	at java.base/java.lang.reflect.Constructor.newInstance(Constructor.java:486)
	at org.openqa.selenium.remote.ErrorCodec.decode(ErrorCodec.java:167)
	at org.openqa.selenium.remote.codec.w3c.W3CHttpResponseCodec.decode(W3CHttpResponseCodec.java:138)
	at org.openqa.selenium.remote.codec.w3c.W3CHttpResponseCodec.decode(W3CHttpResponseCodec.java:50)
	at org.openqa.selenium.remote.HttpCommandExecutor.execute(HttpCommandExecutor.java:215)
	at org.openqa.selenium.remote.service.DriverCommandExecutor.invokeExecute(DriverCommandExecutor.java:216)
	at org.openqa.selenium.remote.service.DriverCommandExecutor.execute(DriverCommandExecutor.java:174)
	at org.openqa.selenium.remote.RemoteWebDriver.execute(RemoteWebDriver.java:544)
	at org.openqa.selenium.remote.ElementLocation$ElementFinder$2.findElement(ElementLocation.java:165)
	at org.openqa.selenium.remote.ElementLocation.findElement(ElementLocation.java:59)
	at org.openqa.selenium.remote.RemoteWebDriver.findElement(RemoteWebDriver.java:367)
	at org.openqa.selenium.remote.RemoteWebDriver.findElement(RemoteWebDriver.java:361)
	at org.openqa.selenium.support.pagefactory.DefaultElementLocator.findElement(DefaultElementLocator.java:68)
	at org.openqa.selenium.support.pagefactory.internal.LocatingElementHandler.invoke(LocatingElementHandler.java:38)
	at jdk.proxy2/jdk.proxy2.$Proxy17.isDisplayed(Unknown Source)
	at org.openqa.selenium.support.ui.ExpectedConditions.elementIfVisible(ExpectedConditions.java:304)
	at org.openqa.selenium.support.ui.ExpectedConditions$10.apply(ExpectedConditions.java:290)
	at org.openqa.selenium.support.ui.ExpectedConditions$10.apply(ExpectedConditions.java:287)
	at org.openqa.selenium.support.ui.FluentWait.until(FluentWait.java:203)
	... 29 more

</div> <!-- stack-trace -->
                </div> <!-- method-content -->
              </div> <!-- method -->
              <div class="method">
                <div class="method-content">
                  <a name="Add_case({Agreement Date=12/25/2025, Application Status=In Review, Approved Amount=35000, Attorney Name=Atty....)">
                  </a> <!-- Add_case({Agreement Date=12/25/2025, Application Status=In Review, Approved Amount=35000, Attorney Name=Atty....) -->
                  <span class="method-name">Add_case</span>
                  <span class="parameters">({Agreement Date=12/25/2025, Application Status=In Review, Approved Amount=35000, Attorney Name=Atty. Jason Bourne, Buyout Amount=22000, Buyout Expiry Date=12/25/2028, Buyout Funder Name=Frontline Capital Group, Case #=17, Case Type=Trucking Accident, Court Index Number=19CV-2306-CT-001339, Date of Incident=06/02/2023, Document prep fee=305, Fund transfer fee=110, Interest Start Date=12/25/2025, Law Firm Name=Bourne Trucking Litigation Group, Lead Source=Broker - Jason Bourne, Plaintiff Address One=190 Creekside Way, Plaintiff Address Two=Cleveland, OH 44111, Plaintiff Email=dylan.barrett@plaintiffmail.com, Plaintiff Name=Dylan Chase Barrett, Plaintiff Phone Number=555-201-0017, Rate of Return=44, Recommended Max Funding=35000, Requested Amount=80000, Risk Level=Moderate, SMS Message Body=Hi Dylan, your trucking accident funding file is in advanced review while we analyze log data and coverage. We’ll let you know as soon as we finalize the maximum approval amount. – Lumberjack Legal Finance, SMS Message Title=Trucking Crash – Review, State=Ohio, Summary=Semi-truck drifted into oncoming lane, sideswiping plaintiff and other cars; neck and back injuries, headaches, emotional distress, vehicle total loss., Underwriting Notes=Multi-vehicle trucking crash with clear lane encroachment gives strong liability and potential punitive exposure if fatigue or distraction is proven. Need imaging, treatment history, psych records if any, ELD and dispatch data and carrier safety policies. Commercial limits likely adequate; recommend staged funding up to 30–35k as discovery confirms violations.},{Address Line 1=200 Peachtree St, Address Line 2=Suite 310, Date of Birth=09/01/1992, Email=noah.hoffmann@mailto.plus, First Name=Noah, Last Name=Hoffmann, Middle Name=Alexander, Name Suffix=III, Phone number=404-555-0168, Social Security Number=229-61-4407, State=Georgia, Zip code=30303})</span>
                  <div class="stack-trace">org.openqa.selenium.TimeoutException: Expected condition failed: waiting for visibility of Proxy element for: DefaultElementLocator &apos;By.xpath: (//div[@class=&apos;rc-virtual-list&apos;])[2]&apos; (tried for 10 second(s) with 500 milliseconds interval)
	at org.openqa.selenium.support.ui.WebDriverWait.timeoutException(WebDriverWait.java:84)
	at org.openqa.selenium.support.ui.FluentWait.until(FluentWait.java:228)
	at Repeatative_codes.Repeat.wait_for_theElement(Repeat.java:40)
	at Locaters.Application_Locaters.Incident_type_dropdown(Application_Locaters.java:116)
	at Enterprise_Codeclouds.Project.Enterprise.Case_Appplications.Add_case(Case_Appplications.java:75)
	at java.base/jdk.internal.reflect.DirectMethodHandleAccessor.invoke(DirectMethodHandleAccessor.java:103)
	at java.base/java.lang.reflect.Method.invoke(Method.java:580)
	at org.testng.internal.invokers.MethodInvocationHelper.invokeMethod(MethodInvocationHelper.java:141)
	at org.testng.internal.invokers.TestInvoker.invokeMethod(TestInvoker.java:687)
	at org.testng.internal.invokers.TestInvoker.invokeTestMethod(TestInvoker.java:230)
	at org.testng.internal.invokers.MethodRunner.runInSequence(MethodRunner.java:63)
	at org.testng.internal.invokers.TestInvoker$MethodInvocationAgent.invoke(TestInvoker.java:995)
	at org.testng.internal.invokers.TestInvoker.invokeTestMethods(TestInvoker.java:203)
	at org.testng.internal.invokers.TestMethodWorker.invokeTestMethods(TestMethodWorker.java:154)
	at org.testng.internal.invokers.TestMethodWorker.run(TestMethodWorker.java:134)
	at java.base/java.util.ArrayList.forEach(ArrayList.java:1596)
	at org.testng.TestRunner.privateRun(TestRunner.java:741)
	at org.testng.TestRunner.run(TestRunner.java:616)
	at org.testng.SuiteRunner.runTest(SuiteRunner.java:421)
	at org.testng.SuiteRunner.runSequentially(SuiteRunner.java:413)
	at org.testng.SuiteRunner.privateRun(SuiteRunner.java:373)
	at org.testng.SuiteRunner.run(SuiteRunner.java:312)
	at org.testng.SuiteRunnerWorker.runSuite(SuiteRunnerWorker.java:52)
	at org.testng.SuiteRunnerWorker.run(SuiteRunnerWorker.java:95)
	at org.testng.TestNG.runSuitesSequentially(TestNG.java:1274)
	at org.testng.TestNG.runSuitesLocally(TestNG.java:1208)
	at org.testng.TestNG.runSuites(TestNG.java:1112)
	at org.testng.TestNG.run(TestNG.java:1079)
	at org.testng.remote.AbstractRemoteTestNG.run(AbstractRemoteTestNG.java:115)
	at org.testng.remote.RemoteTestNG.initAndRun(RemoteTestNG.java:293)
	at org.testng.remote.RemoteTestNG.main(RemoteTestNG.java:91)
Caused by: org.openqa.selenium.NoSuchElementException: no such element: Unable to locate element: {&quot;method&quot;:&quot;xpath&quot;,&quot;selector&quot;:&quot;(//div[@class=&apos;rc-virtual-list&apos;])[2]&quot;}
  (Session info: chrome=143.0.7499.42)
For documentation on this error, please visit: https://www.selenium.dev/documentation/webdriver/troubleshooting/errors#no-such-element-exception
Build info: version: &apos;4.33.0&apos;, revision: &apos;2c6aaad03a&apos;
System info: os.name: &apos;Windows 11&apos;, os.arch: &apos;amd64&apos;, os.version: &apos;10.0&apos;, java.version: &apos;21.0.9&apos;
Driver info: org.openqa.selenium.chrome.ChromeDriver
Command: [fa09beb481f2c045a674b1c1828eef34, findElement {value=(//div[@class=&apos;rc-virtual-list&apos;])[2], using=xpath}]
Capabilities {acceptInsecureCerts: false, browserName: chrome, browserVersion: 143.0.7499.42, chrome: {chromedriverVersion: 143.0.7499.146 (c1224fc40c9..., userDataDir: C:\Users\CODECL~1\AppData\L...}, fedcm:accounts: true, goog:chromeOptions: {debuggerAddress: localhost:51802}, goog:processID: 11836, networkConnectionEnabled: false, pageLoadStrategy: normal, platformName: windows, proxy: Proxy(), se:cdp: ws://localhost:51802/devtoo..., se:cdpVersion: 143.0.7499.42, setWindowRect: true, strictFileInteractability: false, timeouts: {implicit: 0, pageLoad: 300000, script: 30000}, unhandledPromptBehavior: dismiss and notify, webauthn:extension:credBlob: true, webauthn:extension:largeBlob: true, webauthn:extension:minPinLength: true, webauthn:extension:prf: true, webauthn:virtualAuthenticators: true}
Session ID: fa09beb481f2c045a674b1c1828eef34
	at java.base/jdk.internal.reflect.DirectConstructorHandleAccessor.newInstance(DirectConstructorHandleAccessor.java:62)
	at java.base/java.lang.reflect.Constructor.newInstanceWithCaller(Constructor.java:502)
	at java.base/java.lang.reflect.Constructor.newInstance(Constructor.java:486)
	at org.openqa.selenium.remote.ErrorCodec.decode(ErrorCodec.java:167)
	at org.openqa.selenium.remote.codec.w3c.W3CHttpResponseCodec.decode(W3CHttpResponseCodec.java:138)
	at org.openqa.selenium.remote.codec.w3c.W3CHttpResponseCodec.decode(W3CHttpResponseCodec.java:50)
	at org.openqa.selenium.remote.HttpCommandExecutor.execute(HttpCommandExecutor.java:215)
	at org.openqa.selenium.remote.service.DriverCommandExecutor.invokeExecute(DriverCommandExecutor.java:216)
	at org.openqa.selenium.remote.service.DriverCommandExecutor.execute(DriverCommandExecutor.java:174)
	at org.openqa.selenium.remote.RemoteWebDriver.execute(RemoteWebDriver.java:544)
	at org.openqa.selenium.remote.ElementLocation$ElementFinder$2.findElement(ElementLocation.java:165)
	at org.openqa.selenium.remote.ElementLocation.findElement(ElementLocation.java:59)
	at org.openqa.selenium.remote.RemoteWebDriver.findElement(RemoteWebDriver.java:367)
	at org.openqa.selenium.remote.RemoteWebDriver.findElement(RemoteWebDriver.java:361)
	at org.openqa.selenium.support.pagefactory.DefaultElementLocator.findElement(DefaultElementLocator.java:68)
	at org.openqa.selenium.support.pagefactory.internal.LocatingElementHandler.invoke(LocatingElementHandler.java:38)
	at jdk.proxy2/jdk.proxy2.$Proxy17.isDisplayed(Unknown Source)
	at org.openqa.selenium.support.ui.ExpectedConditions.elementIfVisible(ExpectedConditions.java:304)
	at org.openqa.selenium.support.ui.ExpectedConditions$10.apply(ExpectedConditions.java:290)
	at org.openqa.selenium.support.ui.ExpectedConditions$10.apply(ExpectedConditions.java:287)
	at org.openqa.selenium.support.ui.FluentWait.until(FluentWait.java:203)
	... 29 more

</div> <!-- stack-trace -->
                </div> <!-- method-content -->
              </div> <!-- method -->
              <div class="method">
                <div class="method-content">
                  <a name="Add_case({Agreement Date=12/25/2025, Application Status=In Review, Approved Amount=22000, Attorney Name=Atty....)">
                  </a> <!-- Add_case({Agreement Date=12/25/2025, Application Status=In Review, Approved Amount=22000, Attorney Name=Atty....) -->
                  <span class="method-name">Add_case</span>
                  <span class="parameters">({Agreement Date=12/25/2025, Application Status=In Review, Approved Amount=22000, Attorney Name=Atty. Margaret Stone, Buyout Amount=12000, Buyout Expiry Date=12/25/2028, Buyout Funder Name=Liberty Legal Funding, Case #=9, Case Type=Nursing Home Negligence, Court Index Number=14L02-2304-NH-000627, Date of Incident=04/03/2023, Document prep fee=270, Fund transfer fee=90, Interest Start Date=12/25/2025, Law Firm Name=Stone & Avery Elder Care Law, Lead Source=Digital Ad, Plaintiff Address One=982 Oak Terrace, Plaintiff Address Two=Springfield, IL 62703, Plaintiff Email=elliot.kane@plaintiffmail.com, Plaintiff Name=Elliot Jordan Kane, Plaintiff Phone Number=555-201-0009, Rate of Return=40, Recommended Max Funding=22000, Requested Amount=45000, Risk Level=Moderate, SMS Message Body=Hi Elliot, your nursing home negligence funding file is in detailed review due to the severity of the injuries. We are working closely with your attorney and will confirm the approved amount once expert documentation is finalized. – Lumberjack Legal Finance, SMS Message Title=Nursing Home Case – Review, State=Illinois, Summary=Elderly resident developed multiple Stage III–IV pressure ulcers with delayed reporting and inadequate wound care; required debridement and extended hospitalization., Underwriting Notes=Advanced bedsores usually signal prolonged neglect. Focus on understaffing, failure to reposition and regulatory violations. Need full chart, care plans, MDS, staffing and wound-care records plus photos. Litigation is expert-heavy but upside good; with experts on board, staged funding of 18–22k is reasonable.},{Address Line 1=45 Beacon St, Address Line 2=Unit 8, Date of Birth=03/07/1992, Email=julien.renaud@mailto.plus, First Name=Julien, Last Name=Renaud, Middle Name=Pascal, Name Suffix=Sr, Phone number=617-555-0121, Social Security Number=146-29-8034, State=Massachusetts, Zip code=02108})</span>
                  <div class="stack-trace">org.openqa.selenium.TimeoutException: Expected condition failed: waiting for visibility of Proxy element for: DefaultElementLocator &apos;By.xpath: (//div[@class=&apos;rc-virtual-list&apos;])[2]&apos; (tried for 10 second(s) with 500 milliseconds interval)
	at org.openqa.selenium.support.ui.WebDriverWait.timeoutException(WebDriverWait.java:84)
	at org.openqa.selenium.support.ui.FluentWait.until(FluentWait.java:228)
	at Repeatative_codes.Repeat.wait_for_theElement(Repeat.java:40)
	at Locaters.Application_Locaters.Incident_type_dropdown(Application_Locaters.java:116)
	at Enterprise_Codeclouds.Project.Enterprise.Case_Appplications.Add_case(Case_Appplications.java:75)
	at java.base/jdk.internal.reflect.DirectMethodHandleAccessor.invoke(DirectMethodHandleAccessor.java:103)
	at java.base/java.lang.reflect.Method.invoke(Method.java:580)
	at org.testng.internal.invokers.MethodInvocationHelper.invokeMethod(MethodInvocationHelper.java:141)
	at org.testng.internal.invokers.TestInvoker.invokeMethod(TestInvoker.java:687)
	at org.testng.internal.invokers.TestInvoker.invokeTestMethod(TestInvoker.java:230)
	at org.testng.internal.invokers.MethodRunner.runInSequence(MethodRunner.java:63)
	at org.testng.internal.invokers.TestInvoker$MethodInvocationAgent.invoke(TestInvoker.java:995)
	at org.testng.internal.invokers.TestInvoker.invokeTestMethods(TestInvoker.java:203)
	at org.testng.internal.invokers.TestMethodWorker.invokeTestMethods(TestMethodWorker.java:154)
	at org.testng.internal.invokers.TestMethodWorker.run(TestMethodWorker.java:134)
	at java.base/java.util.ArrayList.forEach(ArrayList.java:1596)
	at org.testng.TestRunner.privateRun(TestRunner.java:741)
	at org.testng.TestRunner.run(TestRunner.java:616)
	at org.testng.SuiteRunner.runTest(SuiteRunner.java:421)
	at org.testng.SuiteRunner.runSequentially(SuiteRunner.java:413)
	at org.testng.SuiteRunner.privateRun(SuiteRunner.java:373)
	at org.testng.SuiteRunner.run(SuiteRunner.java:312)
	at org.testng.SuiteRunnerWorker.runSuite(SuiteRunnerWorker.java:52)
	at org.testng.SuiteRunnerWorker.run(SuiteRunnerWorker.java:95)
	at org.testng.TestNG.runSuitesSequentially(TestNG.java:1274)
	at org.testng.TestNG.runSuitesLocally(TestNG.java:1208)
	at org.testng.TestNG.runSuites(TestNG.java:1112)
	at org.testng.TestNG.run(TestNG.java:1079)
	at org.testng.remote.AbstractRemoteTestNG.run(AbstractRemoteTestNG.java:115)
	at org.testng.remote.RemoteTestNG.initAndRun(RemoteTestNG.java:293)
	at org.testng.remote.RemoteTestNG.main(RemoteTestNG.java:91)
Caused by: org.openqa.selenium.NoSuchElementException: no such element: Unable to locate element: {&quot;method&quot;:&quot;xpath&quot;,&quot;selector&quot;:&quot;(//div[@class=&apos;rc-virtual-list&apos;])[2]&quot;}
  (Session info: chrome=143.0.7499.42)
For documentation on this error, please visit: https://www.selenium.dev/documentation/webdriver/troubleshooting/errors#no-such-element-exception
Build info: version: &apos;4.33.0&apos;, revision: &apos;2c6aaad03a&apos;
System info: os.name: &apos;Windows 11&apos;, os.arch: &apos;amd64&apos;, os.version: &apos;10.0&apos;, java.version: &apos;21.0.9&apos;
Driver info: org.openqa.selenium.chrome.ChromeDriver
Command: [f1767959fd6882056f9aa3a9d07a5900, findElement {value=(//div[@class=&apos;rc-virtual-list&apos;])[2], using=xpath}]
Capabilities {acceptInsecureCerts: false, browserName: chrome, browserVersion: 143.0.7499.42, chrome: {chromedriverVersion: 143.0.7499.146 (c1224fc40c9..., userDataDir: C:\Users\CODECL~1\AppData\L...}, fedcm:accounts: true, goog:chromeOptions: {debuggerAddress: localhost:51900}, goog:processID: 14296, networkConnectionEnabled: false, pageLoadStrategy: normal, platformName: windows, proxy: Proxy(), se:cdp: ws://localhost:51900/devtoo..., se:cdpVersion: 143.0.7499.42, setWindowRect: true, strictFileInteractability: false, timeouts: {implicit: 0, pageLoad: 300000, script: 30000}, unhandledPromptBehavior: dismiss and notify, webauthn:extension:credBlob: true, webauthn:extension:largeBlob: true, webauthn:extension:minPinLength: true, webauthn:extension:prf: true, webauthn:virtualAuthenticators: true}
Session ID: f1767959fd6882056f9aa3a9d07a5900
	at java.base/jdk.internal.reflect.DirectConstructorHandleAccessor.newInstance(DirectConstructorHandleAccessor.java:62)
	at java.base/java.lang.reflect.Constructor.newInstanceWithCaller(Constructor.java:502)
	at java.base/java.lang.reflect.Constructor.newInstance(Constructor.java:486)
	at org.openqa.selenium.remote.ErrorCodec.decode(ErrorCodec.java:167)
	at org.openqa.selenium.remote.codec.w3c.W3CHttpResponseCodec.decode(W3CHttpResponseCodec.java:138)
	at org.openqa.selenium.remote.codec.w3c.W3CHttpResponseCodec.decode(W3CHttpResponseCodec.java:50)
	at org.openqa.selenium.remote.HttpCommandExecutor.execute(HttpCommandExecutor.java:215)
	at org.openqa.selenium.remote.service.DriverCommandExecutor.invokeExecute(DriverCommandExecutor.java:216)
	at org.openqa.selenium.remote.service.DriverCommandExecutor.execute(DriverCommandExecutor.java:174)
	at org.openqa.selenium.remote.RemoteWebDriver.execute(RemoteWebDriver.java:544)
	at org.openqa.selenium.remote.ElementLocation$ElementFinder$2.findElement(ElementLocation.java:165)
	at org.openqa.selenium.remote.ElementLocation.findElement(ElementLocation.java:59)
	at org.openqa.selenium.remote.RemoteWebDriver.findElement(RemoteWebDriver.java:367)
	at org.openqa.selenium.remote.RemoteWebDriver.findElement(RemoteWebDriver.java:361)
	at org.openqa.selenium.support.pagefactory.DefaultElementLocator.findElement(DefaultElementLocator.java:68)
	at org.openqa.selenium.support.pagefactory.internal.LocatingElementHandler.invoke(LocatingElementHandler.java:38)
	at jdk.proxy2/jdk.proxy2.$Proxy17.isDisplayed(Unknown Source)
	at org.openqa.selenium.support.ui.ExpectedConditions.elementIfVisible(ExpectedConditions.java:304)
	at org.openqa.selenium.support.ui.ExpectedConditions$10.apply(ExpectedConditions.java:290)
	at org.openqa.selenium.support.ui.ExpectedConditions$10.apply(ExpectedConditions.java:287)
	at org.openqa.selenium.support.ui.FluentWait.until(FluentWait.java:203)
	... 29 more

</div> <!-- stack-trace -->
                </div> <!-- method-content -->
              </div> <!-- method -->
              <div class="method">
                <div class="method-content">
                  <a name="Add_case({Agreement Date=12/25/2025, Application Status=Approved, Approved Amount=10000, Attorney Name=Atty. ...)">
                  </a> <!-- Add_case({Agreement Date=12/25/2025, Application Status=Approved, Approved Amount=10000, Attorney Name=Atty. ...) -->
                  <span class="method-name">Add_case</span>
                  <span class="parameters">({Agreement Date=12/25/2025, Application Status=Approved, Approved Amount=10000, Attorney Name=Atty. Steven Patel, Buyout Amount=6000, Buyout Expiry Date=12/25/2028, Buyout Funder Name=Harbor Ridge Finance, Case #=7, Case Type=Premises Liability, Court Index Number=23CV-2402-PL-001154, Date of Incident=02/27/2024, Document prep fee=230, Fund transfer fee=70, Interest Start Date=12/25/2025, Law Firm Name=Patel & Myers Tenants’ Rights, Lead Source=Chiropractor Referral, Plaintiff Address One=309 Lakeview Ct, Plaintiff Address Two=Akron, OH 44310, Plaintiff Email=trevor.pierce@plaintiffmail.com, Plaintiff Name=Trevor Daniel Pierce, Plaintiff Phone Number=555-201-0007, Rate of Return=36, Recommended Max Funding=10000, Requested Amount=20000, Risk Level=Moderate, SMS Message Body=Hi Trevor, your premises liability funding for the icy sidewalk case has been approved. The maximum approved amount is $10,000. Your attorney will help you review the contract before signing. – Lumberjack Legal Finance, SMS Message Title=Icy Sidewalk Case – Approval, State=Ohio, Summary=Long-term tenant slipped on unsalted icy sidewalk; prior complaints; rotator cuff tear with injections and possible arthroscopic surgery., Underwriting Notes=Forecasted freezing temps and prior complaints give decent liability posture, though open-and-obvious defenses apply. Rotator cuff injury and possible surgery increase value. Need weather records, maintenance logs, complaint history, MRI and ortho opinions. Assuming those line up, 8–10k funding is appropriate.},{Address Line 1=12 Marine Corps Dr, Address Line 2=PO Box 88, Date of Birth=06/11/1994, Email=camille.bernard@mailto.plus, First Name=Camille, Last Name=Bernard, Middle Name=Louise, Name Suffix=Mrs, Phone number=671-555-0126, Social Security Number=271-90-6643, State=Guam, Zip code=96910})</span>
                  <div class="stack-trace">org.openqa.selenium.TimeoutException: Expected condition failed: waiting for visibility of Proxy element for: DefaultElementLocator &apos;By.xpath: (//div[@class=&apos;rc-virtual-list&apos;])[4]&apos; (tried for 10 second(s) with 500 milliseconds interval)
	at org.openqa.selenium.support.ui.WebDriverWait.timeoutException(WebDriverWait.java:84)
	at org.openqa.selenium.support.ui.FluentWait.until(FluentWait.java:228)
	at Repeatative_codes.Repeat.wait_for_theElement(Repeat.java:40)
	at Locaters.Application_Locaters.Lead_Type_dropdown(Application_Locaters.java:149)
	at Enterprise_Codeclouds.Project.Enterprise.Case_Appplications.Add_case(Case_Appplications.java:94)
	at java.base/jdk.internal.reflect.DirectMethodHandleAccessor.invoke(DirectMethodHandleAccessor.java:103)
	at java.base/java.lang.reflect.Method.invoke(Method.java:580)
	at org.testng.internal.invokers.MethodInvocationHelper.invokeMethod(MethodInvocationHelper.java:141)
	at org.testng.internal.invokers.TestInvoker.invokeMethod(TestInvoker.java:687)
	at org.testng.internal.invokers.TestInvoker.invokeTestMethod(TestInvoker.java:230)
	at org.testng.internal.invokers.MethodRunner.runInSequence(MethodRunner.java:63)
	at org.testng.internal.invokers.TestInvoker$MethodInvocationAgent.invoke(TestInvoker.java:995)
	at org.testng.internal.invokers.TestInvoker.invokeTestMethods(TestInvoker.java:203)
	at org.testng.internal.invokers.TestMethodWorker.invokeTestMethods(TestMethodWorker.java:154)
	at org.testng.internal.invokers.TestMethodWorker.run(TestMethodWorker.java:134)
	at java.base/java.util.ArrayList.forEach(ArrayList.java:1596)
	at org.testng.TestRunner.privateRun(TestRunner.java:741)
	at org.testng.TestRunner.run(TestRunner.java:616)
	at org.testng.SuiteRunner.runTest(SuiteRunner.java:421)
	at org.testng.SuiteRunner.runSequentially(SuiteRunner.java:413)
	at org.testng.SuiteRunner.privateRun(SuiteRunner.java:373)
	at org.testng.SuiteRunner.run(SuiteRunner.java:312)
	at org.testng.SuiteRunnerWorker.runSuite(SuiteRunnerWorker.java:52)
	at org.testng.SuiteRunnerWorker.run(SuiteRunnerWorker.java:95)
	at org.testng.TestNG.runSuitesSequentially(TestNG.java:1274)
	at org.testng.TestNG.runSuitesLocally(TestNG.java:1208)
	at org.testng.TestNG.runSuites(TestNG.java:1112)
	at org.testng.TestNG.run(TestNG.java:1079)
	at org.testng.remote.AbstractRemoteTestNG.run(AbstractRemoteTestNG.java:115)
	at org.testng.remote.RemoteTestNG.initAndRun(RemoteTestNG.java:293)
	at org.testng.remote.RemoteTestNG.main(RemoteTestNG.java:91)
Caused by: org.openqa.selenium.NoSuchElementException: no such element: Unable to locate element: {&quot;method&quot;:&quot;xpath&quot;,&quot;selector&quot;:&quot;(//div[@class=&apos;rc-virtual-list&apos;])[4]&quot;}
  (Session info: chrome=143.0.7499.42)
For documentation on this error, please visit: https://www.selenium.dev/documentation/webdriver/troubleshooting/errors#no-such-element-exception
Build info: version: &apos;4.33.0&apos;, revision: &apos;2c6aaad03a&apos;
System info: os.name: &apos;Windows 11&apos;, os.arch: &apos;amd64&apos;, os.version: &apos;10.0&apos;, java.version: &apos;21.0.9&apos;
Driver info: org.openqa.selenium.chrome.ChromeDriver
Command: [e6ab249ed8384cb9762ab8e574a5d8b9, findElement {value=(//div[@class=&apos;rc-virtual-list&apos;])[4], using=xpath}]
Capabilities {acceptInsecureCerts: false, browserName: chrome, browserVersion: 143.0.7499.42, chrome: {chromedriverVersion: 143.0.7499.146 (c1224fc40c9..., userDataDir: C:\Users\CODECL~1\AppData\L...}, fedcm:accounts: true, goog:chromeOptions: {debuggerAddress: localhost:58923}, goog:processID: 17340, networkConnectionEnabled: false, pageLoadStrategy: normal, platformName: windows, proxy: Proxy(), se:cdp: ws://localhost:58923/devtoo..., se:cdpVersion: 143.0.7499.42, setWindowRect: true, strictFileInteractability: false, timeouts: {implicit: 0, pageLoad: 300000, script: 30000}, unhandledPromptBehavior: dismiss and notify, webauthn:extension:credBlob: true, webauthn:extension:largeBlob: true, webauthn:extension:minPinLength: true, webauthn:extension:prf: true, webauthn:virtualAuthenticators: true}
Session ID: e6ab249ed8384cb9762ab8e574a5d8b9
	at java.base/jdk.internal.reflect.DirectConstructorHandleAccessor.newInstance(DirectConstructorHandleAccessor.java:62)
	at java.base/java.lang.reflect.Constructor.newInstanceWithCaller(Constructor.java:502)
	at java.base/java.lang.reflect.Constructor.newInstance(Constructor.java:486)
	at org.openqa.selenium.remote.ErrorCodec.decode(ErrorCodec.java:167)
	at org.openqa.selenium.remote.codec.w3c.W3CHttpResponseCodec.decode(W3CHttpResponseCodec.java:138)
	at org.openqa.selenium.remote.codec.w3c.W3CHttpResponseCodec.decode(W3CHttpResponseCodec.java:50)
	at org.openqa.selenium.remote.HttpCommandExecutor.execute(HttpCommandExecutor.java:215)
	at org.openqa.selenium.remote.service.DriverCommandExecutor.invokeExecute(DriverCommandExecutor.java:216)
	at org.openqa.selenium.remote.service.DriverCommandExecutor.execute(DriverCommandExecutor.java:174)
	at org.openqa.selenium.remote.RemoteWebDriver.execute(RemoteWebDriver.java:544)
	at org.openqa.selenium.remote.ElementLocation$ElementFinder$2.findElement(ElementLocation.java:165)
	at org.openqa.selenium.remote.ElementLocation.findElement(ElementLocation.java:59)
	at org.openqa.selenium.remote.RemoteWebDriver.findElement(RemoteWebDriver.java:367)
	at org.openqa.selenium.remote.RemoteWebDriver.findElement(RemoteWebDriver.java:361)
	at org.openqa.selenium.support.pagefactory.DefaultElementLocator.findElement(DefaultElementLocator.java:68)
	at org.openqa.selenium.support.pagefactory.internal.LocatingElementHandler.invoke(LocatingElementHandler.java:38)
	at jdk.proxy2/jdk.proxy2.$Proxy17.isDisplayed(Unknown Source)
	at org.openqa.selenium.support.ui.ExpectedConditions.elementIfVisible(ExpectedConditions.java:304)
	at org.openqa.selenium.support.ui.ExpectedConditions$10.apply(ExpectedConditions.java:290)
	at org.openqa.selenium.support.ui.ExpectedConditions$10.apply(ExpectedConditions.java:287)
	at org.openqa.selenium.support.ui.FluentWait.until(FluentWait.java:203)
	... 29 more

</div> <!-- stack-trace -->
                </div> <!-- method-content -->
              </div> <!-- method -->
              <div class="method">
                <div class="method-content">
                  <a name="Add_case({Agreement Date=12/25/2025, Application Status=Approved, Approved Amount=9000, Attorney Name=Atty. H...)">
                  </a> <!-- Add_case({Agreement Date=12/25/2025, Application Status=Approved, Approved Amount=9000, Attorney Name=Atty. H...) -->
                  <span class="method-name">Add_case</span>
                  <span class="parameters">({Agreement Date=12/25/2025, Application Status=Approved, Approved Amount=9000, Attorney Name=Atty. Henry Lawson, Buyout Amount=5000, Buyout Expiry Date=12/25/2028, Buyout Funder Name=Summit Legal Funding, Case #=15, Case Type=Workplace Injury, Court Index Number=49D06-2403-IN-001142, Date of Incident=03/30/2024, Document prep fee=235, Fund transfer fee=70, Interest Start Date=12/25/2025, Law Firm Name=Lawson & Trent Workplace Counsel, Lead Source=Employer Referral, Plaintiff Address One=311 Westbrook Ave, Plaintiff Address Two=Indianapolis, IN 46222, Plaintiff Email=julian.rhodes@plaintiffmail.com, Plaintiff Name=Julian Carter Rhodes, Plaintiff Phone Number=555-201-0015, Rate of Return=33, Recommended Max Funding=9000, Requested Amount=22000, Risk Level=Moderate, SMS Message Body=Hi Julian, your warehouse injury funding request has been approved up to $9,000. Once you and your attorney sign the agreement, we’ll release funds according to the schedule. – Lumberjack Legal Finance, SMS Message Title=Warehouse Injury Funding Approved, State=Indiana, Summary=Distribution-center worker hit by falling cartons from top shelf; shoulder and upper-back soft-tissue injury; light duty and lost overtime., Underwriting Notes=Unsafe stacking practices and limited training support negligence if there is a premises or third-party claim beyond workers comp. Need safety policies, incident report, witness or supervisor statements and wage records. If recovery is comp-only, funding must be low; with a viable third-party case and coverage, 8–9k funding is reasonable.},{Address Line 1=1 N Central Ave, Address Line 2=Suite 700, Date of Birth=06/03/1990, Email=jonas.neumann@mailto.plus, First Name=Jonas, Last Name=Neumann, Middle Name=Philipp, Name Suffix=Jr, Phone number=602-555-0191, Social Security Number=174-93-5812, State=Arizona, Zip code=85004})</span>
                  <div class="stack-trace">org.openqa.selenium.TimeoutException: Expected condition failed: waiting for visibility of Proxy element for: DefaultElementLocator &apos;By.xpath: (//div[@class=&apos;rc-virtual-list&apos;])[2]&apos; (tried for 10 second(s) with 500 milliseconds interval)
	at org.openqa.selenium.support.ui.WebDriverWait.timeoutException(WebDriverWait.java:84)
	at org.openqa.selenium.support.ui.FluentWait.until(FluentWait.java:228)
	at Repeatative_codes.Repeat.wait_for_theElement(Repeat.java:40)
	at Locaters.Application_Locaters.Incident_type_dropdown(Application_Locaters.java:116)
	at Enterprise_Codeclouds.Project.Enterprise.Case_Appplications.Add_case(Case_Appplications.java:75)
	at java.base/jdk.internal.reflect.DirectMethodHandleAccessor.invoke(DirectMethodHandleAccessor.java:103)
	at java.base/java.lang.reflect.Method.invoke(Method.java:580)
	at org.testng.internal.invokers.MethodInvocationHelper.invokeMethod(MethodInvocationHelper.java:141)
	at org.testng.internal.invokers.TestInvoker.invokeMethod(TestInvoker.java:687)
	at org.testng.internal.invokers.TestInvoker.invokeTestMethod(TestInvoker.java:230)
	at org.testng.internal.invokers.MethodRunner.runInSequence(MethodRunner.java:63)
	at org.testng.internal.invokers.TestInvoker$MethodInvocationAgent.invoke(TestInvoker.java:995)
	at org.testng.internal.invokers.TestInvoker.invokeTestMethods(TestInvoker.java:203)
	at org.testng.internal.invokers.TestMethodWorker.invokeTestMethods(TestMethodWorker.java:154)
	at org.testng.internal.invokers.TestMethodWorker.run(TestMethodWorker.java:134)
	at java.base/java.util.ArrayList.forEach(ArrayList.java:1596)
	at org.testng.TestRunner.privateRun(TestRunner.java:741)
	at org.testng.TestRunner.run(TestRunner.java:616)
	at org.testng.SuiteRunner.runTest(SuiteRunner.java:421)
	at org.testng.SuiteRunner.runSequentially(SuiteRunner.java:413)
	at org.testng.SuiteRunner.privateRun(SuiteRunner.java:373)
	at org.testng.SuiteRunner.run(SuiteRunner.java:312)
	at org.testng.SuiteRunnerWorker.runSuite(SuiteRunnerWorker.java:52)
	at org.testng.SuiteRunnerWorker.run(SuiteRunnerWorker.java:95)
	at org.testng.TestNG.runSuitesSequentially(TestNG.java:1274)
	at org.testng.TestNG.runSuitesLocally(TestNG.java:1208)
	at org.testng.TestNG.runSuites(TestNG.java:1112)
	at org.testng.TestNG.run(TestNG.java:1079)
	at org.testng.remote.AbstractRemoteTestNG.run(AbstractRemoteTestNG.java:115)
	at org.testng.remote.RemoteTestNG.initAndRun(RemoteTestNG.java:293)
	at org.testng.remote.RemoteTestNG.main(RemoteTestNG.java:91)
Caused by: org.openqa.selenium.NoSuchElementException: no such element: Unable to locate element: {&quot;method&quot;:&quot;xpath&quot;,&quot;selector&quot;:&quot;(//div[@class=&apos;rc-virtual-list&apos;])[2]&quot;}
  (Session info: chrome=143.0.7499.42)
For documentation on this error, please visit: https://www.selenium.dev/documentation/webdriver/troubleshooting/errors#no-such-element-exception
Build info: version: &apos;4.33.0&apos;, revision: &apos;2c6aaad03a&apos;
System info: os.name: &apos;Windows 11&apos;, os.arch: &apos;amd64&apos;, os.version: &apos;10.0&apos;, java.version: &apos;21.0.9&apos;
Driver info: org.openqa.selenium.chrome.ChromeDriver
Command: [633b5c49ea9981d61779d9012561ca48, findElement {value=(//div[@class=&apos;rc-virtual-list&apos;])[2], using=xpath}]
Capabilities {acceptInsecureCerts: false, browserName: chrome, browserVersion: 143.0.7499.42, chrome: {chromedriverVersion: 143.0.7499.146 (c1224fc40c9..., userDataDir: C:\Users\CODECL~1\AppData\L...}, fedcm:accounts: true, goog:chromeOptions: {debuggerAddress: localhost:55969}, goog:processID: 15552, networkConnectionEnabled: false, pageLoadStrategy: normal, platformName: windows, proxy: Proxy(), se:cdp: ws://localhost:55969/devtoo..., se:cdpVersion: 143.0.7499.42, setWindowRect: true, strictFileInteractability: false, timeouts: {implicit: 0, pageLoad: 300000, script: 30000}, unhandledPromptBehavior: dismiss and notify, webauthn:extension:credBlob: true, webauthn:extension:largeBlob: true, webauthn:extension:minPinLength: true, webauthn:extension:prf: true, webauthn:virtualAuthenticators: true}
Session ID: 633b5c49ea9981d61779d9012561ca48
	at java.base/jdk.internal.reflect.DirectConstructorHandleAccessor.newInstance(DirectConstructorHandleAccessor.java:62)
	at java.base/java.lang.reflect.Constructor.newInstanceWithCaller(Constructor.java:502)
	at java.base/java.lang.reflect.Constructor.newInstance(Constructor.java:486)
	at org.openqa.selenium.remote.ErrorCodec.decode(ErrorCodec.java:167)
	at org.openqa.selenium.remote.codec.w3c.W3CHttpResponseCodec.decode(W3CHttpResponseCodec.java:138)
	at org.openqa.selenium.remote.codec.w3c.W3CHttpResponseCodec.decode(W3CHttpResponseCodec.java:50)
	at org.openqa.selenium.remote.HttpCommandExecutor.execute(HttpCommandExecutor.java:215)
	at org.openqa.selenium.remote.service.DriverCommandExecutor.invokeExecute(DriverCommandExecutor.java:216)
	at org.openqa.selenium.remote.service.DriverCommandExecutor.execute(DriverCommandExecutor.java:174)
	at org.openqa.selenium.remote.RemoteWebDriver.execute(RemoteWebDriver.java:544)
	at org.openqa.selenium.remote.ElementLocation$ElementFinder$2.findElement(ElementLocation.java:165)
	at org.openqa.selenium.remote.ElementLocation.findElement(ElementLocation.java:59)
	at org.openqa.selenium.remote.RemoteWebDriver.findElement(RemoteWebDriver.java:367)
	at org.openqa.selenium.remote.RemoteWebDriver.findElement(RemoteWebDriver.java:361)
	at org.openqa.selenium.support.pagefactory.DefaultElementLocator.findElement(DefaultElementLocator.java:68)
	at org.openqa.selenium.support.pagefactory.internal.LocatingElementHandler.invoke(LocatingElementHandler.java:38)
	at jdk.proxy2/jdk.proxy2.$Proxy17.isDisplayed(Unknown Source)
	at org.openqa.selenium.support.ui.ExpectedConditions.elementIfVisible(ExpectedConditions.java:304)
	at org.openqa.selenium.support.ui.ExpectedConditions$10.apply(ExpectedConditions.java:290)
	at org.openqa.selenium.support.ui.ExpectedConditions$10.apply(ExpectedConditions.java:287)
	at org.openqa.selenium.support.ui.FluentWait.until(FluentWait.java:203)
	... 29 more

</div> <!-- stack-trace -->
                </div> <!-- method-content -->
              </div> <!-- method -->
              <div class="method">
                <div class="method-content">
                  <a name="Add_case({Agreement Date=12/25/2025, Application Status=Approved, Approved Amount=16000, Attorney Name=Atty. ...)">
                  </a> <!-- Add_case({Agreement Date=12/25/2025, Application Status=Approved, Approved Amount=16000, Attorney Name=Atty. ...) -->
                  <span class="method-name">Add_case</span>
                  <span class="parameters">({Agreement Date=12/25/2025, Application Status=Approved, Approved Amount=16000, Attorney Name=Atty. Jason Bourne, Buyout Amount=9000, Buyout Expiry Date=12/25/2028, Buyout Funder Name=Frontline Capital Group, Case #=8, Case Type=Motor Vehicle Accident, Court Index Number=49D05-2310-CT-002031, Date of Incident=10/29/2023, Document prep fee=255, Fund transfer fee=85, Interest Start Date=12/25/2025, Law Firm Name=Bourne & Associates Injury Law, Lead Source=Broker - Jason Bourne, Plaintiff Address One=1582 Fairview Ave, Plaintiff Address Two=Fort Wayne, IN 46805, Plaintiff Email=logan.mckinney@plaintiffmail.com, Plaintiff Name=Logan Scott McKinney, Plaintiff Phone Number=555-201-0008, Rate of Return=38, Recommended Max Funding=16000, Requested Amount=35000, Risk Level=Moderate, SMS Message Body=Hi Logan, your auto accident funding request has been approved for a maximum of $16,000 based on your injuries and coverage. Our team will coordinate with your attorney on the final paperwork. – Lumberjack Legal Finance, SMS Message Title=Red-Light Crash Funding Approved, State=Indiana, Summary=Plaintiff with green light T-boned by red-light violator; spin and curb impact; fractured ribs, concussion and ongoing headaches., Underwriting Notes=Liability strong if signals and witnesses confirm defendant ran red. Rib fractures and concussion put value above typical soft-tissue cases. Need CT scans, neuro follow-up, work-impact details and BI/UM coverage info. With adequate limits and clean priors, 14–16k funding is supportable.},{Address Line 1=500 W Main St, Address Line 2=Apt 2D, Date of Birth=12/05/1996, Email=nina.koch@mailto.plus, First Name=Nina, Last Name=Koch, Middle Name=Sophie, Name Suffix=II, Phone number=208-555-0181, Social Security Number=490-33-7118, State=Idaho, Zip code=83702})</span>
                  <div class="stack-trace">org.openqa.selenium.TimeoutException: Expected condition failed: waiting for visibility of Proxy element for: DefaultElementLocator &apos;By.xpath: (//div[@class=&apos;rc-virtual-list&apos;])[4]&apos; (tried for 10 second(s) with 500 milliseconds interval)
	at org.openqa.selenium.support.ui.WebDriverWait.timeoutException(WebDriverWait.java:84)
	at org.openqa.selenium.support.ui.FluentWait.until(FluentWait.java:228)
	at Repeatative_codes.Repeat.wait_for_theElement(Repeat.java:40)
	at Locaters.Application_Locaters.Lead_Type_dropdown(Application_Locaters.java:149)
	at Enterprise_Codeclouds.Project.Enterprise.Case_Appplications.Add_case(Case_Appplications.java:94)
	at java.base/jdk.internal.reflect.DirectMethodHandleAccessor.invoke(DirectMethodHandleAccessor.java:103)
	at java.base/java.lang.reflect.Method.invoke(Method.java:580)
	at org.testng.internal.invokers.MethodInvocationHelper.invokeMethod(MethodInvocationHelper.java:141)
	at org.testng.internal.invokers.TestInvoker.invokeMethod(TestInvoker.java:687)
	at org.testng.internal.invokers.TestInvoker.invokeTestMethod(TestInvoker.java:230)
	at org.testng.internal.invokers.MethodRunner.runInSequence(MethodRunner.java:63)
	at org.testng.internal.invokers.TestInvoker$MethodInvocationAgent.invoke(TestInvoker.java:995)
	at org.testng.internal.invokers.TestInvoker.invokeTestMethods(TestInvoker.java:203)
	at org.testng.internal.invokers.TestMethodWorker.invokeTestMethods(TestMethodWorker.java:154)
	at org.testng.internal.invokers.TestMethodWorker.run(TestMethodWorker.java:134)
	at java.base/java.util.ArrayList.forEach(ArrayList.java:1596)
	at org.testng.TestRunner.privateRun(TestRunner.java:741)
	at org.testng.TestRunner.run(TestRunner.java:616)
	at org.testng.SuiteRunner.runTest(SuiteRunner.java:421)
	at org.testng.SuiteRunner.runSequentially(SuiteRunner.java:413)
	at org.testng.SuiteRunner.privateRun(SuiteRunner.java:373)
	at org.testng.SuiteRunner.run(SuiteRunner.java:312)
	at org.testng.SuiteRunnerWorker.runSuite(SuiteRunnerWorker.java:52)
	at org.testng.SuiteRunnerWorker.run(SuiteRunnerWorker.java:95)
	at org.testng.TestNG.runSuitesSequentially(TestNG.java:1274)
	at org.testng.TestNG.runSuitesLocally(TestNG.java:1208)
	at org.testng.TestNG.runSuites(TestNG.java:1112)
	at org.testng.TestNG.run(TestNG.java:1079)
	at org.testng.remote.AbstractRemoteTestNG.run(AbstractRemoteTestNG.java:115)
	at org.testng.remote.RemoteTestNG.initAndRun(RemoteTestNG.java:293)
	at org.testng.remote.RemoteTestNG.main(RemoteTestNG.java:91)
Caused by: org.openqa.selenium.NoSuchElementException: no such element: Unable to locate element: {&quot;method&quot;:&quot;xpath&quot;,&quot;selector&quot;:&quot;(//div[@class=&apos;rc-virtual-list&apos;])[4]&quot;}
  (Session info: chrome=143.0.7499.42)
For documentation on this error, please visit: https://www.selenium.dev/documentation/webdriver/troubleshooting/errors#no-such-element-exception
Build info: version: &apos;4.33.0&apos;, revision: &apos;2c6aaad03a&apos;
System info: os.name: &apos;Windows 11&apos;, os.arch: &apos;amd64&apos;, os.version: &apos;10.0&apos;, java.version: &apos;21.0.9&apos;
Driver info: org.openqa.selenium.chrome.ChromeDriver
Command: [2170271058001774de8aad6cfdb88dfe, findElement {value=(//div[@class=&apos;rc-virtual-list&apos;])[4], using=xpath}]
Capabilities {acceptInsecureCerts: false, browserName: chrome, browserVersion: 143.0.7499.42, chrome: {chromedriverVersion: 143.0.7499.146 (c1224fc40c9..., userDataDir: C:\Users\CODECL~1\AppData\L...}, fedcm:accounts: true, goog:chromeOptions: {debuggerAddress: localhost:60977}, goog:processID: 12020, networkConnectionEnabled: false, pageLoadStrategy: normal, platformName: windows, proxy: Proxy(), se:cdp: ws://localhost:60977/devtoo..., se:cdpVersion: 143.0.7499.42, setWindowRect: true, strictFileInteractability: false, timeouts: {implicit: 0, pageLoad: 300000, script: 30000}, unhandledPromptBehavior: dismiss and notify, webauthn:extension:credBlob: true, webauthn:extension:largeBlob: true, webauthn:extension:minPinLength: true, webauthn:extension:prf: true, webauthn:virtualAuthenticators: true}
Session ID: 2170271058001774de8aad6cfdb88dfe
	at java.base/jdk.internal.reflect.DirectConstructorHandleAccessor.newInstance(DirectConstructorHandleAccessor.java:62)
	at java.base/java.lang.reflect.Constructor.newInstanceWithCaller(Constructor.java:502)
	at java.base/java.lang.reflect.Constructor.newInstance(Constructor.java:486)
	at org.openqa.selenium.remote.ErrorCodec.decode(ErrorCodec.java:167)
	at org.openqa.selenium.remote.codec.w3c.W3CHttpResponseCodec.decode(W3CHttpResponseCodec.java:138)
	at org.openqa.selenium.remote.codec.w3c.W3CHttpResponseCodec.decode(W3CHttpResponseCodec.java:50)
	at org.openqa.selenium.remote.HttpCommandExecutor.execute(HttpCommandExecutor.java:215)
	at org.openqa.selenium.remote.service.DriverCommandExecutor.invokeExecute(DriverCommandExecutor.java:216)
	at org.openqa.selenium.remote.service.DriverCommandExecutor.execute(DriverCommandExecutor.java:174)
	at org.openqa.selenium.remote.RemoteWebDriver.execute(RemoteWebDriver.java:544)
	at org.openqa.selenium.remote.ElementLocation$ElementFinder$2.findElement(ElementLocation.java:165)
	at org.openqa.selenium.remote.ElementLocation.findElement(ElementLocation.java:59)
	at org.openqa.selenium.remote.RemoteWebDriver.findElement(RemoteWebDriver.java:367)
	at org.openqa.selenium.remote.RemoteWebDriver.findElement(RemoteWebDriver.java:361)
	at org.openqa.selenium.support.pagefactory.DefaultElementLocator.findElement(DefaultElementLocator.java:68)
	at org.openqa.selenium.support.pagefactory.internal.LocatingElementHandler.invoke(LocatingElementHandler.java:38)
	at jdk.proxy2/jdk.proxy2.$Proxy17.isDisplayed(Unknown Source)
	at org.openqa.selenium.support.ui.ExpectedConditions.elementIfVisible(ExpectedConditions.java:304)
	at org.openqa.selenium.support.ui.ExpectedConditions$10.apply(ExpectedConditions.java:290)
	at org.openqa.selenium.support.ui.ExpectedConditions$10.apply(ExpectedConditions.java:287)
	at org.openqa.selenium.support.ui.FluentWait.until(FluentWait.java:203)
	... 29 more

</div> <!-- stack-trace -->
                </div> <!-- method-content -->
              </div> <!-- method -->
            </div> <!-- main-panel-content rounded-window-bottom -->
          </div> <!-- suite-Default_suite-class-failed -->
          <div class="suite-Default_suite-class-passed">
            <div class="main-panel-header rounded-window-top">
              <img src="passed.png"/>
              <span class="class-name">Enterprise_Codeclouds.Project.Enterprise.Case_Appplications</span>
            </div> <!-- main-panel-header rounded-window-top -->
            <div class="main-panel-content rounded-window-bottom">
              <div class="method">
                <div class="method-content">
                  <a name="Add_case({Agreement Date=12/25/2025, Application Status=Funded, Approved Amount=50000, Attorney Name=Atty. Ca...)">
                  </a> <!-- Add_case({Agreement Date=12/25/2025, Application Status=Funded, Approved Amount=50000, Attorney Name=Atty. Ca...) -->
                  <span class="method-name">Add_case</span>
                  <span class="parameters">({Agreement Date=12/25/2025, Application Status=Funded, Approved Amount=50000, Attorney Name=Atty. Caroline Blake, Buyout Amount=30000, Buyout Expiry Date=12/25/2028, Buyout Funder Name=Summit Legal Funding, Case #=6, Case Type=Wrongful Death, Court Index Number=22CI-2207-WD-000342, Date of Incident=07/18/2022, Document prep fee=300, Fund transfer fee=100, Interest Start Date=12/25/2025, Law Firm Name=Blake & Rowan Trucking Litigation, Lead Source=Attorney Referral, Plaintiff Address One=74 Maple Ridge Ln, Plaintiff Address Two=Lexington, KY 40505, Plaintiff Email=estate.callahan@plaintiffmail.com, Plaintiff Name=Raymond Luke Callahan, Plaintiff Phone Number=555-201-0006, Rate of Return=45, Recommended Max Funding=50000, Requested Amount=100000, Risk Level=Low-Moderate, SMS Message Body=Hello, this is a confirmation that your wrongful death case funding has been finalized and disbursed according to the agreement on file. Please contact your attorney if you have questions about the net amount received. – Lumberjack Legal Finance, SMS Message Title=Funding Disbursed, State=Kentucky, Summary=Passenger killed when truck failed to brake for slowed interstate traffic; catastrophic injuries and death; alleged distraction and HOS violations., Underwriting Notes=High-severity trucking wrongful death with likely commercial limits and potential punitive angle if logs and hours-of-service issues are proven. Need estate docs, policy limits, reconstruction and ELD/log data. Timeline is long but upside large, so recommend staged funding up to 40–50k as liability and coverage proof develops.},{Address Line 1=901 S Kansas Ave, Address Line 2=Room 14, Date of Birth=01/30/1991, Email=felix.weber@mailto.plus, First Name=Felix, Last Name=Weber, Middle Name=Karl, Name Suffix=Sr, Phone number=785-555-0164, Social Security Number=338-74-2061, State=Kansas, Zip code=66603})</span>
                </div> <!-- method-content -->
              </div> <!-- method -->
              <div class="method">
                <div class="method-content">
                  <a name="Add_case({Agreement Date=12/25/2025, Application Status=Approved, Approved Amount=16000, Attorney Name=Atty. ...)">
                  </a> <!-- Add_case({Agreement Date=12/25/2025, Application Status=Approved, Approved Amount=16000, Attorney Name=Atty. ...) -->
                  <span class="method-name">Add_case</span>
                  <span class="parameters">({Agreement Date=12/25/2025, Application Status=Approved, Approved Amount=16000, Attorney Name=Atty. Emily Rogers, Buyout Amount=9000, Buyout Expiry Date=12/25/2028, Buyout Funder Name=Liberty Legal Funding, Case #=18, Case Type=Pedestrian Knockdown, Court Index Number=49D02-2409-CT-000604, Date of Incident=09/09/2024, Document prep fee=245, Fund transfer fee=80, Interest Start Date=12/25/2025, Law Firm Name=Rogers & Hale Pedestrian Law Group, Lead Source=Attorney Referral, Plaintiff Address One=580 Crosswalk Ln, Plaintiff Address Two=Indianapolis, IN 46227, Plaintiff Email=gabriel.summers@plaintiffmail.com, Plaintiff Name=Gabriel Ryan Summers, Plaintiff Phone Number=555-201-0018, Rate of Return=37, Recommended Max Funding=16000, Requested Amount=32000, Risk Level=Moderate-Low, SMS Message Body=Hi Gabriel, your pedestrian knockdown funding request has been approved for up to $16,000. Please review the agreement with your attorney so we can release funds quickly. – Lumberjack Legal Finance, SMS Message Title=Pedestrian Case Funding Approved, State=Indiana, Summary=Pedestrian in marked crosswalk with walk signal struck by right-on-red driver; tibia fracture with hardware; ongoing PT and off work from standing job., Underwriting Notes=Pedestrian with walk signal has excellent liability posture. Tibial fracture with surgery and temporary total disability supports strong damages. Need operative report, PT records, wage info and BI/UM coverage details. Long-term arthritis risk adds value. Recommend funding in the 14–16k range as recovery and permanency develop.},{Address Line 1=500 Woodward Ave, Address Line 2=Floor 12, Date of Birth=04/10/1989, Email=bastien.chevalier@mailto.plus, First Name=Bastien, Last Name=Chevalier, Middle Name=Andre, Name Suffix=Sr, Phone number=313-555-0115, Social Security Number=517-24-9086, State=Michigan, Zip code=48226})</span>
                </div> <!-- method-content -->
              </div> <!-- method -->
              <div class="method">
                <div class="method-content">
                  <a name="Add_case({Agreement Date=12/25/2025, Application Status=Approved, Approved Amount=12000, Attorney Name=Atty. ...)">
                  </a> <!-- Add_case({Agreement Date=12/25/2025, Application Status=Approved, Approved Amount=12000, Attorney Name=Atty. ...) -->
                  <span class="method-name">Add_case</span>
                  <span class="parameters">({Agreement Date=12/25/2025, Application Status=Approved, Approved Amount=12000, Attorney Name=Atty. Melissa Grant, Buyout Amount=8000, Buyout Expiry Date=12/25/2028, Buyout Funder Name=Summit Legal Funding, Case #=1, Case Type=Motor Vehicle Accident, Court Index Number=49D12-2403-CT-001201, Date of Incident=03/14/2024, Document prep fee=250, Fund transfer fee=75, Interest Start Date=12/25/2025, Law Firm Name=Grant & Lawson Injury Law, Lead Source=Attorney Referral, Plaintiff Address One=1245 N Meridian St, Plaintiff Address Two=Indianapolis, IN 46204, Plaintiff Email=caleb.lawson@plaintiffmail.com, Plaintiff Name=Caleb Hunter Lawson, Plaintiff Phone Number=555-201-0001, Rate of Return=38, Recommended Max Funding=12000, Requested Amount=25000, Risk Level=Moderate, SMS Message Body=Hi Caleb, your motor vehicle case funding request has been approved for up to $12,000. Our team will contact you shortly to confirm disbursement details. – Lumberjack Legal Finance, SMS Message Title=Funding Application Approved, State=Indiana, Summary=Rear-end collision on I-65; plaintiff rear-ended in congestion, airbags deployed, whiplash, PT with residual stiffness and work loss., Underwriting Notes=Strong rear-end liability with citation for following too closely. Soft-tissue neck/back injury but supported by ER visit, imaging, PT and wage loss. Need full medical records, wage docs and prior-claim check. Assuming clean priors and adequate BI limits, case supports funding up to about 12k.},{Address Line 1=221 Lake Shore Dr, Address Line 2=Apt 12B, Date of Birth=02/14/1993, Email=amelie.dubois@mailto.plus, First Name=Amelie, Last Name=Dubois, Middle Name=Claire, Name Suffix=Jr, Phone number=312-555-0147, Social Security Number=215-48-7391, State=Illinois, Zip code=60601})</span>
                </div> <!-- method-content -->
              </div> <!-- method -->
              <div class="method">
                <div class="method-content">
                  <a name="Add_case({Agreement Date=12/25/2025, Application Status=Approved, Approved Amount=14000, Attorney Name=Atty. ...)">
                  </a> <!-- Add_case({Agreement Date=12/25/2025, Application Status=Approved, Approved Amount=14000, Attorney Name=Atty. ...) -->
                  <span class="method-name">Add_case</span>
                  <span class="parameters">({Agreement Date=12/25/2025, Application Status=Approved, Approved Amount=14000, Attorney Name=Atty. Peter Collins, Buyout Amount=7000, Buyout Expiry Date=12/25/2028, Buyout Funder Name=Liberty Legal Funding, Case #=13, Case Type=Motor Vehicle Accident, Court Index Number=20CI-2405-CT-000774, Date of Incident=05/07/2024, Document prep fee=240, Fund transfer fee=75, Interest Start Date=12/25/2025, Law Firm Name=Collins & Hart School Zone Injury, Lead Source=Attorney Referral, Plaintiff Address One=133 Pine Hill Rd, Plaintiff Address Two=Louisville, KY 40220, Plaintiff Email=adrian.foster@plaintiffmail.com, Plaintiff Name=Adrian Blake Foster, Plaintiff Phone Number=555-201-0013, Rate of Return=37, Recommended Max Funding=14000, Requested Amount=28000, Risk Level=Moderate, SMS Message Body=Hi Adrian, your school-zone rear-end accident funding has been approved up to $14,000. Your attorney will walk you through the agreement and next steps before funds are released. – Lumberjack Legal Finance, SMS Message Title=School Zone Crash Funding Approved, State=Kentucky, Summary=Rear-end collision in school zone; defendant allegedly distracted by phone; MRI shows cervical disc bulge with radiating pain., Underwriting Notes=Rear-end in a school zone plus phone distraction evidence makes liability favorable. Disc pathology raises value above simple sprain or strain. Need pain-management notes, work-impact details, prior neck history and coverage info. With clean priors and decent limits, funding in the 12–14k range is reasonable.},{Address Line 1=200 S Las Vegas Blvd, Address Line 2=Unit 11C, Date of Birth=01/16/1988, Email=maximilian.krause@mailto.plus, First Name=Maximilian, Last Name=Krause, Middle Name=Otto, Name Suffix=Sr, Phone number=702-555-0135, Social Security Number=268-55-9037, State=Nevada, Zip code=89101})</span>
                </div> <!-- method-content -->
              </div> <!-- method -->
            </div> <!-- main-panel-content rounded-window-bottom -->
          </div> <!-- suite-Default_suite-class-passed -->
        </div> <!-- panel Default_suite -->
        <div panel-name="test-xml-Default_suite" class="panel">
          <div class="main-panel-header rounded-window-top">
            <span class="header-content">C:\Users\CODECLOUDS-AYAN\AppData\Local\Temp\testng-eclipse-1261656557\testng-customsuite.xml</span>
          </div> <!-- main-panel-header rounded-window-top -->
          <div class="main-panel-content rounded-window-bottom">
            <pre>
&lt;?xml version=&quot;1.0&quot; encoding=&quot;UTF-8&quot;?&gt;
&lt;!DOCTYPE suite SYSTEM &quot;https://testng.org/testng-1.0.dtd&quot;&gt;
&lt;suite name=&quot;Default suite&quot; guice-stage=&quot;DEVELOPMENT&quot;&gt;
  &lt;test thread-count=&quot;5&quot; name=&quot;Default test&quot; verbose=&quot;2&quot;&gt;
    &lt;classes&gt;
      &lt;class name=&quot;Enterprise_Codeclouds.Project.Enterprise.Case_Appplications&quot;&gt;
        &lt;methods&gt;
          &lt;include name=&quot;Add_case&quot;/&gt;
        &lt;/methods&gt;
      &lt;/class&gt; &lt;!-- Enterprise_Codeclouds.Project.Enterprise.Case_Appplications --&gt;
    &lt;/classes&gt;
  &lt;/test&gt; &lt;!-- Default test --&gt;
&lt;/suite&gt; &lt;!-- Default suite --&gt;
            </pre>
          </div> <!-- main-panel-content rounded-window-bottom -->
        </div> <!-- panel -->
        <div panel-name="testlist-Default_suite" class="panel">
          <div class="main-panel-header rounded-window-top">
            <span class="header-content">Tests for Default suite</span>
          </div> <!-- main-panel-header rounded-window-top -->
          <div class="main-panel-content rounded-window-bottom">
            <ul>
              <li>
                <span class="test-name">Default test (1 class)</span>
              </li>
            </ul>
          </div> <!-- main-panel-content rounded-window-bottom -->
        </div> <!-- panel -->
        <div panel-name="group-Default_suite" class="panel">
          <div class="main-panel-header rounded-window-top">
            <span class="header-content">Groups for Default suite</span>
          </div> <!-- main-panel-header rounded-window-top -->
          <div class="main-panel-content rounded-window-bottom">
          </div> <!-- main-panel-content rounded-window-bottom -->
        </div> <!-- panel -->
        <div panel-name="times-Default_suite" class="panel">
          <div class="main-panel-header rounded-window-top">
            <span class="header-content">Times for Default suite</span>
          </div> <!-- main-panel-header rounded-window-top -->
          <div class="main-panel-content rounded-window-bottom">
            <div class="times-div">
              <script type="text/javascript">
suiteTableInitFunctions.push('tableData_Default_suite');
function tableData_Default_suite() {
var data = new google.visualization.DataTable();
data.addColumn('number', 'Number');
data.addColumn('string', 'Method');
data.addColumn('string', 'Class');
data.addColumn('number', 'Time (ms)');
data.addRows(20);
data.setCell(0, 0, 0)
data.setCell(0, 1, 'Add_case')
data.setCell(0, 2, 'Enterprise_Codeclouds.Project.Enterprise.Case_Appplications')
data.setCell(0, 3, 62326);
data.setCell(1, 0, 1)
data.setCell(1, 1, 'Add_case')
data.setCell(1, 2, 'Enterprise_Codeclouds.Project.Enterprise.Case_Appplications')
data.setCell(1, 3, 62316);
data.setCell(2, 0, 2)
data.setCell(2, 1, 'Add_case')
data.setCell(2, 2, 'Enterprise_Codeclouds.Project.Enterprise.Case_Appplications')
data.setCell(2, 3, 60334);
data.setCell(3, 0, 3)
data.setCell(3, 1, 'Add_case')
data.setCell(3, 2, 'Enterprise_Codeclouds.Project.Enterprise.Case_Appplications')
data.setCell(3, 3, 60178);
data.setCell(4, 0, 4)
data.setCell(4, 1, 'Add_case')
data.setCell(4, 2, 'Enterprise_Codeclouds.Project.Enterprise.Case_Appplications')
data.setCell(4, 3, 25922);
data.setCell(5, 0, 5)
data.setCell(5, 1, 'Add_case')
data.setCell(5, 2, 'Enterprise_Codeclouds.Project.Enterprise.Case_Appplications')
data.setCell(5, 3, 25752);
data.setCell(6, 0, 6)
data.setCell(6, 1, 'Add_case')
data.setCell(6, 2, 'Enterprise_Codeclouds.Project.Enterprise.Case_Appplications')
data.setCell(6, 3, 25655);
data.setCell(7, 0, 7)
data.setCell(7, 1, 'Add_case')
data.setCell(7, 2, 'Enterprise_Codeclouds.Project.Enterprise.Case_Appplications')
data.setCell(7, 3, 25588);
data.setCell(8, 0, 8)
data.setCell(8, 1, 'Add_case')
data.setCell(8, 2, 'Enterprise_Codeclouds.Project.Enterprise.Case_Appplications')
data.setCell(8, 3, 25510);
data.setCell(9, 0, 9)
data.setCell(9, 1, 'Add_case')
data.setCell(9, 2, 'Enterprise_Codeclouds.Project.Enterprise.Case_Appplications')
data.setCell(9, 3, 25130);
data.setCell(10, 0, 10)
data.setCell(10, 1, 'Add_case')
data.setCell(10, 2, 'Enterprise_Codeclouds.Project.Enterprise.Case_Appplications')
data.setCell(10, 3, 25086);
data.setCell(11, 0, 11)
data.setCell(11, 1, 'Add_case')
data.setCell(11, 2, 'Enterprise_Codeclouds.Project.Enterprise.Case_Appplications')
data.setCell(11, 3, 24922);
data.setCell(12, 0, 12)
data.setCell(12, 1, 'Add_case')
data.setCell(12, 2, 'Enterprise_Codeclouds.Project.Enterprise.Case_Appplications')
data.setCell(12, 3, 24356);
data.setCell(13, 0, 13)
data.setCell(13, 1, 'Add_case')
data.setCell(13, 2, 'Enterprise_Codeclouds.Project.Enterprise.Case_Appplications')
data.setCell(13, 3, 24214);
data.setCell(14, 0, 14)
data.setCell(14, 1, 'Add_case')
data.setCell(14, 2, 'Enterprise_Codeclouds.Project.Enterprise.Case_Appplications')
data.setCell(14, 3, 24188);
data.setCell(15, 0, 15)
data.setCell(15, 1, 'Add_case')
data.setCell(15, 2, 'Enterprise_Codeclouds.Project.Enterprise.Case_Appplications')
data.setCell(15, 3, 21518);
data.setCell(16, 0, 16)
data.setCell(16, 1, 'Add_case')
data.setCell(16, 2, 'Enterprise_Codeclouds.Project.Enterprise.Case_Appplications')
data.setCell(16, 3, 21302);
data.setCell(17, 0, 17)
data.setCell(17, 1, 'Add_case')
data.setCell(17, 2, 'Enterprise_Codeclouds.Project.Enterprise.Case_Appplications')
data.setCell(17, 3, 20962);
data.setCell(18, 0, 18)
data.setCell(18, 1, 'Add_case')
data.setCell(18, 2, 'Enterprise_Codeclouds.Project.Enterprise.Case_Appplications')
data.setCell(18, 3, 20954);
data.setCell(19, 0, 19)
data.setCell(19, 1, 'Add_case')
data.setCell(19, 2, 'Enterprise_Codeclouds.Project.Enterprise.Case_Appplications')
data.setCell(19, 3, 20439);
window.suiteTableData['Default_suite']= { tableData: data, tableDiv: 'times-div-Default_suite'}
return data;
}
              </script>
              <span class="suite-total-time">Total running time: 10 minutes</span>
              <div id="times-div-Default_suite">
              </div> <!-- times-div-Default_suite -->
            </div> <!-- times-div -->
          </div> <!-- main-panel-content rounded-window-bottom -->
        </div> <!-- panel -->
        <div panel-name="reporter-Default_suite" class="panel">
          <div class="main-panel-header rounded-window-top">
            <span class="header-content">Reporter output for Default suite</span>
          </div> <!-- main-panel-header rounded-window-top -->
          <div class="main-panel-content rounded-window-bottom">
          </div> <!-- main-panel-content rounded-window-bottom -->
        </div> <!-- panel -->
        <div panel-name="ignored-methods-Default_suite" class="panel">
          <div class="main-panel-header rounded-window-top">
            <span class="header-content">1 ignored method</span>
          </div> <!-- main-panel-header rounded-window-top -->
          <div class="main-panel-content rounded-window-bottom">
            <div class="ignored-class-div">
              <span class="ignored-class-name">Enterprise_Codeclouds.Project.Enterprise.Case_Appplications</span>
              <div class="ignored-methods-div">
                <span class="ignored-method-name">Added_application_delete</span>
                <br/>
              </div> <!-- ignored-methods-div -->
            </div> <!-- ignored-class-div -->
          </div> <!-- main-panel-content rounded-window-bottom -->
        </div> <!-- panel -->
        <div panel-name="chronological-Default_suite" class="panel">
          <div class="main-panel-header rounded-window-top">
            <span class="header-content">Methods in chronological order</span>
          </div> <!-- main-panel-header rounded-window-top -->
          <div class="main-panel-content rounded-window-bottom">
            <div class="chronological-class">
              <div class="chronological-class-name">Enterprise_Codeclouds.Project.Enterprise.Case_Appplications</div> <!-- chronological-class-name -->
              <div class="configuration-method before">
                <span class="method-name">setup</span>
                <span class="method-start">0 ms</span>
              </div> <!-- configuration-method before -->
              <div class="test-method">
                <span class="method-name">Add_case({Agreement Date=12/25/2025, Application Status=Approved, Approved Amount=12000, Attorney Name=Atty. ...)</span>
                <span class="method-start">3145 ms</span>
              </div> <!-- test-method -->
              <div class="configuration-method after">
                <span class="method-name">Kill</span>
                <span class="method-start">65471 ms</span>
              </div> <!-- configuration-method after -->
              <div class="configuration-method before">
                <span class="method-name">setup</span>
                <span class="method-start">65878 ms</span>
              </div> <!-- configuration-method before -->
              <div class="test-method">
                <img src="failed.png">
                </img>
                <span class="method-name">Add_case({Agreement Date=12/25/2025, Application Status=In Review, Approved Amount=25000, Attorney Name=Atty....)</span>
                <span class="method-start">66967 ms</span>
              </div> <!-- test-method -->
              <div class="configuration-method after">
                <span class="method-name">Kill</span>
                <span class="method-start">91355 ms</span>
              </div> <!-- configuration-method after -->
              <div class="configuration-method before">
                <span class="method-name">setup</span>
                <span class="method-start">91726 ms</span>
              </div> <!-- configuration-method before -->
              <div class="test-method">
                <img src="failed.png">
                </img>
                <span class="method-name">Add_case({Agreement Date=12/25/2025, Application Status=Approved, Approved Amount=7500, Attorney Name=Atty. O...)</span>
                <span class="method-start">92832 ms</span>
              </div> <!-- test-method -->
              <div class="configuration-method after">
                <span class="method-name">Kill</span>
                <span class="method-start">118592 ms</span>
              </div> <!-- configuration-method after -->
              <div class="configuration-method before">
                <span class="method-name">setup</span>
                <span class="method-start">119013 ms</span>
              </div> <!-- configuration-method before -->
              <div class="test-method">
                <img src="failed.png">
                </img>
                <span class="method-name">Add_case({Agreement Date=12/25/2025, Application Status=Pending Docs, Approved Amount=12000, Attorney Name=At...)</span>
                <span class="method-start">120142 ms</span>
              </div> <!-- test-method -->
              <div class="configuration-method after">
                <span class="method-name">Kill</span>
                <span class="method-start">141104 ms</span>
              </div> <!-- configuration-method after -->
              <div class="configuration-method before">
                <span class="method-name">setup</span>
                <span class="method-start">141485 ms</span>
              </div> <!-- configuration-method before -->
              <div class="test-method">
                <img src="failed.png">
                </img>
                <span class="method-name">Add_case({Agreement Date=12/25/2025, Application Status=Approved, Approved Amount=18000, Attorney Name=Atty. ...)</span>
                <span class="method-start">142613 ms</span>
              </div> <!-- test-method -->
              <div class="configuration-method after">
                <span class="method-name">Kill</span>
                <span class="method-start">166827 ms</span>
              </div> <!-- configuration-method after -->
              <div class="configuration-method before">
                <span class="method-name">setup</span>
                <span class="method-start">167220 ms</span>
              </div> <!-- configuration-method before -->
              <div class="test-method">
                <span class="method-name">Add_case({Agreement Date=12/25/2025, Application Status=Funded, Approved Amount=50000, Attorney Name=Atty. Ca...)</span>
                <span class="method-start">168326 ms</span>
              </div> <!-- test-method -->
              <div class="configuration-method after">
                <span class="method-name">Kill</span>
                <span class="method-start">228663 ms</span>
              </div> <!-- configuration-method after -->
              <div class="configuration-method before">
                <span class="method-name">setup</span>
                <span class="method-start">229043 ms</span>
              </div> <!-- configuration-method before -->
              <div class="test-method">
                <img src="failed.png">
                </img>
                <span class="method-name">Add_case({Agreement Date=12/25/2025, Application Status=Approved, Approved Amount=10000, Attorney Name=Atty. ...)</span>
                <span class="method-start">230104 ms</span>
              </div> <!-- test-method -->
              <div class="configuration-method after">
                <span class="method-name">Kill</span>
                <span class="method-start">256042 ms</span>
              </div> <!-- configuration-method after -->
              <div class="configuration-method before">
                <span class="method-name">setup</span>
                <span class="method-start">256421 ms</span>
              </div> <!-- configuration-method before -->
              <div class="test-method">
                <img src="failed.png">
                </img>
                <span class="method-name">Add_case({Agreement Date=12/25/2025, Application Status=Approved, Approved Amount=16000, Attorney Name=Atty. ...)</span>
                <span class="method-start">257462 ms</span>
              </div> <!-- test-method -->
              <div class="configuration-method after">
                <span class="method-name">Kill</span>
                <span class="method-start">281657 ms</span>
              </div> <!-- configuration-method after -->
              <div class="configuration-method before">
                <span class="method-name">setup</span>
                <span class="method-start">281988 ms</span>
              </div> <!-- configuration-method before -->
              <div class="test-method">
                <img src="failed.png">
                </img>
                <span class="method-name">Add_case({Agreement Date=12/25/2025, Application Status=In Review, Approved Amount=22000, Attorney Name=Atty....)</span>
                <span class="method-start">283051 ms</span>
              </div> <!-- test-method -->
              <div class="configuration-method after">
                <span class="method-name">Kill</span>
                <span class="method-start">304005 ms</span>
              </div> <!-- configuration-method after -->
              <div class="configuration-method before">
                <span class="method-name">setup</span>
                <span class="method-start">304371 ms</span>
              </div> <!-- configuration-method before -->
              <div class="test-method">
                <img src="failed.png">
                </img>
                <span class="method-name">Add_case({Agreement Date=12/25/2025, Application Status=Approved, Approved Amount=30000, Attorney Name=Atty. ...)</span>
                <span class="method-start">305432 ms</span>
              </div> <!-- test-method -->
              <div class="configuration-method after">
                <span class="method-name">Kill</span>
                <span class="method-start">325876 ms</span>
              </div> <!-- configuration-method after -->
              <div class="configuration-method before">
                <span class="method-name">setup</span>
                <span class="method-start">326290 ms</span>
              </div> <!-- configuration-method before -->
              <div class="test-method">
                <img src="failed.png">
                </img>
                <span class="method-name">Add_case({Agreement Date=12/25/2025, Application Status=Approved, Approved Amount=6000, Attorney Name=Atty. R...)</span>
                <span class="method-start">327378 ms</span>
              </div> <!-- test-method -->
              <div class="configuration-method after">
                <span class="method-name">Kill</span>
                <span class="method-start">352464 ms</span>
              </div> <!-- configuration-method after -->
              <div class="configuration-method before">
                <span class="method-name">setup</span>
                <span class="method-start">352827 ms</span>
              </div> <!-- configuration-method before -->
              <div class="test-method">
                <img src="failed.png">
                </img>
                <span class="method-name">Add_case({Agreement Date=12/25/2025, Application Status=In Review, Approved Amount=30000, Attorney Name=Atty....)</span>
                <span class="method-start">353890 ms</span>
              </div> <!-- test-method -->
              <div class="configuration-method after">
                <span class="method-name">Kill</span>
                <span class="method-start">379483 ms</span>
              </div> <!-- configuration-method after -->
              <div class="configuration-method before">
                <span class="method-name">setup</span>
                <span class="method-start">379912 ms</span>
              </div> <!-- configuration-method before -->
              <div class="test-method">
                <span class="method-name">Add_case({Agreement Date=12/25/2025, Application Status=Approved, Approved Amount=14000, Attorney Name=Atty. ...)</span>
                <span class="method-start">380986 ms</span>
              </div> <!-- test-method -->
              <div class="configuration-method after">
                <span class="method-name">Kill</span>
                <span class="method-start">441164 ms</span>
              </div> <!-- configuration-method after -->
              <div class="configuration-method before">
                <span class="method-name">setup</span>
                <span class="method-start">441610 ms</span>
              </div> <!-- configuration-method before -->
              <div class="test-method">
                <img src="failed.png">
                </img>
                <span class="method-name">Add_case({Agreement Date=12/25/2025, Application Status=In Review, Approved Amount=35000, Attorney Name=Atty....)</span>
                <span class="method-start">442697 ms</span>
              </div> <!-- test-method -->
              <div class="configuration-method after">
                <span class="method-name">Kill</span>
                <span class="method-start">468207 ms</span>
              </div> <!-- configuration-method after -->
              <div class="configuration-method before">
                <span class="method-name">setup</span>
                <span class="method-start">468594 ms</span>
              </div> <!-- configuration-method before -->
              <div class="test-method">
                <img src="failed.png">
                </img>
                <span class="method-name">Add_case({Agreement Date=12/25/2025, Application Status=Approved, Approved Amount=9000, Attorney Name=Atty. H...)</span>
                <span class="method-start">469705 ms</span>
              </div> <!-- test-method -->
              <div class="configuration-method after">
                <span class="method-name">Kill</span>
                <span class="method-start">491223 ms</span>
              </div> <!-- configuration-method after -->
              <div class="configuration-method before">
                <span class="method-name">setup</span>
                <span class="method-start">491620 ms</span>
              </div> <!-- configuration-method before -->
              <div class="test-method">
                <img src="failed.png">
                </img>
                <span class="method-name">Add_case({Agreement Date=12/25/2025, Application Status=Approved, Approved Amount=7000, Attorney Name=Atty. V...)</span>
                <span class="method-start">492708 ms</span>
              </div> <!-- test-method -->
              <div class="configuration-method after">
                <span class="method-name">Kill</span>
                <span class="method-start">517634 ms</span>
              </div> <!-- configuration-method after -->
              <div class="configuration-method before">
                <span class="method-name">setup</span>
                <span class="method-start">518020 ms</span>
              </div> <!-- configuration-method before -->
              <div class="test-method">
                <img src="failed.png">
                </img>
                <span class="method-name">Add_case({Agreement Date=12/25/2025, Application Status=In Review, Approved Amount=35000, Attorney Name=Atty....)</span>
                <span class="method-start">519152 ms</span>
              </div> <!-- test-method -->
              <div class="configuration-method after">
                <span class="method-name">Kill</span>
                <span class="method-start">540459 ms</span>
              </div> <!-- configuration-method after -->
              <div class="configuration-method before">
                <span class="method-name">setup</span>
                <span class="method-start">540856 ms</span>
              </div> <!-- configuration-method before -->
              <div class="test-method">
                <span class="method-name">Add_case({Agreement Date=12/25/2025, Application Status=Approved, Approved Amount=16000, Attorney Name=Atty. ...)</span>
                <span class="method-start">541978 ms</span>
              </div> <!-- test-method -->
              <div class="configuration-method after">
                <span class="method-name">Kill</span>
                <span class="method-start">604306 ms</span>
              </div> <!-- configuration-method after -->
              <div class="configuration-method before">
                <span class="method-name">setup</span>
                <span class="method-start">604738 ms</span>
              </div> <!-- configuration-method before -->
              <div class="test-method">
                <img src="failed.png">
                </img>
                <span class="method-name">Add_case({Agreement Date=12/25/2025, Application Status=In Review, Approved Amount=60000, Attorney Name=Atty....)</span>
                <span class="method-start">605843 ms</span>
              </div> <!-- test-method -->
              <div class="configuration-method after">
                <span class="method-name">Kill</span>
                <span class="method-start">630977 ms</span>
              </div> <!-- configuration-method after -->
              <div class="configuration-method before">
                <span class="method-name">setup</span>
                <span class="method-start">631353 ms</span>
              </div> <!-- configuration-method before -->
              <div class="test-method">
                <img src="failed.png">
                </img>
                <span class="method-name">Add_case({Agreement Date=12/25/2025, Application Status=Approved, Approved Amount=11000, Attorney Name=Atty. ...)</span>
                <span class="method-start">632402 ms</span>
              </div> <!-- test-method -->
              <div class="configuration-method after">
                <span class="method-name">Kill</span>
                <span class="method-start">658077 ms</span>
              </div> <!-- configuration-method after -->
          </div> <!-- main-panel-content rounded-window-bottom -->
        </div> <!-- panel -->
      </div> <!-- main-panel-root -->
    </div> <!-- wrapper -->
  </body>
<script type="text/javascript" src="testng-reports2.js"></script>
</html>
