<?xml version="1.0" encoding="UTF-8"?>
<testng-results ignored="0" total="3" passed="3" failed="0" skipped="0">
  <reporter-output>
  </reporter-output>
  <suite started-at="2025-12-11T20:25:21 IST" name="Default suite" finished-at="2025-12-11T20:25:57 IST" duration-ms="35526">
    <groups>
    </groups>
    <test started-at="2025-12-11T20:25:21 IST" name="Default test" finished-at="2025-12-11T20:25:57 IST" duration-ms="35526">
      <class name="Negative_Testcases.Login_negative_testcases">
        <test-method is-config="true" signature="setup()[pri:0, instance:Negative_Testcases.Login_negative_testcases@4e08711f]" started-at="2025-12-11T20:25:21 IST" name="setup" finished-at="2025-12-11T20:25:24 IST" duration-ms="2552" status="PASS">
          <reporter-output>
          </reporter-output>
        </test-method> <!-- setup -->
        <test-method signature="login_validation(java.util.TreeMap)[pri:0, instance:Negative_Testcases.Login_negative_testcases@4e08711f]" started-at="2025-12-11T20:25:24 IST" name="login_validation" data-provider="login_datas" finished-at="2025-12-11T20:25:34 IST" duration-ms="10499" status="PASS">
          <params>
            <param index="0">
              <value>
                <![CDATA[{id=ayan.sengupta@codeclouds.com, pass=22355}]]>
              </value>
            </param>
          </params>
          <reporter-output>
          </reporter-output>
        </test-method> <!-- login_validation -->
        <test-method is-config="true" signature="Kill()[pri:0, instance:Negative_Testcases.Login_negative_testcases@4e08711f]" started-at="2025-12-11T20:25:34 IST" name="Kill" finished-at="2025-12-11T20:25:35 IST" duration-ms="317" status="PASS">
          <reporter-output>
          </reporter-output>
        </test-method> <!-- Kill -->
        <test-method is-config="true" signature="setup()[pri:0, instance:Negative_Testcases.Login_negative_testcases@4e08711f]" started-at="2025-12-11T20:25:35 IST" name="setup" finished-at="2025-12-11T20:25:36 IST" duration-ms="1155" status="PASS">
          <reporter-output>
          </reporter-output>
        </test-method> <!-- setup -->
        <test-method signature="login_validation(java.util.TreeMap)[pri:0, instance:Negative_Testcases.Login_negative_testcases@4e08711f]" started-at="2025-12-11T20:25:36 IST" name="login_validation" data-provider="login_datas" finished-at="2025-12-11T20:25:45 IST" duration-ms="9514" status="PASS">
          <params>
            <param index="0">
              <value>
                <![CDATA[{id=aknnnb202@bm.com, pass=Pass@123}]]>
              </value>
            </param>
          </params>
          <reporter-output>
          </reporter-output>
        </test-method> <!-- login_validation -->
        <test-method is-config="true" signature="Kill()[pri:0, instance:Negative_Testcases.Login_negative_testcases@4e08711f]" started-at="2025-12-11T20:25:45 IST" name="Kill" finished-at="2025-12-11T20:25:46 IST" duration-ms="293" status="PASS">
          <reporter-output>
          </reporter-output>
        </test-method> <!-- Kill -->
        <test-method is-config="true" signature="setup()[pri:0, instance:Negative_Testcases.Login_negative_testcases@4e08711f]" started-at="2025-12-11T20:25:46 IST" name="setup" finished-at="2025-12-11T20:25:47 IST" duration-ms="1098" status="PASS">
          <reporter-output>
          </reporter-output>
        </test-method> <!-- setup -->
        <test-method signature="login_validation(java.util.TreeMap)[pri:0, instance:Negative_Testcases.Login_negative_testcases@4e08711f]" started-at="2025-12-11T20:25:47 IST" name="login_validation" data-provider="login_datas" finished-at="2025-12-11T20:25:56 IST" duration-ms="9668" status="PASS">
          <params>
            <param index="0">
              <value>
                <![CDATA[{id=aknnnb202@bm.com, pass=4455m235}]]>
              </value>
            </param>
          </params>
          <reporter-output>
          </reporter-output>
        </test-method> <!-- login_validation -->
        <test-method is-config="true" signature="Kill()[pri:0, instance:Negative_Testcases.Login_negative_testcases@4e08711f]" started-at="2025-12-11T20:25:56 IST" name="Kill" finished-at="2025-12-11T20:25:57 IST" duration-ms="338" status="PASS">
          <reporter-output>
          </reporter-output>
        </test-method> <!-- Kill -->
      </class> <!-- Negative_Testcases.Login_negative_testcases -->
    </test> <!-- Default test -->
  </suite> <!-- Default suite -->
</testng-results>
