<?xml version="1.0" encoding="UTF-8"?>
<testng-results ignored="1" total="2" passed="0" failed="1" skipped="0">
  <reporter-output>
  </reporter-output>
  <suite started-at="2026-01-19T00:26:01 IST" name="Default suite" finished-at="2026-01-19T00:27:14 IST" duration-ms="72774">
    <groups>
    </groups>
    <test started-at="2026-01-19T00:26:01 IST" name="Default test" finished-at="2026-01-19T00:27:14 IST" duration-ms="72774">
      <class name="Enterprise_Codeclouds.Project.Enterprise.Case_Appplications">
        <test-method is-config="true" signature="setup()[pri:0, instance:Enterprise_Codeclouds.Project.Enterprise.Case_Appplications@6ab778a]" started-at="2026-01-19T00:26:01 IST" name="setup" finished-at="2026-01-19T00:26:05 IST" duration-ms="4415" status="PASS">
          <reporter-output>
          </reporter-output>
        </test-method> <!-- setup -->
        <test-method signature="Buyout_Add_After_Contract_Generation_through_Edit_Terms(java.util.TreeMap,java.util.TreeMap,java.util.TreeMap,java.util.TreeMap,java.util.TreeMap)[pri:0, instance:Enterprise_Codeclouds.Project.Enterprise.Case_Appplications@6ab778a]" started-at="2026-01-19T00:26:05 IST" name="Buyout_Add_After_Contract_Generation_through_Edit_Terms" data-provider="case_plus_plaintiff" finished-at="2026-01-19T00:27:13 IST" duration-ms="67536" status="FAIL">
          <params>
            <param index="0">
              <value>
                <![CDATA[{Agreement Date=01/19/2026, Amount Received=33800, Application Status=In Review, Approved Amount=24500, Attorney Name=Attorney Juno Hartwell, Buyout Amount=15100, Buyout Expiry Date=01/19/2030, Buyout Funder Name=Pioneer Plaintiff Finance, Case #=316, Case Type=Products Liability, Court Index Number=21CV-2309-PL-001606, Date of Incident=09/22/2023, Document prep fee=295, Fund transfer fee=110, Interest Start Date=01/19/2026, Law Firm Name=Dietrich & Kuznetsov-Schmidt Serious Spine, Brain & Orthopedic Injury Advocates, Lead Source=Broker, Notes / Remarks=Insurance payment received via portal; attach remittance; confirm final vs partial payment before closing ledger., Payer Name=EverHaven Insurance Group, Payment Date=01/19/2026, Payment Mode=Online Payment, Payment Type=Payment by Insurance Company, Rate of Return=42, Recommended Max Funding=24500, Requested Amount=57000, Risk Level=Moderate, SMS Message Body=Your products liability file is under defect review. We’ll update you after expert validation. – Lumberjack Legal Finance, SMS Message Title=Defect Review, State=Ohio, Summary=Consumer device malfunction caused fall and fracture; item preserved; expert inspection planned; dental and ortho treatment ongoing., Underwriting Notes=Preservation and chain-of-custody required. Confirm recall history and maintenance/usage factors. Stage funding until defect opinion and medical causation are documented., Underwriting Tag=Chain-of-Custody}]]>
              </value>
            </param>
            <param index="1">
              <value>
                <![CDATA[{Address Line 1=1801 5th Ave N, Suite 700, Address Line 2=Reception delivery only, ask for Intake Desk, Date of Birth=02/11/1991, Email=zephira.caldershade5211@yopmail.com, First Name=Zephira, Last Name=Caldershade, Middle Name=Lioren, Name Suffix=II, Phone number=2056148721, Social Security Number=901-21-4521, State=Alabama, Zip code=35203}]]>
              </value>
            </param>
            <param index="2">
              <value>
                <![CDATA[{Email=attorney.zevoria.hawthorneux01@yopmail.com, First Name=Attorney Zevoria, Last Name=Hawthorneux, Middle Name=Calix, Name Suffix=II, Office phone=9776857301, Phone=9776849301}]]>
              </value>
            </param>
            <param index="3">
              <value>
                <![CDATA[{City=Wilmington, Name=VerdictForge Litigation Atelier, Phone=3024389017, State=Delaware, Street Address 1=919 N Market St, Brandywine Commerce Center, Main Lobby, Street Address 2=Suite 1204, Intake: Desk 3, Elevator Bank A, Zip code=19801}]]>
              </value>
            </param>
            <param index="4">
              <value>
                <![CDATA[{Staff Email=staff.nivaren.thornwick25@mailto.plus, Staff First Name=Staff Nivaren, Staff Last Name=Thornwick, Staff Middle Name=Calix, Staff Name Suffix=II, Staff Office phone=9718821460, Staff Phone=9716043825}]]>
              </value>
            </param>
          </params>
          <exception class="org.openqa.selenium.TimeoutException">
            <message>
              <![CDATA[Expected condition failed: waiting for visibility of Proxy element for: DefaultElementLocator 'By.xpath: //*[@class='tox-editor-container']' (tried for 10 second(s) with 500 milliseconds interval)]]>
            </message>
            <full-stacktrace>
              <![CDATA[org.openqa.selenium.TimeoutException: Expected condition failed: waiting for visibility of Proxy element for: DefaultElementLocator 'By.xpath: //*[@class='tox-editor-container']' (tried for 10 second(s) with 500 milliseconds interval)
at org.openqa.selenium.support.ui.WebDriverWait.timeoutException(WebDriverWait.java:84)
at org.openqa.selenium.support.ui.FluentWait.until(FluentWait.java:228)
at Repeatative_codes.Repeat.wait_for_theElement(Repeat.java:41)
at Locaters.Application_Locaters.Contract_editor(Application_Locaters.java:420)
at Enterprise_Codeclouds.Project.Enterprise.Case_Appplications.Reopen_contract_without_saving(Case_Appplications.java:821)
at Enterprise_Codeclouds.Project.Enterprise.Case_Appplications.Buyout_Add_After_Contract_Generation_through_Edit_Terms(Case_Appplications.java:602)
at java.base/jdk.internal.reflect.DirectMethodHandleAccessor.invoke(DirectMethodHandleAccessor.java:103)
at java.base/java.lang.reflect.Method.invoke(Method.java:580)
at org.testng.internal.invokers.MethodInvocationHelper.invokeMethod(MethodInvocationHelper.java:141)
at org.testng.internal.invokers.TestInvoker.invokeMethod(TestInvoker.java:687)
at org.testng.internal.invokers.TestInvoker.invokeTestMethod(TestInvoker.java:230)
at org.testng.internal.invokers.MethodRunner.runInSequence(MethodRunner.java:63)
at org.testng.internal.invokers.TestInvoker$MethodInvocationAgent.invoke(TestInvoker.java:995)
at org.testng.internal.invokers.TestInvoker.invokeTestMethods(TestInvoker.java:203)
at org.testng.internal.invokers.TestMethodWorker.invokeTestMethods(TestMethodWorker.java:154)
at org.testng.internal.invokers.TestMethodWorker.run(TestMethodWorker.java:134)
at java.base/java.util.ArrayList.forEach(ArrayList.java:1597)
at org.testng.TestRunner.privateRun(TestRunner.java:741)
at org.testng.TestRunner.run(TestRunner.java:616)
at org.testng.SuiteRunner.runTest(SuiteRunner.java:421)
at org.testng.SuiteRunner.runSequentially(SuiteRunner.java:413)
at org.testng.SuiteRunner.privateRun(SuiteRunner.java:373)
at org.testng.SuiteRunner.run(SuiteRunner.java:312)
at org.testng.SuiteRunnerWorker.runSuite(SuiteRunnerWorker.java:52)
at org.testng.SuiteRunnerWorker.run(SuiteRunnerWorker.java:95)
at org.testng.TestNG.runSuitesSequentially(TestNG.java:1274)
at org.testng.TestNG.runSuitesLocally(TestNG.java:1208)
at org.testng.TestNG.runSuites(TestNG.java:1112)
at org.testng.TestNG.run(TestNG.java:1079)
at org.testng.remote.AbstractRemoteTestNG.run(AbstractRemoteTestNG.java:115)
at org.testng.remote.RemoteTestNG.initAndRun(RemoteTestNG.java:293)
at org.testng.remote.RemoteTestNG.main(RemoteTestNG.java:91)
Caused by: org.openqa.selenium.NoSuchElementException: no such element: Unable to locate element: {"method":"xpath","selector":"//*[@class='tox-editor-container']"}
  (Session info: chrome=109.0.5414.168)
For documentation on this error, please visit: https://www.selenium.dev/documentation/webdriver/troubleshooting/errors#no-such-element-exception
Build info: version: '4.33.0', revision: '2c6aaad03a'
System info: os.name: 'Windows 8.1', os.arch: 'amd64', os.version: '6.3', java.version: '23.0.1'
Driver info: org.openqa.selenium.chrome.ChromeDriver
Command: [2344738f2d007ec727dbc56bf41fde1a, findElement {value=//*[@class='tox-editor-container'], using=xpath}]
Capabilities {acceptInsecureCerts: false, browserName: chrome, browserVersion: 109.0.5414.168, chrome: {chromedriverVersion: 109.0.5414.74 (e7c5703604da..., userDataDir: C:\Users\user1\AppData\Loca...}, goog:chromeOptions: {debuggerAddress: localhost:55782}, networkConnectionEnabled: false, pageLoadStrategy: normal, platformName: windows, proxy: Proxy(), se:cdp: ws://localhost:55782/devtoo..., se:cdpVersion: 109.0.5414.168, setWindowRect: true, strictFileInteractability: false, timeouts: {implicit: 0, pageLoad: 300000, script: 30000}, unhandledPromptBehavior: dismiss and notify, webauthn:extension:credBlob: true, webauthn:extension:largeBlob: true, webauthn:virtualAuthenticators: true}
Session ID: 2344738f2d007ec727dbc56bf41fde1a
at java.base/jdk.internal.reflect.DirectConstructorHandleAccessor.newInstance(DirectConstructorHandleAccessor.java:62)
at java.base/java.lang.reflect.Constructor.newInstanceWithCaller(Constructor.java:501)
at java.base/java.lang.reflect.Constructor.newInstance(Constructor.java:485)
at org.openqa.selenium.remote.ErrorCodec.decode(ErrorCodec.java:167)
at org.openqa.selenium.remote.codec.w3c.W3CHttpResponseCodec.decode(W3CHttpResponseCodec.java:138)
at org.openqa.selenium.remote.codec.w3c.W3CHttpResponseCodec.decode(W3CHttpResponseCodec.java:50)
at org.openqa.selenium.remote.HttpCommandExecutor.execute(HttpCommandExecutor.java:215)
at org.openqa.selenium.remote.service.DriverCommandExecutor.invokeExecute(DriverCommandExecutor.java:216)
at org.openqa.selenium.remote.service.DriverCommandExecutor.execute(DriverCommandExecutor.java:174)
at org.openqa.selenium.remote.RemoteWebDriver.execute(RemoteWebDriver.java:544)
at org.openqa.selenium.remote.ElementLocation$ElementFinder$2.findElement(ElementLocation.java:165)
at org.openqa.selenium.remote.ElementLocation.findElement(ElementLocation.java:59)
at org.openqa.selenium.remote.RemoteWebDriver.findElement(RemoteWebDriver.java:367)
at org.openqa.selenium.remote.RemoteWebDriver.findElement(RemoteWebDriver.java:361)
at org.openqa.selenium.support.pagefactory.DefaultElementLocator.findElement(DefaultElementLocator.java:68)
at org.openqa.selenium.support.pagefactory.internal.LocatingElementHandler.invoke(LocatingElementHandler.java:38)
at jdk.proxy2/jdk.proxy2.$Proxy17.isDisplayed(Unknown Source)
at org.openqa.selenium.support.ui.ExpectedConditions.elementIfVisible(ExpectedConditions.java:304)
at org.openqa.selenium.support.ui.ExpectedConditions$10.apply(ExpectedConditions.java:290)
at org.openqa.selenium.support.ui.ExpectedConditions$10.apply(ExpectedConditions.java:287)
at org.openqa.selenium.support.ui.FluentWait.until(FluentWait.java:203)
... 30 more
]]>
            </full-stacktrace>
          </exception> <!-- org.openqa.selenium.TimeoutException -->
          <reporter-output>
          </reporter-output>
        </test-method> <!-- Buyout_Add_After_Contract_Generation_through_Edit_Terms -->
        <test-method is-config="true" signature="Kill()[pri:0, instance:Enterprise_Codeclouds.Project.Enterprise.Case_Appplications@6ab778a]" started-at="2026-01-19T00:27:13 IST" name="Kill" finished-at="2026-01-19T00:27:14 IST" duration-ms="705" status="PASS">
          <reporter-output>
          </reporter-output>
        </test-method> <!-- Kill -->
      </class> <!-- Enterprise_Codeclouds.Project.Enterprise.Case_Appplications -->
    </test> <!-- Default test -->
  </suite> <!-- Default suite -->
</testng-results>
