<?xml version="1.0" encoding="UTF-8"?>
<testng-results ignored="0" total="5" passed="5" failed="0" skipped="0">
  <reporter-output>
  </reporter-output>
  <suite started-at="2026-01-15T16:56:00 IST" name="Default suite" finished-at="2026-01-15T16:57:35 IST" duration-ms="95137">
    <groups>
    </groups>
    <test started-at="2026-01-15T16:56:00 IST" name="Default test" finished-at="2026-01-15T16:57:35 IST" duration-ms="95137">
      <class name="Enterprise_Codeclouds.Project.Enterprise.User_Module">
        <test-method is-config="true" signature="setup()[pri:0, instance:Enterprise_Codeclouds.Project.Enterprise.User_Module@367ffa75]" started-at="2026-01-15T16:56:00 IST" name="setup" finished-at="2026-01-15T16:56:02 IST" duration-ms="2078" status="PASS">
          <reporter-output>
          </reporter-output>
        </test-method> <!-- setup -->
        <test-method signature="user_add(java.util.TreeMap,java.util.TreeMap)[pri:0, instance:Enterprise_Codeclouds.Project.Enterprise.User_Module@367ffa75]" started-at="2026-01-15T16:56:02 IST" name="user_add" data-provider="User_and_group_Data" finished-at="2026-01-15T16:56:20 IST" duration-ms="18027" status="PASS">
          <params>
            <param index="0">
              <value>
                <![CDATA[{Email=zubairen.crestvale16@yopmail.com, First Name=Zubairen, Last Name=Crestvale, Middle Name=Irfan, Phone Number (Primary)=9867123416, Phone Number (Secondary)=3579128416}]]>
              </value>
            </param>
            <param index="1">
              <value>
                <![CDATA[{Group Name=User Directory Team, Role Name=User Directory Viewer}]]>
              </value>
            </param>
          </params>
          <reporter-output>
          </reporter-output>
        </test-method> <!-- user_add -->
        <test-method is-config="true" signature="Kill()[pri:0, instance:Enterprise_Codeclouds.Project.Enterprise.User_Module@367ffa75]" started-at="2026-01-15T16:56:20 IST" name="Kill" finished-at="2026-01-15T16:56:21 IST" duration-ms="357" status="PASS">
          <reporter-output>
          </reporter-output>
        </test-method> <!-- Kill -->
        <test-method is-config="true" signature="setup()[pri:0, instance:Enterprise_Codeclouds.Project.Enterprise.User_Module@367ffa75]" started-at="2026-01-15T16:56:21 IST" name="setup" finished-at="2026-01-15T16:56:22 IST" duration-ms="920" status="PASS">
          <reporter-output>
          </reporter-output>
        </test-method> <!-- setup -->
        <test-method signature="user_add(java.util.TreeMap,java.util.TreeMap)[pri:0, instance:Enterprise_Codeclouds.Project.Enterprise.User_Module@367ffa75]" started-at="2026-01-15T16:56:22 IST" name="user_add" data-provider="User_and_group_Data" finished-at="2026-01-15T16:56:39 IST" duration-ms="17625" status="PASS">
          <params>
            <param index="0">
              <value>
                <![CDATA[{Email=elowynne.rookspire17@yopmail.com, First Name=Elowynne, Last Name=Rookspire, Middle Name=Fayen, Phone Number (Primary)=9867123417, Phone Number (Secondary)=3579128417}]]>
              </value>
            </param>
            <param index="1">
              <value>
                <![CDATA[{Group Name=Underwriting Review Team, Role Name=Underwriting Review and Verification}]]>
              </value>
            </param>
          </params>
          <reporter-output>
          </reporter-output>
        </test-method> <!-- user_add -->
        <test-method is-config="true" signature="Kill()[pri:0, instance:Enterprise_Codeclouds.Project.Enterprise.User_Module@367ffa75]" started-at="2026-01-15T16:56:39 IST" name="Kill" finished-at="2026-01-15T16:56:39 IST" duration-ms="350" status="PASS">
          <reporter-output>
          </reporter-output>
        </test-method> <!-- Kill -->
        <test-method is-config="true" signature="setup()[pri:0, instance:Enterprise_Codeclouds.Project.Enterprise.User_Module@367ffa75]" started-at="2026-01-15T16:56:39 IST" name="setup" finished-at="2026-01-15T16:56:40 IST" duration-ms="889" status="PASS">
          <reporter-output>
          </reporter-output>
        </test-method> <!-- setup -->
        <test-method signature="user_add(java.util.TreeMap,java.util.TreeMap)[pri:0, instance:Enterprise_Codeclouds.Project.Enterprise.User_Module@367ffa75]" started-at="2026-01-15T16:56:40 IST" name="user_add" data-provider="User_and_group_Data" finished-at="2026-01-15T16:56:58 IST" duration-ms="17291" status="PASS">
          <params>
            <param index="0">
              <value>
                <![CDATA[{Email=kezaria.briarhold18@yopmail.com, First Name=Kezaria, Last Name=Briarhold, Middle Name=Nell, Phone Number (Primary)=9867123418, Phone Number (Secondary)=3579128418}]]>
              </value>
            </param>
            <param index="1">
              <value>
                <![CDATA[{Group Name=Liens Operations Team, Role Name=Liens Management Operator}]]>
              </value>
            </param>
          </params>
          <reporter-output>
          </reporter-output>
        </test-method> <!-- user_add -->
        <test-method is-config="true" signature="Kill()[pri:0, instance:Enterprise_Codeclouds.Project.Enterprise.User_Module@367ffa75]" started-at="2026-01-15T16:56:58 IST" name="Kill" finished-at="2026-01-15T16:56:58 IST" duration-ms="329" status="PASS">
          <reporter-output>
          </reporter-output>
        </test-method> <!-- Kill -->
        <test-method is-config="true" signature="setup()[pri:0, instance:Enterprise_Codeclouds.Project.Enterprise.User_Module@367ffa75]" started-at="2026-01-15T16:56:58 IST" name="setup" finished-at="2026-01-15T16:56:59 IST" duration-ms="962" status="PASS">
          <reporter-output>
          </reporter-output>
        </test-method> <!-- setup -->
        <test-method signature="user_add(java.util.TreeMap,java.util.TreeMap)[pri:0, instance:Enterprise_Codeclouds.Project.Enterprise.User_Module@367ffa75]" started-at="2026-01-15T16:56:59 IST" name="user_add" data-provider="User_and_group_Data" finished-at="2026-01-15T16:57:16 IST" duration-ms="17488" status="PASS">
          <params>
            <param index="0">
              <value>
                <![CDATA[{Email=tenzaro.rivenshore19@yopmail.com, First Name=Tenzaro, Last Name=Rivenshore, Middle Name=Pema, Phone Number (Primary)=9867123419, Phone Number (Secondary)=3579128419}]]>
              </value>
            </param>
            <param index="1">
              <value>
                <![CDATA[{Group Name=Case Contacts Team, Role Name=Case Contacts Coordinator}]]>
              </value>
            </param>
          </params>
          <reporter-output>
          </reporter-output>
        </test-method> <!-- user_add -->
        <test-method is-config="true" signature="Kill()[pri:0, instance:Enterprise_Codeclouds.Project.Enterprise.User_Module@367ffa75]" started-at="2026-01-15T16:57:16 IST" name="Kill" finished-at="2026-01-15T16:57:17 IST" duration-ms="317" status="PASS">
          <reporter-output>
          </reporter-output>
        </test-method> <!-- Kill -->
        <test-method is-config="true" signature="setup()[pri:0, instance:Enterprise_Codeclouds.Project.Enterprise.User_Module@367ffa75]" started-at="2026-01-15T16:57:17 IST" name="setup" finished-at="2026-01-15T16:57:18 IST" duration-ms="865" status="PASS">
          <reporter-output>
          </reporter-output>
        </test-method> <!-- setup -->
        <test-method signature="user_add(java.util.TreeMap,java.util.TreeMap)[pri:0, instance:Enterprise_Codeclouds.Project.Enterprise.User_Module@367ffa75]" started-at="2026-01-15T16:57:18 IST" name="user_add" data-provider="User_and_group_Data" finished-at="2026-01-15T16:57:35 IST" duration-ms="17212" status="PASS">
          <params>
            <param index="0">
              <value>
                <![CDATA[{Email=marcellan.wrenmoor20@yopmail.com, First Name=Marcellan, Last Name=Wrenmoor, Middle Name=Jude, Phone Number (Primary)=9867123420, Phone Number (Secondary)=3579128420}]]>
              </value>
            </param>
            <param index="1">
              <value>
                <![CDATA[{Group Name=Plaintiff Intake Team, Role Name=Plaintiff Intake Specialist}]]>
              </value>
            </param>
          </params>
          <reporter-output>
          </reporter-output>
        </test-method> <!-- user_add -->
        <test-method is-config="true" signature="Kill()[pri:0, instance:Enterprise_Codeclouds.Project.Enterprise.User_Module@367ffa75]" started-at="2026-01-15T16:57:35 IST" name="Kill" finished-at="2026-01-15T16:57:35 IST" duration-ms="341" status="PASS">
          <reporter-output>
          </reporter-output>
        </test-method> <!-- Kill -->
      </class> <!-- Enterprise_Codeclouds.Project.Enterprise.User_Module -->
    </test> <!-- Default test -->
  </suite> <!-- Default suite -->
</testng-results>
