<?xml version="1.0" encoding="UTF-8"?>
<testng-results ignored="2" total="12" passed="10" failed="0" skipped="0">
  <reporter-output>
  </reporter-output>
  <suite started-at="2026-01-14T15:40:50 IST" name="Default suite" finished-at="2026-01-14T15:43:41 IST" duration-ms="171452">
    <groups>
    </groups>
    <test started-at="2026-01-14T15:40:50 IST" name="Default test" finished-at="2026-01-14T15:43:41 IST" duration-ms="171452">
      <class name="Enterprise_Codeclouds.Project.Enterprise.Access_Permissions">
        <test-method is-config="true" signature="setup()[pri:0, instance:Enterprise_Codeclouds.Project.Enterprise.Access_Permissions@2362f559]" started-at="2026-01-14T15:40:50 IST" name="setup" finished-at="2026-01-14T15:40:52 IST" duration-ms="2049" status="PASS">
          <reporter-output>
          </reporter-output>
        </test-method> <!-- setup -->
        <test-method signature="Group_Add(java.util.TreeMap)[pri:0, instance:Enterprise_Codeclouds.Project.Enterprise.Access_Permissions@2362f559]" started-at="2026-01-14T15:40:52 IST" name="Group_Add" data-provider="roleData" finished-at="2026-01-14T15:41:08 IST" duration-ms="15985" status="PASS">
          <params>
            <param index="0">
              <value>
                <![CDATA[{Group Name=User Directory Team, Role Name=User Directory Viewer}]]>
              </value>
            </param>
          </params>
          <reporter-output>
          </reporter-output>
        </test-method> <!-- Group_Add -->
        <test-method is-config="true" signature="Kill()[pri:0, instance:Enterprise_Codeclouds.Project.Enterprise.Access_Permissions@2362f559]" started-at="2026-01-14T15:41:08 IST" name="Kill" finished-at="2026-01-14T15:41:08 IST" duration-ms="300" status="PASS">
          <reporter-output>
          </reporter-output>
        </test-method> <!-- Kill -->
        <test-method is-config="true" signature="setup()[pri:0, instance:Enterprise_Codeclouds.Project.Enterprise.Access_Permissions@2362f559]" started-at="2026-01-14T15:41:08 IST" name="setup" finished-at="2026-01-14T15:41:09 IST" duration-ms="876" status="PASS">
          <reporter-output>
          </reporter-output>
        </test-method> <!-- setup -->
        <test-method signature="Group_Add(java.util.TreeMap)[pri:0, instance:Enterprise_Codeclouds.Project.Enterprise.Access_Permissions@2362f559]" started-at="2026-01-14T15:41:09 IST" name="Group_Add" data-provider="roleData" finished-at="2026-01-14T15:41:25 IST" duration-ms="16137" status="PASS">
          <params>
            <param index="0">
              <value>
                <![CDATA[{Group Name=Underwriting Review Team, Role Name=Underwriting Review and Verification}]]>
              </value>
            </param>
          </params>
          <reporter-output>
          </reporter-output>
        </test-method> <!-- Group_Add -->
        <test-method is-config="true" signature="Kill()[pri:0, instance:Enterprise_Codeclouds.Project.Enterprise.Access_Permissions@2362f559]" started-at="2026-01-14T15:41:25 IST" name="Kill" finished-at="2026-01-14T15:41:25 IST" duration-ms="288" status="PASS">
          <reporter-output>
          </reporter-output>
        </test-method> <!-- Kill -->
        <test-method is-config="true" signature="setup()[pri:0, instance:Enterprise_Codeclouds.Project.Enterprise.Access_Permissions@2362f559]" started-at="2026-01-14T15:41:25 IST" name="setup" finished-at="2026-01-14T15:41:26 IST" duration-ms="849" status="PASS">
          <reporter-output>
          </reporter-output>
        </test-method> <!-- setup -->
        <test-method signature="Group_Add(java.util.TreeMap)[pri:0, instance:Enterprise_Codeclouds.Project.Enterprise.Access_Permissions@2362f559]" started-at="2026-01-14T15:41:26 IST" name="Group_Add" data-provider="roleData" finished-at="2026-01-14T15:41:42 IST" duration-ms="15454" status="PASS">
          <params>
            <param index="0">
              <value>
                <![CDATA[{Group Name=Liens Operations Team, Role Name=Liens Management Operator}]]>
              </value>
            </param>
          </params>
          <reporter-output>
          </reporter-output>
        </test-method> <!-- Group_Add -->
        <test-method is-config="true" signature="Kill()[pri:0, instance:Enterprise_Codeclouds.Project.Enterprise.Access_Permissions@2362f559]" started-at="2026-01-14T15:41:42 IST" name="Kill" finished-at="2026-01-14T15:41:42 IST" duration-ms="301" status="PASS">
          <reporter-output>
          </reporter-output>
        </test-method> <!-- Kill -->
        <test-method is-config="true" signature="setup()[pri:0, instance:Enterprise_Codeclouds.Project.Enterprise.Access_Permissions@2362f559]" started-at="2026-01-14T15:41:42 IST" name="setup" finished-at="2026-01-14T15:41:43 IST" duration-ms="853" status="PASS">
          <reporter-output>
          </reporter-output>
        </test-method> <!-- setup -->
        <test-method signature="Group_Add(java.util.TreeMap)[pri:0, instance:Enterprise_Codeclouds.Project.Enterprise.Access_Permissions@2362f559]" started-at="2026-01-14T15:41:43 IST" name="Group_Add" data-provider="roleData" finished-at="2026-01-14T15:41:59 IST" duration-ms="15934" status="PASS">
          <params>
            <param index="0">
              <value>
                <![CDATA[{Group Name=Case Contacts Team, Role Name=Case Contacts Coordinator}]]>
              </value>
            </param>
          </params>
          <reporter-output>
          </reporter-output>
        </test-method> <!-- Group_Add -->
        <test-method is-config="true" signature="Kill()[pri:0, instance:Enterprise_Codeclouds.Project.Enterprise.Access_Permissions@2362f559]" started-at="2026-01-14T15:41:59 IST" name="Kill" finished-at="2026-01-14T15:41:59 IST" duration-ms="294" status="PASS">
          <reporter-output>
          </reporter-output>
        </test-method> <!-- Kill -->
        <test-method is-config="true" signature="setup()[pri:0, instance:Enterprise_Codeclouds.Project.Enterprise.Access_Permissions@2362f559]" started-at="2026-01-14T15:41:59 IST" name="setup" finished-at="2026-01-14T15:42:00 IST" duration-ms="796" status="PASS">
          <reporter-output>
          </reporter-output>
        </test-method> <!-- setup -->
        <test-method signature="Group_Add(java.util.TreeMap)[pri:0, instance:Enterprise_Codeclouds.Project.Enterprise.Access_Permissions@2362f559]" started-at="2026-01-14T15:42:00 IST" name="Group_Add" data-provider="roleData" finished-at="2026-01-14T15:42:16 IST" duration-ms="16013" status="PASS">
          <params>
            <param index="0">
              <value>
                <![CDATA[{Group Name=Plaintiff Intake Team, Role Name=Plaintiff Intake Specialist}]]>
              </value>
            </param>
          </params>
          <reporter-output>
          </reporter-output>
        </test-method> <!-- Group_Add -->
        <test-method is-config="true" signature="Kill()[pri:0, instance:Enterprise_Codeclouds.Project.Enterprise.Access_Permissions@2362f559]" started-at="2026-01-14T15:42:16 IST" name="Kill" finished-at="2026-01-14T15:42:16 IST" duration-ms="283" status="PASS">
          <reporter-output>
          </reporter-output>
        </test-method> <!-- Kill -->
        <test-method is-config="true" signature="setup()[pri:0, instance:Enterprise_Codeclouds.Project.Enterprise.Access_Permissions@2362f559]" started-at="2026-01-14T15:42:16 IST" name="setup" finished-at="2026-01-14T15:42:17 IST" duration-ms="850" status="PASS">
          <reporter-output>
          </reporter-output>
        </test-method> <!-- setup -->
        <test-method signature="Group_Add(java.util.TreeMap)[pri:0, instance:Enterprise_Codeclouds.Project.Enterprise.Access_Permissions@2362f559]" started-at="2026-01-14T15:42:17 IST" name="Group_Add" data-provider="roleData" finished-at="2026-01-14T15:42:33 IST" duration-ms="15884" status="PASS">
          <params>
            <param index="0">
              <value>
                <![CDATA[{Group Name=Law Firm Records Team, Role Name=Law Firm Records Manager}]]>
              </value>
            </param>
          </params>
          <reporter-output>
          </reporter-output>
        </test-method> <!-- Group_Add -->
        <test-method is-config="true" signature="Kill()[pri:0, instance:Enterprise_Codeclouds.Project.Enterprise.Access_Permissions@2362f559]" started-at="2026-01-14T15:42:33 IST" name="Kill" finished-at="2026-01-14T15:42:33 IST" duration-ms="302" status="PASS">
          <reporter-output>
          </reporter-output>
        </test-method> <!-- Kill -->
        <test-method is-config="true" signature="setup()[pri:0, instance:Enterprise_Codeclouds.Project.Enterprise.Access_Permissions@2362f559]" started-at="2026-01-14T15:42:33 IST" name="setup" finished-at="2026-01-14T15:42:34 IST" duration-ms="806" status="PASS">
          <reporter-output>
          </reporter-output>
        </test-method> <!-- setup -->
        <test-method signature="Group_Add(java.util.TreeMap)[pri:0, instance:Enterprise_Codeclouds.Project.Enterprise.Access_Permissions@2362f559]" started-at="2026-01-14T15:42:34 IST" name="Group_Add" data-provider="roleData" finished-at="2026-01-14T15:42:50 IST" duration-ms="15962" status="PASS">
          <params>
            <param index="0">
              <value>
                <![CDATA[{Group Name=Document Review Team, Role Name=Document Library Reviewer}]]>
              </value>
            </param>
          </params>
          <reporter-output>
          </reporter-output>
        </test-method> <!-- Group_Add -->
        <test-method is-config="true" signature="Kill()[pri:0, instance:Enterprise_Codeclouds.Project.Enterprise.Access_Permissions@2362f559]" started-at="2026-01-14T15:42:50 IST" name="Kill" finished-at="2026-01-14T15:42:50 IST" duration-ms="319" status="PASS">
          <reporter-output>
          </reporter-output>
        </test-method> <!-- Kill -->
        <test-method is-config="true" signature="setup()[pri:0, instance:Enterprise_Codeclouds.Project.Enterprise.Access_Permissions@2362f559]" started-at="2026-01-14T15:42:50 IST" name="setup" finished-at="2026-01-14T15:42:51 IST" duration-ms="819" status="PASS">
          <reporter-output>
          </reporter-output>
        </test-method> <!-- setup -->
        <test-method signature="Group_Add(java.util.TreeMap)[pri:0, instance:Enterprise_Codeclouds.Project.Enterprise.Access_Permissions@2362f559]" started-at="2026-01-14T15:42:51 IST" name="Group_Add" data-provider="roleData" finished-at="2026-01-14T15:43:07 IST" duration-ms="16067" status="PASS">
          <params>
            <param index="0">
              <value>
                <![CDATA[{Group Name=Email Verification Team, Role Name=Email Verification Operator}]]>
              </value>
            </param>
          </params>
          <reporter-output>
          </reporter-output>
        </test-method> <!-- Group_Add -->
        <test-method is-config="true" signature="Kill()[pri:0, instance:Enterprise_Codeclouds.Project.Enterprise.Access_Permissions@2362f559]" started-at="2026-01-14T15:43:07 IST" name="Kill" finished-at="2026-01-14T15:43:07 IST" duration-ms="288" status="PASS">
          <reporter-output>
          </reporter-output>
        </test-method> <!-- Kill -->
        <test-method is-config="true" signature="setup()[pri:0, instance:Enterprise_Codeclouds.Project.Enterprise.Access_Permissions@2362f559]" started-at="2026-01-14T15:43:07 IST" name="setup" finished-at="2026-01-14T15:43:08 IST" duration-ms="843" status="PASS">
          <reporter-output>
          </reporter-output>
        </test-method> <!-- setup -->
        <test-method signature="Group_Add(java.util.TreeMap)[pri:0, instance:Enterprise_Codeclouds.Project.Enterprise.Access_Permissions@2362f559]" started-at="2026-01-14T15:43:08 IST" name="Group_Add" data-provider="roleData" finished-at="2026-01-14T15:43:24 IST" duration-ms="15502" status="PASS">
          <params>
            <param index="0">
              <value>
                <![CDATA[{Group Name=Message Monitoring Team, Role Name=Message Center Viewer}]]>
              </value>
            </param>
          </params>
          <reporter-output>
          </reporter-output>
        </test-method> <!-- Group_Add -->
        <test-method is-config="true" signature="Kill()[pri:0, instance:Enterprise_Codeclouds.Project.Enterprise.Access_Permissions@2362f559]" started-at="2026-01-14T15:43:24 IST" name="Kill" finished-at="2026-01-14T15:43:24 IST" duration-ms="311" status="PASS">
          <reporter-output>
          </reporter-output>
        </test-method> <!-- Kill -->
        <test-method is-config="true" signature="setup()[pri:0, instance:Enterprise_Codeclouds.Project.Enterprise.Access_Permissions@2362f559]" started-at="2026-01-14T15:43:24 IST" name="setup" finished-at="2026-01-14T15:43:25 IST" duration-ms="772" status="PASS">
          <reporter-output>
          </reporter-output>
        </test-method> <!-- setup -->
        <test-method signature="Group_Add(java.util.TreeMap)[pri:0, instance:Enterprise_Codeclouds.Project.Enterprise.Access_Permissions@2362f559]" started-at="2026-01-14T15:43:25 IST" name="Group_Add" data-provider="roleData" finished-at="2026-01-14T15:43:41 IST" duration-ms="15942" status="PASS">
          <params>
            <param index="0">
              <value>
                <![CDATA[{Group Name=Access Control Team, Role Name=Access Control Role Administrator}]]>
              </value>
            </param>
          </params>
          <reporter-output>
          </reporter-output>
        </test-method> <!-- Group_Add -->
        <test-method is-config="true" signature="Kill()[pri:0, instance:Enterprise_Codeclouds.Project.Enterprise.Access_Permissions@2362f559]" started-at="2026-01-14T15:43:41 IST" name="Kill" finished-at="2026-01-14T15:43:41 IST" duration-ms="292" status="PASS">
          <reporter-output>
          </reporter-output>
        </test-method> <!-- Kill -->
      </class> <!-- Enterprise_Codeclouds.Project.Enterprise.Access_Permissions -->
    </test> <!-- Default test -->
  </suite> <!-- Default suite -->
</testng-results>
