<?xml version="1.0" encoding="UTF-8"?>
<testng-results ignored="0" total="20" passed="20" failed="0" skipped="0">
  <reporter-output>
  </reporter-output>
  <suite started-at="2026-01-12T15:54:56 IST" name="Default suite" finished-at="2026-01-12T16:00:24 IST" duration-ms="328190">
    <groups>
    </groups>
    <test started-at="2026-01-12T15:54:56 IST" name="Default test" finished-at="2026-01-12T16:00:24 IST" duration-ms="328190">
      <class name="Enterprise_Codeclouds.Project.Enterprise.User_Module">
        <test-method is-config="true" signature="setup()[pri:0, instance:Enterprise_Codeclouds.Project.Enterprise.User_Module@40005471]" started-at="2026-01-12T15:54:56 IST" name="setup" finished-at="2026-01-12T15:54:58 IST" duration-ms="1997" status="PASS">
          <reporter-output>
          </reporter-output>
        </test-method> <!-- setup -->
        <test-method signature="user_add(java.util.TreeMap)[pri:0, instance:Enterprise_Codeclouds.Project.Enterprise.User_Module@40005471]" started-at="2026-01-12T15:54:58 IST" name="user_add" data-provider="UserData" finished-at="2026-01-12T15:55:15 IST" duration-ms="16277" status="PASS">
          <params>
            <param index="0">
              <value>
                <![CDATA[{Email=anvay.halderwyn051@mailto.plus, First Name=Anvay, Groups=Super Admin, Last Name=Halderwyn, Middle Name=Kiron, Phone Number (Primary)=9814387051, Phone Number (Secondary)=3586139041}]]>
              </value>
            </param>
          </params>
          <reporter-output>
          </reporter-output>
        </test-method> <!-- user_add -->
        <test-method is-config="true" signature="Kill()[pri:0, instance:Enterprise_Codeclouds.Project.Enterprise.User_Module@40005471]" started-at="2026-01-12T15:55:15 IST" name="Kill" finished-at="2026-01-12T15:55:15 IST" duration-ms="467" status="PASS">
          <reporter-output>
          </reporter-output>
        </test-method> <!-- Kill -->
        <test-method is-config="true" signature="setup()[pri:0, instance:Enterprise_Codeclouds.Project.Enterprise.User_Module@40005471]" started-at="2026-01-12T15:55:15 IST" name="setup" finished-at="2026-01-12T15:55:16 IST" duration-ms="931" status="PASS">
          <reporter-output>
          </reporter-output>
        </test-method> <!-- setup -->
        <test-method signature="user_add(java.util.TreeMap)[pri:0, instance:Enterprise_Codeclouds.Project.Enterprise.User_Module@40005471]" started-at="2026-01-12T15:55:16 IST" name="user_add" data-provider="UserData" finished-at="2026-01-12T15:55:41 IST" duration-ms="25471" status="PASS">
          <params>
            <param index="0">
              <value>
                <![CDATA[{Email=eulalia.quistrel1742@mailto.plus, First Name=Eulalia, Groups=New Group, Last Name=Quistrel, Middle Name=Maren, Phone Number (Primary)=6238051742, Phone Number (Secondary)=5206948832}]]>
              </value>
            </param>
          </params>
          <reporter-output>
          </reporter-output>
        </test-method> <!-- user_add -->
        <test-method is-config="true" signature="Kill()[pri:0, instance:Enterprise_Codeclouds.Project.Enterprise.User_Module@40005471]" started-at="2026-01-12T15:55:41 IST" name="Kill" finished-at="2026-01-12T15:55:44 IST" duration-ms="2109" status="PASS">
          <reporter-output>
          </reporter-output>
        </test-method> <!-- Kill -->
        <test-method is-config="true" signature="setup()[pri:0, instance:Enterprise_Codeclouds.Project.Enterprise.User_Module@40005471]" started-at="2026-01-12T15:55:44 IST" name="setup" finished-at="2026-01-12T15:55:48 IST" duration-ms="4358" status="PASS">
          <reporter-output>
          </reporter-output>
        </test-method> <!-- setup -->
        <test-method signature="user_add(java.util.TreeMap)[pri:0, instance:Enterprise_Codeclouds.Project.Enterprise.User_Module@40005471]" started-at="2026-01-12T15:55:48 IST" name="user_add" data-provider="UserData" finished-at="2026-01-12T15:56:03 IST" duration-ms="14912" status="PASS">
          <params>
            <param index="0">
              <value>
                <![CDATA[{Email=tamsin.ridgeley4603@mailto.plus, First Name=Tamsin, Groups=Test Group, Last Name=Ridgeley, Middle Name=Ivo, Phone Number (Primary)=3157724603, Phone Number (Secondary)=5859013373}]]>
              </value>
            </param>
          </params>
          <reporter-output>
          </reporter-output>
        </test-method> <!-- user_add -->
        <test-method is-config="true" signature="Kill()[pri:0, instance:Enterprise_Codeclouds.Project.Enterprise.User_Module@40005471]" started-at="2026-01-12T15:56:03 IST" name="Kill" finished-at="2026-01-12T15:56:03 IST" duration-ms="365" status="PASS">
          <reporter-output>
          </reporter-output>
        </test-method> <!-- Kill -->
        <test-method is-config="true" signature="setup()[pri:0, instance:Enterprise_Codeclouds.Project.Enterprise.User_Module@40005471]" started-at="2026-01-12T15:56:03 IST" name="setup" finished-at="2026-01-12T15:56:04 IST" duration-ms="848" status="PASS">
          <reporter-output>
          </reporter-output>
        </test-method> <!-- setup -->
        <test-method signature="user_add(java.util.TreeMap)[pri:0, instance:Enterprise_Codeclouds.Project.Enterprise.User_Module@40005471]" started-at="2026-01-12T15:56:04 IST" name="user_add" data-provider="UserData" finished-at="2026-01-12T15:56:19 IST" duration-ms="15246" status="PASS">
          <params>
            <param index="0">
              <value>
                <![CDATA[{Email=bodhi.kerrivane2914@mailto.plus, First Name=Bodhi, Groups=Submodule test group, Last Name=Kerrivane, Middle Name=Sage, Phone Number (Primary)=9186402914, Phone Number (Secondary)=5398846204}]]>
              </value>
            </param>
          </params>
          <reporter-output>
          </reporter-output>
        </test-method> <!-- user_add -->
        <test-method is-config="true" signature="Kill()[pri:0, instance:Enterprise_Codeclouds.Project.Enterprise.User_Module@40005471]" started-at="2026-01-12T15:56:19 IST" name="Kill" finished-at="2026-01-12T15:56:20 IST" duration-ms="418" status="PASS">
          <reporter-output>
          </reporter-output>
        </test-method> <!-- Kill -->
        <test-method is-config="true" signature="setup()[pri:0, instance:Enterprise_Codeclouds.Project.Enterprise.User_Module@40005471]" started-at="2026-01-12T15:56:20 IST" name="setup" finished-at="2026-01-12T15:56:21 IST" duration-ms="911" status="PASS">
          <reporter-output>
          </reporter-output>
        </test-method> <!-- setup -->
        <test-method signature="user_add(java.util.TreeMap)[pri:0, instance:Enterprise_Codeclouds.Project.Enterprise.User_Module@40005471]" started-at="2026-01-12T15:56:21 IST" name="user_add" data-provider="UserData" finished-at="2026-01-12T15:56:35 IST" duration-ms="14067" status="PASS">
          <params>
            <param index="0">
              <value>
                <![CDATA[{Email=nayeli.stonevoss8395@mailto.plus, First Name=Nayeli, Groups=Super Admin, Last Name=Stonevoss, Middle Name=Reina, Phone Number (Primary)=4025178395, Phone Number (Secondary)=5317781465}]]>
              </value>
            </param>
          </params>
          <reporter-output>
          </reporter-output>
        </test-method> <!-- user_add -->
        <test-method is-config="true" signature="Kill()[pri:0, instance:Enterprise_Codeclouds.Project.Enterprise.User_Module@40005471]" started-at="2026-01-12T15:56:35 IST" name="Kill" finished-at="2026-01-12T15:56:35 IST" duration-ms="350" status="PASS">
          <reporter-output>
          </reporter-output>
        </test-method> <!-- Kill -->
        <test-method is-config="true" signature="setup()[pri:0, instance:Enterprise_Codeclouds.Project.Enterprise.User_Module@40005471]" started-at="2026-01-12T15:56:35 IST" name="setup" finished-at="2026-01-12T15:56:36 IST" duration-ms="869" status="PASS">
          <reporter-output>
          </reporter-output>
        </test-method> <!-- setup -->
        <test-method signature="user_add(java.util.TreeMap)[pri:0, instance:Enterprise_Codeclouds.Project.Enterprise.User_Module@40005471]" started-at="2026-01-12T15:56:36 IST" name="user_add" data-provider="UserData" finished-at="2026-01-12T15:56:50 IST" duration-ms="13936" status="PASS">
          <params>
            <param index="0">
              <value>
                <![CDATA[{Email=ishaan.moorfield5526@mailto.plus, First Name=Ishaan, Groups=New Group, Last Name=Moorfield, Middle Name=Dev, Phone Number (Primary)=7079365526, Phone Number (Secondary)=9166042196}]]>
              </value>
            </param>
          </params>
          <reporter-output>
          </reporter-output>
        </test-method> <!-- user_add -->
        <test-method is-config="true" signature="Kill()[pri:0, instance:Enterprise_Codeclouds.Project.Enterprise.User_Module@40005471]" started-at="2026-01-12T15:56:50 IST" name="Kill" finished-at="2026-01-12T15:56:50 IST" duration-ms="423" status="PASS">
          <reporter-output>
          </reporter-output>
        </test-method> <!-- Kill -->
        <test-method is-config="true" signature="setup()[pri:0, instance:Enterprise_Codeclouds.Project.Enterprise.User_Module@40005471]" started-at="2026-01-12T15:56:50 IST" name="setup" finished-at="2026-01-12T15:56:51 IST" duration-ms="841" status="PASS">
          <reporter-output>
          </reporter-output>
        </test-method> <!-- setup -->
        <test-method signature="user_add(java.util.TreeMap)[pri:0, instance:Enterprise_Codeclouds.Project.Enterprise.User_Module@40005471]" started-at="2026-01-12T15:56:51 IST" name="user_add" data-provider="UserData" finished-at="2026-01-12T15:57:05 IST" duration-ms="13795" status="PASS">
          <params>
            <param index="0">
              <value>
                <![CDATA[{Email=soraya.brindleham1077@mailto.plus, First Name=Soraya, Groups=Test Group, Last Name=Brindleham, Middle Name=Noor, Phone Number (Primary)=9194831077, Phone Number (Secondary)=2527609447}]]>
              </value>
            </param>
          </params>
          <reporter-output>
          </reporter-output>
        </test-method> <!-- user_add -->
        <test-method is-config="true" signature="Kill()[pri:0, instance:Enterprise_Codeclouds.Project.Enterprise.User_Module@40005471]" started-at="2026-01-12T15:57:05 IST" name="Kill" finished-at="2026-01-12T15:57:05 IST" duration-ms="445" status="PASS">
          <reporter-output>
          </reporter-output>
        </test-method> <!-- Kill -->
        <test-method is-config="true" signature="setup()[pri:0, instance:Enterprise_Codeclouds.Project.Enterprise.User_Module@40005471]" started-at="2026-01-12T15:57:05 IST" name="setup" finished-at="2026-01-12T15:57:06 IST" duration-ms="859" status="PASS">
          <reporter-output>
          </reporter-output>
        </test-method> <!-- setup -->
        <test-method signature="user_add(java.util.TreeMap)[pri:0, instance:Enterprise_Codeclouds.Project.Enterprise.User_Module@40005471]" started-at="2026-01-12T15:57:06 IST" name="user_add" data-provider="UserData" finished-at="2026-01-12T15:57:20 IST" duration-ms="13599" status="PASS">
          <params>
            <param index="0">
              <value>
                <![CDATA[{Email=leocadia.ashbriar9838@mailto.plus, First Name=Leocadia, Groups=Submodule test group, Last Name=Ashbriar, Middle Name=Rue, Phone Number (Primary)=5126749838, Phone Number (Secondary)=7375801168}]]>
              </value>
            </param>
          </params>
          <reporter-output>
          </reporter-output>
        </test-method> <!-- user_add -->
        <test-method is-config="true" signature="Kill()[pri:0, instance:Enterprise_Codeclouds.Project.Enterprise.User_Module@40005471]" started-at="2026-01-12T15:57:20 IST" name="Kill" finished-at="2026-01-12T15:57:20 IST" duration-ms="397" status="PASS">
          <reporter-output>
          </reporter-output>
        </test-method> <!-- Kill -->
        <test-method is-config="true" signature="setup()[pri:0, instance:Enterprise_Codeclouds.Project.Enterprise.User_Module@40005471]" started-at="2026-01-12T15:57:20 IST" name="setup" finished-at="2026-01-12T15:57:21 IST" duration-ms="881" status="PASS">
          <reporter-output>
          </reporter-output>
        </test-method> <!-- setup -->
        <test-method signature="user_add(java.util.TreeMap)[pri:0, instance:Enterprise_Codeclouds.Project.Enterprise.User_Module@40005471]" started-at="2026-01-12T15:57:21 IST" name="user_add" data-provider="UserData" finished-at="2026-01-12T15:57:35 IST" duration-ms="13835" status="PASS">
          <params>
            <param index="0">
              <value>
                <![CDATA[{Email=kairav.velmont2289@mailto.plus, First Name=Kairav, Groups=Super Admin, Last Name=Velmont, Middle Name=Omri, Phone Number (Primary)=6469052289, Phone Number (Secondary)=3327416609}]]>
              </value>
            </param>
          </params>
          <reporter-output>
          </reporter-output>
        </test-method> <!-- user_add -->
        <test-method is-config="true" signature="Kill()[pri:0, instance:Enterprise_Codeclouds.Project.Enterprise.User_Module@40005471]" started-at="2026-01-12T15:57:35 IST" name="Kill" finished-at="2026-01-12T15:57:35 IST" duration-ms="456" status="PASS">
          <reporter-output>
          </reporter-output>
        </test-method> <!-- Kill -->
        <test-method is-config="true" signature="setup()[pri:0, instance:Enterprise_Codeclouds.Project.Enterprise.User_Module@40005471]" started-at="2026-01-12T15:57:35 IST" name="setup" finished-at="2026-01-12T15:57:36 IST" duration-ms="865" status="PASS">
          <reporter-output>
          </reporter-output>
        </test-method> <!-- setup -->
        <test-method signature="user_add(java.util.TreeMap)[pri:0, instance:Enterprise_Codeclouds.Project.Enterprise.User_Module@40005471]" started-at="2026-01-12T15:57:36 IST" name="user_add" data-provider="UserData" finished-at="2026-01-12T15:57:52 IST" duration-ms="15885" status="PASS">
          <params>
            <param index="0">
              <value>
                <![CDATA[{Email=yara.crownhill4750@mailto.plus, First Name=Yara, Groups=New Group, Last Name=Crownhill, Middle Name=Esme, Phone Number (Primary)=2168394750, Phone Number (Secondary)=4407821190}]]>
              </value>
            </param>
          </params>
          <reporter-output>
          </reporter-output>
        </test-method> <!-- user_add -->
        <test-method is-config="true" signature="Kill()[pri:0, instance:Enterprise_Codeclouds.Project.Enterprise.User_Module@40005471]" started-at="2026-01-12T15:57:52 IST" name="Kill" finished-at="2026-01-12T15:57:53 IST" duration-ms="375" status="PASS">
          <reporter-output>
          </reporter-output>
        </test-method> <!-- Kill -->
        <test-method is-config="true" signature="setup()[pri:0, instance:Enterprise_Codeclouds.Project.Enterprise.User_Module@40005471]" started-at="2026-01-12T15:57:53 IST" name="setup" finished-at="2026-01-12T15:57:53 IST" duration-ms="898" status="PASS">
          <reporter-output>
          </reporter-output>
        </test-method> <!-- setup -->
        <test-method signature="user_add(java.util.TreeMap)[pri:0, instance:Enterprise_Codeclouds.Project.Enterprise.User_Module@40005471]" started-at="2026-01-12T15:57:53 IST" name="user_add" data-provider="UserData" finished-at="2026-01-12T15:58:07 IST" duration-ms="13688" status="PASS">
          <params>
            <param index="0">
              <value>
                <![CDATA[{Email=ronan.lindenrow9301@mailto.plus, First Name=Ronan, Groups=Test Group, Last Name=Lindenrow, Middle Name=Keir, Phone Number (Primary)=4807169301, Phone Number (Secondary)=6025397081}]]>
              </value>
            </param>
          </params>
          <reporter-output>
          </reporter-output>
        </test-method> <!-- user_add -->
        <test-method is-config="true" signature="Kill()[pri:0, instance:Enterprise_Codeclouds.Project.Enterprise.User_Module@40005471]" started-at="2026-01-12T15:58:07 IST" name="Kill" finished-at="2026-01-12T15:58:08 IST" duration-ms="476" status="PASS">
          <reporter-output>
          </reporter-output>
        </test-method> <!-- Kill -->
        <test-method is-config="true" signature="setup()[pri:0, instance:Enterprise_Codeclouds.Project.Enterprise.User_Module@40005471]" started-at="2026-01-12T15:58:08 IST" name="setup" finished-at="2026-01-12T15:58:08 IST" duration-ms="856" status="PASS">
          <reporter-output>
          </reporter-output>
        </test-method> <!-- setup -->
        <test-method signature="user_add(java.util.TreeMap)[pri:0, instance:Enterprise_Codeclouds.Project.Enterprise.User_Module@40005471]" started-at="2026-01-12T15:58:08 IST" name="user_add" data-provider="UserData" finished-at="2026-01-12T15:58:22 IST" duration-ms="13466" status="PASS">
          <params>
            <param index="0">
              <value>
                <![CDATA[{Email=aurelio.merrivale7422@mailto.plus, First Name=Aurelio, Groups=Submodule test group, Last Name=Merrivale, Middle Name=Paz, Phone Number (Primary)=3036587422, Phone Number (Secondary)=7203419052}]]>
              </value>
            </param>
          </params>
          <reporter-output>
          </reporter-output>
        </test-method> <!-- user_add -->
        <test-method is-config="true" signature="Kill()[pri:0, instance:Enterprise_Codeclouds.Project.Enterprise.User_Module@40005471]" started-at="2026-01-12T15:58:22 IST" name="Kill" finished-at="2026-01-12T15:58:22 IST" duration-ms="336" status="PASS">
          <reporter-output>
          </reporter-output>
        </test-method> <!-- Kill -->
        <test-method is-config="true" signature="setup()[pri:0, instance:Enterprise_Codeclouds.Project.Enterprise.User_Module@40005471]" started-at="2026-01-12T15:58:22 IST" name="setup" finished-at="2026-01-12T15:58:23 IST" duration-ms="882" status="PASS">
          <reporter-output>
          </reporter-output>
        </test-method> <!-- setup -->
        <test-method signature="user_add(java.util.TreeMap)[pri:0, instance:Enterprise_Codeclouds.Project.Enterprise.User_Module@40005471]" started-at="2026-01-12T15:58:23 IST" name="user_add" data-provider="UserData" finished-at="2026-01-12T15:58:36 IST" duration-ms="13375" status="PASS">
          <params>
            <param index="0">
              <value>
                <![CDATA[{Email=saskia.vinteron2633@mailto.plus, First Name=Saskia, Groups=Super Admin, Last Name=Vinteron, Middle Name=Liv, Phone Number (Primary)=8014972633, Phone Number (Secondary)=3856087713}]]>
              </value>
            </param>
          </params>
          <reporter-output>
          </reporter-output>
        </test-method> <!-- user_add -->
        <test-method is-config="true" signature="Kill()[pri:0, instance:Enterprise_Codeclouds.Project.Enterprise.User_Module@40005471]" started-at="2026-01-12T15:58:37 IST" name="Kill" finished-at="2026-01-12T15:58:37 IST" duration-ms="363" status="PASS">
          <reporter-output>
          </reporter-output>
        </test-method> <!-- Kill -->
        <test-method is-config="true" signature="setup()[pri:0, instance:Enterprise_Codeclouds.Project.Enterprise.User_Module@40005471]" started-at="2026-01-12T15:58:37 IST" name="setup" finished-at="2026-01-12T15:58:38 IST" duration-ms="838" status="PASS">
          <reporter-output>
          </reporter-output>
        </test-method> <!-- setup -->
        <test-method signature="user_add(java.util.TreeMap)[pri:0, instance:Enterprise_Codeclouds.Project.Enterprise.User_Module@40005471]" started-at="2026-01-12T15:58:38 IST" name="user_add" data-provider="UserData" finished-at="2026-01-12T15:58:51 IST" duration-ms="13612" status="PASS">
          <params>
            <param index="0">
              <value>
                <![CDATA[{Email=navin.hearthlane5144@mailto.plus, First Name=Navin, Groups=New Group, Last Name=Hearthlane, Middle Name=Ryo, Phone Number (Primary)=6158205144, Phone Number (Secondary)=6294779014}]]>
              </value>
            </param>
          </params>
          <reporter-output>
          </reporter-output>
        </test-method> <!-- user_add -->
        <test-method is-config="true" signature="Kill()[pri:0, instance:Enterprise_Codeclouds.Project.Enterprise.User_Module@40005471]" started-at="2026-01-12T15:58:51 IST" name="Kill" finished-at="2026-01-12T15:58:53 IST" duration-ms="1873" status="PASS">
          <reporter-output>
          </reporter-output>
        </test-method> <!-- Kill -->
        <test-method is-config="true" signature="setup()[pri:0, instance:Enterprise_Codeclouds.Project.Enterprise.User_Module@40005471]" started-at="2026-01-12T15:58:53 IST" name="setup" finished-at="2026-01-12T15:58:54 IST" duration-ms="757" status="PASS">
          <reporter-output>
          </reporter-output>
        </test-method> <!-- setup -->
        <test-method signature="user_add(java.util.TreeMap)[pri:0, instance:Enterprise_Codeclouds.Project.Enterprise.User_Module@40005471]" started-at="2026-01-12T15:58:54 IST" name="user_add" data-provider="UserData" finished-at="2026-01-12T15:59:08 IST" duration-ms="13590" status="PASS">
          <params>
            <param index="0">
              <value>
                <![CDATA[{Email=meadow.glenwarren9855@mailto.plus, First Name=Meadow, Groups=Test Group, Last Name=Glenwarren, Middle Name=Skye, Phone Number (Primary)=2067339855, Phone Number (Secondary)=4256017725}]]>
              </value>
            </param>
          </params>
          <reporter-output>
          </reporter-output>
        </test-method> <!-- user_add -->
        <test-method is-config="true" signature="Kill()[pri:0, instance:Enterprise_Codeclouds.Project.Enterprise.User_Module@40005471]" started-at="2026-01-12T15:59:08 IST" name="Kill" finished-at="2026-01-12T15:59:08 IST" duration-ms="354" status="PASS">
          <reporter-output>
          </reporter-output>
        </test-method> <!-- Kill -->
        <test-method is-config="true" signature="setup()[pri:0, instance:Enterprise_Codeclouds.Project.Enterprise.User_Module@40005471]" started-at="2026-01-12T15:59:08 IST" name="setup" finished-at="2026-01-12T15:59:09 IST" duration-ms="894" status="PASS">
          <reporter-output>
          </reporter-output>
        </test-method> <!-- setup -->
        <test-method signature="user_add(java.util.TreeMap)[pri:0, instance:Enterprise_Codeclouds.Project.Enterprise.User_Module@40005471]" started-at="2026-01-12T15:59:09 IST" name="user_add" data-provider="UserData" finished-at="2026-01-12T15:59:22 IST" duration-ms="13347" status="PASS">
          <params>
            <param index="0">
              <value>
                <![CDATA[{Email=zubair.crestmore1966@mailto.plus, First Name=Zubair, Groups=Submodule test group, Last Name=Crestmore, Middle Name=Irfan, Phone Number (Primary)=9046821966, Phone Number (Secondary)=3865194406}]]>
              </value>
            </param>
          </params>
          <reporter-output>
          </reporter-output>
        </test-method> <!-- user_add -->
        <test-method is-config="true" signature="Kill()[pri:0, instance:Enterprise_Codeclouds.Project.Enterprise.User_Module@40005471]" started-at="2026-01-12T15:59:22 IST" name="Kill" finished-at="2026-01-12T15:59:23 IST" duration-ms="362" status="PASS">
          <reporter-output>
          </reporter-output>
        </test-method> <!-- Kill -->
        <test-method is-config="true" signature="setup()[pri:0, instance:Enterprise_Codeclouds.Project.Enterprise.User_Module@40005471]" started-at="2026-01-12T15:59:23 IST" name="setup" finished-at="2026-01-12T15:59:23 IST" duration-ms="842" status="PASS">
          <reporter-output>
          </reporter-output>
        </test-method> <!-- setup -->
        <test-method signature="user_add(java.util.TreeMap)[pri:0, instance:Enterprise_Codeclouds.Project.Enterprise.User_Module@40005471]" started-at="2026-01-12T15:59:23 IST" name="user_add" data-provider="UserData" finished-at="2026-01-12T15:59:37 IST" duration-ms="13723" status="PASS">
          <params>
            <param index="0">
              <value>
                <![CDATA[{Email=elowen.rookhaven3077@mailto.plus, First Name=Elowen, Groups=Super Admin, Last Name=Rookhaven, Middle Name=Faye, Phone Number (Primary)=5057493077, Phone Number (Secondary)=5756142387}]]>
              </value>
            </param>
          </params>
          <reporter-output>
          </reporter-output>
        </test-method> <!-- user_add -->
        <test-method is-config="true" signature="Kill()[pri:0, instance:Enterprise_Codeclouds.Project.Enterprise.User_Module@40005471]" started-at="2026-01-12T15:59:37 IST" name="Kill" finished-at="2026-01-12T15:59:37 IST" duration-ms="388" status="PASS">
          <reporter-output>
          </reporter-output>
        </test-method> <!-- Kill -->
        <test-method is-config="true" signature="setup()[pri:0, instance:Enterprise_Codeclouds.Project.Enterprise.User_Module@40005471]" started-at="2026-01-12T15:59:37 IST" name="setup" finished-at="2026-01-12T15:59:38 IST" duration-ms="892" status="PASS">
          <reporter-output>
          </reporter-output>
        </test-method> <!-- setup -->
        <test-method signature="user_add(java.util.TreeMap)[pri:0, instance:Enterprise_Codeclouds.Project.Enterprise.User_Module@40005471]" started-at="2026-01-12T15:59:38 IST" name="user_add" data-provider="UserData" finished-at="2026-01-12T15:59:52 IST" duration-ms="13886" status="PASS">
          <params>
            <param index="0">
              <value>
                <![CDATA[{Email=keziah.briarwick4188@mailto.plus, First Name=Keziah, Groups=New Group, Last Name=Briarwick, Middle Name=Nell, Phone Number (Primary)=3176084188, Phone Number (Secondary)=4637712098}]]>
              </value>
            </param>
          </params>
          <reporter-output>
          </reporter-output>
        </test-method> <!-- user_add -->
        <test-method is-config="true" signature="Kill()[pri:0, instance:Enterprise_Codeclouds.Project.Enterprise.User_Module@40005471]" started-at="2026-01-12T15:59:52 IST" name="Kill" finished-at="2026-01-12T15:59:53 IST" duration-ms="346" status="PASS">
          <reporter-output>
          </reporter-output>
        </test-method> <!-- Kill -->
        <test-method is-config="true" signature="setup()[pri:0, instance:Enterprise_Codeclouds.Project.Enterprise.User_Module@40005471]" started-at="2026-01-12T15:59:53 IST" name="setup" finished-at="2026-01-12T15:59:53 IST" duration-ms="861" status="PASS">
          <reporter-output>
          </reporter-output>
        </test-method> <!-- setup -->
        <test-method signature="user_add(java.util.TreeMap)[pri:0, instance:Enterprise_Codeclouds.Project.Enterprise.User_Module@40005471]" started-at="2026-01-12T15:59:53 IST" name="user_add" data-provider="UserData" finished-at="2026-01-12T16:00:08 IST" duration-ms="14451" status="PASS">
          <params>
            <param index="0">
              <value>
                <![CDATA[{Email=tenzin.rivenshaw5299@mailto.plus, First Name=Tenzin, Groups=Test Group, Last Name=Rivenshaw, Middle Name=Pema, Phone Number (Primary)=9138275299, Phone Number (Secondary)=8166947709}]]>
              </value>
            </param>
          </params>
          <reporter-output>
          </reporter-output>
        </test-method> <!-- user_add -->
        <test-method is-config="true" signature="Kill()[pri:0, instance:Enterprise_Codeclouds.Project.Enterprise.User_Module@40005471]" started-at="2026-01-12T16:00:08 IST" name="Kill" finished-at="2026-01-12T16:00:08 IST" duration-ms="521" status="PASS">
          <reporter-output>
          </reporter-output>
        </test-method> <!-- Kill -->
        <test-method is-config="true" signature="setup()[pri:0, instance:Enterprise_Codeclouds.Project.Enterprise.User_Module@40005471]" started-at="2026-01-12T16:00:08 IST" name="setup" finished-at="2026-01-12T16:00:09 IST" duration-ms="849" status="PASS">
          <reporter-output>
          </reporter-output>
        </test-method> <!-- setup -->
        <test-method signature="user_add(java.util.TreeMap)[pri:0, instance:Enterprise_Codeclouds.Project.Enterprise.User_Module@40005471]" started-at="2026-01-12T16:00:09 IST" name="user_add" data-provider="UserData" finished-at="2026-01-12T16:00:24 IST" duration-ms="14681" status="PASS">
          <params>
            <param index="0">
              <value>
                <![CDATA[{Email=marcellus.wrenford7400@mailto.plus, First Name=Marcellus, Groups=Submodule test group, Last Name=Wrenford, Middle Name=Jude, Phone Number (Primary)=7026157400, Phone Number (Secondary)=7255031960}]]>
              </value>
            </param>
          </params>
          <reporter-output>
          </reporter-output>
        </test-method> <!-- user_add -->
        <test-method is-config="true" signature="Kill()[pri:0, instance:Enterprise_Codeclouds.Project.Enterprise.User_Module@40005471]" started-at="2026-01-12T16:00:24 IST" name="Kill" finished-at="2026-01-12T16:00:24 IST" duration-ms="430" status="PASS">
          <reporter-output>
          </reporter-output>
        </test-method> <!-- Kill -->
      </class> <!-- Enterprise_Codeclouds.Project.Enterprise.User_Module -->
    </test> <!-- Default test -->
  </suite> <!-- Default suite -->
</testng-results>
