<?xml version="1.0" encoding="UTF-8"?>
<testng-results ignored="4" total="5" passed="1" failed="0" skipped="0">
  <reporter-output>
  </reporter-output>
  <suite started-at="2026-01-23T15:55:43 IST" name="Default suite" finished-at="2026-01-23T15:56:14 IST" duration-ms="31079">
    <groups>
    </groups>
    <test started-at="2026-01-23T15:55:43 IST" name="Default test" finished-at="2026-01-23T15:56:14 IST" duration-ms="31079">
      <class name="Enterprise_Codeclouds.Project.Enterprise.Case_Appplications">
        <test-method is-config="true" signature="setup()[pri:0, instance:Enterprise_Codeclouds.Project.Enterprise.Case_Appplications@fa4c865]" started-at="2026-01-23T15:55:43 IST" name="setup" finished-at="2026-01-23T15:55:46 IST" duration-ms="2209" status="PASS">
          <reporter-output>
          </reporter-output>
        </test-method> <!-- setup -->
        <test-method signature="PayOff_Lien_List()[pri:0, instance:Enterprise_Codeclouds.Project.Enterprise.Case_Appplications@fa4c865]" started-at="2026-01-23T15:55:46 IST" name="PayOff_Lien_List" finished-at="2026-01-23T15:56:14 IST" duration-ms="28409" status="PASS">
          <reporter-output>
          </reporter-output>
        </test-method> <!-- PayOff_Lien_List -->
        <test-method is-config="true" signature="Kill()[pri:0, instance:Enterprise_Codeclouds.Project.Enterprise.Case_Appplications@fa4c865]" started-at="2026-01-23T15:56:14 IST" name="Kill" finished-at="2026-01-23T15:56:14 IST" duration-ms="376" status="PASS">
          <reporter-output>
          </reporter-output>
        </test-method> <!-- Kill -->
      </class> <!-- Enterprise_Codeclouds.Project.Enterprise.Case_Appplications -->
    </test> <!-- Default test -->
  </suite> <!-- Default suite -->
</testng-results>
