<?xml version="1.0" encoding="UTF-8"?>
<testng-results ignored="6" total="7" passed="1" failed="0" skipped="0">
  <reporter-output>
  </reporter-output>
  <suite started-at="2026-02-02T20:48:46 IST" name="Default suite" finished-at="2026-02-02T20:51:48 IST" duration-ms="182144">
    <groups>
    </groups>
    <test started-at="2026-02-02T20:48:46 IST" name="Default test" finished-at="2026-02-02T20:51:48 IST" duration-ms="182144">
      <class name="Enterprise_Codeclouds.Project.Enterprise.Case_Appplications">
        <test-method is-config="true" signature="setup()[pri:0, instance:Enterprise_Codeclouds.Project.Enterprise.Case_Appplications@24313fcc]" started-at="2026-02-02T20:48:46 IST" name="setup" finished-at="2026-02-02T20:48:48 IST" duration-ms="2041" status="PASS">
          <reporter-output>
          </reporter-output>
        </test-method> <!-- setup -->
        <test-method signature="Buyout_Add_After_Contract_Generation_through_Edit_Terms(java.util.TreeMap,java.util.TreeMap,java.util.TreeMap,java.util.TreeMap,java.util.TreeMap,java.util.TreeMap)[pri:0, instance:Enterprise_Codeclouds.Project.Enterprise.Case_Appplications@24313fcc]" started-at="2026-02-02T20:48:48 IST" name="Buyout_Add_After_Contract_Generation_through_Edit_Terms" data-provider="case_plus_plaintiff" finished-at="2026-02-02T20:51:47 IST" duration-ms="179535" status="PASS">
          <params>
            <param index="0">
              <value>
                <![CDATA[{Agreement Date=02/02/2026, Amount Received=4200, Application Status=In Review, Approved Amount=31000, Attorney Name=Attorney Calista Renner, Buyout Amount=19600, Buyout Expiry Date=02/02/2030, Buyout Funder Name=Juniper Vale Litigation Capital, Case #=521, Case Type=Premises Liability, Court Index Number=19CV-2403-PR-004921, Date of Incident=03/09/2024, Document prep fee=325, Fund transfer fee=120, Interest Start Date=02/02/2026, Law Firm Name=Pacific Meridian Trial Advocates LLP, Lead Source=Advertising, Notes / Remarks=Card payment received; confirm gateway transaction ID and prevent duplicate posting in payment log., Payer Name=Plaintiff N/A, Payment Date=02/02/2026, Payment Mode=Credit Card, Payment Type=Payment by Plaintiff, Rate of Return=44, Recommended Max Funding=31000, Requested Amount=73500, Risk Level=Moderate, SMS Message Body=We’re reviewing your premises liability file and verifying key records. Updates will follow soon. – Lumberjack Legal Finance, SMS Message Title=Premises File Under Review, State=California, Summary=Slip on freshly mopped tile with no wet-floor signage; wrist fracture and lost shifts alleged; incident report and surveillance request sent to property manager., Underwriting Notes=Confirm footage retention window, maintenance logs, and prior slip complaints. Verify medical causation timeline and wage loss proof. Conservative staging until video response and ownership verification., Underwriting Tag=Surveillance Request Sent}]]>
              </value>
            </param>
            <param index="1">
              <value>
                <![CDATA[{Address Line 1=900 Elm St, Suite 600, Address Line 2=900 Elm St, City=Manchester, Date of Birth=07/19/1988, Email=nuala.mclachlan3897@yopmail.com, First Name=Nuala, Last Name=McLachlan, Middle Name=Faye, Name Suffix=II, Phone number=5067773897, Social Security Number=903-21-3897, State=New Hampshire, Zip code=03101}]]>
              </value>
            </param>
            <param index="2">
              <value>
                <![CDATA[{Email=attorney.maelys.beausoleil01@yopmail.com, First Name=Attorney Maëlys, Last Name=Beausoleil, Middle Name=Rowan, Name Suffix=II, Office phone=9897418123, Phone=9897406123}]]>
              </value>
            </param>
            <param index="3">
              <value>
                <![CDATA[{City=Wilmington, Name=VerdictForge Litigation Atelier, Phone=3024389017, State=Delaware, Street Address 1=919 N Market St, Brandywine Commerce Center, Main Lobby, Street Address 2=Suite 1204, Intake: Desk 3, Elevator Bank A, Zip code=19801}]]>
              </value>
            </param>
            <param index="4">
              <value>
                <![CDATA[{Staff Email=staff.nivaren.thornwick25@mailto.plus, Staff First Name=Staff Nivaren, Staff Last Name=Thornwick, Staff Middle Name=Calix, Staff Name Suffix=II, Staff Office phone=9718821460, Staff Phone=9716043825}]]>
              </value>
            </param>
            <param index="5">
              <value>
                <![CDATA[{Bcc=qa.auditdesk@yopmail.com, Cc=intake.coordinator@yopmail.com, Message=Hello,

Please upload the required documents at your earliest convenience so we can proceed without delay.

Thank you., Subject=Document Request - Please Upload Required Files, Template=None, To=marcelline.briarcliff1874@yopmail.com}]]>
              </value>
            </param>
          </params>
          <reporter-output>
          </reporter-output>
        </test-method> <!-- Buyout_Add_After_Contract_Generation_through_Edit_Terms -->
        <test-method is-config="true" signature="Kill()[pri:0, instance:Enterprise_Codeclouds.Project.Enterprise.Case_Appplications@24313fcc]" started-at="2026-02-02T20:51:47 IST" name="Kill" finished-at="2026-02-02T20:51:48 IST" duration-ms="473" status="PASS">
          <reporter-output>
          </reporter-output>
        </test-method> <!-- Kill -->
      </class> <!-- Enterprise_Codeclouds.Project.Enterprise.Case_Appplications -->
    </test> <!-- Default test -->
  </suite> <!-- Default suite -->
</testng-results>
