<?xml version="1.0" encoding="UTF-8"?>
<testng-results ignored="6" total="16" passed="7" failed="3" skipped="0">
  <reporter-output>
  </reporter-output>
  <suite started-at="2026-02-06T20:28:43 IST" name="Default suite" finished-at="2026-02-06T20:46:23 IST" duration-ms="1060340">
    <groups>
    </groups>
    <test started-at="2026-02-06T20:28:43 IST" name="Default test" finished-at="2026-02-06T20:46:23 IST" duration-ms="1060340">
      <class name="Enterprise_Codeclouds.Project.Enterprise.Case_Appplications">
        <test-method is-config="true" signature="setup()[pri:0, instance:Enterprise_Codeclouds.Project.Enterprise.Case_Appplications@7d20d0b]" started-at="2026-02-06T20:28:43 IST" name="setup" finished-at="2026-02-06T20:28:46 IST" duration-ms="2994" status="PASS">
          <reporter-output>
          </reporter-output>
        </test-method> <!-- setup -->
        <test-method signature="Buyout_Add_and_Fees_changed_in_Revised_Contract(java.util.TreeMap,java.util.TreeMap,java.util.TreeMap,java.util.TreeMap,java.util.TreeMap,java.util.TreeMap)[pri:0, instance:Enterprise_Codeclouds.Project.Enterprise.Case_Appplications@7d20d0b]" started-at="2026-02-06T20:28:46 IST" name="Buyout_Add_and_Fees_changed_in_Revised_Contract" data-provider="case_plus_plaintiff" finished-at="2026-02-06T20:30:50 IST" duration-ms="123842" status="PASS">
          <params>
            <param index="0">
              <value>
                <![CDATA[{Agreement Date=02/06/2026, Amount Received=4200, Application Status=In Review, Approved Amount=31000, Attorney Name=Attorney Calista Renner, Buyout Amount=19600, Buyout Expiry Date=02/06/2030, Buyout Funder Name=Juniper Vale Litigation Capital, Case #=521, Case Type=Premises Liability, Court Index Number=19CV-2403-PR-004921, Date of Incident=03/09/2024, Document prep fee=325, Fund transfer fee=120, Interest Start Date=02/06/2026, Law Firm Name=Pacific Meridian Trial Advocates LLP, Lead Source=Advertising, Notes / Remarks=Card payment received; confirm gateway transaction ID and prevent duplicate posting in payment log., Payer Name=Plaintiff N/A, Payment Date=02/06/2026, Payment Mode=Credit Card, Payment Type=Payment by Plaintiff, Rate of Return=44, Recommended Max Funding=31000, Requested Amount=73500, Risk Level=Moderate, SMS Message Body=We’re reviewing your premises liability file and verifying key records. Updates will follow soon. – Lumberjack Legal Finance, SMS Message Title=Premises File Under Review, State=California, Summary=Slip on freshly mopped tile with no wet-floor signage; wrist fracture and lost shifts alleged; incident report and surveillance request sent to property manager., Underwriting Notes=Confirm footage retention window, maintenance logs, and prior slip complaints. Verify medical causation timeline and wage loss proof. Conservative staging until video response and ownership verification., Underwriting Tag=Surveillance Request Sent}]]>
              </value>
            </param>
            <param index="1">
              <value>
                <![CDATA[{Address Line 1=233 S Wacker Dr, Address Line 2=Suite 4112, City=Chicago, Date of Birth=11/03/1988, Email=mathieu.tremblay.v8p6d3@yopmail.com, First Name=Mathieu, Last Name=Tremblay, Middle Name=Olivier, Name Suffix=Sr, Phone number=3128461907, Social Security Number=936-33-5901, State=Illinois, Zip code=60606}]]>
              </value>
            </param>
            <param index="2">
              <value>
                <![CDATA[{Email=attorney.maelys.beausoleil01@yopmail.com, First Name=Attorney Maëlys, Last Name=Beausoleil, Middle Name=Rowan, Name Suffix=II, Office phone=9897418123, Phone=9897406123}]]>
              </value>
            </param>
            <param index="3">
              <value>
                <![CDATA[{City=Wilmington, Name=VerdictForge Litigation Atelier, Phone=3024389017, State=Delaware, Street Address 1=919 N Market St, Brandywine Commerce Center, Main Lobby, Street Address 2=Suite 1204, Intake: Desk 3, Elevator Bank A, Zip code=19801}]]>
              </value>
            </param>
            <param index="4">
              <value>
                <![CDATA[{Staff Email=staff.nivaren.thornwick25@mailto.plus, Staff First Name=Staff Nivaren, Staff Last Name=Thornwick, Staff Middle Name=Calix, Staff Name Suffix=II, Staff Office phone=9718821460, Staff Phone=9716043825}]]>
              </value>
            </param>
            <param index="5">
              <value>
                <![CDATA[{Bcc=qa.auditdesk@yopmail.com, Cc=intake.coordinator@yopmail.com, Message=Hello,

Please upload the required documents at your earliest convenience so we can proceed without delay.

Thank you., Subject=Document Request - Please Upload Required Files, Template=None, To=marcelline.briarcliff1874@yopmail.com}]]>
              </value>
            </param>
          </params>
          <reporter-output>
          </reporter-output>
        </test-method> <!-- Buyout_Add_and_Fees_changed_in_Revised_Contract -->
        <test-method is-config="true" signature="Kill()[pri:0, instance:Enterprise_Codeclouds.Project.Enterprise.Case_Appplications@7d20d0b]" started-at="2026-02-06T20:30:50 IST" name="Kill" finished-at="2026-02-06T20:30:50 IST" duration-ms="361" status="PASS">
          <reporter-output>
          </reporter-output>
        </test-method> <!-- Kill -->
        <test-method is-config="true" signature="setup()[pri:0, instance:Enterprise_Codeclouds.Project.Enterprise.Case_Appplications@7d20d0b]" started-at="2026-02-06T20:30:50 IST" name="setup" finished-at="2026-02-06T20:30:51 IST" duration-ms="896" status="PASS">
          <reporter-output>
          </reporter-output>
        </test-method> <!-- setup -->
        <test-method signature="Buyout_Add_and_Fees_changed_in_Revised_Contract(java.util.TreeMap,java.util.TreeMap,java.util.TreeMap,java.util.TreeMap,java.util.TreeMap,java.util.TreeMap)[pri:0, instance:Enterprise_Codeclouds.Project.Enterprise.Case_Appplications@7d20d0b]" started-at="2026-02-06T20:30:51 IST" name="Buyout_Add_and_Fees_changed_in_Revised_Contract" data-provider="case_plus_plaintiff" finished-at="2026-02-06T20:32:53 IST" duration-ms="121976" status="PASS">
          <params>
            <param index="0">
              <value>
                <![CDATA[{Agreement Date=02/06/2026, Amount Received=16300, Application Status=In Review, Approved Amount=29500, Attorney Name=Attorney Sera Whitlow, Buyout Amount=17400, Buyout Expiry Date=02/06/2030, Buyout Funder Name=Redwood Axis Litigation Finance, Case #=531, Case Type=Products Liability, Court Index Number=01CV-2308-PL-005331, Date of Incident=08/17/2023, Document prep fee=310, Fund transfer fee=115, Interest Start Date=02/06/2026, Law Firm Name=Capitol Product Liability Chambers, Lead Source=Broker, Notes / Remarks=Buyout payment received via portal; verify reference ID and attach receipt PDF before closing ledger., Payer Name=Northshore Buyout Funding, Payment Date=02/06/2026, Payment Mode=Online Payment, Payment Type=Payment by Another Funder, Rate of Return=46, Recommended Max Funding=29500, Requested Amount=66500, Risk Level=Moderate-High, SMS Message Body=Your products liability file is under defect review. We’ll update you after expert validation. – Lumberjack Legal Finance, SMS Message Title=Defect Review, State=Washington DC, Summary=E-scooter battery thermal event alleged; burn injury and scarring; device preserved; recall research referenced; expert inspection planned., Underwriting Notes=Preservation and chain-of-custody essential. Confirm recall history and alternate causation. Stage until defect opinion and medical causation supported by treating notes., Underwriting Tag=Chain-of-Custody}]]>
              </value>
            </param>
            <param index="1">
              <value>
                <![CDATA[{Address Line 1=125 Summer St, Address Line 2=Apt 9C, City=Boston, Date of Birth=01/26/1994, Email=anais.lefebvre.h2x7t9@yopmail.com, First Name=Anaïs, Last Name=Lefebvre, Middle Name=Clara, Name Suffix=III, Phone number=6179032667, Social Security Number=937-44-2637, State=Massachusetts, Zip code=02110}]]>
              </value>
            </param>
            <param index="2">
              <value>
                <![CDATA[{Email=attorney.eloise.montpetit02@mailto.plus, First Name=Attorney Éloïse, Last Name=Montpetit, Middle Name=Graham, Name Suffix=Jr, Office phone=9897418124, Phone=9897406124}]]>
              </value>
            </param>
            <param index="3">
              <value>
                <![CDATA[{City=Burlington, Name=NorthStar Docketworks, Phone=8026317742, State=Vermont, Street Address 1=100 Main St, Lakefront Professional Building, Street Entrance, Street Address 2=Floor 6, Suite 6B, Delivery: Reception Window, Zip code=05401}]]>
              </value>
            </param>
            <param index="4">
              <value>
                <![CDATA[{Staff Email=staff.mirelia.ashmont69@mailto.plus, Staff First Name=Staff Mirelia, Staff Last Name=Ashmont, Staff Middle Name=Solene, Staff Name Suffix=Jr, Staff Office phone=4159057341, Staff Phone=4157382069}]]>
              </value>
            </param>
            <param index="5">
              <value>
                <![CDATA[{Bcc=qa.auditdesk@yopmail.com, Cc=verification.team@yopmail.com, Message=Hello,

We need a quick verification to move forward. Please confirm the requested details when you are available.

Regards., Subject=Verification Needed to Continue Processing, Template=None, To=orwyn.schwerdtvale4541@yopmail.com}]]>
              </value>
            </param>
          </params>
          <reporter-output>
          </reporter-output>
        </test-method> <!-- Buyout_Add_and_Fees_changed_in_Revised_Contract -->
        <test-method is-config="true" signature="Kill()[pri:0, instance:Enterprise_Codeclouds.Project.Enterprise.Case_Appplications@7d20d0b]" started-at="2026-02-06T20:32:53 IST" name="Kill" finished-at="2026-02-06T20:32:53 IST" duration-ms="327" status="PASS">
          <reporter-output>
          </reporter-output>
        </test-method> <!-- Kill -->
        <test-method is-config="true" signature="setup()[pri:0, instance:Enterprise_Codeclouds.Project.Enterprise.Case_Appplications@7d20d0b]" started-at="2026-02-06T20:32:53 IST" name="setup" finished-at="2026-02-06T20:32:54 IST" duration-ms="888" status="PASS">
          <reporter-output>
          </reporter-output>
        </test-method> <!-- setup -->
        <test-method signature="Buyout_Add_and_Fees_changed_in_Revised_Contract(java.util.TreeMap,java.util.TreeMap,java.util.TreeMap,java.util.TreeMap,java.util.TreeMap,java.util.TreeMap)[pri:0, instance:Enterprise_Codeclouds.Project.Enterprise.Case_Appplications@7d20d0b]" started-at="2026-02-06T20:32:54 IST" name="Buyout_Add_and_Fees_changed_in_Revised_Contract" data-provider="case_plus_plaintiff" finished-at="2026-02-06T20:34:58 IST" duration-ms="123770" status="PASS">
          <params>
            <param index="0">
              <value>
                <![CDATA[{Agreement Date=02/06/2026, Amount Received=9800, Application Status=In Review, Approved Amount=18200, Attorney Name=Attorney Kellan North, Buyout Amount=11100, Buyout Expiry Date=02/06/2030, Buyout Funder Name=Silvercrest Legal Capital, Case #=532, Case Type=Assault, Court Index Number=08CV-2406-AS-001114, Date of Incident=06/21/2024, Document prep fee=255, Fund transfer fee=95, Interest Start Date=02/06/2026, Law Firm Name=Mojave Injury Trial Office, Lead Source=Organic, Notes / Remarks=Cheque received via mail; deposit next business day; hold posting until clearance., Payer Name=Nevada Basin Insurance Services, Payment Date=02/06/2026, Payment Mode=Cheque, Payment Type=Payment by Insurance Company, Rate of Return=40, Recommended Max Funding=18200, Requested Amount=42000, Risk Level=Moderate, SMS Message Body=Your assault file is under review while we verify records and coverage details. – Lumberjack Legal Finance, SMS Message Title=Assault File In Review, State=Nevada, Summary=Assault outside venue with dental trauma and facial fracture; security footage requested; counseling initiated for anxiety symptoms., Underwriting Notes=Confirm police report and venue incident logs; identify defendant and insurance/collectability. Funding depends on corroborating video and medical record consistency., Underwriting Tag=Coverage Discovery}]]>
              </value>
            </param>
            <param index="1">
              <value>
                <![CDATA[{Address Line 1=600 Congress Ave, Address Line 2=Unit 1504, City=Austin, Date of Birth=09/14/1989, Email=julien.roy.c9m4q6@yopmail.com, First Name=Julien, Last Name=Roy, Middle Name=Marc, Name Suffix=IV, Phone number=5127740836, Social Security Number=938-55-8402, State=Texas, Zip code=78701}]]>
              </value>
            </param>
            <param index="2">
              <value>
                <![CDATA[{Email=attorney.callum.kincaidrowe03@mailto.plus, First Name=Attorney Callum, Last Name=Kincaid-Rowe, Middle Name=Jasper, Name Suffix=III, Office phone=9897418125, Phone=9897406125}]]>
              </value>
            </param>
            <param index="3">
              <value>
                <![CDATA[{City=Portland, Name=Cascade Claimcraft Legal Studio, Phone=5032196804, State=Oregon, Street Address 1=111 SW 5th Ave, Pioneer District Office Arcade, Security Desk, Street Address 2=Suite 1740, Mail Stop OR-17, Signature Required, Zip code=97204}]]>
              </value>
            </param>
            <param index="4">
              <value>
                <![CDATA[{Staff Email=staff.corven.wetherby51@mailto.plus, Staff First Name=Staff Corven, Staff Last Name=Wetherby, Staff Middle Name=Bastien, Staff Name Suffix=III, Staff Office phone=6199041876, Staff Phone=6194027851}]]>
              </value>
            </param>
            <param index="5">
              <value>
                <![CDATA[{Bcc=qa.auditdesk@yopmail.com, Cc=case.updates@yopmail.com, Message=Hello,

This is an update regarding your case. Our team is reviewing the latest information and will share the next steps shortly.

Thanks., Subject=Case Update - Next Steps, Template=None, To=elviora.quenridge3402@yopmail.com}]]>
              </value>
            </param>
          </params>
          <reporter-output>
          </reporter-output>
        </test-method> <!-- Buyout_Add_and_Fees_changed_in_Revised_Contract -->
        <test-method is-config="true" signature="Kill()[pri:0, instance:Enterprise_Codeclouds.Project.Enterprise.Case_Appplications@7d20d0b]" started-at="2026-02-06T20:34:58 IST" name="Kill" finished-at="2026-02-06T20:34:58 IST" duration-ms="353" status="PASS">
          <reporter-output>
          </reporter-output>
        </test-method> <!-- Kill -->
        <test-method is-config="true" signature="setup()[pri:0, instance:Enterprise_Codeclouds.Project.Enterprise.Case_Appplications@7d20d0b]" started-at="2026-02-06T20:34:58 IST" name="setup" finished-at="2026-02-06T20:34:59 IST" duration-ms="814" status="PASS">
          <reporter-output>
          </reporter-output>
        </test-method> <!-- setup -->
        <test-method signature="Buyout_Add_and_Fees_changed_in_Revised_Contract(java.util.TreeMap,java.util.TreeMap,java.util.TreeMap,java.util.TreeMap,java.util.TreeMap,java.util.TreeMap)[pri:0, instance:Enterprise_Codeclouds.Project.Enterprise.Case_Appplications@7d20d0b]" started-at="2026-02-06T20:34:59 IST" name="Buyout_Add_and_Fees_changed_in_Revised_Contract" data-provider="case_plus_plaintiff" finished-at="2026-02-06T20:37:00 IST" duration-ms="121248" status="PASS">
          <params>
            <param index="0">
              <value>
                <![CDATA[{Agreement Date=02/06/2026, Amount Received=4100, Application Status=Pending Docs, Approved Amount=23000, Attorney Name=Attorney Liora Wexley, Buyout Amount=13800, Buyout Expiry Date=02/06/2030, Buyout Funder Name=Firwood Litigation Funding, Case #=533, Case Type=Sexual Harassment, Court Index Number=06CV-2402-SH-003879, Date of Incident=02/08/2024, Document prep fee=275, Fund transfer fee=100, Interest Start Date=02/06/2026, Law Firm Name=Willamette Workplace Justice Counsel, Lead Source=Attorney Referral, Notes / Remarks=PIP payment processed by card; verify transaction ID and ensure no duplicate capture., Payer Name=PIP Recovery Desk - Summit Auto Coverage, Payment Date=02/06/2026, Payment Mode=Credit Card, Payment Type=Payment by PIP, Rate of Return=41, Recommended Max Funding=23000, Requested Amount=57500, Risk Level=Moderate, SMS Message Body=We need additional documentation to finalize underwriting. Please coordinate uploads with your attorney. – Lumberjack Legal Finance, SMS Message Title=Documents Needed, State=Oregon, Summary=Harassment allegations with retaliation after HR report; internal chat logs referenced; counseling initiated; wage loss claimed., Underwriting Notes=Confirm reporting timeline, HR investigation outcome, witnesses, and retaliation documentation. Arbitration clauses and mitigation affect valuation. Stage until charge posture confirmed., Underwriting Tag=Retaliation Timeline}]]>
              </value>
            </param>
            <param index="1">
              <value>
                <![CDATA[{Address Line 1=1801 California St, Address Line 2=Suite 2501, City=Denver, Date of Birth=04/10/1991, Email=elodie.pelletier.k5n8v2@yopmail.com, First Name=Élodie, Last Name=Pelletier, Middle Name=Sophie, Name Suffix=Jr, Phone number=3035589174, Social Security Number=939-66-5179, State=Colorado, Zip code=80202}]]>
              </value>
            </param>
            <param index="2">
              <value>
                <![CDATA[{Email=attorney.siobhan.belanger04@mailto.plus, First Name=Attorney Siobhan, Last Name=Bélanger, Middle Name=Noëlle, Name Suffix=Sr, Office phone=9897418126, Phone=9897406126}]]>
              </value>
            </param>
            <param index="3">
              <value>
                <![CDATA[{City=Pittsburgh, Name=Keystone Dispute Lab, Phone=4127765409, State=Pennsylvania, Street Address 1=600 Grant St, Steel City Tower, Concourse Entry, Street Address 2=Suite 2109, Intake: Counter B, Visitor Badge Needed, Zip code=15219}]]>
              </value>
            </param>
            <param index="4">
              <value>
                <![CDATA[{Staff Email=staff.elowen.harrowdale74@mailto.plus, Staff First Name=Staff Elowen, Staff Last Name=Harrowdale, Staff Middle Name=Rhiannon, Staff Name Suffix=Sr, Staff Office phone=2069073518, Staff Phone=2065839174}]]>
              </value>
            </param>
            <param index="5">
              <value>
                <![CDATA[{Bcc=qa.auditdesk@yopmail.com, Cc=followups.desk@yopmail.com, Message=Hello,

This is a friendly reminder that an action is still pending. Please complete it so there is no delay in processing.

Thank you., Subject=Reminder - Pending Action Required, Template=None, To=tavryn.rookmere3403@yopmail.com}]]>
              </value>
            </param>
          </params>
          <reporter-output>
          </reporter-output>
        </test-method> <!-- Buyout_Add_and_Fees_changed_in_Revised_Contract -->
        <test-method is-config="true" signature="Kill()[pri:0, instance:Enterprise_Codeclouds.Project.Enterprise.Case_Appplications@7d20d0b]" started-at="2026-02-06T20:37:00 IST" name="Kill" finished-at="2026-02-06T20:37:01 IST" duration-ms="338" status="PASS">
          <reporter-output>
          </reporter-output>
        </test-method> <!-- Kill -->
        <test-method is-config="true" signature="setup()[pri:0, instance:Enterprise_Codeclouds.Project.Enterprise.Case_Appplications@7d20d0b]" started-at="2026-02-06T20:37:01 IST" name="setup" finished-at="2026-02-06T20:37:02 IST" duration-ms="873" status="PASS">
          <reporter-output>
          </reporter-output>
        </test-method> <!-- setup -->
        <test-method signature="Buyout_Add_and_Fees_changed_in_Revised_Contract(java.util.TreeMap,java.util.TreeMap,java.util.TreeMap,java.util.TreeMap,java.util.TreeMap,java.util.TreeMap)[pri:0, instance:Enterprise_Codeclouds.Project.Enterprise.Case_Appplications@7d20d0b]" started-at="2026-02-06T20:37:02 IST" name="Buyout_Add_and_Fees_changed_in_Revised_Contract" data-provider="case_plus_plaintiff" finished-at="2026-02-06T20:37:17 IST" duration-ms="15829" status="FAIL">
          <params>
            <param index="0">
              <value>
                <![CDATA[{Agreement Date=02/06/2026, Amount Received=15600, Application Status=In Review, Approved Amount=34000, Attorney Name=Attorney Vesper Lang, Buyout Amount=20800, Buyout Expiry Date=02/06/2030, Buyout Funder Name=Cobalt Meridian Legal Finance, Case #=534, Case Type=Civil Rights, Court Index Number=10CV-2409-CR-006201, Date of Incident=09/29/2024, Document prep fee=335, Fund transfer fee=125, Interest Start Date=02/06/2026, Law Firm Name=Blue Ridge Civil Liberties Advocates, Lead Source=Other, Notes / Remarks=Wire received from insurer; confirm sender vs remittance advice; attach confirmation and post to correct case ledger., Payer Name=Commonwealth Indemnity Group, Payment Date=02/06/2026, Payment Mode=Bank Transfer, Payment Type=Payment by Insurance Company, Rate of Return=43, Recommended Max Funding=34000, Requested Amount=81500, Risk Level=Moderate, SMS Message Body=Your civil rights file is under review while key records are verified. We’ll update you soon. – Lumberjack Legal Finance, SMS Message Title=Civil Rights Review, State=Virginia, Summary=Civil rights claim alleging unlawful search and extended detention; emotional distress and wage loss asserted; request made for bodycam and dispatch logs., Underwriting Notes=Prioritize objective evidence: bodycam/dashcam, CAD logs, incident report. Confirm notice deadlines and policy limits. Stage pending video confirmation., Underwriting Tag=Video Verification Pending}]]>
              </value>
            </param>
            <param index="1">
              <value>
                <![CDATA[{Address Line 1=1201 3rd Ave, Address Line 2=Apt 18D, City=Seattle, Date of Birth=08/22/1987, Email=benoit.caron.p6r1w8@yopmail.com, First Name=Benoît, Last Name=Caron, Middle Name=Alain, Name Suffix=II, Phone number=2067043925, Social Security Number=940-77-3925, State=Washington, Zip code=98101}]]>
              </value>
            </param>
            <param index="2">
              <value>
                <![CDATA[{Email=attorney.theodore.ducharme05@mailto.plus, First Name=Attorney Théodore, Last Name=Ducharme, Middle Name=Finn, Name Suffix=IV, Office phone=9897418127, Phone=9897406127}]]>
              </value>
            </param>
            <param index="3">
              <value>
                <![CDATA[{City=Atlanta, Name=Peachtree Litigation Works, Phone=4049152638, State=Georgia, Street Address 1=191 Peachtree St NE, Midtown Commerce Annex, Main Lobby, Street Address 2=Floor 14, Suite 1402, Deliveries: Desk A, Zip code=30303}]]>
              </value>
            </param>
            <param index="4">
              <value>
                <![CDATA[{Staff Email=staff.tavion.kingsmere82@mailto.plus, Staff First Name=Staff Tavion, Staff Last Name=Kingsmere, Staff Middle Name=Lucien, Staff Name Suffix=IV, Staff Office phone=3039026657, Staff Phone=3037164082}]]>
              </value>
            </param>
            <param index="5">
              <value>
                <![CDATA[{Bcc=qa.auditdesk@yopmail.com, Cc=case.intake@yopmail.com, Message=Hello,

We require additional information to proceed. Please reply with the missing details or upload them through the portal.

Regards., Subject=Additional Details Required, Template=None, To=kezaria.briarhold3418@yopmail.com}]]>
              </value>
            </param>
          </params>
          <exception class="org.openqa.selenium.TimeoutException">
            <message>
              <![CDATA[Expected condition failed: waiting for visibility of Proxy element for: DefaultElementLocator 'By.xpath: (//div[@class='rc-virtual-list'])[1]' (tried for 8 second(s) with 500 milliseconds interval)]]>
            </message>
            <full-stacktrace>
              <![CDATA[org.openqa.selenium.TimeoutException: Expected condition failed: waiting for visibility of Proxy element for: DefaultElementLocator 'By.xpath: (//div[@class='rc-virtual-list'])[1]' (tried for 8 second(s) with 500 milliseconds interval)
at org.openqa.selenium.support.ui.WebDriverWait.timeoutException(WebDriverWait.java:84)
at org.openqa.selenium.support.ui.FluentWait.until(FluentWait.java:228)
at Repeatative_codes.Repeat.wait_for_theElement(Repeat.java:41)
at Locaters.Application_Locaters.plaintiff_dropdown_list(Application_Locaters.java:335)
at Enterprise_Codeclouds.Project.Enterprise.Case_Appplications.Buyout_Add_and_Fees_changed_in_Revised_Contract(Case_Appplications.java:1292)
at java.base/jdk.internal.reflect.DirectMethodHandleAccessor.invoke(DirectMethodHandleAccessor.java:103)
at java.base/java.lang.reflect.Method.invoke(Method.java:580)
at org.testng.internal.invokers.MethodInvocationHelper.invokeMethod(MethodInvocationHelper.java:141)
at org.testng.internal.invokers.TestInvoker.invokeMethod(TestInvoker.java:687)
at org.testng.internal.invokers.TestInvoker.invokeTestMethod(TestInvoker.java:230)
at org.testng.internal.invokers.MethodRunner.runInSequence(MethodRunner.java:63)
at org.testng.internal.invokers.TestInvoker$MethodInvocationAgent.invoke(TestInvoker.java:995)
at org.testng.internal.invokers.TestInvoker.invokeTestMethods(TestInvoker.java:203)
at org.testng.internal.invokers.TestMethodWorker.invokeTestMethods(TestMethodWorker.java:154)
at org.testng.internal.invokers.TestMethodWorker.run(TestMethodWorker.java:134)
at java.base/java.util.ArrayList.forEach(ArrayList.java:1596)
at org.testng.TestRunner.privateRun(TestRunner.java:741)
at org.testng.TestRunner.run(TestRunner.java:616)
at org.testng.SuiteRunner.runTest(SuiteRunner.java:421)
at org.testng.SuiteRunner.runSequentially(SuiteRunner.java:413)
at org.testng.SuiteRunner.privateRun(SuiteRunner.java:373)
at org.testng.SuiteRunner.run(SuiteRunner.java:312)
at org.testng.SuiteRunnerWorker.runSuite(SuiteRunnerWorker.java:52)
at org.testng.SuiteRunnerWorker.run(SuiteRunnerWorker.java:95)
at org.testng.TestNG.runSuitesSequentially(TestNG.java:1274)
at org.testng.TestNG.runSuitesLocally(TestNG.java:1208)
at org.testng.TestNG.runSuites(TestNG.java:1112)
at org.testng.TestNG.run(TestNG.java:1079)
at org.testng.remote.AbstractRemoteTestNG.run(AbstractRemoteTestNG.java:115)
at org.testng.remote.RemoteTestNG.initAndRun(RemoteTestNG.java:293)
at org.testng.remote.RemoteTestNG.main(RemoteTestNG.java:91)
Caused by: org.openqa.selenium.NoSuchElementException: no such element: Unable to locate element: {"method":"xpath","selector":"(//div[@class='rc-virtual-list'])[1]"}
  (Session info: chrome=144.0.7559.110)
For documentation on this error, please visit: https://www.selenium.dev/documentation/webdriver/troubleshooting/errors#no-such-element-exception
Build info: version: '4.33.0', revision: '2c6aaad03a'
System info: os.name: 'Windows 11', os.arch: 'amd64', os.version: '10.0', java.version: '21.0.9'
Driver info: org.openqa.selenium.chrome.ChromeDriver
Command: [6f4fa1e3604e77e475e68911e1c428f1, findElement {value=(//div[@class='rc-virtual-list'])[1], using=xpath}]
Capabilities {acceptInsecureCerts: false, browserName: chrome, browserVersion: 144.0.7559.110, chrome: {chromedriverVersion: 144.0.7559.133 (7da823b1d59..., userDataDir: C:\Users\CODECL~1\AppData\L...}, fedcm:accounts: true, goog:chromeOptions: {debuggerAddress: localhost:59082}, goog:processID: 15608, networkConnectionEnabled: false, pageLoadStrategy: normal, platformName: windows, proxy: Proxy(), se:cdp: ws://localhost:59082/devtoo..., se:cdpVersion: 144.0.7559.110, setWindowRect: true, strictFileInteractability: false, timeouts: {implicit: 0, pageLoad: 300000, script: 30000}, unhandledPromptBehavior: dismiss and notify, webauthn:extension:credBlob: true, webauthn:extension:largeBlob: true, webauthn:extension:minPinLength: true, webauthn:extension:prf: true, webauthn:virtualAuthenticators: true}
Session ID: 6f4fa1e3604e77e475e68911e1c428f1
at java.base/jdk.internal.reflect.DirectConstructorHandleAccessor.newInstance(DirectConstructorHandleAccessor.java:62)
at java.base/java.lang.reflect.Constructor.newInstanceWithCaller(Constructor.java:502)
at java.base/java.lang.reflect.Constructor.newInstance(Constructor.java:486)
at org.openqa.selenium.remote.ErrorCodec.decode(ErrorCodec.java:167)
at org.openqa.selenium.remote.codec.w3c.W3CHttpResponseCodec.decode(W3CHttpResponseCodec.java:138)
at org.openqa.selenium.remote.codec.w3c.W3CHttpResponseCodec.decode(W3CHttpResponseCodec.java:50)
at org.openqa.selenium.remote.HttpCommandExecutor.execute(HttpCommandExecutor.java:215)
at org.openqa.selenium.remote.service.DriverCommandExecutor.invokeExecute(DriverCommandExecutor.java:216)
at org.openqa.selenium.remote.service.DriverCommandExecutor.execute(DriverCommandExecutor.java:174)
at org.openqa.selenium.remote.RemoteWebDriver.execute(RemoteWebDriver.java:544)
at org.openqa.selenium.remote.ElementLocation$ElementFinder$2.findElement(ElementLocation.java:165)
at org.openqa.selenium.remote.ElementLocation.findElement(ElementLocation.java:59)
at org.openqa.selenium.remote.RemoteWebDriver.findElement(RemoteWebDriver.java:367)
at org.openqa.selenium.remote.RemoteWebDriver.findElement(RemoteWebDriver.java:361)
at org.openqa.selenium.support.pagefactory.DefaultElementLocator.findElement(DefaultElementLocator.java:68)
at org.openqa.selenium.support.pagefactory.internal.LocatingElementHandler.invoke(LocatingElementHandler.java:38)
at jdk.proxy2/jdk.proxy2.$Proxy17.isDisplayed(Unknown Source)
at org.openqa.selenium.support.ui.ExpectedConditions.elementIfVisible(ExpectedConditions.java:304)
at org.openqa.selenium.support.ui.ExpectedConditions$10.apply(ExpectedConditions.java:290)
at org.openqa.selenium.support.ui.ExpectedConditions$10.apply(ExpectedConditions.java:287)
at org.openqa.selenium.support.ui.FluentWait.until(FluentWait.java:203)
... 29 more
]]>
            </full-stacktrace>
          </exception> <!-- org.openqa.selenium.TimeoutException -->
          <reporter-output>
          </reporter-output>
        </test-method> <!-- Buyout_Add_and_Fees_changed_in_Revised_Contract -->
        <test-method is-config="true" signature="Kill()[pri:0, instance:Enterprise_Codeclouds.Project.Enterprise.Case_Appplications@7d20d0b]" started-at="2026-02-06T20:37:17 IST" name="Kill" finished-at="2026-02-06T20:37:18 IST" duration-ms="275" status="PASS">
          <reporter-output>
          </reporter-output>
        </test-method> <!-- Kill -->
        <test-method is-config="true" signature="setup()[pri:0, instance:Enterprise_Codeclouds.Project.Enterprise.Case_Appplications@7d20d0b]" started-at="2026-02-06T20:37:18 IST" name="setup" finished-at="2026-02-06T20:37:19 IST" duration-ms="830" status="PASS">
          <reporter-output>
          </reporter-output>
        </test-method> <!-- setup -->
        <test-method signature="Buyout_Add_and_Fees_changed_in_Revised_Contract(java.util.TreeMap,java.util.TreeMap,java.util.TreeMap,java.util.TreeMap,java.util.TreeMap,java.util.TreeMap)[pri:0, instance:Enterprise_Codeclouds.Project.Enterprise.Case_Appplications@7d20d0b]" started-at="2026-02-06T20:37:19 IST" name="Buyout_Add_and_Fees_changed_in_Revised_Contract" data-provider="case_plus_plaintiff" finished-at="2026-02-06T20:39:04 IST" duration-ms="105555" status="FAIL">
          <params>
            <param index="0">
              <value>
                <![CDATA[{Agreement Date=02/06/2026, Amount Received=5300, Application Status=Pending Docs, Approved Amount=39000, Attorney Name=Attorney Rowan Merrow, Buyout Amount=24200, Buyout Expiry Date=02/06/2030, Buyout Funder Name=Summit Harbor Litigation Capital, Case #=535, Case Type=Police Brutality, Court Index Number=14CV-2404-PB-001774, Date of Incident=04/03/2024, Document prep fee=355, Fund transfer fee=130, Interest Start Date=02/06/2026, Law Firm Name=Lakefront Civil Rights Trial Group, Lead Source=Organic, Notes / Remarks=Card approved; validate gateway reference and ensure convenience fee handling aligns with business rule., Payer Name=Plaintiff N/A, Payment Date=02/06/2026, Payment Mode=Credit Card, Payment Type=Payment by Plaintiff, Rate of Return=45, Recommended Max Funding=39000, Requested Amount=91000, Risk Level=Moderate-High, SMS Message Body=We need a few additional documents to finalize underwriting. Please coordinate uploads with your attorney. – Lumberjack Legal Finance, SMS Message Title=Documents Needed, State=Illinois, Summary=Use-of-force claim during arrest with shoulder injury and concussion symptoms; ER and neurology follow-ups referenced; complaint drafting in progress., Underwriting Notes=Confirm criminal disposition, municipal notice timelines, policy/indemnification, and IA findings. Stage until complaint filed and footage reviewed., Underwriting Tag=Medical Causation Review}]]>
              </value>
            </param>
            <param index="1">
              <value>
                <![CDATA[{Address Line 1=701 Brickell Ave, Address Line 2=Suite 1802, City=Miami, Date of Birth=12/30/1992, Email=rosalie.morin.t8d3h6@yopmail.com, First Name=Rosalie, Last Name=Morin, Middle Name=Isabelle, Name Suffix=Sr, Phone number=3056697640, Social Security Number=941-88-7640, State=Florida, Zip code=33131}]]>
              </value>
            </param>
            <param index="2">
              <value>
                <![CDATA[{Email=attorney.mireille.laframboise06@mailto.plus, First Name=Attorney Mireille, Last Name=Laframboise, Middle Name=Blaise, Name Suffix=II, Office phone=9897418128, Phone=9897406128}]]>
              </value>
            </param>
            <param index="3">
              <value>
                <![CDATA[{City=Baltimore, Name=HarborLedger Trial Office, Phone=4106821570, State=Maryland, Street Address 1=10 Light St, Inner Harbor Business Tower, West Entrance, Street Address 2=Suite 1806, Intake: Room 18C, Package Scan at Security, Zip code=21202}]]>
              </value>
            </param>
            <param index="4">
              <value>
                <![CDATA[{Staff Email=staff.kaelina.briarholt47@mailto.plus, Staff First Name=Staff Kaelina, Staff Last Name=Briarholt, Staff Middle Name=Odette, Staff Name Suffix=II, Staff Office phone=5129043716, Staff Phone=5126398047}]]>
              </value>
            </param>
            <param index="5">
              <value>
                <![CDATA[{Bcc=qa.auditdesk@yopmail.com, Cc=scheduling.desk@yopmail.com, Message=Hello,

We would like to schedule a short call to discuss next steps. Please share your preferred time window.

Thank you., Subject=Call Request - Please Share Availability, Template=None, To=ronivar.lindenmark3411@yopmail.com}]]>
              </value>
            </param>
          </params>
          <exception class="org.openqa.selenium.ElementClickInterceptedException">
            <message>
              <![CDATA[element click intercepted: Element <button class="Toastify__close-button Toastify__close-button--light" type="button" aria-label="close">...</button> is not clickable at point (1494, 33). Other element would receive the click: <div id="12" tabindex="0" data-in="true" class="Toastify__toast Toastify__toast-theme--light Toastify__toast--success" role="alert">...</div>
  (Session info: chrome=144.0.7559.110)
Build info: version: '4.33.0', revision: '2c6aaad03a'
System info: os.name: 'Windows 11', os.arch: 'amd64', os.version: '10.0', java.version: '21.0.9'
Driver info: org.openqa.selenium.chrome.ChromeDriver
Command: [cb60569462d073b479c9d53a60c12155, clickElement {id=f.2D1F86D91ED22DCFF6D6035A0789560F.d.27C43AA1F6F1434A4F6319CF0B2280CD.e.763}]
Capabilities {acceptInsecureCerts: false, browserName: chrome, browserVersion: 144.0.7559.110, chrome: {chromedriverVersion: 144.0.7559.133 (7da823b1d59..., userDataDir: C:\Users\CODECL~1\AppData\L...}, fedcm:accounts: true, goog:chromeOptions: {debuggerAddress: localhost:49236}, goog:processID: 10744, networkConnectionEnabled: false, pageLoadStrategy: normal, platformName: windows, proxy: Proxy(), se:cdp: ws://localhost:49236/devtoo..., se:cdpVersion: 144.0.7559.110, setWindowRect: true, strictFileInteractability: false, timeouts: {implicit: 0, pageLoad: 300000, script: 30000}, unhandledPromptBehavior: dismiss and notify, webauthn:extension:credBlob: true, webauthn:extension:largeBlob: true, webauthn:extension:minPinLength: true, webauthn:extension:prf: true, webauthn:virtualAuthenticators: true}
Element: [[ChromeDriver: chrome on windows (cb60569462d073b479c9d53a60c12155)] -> xpath: //*[contains(@class,'Toastify__close-button Toastify__close-button--light')]]
Session ID: cb60569462d073b479c9d53a60c12155]]>
            </message>
            <full-stacktrace>
              <![CDATA[org.openqa.selenium.ElementClickInterceptedException: element click intercepted: Element <button class="Toastify__close-button Toastify__close-button--light" type="button" aria-label="close">...</button> is not clickable at point (1494, 33). Other element would receive the click: <div id="12" tabindex="0" data-in="true" class="Toastify__toast Toastify__toast-theme--light Toastify__toast--success" role="alert">...</div>
  (Session info: chrome=144.0.7559.110)
Build info: version: '4.33.0', revision: '2c6aaad03a'
System info: os.name: 'Windows 11', os.arch: 'amd64', os.version: '10.0', java.version: '21.0.9'
Driver info: org.openqa.selenium.chrome.ChromeDriver
Command: [cb60569462d073b479c9d53a60c12155, clickElement {id=f.2D1F86D91ED22DCFF6D6035A0789560F.d.27C43AA1F6F1434A4F6319CF0B2280CD.e.763}]
Capabilities {acceptInsecureCerts: false, browserName: chrome, browserVersion: 144.0.7559.110, chrome: {chromedriverVersion: 144.0.7559.133 (7da823b1d59..., userDataDir: C:\Users\CODECL~1\AppData\L...}, fedcm:accounts: true, goog:chromeOptions: {debuggerAddress: localhost:49236}, goog:processID: 10744, networkConnectionEnabled: false, pageLoadStrategy: normal, platformName: windows, proxy: Proxy(), se:cdp: ws://localhost:49236/devtoo..., se:cdpVersion: 144.0.7559.110, setWindowRect: true, strictFileInteractability: false, timeouts: {implicit: 0, pageLoad: 300000, script: 30000}, unhandledPromptBehavior: dismiss and notify, webauthn:extension:credBlob: true, webauthn:extension:largeBlob: true, webauthn:extension:minPinLength: true, webauthn:extension:prf: true, webauthn:virtualAuthenticators: true}
Element: [[ChromeDriver: chrome on windows (cb60569462d073b479c9d53a60c12155)] -> xpath: //*[contains(@class,'Toastify__close-button Toastify__close-button--light')]]
Session ID: cb60569462d073b479c9d53a60c12155
at java.base/jdk.internal.reflect.DirectConstructorHandleAccessor.newInstance(DirectConstructorHandleAccessor.java:62)
at java.base/java.lang.reflect.Constructor.newInstanceWithCaller(Constructor.java:502)
at java.base/java.lang.reflect.Constructor.newInstance(Constructor.java:486)
at org.openqa.selenium.remote.ErrorCodec.decode(ErrorCodec.java:167)
at org.openqa.selenium.remote.codec.w3c.W3CHttpResponseCodec.decode(W3CHttpResponseCodec.java:138)
at org.openqa.selenium.remote.codec.w3c.W3CHttpResponseCodec.decode(W3CHttpResponseCodec.java:50)
at org.openqa.selenium.remote.HttpCommandExecutor.execute(HttpCommandExecutor.java:215)
at org.openqa.selenium.remote.service.DriverCommandExecutor.invokeExecute(DriverCommandExecutor.java:216)
at org.openqa.selenium.remote.service.DriverCommandExecutor.execute(DriverCommandExecutor.java:174)
at org.openqa.selenium.remote.RemoteWebDriver.execute(RemoteWebDriver.java:544)
at org.openqa.selenium.remote.RemoteWebElement.execute(RemoteWebElement.java:223)
at org.openqa.selenium.remote.RemoteWebElement.click(RemoteWebElement.java:76)
at java.base/jdk.internal.reflect.DirectMethodHandleAccessor.invoke(DirectMethodHandleAccessor.java:103)
at java.base/java.lang.reflect.Method.invoke(Method.java:580)
at org.openqa.selenium.support.pagefactory.internal.LocatingElementHandler.invoke(LocatingElementHandler.java:51)
at jdk.proxy2/jdk.proxy2.$Proxy17.click(Unknown Source)
at Negative_Testcases.Login_negative_testcases.Toast_printer(Login_negative_testcases.java:141)
at Enterprise_Codeclouds.Project.Enterprise.Case_Appplications.Revise_Contract(Case_Appplications.java:4553)
at Enterprise_Codeclouds.Project.Enterprise.Case_Appplications.Buyout_Add_and_Fees_changed_in_Revised_Contract(Case_Appplications.java:1806)
at java.base/jdk.internal.reflect.DirectMethodHandleAccessor.invoke(DirectMethodHandleAccessor.java:103)
at java.base/java.lang.reflect.Method.invoke(Method.java:580)
at org.testng.internal.invokers.MethodInvocationHelper.invokeMethod(MethodInvocationHelper.java:141)
at org.testng.internal.invokers.TestInvoker.invokeMethod(TestInvoker.java:687)
at org.testng.internal.invokers.TestInvoker.invokeTestMethod(TestInvoker.java:230)
at org.testng.internal.invokers.MethodRunner.runInSequence(MethodRunner.java:63)
at org.testng.internal.invokers.TestInvoker$MethodInvocationAgent.invoke(TestInvoker.java:995)
at org.testng.internal.invokers.TestInvoker.invokeTestMethods(TestInvoker.java:203)
at org.testng.internal.invokers.TestMethodWorker.invokeTestMethods(TestMethodWorker.java:154)
at org.testng.internal.invokers.TestMethodWorker.run(TestMethodWorker.java:134)
at java.base/java.util.ArrayList.forEach(ArrayList.java:1596)
at org.testng.TestRunner.privateRun(TestRunner.java:741)
at org.testng.TestRunner.run(TestRunner.java:616)
at org.testng.SuiteRunner.runTest(SuiteRunner.java:421)
at org.testng.SuiteRunner.runSequentially(SuiteRunner.java:413)
at org.testng.SuiteRunner.privateRun(SuiteRunner.java:373)
at org.testng.SuiteRunner.run(SuiteRunner.java:312)
at org.testng.SuiteRunnerWorker.runSuite(SuiteRunnerWorker.java:52)
at org.testng.SuiteRunnerWorker.run(SuiteRunnerWorker.java:95)
at org.testng.TestNG.runSuitesSequentially(TestNG.java:1274)
at org.testng.TestNG.runSuitesLocally(TestNG.java:1208)
at org.testng.TestNG.runSuites(TestNG.java:1112)
at org.testng.TestNG.run(TestNG.java:1079)
at org.testng.remote.AbstractRemoteTestNG.run(AbstractRemoteTestNG.java:115)
at org.testng.remote.RemoteTestNG.initAndRun(RemoteTestNG.java:293)
at org.testng.remote.RemoteTestNG.main(RemoteTestNG.java:91)
]]>
            </full-stacktrace>
          </exception> <!-- org.openqa.selenium.ElementClickInterceptedException -->
          <reporter-output>
          </reporter-output>
        </test-method> <!-- Buyout_Add_and_Fees_changed_in_Revised_Contract -->
        <test-method is-config="true" signature="Kill()[pri:0, instance:Enterprise_Codeclouds.Project.Enterprise.Case_Appplications@7d20d0b]" started-at="2026-02-06T20:39:04 IST" name="Kill" finished-at="2026-02-06T20:39:04 IST" duration-ms="330" status="PASS">
          <reporter-output>
          </reporter-output>
        </test-method> <!-- Kill -->
        <test-method is-config="true" signature="setup()[pri:0, instance:Enterprise_Codeclouds.Project.Enterprise.Case_Appplications@7d20d0b]" started-at="2026-02-06T20:39:04 IST" name="setup" finished-at="2026-02-06T20:39:05 IST" duration-ms="861" status="PASS">
          <reporter-output>
          </reporter-output>
        </test-method> <!-- setup -->
        <test-method signature="Buyout_Add_and_Fees_changed_in_Revised_Contract(java.util.TreeMap,java.util.TreeMap,java.util.TreeMap,java.util.TreeMap,java.util.TreeMap,java.util.TreeMap)[pri:0, instance:Enterprise_Codeclouds.Project.Enterprise.Case_Appplications@7d20d0b]" started-at="2026-02-06T20:39:05 IST" name="Buyout_Add_and_Fees_changed_in_Revised_Contract" data-provider="case_plus_plaintiff" finished-at="2026-02-06T20:40:10 IST" duration-ms="64607" status="FAIL">
          <params>
            <param index="0">
              <value>
                <![CDATA[{Agreement Date=02/06/2026, Amount Received=3600, Application Status=In Review, Approved Amount=32000, Attorney Name=Attorney Nyla Harrow, Buyout Amount=19600, Buyout Expiry Date=02/06/2030, Buyout Funder Name=Harborline Counsel Finance, Case #=536, Case Type=Legal Malpractice, Court Index Number=04CV-2301-LM-004118, Date of Incident=01/19/2023, Document prep fee=330, Fund transfer fee=120, Interest Start Date=02/06/2026, Law Firm Name=Beacon Hill Professional Liability Counsel, Lead Source=Attorney Referral, Notes / Remarks=Cash logged for audit; receipt and compliance note attached; confirm permissible method per policy., Payer Name=IronGate Resolution Funding, Payment Date=02/06/2026, Payment Mode=Cash, Payment Type=Payment by Another Funder, Rate of Return=44, Recommended Max Funding=32000, Requested Amount=77000, Risk Level=Moderate-High, SMS Message Body=Your malpractice file is under review while records and causation are verified. – Lumberjack Legal Finance, SMS Message Title=Malpractice Review, State=Massachusetts, Summary=Alleged missed filing deadline in underlying claim; loss-of-chance damages asserted; case-within-a-case evaluation in progress., Underwriting Notes=Verify engagement scope, docket history, and malpractice policy limits. Requires negligence + causation + valuation of underlying claim. Stage pending expert review and carrier response., Underwriting Tag=Carrier Response Needed}]]>
              </value>
            </param>
            <param index="1">
              <value>
                <![CDATA[{Address Line 1=191 Peachtree St NE, Address Line 2=Unit 3206, City=Atlanta, Date of Birth=03/05/1988, Email=thierry.lavoie.z1q9s5@yopmail.com, First Name=Thierry, Last Name=Lavoie, Middle Name=Luc, Name Suffix=III, Phone number=4046131056, Social Security Number=942-99-1056, State=Georgia, Zip code=30303}]]>
              </value>
            </param>
            <param index="2">
              <value>
                <![CDATA[{Email=attorney.lachlan.macquarrie07@mailto.plus, First Name=Attorney Lachlan, Last Name=MacQuarrie, Middle Name=Émile, Name Suffix=Jr, Office phone=9897418129, Phone=9897406129}]]>
              </value>
            </param>
            <param index="3">
              <value>
                <![CDATA[{City=Worcester, Name=BayState Casebuilders, Phone=5084339261, State=Massachusetts, Street Address 1=255 Park Ave, Downtown Professional Row, Main Desk, Street Address 2=Suite 901, Mail Stop MA-09, Leave with Reception, Zip code=01609}]]>
              </value>
            </param>
            <param index="4">
              <value>
                <![CDATA[{Staff Email=staff.rovenna.quarryn96@mailto.plus, Staff First Name=Staff Rovenna, Staff Last Name=Quarryn, Staff Middle Name=Marin, Staff Name Suffix=Jr, Staff Office phone=7049062841, Staff Phone=7045831096}]]>
              </value>
            </param>
            <param index="5">
              <value>
                <![CDATA[{Bcc=qa.auditdesk@yopmail.com, Cc=records.desk@yopmail.com, Message=Hello,

This confirms your recent update has been recorded successfully. No further action is required at this moment.

Regards., Subject=Confirmation - Update Recorded Successfully, Template=None, To=aurelian.merriswold3412@yopmail.com}]]>
              </value>
            </param>
          </params>
          <exception class="org.openqa.selenium.TimeoutException">
            <message>
              <![CDATA[Expected condition failed: waiting for visibility of Proxy element for: DefaultElementLocator 'By.xpath: //*[contains(@class,'ant-btn-dangerous ant-btn-color-dangerous ant-btn-variant-text')]' (tried for 8 second(s) with 500 milliseconds interval)]]>
            </message>
            <full-stacktrace>
              <![CDATA[org.openqa.selenium.TimeoutException: Expected condition failed: waiting for visibility of Proxy element for: DefaultElementLocator 'By.xpath: //*[contains(@class,'ant-btn-dangerous ant-btn-color-dangerous ant-btn-variant-text')]' (tried for 8 second(s) with 500 milliseconds interval)
at org.openqa.selenium.support.ui.WebDriverWait.timeoutException(WebDriverWait.java:84)
at org.openqa.selenium.support.ui.FluentWait.until(FluentWait.java:228)
at Repeatative_codes.Repeat.wait_for_theElement(Repeat.java:41)
at Locaters.Application_Locaters.Cancel_Contract_Button(Application_Locaters.java:701)
at Enterprise_Codeclouds.Project.Enterprise.Case_Appplications.Buyout_Add_and_Fees_changed_in_Revised_Contract(Case_Appplications.java:1773)
at java.base/jdk.internal.reflect.DirectMethodHandleAccessor.invoke(DirectMethodHandleAccessor.java:103)
at java.base/java.lang.reflect.Method.invoke(Method.java:580)
at org.testng.internal.invokers.MethodInvocationHelper.invokeMethod(MethodInvocationHelper.java:141)
at org.testng.internal.invokers.TestInvoker.invokeMethod(TestInvoker.java:687)
at org.testng.internal.invokers.TestInvoker.invokeTestMethod(TestInvoker.java:230)
at org.testng.internal.invokers.MethodRunner.runInSequence(MethodRunner.java:63)
at org.testng.internal.invokers.TestInvoker$MethodInvocationAgent.invoke(TestInvoker.java:995)
at org.testng.internal.invokers.TestInvoker.invokeTestMethods(TestInvoker.java:203)
at org.testng.internal.invokers.TestMethodWorker.invokeTestMethods(TestMethodWorker.java:154)
at org.testng.internal.invokers.TestMethodWorker.run(TestMethodWorker.java:134)
at java.base/java.util.ArrayList.forEach(ArrayList.java:1596)
at org.testng.TestRunner.privateRun(TestRunner.java:741)
at org.testng.TestRunner.run(TestRunner.java:616)
at org.testng.SuiteRunner.runTest(SuiteRunner.java:421)
at org.testng.SuiteRunner.runSequentially(SuiteRunner.java:413)
at org.testng.SuiteRunner.privateRun(SuiteRunner.java:373)
at org.testng.SuiteRunner.run(SuiteRunner.java:312)
at org.testng.SuiteRunnerWorker.runSuite(SuiteRunnerWorker.java:52)
at org.testng.SuiteRunnerWorker.run(SuiteRunnerWorker.java:95)
at org.testng.TestNG.runSuitesSequentially(TestNG.java:1274)
at org.testng.TestNG.runSuitesLocally(TestNG.java:1208)
at org.testng.TestNG.runSuites(TestNG.java:1112)
at org.testng.TestNG.run(TestNG.java:1079)
at org.testng.remote.AbstractRemoteTestNG.run(AbstractRemoteTestNG.java:115)
at org.testng.remote.RemoteTestNG.initAndRun(RemoteTestNG.java:293)
at org.testng.remote.RemoteTestNG.main(RemoteTestNG.java:91)
Caused by: org.openqa.selenium.NoSuchElementException: no such element: Unable to locate element: {"method":"xpath","selector":"//*[contains(@class,'ant-btn-dangerous ant-btn-color-dangerous ant-btn-variant-text')]"}
  (Session info: chrome=144.0.7559.110)
For documentation on this error, please visit: https://www.selenium.dev/documentation/webdriver/troubleshooting/errors#no-such-element-exception
Build info: version: '4.33.0', revision: '2c6aaad03a'
System info: os.name: 'Windows 11', os.arch: 'amd64', os.version: '10.0', java.version: '21.0.9'
Driver info: org.openqa.selenium.chrome.ChromeDriver
Command: [7b7afed5b8542a8e741adec548bcc9a4, findElement {value=//*[contains(@class,'ant-btn-dangerous ant-btn-color-dangerous ant-btn-variant-text')], using=xpath}]
Capabilities {acceptInsecureCerts: false, browserName: chrome, browserVersion: 144.0.7559.110, chrome: {chromedriverVersion: 144.0.7559.133 (7da823b1d59..., userDataDir: C:\Users\CODECL~1\AppData\L...}, fedcm:accounts: true, goog:chromeOptions: {debuggerAddress: localhost:56158}, goog:processID: 1724, networkConnectionEnabled: false, pageLoadStrategy: normal, platformName: windows, proxy: Proxy(), se:cdp: ws://localhost:56158/devtoo..., se:cdpVersion: 144.0.7559.110, setWindowRect: true, strictFileInteractability: false, timeouts: {implicit: 0, pageLoad: 300000, script: 30000}, unhandledPromptBehavior: dismiss and notify, webauthn:extension:credBlob: true, webauthn:extension:largeBlob: true, webauthn:extension:minPinLength: true, webauthn:extension:prf: true, webauthn:virtualAuthenticators: true}
Session ID: 7b7afed5b8542a8e741adec548bcc9a4
at java.base/jdk.internal.reflect.DirectConstructorHandleAccessor.newInstance(DirectConstructorHandleAccessor.java:62)
at java.base/java.lang.reflect.Constructor.newInstanceWithCaller(Constructor.java:502)
at java.base/java.lang.reflect.Constructor.newInstance(Constructor.java:486)
at org.openqa.selenium.remote.ErrorCodec.decode(ErrorCodec.java:167)
at org.openqa.selenium.remote.codec.w3c.W3CHttpResponseCodec.decode(W3CHttpResponseCodec.java:138)
at org.openqa.selenium.remote.codec.w3c.W3CHttpResponseCodec.decode(W3CHttpResponseCodec.java:50)
at org.openqa.selenium.remote.HttpCommandExecutor.execute(HttpCommandExecutor.java:215)
at org.openqa.selenium.remote.service.DriverCommandExecutor.invokeExecute(DriverCommandExecutor.java:216)
at org.openqa.selenium.remote.service.DriverCommandExecutor.execute(DriverCommandExecutor.java:174)
at org.openqa.selenium.remote.RemoteWebDriver.execute(RemoteWebDriver.java:544)
at org.openqa.selenium.remote.ElementLocation$ElementFinder$2.findElement(ElementLocation.java:165)
at org.openqa.selenium.remote.ElementLocation.findElement(ElementLocation.java:59)
at org.openqa.selenium.remote.RemoteWebDriver.findElement(RemoteWebDriver.java:367)
at org.openqa.selenium.remote.RemoteWebDriver.findElement(RemoteWebDriver.java:361)
at org.openqa.selenium.support.pagefactory.DefaultElementLocator.findElement(DefaultElementLocator.java:68)
at org.openqa.selenium.support.pagefactory.internal.LocatingElementHandler.invoke(LocatingElementHandler.java:38)
at jdk.proxy2/jdk.proxy2.$Proxy17.isDisplayed(Unknown Source)
at org.openqa.selenium.support.ui.ExpectedConditions.elementIfVisible(ExpectedConditions.java:304)
at org.openqa.selenium.support.ui.ExpectedConditions$10.apply(ExpectedConditions.java:290)
at org.openqa.selenium.support.ui.ExpectedConditions$10.apply(ExpectedConditions.java:287)
at org.openqa.selenium.support.ui.FluentWait.until(FluentWait.java:203)
... 29 more
]]>
            </full-stacktrace>
          </exception> <!-- org.openqa.selenium.TimeoutException -->
          <reporter-output>
          </reporter-output>
        </test-method> <!-- Buyout_Add_and_Fees_changed_in_Revised_Contract -->
        <test-method is-config="true" signature="Kill()[pri:0, instance:Enterprise_Codeclouds.Project.Enterprise.Case_Appplications@7d20d0b]" started-at="2026-02-06T20:40:10 IST" name="Kill" finished-at="2026-02-06T20:40:10 IST" duration-ms="378" status="PASS">
          <reporter-output>
          </reporter-output>
        </test-method> <!-- Kill -->
        <test-method is-config="true" signature="setup()[pri:0, instance:Enterprise_Codeclouds.Project.Enterprise.Case_Appplications@7d20d0b]" started-at="2026-02-06T20:40:10 IST" name="setup" finished-at="2026-02-06T20:40:11 IST" duration-ms="848" status="PASS">
          <reporter-output>
          </reporter-output>
        </test-method> <!-- setup -->
        <test-method signature="Buyout_Add_and_Fees_changed_in_Revised_Contract(java.util.TreeMap,java.util.TreeMap,java.util.TreeMap,java.util.TreeMap,java.util.TreeMap,java.util.TreeMap)[pri:0, instance:Enterprise_Codeclouds.Project.Enterprise.Case_Appplications@7d20d0b]" started-at="2026-02-06T20:40:11 IST" name="Buyout_Add_and_Fees_changed_in_Revised_Contract" data-provider="case_plus_plaintiff" finished-at="2026-02-06T20:42:18 IST" duration-ms="126534" status="PASS">
          <params>
            <param index="0">
              <value>
                <![CDATA[{Agreement Date=02/06/2026, Amount Received=7800, Application Status=Approved, Approved Amount=26000, Attorney Name=Attorney Kael Winters, Buyout Amount=16400, Buyout Expiry Date=02/06/2030, Buyout Funder Name=Frontline Oceanic Capital, Case #=537, Case Type=Boat Accident, Court Index Number=01CV-2405-BA-002907, Date of Incident=05/11/2024, Document prep fee=295, Fund transfer fee=105, Interest Start Date=02/06/2026, Law Firm Name=Honolulu Maritime Injury Counsel, Lead Source=Broker, Notes / Remarks=PIP reimbursement received via online payment; verify remittance claim number and match to schedule., Payer Name=PIP Claims Department - OceanShield, Payment Date=02/06/2026, Payment Mode=Online Payment, Payment Type=Payment by PIP, Rate of Return=40, Recommended Max Funding=26000, Requested Amount=64000, Risk Level=Moderate, SMS Message Body=Your boat accident funding is approved. We’ll coordinate agreement review and disbursement with your attorney. – Lumberjack Legal Finance, SMS Message Title=Boat Accident Approved, State=Hawaii, Summary=Recreational boat collision near marina entrance; visibility concerns and improper lookout alleged; concussion symptoms and shoulder injury reported; marine report requested., Underwriting Notes=Key evidence: marine patrol report, witness statements, photos, and operator insurance. Confirm navigation rules compliance and comparative negligence risks., Underwriting Tag=Marine Report Pending}]]>
              </value>
            </param>
            <param index="1">
              <value>
                <![CDATA[{Address Line 1=500 S Grand Central Pkwy, Address Line 2=Apt 7A, City=Las Vegas, Date of Birth=06/27/1993, Email=maelle.girard.f4y2n7@yopmail.com, First Name=Maëlle, Last Name=Girard, Middle Name=Élise, Name Suffix=IV, Phone number=7028846843, Social Security Number=943-10-6843, State=Nevada, Zip code=89101}]]>
              </value>
            </param>
            <param index="2">
              <value>
                <![CDATA[{Email=attorney.genevieve.thibodeau08@mailto.plus, First Name=Attorney Geneviève, Last Name=Thibodeau, Middle Name=Sage, Name Suffix=III, Office phone=9897418130, Phone=9897406130}]]>
              </value>
            </param>
            <param index="3">
              <value>
                <![CDATA[{City=Minneapolis, Name=MillCity Docket Foundry, Phone=6125078436, State=Minnesota, Street Address 1=120 S 6th St, Skyway Commerce Plaza, North Lobby, Street Address 2=Suite 2405, Intake: Desk 2, Elevator Bank C, Zip code=55402}]]>
              </value>
            </param>
            <param index="4">
              <value>
                <![CDATA[{Staff Email=staff.doriane.valewood83@mailto.plus, Staff First Name=Staff Doriane, Staff Last Name=Valewood, Staff Middle Name=Noemi, Staff Name Suffix=III, Staff Office phone=6179054172, Staff Phone=6174029683}]]>
              </value>
            </param>
            <param index="5">
              <value>
                <![CDATA[{Bcc=qa.auditdesk@yopmail.com, Cc=quality.check@yopmail.com, Message=Hello,

We noticed an issue with the submitted information. Please review and correct it so we can continue processing.

Thanks., Subject=Issue Found - Please Review Submitted Information, Template=None, To=naviren.hearthwyn3414@yopmail.com}]]>
              </value>
            </param>
          </params>
          <reporter-output>
          </reporter-output>
        </test-method> <!-- Buyout_Add_and_Fees_changed_in_Revised_Contract -->
        <test-method is-config="true" signature="Kill()[pri:0, instance:Enterprise_Codeclouds.Project.Enterprise.Case_Appplications@7d20d0b]" started-at="2026-02-06T20:42:18 IST" name="Kill" finished-at="2026-02-06T20:42:18 IST" duration-ms="329" status="PASS">
          <reporter-output>
          </reporter-output>
        </test-method> <!-- Kill -->
        <test-method is-config="true" signature="setup()[pri:0, instance:Enterprise_Codeclouds.Project.Enterprise.Case_Appplications@7d20d0b]" started-at="2026-02-06T20:42:18 IST" name="setup" finished-at="2026-02-06T20:42:19 IST" duration-ms="848" status="PASS">
          <reporter-output>
          </reporter-output>
        </test-method> <!-- setup -->
        <test-method signature="Buyout_Add_and_Fees_changed_in_Revised_Contract(java.util.TreeMap,java.util.TreeMap,java.util.TreeMap,java.util.TreeMap,java.util.TreeMap,java.util.TreeMap)[pri:0, instance:Enterprise_Codeclouds.Project.Enterprise.Case_Appplications@7d20d0b]" started-at="2026-02-06T20:42:19 IST" name="Buyout_Add_and_Fees_changed_in_Revised_Contract" data-provider="case_plus_plaintiff" finished-at="2026-02-06T20:44:21 IST" duration-ms="121874" status="PASS">
          <params>
            <param index="0">
              <value>
                <![CDATA[{Agreement Date=02/06/2026, Amount Received=13200, Application Status=In Review, Approved Amount=59000, Attorney Name=Attorney Elara Flint, Buyout Amount=36800, Buyout Expiry Date=02/06/2030, Buyout Funder Name=Pioneer Aviation Claim Finance, Case #=538, Case Type=Airplane Accident, Court Index Number=03CV-2303-AA-008640, Date of Incident=03/24/2023, Document prep fee=375, Fund transfer fee=140, Interest Start Date=02/06/2026, Law Firm Name=Wasatch Catastrophic Injury Counsel, Lead Source=Attorney Referral, Notes / Remarks=Insurance payment processed by card; attach receipt and confirm no partial capture., Payer Name=CedarLine Commercial Insurance, Payment Date=02/06/2026, Payment Mode=Credit Card, Payment Type=Payment by Insurance Company, Rate of Return=47, Recommended Max Funding=59000, Requested Amount=124000, Risk Level=Moderate-High, SMS Message Body=Your airplane accident file is under advanced review while investigation records are verified. – Lumberjack Legal Finance, SMS Message Title=Airplane Case Under Review, State=Utah, Summary=Small aircraft hard landing with alleged maintenance oversight; orthopedic injuries and rehab; investigation records and maintenance logs requested., Underwriting Notes=Multiple potentially liable parties; confirm investigation status, insurance layers, and expert retention. Staged funding until causation clarified and records obtained., Underwriting Tag=Investigation Layering}]]>
              </value>
            </param>
            <param index="1">
              <value>
                <![CDATA[{Address Line 1=1650 Market St, Address Line 2=Suite 321, City=Philadelphia, Date of Birth=10/15/1989, Email=gabriel.desjardins.m6x2c9@yopmail.com, First Name=Gabriel, Last Name=Desjardins, Middle Name=Antoine, Name Suffix=II, Phone number=2157799374, Social Security Number=944-21-9374, State=Pennsylvania, Zip code=19103}]]>
              </value>
            </param>
            <param index="2">
              <value>
                <![CDATA[{Email=attorney.rhys.deslauriers09@mailto.plus, First Name=Attorney Rhys, Last Name=Deslauriers, Middle Name=Olivier, Name Suffix=Sr, Office phone=9897418131, Phone=9897406131}]]>
              </value>
            </param>
            <param index="3">
              <value>
                <![CDATA[{City=St. Louis, Name=Gateway Pleading House, Phone=3147905524, State=Missouri, Street Address 1=1 S Memorial Dr, Arch District Office Tower, Main Lobby, Street Address 2=Floor 16, Suite 1608, Deliveries: Weekdays Only, Zip code=63102}]]>
              </value>
            </param>
            <param index="4">
              <value>
                <![CDATA[{Staff Email=staff.erynden.stormley29@mailto.plus, Staff First Name=Staff Erynden, Staff Last Name=Stormley, Staff Middle Name=Pascal, Staff Name Suffix=Sr, Staff Office phone=4169072638, Staff Phone=4167385129}]]>
              </value>
            </param>
            <param index="5">
              <value>
                <![CDATA[{Bcc=qa.auditdesk@yopmail.com, Cc=doc.review@yopmail.com, Message=Hello,

We have completed the initial document review. If you have any additional files to submit, please upload them now.

Thank you., Subject=Document Review Completed - Awaiting Next Input, Template=None, To=meador.glenvarn3415@yopmail.com}]]>
              </value>
            </param>
          </params>
          <reporter-output>
          </reporter-output>
        </test-method> <!-- Buyout_Add_and_Fees_changed_in_Revised_Contract -->
        <test-method is-config="true" signature="Kill()[pri:0, instance:Enterprise_Codeclouds.Project.Enterprise.Case_Appplications@7d20d0b]" started-at="2026-02-06T20:44:21 IST" name="Kill" finished-at="2026-02-06T20:44:21 IST" duration-ms="357" status="PASS">
          <reporter-output>
          </reporter-output>
        </test-method> <!-- Kill -->
        <test-method is-config="true" signature="setup()[pri:0, instance:Enterprise_Codeclouds.Project.Enterprise.Case_Appplications@7d20d0b]" started-at="2026-02-06T20:44:21 IST" name="setup" finished-at="2026-02-06T20:44:22 IST" duration-ms="849" status="PASS">
          <reporter-output>
          </reporter-output>
        </test-method> <!-- setup -->
        <test-method signature="Buyout_Add_and_Fees_changed_in_Revised_Contract(java.util.TreeMap,java.util.TreeMap,java.util.TreeMap,java.util.TreeMap,java.util.TreeMap,java.util.TreeMap)[pri:0, instance:Enterprise_Codeclouds.Project.Enterprise.Case_Appplications@7d20d0b]" started-at="2026-02-06T20:44:22 IST" name="Buyout_Add_and_Fees_changed_in_Revised_Contract" data-provider="case_plus_plaintiff" finished-at="2026-02-06T20:46:23 IST" duration-ms="120848" status="PASS">
          <params>
            <param index="0">
              <value>
                <![CDATA[{Agreement Date=02/06/2026, Amount Received=17650, Application Status=Approved, Approved Amount=36500, Attorney Name=Attorney Mira Stonebridge, Buyout Amount=23200, Buyout Expiry Date=02/06/2030, Buyout Funder Name=Granite Arc Legal Capital, Case #=539, Case Type=Attorney Funding, Court Index Number=02CV-2308-AF-003409, Date of Incident=08/30/2023, Document prep fee=315, Fund transfer fee=120, Interest Start Date=02/06/2026, Law Firm Name=Garden State Trial Expense Counsel, Lead Source=Attorney Referral, Notes / Remarks=Online buyout payment received; cross-check reference ID and attach receipt PDF., Payer Name=Summit Equity Legal Funding Partners, Payment Date=02/06/2026, Payment Mode=Online Payment, Payment Type=Payment by Another Funder, Rate of Return=43, Recommended Max Funding=36500, Requested Amount=84500, Risk Level=Moderate, SMS Message Body=Your attorney funding request is approved. We’ll coordinate the agreement and disbursement workflow with your office. – Lumberjack Legal Finance, SMS Message Title=Approved – Attorney Funding, State=New Jersey, Summary=Attorney funding request tied to expert retainers, discovery costs, and deposition logistics for a complex injury matter; expense timeline and budget submitted., Underwriting Notes=Assess litigation budget, timeline to recovery, lien priorities, and disbursement controls. Stage funding based on milestones and cost documentation., Underwriting Tag=Milestone-Based Disbursement}]]>
              </value>
            </param>
            <param index="1">
              <value>
                <![CDATA[{Address Line 1=101 S Tryon St, Address Line 2=Floor 9, Suite 905, City=Charlotte, Date of Birth=02/02/1991, Email=celine.beaulieu.r9v4k1@yopmail.com, First Name=Céline, Last Name=Beaulieu, Middle Name=Ariane, Name Suffix=Jr, Phone number=7045125108, Social Security Number=945-32-5108, State=North Carolina, Zip code=28202}]]>
              </value>
            </param>
            <param index="2">
              <value>
                <![CDATA[{Email=attorney.ainsley.houde10@mailto.plus, First Name=Attorney Ainsley, Last Name=Houde, Middle Name=Claire, Name Suffix=IV, Office phone=9897418132, Phone=9897406132}]]>
              </value>
            </param>
            <param index="3">
              <value>
                <![CDATA[{City=Wichita, Name=PrairieMotion Claims Studio, Phone=3166881049, State=Kansas, Street Address 1=100 N Broadway St, Old Town Commerce Block, East Entrance, Street Address 2=Suite 705, Intake: Window 1, Visitor Parking Level 2, Zip code=67202}]]>
              </value>
            </param>
            <param index="4">
              <value>
                <![CDATA[{Staff Email=staff.selvara.montclair74@mailto.plus, Staff First Name=Staff Selvara, Staff Last Name=Montclair, Staff Middle Name=Giselle, Staff Name Suffix=IV, Staff Office phone=5149027415, Staff Phone=5146093874}]]>
              </value>
            </param>
            <param index="5">
              <value>
                <![CDATA[{Bcc=qa.auditdesk@yopmail.com, Cc=escalations.desk@yopmail.com, Message=Hello,

We are unable to proceed without the pending details. Please respond or upload the required information to avoid delays.

Regards., Subject=Final Reminder - Response Needed to Avoid Delay, Template=None, To=tenzaro.rivenshore3419@yopmail.com}]]>
              </value>
            </param>
          </params>
          <reporter-output>
          </reporter-output>
        </test-method> <!-- Buyout_Add_and_Fees_changed_in_Revised_Contract -->
        <test-method is-config="true" signature="Kill()[pri:0, instance:Enterprise_Codeclouds.Project.Enterprise.Case_Appplications@7d20d0b]" started-at="2026-02-06T20:46:23 IST" name="Kill" finished-at="2026-02-06T20:46:23 IST" duration-ms="341" status="PASS">
          <reporter-output>
          </reporter-output>
        </test-method> <!-- Kill -->
      </class> <!-- Enterprise_Codeclouds.Project.Enterprise.Case_Appplications -->
    </test> <!-- Default test -->
  </suite> <!-- Default suite -->
</testng-results>
