<?xml version="1.0" encoding="UTF-8"?>
<testng-results ignored="1" total="2" passed="1" failed="0" skipped="0">
  <reporter-output>
  </reporter-output>
  <suite started-at="2025-12-17T12:51:47 IST" name="Default suite" finished-at="2025-12-17T12:52:07 IST" duration-ms="19549">
    <groups>
    </groups>
    <test started-at="2025-12-17T12:51:47 IST" name="Default test" finished-at="2025-12-17T12:52:07 IST" duration-ms="19549">
      <class name="Enterprise_Codeclouds.Project.Enterprise.Case_Appplications">
        <test-method is-config="true" signature="setup()[pri:0, instance:Enterprise_Codeclouds.Project.Enterprise.Case_Appplications@367ffa75]" started-at="2025-12-17T12:51:47 IST" name="setup" finished-at="2025-12-17T12:51:50 IST" duration-ms="2312" status="PASS">
          <reporter-output>
          </reporter-output>
        </test-method> <!-- setup -->
        <test-method signature="Added_application_delete(java.util.TreeMap)[pri:0, instance:Enterprise_Codeclouds.Project.Enterprise.Case_Appplications@367ffa75]" started-at="2025-12-17T12:51:50 IST" name="Added_application_delete" data-provider="caseData" finished-at="2025-12-17T12:52:06 IST" duration-ms="16635" status="PASS">
          <params>
            <param index="0">
              <value>
                <![CDATA[{Agreement Date=12/24/2025, Application Status=Approved, Approved Amount=12000, Attorney Name=Atty. Melissa Grant, Buyout Amount=8000, Buyout Expiry Date=12/24/2028, Buyout Funder Name=Summit Legal Funding, Case #=1, Case Type=Motor Vehicle Accident, Court Index Number=49D12-2403-CT-001201, Date of Incident=03/14/2024, Document prep fee=250, Fund transfer fee=75, Interest Start Date=12/24/2025, Law Firm Name=Grant & Lawson Injury Law, Lead Source=Attorney Referral, Plaintiff Address One=1245 N Meridian St, Plaintiff Address Two=Indianapolis, IN 46204, Plaintiff Email=caleb.lawson@plaintiffmail.com, Plaintiff Name=Caleb Hunter Lawson, Plaintiff Phone Number=555-201-0001, Rate of Return=38, Recommended Max Funding=12000, Requested Amount=25000, Risk Level=Moderate, SMS Message Body=Hi Caleb, your motor vehicle case funding request has been approved for up to $12,000. Our team will contact you shortly to confirm disbursement details. – Lumberjack Legal Finance, SMS Message Title=Funding Application Approved, State=Indiana, Summary=Rear-end collision on I-65; plaintiff rear-ended in congestion, airbags deployed, whiplash, PT with residual stiffness and work loss., Underwriting Notes=Strong rear-end liability with citation for following too closely. Soft-tissue neck/back injury but supported by ER visit, imaging, PT and wage loss. Need full medical records, wage docs and prior-claim check. Assuming clean priors and adequate BI limits, case supports funding up to about 12k.}]]>
              </value>
            </param>
          </params>
          <reporter-output>
          </reporter-output>
        </test-method> <!-- Added_application_delete -->
        <test-method is-config="true" signature="Kill()[pri:0, instance:Enterprise_Codeclouds.Project.Enterprise.Case_Appplications@367ffa75]" started-at="2025-12-17T12:52:06 IST" name="Kill" finished-at="2025-12-17T12:52:07 IST" duration-ms="502" status="PASS">
          <reporter-output>
          </reporter-output>
        </test-method> <!-- Kill -->
      </class> <!-- Enterprise_Codeclouds.Project.Enterprise.Case_Appplications -->
    </test> <!-- Default test -->
  </suite> <!-- Default suite -->
</testng-results>
