<?xml version="1.0" encoding="UTF-8"?>
<testng-results ignored="6" total="7" passed="1" failed="0" skipped="0">
  <reporter-output>
  </reporter-output>
  <suite started-at="2026-02-09T17:51:15 IST" name="Default suite" finished-at="2026-02-09T17:53:29 IST" duration-ms="134229">
    <groups>
    </groups>
    <test started-at="2026-02-09T17:51:15 IST" name="Default test" finished-at="2026-02-09T17:53:29 IST" duration-ms="134229">
      <class name="Enterprise_Codeclouds.Project.Enterprise.Case_Appplications">
        <test-method is-config="true" signature="setup()[pri:0, instance:Enterprise_Codeclouds.Project.Enterprise.Case_Appplications@7d20d0b]" started-at="2026-02-09T17:51:15 IST" name="setup" finished-at="2026-02-09T17:51:18 IST" duration-ms="2872" status="PASS">
          <reporter-output>
          </reporter-output>
        </test-method> <!-- setup -->
        <test-method signature="Buyout_Add_and_Fees_changed_in_Revised_Contract(java.util.TreeMap,java.util.TreeMap,java.util.TreeMap,java.util.TreeMap,java.util.TreeMap,java.util.TreeMap)[pri:0, instance:Enterprise_Codeclouds.Project.Enterprise.Case_Appplications@7d20d0b]" started-at="2026-02-09T17:51:18 IST" name="Buyout_Add_and_Fees_changed_in_Revised_Contract" data-provider="case_plus_plaintiff" finished-at="2026-02-09T17:53:29 IST" duration-ms="130853" status="PASS">
          <params>
            <param index="0">
              <value>
                <![CDATA[{Agreement Date=02/09/2026, Amount Received=7800, Application Status=Approved, Approved Amount=26000, Attorney Name=Attorney Kael Winters, Buyout Amount=16400, Buyout Expiry Date=02/09/2030, Buyout Funder Name=Frontline Oceanic Capital, Case #=537, Case Type=Boat Accident, Court Index Number=01CV-2405-BA-002907, Date of Incident=05/11/2024, Document prep fee=295, Fund transfer fee=105, Interest Start Date=02/09/2026, Law Firm Name=Honolulu Maritime Injury Counsel, Lead Source=Broker, Notes / Remarks=PIP reimbursement received via online payment; verify remittance claim number and match to schedule., Payer Name=PIP Claims Department - OceanShield, Payment Date=02/09/2026, Payment Mode=Online Payment, Payment Type=Payment by PIP, Rate of Return=40, Recommended Max Funding=26000, Requested Amount=64000, Risk Level=Moderate, SMS Message Body=Your boat accident funding is approved. We’ll coordinate agreement review and disbursement with your attorney. – Lumberjack Legal Finance, SMS Message Title=Boat Accident Approved, State=Hawaii, Summary=Recreational boat collision near marina entrance; visibility concerns and improper lookout alleged; concussion symptoms and shoulder injury reported; marine report requested., Underwriting Notes=Key evidence: marine patrol report, witness statements, photos, and operator insurance. Confirm navigation rules compliance and comparative negligence risks., Underwriting Tag=Marine Report Pending}]]>
              </value>
            </param>
            <param index="1">
              <value>
                <![CDATA[{Address Line 1=227 Fayetteville St, Address Line 2=Unit 1904, City=Raleigh, Date of Birth=03/07/1991, Email=pltf.wapistan.kateri.r8v2qj.41p9@yopmail.com, First Name=Kateri, Last Name=Wapistan, Middle Name=Noélie, Name Suffix=II, Phone number=9196725038, Social Security Number=741-28-9061, State=North Carolina, Zip code=27601}]]>
              </value>
            </param>
            <param index="2">
              <value>
                <![CDATA[{Email=attorney.maelys.beausoleil01@yopmail.com, First Name=Attorney Maëlys, Last Name=Beausoleil, Middle Name=Rowan, Name Suffix=II, Office phone=9897418123, Phone=9897406123}]]>
              </value>
            </param>
            <param index="3">
              <value>
                <![CDATA[{City=Wilmington, Name=VerdictForge Litigation Atelier, Phone=3024389017, State=Delaware, Street Address 1=919 N Market St, Brandywine Commerce Center, Main Lobby, Street Address 2=Suite 1204, Intake: Desk 3, Elevator Bank A, Zip code=19801}]]>
              </value>
            </param>
            <param index="4">
              <value>
                <![CDATA[{Staff Email=staff.nivaren.thornwick25@mailto.plus, Staff First Name=Staff Nivaren, Staff Last Name=Thornwick, Staff Middle Name=Calix, Staff Name Suffix=II, Staff Office phone=9718821460, Staff Phone=9716043825}]]>
              </value>
            </param>
            <param index="5">
              <value>
                <![CDATA[{Bcc=qa.auditdesk@yopmail.com, Cc=intake.coordinator@yopmail.com, Message=Hello,

Please upload the required documents at your earliest convenience so we can proceed without delay.

Thank you., Subject=Document Request - Please Upload Required Files, Template=None, To=marcelline.briarcliff1874@yopmail.com}]]>
              </value>
            </param>
          </params>
          <reporter-output>
          </reporter-output>
        </test-method> <!-- Buyout_Add_and_Fees_changed_in_Revised_Contract -->
        <test-method is-config="true" signature="Kill()[pri:0, instance:Enterprise_Codeclouds.Project.Enterprise.Case_Appplications@7d20d0b]" started-at="2026-02-09T17:53:29 IST" name="Kill" finished-at="2026-02-09T17:53:29 IST" duration-ms="395" status="PASS">
          <reporter-output>
          </reporter-output>
        </test-method> <!-- Kill -->
      </class> <!-- Enterprise_Codeclouds.Project.Enterprise.Case_Appplications -->
    </test> <!-- Default test -->
  </suite> <!-- Default suite -->
</testng-results>
