<?xml version="1.0" encoding="UTF-8"?>
<testng-results ignored="2" total="3" passed="1" failed="0" skipped="0">
  <reporter-output>
  </reporter-output>
  <suite started-at="2025-12-18T14:35:26 IST" name="Default suite" finished-at="2025-12-18T14:35:37 IST" duration-ms="11501">
    <groups>
    </groups>
    <test started-at="2025-12-18T14:35:26 IST" name="Default test" finished-at="2025-12-18T14:35:37 IST" duration-ms="11501">
      <class name="Enterprise_Codeclouds.Project.Enterprise.Plaintiff_Module">
        <test-method is-config="true" signature="setup()[pri:0, instance:Enterprise_Codeclouds.Project.Enterprise.Plaintiff_Module@1c1bbc4e]" started-at="2025-12-18T14:35:26 IST" name="setup" finished-at="2025-12-18T14:35:28 IST" duration-ms="2836" status="PASS">
          <reporter-output>
          </reporter-output>
        </test-method> <!-- setup -->
        <test-method signature="Plaintiff_Add()[pri:0, instance:Enterprise_Codeclouds.Project.Enterprise.Plaintiff_Module@1c1bbc4e]" started-at="2025-12-18T14:35:28 IST" name="Plaintiff_Add" finished-at="2025-12-18T14:35:37 IST" duration-ms="8252" status="PASS">
          <reporter-output>
          </reporter-output>
        </test-method> <!-- Plaintiff_Add -->
        <test-method is-config="true" signature="Kill()[pri:0, instance:Enterprise_Codeclouds.Project.Enterprise.Plaintiff_Module@1c1bbc4e]" started-at="2025-12-18T14:35:37 IST" name="Kill" finished-at="2025-12-18T14:35:37 IST" duration-ms="352" status="PASS">
          <reporter-output>
          </reporter-output>
        </test-method> <!-- Kill -->
      </class> <!-- Enterprise_Codeclouds.Project.Enterprise.Plaintiff_Module -->
    </test> <!-- Default test -->
  </suite> <!-- Default suite -->
</testng-results>
