<?xml version="1.0" encoding="UTF-8"?>
<testng-results ignored="1" total="2" passed="1" failed="0" skipped="0">
  <reporter-output>
  </reporter-output>
  <suite started-at="2026-01-16T16:46:34 IST" name="Default suite" finished-at="2026-01-16T16:48:03 IST" duration-ms="89293">
    <groups>
    </groups>
    <test started-at="2026-01-16T16:46:34 IST" name="Default test" finished-at="2026-01-16T16:48:03 IST" duration-ms="89293">
      <class name="Enterprise_Codeclouds.Project.Enterprise.Case_Appplications">
        <test-method is-config="true" signature="setup()[pri:0, instance:Enterprise_Codeclouds.Project.Enterprise.Case_Appplications@510f3d34]" started-at="2026-01-16T16:46:34 IST" name="setup" finished-at="2026-01-16T16:46:36 IST" duration-ms="1953" status="PASS">
          <reporter-output>
          </reporter-output>
        </test-method> <!-- setup -->
        <test-method signature="Buyout_Add_After_Contract_Generation_through_Edit_Terms(java.util.TreeMap,java.util.TreeMap,java.util.TreeMap,java.util.TreeMap,java.util.TreeMap)[pri:0, instance:Enterprise_Codeclouds.Project.Enterprise.Case_Appplications@510f3d34]" started-at="2026-01-16T16:46:36 IST" name="Buyout_Add_After_Contract_Generation_through_Edit_Terms" data-provider="case_plus_plaintiff" finished-at="2026-01-16T16:48:03 IST" duration-ms="86857" status="PASS">
          <params>
            <param index="0">
              <value>
                <![CDATA[{Agreement Date=01/16/2026, Amount Received=17400, Application Status=Approved, Approved Amount=33500, Attorney Name=Attorney Mira Stonebridge, Buyout Amount=21200, Buyout Expiry Date=01/16/2030, Buyout Funder Name=Pioneer Plaintiff Finance, Case #=320, Case Type=Attorney Funding, Court Index Number=49D04-2308-AF-002144, Date of Incident=08/08/2023, Document prep fee=310, Fund transfer fee=115, Interest Start Date=01/16/2026, Law Firm Name=Dietrich & Kuznetsov-Schmidt Serious Spine, Brain & Orthopedic Injury Advocates, Lead Source=Attorney Referral, Notes / Remarks=Online portal payment from another funder for buyout; cross-check reference ID and settlement ledger; attach payment receipt PDF., Payer Name=Summit Equity Legal Funding Partners, Payment Date=01/16/2026, Payment Mode=Online Payment, Payment Type=Payment by Another Funder, Rate of Return=43, Recommended Max Funding=33500, Requested Amount=78000, Risk Level=Moderate, SMS Message Body=Your attorney funding request is approved. We’ll coordinate the agreement and disbursement workflow with your office. – Lumberjack Legal Finance, SMS Message Title=Approved – Attorney Funding, State=Indiana, Summary=Attorney funding request tied to litigation expenses in a complex injury case; advance sought for experts, discovery costs, and deposition scheduling., Underwriting Notes=Assess case posture, litigation budget, and timeline to recovery. Confirm contingency agreement, lien priorities, and disbursement controls. Stage funding based on milestones and cost documentation., Underwriting Tag=Milestone-Based Disbursement}]]>
              </value>
            </param>
            <param index="1">
              <value>
                <![CDATA[{Address Line 1=1801 5th Ave N, Suite 700, Address Line 2=Reception delivery only, ask for Intake Desk, Date of Birth=02/11/1991, Email=zephira.caldershade5211@yopmail.com, First Name=Zephira, Last Name=Caldershade, Middle Name=Lioren, Name Suffix=II, Phone number=2056148721, Social Security Number=901-21-4521, State=Alabama, Zip code=35203}]]>
              </value>
            </param>
            <param index="2">
              <value>
                <![CDATA[{Email=attorney.zevoria.hawthorneux01@yopmail.com, First Name=Attorney Zevoria, Last Name=Hawthorneux, Middle Name=Calix, Name Suffix=II, Office phone=9776857301, Phone=9776849301}]]>
              </value>
            </param>
            <param index="3">
              <value>
                <![CDATA[{City=Wilmington, Name=VerdictForge Litigation Atelier, Phone=3024389017, State=Delaware, Street Address 1=919 N Market St, Brandywine Commerce Center, Main Lobby, Street Address 2=Suite 1204, Intake: Desk 3, Elevator Bank A, Zip code=19801}]]>
              </value>
            </param>
            <param index="4">
              <value>
                <![CDATA[{Staff Email=staff.nivaren.thornwick25@mailto.plus, Staff First Name=Staff Nivaren, Staff Last Name=Thornwick, Staff Middle Name=Calix, Staff Name Suffix=II, Staff Office phone=9718821460, Staff Phone=9716043825}]]>
              </value>
            </param>
          </params>
          <reporter-output>
          </reporter-output>
        </test-method> <!-- Buyout_Add_After_Contract_Generation_through_Edit_Terms -->
        <test-method is-config="true" signature="Kill()[pri:0, instance:Enterprise_Codeclouds.Project.Enterprise.Case_Appplications@510f3d34]" started-at="2026-01-16T16:48:03 IST" name="Kill" finished-at="2026-01-16T16:48:03 IST" duration-ms="412" status="PASS">
          <reporter-output>
          </reporter-output>
        </test-method> <!-- Kill -->
      </class> <!-- Enterprise_Codeclouds.Project.Enterprise.Case_Appplications -->
    </test> <!-- Default test -->
  </suite> <!-- Default suite -->
</testng-results>
