<?xml version="1.0" encoding="UTF-8"?>
<testng-results ignored="3" total="23" passed="13" failed="7" skipped="0">
  <reporter-output>
  </reporter-output>
  <suite started-at="2026-01-20T13:36:53 IST" name="Default suite" finished-at="2026-01-20T14:15:31 IST" duration-ms="2318328">
    <groups>
    </groups>
    <test started-at="2026-01-20T13:36:53 IST" name="Default test" finished-at="2026-01-20T14:15:31 IST" duration-ms="2318328">
      <class name="Enterprise_Codeclouds.Project.Enterprise.Case_Appplications">
        <test-method is-config="true" signature="setup()[pri:0, instance:Enterprise_Codeclouds.Project.Enterprise.Case_Appplications@4c178a76]" started-at="2026-01-20T13:36:53 IST" name="setup" finished-at="2026-01-20T13:36:55 IST" duration-ms="2029" status="PASS">
          <reporter-output>
          </reporter-output>
        </test-method> <!-- setup -->
        <test-method signature="Buyout_Add_After_Contract_Generation_through_Edit_Terms(java.util.TreeMap,java.util.TreeMap,java.util.TreeMap,java.util.TreeMap,java.util.TreeMap)[pri:0, instance:Enterprise_Codeclouds.Project.Enterprise.Case_Appplications@4c178a76]" started-at="2026-01-20T13:36:55 IST" name="Buyout_Add_After_Contract_Generation_through_Edit_Terms" data-provider="case_plus_plaintiff" finished-at="2026-01-20T13:39:26 IST" duration-ms="151557" status="PASS">
          <params>
            <param index="0">
              <value>
                <![CDATA[{Agreement Date=01/20/2026, Amount Received=13500, Application Status=In Review, Approved Amount=27000, Attorney Name=Attorney Dax Halloway, Buyout Amount=16800, Buyout Expiry Date=01/20/2030, Buyout Funder Name=Cobalt Ridge Capital, Case #=301, Case Type=Civil Rights, Court Index Number=49D01-2404-CR-001887, Date of Incident=04/18/2024, Document prep fee=335, Fund transfer fee=115, Interest Start Date=01/20/2026, Law Firm Name=West Loop Civil Rights & Police Conduct Counsel, Lead Source=Attorney Referral, Notes / Remarks=Attorney office initiated bank transfer; remittance email received; reconcile with bank statement and attach confirmation before posting., Payer Name=Attorney Marius Calder, Payment Date=01/20/2026, Payment Mode=Bank Transfer, Payment Type=Payment by Attorney, Rate of Return=42, Recommended Max Funding=27000, Requested Amount=64000, Risk Level=Moderate, SMS Message Body=Your civil rights application is under review while key records are verified. We’ll update you soon. – Lumberjack Legal Finance, SMS Message Title=Civil Rights File In Review, State=Indiana, Summary=Civil rights claim alleging improper stop escalation and prolonged roadside detention; loss of wages and anxiety symptoms reported; requesting dashcam/bodycam and dispatch logs., Underwriting Notes=Prioritize objective evidence: bodycam/dashcam, CAD logs, incident report, and any suppression hearing rulings. Confirm notice deadlines, qualified immunity posture, and policy limits. Stage funding pending video confirmation., Underwriting Tag=Video Verification Pending}]]>
              </value>
            </param>
            <param index="1">
              <value>
                <![CDATA[{Address Line 1=1801 5th Ave N, Suite 700, Address Line 2=Reception delivery only, ask for Intake Desk, Date of Birth=02/11/1991, Email=zephira.caldershade5211@yopmail.com, First Name=Zephira, Last Name=Caldershade, Middle Name=Lioren, Name Suffix=II, Phone number=2056148721, Social Security Number=901-21-4521, State=Alabama, Zip code=35203}]]>
              </value>
            </param>
            <param index="2">
              <value>
                <![CDATA[{Email=attorney.zevoria.hawthorneux01@yopmail.com, First Name=Attorney Zevoria, Last Name=Hawthorneux, Middle Name=Calix, Name Suffix=II, Office phone=9776857301, Phone=9776849301}]]>
              </value>
            </param>
            <param index="3">
              <value>
                <![CDATA[{City=Wilmington, Name=VerdictForge Litigation Atelier, Phone=3024389017, State=Delaware, Street Address 1=919 N Market St, Brandywine Commerce Center, Main Lobby, Street Address 2=Suite 1204, Intake: Desk 3, Elevator Bank A, Zip code=19801}]]>
              </value>
            </param>
            <param index="4">
              <value>
                <![CDATA[{Staff Email=staff.nivaren.thornwick25@mailto.plus, Staff First Name=Staff Nivaren, Staff Last Name=Thornwick, Staff Middle Name=Calix, Staff Name Suffix=II, Staff Office phone=9718821460, Staff Phone=9716043825}]]>
              </value>
            </param>
          </params>
          <reporter-output>
          </reporter-output>
        </test-method> <!-- Buyout_Add_After_Contract_Generation_through_Edit_Terms -->
        <test-method is-config="true" signature="Kill()[pri:0, instance:Enterprise_Codeclouds.Project.Enterprise.Case_Appplications@4c178a76]" started-at="2026-01-20T13:39:26 IST" name="Kill" finished-at="2026-01-20T13:39:27 IST" duration-ms="363" status="PASS">
          <reporter-output>
          </reporter-output>
        </test-method> <!-- Kill -->
        <test-method is-config="true" signature="setup()[pri:0, instance:Enterprise_Codeclouds.Project.Enterprise.Case_Appplications@4c178a76]" started-at="2026-01-20T13:39:27 IST" name="setup" finished-at="2026-01-20T13:39:28 IST" duration-ms="941" status="PASS">
          <reporter-output>
          </reporter-output>
        </test-method> <!-- setup -->
        <test-method signature="Buyout_Add_After_Contract_Generation_through_Edit_Terms(java.util.TreeMap,java.util.TreeMap,java.util.TreeMap,java.util.TreeMap,java.util.TreeMap)[pri:0, instance:Enterprise_Codeclouds.Project.Enterprise.Case_Appplications@4c178a76]" started-at="2026-01-20T13:39:28 IST" name="Buyout_Add_After_Contract_Generation_through_Edit_Terms" data-provider="case_plus_plaintiff" finished-at="2026-01-20T13:41:57 IST" duration-ms="149686" status="PASS">
          <params>
            <param index="0">
              <value>
                <![CDATA[{Agreement Date=01/20/2026, Amount Received=4200, Application Status=Pending Docs, Approved Amount=35000, Attorney Name=Attorney Rowena Larkspur, Buyout Amount=21400, Buyout Expiry Date=01/20/2030, Buyout Funder Name=Summit Legal Funding, Case #=302, Case Type=Police Brutality, Court Index Number=14L03-2309-PB-001204, Date of Incident=09/07/2023, Document prep fee=345, Fund transfer fee=125, Interest Start Date=01/20/2026, Law Firm Name=Schweitzerova & Voronov Bad Faith Insurance, Claim Denial & Verbraucherrechte Counsel, Lead Source=Organic, Notes / Remarks=Card approved; validate gateway reference and last 4 digits; convenience fee not included in received amount., Payer Name=Plaintiff Harper Ouellette, Payment Date=01/20/2026, Payment Mode=Credit Card, Payment Type=Payment by Plaintiff, Rate of Return=45, Recommended Max Funding=35000, Requested Amount=88000, Risk Level=Moderate-High, SMS Message Body=We need a few additional documents to finalize underwriting. Please coordinate uploads with your attorney. – Lumberjack Legal Finance, SMS Message Title=Documents Needed, State=Illinois, Summary=Use-of-force claim during arrest with reported shoulder dislocation and facial injury; ER records and follow-up ortho visits cited; complaint drafting in progress., Underwriting Notes=High upside if medical causation and video align. Confirm criminal disposition, municipal notice timelines, policy/indemnification, and whether discipline/IA findings exist. Stage funding until complaint is filed and footage reviewed., Underwriting Tag=Medical Causation Review}]]>
              </value>
            </param>
            <param index="1">
              <value>
                <![CDATA[{Address Line 1=701 W 8th Ave, Suite 410, Address Line 2=Call on arrival, do not leave unattended, Date of Birth=07/03/1989, Email=orlena.foxglenn7342@yopmail.com, First Name=Orlena, Last Name=Foxglenn, Middle Name=Vesper, Name Suffix=Sr, Phone number=9075553176, Social Security Number=901-22-4522, State=Alaska, Zip code=99501}]]>
              </value>
            </param>
            <param index="2">
              <value>
                <![CDATA[{Email=attorney.bryneth.kestralwyn02@mailto.plus, First Name=Attorney Bryneth, Last Name=Kestralwyn, Middle Name=Solenne, Name Suffix=Jr, Office phone=9776857302, Phone=9776849302}]]>
              </value>
            </param>
            <param index="3">
              <value>
                <![CDATA[{City=Burlington, Name=NorthStar Docketworks, Phone=8026317742, State=Vermont, Street Address 1=100 Main St, Lakefront Professional Building, Street Entrance, Street Address 2=Floor 6, Suite 6B, Delivery: Reception Window, Zip code=05401}]]>
              </value>
            </param>
            <param index="4">
              <value>
                <![CDATA[{Staff Email=staff.mirelia.ashmont69@mailto.plus, Staff First Name=Staff Mirelia, Staff Last Name=Ashmont, Staff Middle Name=Solene, Staff Name Suffix=Jr, Staff Office phone=4159057341, Staff Phone=4157382069}]]>
              </value>
            </param>
          </params>
          <reporter-output>
          </reporter-output>
        </test-method> <!-- Buyout_Add_After_Contract_Generation_through_Edit_Terms -->
        <test-method is-config="true" signature="Kill()[pri:0, instance:Enterprise_Codeclouds.Project.Enterprise.Case_Appplications@4c178a76]" started-at="2026-01-20T13:41:57 IST" name="Kill" finished-at="2026-01-20T13:41:58 IST" duration-ms="361" status="PASS">
          <reporter-output>
          </reporter-output>
        </test-method> <!-- Kill -->
        <test-method is-config="true" signature="setup()[pri:0, instance:Enterprise_Codeclouds.Project.Enterprise.Case_Appplications@4c178a76]" started-at="2026-01-20T13:41:58 IST" name="setup" finished-at="2026-01-20T13:41:59 IST" duration-ms="900" status="PASS">
          <reporter-output>
          </reporter-output>
        </test-method> <!-- setup -->
        <test-method signature="Buyout_Add_After_Contract_Generation_through_Edit_Terms(java.util.TreeMap,java.util.TreeMap,java.util.TreeMap,java.util.TreeMap,java.util.TreeMap)[pri:0, instance:Enterprise_Codeclouds.Project.Enterprise.Case_Appplications@4c178a76]" started-at="2026-01-20T13:41:59 IST" name="Buyout_Add_After_Contract_Generation_through_Edit_Terms" data-provider="case_plus_plaintiff" finished-at="2026-01-20T13:44:34 IST" duration-ms="155693" status="PASS">
          <params>
            <param index="0">
              <value>
                <![CDATA[{Agreement Date=01/20/2026, Amount Received=48000, Application Status=Approved, Approved Amount=18500, Attorney Name=Attorney Silas Markham, Buyout Amount=10200, Buyout Expiry Date=01/20/2030, Buyout Funder Name=Harbor Ridge Finance, Case #=303, Case Type=Wrongful Arrest, Court Index Number=18CV-2402-WA-002031, Date of Incident=02/11/2024, Document prep fee=265, Fund transfer fee=90, Interest Start Date=01/20/2026, Law Firm Name=Capital City Consumer Protection, Bad Faith Insurance & Claim Denial Law Offices, Lead Source=Advertising, Notes / Remarks=Cheque received via mailroom; deposit next business day; hold posting until clearance per finance policy., Payer Name=Riverstone Casualty Insurance Co., Payment Date=01/20/2026, Payment Mode=Cheque, Payment Type=Payment by Insurance Company, Rate of Return=38, Recommended Max Funding=18500, Requested Amount=46000, Risk Level=Moderate, SMS Message Body=Your wrongful arrest funding has been approved. We’ll coordinate agreement review with your attorney. – Lumberjack Legal Finance, SMS Message Title=Funding Approved, State=Ohio, Summary=Wrongful arrest due to mistaken identity; held overnight; missed shifts and reputational harm claimed; alibi documentation and witness statement referenced., Underwriting Notes=Confirm dismissal/acquittal, arrest report narrative, and any station video. Damages strengthen with payroll loss proof and documented counseling/therapy. Review immunity defenses and notice compliance., Underwriting Tag=Disposition Confirmed}]]>
              </value>
            </param>
            <param index="1">
              <value>
                <![CDATA[{Address Line 1=2 N Central Ave, Suite 1800, Address Line 2=Front desk drop-off, include ref: AZ-INTAKE, Date of Birth=11/28/1992, Email=thalric.rivenholt9063@yopmail.com, First Name=Thalric, Last Name=Rivenholt, Middle Name=Eamon, Name Suffix=III, Phone number=4806629041, Social Security Number=901-23-4523, State=Arizona, Zip code=85004}]]>
              </value>
            </param>
            <param index="2">
              <value>
                <![CDATA[{Email=attorney.caedric.ravenmire03@mailto.plus, First Name=Attorney Caedric, Last Name=Ravenmire, Middle Name=Thalen, Name Suffix=III, Office phone=9776857303, Phone=9776849303}]]>
              </value>
            </param>
            <param index="3">
              <value>
                <![CDATA[{City=Portland, Name=Cascade Claimcraft Legal Studio, Phone=5032196804, State=Oregon, Street Address 1=111 SW 5th Ave, Pioneer District Office Arcade, Security Desk, Street Address 2=Suite 1740, Mail Stop OR-17, Signature Required, Zip code=97204}]]>
              </value>
            </param>
            <param index="4">
              <value>
                <![CDATA[{Staff Email=staff.corven.wetherby51@mailto.plus, Staff First Name=Staff Corven, Staff Last Name=Wetherby, Staff Middle Name=Bastien, Staff Name Suffix=III, Staff Office phone=6199041876, Staff Phone=6194027851}]]>
              </value>
            </param>
          </params>
          <reporter-output>
          </reporter-output>
        </test-method> <!-- Buyout_Add_After_Contract_Generation_through_Edit_Terms -->
        <test-method is-config="true" signature="Kill()[pri:0, instance:Enterprise_Codeclouds.Project.Enterprise.Case_Appplications@4c178a76]" started-at="2026-01-20T13:44:34 IST" name="Kill" finished-at="2026-01-20T13:44:35 IST" duration-ms="325" status="PASS">
          <reporter-output>
          </reporter-output>
        </test-method> <!-- Kill -->
        <test-method is-config="true" signature="setup()[pri:0, instance:Enterprise_Codeclouds.Project.Enterprise.Case_Appplications@4c178a76]" started-at="2026-01-20T13:44:35 IST" name="setup" finished-at="2026-01-20T13:44:36 IST" duration-ms="902" status="PASS">
          <reporter-output>
          </reporter-output>
        </test-method> <!-- setup -->
        <test-method signature="Buyout_Add_After_Contract_Generation_through_Edit_Terms(java.util.TreeMap,java.util.TreeMap,java.util.TreeMap,java.util.TreeMap,java.util.TreeMap)[pri:0, instance:Enterprise_Codeclouds.Project.Enterprise.Case_Appplications@4c178a76]" started-at="2026-01-20T13:44:36 IST" name="Buyout_Add_After_Contract_Generation_through_Edit_Terms" data-provider="case_plus_plaintiff" finished-at="2026-01-20T13:47:13 IST" duration-ms="157320" status="PASS">
          <params>
            <param index="0">
              <value>
                <![CDATA[{Agreement Date=01/20/2026, Amount Received=17400, Application Status=In Review, Approved Amount=22000, Attorney Name=Attorney Tessa Wainwright, Buyout Amount=13200, Buyout Expiry Date=01/20/2030, Buyout Funder Name=Pioneer Plaintiff Finance, Case #=304, Case Type=Breach of contract, Court Index Number=07CV-2306-BC-001072, Date of Incident=06/14/2023, Document prep fee=290, Fund transfer fee=100, Interest Start Date=01/20/2026, Law Firm Name=Beckendorf & Neumannova School Negligence, Child Injury & Jugend Safety Trial Lawyers, Lead Source=Broker, Notes / Remarks=Online portal payment from another funder for buyout; cross-check reference ID and ledger; attach receipt PDF., Payer Name=Summit Equity Legal Funding Partners, Payment Date=01/20/2026, Payment Mode=Online Payment, Payment Type=Payment by Another Funder, Rate of Return=41, Recommended Max Funding=22000, Requested Amount=52000, Risk Level=Moderate, SMS Message Body=Your breach-of-contract application is under review while we verify pleadings and supporting documents. – Lumberjack Legal Finance, SMS Message Title=Contract Case Under Review, State=Michigan, Summary=Contract dispute over delayed delivery and alleged termination without cause; invoice trail and email acknowledgements attached; damages claimed for downtime and replacement sourcing., Underwriting Notes=Focus on enforceable terms, acceptance/performance evidence, and mitigation steps. Confirm venue, counterclaims, and collectability. Funding contingent on pleadings plus documentary proof of breach and damages., Underwriting Tag=Pleadings Requested}]]>
              </value>
            </param>
            <param index="1">
              <value>
                <![CDATA[{Address Line 1=425 W Capitol Ave, Suite 1500, Address Line 2=Security desk sign-in required, Date of Birth=01/19/1990, Email=marcelline.briarcliff1874@yopmail.com, First Name=Marcelline, Last Name=Briarcliff, Middle Name=Auria, Name Suffix=Jr, Phone number=5014041874, Social Security Number=901-24-4524, State=Arkansas, Zip code=72201}]]>
              </value>
            </param>
            <param index="2">
              <value>
                <![CDATA[{Email=attorney.delvara.orinthvale04@mailto.plus, First Name=Attorney Delvara, Last Name=Orinthvale, Middle Name=Nerissa, Name Suffix=Sr, Office phone=9776857304, Phone=9776849304}]]>
              </value>
            </param>
            <param index="3">
              <value>
                <![CDATA[{City=Pittsburgh, Name=Keystone Dispute Lab, Phone=4127765409, State=Pennsylvania, Street Address 1=600 Grant St, Steel City Tower, Concourse Entry, Street Address 2=Suite 2109, Intake: Counter B, Visitor Badge Needed, Zip code=15219}]]>
              </value>
            </param>
            <param index="4">
              <value>
                <![CDATA[{Staff Email=staff.elowen.harrowdale74@mailto.plus, Staff First Name=Staff Elowen, Staff Last Name=Harrowdale, Staff Middle Name=Rhiannon, Staff Name Suffix=Sr, Staff Office phone=2069073518, Staff Phone=2065839174}]]>
              </value>
            </param>
          </params>
          <reporter-output>
          </reporter-output>
        </test-method> <!-- Buyout_Add_After_Contract_Generation_through_Edit_Terms -->
        <test-method is-config="true" signature="Kill()[pri:0, instance:Enterprise_Codeclouds.Project.Enterprise.Case_Appplications@4c178a76]" started-at="2026-01-20T13:47:13 IST" name="Kill" finished-at="2026-01-20T13:47:13 IST" duration-ms="328" status="PASS">
          <reporter-output>
          </reporter-output>
        </test-method> <!-- Kill -->
        <test-method is-config="true" signature="setup()[pri:0, instance:Enterprise_Codeclouds.Project.Enterprise.Case_Appplications@4c178a76]" started-at="2026-01-20T13:47:13 IST" name="setup" finished-at="2026-01-20T13:47:14 IST" duration-ms="865" status="PASS">
          <reporter-output>
          </reporter-output>
        </test-method> <!-- setup -->
        <test-method signature="Buyout_Add_After_Contract_Generation_through_Edit_Terms(java.util.TreeMap,java.util.TreeMap,java.util.TreeMap,java.util.TreeMap,java.util.TreeMap)[pri:0, instance:Enterprise_Codeclouds.Project.Enterprise.Case_Appplications@4c178a76]" started-at="2026-01-20T13:47:14 IST" name="Buyout_Add_After_Contract_Generation_through_Edit_Terms" data-provider="case_plus_plaintiff" finished-at="2026-01-20T13:49:44 IST" duration-ms="149622" status="PASS">
          <params>
            <param index="0">
              <value>
                <![CDATA[{Agreement Date=01/20/2026, Amount Received=54000, Application Status=Approved, Approved Amount=16000, Attorney Name=Attorney Nolan Vercetti, Buyout Amount=8700, Buyout Expiry Date=01/20/2030, Buyout Funder Name=Liberty Legal Funding, Case #=305, Case Type=Employment Disputes, Court Index Number=49D05-2408-ED-001443, Date of Incident=08/29/2024, Document prep fee=245, Fund transfer fee=85, Interest Start Date=01/20/2026, Law Firm Name=Falkenova, Dornik & Brechtova Maritime, Boat & Seeufer Accident Rechtsberatung Group, Lead Source=Attorney Referral, Notes / Remarks=Wire received; confirm sender matches remittance advice; allocation captured in internal ledger., Payer Name=HarborPoint Mutual Insurance Services, Payment Date=01/20/2026, Payment Mode=Bank Transfer, Payment Type=Payment by Insurance Company, Rate of Return=37, Recommended Max Funding=16000, Requested Amount=39000, Risk Level=Moderate, SMS Message Body=Your employment dispute funding has been approved. We’ll coordinate agreement review with your attorney. – Lumberjack Legal Finance, SMS Message Title=Approved, State=Indiana, Summary=Retaliation claim after reporting safety violations; termination letter conflicts with performance records; wage loss and emotional distress alleged., Underwriting Notes=Validate protected activity timeline, HR reports, comparator evidence, and payroll history. Confirm arbitration exposure and mitigation. Stage funding if early settlement posture is uncertain., Underwriting Tag=HR File Review}]]>
              </value>
            </param>
            <param index="1">
              <value>
                <![CDATA[{Address Line 1=1 Market St, Suite 800, Address Line 2=Deliver to lobby concierge, hold for signature, Date of Birth=05/08/1993, Email=iskander.quillborne4405@yopmail.com, First Name=Iskander, Last Name=Quillborne, Middle Name=Noel, Name Suffix=IV, Phone number=4157714405, Social Security Number=901-25-4525, State=California, Zip code=94105}]]>
              </value>
            </param>
            <param index="2">
              <value>
                <![CDATA[{Email=attorney.eryvon.thorncairn05@mailto.plus, First Name=Attorney Eryvon, Last Name=Thorncairn, Middle Name=Lucien, Name Suffix=IV, Office phone=9776857305, Phone=9776849305}]]>
              </value>
            </param>
            <param index="3">
              <value>
                <![CDATA[{City=Atlanta, Name=Peachtree Litigation Works, Phone=4049152638, State=Georgia, Street Address 1=191 Peachtree St NE, Midtown Commerce Annex, Main Lobby, Street Address 2=Floor 14, Suite 1402, Deliveries: Desk A, Zip code=30303}]]>
              </value>
            </param>
            <param index="4">
              <value>
                <![CDATA[{Staff Email=staff.tavion.kingsmere82@mailto.plus, Staff First Name=Staff Tavion, Staff Last Name=Kingsmere, Staff Middle Name=Lucien, Staff Name Suffix=IV, Staff Office phone=3039026657, Staff Phone=3037164082}]]>
              </value>
            </param>
          </params>
          <reporter-output>
          </reporter-output>
        </test-method> <!-- Buyout_Add_After_Contract_Generation_through_Edit_Terms -->
        <test-method is-config="true" signature="Kill()[pri:0, instance:Enterprise_Codeclouds.Project.Enterprise.Case_Appplications@4c178a76]" started-at="2026-01-20T13:49:44 IST" name="Kill" finished-at="2026-01-20T13:49:44 IST" duration-ms="377" status="PASS">
          <reporter-output>
          </reporter-output>
        </test-method> <!-- Kill -->
        <test-method is-config="true" signature="setup()[pri:0, instance:Enterprise_Codeclouds.Project.Enterprise.Case_Appplications@4c178a76]" started-at="2026-01-20T13:49:44 IST" name="setup" finished-at="2026-01-20T13:49:45 IST" duration-ms="1065" status="PASS">
          <reporter-output>
          </reporter-output>
        </test-method> <!-- setup -->
        <test-method signature="Buyout_Add_After_Contract_Generation_through_Edit_Terms(java.util.TreeMap,java.util.TreeMap,java.util.TreeMap,java.util.TreeMap,java.util.TreeMap)[pri:0, instance:Enterprise_Codeclouds.Project.Enterprise.Case_Appplications@4c178a76]" started-at="2026-01-20T13:49:45 IST" name="Buyout_Add_After_Contract_Generation_through_Edit_Terms" data-provider="case_plus_plaintiff" finished-at="2026-01-20T13:52:21 IST" duration-ms="156039" status="PASS">
          <params>
            <param index="0">
              <value>
                <![CDATA[{Agreement Date=01/20/2026, Amount Received=5200, Application Status=Pending Docs, Approved Amount=8000, Attorney Name=Attorney Veda Langford, Buyout Amount=4600, Buyout Expiry Date=01/20/2030, Buyout Funder Name=Harbor Ridge Finance, Case #=306, Case Type=Unpaid Wages, Court Index Number=14L01-2401-UW-000587, Date of Incident=01/26/2024, Document prep fee=220, Fund transfer fee=70, Interest Start Date=01/20/2026, Law Firm Name=Schweitzerova & Voronov Bad Faith Insurance, Claim Denial & Verbraucherrechte Counsel, Lead Source=Other, Notes / Remarks=Cash delivered by office runner; counted and receipted; attach receipt scan and ID verification note., Payer Name=Attorney Keiran Holbrook, Payment Date=01/20/2026, Payment Mode=Cash, Payment Type=Payment by Attorney, Rate of Return=34, Recommended Max Funding=8000, Requested Amount=20000, Risk Level=Low-Moderate, SMS Message Body=We need additional payroll or schedule documentation to finalize your unpaid wages file. – Lumberjack Legal Finance, SMS Message Title=Documents Needed, State=Illinois, Summary=Unpaid overtime and denied meal-break premiums across multiple pay cycles; timekeeping entries reportedly edited; paystubs and schedules in conflict., Underwriting Notes=Confirm arbitration/class waiver and payroll record integrity. Risk depends on certification posture and employer defenses. Conservative funding until early discovery clarifies timekeeping practices., Underwriting Tag=Payroll Reconciliation}]]>
              </value>
            </param>
            <param index="1">
              <value>
                <![CDATA[{Address Line 1=1700 Lincoln St, Suite 2100, Address Line 2=Weekdays only, reception drop-off, Date of Birth=09/12/1988, Email=eulalia.sablemere7726@yopmail.com, First Name=Eulalia, Last Name=Sablemere, Middle Name=Blythe, Name Suffix=Sr, Phone number=3035087726, Social Security Number=901-26-4526, State=Colorado, Zip code=80202}]]>
              </value>
            </param>
            <param index="2">
              <value>
                <![CDATA[{Email=attorney.faelinne.sableford06@mailto.plus, First Name=Attorney Faelinne, Last Name=Sableford, Middle Name=Junora, Name Suffix=II, Office phone=9776857306, Phone=9776849306}]]>
              </value>
            </param>
            <param index="3">
              <value>
                <![CDATA[{City=Baltimore, Name=HarborLedger Trial Office, Phone=4106821570, State=Maryland, Street Address 1=10 Light St, Inner Harbor Business Tower, West Entrance, Street Address 2=Suite 1806, Intake: Room 18C, Package Scan at Security, Zip code=21202}]]>
              </value>
            </param>
            <param index="4">
              <value>
                <![CDATA[{Staff Email=staff.kaelina.briarholt47@mailto.plus, Staff First Name=Staff Kaelina, Staff Last Name=Briarholt, Staff Middle Name=Odette, Staff Name Suffix=II, Staff Office phone=5129043716, Staff Phone=5126398047}]]>
              </value>
            </param>
          </params>
          <reporter-output>
          </reporter-output>
        </test-method> <!-- Buyout_Add_After_Contract_Generation_through_Edit_Terms -->
        <test-method is-config="true" signature="Kill()[pri:0, instance:Enterprise_Codeclouds.Project.Enterprise.Case_Appplications@4c178a76]" started-at="2026-01-20T13:52:21 IST" name="Kill" finished-at="2026-01-20T13:52:22 IST" duration-ms="368" status="PASS">
          <reporter-output>
          </reporter-output>
        </test-method> <!-- Kill -->
        <test-method is-config="true" signature="setup()[pri:0, instance:Enterprise_Codeclouds.Project.Enterprise.Case_Appplications@4c178a76]" started-at="2026-01-20T13:52:22 IST" name="setup" finished-at="2026-01-20T13:52:22 IST" duration-ms="912" status="PASS">
          <reporter-output>
          </reporter-output>
        </test-method> <!-- setup -->
        <test-method signature="Buyout_Add_After_Contract_Generation_through_Edit_Terms(java.util.TreeMap,java.util.TreeMap,java.util.TreeMap,java.util.TreeMap,java.util.TreeMap)[pri:0, instance:Enterprise_Codeclouds.Project.Enterprise.Case_Appplications@4c178a76]" started-at="2026-01-20T13:52:22 IST" name="Buyout_Add_After_Contract_Generation_through_Edit_Terms" data-provider="case_plus_plaintiff" finished-at="2026-01-20T13:54:53 IST" duration-ms="150176" status="PASS">
          <params>
            <param index="0">
              <value>
                <![CDATA[{Agreement Date=01/20/2026, Amount Received=9800, Application Status=In Review, Approved Amount=10500, Attorney Name=Attorney Sienna Marwick, Buyout Amount=6100, Buyout Expiry Date=01/20/2030, Buyout Funder Name=Summit Legal Funding, Case #=307, Case Type=Workers Compensation, Court Index Number=03WC-2309-WC-002244, Date of Incident=09/03/2023, Document prep fee=250, Fund transfer fee=85, Interest Start Date=01/20/2026, Law Firm Name=Lindenfeld, Hartmannski & Blumenkov Worksite, Scaffold & Industrial Injury Kanzlei, Lead Source=Medical Provider, Notes / Remarks=Personal cheque received; hold settlement status until clearance; log cheque number and deposit date., Payer Name=Plaintiff Gideon Carruthers, Payment Date=01/20/2026, Payment Mode=Cheque, Payment Type=Payment by Plaintiff, Rate of Return=36, Recommended Max Funding=10500, Requested Amount=26000, Risk Level=Moderate, SMS Message Body=Your workers compensation file is under review while claim status and records are verified. – Lumberjack Legal Finance, SMS Message Title=Under Review, State=Michigan, Summary=Work comp claim for repetitive strain injury; EMG indicates neuropathy; work restrictions and reduced hours reported; treatment ongoing., Underwriting Notes=Confirm claim acceptance vs dispute, wage statement accuracy, and MMI outlook. Lien and fee posture matters. Keep funding conservative if denial/IME dispute is active., Underwriting Tag=Claim Status Verification}]]>
              </value>
            </param>
            <param index="1">
              <value>
                <![CDATA[{Address Line 1=100 Pearl St, Suite 1400, Address Line 2=Leave with Reception A if door closed, Date of Birth=12/02/1994, Email=calix.hearthwick3187@yopmail.com, First Name=Calix, Last Name=Hearthwick, Middle Name=Ronan, Name Suffix=II, Phone number=2036203187, Social Security Number=901-27-4527, State=Connecticut, Zip code=06103}]]>
              </value>
            </param>
            <param index="2">
              <value>
                <![CDATA[{Email=attorney.galvren.myridale07@mailto.plus, First Name=Attorney Galvren, Last Name=Myridale, Middle Name=Kestian, Name Suffix=Jr, Office phone=9776857307, Phone=9776849307}]]>
              </value>
            </param>
            <param index="3">
              <value>
                <![CDATA[{City=Worcester, Name=BayState Casebuilders, Phone=5084339261, State=Massachusetts, Street Address 1=255 Park Ave, Downtown Professional Row, Main Desk, Street Address 2=Suite 901, Mail Stop MA-09, Leave with Reception, Zip code=01609}]]>
              </value>
            </param>
            <param index="4">
              <value>
                <![CDATA[{Staff Email=staff.rovenna.quarryn96@mailto.plus, Staff First Name=Staff Rovenna, Staff Last Name=Quarryn, Staff Middle Name=Marin, Staff Name Suffix=Jr, Staff Office phone=7049062841, Staff Phone=7045831096}]]>
              </value>
            </param>
          </params>
          <reporter-output>
          </reporter-output>
        </test-method> <!-- Buyout_Add_After_Contract_Generation_through_Edit_Terms -->
        <test-method is-config="true" signature="Kill()[pri:0, instance:Enterprise_Codeclouds.Project.Enterprise.Case_Appplications@4c178a76]" started-at="2026-01-20T13:54:53 IST" name="Kill" finished-at="2026-01-20T13:54:53 IST" duration-ms="333" status="PASS">
          <reporter-output>
          </reporter-output>
        </test-method> <!-- Kill -->
        <test-method is-config="true" signature="setup()[pri:0, instance:Enterprise_Codeclouds.Project.Enterprise.Case_Appplications@4c178a76]" started-at="2026-01-20T13:54:53 IST" name="setup" finished-at="2026-01-20T13:54:54 IST" duration-ms="855" status="PASS">
          <reporter-output>
          </reporter-output>
        </test-method> <!-- setup -->
        <test-method signature="Buyout_Add_After_Contract_Generation_through_Edit_Terms(java.util.TreeMap,java.util.TreeMap,java.util.TreeMap,java.util.TreeMap,java.util.TreeMap)[pri:0, instance:Enterprise_Codeclouds.Project.Enterprise.Case_Appplications@4c178a76]" started-at="2026-01-20T13:54:54 IST" name="Buyout_Add_After_Contract_Generation_through_Edit_Terms" data-provider="case_plus_plaintiff" finished-at="2026-01-20T13:57:31 IST" duration-ms="156833" status="PASS">
          <params>
            <param index="0">
              <value>
                <![CDATA[{Agreement Date=01/20/2026, Amount Received=7600, Application Status=Approved, Approved Amount=23500, Attorney Name=Attorney Orion Sedgewick, Buyout Amount=15200, Buyout Expiry Date=01/20/2030, Buyout Funder Name=Frontline Capital Group, Case #=308, Case Type=Boat Accident, Court Index Number=49D03-2406-BA-001136, Date of Incident=06/15/2024, Document prep fee=285, Fund transfer fee=100, Interest Start Date=01/20/2026, Law Firm Name=Falkenova, Dornik & Brechtova Maritime, Boat & Seeufer Accident Rechtsberatung Group, Lead Source=Organic, Notes / Remarks=PIP reimbursement via online payment; verify remittance claim number; match against payment schedule., Payer Name=PIP Claims Department - MetroShield, Payment Date=01/20/2026, Payment Mode=Online Payment, Payment Type=Payment by PIP, Rate of Return=40, Recommended Max Funding=23500, Requested Amount=56000, Risk Level=Moderate, SMS Message Body=Your boat accident funding is approved. We’ll coordinate agreement review and disbursement with your attorney. – Lumberjack Legal Finance, SMS Message Title=Boat Accident Approved, State=Indiana, Summary=Recreational boat collision at low visibility; alleged excessive speed and improper lookout; concussion symptoms and shoulder injury reported; patrol report requested., Underwriting Notes=Key evidence: marine patrol report, witness statements, photos, and compliance with navigation rules. Confirm operator insurance and comparative negligence risks., Underwriting Tag=Marine Report Pending}]]>
              </value>
            </param>
            <param index="1">
              <value>
                <![CDATA[{Address Line 1=1201 N Market St, Suite 900, Address Line 2=Visitor badge required for elevator, Date of Birth=03/26/1991, Email=saskia.wrenford6908@yopmail.com, First Name=Saskia, Last Name=Wrenford, Middle Name=Liv, Name Suffix=Jr, Phone number=3025876908, Social Security Number=901-28-4528, State=Delaware, Zip code=19801}]]>
              </value>
            </param>
            <param index="2">
              <value>
                <![CDATA[{Email=attorney.heliara.wexenhall08@mailto.plus, First Name=Attorney Heliara, Last Name=Wexenhall, Middle Name=Sylven, Name Suffix=III, Office phone=9776857308, Phone=9776849308}]]>
              </value>
            </param>
            <param index="3">
              <value>
                <![CDATA[{City=Minneapolis, Name=MillCity Docket Foundry, Phone=6125078436, State=Minnesota, Street Address 1=120 S 6th St, Skyway Commerce Plaza, North Lobby, Street Address 2=Suite 2405, Intake: Desk 2, Elevator Bank C, Zip code=55402}]]>
              </value>
            </param>
            <param index="4">
              <value>
                <![CDATA[{Staff Email=staff.doriane.valewood83@mailto.plus, Staff First Name=Staff Doriane, Staff Last Name=Valewood, Staff Middle Name=Noemi, Staff Name Suffix=III, Staff Office phone=6179054172, Staff Phone=6174029683}]]>
              </value>
            </param>
          </params>
          <reporter-output>
          </reporter-output>
        </test-method> <!-- Buyout_Add_After_Contract_Generation_through_Edit_Terms -->
        <test-method is-config="true" signature="Kill()[pri:0, instance:Enterprise_Codeclouds.Project.Enterprise.Case_Appplications@4c178a76]" started-at="2026-01-20T13:57:31 IST" name="Kill" finished-at="2026-01-20T13:57:31 IST" duration-ms="354" status="PASS">
          <reporter-output>
          </reporter-output>
        </test-method> <!-- Kill -->
        <test-method is-config="true" signature="setup()[pri:0, instance:Enterprise_Codeclouds.Project.Enterprise.Case_Appplications@4c178a76]" started-at="2026-01-20T13:57:31 IST" name="setup" finished-at="2026-01-20T13:57:32 IST" duration-ms="903" status="PASS">
          <reporter-output>
          </reporter-output>
        </test-method> <!-- setup -->
        <test-method signature="Buyout_Add_After_Contract_Generation_through_Edit_Terms(java.util.TreeMap,java.util.TreeMap,java.util.TreeMap,java.util.TreeMap,java.util.TreeMap)[pri:0, instance:Enterprise_Codeclouds.Project.Enterprise.Case_Appplications@4c178a76]" started-at="2026-01-20T13:57:32 IST" name="Buyout_Add_After_Contract_Generation_through_Edit_Terms" data-provider="case_plus_plaintiff" finished-at="2026-01-20T14:00:00 IST" duration-ms="148304" status="PASS">
          <params>
            <param index="0">
              <value>
                <![CDATA[{Agreement Date=01/20/2026, Amount Received=12500, Application Status=In Review, Approved Amount=56000, Attorney Name=Attorney Elara Whitcombe, Buyout Amount=34500, Buyout Expiry Date=01/20/2030, Buyout Funder Name=Pioneer Plaintiff Finance, Case #=309, Case Type=Airplane Accident, Court Index Number=21CV-2305-AA-001019, Date of Incident=05/02/2023, Document prep fee=360, Fund transfer fee=135, Interest Start Date=01/20/2026, Law Firm Name=Brandtov & Lindenfeld Catastrophic Injury Rechtsanwälte Group, Lead Source=Attorney Referral, Notes / Remarks=Insurance card payment processed; attach transaction receipt; verify no partial capture in gateway., Payer Name=CedarLine Commercial Insurance, Payment Date=01/20/2026, Payment Mode=Credit Card, Payment Type=Payment by Insurance Company, Rate of Return=47, Recommended Max Funding=56000, Requested Amount=118000, Risk Level=Moderate-High, SMS Message Body=Your airplane accident file is under advanced review while investigation records are verified. – Lumberjack Legal Finance, SMS Message Title=Airplane Case Under Review, State=Ohio, Summary=Small aircraft runway excursion with alleged maintenance oversight; orthopedic injuries and extended rehab; requesting NTSB/FAA records and maintenance logs., Underwriting Notes=Multiple potentially liable parties (operator, maintenance, manufacturer). Confirm investigation status, insurance layers, and expert retention. Staged funding recommended until causation is clarified., Underwriting Tag=Investigation Layering}]]>
              </value>
            </param>
            <param index="1">
              <value>
                <![CDATA[{Address Line 1=200 S Biscayne Blvd, Suite 2800, Address Line 2=Concierge only, call on arrival, Date of Birth=06/17/1989, Email=nerys.crownvale2479@yopmail.com, First Name=Nerys, Last Name=Crownvale, Middle Name=Asha, Name Suffix=III, Phone number=9045742479, Social Security Number=901-29-4529, State=Florida, Zip code=33130}]]>
              </value>
            </param>
            <param index="2">
              <value>
                <![CDATA[{Email=attorney.iskariel.crownfel09@mailto.plus, First Name=Attorney Iskariel, Last Name=Crownfel, Middle Name=Vespera, Name Suffix=Sr, Office phone=9776857309, Phone=9776849309}]]>
              </value>
            </param>
            <param index="3">
              <value>
                <![CDATA[{City=St. Louis, Name=Gateway Pleading House, Phone=3147905524, State=Missouri, Street Address 1=1 S Memorial Dr, Arch District Office Tower, Main Lobby, Street Address 2=Floor 16, Suite 1608, Deliveries: Weekdays Only, Zip code=63102}]]>
              </value>
            </param>
            <param index="4">
              <value>
                <![CDATA[{Staff Email=staff.erynden.stormley29@mailto.plus, Staff First Name=Staff Erynden, Staff Last Name=Stormley, Staff Middle Name=Pascal, Staff Name Suffix=Sr, Staff Office phone=4169072638, Staff Phone=4167385129}]]>
              </value>
            </param>
          </params>
          <reporter-output>
          </reporter-output>
        </test-method> <!-- Buyout_Add_After_Contract_Generation_through_Edit_Terms -->
        <test-method is-config="true" signature="Kill()[pri:0, instance:Enterprise_Codeclouds.Project.Enterprise.Case_Appplications@4c178a76]" started-at="2026-01-20T14:00:00 IST" name="Kill" finished-at="2026-01-20T14:00:01 IST" duration-ms="326" status="PASS">
          <reporter-output>
          </reporter-output>
        </test-method> <!-- Kill -->
        <test-method is-config="true" signature="setup()[pri:0, instance:Enterprise_Codeclouds.Project.Enterprise.Case_Appplications@4c178a76]" started-at="2026-01-20T14:00:01 IST" name="setup" finished-at="2026-01-20T14:00:01 IST" duration-ms="858" status="PASS">
          <reporter-output>
          </reporter-output>
        </test-method> <!-- setup -->
        <test-method signature="Buyout_Add_After_Contract_Generation_through_Edit_Terms(java.util.TreeMap,java.util.TreeMap,java.util.TreeMap,java.util.TreeMap,java.util.TreeMap)[pri:0, instance:Enterprise_Codeclouds.Project.Enterprise.Case_Appplications@4c178a76]" started-at="2026-01-20T14:00:01 IST" name="Buyout_Add_After_Contract_Generation_through_Edit_Terms" data-provider="case_plus_plaintiff" finished-at="2026-01-20T14:02:38 IST" duration-ms="156647" status="PASS">
          <params>
            <param index="0">
              <value>
                <![CDATA[{Agreement Date=01/20/2026, Amount Received=6500, Application Status=Pending Docs, Approved Amount=42000, Attorney Name=Attorney Maeve Calderon, Buyout Amount=27200, Buyout Expiry Date=01/20/2030, Buyout Funder Name=Harbor Ridge Finance, Case #=310, Case Type=Aeroplane accident, Court Index Number=12L04-2310-AE-002611, Date of Incident=10/09/2023, Document prep fee=350, Fund transfer fee=125, Interest Start Date=01/20/2026, Law Firm Name=Markov-Bauer Cross-Border Truck & Autobahn Accident Trial Partners, Lead Source=Broker, Notes / Remarks=Bank transfer from PIP unit; reconcile amount vs expected reimbursement; document remittance reference., Payer Name=PIP Unit - Granite Auto Indemnity, Payment Date=01/20/2026, Payment Mode=Bank Transfer, Payment Type=Payment by PIP, Rate of Return=46, Recommended Max Funding=42000, Requested Amount=102000, Risk Level=Moderate, SMS Message Body=We need a few additional documents to finalize your aeroplane accident file. Please coordinate with your attorney. – Lumberjack Legal Finance, SMS Message Title=Documents Needed, State=Illinois, Summary=Charter turbulence event with unsecured cabin items causing head/neck injury; neurology follow-ups ongoing; carrier incident report requested., Underwriting Notes=Confirm passenger records, medical timeline, and applicable treaty/limitations if commercial carriage applies. Evidence quality and insurance layers drive funding cap. Stage until incident report and treating notes received., Underwriting Tag=Treaty/Limitation Check}]]>
              </value>
            </param>
            <param index="1">
              <value>
                <![CDATA[{Address Line 1=191 Peachtree St NE, Suite 3200, Address Line 2=Front desk drop-off only, Date of Birth=10/21/1992, Email=tenzin.ashbriar8030@yopmail.com, First Name=Tenzin, Last Name=Ashbriar, Middle Name=Pema, Name Suffix=IV, Phone number=4045558030, Social Security Number=901-30-4530, State=Georgia, Zip code=30303}]]>
              </value>
            </param>
            <param index="2">
              <value>
                <![CDATA[{Email=attorney.jorvane.zephyrmont10@mailto.plus, First Name=Attorney Jorvane, Last Name=Zephyrmont, Middle Name=Rheolan, Name Suffix=IV, Office phone=9776857310, Phone=9776849310}]]>
              </value>
            </param>
            <param index="3">
              <value>
                <![CDATA[{City=Wichita, Name=PrairieMotion Claims Studio, Phone=3166881049, State=Kansas, Street Address 1=100 N Broadway St, Old Town Commerce Block, East Entrance, Street Address 2=Suite 705, Intake: Window 1, Visitor Parking Level 2, Zip code=67202}]]>
              </value>
            </param>
            <param index="4">
              <value>
                <![CDATA[{Staff Email=staff.selvara.montclair74@mailto.plus, Staff First Name=Staff Selvara, Staff Last Name=Montclair, Staff Middle Name=Giselle, Staff Name Suffix=IV, Staff Office phone=5149027415, Staff Phone=5146093874}]]>
              </value>
            </param>
          </params>
          <reporter-output>
          </reporter-output>
        </test-method> <!-- Buyout_Add_After_Contract_Generation_through_Edit_Terms -->
        <test-method is-config="true" signature="Kill()[pri:0, instance:Enterprise_Codeclouds.Project.Enterprise.Case_Appplications@4c178a76]" started-at="2026-01-20T14:02:38 IST" name="Kill" finished-at="2026-01-20T14:02:38 IST" duration-ms="354" status="PASS">
          <reporter-output>
          </reporter-output>
        </test-method> <!-- Kill -->
        <test-method is-config="true" signature="setup()[pri:0, instance:Enterprise_Codeclouds.Project.Enterprise.Case_Appplications@4c178a76]" started-at="2026-01-20T14:02:38 IST" name="setup" finished-at="2026-01-20T14:02:39 IST" duration-ms="898" status="PASS">
          <reporter-output>
          </reporter-output>
        </test-method> <!-- setup -->
        <test-method signature="Buyout_Add_After_Contract_Generation_through_Edit_Terms(java.util.TreeMap,java.util.TreeMap,java.util.TreeMap,java.util.TreeMap,java.util.TreeMap)[pri:0, instance:Enterprise_Codeclouds.Project.Enterprise.Case_Appplications@4c178a76]" started-at="2026-01-20T14:02:39 IST" name="Buyout_Add_After_Contract_Generation_through_Edit_Terms" data-provider="case_plus_plaintiff" finished-at="2026-01-20T14:05:08 IST" duration-ms="148903" status="PASS">
          <params>
            <param index="0">
              <value>
                <![CDATA[{Agreement Date=01/20/2026, Amount Received=3200, Application Status=In Review, Approved Amount=29500, Attorney Name=Attorney Jonas Everhart, Buyout Amount=18200, Buyout Expiry Date=01/20/2030, Buyout Funder Name=Liberty Legal Funding, Case #=311, Case Type=Legal Malpractice, Court Index Number=49D09-2303-LM-000744, Date of Incident=03/12/2023, Document prep fee=320, Fund transfer fee=115, Interest Start Date=01/20/2026, Law Firm Name=Krausov-Bauer Polizeimisconduct, Civil Rights & Bürgerfreiheiten Law Center, Lead Source=Attorney Referral, Notes / Remarks=Cash payment logged for audit; receipt and compliance note attached; verify permissible method per policy., Payer Name=IronGate Litigation Finance Group, Payment Date=01/20/2026, Payment Mode=Cash, Payment Type=Payment by Another Funder, Rate of Return=44, Recommended Max Funding=29500, Requested Amount=69000, Risk Level=Moderate-High, SMS Message Body=Your legal malpractice file is under review while we verify records and causation. – Lumberjack Legal Finance, SMS Message Title=Legal Malpractice Review, State=Indiana, Summary=Alleged missed litigation deadline in underlying injury case; loss-of-chance damages asserted; case-within-a-case evaluation underway., Underwriting Notes=Requires negligence + causation + value of underlying claim. Verify engagement terms, docket history, and malpractice policy limits. Recommend staged funding pending expert review and carrier response., Underwriting Tag=Carrier Response Needed}]]>
              </value>
            </param>
            <param index="1">
              <value>
                <![CDATA[{Address Line 1=238 Archbishop Flores St, Suite 405, Address Line 2=Deliveries 10AM–4PM only, Date of Birth=11/12/1988, Email=leocadia.stonevoss4111@yopmail.com, First Name=Leocadia, Last Name=Stonevoss, Middle Name=Rue, Name Suffix=II, Phone number=6715552481, Social Security Number=901-31-4531, State=Guam, Zip code=96910}]]>
              </value>
            </param>
            <param index="2">
              <value>
                <![CDATA[{Email=attorney.kaelora.ravenquill11@mailto.plus, First Name=Attorney Kaelora, Last Name=Ravenquill, Middle Name=Quintelle, Name Suffix=II, Office phone=9776857311, Phone=9776849311}]]>
              </value>
            </param>
            <param index="3">
              <value>
                <![CDATA[{City=Colorado Springs, Name=FrontRange Trial Mechanics, Phone=7195338702, State=Colorado, Street Address 1=2 N Cascade Ave, Civic Center Office Annex, South Lobby, Street Address 2=Suite 1109, Intake: Desk C, Badge Pickup at Security, Zip code=80903}]]>
              </value>
            </param>
            <param index="4">
              <value>
                <![CDATA[{Staff Email=staff.iveron.hollingmere76@mailto.plus, Staff First Name=Staff Iveron, Staff Last Name=Hollingmere, Staff Middle Name=Quentin, Staff Name Suffix=II, Staff Office phone=4039051287, Staff Phone=4035829176}]]>
              </value>
            </param>
          </params>
          <reporter-output>
          </reporter-output>
        </test-method> <!-- Buyout_Add_After_Contract_Generation_through_Edit_Terms -->
        <test-method is-config="true" signature="Kill()[pri:0, instance:Enterprise_Codeclouds.Project.Enterprise.Case_Appplications@4c178a76]" started-at="2026-01-20T14:05:08 IST" name="Kill" finished-at="2026-01-20T14:05:09 IST" duration-ms="314" status="PASS">
          <reporter-output>
          </reporter-output>
        </test-method> <!-- Kill -->
        <test-method is-config="true" signature="setup()[pri:0, instance:Enterprise_Codeclouds.Project.Enterprise.Case_Appplications@4c178a76]" started-at="2026-01-20T14:05:09 IST" name="setup" finished-at="2026-01-20T14:05:09 IST" duration-ms="889" status="PASS">
          <reporter-output>
          </reporter-output>
        </test-method> <!-- setup -->
        <test-method signature="Buyout_Add_After_Contract_Generation_through_Edit_Terms(java.util.TreeMap,java.util.TreeMap,java.util.TreeMap,java.util.TreeMap,java.util.TreeMap)[pri:0, instance:Enterprise_Codeclouds.Project.Enterprise.Case_Appplications@4c178a76]" started-at="2026-01-20T14:05:09 IST" name="Buyout_Add_After_Contract_Generation_through_Edit_Terms" data-provider="case_plus_plaintiff" finished-at="2026-01-20T14:05:57 IST" duration-ms="47896" status="FAIL">
          <params>
            <param index="0">
              <value>
                <![CDATA[{Agreement Date=01/20/2026, Amount Received=19200, Application Status=Approved, Approved Amount=13200, Attorney Name=Attorney Cora Fenwick, Buyout Amount=7800, Buyout Expiry Date=01/20/2030, Buyout Funder Name=Frontline Capital Group, Case #=312, Case Type=Property Damage, Court Index Number=07CV-2401-PD-000318, Date of Incident=01/23/2024, Document prep fee=255, Fund transfer fee=90, Interest Start Date=01/20/2026, Law Firm Name=Wolframova & Königstein Urban Bicycle, Pedestrian & Verkehrskollision Attorneys, Lead Source=Other, Notes / Remarks=Attorney payment via online link; capture confirmation number; request remittance advice for allocation., Payer Name=Attorney Brynn Halstead, Payment Date=01/20/2026, Payment Mode=Online Payment, Payment Type=Payment by Attorney, Rate of Return=36, Recommended Max Funding=13200, Requested Amount=29500, Risk Level=Moderate, SMS Message Body=Your property damage funding has been approved. We’ll coordinate agreement review with your attorney. – Lumberjack Legal Finance, SMS Message Title=Approved, State=Michigan, Summary=Water intrusion claim following alleged negligent repair; mold remediation and temporary relocation costs; inspection report and vendor invoices submitted., Underwriting Notes=Confirm causation scope: work orders, adjuster notes, mitigation timeline, and any coverage exclusions. Funding contingent on repair bids and documented loss chronology., Underwriting Tag=Mitigation Timeline}]]>
              </value>
            </param>
            <param index="1">
              <value>
                <![CDATA[{Address Line 1=1001 Bishop St, Suite 2100, Address Line 2=Signature required on delivery, Date of Birth=02/16/1993, Email=aurelio.merrivale9017@yopmail.com, First Name=Aurelio, Last Name=Merrivale, Middle Name=Paz, Name Suffix=Jr, Phone number=8085559017, Social Security Number=901-32-4532, State=Hawaii, Zip code=96813}]]>
              </value>
            </param>
            <param index="2">
              <value>
                <![CDATA[{Email=attorney.lysandre.obsidianmere12@mailto.plus, First Name=Attorney Lysandre, Last Name=Obsidianmere, Middle Name=Mirel, Name Suffix=Jr, Office phone=9776857312, Phone=9776849312}]]>
              </value>
            </param>
            <param index="3">
              <value>
                <![CDATA[{City=Austin, Name=Capitol Briefworks, Phone=5129401168, State=Texas, Street Address 1=600 Congress Ave, Downtown Commerce Gallery, Main Entrance, Street Address 2=Suite 2204, Mail Stop TX-22, Deliver to Reception B, Zip code=78701}]]>
              </value>
            </param>
            <param index="4">
              <value>
                <![CDATA[{Staff Email=staff.maelis.falkner89@mailto.plus, Staff First Name=Staff Maelis, Staff Last Name=Falkner, Staff Middle Name=Celeste, Staff Name Suffix=Jr, Staff Office phone=6049035174, Staff Phone=6044170289}]]>
              </value>
            </param>
          </params>
          <exception class="org.openqa.selenium.TimeoutException">
            <message>
              <![CDATA[Expected condition failed: waiting for invisibility of [[ChromeDriver: chrome on windows (b6606752e003cbefa0ac43239eb1301b)] -> xpath: //*[@role='alert']] (tried for 10 second(s) with 500 milliseconds interval)
Build info: version: '4.33.0', revision: '2c6aaad03a'
System info: os.name: 'Windows 11', os.arch: 'amd64', os.version: '10.0', java.version: '21.0.9'
Driver info: org.openqa.selenium.chrome.ChromeDriver
Capabilities {acceptInsecureCerts: false, browserName: chrome, browserVersion: 143.0.7499.193, chrome: {chromedriverVersion: 143.0.7499.192 (be2c1f4fd45..., userDataDir: C:\Users\CODECL~1\AppData\L...}, fedcm:accounts: true, goog:chromeOptions: {debuggerAddress: localhost:64194}, goog:processID: 9092, networkConnectionEnabled: false, pageLoadStrategy: normal, platformName: windows, proxy: Proxy(), se:cdp: ws://localhost:64194/devtoo..., se:cdpVersion: 143.0.7499.193, setWindowRect: true, strictFileInteractability: false, timeouts: {implicit: 0, pageLoad: 300000, script: 30000}, unhandledPromptBehavior: dismiss and notify, webauthn:extension:credBlob: true, webauthn:extension:largeBlob: true, webauthn:extension:minPinLength: true, webauthn:extension:prf: true, webauthn:virtualAuthenticators: true}
Session ID: b6606752e003cbefa0ac43239eb1301b]]>
            </message>
            <full-stacktrace>
              <![CDATA[org.openqa.selenium.TimeoutException: Expected condition failed: waiting for invisibility of [[ChromeDriver: chrome on windows (b6606752e003cbefa0ac43239eb1301b)] -> xpath: //*[@role='alert']] (tried for 10 second(s) with 500 milliseconds interval)
Build info: version: '4.33.0', revision: '2c6aaad03a'
System info: os.name: 'Windows 11', os.arch: 'amd64', os.version: '10.0', java.version: '21.0.9'
Driver info: org.openqa.selenium.chrome.ChromeDriver
Capabilities {acceptInsecureCerts: false, browserName: chrome, browserVersion: 143.0.7499.193, chrome: {chromedriverVersion: 143.0.7499.192 (be2c1f4fd45..., userDataDir: C:\Users\CODECL~1\AppData\L...}, fedcm:accounts: true, goog:chromeOptions: {debuggerAddress: localhost:64194}, goog:processID: 9092, networkConnectionEnabled: false, pageLoadStrategy: normal, platformName: windows, proxy: Proxy(), se:cdp: ws://localhost:64194/devtoo..., se:cdpVersion: 143.0.7499.193, setWindowRect: true, strictFileInteractability: false, timeouts: {implicit: 0, pageLoad: 300000, script: 30000}, unhandledPromptBehavior: dismiss and notify, webauthn:extension:credBlob: true, webauthn:extension:largeBlob: true, webauthn:extension:minPinLength: true, webauthn:extension:prf: true, webauthn:virtualAuthenticators: true}
Session ID: b6606752e003cbefa0ac43239eb1301b
at org.openqa.selenium.support.ui.WebDriverWait.timeoutException(WebDriverWait.java:84)
at org.openqa.selenium.support.ui.FluentWait.until(FluentWait.java:228)
at Repeatative_codes.Repeat.wait_for_invisibility(Repeat.java:108)
at Enterprise_Codeclouds.Project.Enterprise.Case_Appplications.Buyout_Add_After_Contract_Generation_through_Edit_Terms(Case_Appplications.java:854)
at java.base/jdk.internal.reflect.DirectMethodHandleAccessor.invoke(DirectMethodHandleAccessor.java:103)
at java.base/java.lang.reflect.Method.invoke(Method.java:580)
at org.testng.internal.invokers.MethodInvocationHelper.invokeMethod(MethodInvocationHelper.java:141)
at org.testng.internal.invokers.TestInvoker.invokeMethod(TestInvoker.java:687)
at org.testng.internal.invokers.TestInvoker.invokeTestMethod(TestInvoker.java:230)
at org.testng.internal.invokers.MethodRunner.runInSequence(MethodRunner.java:63)
at org.testng.internal.invokers.TestInvoker$MethodInvocationAgent.invoke(TestInvoker.java:995)
at org.testng.internal.invokers.TestInvoker.invokeTestMethods(TestInvoker.java:203)
at org.testng.internal.invokers.TestMethodWorker.invokeTestMethods(TestMethodWorker.java:154)
at org.testng.internal.invokers.TestMethodWorker.run(TestMethodWorker.java:134)
at java.base/java.util.ArrayList.forEach(ArrayList.java:1596)
at org.testng.TestRunner.privateRun(TestRunner.java:741)
at org.testng.TestRunner.run(TestRunner.java:616)
at org.testng.SuiteRunner.runTest(SuiteRunner.java:421)
at org.testng.SuiteRunner.runSequentially(SuiteRunner.java:413)
at org.testng.SuiteRunner.privateRun(SuiteRunner.java:373)
at org.testng.SuiteRunner.run(SuiteRunner.java:312)
at org.testng.SuiteRunnerWorker.runSuite(SuiteRunnerWorker.java:52)
at org.testng.SuiteRunnerWorker.run(SuiteRunnerWorker.java:95)
at org.testng.TestNG.runSuitesSequentially(TestNG.java:1274)
at org.testng.TestNG.runSuitesLocally(TestNG.java:1208)
at org.testng.TestNG.runSuites(TestNG.java:1112)
at org.testng.TestNG.run(TestNG.java:1079)
at org.testng.remote.AbstractRemoteTestNG.run(AbstractRemoteTestNG.java:115)
at org.testng.remote.RemoteTestNG.initAndRun(RemoteTestNG.java:293)
at org.testng.remote.RemoteTestNG.main(RemoteTestNG.java:91)
]]>
            </full-stacktrace>
          </exception> <!-- org.openqa.selenium.TimeoutException -->
          <reporter-output>
          </reporter-output>
        </test-method> <!-- Buyout_Add_After_Contract_Generation_through_Edit_Terms -->
        <test-method is-config="true" signature="Kill()[pri:0, instance:Enterprise_Codeclouds.Project.Enterprise.Case_Appplications@4c178a76]" started-at="2026-01-20T14:05:57 IST" name="Kill" finished-at="2026-01-20T14:05:58 IST" duration-ms="283" status="PASS">
          <reporter-output>
          </reporter-output>
        </test-method> <!-- Kill -->
        <test-method is-config="true" signature="setup()[pri:0, instance:Enterprise_Codeclouds.Project.Enterprise.Case_Appplications@4c178a76]" started-at="2026-01-20T14:05:58 IST" name="setup" finished-at="2026-01-20T14:05:58 IST" duration-ms="860" status="PASS">
          <reporter-output>
          </reporter-output>
        </test-method> <!-- setup -->
        <test-method signature="Buyout_Add_After_Contract_Generation_through_Edit_Terms(java.util.TreeMap,java.util.TreeMap,java.util.TreeMap,java.util.TreeMap,java.util.TreeMap)[pri:0, instance:Enterprise_Codeclouds.Project.Enterprise.Case_Appplications@4c178a76]" started-at="2026-01-20T14:05:58 IST" name="Buyout_Add_After_Contract_Generation_through_Edit_Terms" data-provider="case_plus_plaintiff" finished-at="2026-01-20T14:08:28 IST" duration-ms="149881" status="PASS">
          <params>
            <param index="0">
              <value>
                <![CDATA[{Agreement Date=01/20/2026, Amount Received=28500, Application Status=In Review, Approved Amount=20500, Attorney Name=Attorney Liana Prescott, Buyout Amount=12000, Buyout Expiry Date=01/20/2030, Buyout Funder Name=Harbor Ridge Finance, Case #=313, Case Type=Sexual Harassment, Court Index Number=14L02-2406-SH-001146, Date of Incident=06/12/2024, Document prep fee=270, Fund transfer fee=100, Interest Start Date=01/20/2026, Law Firm Name=Schweitzerova & Voronov Bad Faith Insurance, Claim Denial & Verbraucherrechte Counsel, Lead Source=Organic, Notes / Remarks=Third-party funder buyout cheque received; hold posting until clearance and ledger match., Payer Name=BluePine Settlement Funding Co., Payment Date=01/20/2026, Payment Mode=Cheque, Payment Type=Payment by Another Funder, Rate of Return=40, Recommended Max Funding=20500, Requested Amount=51000, Risk Level=Moderate, SMS Message Body=Your file is under underwriting review. We’ll update you once verification is complete. – Lumberjack Legal Finance, SMS Message Title=HR Claim In Review, State=Illinois, Summary=Workplace harassment with alleged retaliation after HR report; counseling initiated; wage loss and emotional distress claimed; internal messages referenced., Underwriting Notes=Confirm reporting timeline, HR findings, witnesses, and documentation of retaliation. Arbitration clauses and mitigation efforts affect valuation. Stage funding until charge/complaint posture is confirmed., Underwriting Tag=Retaliation Timeline}]]>
              </value>
            </param>
            <param index="1">
              <value>
                <![CDATA[{Address Line 1=950 W Bannock St, Suite 1100, Address Line 2=Ask for Intake Coordinator at reception, Date of Birth=04/25/1991, Email=kairav.velmont7319@yopmail.com, First Name=Kairav, Last Name=Velmont, Middle Name=Omri, Name Suffix=III, Phone number=2085557319, Social Security Number=901-33-4533, State=Idaho, Zip code=83702}]]>
              </value>
            </param>
            <param index="2">
              <value>
                <![CDATA[{Email=attorney.marivelle.hollowcairn13@mailto.plus, First Name=Attorney Marivelle, Last Name=Hollowcairn, Middle Name=Talar, Name Suffix=III, Office phone=9776857313, Phone=9776849313}]]>
              </value>
            </param>
            <param index="3">
              <value>
                <![CDATA[{City=Tampa, Name=SunCoast Liability Atelier, Phone=8137714056, State=Florida, Street Address 1=201 N Franklin St, Riverwalk Business Center, Security Desk, Street Address 2=Suite 1907, Intake: Room 19A, Call-on-arrival, Zip code=33602}]]>
              </value>
            </param>
            <param index="4">
              <value>
                <![CDATA[{Staff Email=staff.leontis.ambervale62@mailto.plus, Staff First Name=Staff Leontis, Staff Last Name=Ambervale, Staff Middle Name=Benoit, Staff Name Suffix=III, Staff Office phone=7809052471, Staff Phone=7805938162}]]>
              </value>
            </param>
          </params>
          <reporter-output>
          </reporter-output>
        </test-method> <!-- Buyout_Add_After_Contract_Generation_through_Edit_Terms -->
        <test-method is-config="true" signature="Kill()[pri:0, instance:Enterprise_Codeclouds.Project.Enterprise.Case_Appplications@4c178a76]" started-at="2026-01-20T14:08:28 IST" name="Kill" finished-at="2026-01-20T14:08:29 IST" duration-ms="329" status="PASS">
          <reporter-output>
          </reporter-output>
        </test-method> <!-- Kill -->
        <test-method is-config="true" signature="setup()[pri:0, instance:Enterprise_Codeclouds.Project.Enterprise.Case_Appplications@4c178a76]" started-at="2026-01-20T14:08:29 IST" name="setup" finished-at="2026-01-20T14:08:30 IST" duration-ms="865" status="PASS">
          <reporter-output>
          </reporter-output>
        </test-method> <!-- setup -->
        <test-method signature="Buyout_Add_After_Contract_Generation_through_Edit_Terms(java.util.TreeMap,java.util.TreeMap,java.util.TreeMap,java.util.TreeMap,java.util.TreeMap)[pri:0, instance:Enterprise_Codeclouds.Project.Enterprise.Case_Appplications@4c178a76]" started-at="2026-01-20T14:08:30 IST" name="Buyout_Add_After_Contract_Generation_through_Edit_Terms" data-provider="case_plus_plaintiff" finished-at="2026-01-20T14:10:43 IST" duration-ms="133108" status="FAIL">
          <params>
            <param index="0">
              <value>
                <![CDATA[{Agreement Date=01/20/2026, Amount Received=4300, Application Status=Approved, Approved Amount=22000, Attorney Name=Attorney Soren Whitlock, Buyout Amount=13200, Buyout Expiry Date=01/20/2030, Buyout Funder Name=Liberty Legal Funding, Case #=314, Case Type=Discrimination, Court Index Number=49D06-2312-DC-001911, Date of Incident=12/19/2023, Document prep fee=265, Fund transfer fee=95, Interest Start Date=01/20/2026, Law Firm Name=Capital City Consumer Protection, Bad Faith Insurance & Claim Denial Law Offices, Lead Source=Attorney Referral, Notes / Remarks=PIP payment by card; verify authorization and prevent duplicates using transaction ID., Payer Name=PIP Recovery Desk - Atlas Motor Coverage, Payment Date=01/20/2026, Payment Mode=Credit Card, Payment Type=Payment by PIP, Rate of Return=38, Recommended Max Funding=22000, Requested Amount=54000, Risk Level=Moderate, SMS Message Body=Your discrimination case funding has been approved. Your attorney will receive the agreement for review. – Lumberjack Legal Finance, SMS Message Title=Approved, State=Indiana, Summary=Discrimination claim alleging uneven discipline and demotion; comparator employees treated differently; administrative charge filed; wage loss asserted., Underwriting Notes=Verify protected trait evidence, comparator records, and performance history. Confirm charge deadlines, arbitration exposure, and mitigation. Staged funding recommended if employer disputes causation., Underwriting Tag=Charge Filed}]]>
              </value>
            </param>
            <param index="1">
              <value>
                <![CDATA[{Address Line 1=233 S Wacker Dr, Suite 7500, Address Line 2=Security scan required, lobby kiosk check-in, Date of Birth=01/06/1994, Email=soraya.brindleham1569@yopmail.com, First Name=Soraya, Last Name=Brindleham, Middle Name=Noor, Name Suffix=Sr, Phone number=3125551569, Social Security Number=901-34-4534, State=Illinois, Zip code=60606}]]>
              </value>
            </param>
            <param index="2">
              <value>
                <![CDATA[{Email=attorney.nyxorin.frostmerrow14@mailto.plus, First Name=Attorney Nyxorin, Last Name=Frostmerrow, Middle Name=Demerin, Name Suffix=Sr, Office phone=9776857314, Phone=9776849314}]]>
              </value>
            </param>
            <param index="3">
              <value>
                <![CDATA[{City=Spokane, Name=InlandBrief Trial Rooms, Phone=5096287341, State=Washington, Street Address 1=601 W 1st Ave, Downtown Office Promenade, West Lobby, Street Address 2=Suite 1403, Intake: Desk 1, Package Scan Required, Zip code=99201}]]>
              </value>
            </param>
            <param index="4">
              <value>
                <![CDATA[{Staff Email=staff.nymera.dunleavy45@mailto.plus, Staff First Name=Staff Nymera, Staff Last Name=Dunleavy, Staff Middle Name=Rafael, Staff Name Suffix=Sr, Staff Office phone=2899047362, Staff Phone=2896071945}]]>
              </value>
            </param>
          </params>
          <exception class="org.openqa.selenium.TimeoutException">
            <message>
              <![CDATA[Expected condition failed: waiting for visibility of Proxy element for: DefaultElementLocator 'By.xpath: //*[@role='alert']' (tried for 10 second(s) with 500 milliseconds interval)]]>
            </message>
            <full-stacktrace>
              <![CDATA[org.openqa.selenium.TimeoutException: Expected condition failed: waiting for visibility of Proxy element for: DefaultElementLocator 'By.xpath: //*[@role='alert']' (tried for 10 second(s) with 500 milliseconds interval)
at org.openqa.selenium.support.ui.WebDriverWait.timeoutException(WebDriverWait.java:84)
at org.openqa.selenium.support.ui.FluentWait.until(FluentWait.java:228)
at Repeatative_codes.Repeat.wait_for_theElement(Repeat.java:41)
at Locaters.Login_Locaters.toast(Login_Locaters.java:57)
at Enterprise_Codeclouds.Project.Enterprise.Case_Appplications.Buyout_Add_After_Contract_Generation_through_Edit_Terms(Case_Appplications.java:1055)
at java.base/jdk.internal.reflect.DirectMethodHandleAccessor.invoke(DirectMethodHandleAccessor.java:103)
at java.base/java.lang.reflect.Method.invoke(Method.java:580)
at org.testng.internal.invokers.MethodInvocationHelper.invokeMethod(MethodInvocationHelper.java:141)
at org.testng.internal.invokers.TestInvoker.invokeMethod(TestInvoker.java:687)
at org.testng.internal.invokers.TestInvoker.invokeTestMethod(TestInvoker.java:230)
at org.testng.internal.invokers.MethodRunner.runInSequence(MethodRunner.java:63)
at org.testng.internal.invokers.TestInvoker$MethodInvocationAgent.invoke(TestInvoker.java:995)
at org.testng.internal.invokers.TestInvoker.invokeTestMethods(TestInvoker.java:203)
at org.testng.internal.invokers.TestMethodWorker.invokeTestMethods(TestMethodWorker.java:154)
at org.testng.internal.invokers.TestMethodWorker.run(TestMethodWorker.java:134)
at java.base/java.util.ArrayList.forEach(ArrayList.java:1596)
at org.testng.TestRunner.privateRun(TestRunner.java:741)
at org.testng.TestRunner.run(TestRunner.java:616)
at org.testng.SuiteRunner.runTest(SuiteRunner.java:421)
at org.testng.SuiteRunner.runSequentially(SuiteRunner.java:413)
at org.testng.SuiteRunner.privateRun(SuiteRunner.java:373)
at org.testng.SuiteRunner.run(SuiteRunner.java:312)
at org.testng.SuiteRunnerWorker.runSuite(SuiteRunnerWorker.java:52)
at org.testng.SuiteRunnerWorker.run(SuiteRunnerWorker.java:95)
at org.testng.TestNG.runSuitesSequentially(TestNG.java:1274)
at org.testng.TestNG.runSuitesLocally(TestNG.java:1208)
at org.testng.TestNG.runSuites(TestNG.java:1112)
at org.testng.TestNG.run(TestNG.java:1079)
at org.testng.remote.AbstractRemoteTestNG.run(AbstractRemoteTestNG.java:115)
at org.testng.remote.RemoteTestNG.initAndRun(RemoteTestNG.java:293)
at org.testng.remote.RemoteTestNG.main(RemoteTestNG.java:91)
Caused by: org.openqa.selenium.NoSuchElementException: no such element: Unable to locate element: {"method":"xpath","selector":"//*[@role='alert']"}
  (Session info: chrome=143.0.7499.193)
For documentation on this error, please visit: https://www.selenium.dev/documentation/webdriver/troubleshooting/errors#no-such-element-exception
Build info: version: '4.33.0', revision: '2c6aaad03a'
System info: os.name: 'Windows 11', os.arch: 'amd64', os.version: '10.0', java.version: '21.0.9'
Driver info: org.openqa.selenium.chrome.ChromeDriver
Command: [b4bd0422e2f5cd7d1070ec65eedd2ba0, findElement {using=xpath, value=//*[@role='alert']}]
Capabilities {acceptInsecureCerts: false, browserName: chrome, browserVersion: 143.0.7499.193, chrome: {chromedriverVersion: 143.0.7499.192 (be2c1f4fd45..., userDataDir: C:\Users\CODECL~1\AppData\L...}, fedcm:accounts: true, goog:chromeOptions: {debuggerAddress: localhost:61016}, goog:processID: 1936, networkConnectionEnabled: false, pageLoadStrategy: normal, platformName: windows, proxy: Proxy(), se:cdp: ws://localhost:61016/devtoo..., se:cdpVersion: 143.0.7499.193, setWindowRect: true, strictFileInteractability: false, timeouts: {implicit: 0, pageLoad: 300000, script: 30000}, unhandledPromptBehavior: dismiss and notify, webauthn:extension:credBlob: true, webauthn:extension:largeBlob: true, webauthn:extension:minPinLength: true, webauthn:extension:prf: true, webauthn:virtualAuthenticators: true}
Session ID: b4bd0422e2f5cd7d1070ec65eedd2ba0
at java.base/jdk.internal.reflect.DirectConstructorHandleAccessor.newInstance(DirectConstructorHandleAccessor.java:62)
at java.base/java.lang.reflect.Constructor.newInstanceWithCaller(Constructor.java:502)
at java.base/java.lang.reflect.Constructor.newInstance(Constructor.java:486)
at org.openqa.selenium.remote.ErrorCodec.decode(ErrorCodec.java:167)
at org.openqa.selenium.remote.codec.w3c.W3CHttpResponseCodec.decode(W3CHttpResponseCodec.java:138)
at org.openqa.selenium.remote.codec.w3c.W3CHttpResponseCodec.decode(W3CHttpResponseCodec.java:50)
at org.openqa.selenium.remote.HttpCommandExecutor.execute(HttpCommandExecutor.java:215)
at org.openqa.selenium.remote.service.DriverCommandExecutor.invokeExecute(DriverCommandExecutor.java:216)
at org.openqa.selenium.remote.service.DriverCommandExecutor.execute(DriverCommandExecutor.java:174)
at org.openqa.selenium.remote.RemoteWebDriver.execute(RemoteWebDriver.java:544)
at org.openqa.selenium.remote.ElementLocation$ElementFinder$2.findElement(ElementLocation.java:165)
at org.openqa.selenium.remote.ElementLocation.findElement(ElementLocation.java:59)
at org.openqa.selenium.remote.RemoteWebDriver.findElement(RemoteWebDriver.java:367)
at org.openqa.selenium.remote.RemoteWebDriver.findElement(RemoteWebDriver.java:361)
at org.openqa.selenium.support.pagefactory.DefaultElementLocator.findElement(DefaultElementLocator.java:68)
at org.openqa.selenium.support.pagefactory.internal.LocatingElementHandler.invoke(LocatingElementHandler.java:38)
at jdk.proxy2/jdk.proxy2.$Proxy17.isDisplayed(Unknown Source)
at org.openqa.selenium.support.ui.ExpectedConditions.elementIfVisible(ExpectedConditions.java:304)
at org.openqa.selenium.support.ui.ExpectedConditions$10.apply(ExpectedConditions.java:290)
at org.openqa.selenium.support.ui.ExpectedConditions$10.apply(ExpectedConditions.java:287)
at org.openqa.selenium.support.ui.FluentWait.until(FluentWait.java:203)
... 29 more
]]>
            </full-stacktrace>
          </exception> <!-- org.openqa.selenium.TimeoutException -->
          <reporter-output>
          </reporter-output>
        </test-method> <!-- Buyout_Add_After_Contract_Generation_through_Edit_Terms -->
        <test-method is-config="true" signature="Kill()[pri:0, instance:Enterprise_Codeclouds.Project.Enterprise.Case_Appplications@4c178a76]" started-at="2026-01-20T14:10:43 IST" name="Kill" finished-at="2026-01-20T14:10:43 IST" duration-ms="294" status="PASS">
          <reporter-output>
          </reporter-output>
        </test-method> <!-- Kill -->
        <test-method is-config="true" signature="setup()[pri:0, instance:Enterprise_Codeclouds.Project.Enterprise.Case_Appplications@4c178a76]" started-at="2026-01-20T14:10:43 IST" name="setup" finished-at="2026-01-20T14:10:44 IST" duration-ms="857" status="PASS">
          <reporter-output>
          </reporter-output>
        </test-method> <!-- setup -->
        <test-method signature="Buyout_Add_After_Contract_Generation_through_Edit_Terms(java.util.TreeMap,java.util.TreeMap,java.util.TreeMap,java.util.TreeMap,java.util.TreeMap)[pri:0, instance:Enterprise_Codeclouds.Project.Enterprise.Case_Appplications@4c178a76]" started-at="2026-01-20T14:10:44 IST" name="Buyout_Add_After_Contract_Generation_through_Edit_Terms" data-provider="case_plus_plaintiff" finished-at="2026-01-20T14:11:03 IST" duration-ms="18804" status="FAIL">
          <params>
            <param index="0">
              <value>
                <![CDATA[{Agreement Date=01/20/2026, Amount Received=6200, Application Status=Approved, Approved Amount=8200, Attorney Name=Attorney Mae Casterbridge, Buyout Amount=4500, Buyout Expiry Date=01/20/2030, Buyout Funder Name=Summit Legal Funding, Case #=315, Case Type=Dog Bite, Court Index Number=07CV-2404-DB-000404, Date of Incident=04/07/2024, Document prep fee=215, Fund transfer fee=70, Interest Start Date=01/20/2026, Law Firm Name=Beckendorf & Neumannova School Negligence, Child Injury & Jugend Safety Trial Lawyers, Lead Source=Medical Provider, Notes / Remarks=Plaintiff bank transfer received; confirm payer matches registered plaintiff; attach bank confirmation., Payer Name=Plaintiff Rowan Westerdale, Payment Date=01/20/2026, Payment Mode=Bank Transfer, Payment Type=Payment by Plaintiff, Rate of Return=33, Recommended Max Funding=8200, Requested Amount=17500, Risk Level=Low-Moderate, SMS Message Body=Your dog bite funding is approved. Please coordinate agreement review with your attorney. – Lumberjack Legal Finance, SMS Message Title=Approved, State=Michigan, Summary=Dog bite to forearm with infection treatment; follow-up care ongoing; photos and urgent care notes provided; functional limits reported., Underwriting Notes=Confirm homeowners/renters coverage, vaccination records, and prior bite history. Photos and medical records support causation. Conservative funding until functional outcome is clearer., Underwriting Tag=Coverage Confirmation}]]>
              </value>
            </param>
            <param index="1">
              <value>
                <![CDATA[{Address Line 1=50 W Washington St, Suite 1400, Address Line 2=Reception Desk B, visitor badge required, Date of Birth=09/02/1989, Email=navin.hearthlane4682@yopmail.com, First Name=Navin, Last Name=Hearthlane, Middle Name=Ryo, Name Suffix=IV, Phone number=3175554682, Social Security Number=901-35-4535, State=Indiana, Zip code=46204}]]>
              </value>
            </param>
            <param index="2">
              <value>
                <![CDATA[{Email=attorney.orphena.cindervaux15@mailto.plus, First Name=Attorney Orphena, Last Name=Cindervaux, Middle Name=Perevin, Name Suffix=IV, Office phone=9776857315, Phone=9776849315}]]>
              </value>
            </param>
            <param index="3">
              <value>
                <![CDATA[{City=San Jose, Name=Silicon Valley Caseworks Bureau, Phone=4086159027, State=California, Street Address 1=1 S Market St, Plaza District Office Tower, Main Lobby, Street Address 2=Suite 2010, Intake: Counter A, Visitor Badge Needed, Zip code=95113}]]>
              </value>
            </param>
            <param index="4">
              <value>
                <![CDATA[{Staff Email=staff.kellanor.ravenhurst71@mailto.plus, Staff First Name=Staff Kellanor, Staff Last Name=Ravenhurst, Staff Middle Name=Yseult, Staff Name Suffix=IV, Staff Office phone=5199078846, Staff Phone=5194832071}]]>
              </value>
            </param>
          </params>
          <exception class="org.openqa.selenium.TimeoutException">
            <message>
              <![CDATA[Expected condition failed: waiting for visibility of Proxy element for: DefaultElementLocator 'By.xpath: //*[@role='menu']' (tried for 10 second(s) with 500 milliseconds interval)]]>
            </message>
            <full-stacktrace>
              <![CDATA[org.openqa.selenium.TimeoutException: Expected condition failed: waiting for visibility of Proxy element for: DefaultElementLocator 'By.xpath: //*[@role='menu']' (tried for 10 second(s) with 500 milliseconds interval)
at org.openqa.selenium.support.ui.WebDriverWait.timeoutException(WebDriverWait.java:84)
at org.openqa.selenium.support.ui.FluentWait.until(FluentWait.java:228)
at Repeatative_codes.Repeat.wait_for_theElement(Repeat.java:41)
at Locaters.Login_Locaters.login_confirmation(Login_Locaters.java:60)
at Enterprise_Codeclouds.Project.Enterprise.Login.login(Login.java:42)
at Enterprise_Codeclouds.Project.Enterprise.Header_Manager.header_buttons_clicker(Header_Manager.java:20)
at Enterprise_Codeclouds.Project.Enterprise.Case_Appplications.Add_New_Case_Form_Accessor(Case_Appplications.java:55)
at Enterprise_Codeclouds.Project.Enterprise.Case_Appplications.Buyout_Add_After_Contract_Generation_through_Edit_Terms(Case_Appplications.java:782)
at java.base/jdk.internal.reflect.DirectMethodHandleAccessor.invoke(DirectMethodHandleAccessor.java:103)
at java.base/java.lang.reflect.Method.invoke(Method.java:580)
[...]
at org.testng.remote.AbstractRemoteTestNG.run(AbstractRemoteTestNG.java:115)
at org.testng.remote.RemoteTestNG.initAndRun(RemoteTestNG.java:293)
at org.testng.remote.RemoteTestNG.main(RemoteTestNG.java:91)
Caused by: org.openqa.selenium.NoSuchElementException: no such element: Unable to locate element: {"method":"xpath","selector":"//*[@role='menu']"}
  (Session info: chrome=143.0.7499.193)
For documentation on this error, please visit: https://www.selenium.dev/documentation/webdriver/troubleshooting/errors#no-such-element-exception
Build info: version: '4.33.0', revision: '2c6aaad03a'
System info: os.name: 'Windows 11', os.arch: 'amd64', os.version: '10.0', java.version: '21.0.9'
Driver info: org.openqa.selenium.chrome.ChromeDriver
Command: [fb45832ef97b0c93c93a0d76c54cf201, findElement {using=xpath, value=//*[@role='menu']}]
Capabilities {acceptInsecureCerts: false, browserName: chrome, browserVersion: 143.0.7499.193, chrome: {chromedriverVersion: 143.0.7499.192 (be2c1f4fd45..., userDataDir: C:\Users\CODECL~1\AppData\L...}, fedcm:accounts: true, goog:chromeOptions: {debuggerAddress: localhost:64644}, goog:processID: 7716, networkConnectionEnabled: false, pageLoadStrategy: normal, platformName: windows, proxy: Proxy(), se:cdp: ws://localhost:64644/devtoo..., se:cdpVersion: 143.0.7499.193, setWindowRect: true, strictFileInteractability: false, timeouts: {implicit: 0, pageLoad: 300000, script: 30000}, unhandledPromptBehavior: dismiss and notify, webauthn:extension:credBlob: true, webauthn:extension:largeBlob: true, webauthn:extension:minPinLength: true, webauthn:extension:prf: true, webauthn:virtualAuthenticators: true}
Session ID: fb45832ef97b0c93c93a0d76c54cf201
at java.base/jdk.internal.reflect.DirectConstructorHandleAccessor.newInstance(DirectConstructorHandleAccessor.java:62)
at java.base/java.lang.reflect.Constructor.newInstanceWithCaller(Constructor.java:502)
at java.base/java.lang.reflect.Constructor.newInstance(Constructor.java:486)
at org.openqa.selenium.remote.ErrorCodec.decode(ErrorCodec.java:167)
at org.openqa.selenium.remote.codec.w3c.W3CHttpResponseCodec.decode(W3CHttpResponseCodec.java:138)
at org.openqa.selenium.remote.codec.w3c.W3CHttpResponseCodec.decode(W3CHttpResponseCodec.java:50)
at org.openqa.selenium.remote.HttpCommandExecutor.execute(HttpCommandExecutor.java:215)
at org.openqa.selenium.remote.service.DriverCommandExecutor.invokeExecute(DriverCommandExecutor.java:216)
at org.openqa.selenium.remote.service.DriverCommandExecutor.execute(DriverCommandExecutor.java:174)
at org.openqa.selenium.remote.RemoteWebDriver.execute(RemoteWebDriver.java:544)
at org.openqa.selenium.remote.ElementLocation$ElementFinder$2.findElement(ElementLocation.java:165)
at org.openqa.selenium.remote.ElementLocation.findElement(ElementLocation.java:59)
at org.openqa.selenium.remote.RemoteWebDriver.findElement(RemoteWebDriver.java:367)
at org.openqa.selenium.remote.RemoteWebDriver.findElement(RemoteWebDriver.java:361)
at org.openqa.selenium.support.pagefactory.DefaultElementLocator.findElement(DefaultElementLocator.java:68)
at org.openqa.selenium.support.pagefactory.internal.LocatingElementHandler.invoke(LocatingElementHandler.java:38)
at jdk.proxy2/jdk.proxy2.$Proxy17.isDisplayed(Unknown Source)
at org.openqa.selenium.support.ui.ExpectedConditions.elementIfVisible(ExpectedConditions.java:304)
at org.openqa.selenium.support.ui.ExpectedConditions$10.apply(ExpectedConditions.java:290)
at org.openqa.selenium.support.ui.ExpectedConditions$10.apply(ExpectedConditions.java:287)
at org.openqa.selenium.support.ui.FluentWait.until(FluentWait.java:203)
... 32 more
]]>
            </full-stacktrace>
          </exception> <!-- org.openqa.selenium.TimeoutException -->
          <reporter-output>
          </reporter-output>
        </test-method> <!-- Buyout_Add_After_Contract_Generation_through_Edit_Terms -->
        <test-method is-config="true" signature="Kill()[pri:0, instance:Enterprise_Codeclouds.Project.Enterprise.Case_Appplications@4c178a76]" started-at="2026-01-20T14:12:02 IST" name="Kill" finished-at="2026-01-20T14:12:02 IST" duration-ms="362" status="PASS">
          <reporter-output>
          </reporter-output>
        </test-method> <!-- Kill -->
        <test-method is-config="true" signature="setup()[pri:0, instance:Enterprise_Codeclouds.Project.Enterprise.Case_Appplications@4c178a76]" started-at="2026-01-20T14:12:02 IST" name="setup" finished-at="2026-01-20T14:12:03 IST" duration-ms="952" status="PASS">
          <reporter-output>
          </reporter-output>
        </test-method> <!-- setup -->
        <test-method signature="Buyout_Add_After_Contract_Generation_through_Edit_Terms(java.util.TreeMap,java.util.TreeMap,java.util.TreeMap,java.util.TreeMap,java.util.TreeMap)[pri:0, instance:Enterprise_Codeclouds.Project.Enterprise.Case_Appplications@4c178a76]" started-at="2026-01-20T14:12:03 IST" name="Buyout_Add_After_Contract_Generation_through_Edit_Terms" data-provider="case_plus_plaintiff" finished-at="2026-01-20T14:12:56 IST" duration-ms="52474" status="FAIL">
          <params>
            <param index="0">
              <value>
                <![CDATA[{Agreement Date=01/20/2026, Amount Received=15200, Application Status=In Review, Approved Amount=17000, Attorney Name=Attorney Evren Hollowbrook, Buyout Amount=10400, Buyout Expiry Date=01/20/2030, Buyout Funder Name=Liberty Legal Funding, Case #=319, Case Type=Assault, Court Index Number=18CV-2407-AS-001308, Date of Incident=07/19/2024, Document prep fee=255, Fund transfer fee=95, Interest Start Date=01/20/2026, Law Firm Name=Krausov-Bauer Polizeimisconduct, Civil Rights & Bürgerfreiheiten Law Center, Lead Source=Organic, Notes / Remarks=Attorney office cheque received; verify cheque number and payee line; post after clearance; request written confirmation from firm admin., Payer Name=Attorney Sable Rennick, Payment Date=01/20/2026, Payment Mode=Cheque, Payment Type=Payment by Attorney, Rate of Return=39, Recommended Max Funding=17000, Requested Amount=39500, Risk Level=Moderate, SMS Message Body=Your assault case is under review while records and coverage details are verified. – Lumberjack Legal Finance, SMS Message Title=Assault Case In Review, State=Ohio, Summary=Assault incident outside venue leading to facial fracture and dental trauma; security footage requested; anxiety counseling initiated., Underwriting Notes=Confirm defendant identity and collectability, police report, and venue incident logs. Medical records and photos strengthen damages. Funding depends on insurance availability and corroborating video., Underwriting Tag=Coverage Discovery}]]>
              </value>
            </param>
            <param index="1">
              <value>
                <![CDATA[{Address Line 1=935 Gravier St, Suite 2112, Address Line 2=Attn: Intake Ops, lobby desk only, Date of Birth=05/07/1994, Email=ronan.lindenrow6403@yopmail.com, First Name=Ronan, Last Name=Lindenrow, Middle Name=Keir, Name Suffix=Sr, Phone number=5045556403, Social Security Number=901-39-4539, State=Louisiana, Zip code=70112}]]>
              </value>
            </param>
            <param index="2">
              <value>
                <![CDATA[{Email=attorney.tressel.quillnore19@mailto.plus, First Name=Attorney Tressel, Last Name=Quillnore, Middle Name=Vionne, Name Suffix=Sr, Office phone=9776857319, Phone=9776849319}]]>
              </value>
            </param>
            <param index="3">
              <value>
                <![CDATA[{City=Mesa, Name=Sonoran Docketwright Office, Phone=4806281975, State=Arizona, Street Address 1=40 N Center St, Downtown Commerce Atrium, East Lobby, Street Address 2=Suite 1210, Intake: Desk 2, Call Reception on Arrival, Zip code=85201}]]>
              </value>
            </param>
            <param index="4">
              <value>
                <![CDATA[{Staff Email=staff.mireven.alderwyn01@mailto.plus, Staff First Name=Staff Mireven, Staff Last Name=Alderwyn, Staff Middle Name=Caspian, Staff Name Suffix=Sr, Staff Office phone=4169074385, Staff Phone=4167392501}]]>
              </value>
            </param>
          </params>
          <exception class="org.openqa.selenium.TimeoutException">
            <message>
              <![CDATA[Expected condition failed: waiting for visibility of Proxy element for: DefaultElementLocator 'By.xpath: (//div[@class='rc-virtual-list'])[1]' (tried for 10 second(s) with 500 milliseconds interval)]]>
            </message>
            <full-stacktrace>
              <![CDATA[org.openqa.selenium.TimeoutException: Expected condition failed: waiting for visibility of Proxy element for: DefaultElementLocator 'By.xpath: (//div[@class='rc-virtual-list'])[1]' (tried for 10 second(s) with 500 milliseconds interval)
at org.openqa.selenium.support.ui.WebDriverWait.timeoutException(WebDriverWait.java:84)
at org.openqa.selenium.support.ui.FluentWait.until(FluentWait.java:228)
at Repeatative_codes.Repeat.wait_for_theElement(Repeat.java:41)
at Locaters.Application_Locaters.plaintiff_dropdown_list(Application_Locaters.java:251)
at Enterprise_Codeclouds.Project.Enterprise.Attorney_module.Atttorney_Add_through_case(Attorney_module.java:113)
at Enterprise_Codeclouds.Project.Enterprise.Case_Appplications.Buyout_Add_After_Contract_Generation_through_Edit_Terms(Case_Appplications.java:858)
at java.base/jdk.internal.reflect.DirectMethodHandleAccessor.invoke(DirectMethodHandleAccessor.java:103)
at java.base/java.lang.reflect.Method.invoke(Method.java:580)
at org.testng.internal.invokers.MethodInvocationHelper.invokeMethod(MethodInvocationHelper.java:141)
at org.testng.internal.invokers.TestInvoker.invokeMethod(TestInvoker.java:687)
at org.testng.internal.invokers.TestInvoker.invokeTestMethod(TestInvoker.java:230)
at org.testng.internal.invokers.MethodRunner.runInSequence(MethodRunner.java:63)
at org.testng.internal.invokers.TestInvoker$MethodInvocationAgent.invoke(TestInvoker.java:995)
at org.testng.internal.invokers.TestInvoker.invokeTestMethods(TestInvoker.java:203)
at org.testng.internal.invokers.TestMethodWorker.invokeTestMethods(TestMethodWorker.java:154)
at org.testng.internal.invokers.TestMethodWorker.run(TestMethodWorker.java:134)
at java.base/java.util.ArrayList.forEach(ArrayList.java:1596)
at org.testng.TestRunner.privateRun(TestRunner.java:741)
at org.testng.TestRunner.run(TestRunner.java:616)
at org.testng.SuiteRunner.runTest(SuiteRunner.java:421)
at org.testng.SuiteRunner.runSequentially(SuiteRunner.java:413)
at org.testng.SuiteRunner.privateRun(SuiteRunner.java:373)
at org.testng.SuiteRunner.run(SuiteRunner.java:312)
at org.testng.SuiteRunnerWorker.runSuite(SuiteRunnerWorker.java:52)
at org.testng.SuiteRunnerWorker.run(SuiteRunnerWorker.java:95)
at org.testng.TestNG.runSuitesSequentially(TestNG.java:1274)
at org.testng.TestNG.runSuitesLocally(TestNG.java:1208)
at org.testng.TestNG.runSuites(TestNG.java:1112)
at org.testng.TestNG.run(TestNG.java:1079)
at org.testng.remote.AbstractRemoteTestNG.run(AbstractRemoteTestNG.java:115)
at org.testng.remote.RemoteTestNG.initAndRun(RemoteTestNG.java:293)
at org.testng.remote.RemoteTestNG.main(RemoteTestNG.java:91)
Caused by: org.openqa.selenium.NoSuchElementException: no such element: Unable to locate element: {"method":"xpath","selector":"(//div[@class='rc-virtual-list'])[1]"}
  (Session info: chrome=143.0.7499.193)
For documentation on this error, please visit: https://www.selenium.dev/documentation/webdriver/troubleshooting/errors#no-such-element-exception
Build info: version: '4.33.0', revision: '2c6aaad03a'
System info: os.name: 'Windows 11', os.arch: 'amd64', os.version: '10.0', java.version: '21.0.9'
Driver info: org.openqa.selenium.chrome.ChromeDriver
Command: [f207777af8ce7a771c5baffc0d810be2, findElement {using=xpath, value=(//div[@class='rc-virtual-list'])[1]}]
Capabilities {acceptInsecureCerts: false, browserName: chrome, browserVersion: 143.0.7499.193, chrome: {chromedriverVersion: 143.0.7499.192 (be2c1f4fd45..., userDataDir: C:\Users\CODECL~1\AppData\L...}, fedcm:accounts: true, goog:chromeOptions: {debuggerAddress: localhost:60602}, goog:processID: 1800, networkConnectionEnabled: false, pageLoadStrategy: normal, platformName: windows, proxy: Proxy(), se:cdp: ws://localhost:60602/devtoo..., se:cdpVersion: 143.0.7499.193, setWindowRect: true, strictFileInteractability: false, timeouts: {implicit: 0, pageLoad: 300000, script: 30000}, unhandledPromptBehavior: dismiss and notify, webauthn:extension:credBlob: true, webauthn:extension:largeBlob: true, webauthn:extension:minPinLength: true, webauthn:extension:prf: true, webauthn:virtualAuthenticators: true}
Session ID: f207777af8ce7a771c5baffc0d810be2
at java.base/jdk.internal.reflect.DirectConstructorHandleAccessor.newInstance(DirectConstructorHandleAccessor.java:62)
at java.base/java.lang.reflect.Constructor.newInstanceWithCaller(Constructor.java:502)
at java.base/java.lang.reflect.Constructor.newInstance(Constructor.java:486)
at org.openqa.selenium.remote.ErrorCodec.decode(ErrorCodec.java:167)
at org.openqa.selenium.remote.codec.w3c.W3CHttpResponseCodec.decode(W3CHttpResponseCodec.java:138)
at org.openqa.selenium.remote.codec.w3c.W3CHttpResponseCodec.decode(W3CHttpResponseCodec.java:50)
at org.openqa.selenium.remote.HttpCommandExecutor.execute(HttpCommandExecutor.java:215)
at org.openqa.selenium.remote.service.DriverCommandExecutor.invokeExecute(DriverCommandExecutor.java:216)
at org.openqa.selenium.remote.service.DriverCommandExecutor.execute(DriverCommandExecutor.java:174)
at org.openqa.selenium.remote.RemoteWebDriver.execute(RemoteWebDriver.java:544)
at org.openqa.selenium.remote.ElementLocation$ElementFinder$2.findElement(ElementLocation.java:165)
at org.openqa.selenium.remote.ElementLocation.findElement(ElementLocation.java:59)
at org.openqa.selenium.remote.RemoteWebDriver.findElement(RemoteWebDriver.java:367)
at org.openqa.selenium.remote.RemoteWebDriver.findElement(RemoteWebDriver.java:361)
at org.openqa.selenium.support.pagefactory.DefaultElementLocator.findElement(DefaultElementLocator.java:68)
at org.openqa.selenium.support.pagefactory.internal.LocatingElementHandler.invoke(LocatingElementHandler.java:38)
at jdk.proxy2/jdk.proxy2.$Proxy17.isDisplayed(Unknown Source)
at org.openqa.selenium.support.ui.ExpectedConditions.elementIfVisible(ExpectedConditions.java:304)
at org.openqa.selenium.support.ui.ExpectedConditions$10.apply(ExpectedConditions.java:290)
at org.openqa.selenium.support.ui.ExpectedConditions$10.apply(ExpectedConditions.java:287)
at org.openqa.selenium.support.ui.FluentWait.until(FluentWait.java:203)
... 30 more
]]>
            </full-stacktrace>
          </exception> <!-- org.openqa.selenium.TimeoutException -->
          <reporter-output>
          </reporter-output>
        </test-method> <!-- Buyout_Add_After_Contract_Generation_through_Edit_Terms -->
        <test-method is-config="true" signature="Kill()[pri:0, instance:Enterprise_Codeclouds.Project.Enterprise.Case_Appplications@4c178a76]" started-at="2026-01-20T14:12:56 IST" name="Kill" finished-at="2026-01-20T14:12:56 IST" duration-ms="316" status="PASS">
          <reporter-output>
          </reporter-output>
        </test-method> <!-- Kill -->
        <test-method is-config="true" signature="setup()[pri:0, instance:Enterprise_Codeclouds.Project.Enterprise.Case_Appplications@4c178a76]" started-at="2026-01-20T14:12:56 IST" name="setup" finished-at="2026-01-20T14:12:57 IST" duration-ms="932" status="PASS">
          <reporter-output>
          </reporter-output>
        </test-method> <!-- setup -->
        <test-method signature="Buyout_Add_After_Contract_Generation_through_Edit_Terms(java.util.TreeMap,java.util.TreeMap,java.util.TreeMap,java.util.TreeMap,java.util.TreeMap)[pri:0, instance:Enterprise_Codeclouds.Project.Enterprise.Case_Appplications@4c178a76]" started-at="2026-01-20T14:12:57 IST" name="Buyout_Add_After_Contract_Generation_through_Edit_Terms" data-provider="case_plus_plaintiff" finished-at="2026-01-20T14:15:31 IST" duration-ms="153851" status="PASS">
          <params>
            <param index="0">
              <value>
                <![CDATA[{Agreement Date=01/20/2026, Amount Received=17400, Application Status=Approved, Approved Amount=33500, Attorney Name=Attorney Mira Stonebridge, Buyout Amount=21200, Buyout Expiry Date=01/20/2030, Buyout Funder Name=Pioneer Plaintiff Finance, Case #=320, Case Type=Attorney Funding, Court Index Number=49D04-2308-AF-002144, Date of Incident=08/08/2023, Document prep fee=310, Fund transfer fee=115, Interest Start Date=01/20/2026, Law Firm Name=Dietrich & Kuznetsov-Schmidt Serious Spine, Brain & Orthopedic Injury Advocates, Lead Source=Attorney Referral, Notes / Remarks=Online portal payment from another funder for buyout; cross-check reference ID and settlement ledger; attach payment receipt PDF., Payer Name=Summit Equity Legal Funding Partners, Payment Date=01/20/2026, Payment Mode=Online Payment, Payment Type=Payment by Another Funder, Rate of Return=43, Recommended Max Funding=33500, Requested Amount=78000, Risk Level=Moderate, SMS Message Body=Your attorney funding request is approved. We’ll coordinate the agreement and disbursement workflow with your office. – Lumberjack Legal Finance, SMS Message Title=Approved – Attorney Funding, State=Indiana, Summary=Attorney funding request tied to litigation expenses in a complex injury case; advance sought for experts, discovery costs, and deposition scheduling., Underwriting Notes=Assess case posture, litigation budget, and timeline to recovery. Confirm contingency agreement, lien priorities, and disbursement controls. Stage funding based on milestones and cost documentation., Underwriting Tag=Milestone-Based Disbursement}]]>
              </value>
            </param>
            <param index="1">
              <value>
                <![CDATA[{Address Line 1=1 Monument Square, Suite 600, Address Line 2=Call on arrival, do not leave with security, Date of Birth=10/09/1988, Email=nayeli.rookhaven2086@yopmail.com, First Name=Nayeli, Last Name=Rookhaven, Middle Name=Reina, Name Suffix=IV, Phone number=2075552086, Social Security Number=901-40-4540, State=Maine, Zip code=04101}]]>
              </value>
            </param>
            <param index="2">
              <value>
                <![CDATA[{Email=attorney.wulvric.briarnoct20@mailto.plus, First Name=Attorney Wulvric, Last Name=Briarnoct, Middle Name=Ysolde, Name Suffix=IV, Office phone=9776857320, Phone=9776849320}]]>
              </value>
            </param>
            <param index="3">
              <value>
                <![CDATA[{City=Santa Fe, Name=SangreBrief Civil Practice Atelier, Phone=5056447813, State=New Mexico, Street Address 1=201 W Marcy St, Capitol District Office Block, Main Desk, Street Address 2=Suite 708, Mail Stop NM-07, Deliveries Weekdays Only, Zip code=87501}]]>
              </value>
            </param>
            <param index="4">
              <value>
                <![CDATA[{Staff Email=staff.coralie.ashbourne17@mailto.plus, Staff First Name=Staff Coralie, Staff Last Name=Ashbourne, Staff Middle Name=Marcellin, Staff Name Suffix=IV, Staff Office phone=5149057249, Staff Phone=5146039817}]]>
              </value>
            </param>
          </params>
          <reporter-output>
          </reporter-output>
        </test-method> <!-- Buyout_Add_After_Contract_Generation_through_Edit_Terms -->
        <test-method is-config="true" signature="Kill()[pri:0, instance:Enterprise_Codeclouds.Project.Enterprise.Case_Appplications@4c178a76]" started-at="2026-01-20T14:15:31 IST" name="Kill" finished-at="2026-01-20T14:15:31 IST" duration-ms="358" status="PASS">
          <reporter-output>
          </reporter-output>
        </test-method> <!-- Kill -->
      </class> <!-- Enterprise_Codeclouds.Project.Enterprise.Case_Appplications -->
    </test> <!-- Default test -->
  </suite> <!-- Default suite -->
</testng-results>
