<?xml version="1.0" encoding="UTF-8"?>
<testng-results ignored="3" total="24" passed="20" failed="1" skipped="0">
  <reporter-output>
  </reporter-output>
  <suite started-at="2025-12-24T14:23:47 IST" name="Suite" finished-at="2025-12-24T14:29:39 IST" duration-ms="351772">
    <groups>
    </groups>
    <test started-at="2025-12-24T14:23:47 IST" name="Test" finished-at="2025-12-24T14:29:39 IST" duration-ms="351772">
      <class name="Enterprise_Codeclouds.Project.Enterprise.Plaintiff_Module">
        <test-method is-config="true" signature="setup()[pri:0, instance:Enterprise_Codeclouds.Project.Enterprise.Plaintiff_Module@752325ad]" started-at="2025-12-24T14:23:47 IST" name="setup" finished-at="2025-12-24T14:23:50 IST" duration-ms="3287" status="PASS">
          <reporter-output>
          </reporter-output>
        </test-method> <!-- setup -->
        <test-method signature="Plaintiff_Add(java.util.TreeMap)[pri:0, instance:Enterprise_Codeclouds.Project.Enterprise.Plaintiff_Module@752325ad]" started-at="2025-12-24T14:23:50 IST" name="Plaintiff_Add" data-provider="plaintiffData" finished-at="2025-12-24T14:24:03 IST" duration-ms="12920" status="PASS">
          <params>
            <param index="0">
              <value>
                <![CDATA[{Address Line 1=10 S Dearborn St, Address Line 2=Suite 1204, Date of Birth=03/18/1992, Email=caius.hirschfeldt@mailto.plus, First Name=Caius, Last Name=Hirschfeldt, Middle Name=Marcellus, Name Suffix=II, Phone number=312-555-3101, Social Security Number=910-11-0101, State=Illinois, Zip code=60602}]]>
              </value>
            </param>
          </params>
          <reporter-output>
          </reporter-output>
        </test-method> <!-- Plaintiff_Add -->
        <test-method is-config="true" signature="Kill()[pri:0, instance:Enterprise_Codeclouds.Project.Enterprise.Plaintiff_Module@752325ad]" started-at="2025-12-24T14:24:03 IST" name="Kill" finished-at="2025-12-24T14:24:03 IST" duration-ms="347" status="PASS">
          <reporter-output>
          </reporter-output>
        </test-method> <!-- Kill -->
        <test-method is-config="true" signature="setup()[pri:0, instance:Enterprise_Codeclouds.Project.Enterprise.Plaintiff_Module@752325ad]" started-at="2025-12-24T14:24:03 IST" name="setup" finished-at="2025-12-24T14:24:04 IST" duration-ms="927" status="PASS">
          <reporter-output>
          </reporter-output>
        </test-method> <!-- setup -->
        <test-method signature="Plaintiff_Add(java.util.TreeMap)[pri:0, instance:Enterprise_Codeclouds.Project.Enterprise.Plaintiff_Module@752325ad]" started-at="2025-12-24T14:24:04 IST" name="Plaintiff_Add" data-provider="plaintiffData" finished-at="2025-12-24T14:24:16 IST" duration-ms="12076" status="PASS">
          <params>
            <param index="0">
              <value>
                <![CDATA[{Address Line 1=201 S Illinois St, Address Line 2=Apt 7G, Date of Birth=11/27/1989, Email=emilian.kronauer@mailto.plus, First Name=Emilian, Last Name=Kronauer, Middle Name=Leopold, Name Suffix=Jr, Phone number=317-555-3102, Social Security Number=910-12-0102, State=Indiana, Zip code=46225}]]>
              </value>
            </param>
          </params>
          <reporter-output>
          </reporter-output>
        </test-method> <!-- Plaintiff_Add -->
        <test-method is-config="true" signature="Kill()[pri:0, instance:Enterprise_Codeclouds.Project.Enterprise.Plaintiff_Module@752325ad]" started-at="2025-12-24T14:24:16 IST" name="Kill" finished-at="2025-12-24T14:24:17 IST" duration-ms="296" status="PASS">
          <reporter-output>
          </reporter-output>
        </test-method> <!-- Kill -->
        <test-method is-config="true" signature="setup()[pri:0, instance:Enterprise_Codeclouds.Project.Enterprise.Plaintiff_Module@752325ad]" started-at="2025-12-24T14:24:17 IST" name="setup" finished-at="2025-12-24T14:24:18 IST" duration-ms="1024" status="PASS">
          <reporter-output>
          </reporter-output>
        </test-method> <!-- setup -->
        <test-method signature="Plaintiff_Add(java.util.TreeMap)[pri:0, instance:Enterprise_Codeclouds.Project.Enterprise.Plaintiff_Module@752325ad]" started-at="2025-12-24T14:24:18 IST" name="Plaintiff_Add" data-provider="plaintiffData" finished-at="2025-12-24T14:24:30 IST" duration-ms="12084" status="PASS">
          <params>
            <param index="0">
              <value>
                <![CDATA[{Address Line 1=100 SE 2nd St, Address Line 2=Unit 19B, Date of Birth=08/02/1995, Email=florian.steinbrueck@mailto.plus, First Name=Florian, Last Name=Steinbrueck, Middle Name=Niklas, Name Suffix=III, Phone number=305-555-3103, Social Security Number=910-13-0103, State=Florida, Zip code=33131}]]>
              </value>
            </param>
          </params>
          <reporter-output>
          </reporter-output>
        </test-method> <!-- Plaintiff_Add -->
        <test-method is-config="true" signature="Kill()[pri:0, instance:Enterprise_Codeclouds.Project.Enterprise.Plaintiff_Module@752325ad]" started-at="2025-12-24T14:24:30 IST" name="Kill" finished-at="2025-12-24T14:24:30 IST" duration-ms="312" status="PASS">
          <reporter-output>
          </reporter-output>
        </test-method> <!-- Kill -->
        <test-method is-config="true" signature="setup()[pri:0, instance:Enterprise_Codeclouds.Project.Enterprise.Plaintiff_Module@752325ad]" started-at="2025-12-24T14:24:30 IST" name="setup" finished-at="2025-12-24T14:24:31 IST" duration-ms="880" status="PASS">
          <reporter-output>
          </reporter-output>
        </test-method> <!-- setup -->
        <test-method signature="Plaintiff_Add(java.util.TreeMap)[pri:0, instance:Enterprise_Codeclouds.Project.Enterprise.Plaintiff_Module@752325ad]" started-at="2025-12-24T14:24:31 IST" name="Plaintiff_Add" data-provider="plaintiffData" finished-at="2025-12-24T14:24:43 IST" duration-ms="11592" status="PASS">
          <params>
            <param index="0">
              <value>
                <![CDATA[{Address Line 1=400 Kapahulu Ave, Address Line 2=Apt 5C, Date of Birth=04/29/1991, Email=benedict.oberhauser@mailto.plus, First Name=Benedict, Last Name=Oberhauser, Middle Name=Elias, Name Suffix=Sr, Phone number=808-555-3104, Social Security Number=910-14-0104, State=Hawaii, Zip code=96815}]]>
              </value>
            </param>
          </params>
          <reporter-output>
          </reporter-output>
        </test-method> <!-- Plaintiff_Add -->
        <test-method is-config="true" signature="Kill()[pri:0, instance:Enterprise_Codeclouds.Project.Enterprise.Plaintiff_Module@752325ad]" started-at="2025-12-24T14:24:43 IST" name="Kill" finished-at="2025-12-24T14:24:43 IST" duration-ms="286" status="PASS">
          <reporter-output>
          </reporter-output>
        </test-method> <!-- Kill -->
        <test-method is-config="true" signature="setup()[pri:0, instance:Enterprise_Codeclouds.Project.Enterprise.Plaintiff_Module@752325ad]" started-at="2025-12-24T14:24:43 IST" name="setup" finished-at="2025-12-24T14:24:44 IST" duration-ms="904" status="PASS">
          <reporter-output>
          </reporter-output>
        </test-method> <!-- setup -->
        <test-method signature="Plaintiff_Add(java.util.TreeMap)[pri:0, instance:Enterprise_Codeclouds.Project.Enterprise.Plaintiff_Module@752325ad]" started-at="2025-12-24T14:24:44 IST" name="Plaintiff_Add" data-provider="plaintiffData" finished-at="2025-12-24T14:24:56 IST" duration-ms="12121" status="PASS">
          <params>
            <param index="0">
              <value>
                <![CDATA[{Address Line 1=801 Walnut St, Address Line 2=Apt 14A, Date of Birth=09/09/1990, Email=leander.waldheim@mailto.plus, First Name=Leander, Last Name=Waldheim, Middle Name=Konrad, Name Suffix=II, Phone number=515-555-3105, Social Security Number=910-15-0105, State=Iowa, Zip code=50309}]]>
              </value>
            </param>
          </params>
          <reporter-output>
          </reporter-output>
        </test-method> <!-- Plaintiff_Add -->
        <test-method is-config="true" signature="Kill()[pri:0, instance:Enterprise_Codeclouds.Project.Enterprise.Plaintiff_Module@752325ad]" started-at="2025-12-24T14:24:56 IST" name="Kill" finished-at="2025-12-24T14:24:56 IST" duration-ms="326" status="PASS">
          <reporter-output>
          </reporter-output>
        </test-method> <!-- Kill -->
        <test-method is-config="true" signature="setup()[pri:0, instance:Enterprise_Codeclouds.Project.Enterprise.Plaintiff_Module@752325ad]" started-at="2025-12-24T14:24:56 IST" name="setup" finished-at="2025-12-24T14:24:57 IST" duration-ms="873" status="PASS">
          <reporter-output>
          </reporter-output>
        </test-method> <!-- setup -->
        <test-method signature="Plaintiff_Add(java.util.TreeMap)[pri:0, instance:Enterprise_Codeclouds.Project.Enterprise.Plaintiff_Module@752325ad]" started-at="2025-12-24T14:24:57 IST" name="Plaintiff_Add" data-provider="plaintiffData" finished-at="2025-12-24T14:25:09 IST" duration-ms="12003" status="PASS">
          <params>
            <param index="0">
              <value>
                <![CDATA[{Address Line 1=111 SW 10th Ave, Address Line 2=Unit 3D, Date of Birth=02/01/1994, Email=dorian.bergmann@mailto.plus, First Name=Dorian, Last Name=Bergmann, Middle Name=Friedrich, Name Suffix=Jr, Phone number=785-555-3106, Social Security Number=910-16-0106, State=Kansas, Zip code=66603}]]>
              </value>
            </param>
          </params>
          <reporter-output>
          </reporter-output>
        </test-method> <!-- Plaintiff_Add -->
        <test-method is-config="true" signature="Kill()[pri:0, instance:Enterprise_Codeclouds.Project.Enterprise.Plaintiff_Module@752325ad]" started-at="2025-12-24T14:25:09 IST" name="Kill" finished-at="2025-12-24T14:25:09 IST" duration-ms="313" status="PASS">
          <reporter-output>
          </reporter-output>
        </test-method> <!-- Kill -->
        <test-method is-config="true" signature="setup()[pri:0, instance:Enterprise_Codeclouds.Project.Enterprise.Plaintiff_Module@752325ad]" started-at="2025-12-24T14:25:09 IST" name="setup" finished-at="2025-12-24T14:25:10 IST" duration-ms="876" status="PASS">
          <reporter-output>
          </reporter-output>
        </test-method> <!-- setup -->
        <test-method signature="Plaintiff_Add(java.util.TreeMap)[pri:0, instance:Enterprise_Codeclouds.Project.Enterprise.Plaintiff_Module@752325ad]" started-at="2025-12-24T14:25:10 IST" name="Plaintiff_Add" data-provider="plaintiffData" finished-at="2025-12-24T14:25:22 IST" duration-ms="11775" status="PASS">
          <params>
            <param index="0">
              <value>
                <![CDATA[{Address Line 1=88 Chalan San Antonio, Address Line 2=PO Box 117, Date of Birth=06/21/1993, Email=casimir.schwaner@mailto.plus, First Name=Casimir, Last Name=Schwaner, Middle Name=Matthias, Name Suffix=III, Phone number=671-555-3107, Social Security Number=910-17-0107, State=Guam, Zip code=96913}]]>
              </value>
            </param>
          </params>
          <reporter-output>
          </reporter-output>
        </test-method> <!-- Plaintiff_Add -->
        <test-method is-config="true" signature="Kill()[pri:0, instance:Enterprise_Codeclouds.Project.Enterprise.Plaintiff_Module@752325ad]" started-at="2025-12-24T14:25:22 IST" name="Kill" finished-at="2025-12-24T14:25:22 IST" duration-ms="297" status="PASS">
          <reporter-output>
          </reporter-output>
        </test-method> <!-- Kill -->
        <test-method is-config="true" signature="setup()[pri:0, instance:Enterprise_Codeclouds.Project.Enterprise.Plaintiff_Module@752325ad]" started-at="2025-12-24T14:25:22 IST" name="setup" finished-at="2025-12-24T14:25:23 IST" duration-ms="883" status="PASS">
          <reporter-output>
          </reporter-output>
        </test-method> <!-- setup -->
        <test-method signature="Plaintiff_Add(java.util.TreeMap)[pri:0, instance:Enterprise_Codeclouds.Project.Enterprise.Plaintiff_Module@752325ad]" started-at="2025-12-24T14:25:23 IST" name="Plaintiff_Add" data-provider="plaintiffData" finished-at="2025-12-24T14:25:38 IST" duration-ms="15118" status="FAIL">
          <params>
            <param index="0">
              <value>
                <![CDATA[{Address Line 1=300 N 6th St, Address Line 2=Apt 11F, Date of Birth=12/12/1996, Email=magnus.sonnenberg@mailto.plus, First Name=Magnus, Last Name=Sonnenberg, Middle Name=Alois, Name Suffix=II, Phone number=208-555-3108, Social Security Number=910-18-0108, State=Idaho, Zip code=83702}]]>
              </value>
            </param>
          </params>
          <exception class="org.openqa.selenium.TimeoutException">
            <message>
              <![CDATA[Expected condition failed: waiting for visibility of Proxy element for: DefaultElementLocator 'By.xpath: //*[@role='menu']' (tried for 10 second(s) with 500 milliseconds interval)]]>
            </message>
            <full-stacktrace>
              <![CDATA[org.openqa.selenium.TimeoutException: Expected condition failed: waiting for visibility of Proxy element for: DefaultElementLocator 'By.xpath: //*[@role='menu']' (tried for 10 second(s) with 500 milliseconds interval)
at org.openqa.selenium.support.ui.WebDriverWait.timeoutException(WebDriverWait.java:84)
at org.openqa.selenium.support.ui.FluentWait.until(FluentWait.java:228)
at Repeatative_codes.Repeat.wait_for_theElement(Repeat.java:41)
at Locaters.Login_Locaters.login_confirmation(Login_Locaters.java:60)
at Enterprise_Codeclouds.Project.Enterprise.Login.login(Login.java:38)
at Enterprise_Codeclouds.Project.Enterprise.SIde_Menu_Handler.Side_menu_option_clicker(SIde_Menu_Handler.java:18)
at Enterprise_Codeclouds.Project.Enterprise.Plaintiff_Module.Plaintiff_Add(Plaintiff_Module.java:37)
at java.base/jdk.internal.reflect.DirectMethodHandleAccessor.invoke(DirectMethodHandleAccessor.java:103)
at java.base/java.lang.reflect.Method.invoke(Method.java:580)
at org.testng.internal.invokers.MethodInvocationHelper.invokeMethod(MethodInvocationHelper.java:141)
at org.testng.internal.invokers.TestInvoker.invokeMethod(TestInvoker.java:687)
at org.testng.internal.invokers.TestInvoker.invokeTestMethod(TestInvoker.java:230)
at org.testng.internal.invokers.MethodRunner.runInSequence(MethodRunner.java:63)
at org.testng.internal.invokers.TestInvoker$MethodInvocationAgent.invoke(TestInvoker.java:995)
at org.testng.internal.invokers.TestInvoker.invokeTestMethods(TestInvoker.java:203)
at org.testng.internal.invokers.TestMethodWorker.invokeTestMethods(TestMethodWorker.java:154)
at org.testng.internal.invokers.TestMethodWorker.run(TestMethodWorker.java:134)
at java.base/java.util.ArrayList.forEach(ArrayList.java:1596)
at org.testng.TestRunner.privateRun(TestRunner.java:741)
at org.testng.TestRunner.run(TestRunner.java:616)
at org.testng.SuiteRunner.runTest(SuiteRunner.java:421)
at org.testng.SuiteRunner.runSequentially(SuiteRunner.java:413)
at org.testng.SuiteRunner.privateRun(SuiteRunner.java:373)
at org.testng.SuiteRunner.run(SuiteRunner.java:312)
at org.testng.SuiteRunnerWorker.runSuite(SuiteRunnerWorker.java:52)
at org.testng.SuiteRunnerWorker.run(SuiteRunnerWorker.java:95)
at org.testng.TestNG.runSuitesSequentially(TestNG.java:1274)
at org.testng.TestNG.runSuitesLocally(TestNG.java:1208)
at org.testng.TestNG.runSuites(TestNG.java:1112)
at org.testng.TestNG.run(TestNG.java:1079)
at org.testng.remote.AbstractRemoteTestNG.run(AbstractRemoteTestNG.java:115)
at org.testng.remote.RemoteTestNG.initAndRun(RemoteTestNG.java:293)
at org.testng.remote.RemoteTestNG.main(RemoteTestNG.java:91)
Caused by: org.openqa.selenium.NoSuchElementException: no such element: Unable to locate element: {"method":"xpath","selector":"//*[@role='menu']"}
  (Session info: chrome=143.0.7499.170)
For documentation on this error, please visit: https://www.selenium.dev/documentation/webdriver/troubleshooting/errors#no-such-element-exception
Build info: version: '4.33.0', revision: '2c6aaad03a'
System info: os.name: 'Windows 11', os.arch: 'amd64', os.version: '10.0', java.version: '21.0.9'
Driver info: org.openqa.selenium.chrome.ChromeDriver
Command: [ed5b7342d590d4c5f34dbca975dce33a, findElement {using=xpath, value=//*[@role='menu']}]
Capabilities {acceptInsecureCerts: false, browserName: chrome, browserVersion: 143.0.7499.170, chrome: {chromedriverVersion: 143.0.7499.169 (164b20aab62..., userDataDir: C:\Users\CODECL~1\AppData\L...}, fedcm:accounts: true, goog:chromeOptions: {debuggerAddress: localhost:50424}, goog:processID: 4704, networkConnectionEnabled: false, pageLoadStrategy: normal, platformName: windows, proxy: Proxy(), se:cdp: ws://localhost:50424/devtoo..., se:cdpVersion: 143.0.7499.170, setWindowRect: true, strictFileInteractability: false, timeouts: {implicit: 0, pageLoad: 300000, script: 30000}, unhandledPromptBehavior: dismiss and notify, webauthn:extension:credBlob: true, webauthn:extension:largeBlob: true, webauthn:extension:minPinLength: true, webauthn:extension:prf: true, webauthn:virtualAuthenticators: true}
Session ID: ed5b7342d590d4c5f34dbca975dce33a
at java.base/jdk.internal.reflect.DirectConstructorHandleAccessor.newInstance(DirectConstructorHandleAccessor.java:62)
at java.base/java.lang.reflect.Constructor.newInstanceWithCaller(Constructor.java:502)
at java.base/java.lang.reflect.Constructor.newInstance(Constructor.java:486)
at org.openqa.selenium.remote.ErrorCodec.decode(ErrorCodec.java:167)
at org.openqa.selenium.remote.codec.w3c.W3CHttpResponseCodec.decode(W3CHttpResponseCodec.java:138)
at org.openqa.selenium.remote.codec.w3c.W3CHttpResponseCodec.decode(W3CHttpResponseCodec.java:50)
at org.openqa.selenium.remote.HttpCommandExecutor.execute(HttpCommandExecutor.java:215)
at org.openqa.selenium.remote.service.DriverCommandExecutor.invokeExecute(DriverCommandExecutor.java:216)
at org.openqa.selenium.remote.service.DriverCommandExecutor.execute(DriverCommandExecutor.java:174)
at org.openqa.selenium.remote.RemoteWebDriver.execute(RemoteWebDriver.java:544)
at org.openqa.selenium.remote.ElementLocation$ElementFinder$2.findElement(ElementLocation.java:165)
at org.openqa.selenium.remote.ElementLocation.findElement(ElementLocation.java:59)
at org.openqa.selenium.remote.RemoteWebDriver.findElement(RemoteWebDriver.java:367)
at org.openqa.selenium.remote.RemoteWebDriver.findElement(RemoteWebDriver.java:361)
at org.openqa.selenium.support.pagefactory.DefaultElementLocator.findElement(DefaultElementLocator.java:68)
at org.openqa.selenium.support.pagefactory.internal.LocatingElementHandler.invoke(LocatingElementHandler.java:38)
at jdk.proxy2/jdk.proxy2.$Proxy17.isDisplayed(Unknown Source)
at org.openqa.selenium.support.ui.ExpectedConditions.elementIfVisible(ExpectedConditions.java:304)
at org.openqa.selenium.support.ui.ExpectedConditions$10.apply(ExpectedConditions.java:290)
at org.openqa.selenium.support.ui.ExpectedConditions$10.apply(ExpectedConditions.java:287)
at org.openqa.selenium.support.ui.FluentWait.until(FluentWait.java:203)
... 31 more
]]>
            </full-stacktrace>
          </exception> <!-- org.openqa.selenium.TimeoutException -->
          <reporter-output>
          </reporter-output>
        </test-method> <!-- Plaintiff_Add -->
        <test-method is-config="true" signature="Kill()[pri:0, instance:Enterprise_Codeclouds.Project.Enterprise.Plaintiff_Module@752325ad]" started-at="2025-12-24T14:25:38 IST" name="Kill" finished-at="2025-12-24T14:25:39 IST" duration-ms="298" status="PASS">
          <reporter-output>
          </reporter-output>
        </test-method> <!-- Kill -->
        <test-method is-config="true" signature="setup()[pri:0, instance:Enterprise_Codeclouds.Project.Enterprise.Plaintiff_Module@752325ad]" started-at="2025-12-24T14:25:39 IST" name="setup" finished-at="2025-12-24T14:25:40 IST" duration-ms="872" status="PASS">
          <reporter-output>
          </reporter-output>
        </test-method> <!-- setup -->
        <test-method signature="Plaintiff_Add(java.util.TreeMap)[pri:0, instance:Enterprise_Codeclouds.Project.Enterprise.Plaintiff_Module@752325ad]" started-at="2025-12-24T14:25:40 IST" name="Plaintiff_Add" data-provider="plaintiffData" finished-at="2025-12-24T14:25:52 IST" duration-ms="12236" status="PASS">
          <params>
            <param index="0">
              <value>
                <![CDATA[{Address Line 1=75 State St, Address Line 2=Suite 900, Date of Birth=03/22/1991, Email=rowan.heidenfeld@mailto.plus, First Name=Rowan, Last Name=Heidenfeld, Middle Name=Werner, Name Suffix=Sr, Phone number=617-555-3109, Social Security Number=910-19-0109, State=Massachusetts, Zip code=02110}]]>
              </value>
            </param>
          </params>
          <reporter-output>
          </reporter-output>
        </test-method> <!-- Plaintiff_Add -->
        <test-method is-config="true" signature="Kill()[pri:0, instance:Enterprise_Codeclouds.Project.Enterprise.Plaintiff_Module@752325ad]" started-at="2025-12-24T14:25:52 IST" name="Kill" finished-at="2025-12-24T14:25:52 IST" duration-ms="268" status="PASS">
          <reporter-output>
          </reporter-output>
        </test-method> <!-- Kill -->
        <test-method is-config="true" signature="setup()[pri:0, instance:Enterprise_Codeclouds.Project.Enterprise.Plaintiff_Module@752325ad]" started-at="2025-12-24T14:25:52 IST" name="setup" finished-at="2025-12-24T14:25:53 IST" duration-ms="867" status="PASS">
          <reporter-output>
          </reporter-output>
        </test-method> <!-- setup -->
        <test-method signature="Plaintiff_Add(java.util.TreeMap)[pri:0, instance:Enterprise_Codeclouds.Project.Enterprise.Plaintiff_Module@752325ad]" started-at="2025-12-24T14:25:53 IST" name="Plaintiff_Add" data-provider="plaintiffData" finished-at="2025-12-24T14:26:05 IST" duration-ms="12443" status="PASS">
          <params>
            <param index="0">
              <value>
                <![CDATA[{Address Line 1=12 W 34th St, Address Line 2=Apt 22C, Date of Birth=10/11/1993, Email=tiberius.silberfeld@mailto.plus, First Name=Tiberius, Last Name=Silberfeld, Middle Name=Luc, Name Suffix=IV, Phone number=646-555-3110, Social Security Number=910-20-0110, State=New York, Zip code=10018}]]>
              </value>
            </param>
          </params>
          <reporter-output>
          </reporter-output>
        </test-method> <!-- Plaintiff_Add -->
        <test-method is-config="true" signature="Kill()[pri:0, instance:Enterprise_Codeclouds.Project.Enterprise.Plaintiff_Module@752325ad]" started-at="2025-12-24T14:26:05 IST" name="Kill" finished-at="2025-12-24T14:26:06 IST" duration-ms="293" status="PASS">
          <reporter-output>
          </reporter-output>
        </test-method> <!-- Kill -->
        <test-method is-config="true" signature="setup()[pri:0, instance:Enterprise_Codeclouds.Project.Enterprise.Plaintiff_Module@752325ad]" started-at="2025-12-24T14:26:06 IST" name="setup" finished-at="2025-12-24T14:26:07 IST" duration-ms="855" status="PASS">
          <reporter-output>
          </reporter-output>
        </test-method> <!-- setup -->
        <test-method signature="Plaintiff_Add(java.util.TreeMap)[pri:0, instance:Enterprise_Codeclouds.Project.Enterprise.Plaintiff_Module@752325ad]" started-at="2025-12-24T14:26:07 IST" name="Plaintiff_Add" data-provider="plaintiffData" finished-at="2025-12-24T14:26:18 IST" duration-ms="11687" status="PASS">
          <params>
            <param index="0">
              <value>
                <![CDATA[{Address Line 1=1700 Lincoln St, Address Line 2=Unit 1406, Date of Birth=08/08/1990, Email=gideon.niederwald@mailto.plus, First Name=Gideon, Last Name=Niederwald, Middle Name=Theo, Name Suffix=Jr, Phone number=303-555-3111, Social Security Number=910-21-0111, State=Colorado, Zip code=80202}]]>
              </value>
            </param>
          </params>
          <reporter-output>
          </reporter-output>
        </test-method> <!-- Plaintiff_Add -->
        <test-method is-config="true" signature="Kill()[pri:0, instance:Enterprise_Codeclouds.Project.Enterprise.Plaintiff_Module@752325ad]" started-at="2025-12-24T14:26:18 IST" name="Kill" finished-at="2025-12-24T14:26:19 IST" duration-ms="283" status="PASS">
          <reporter-output>
          </reporter-output>
        </test-method> <!-- Kill -->
        <test-method is-config="true" signature="setup()[pri:0, instance:Enterprise_Codeclouds.Project.Enterprise.Plaintiff_Module@752325ad]" started-at="2025-12-24T14:26:19 IST" name="setup" finished-at="2025-12-24T14:26:19 IST" duration-ms="883" status="PASS">
          <reporter-output>
          </reporter-output>
        </test-method> <!-- setup -->
        <test-method signature="Plaintiff_Add(java.util.TreeMap)[pri:0, instance:Enterprise_Codeclouds.Project.Enterprise.Plaintiff_Module@752325ad]" started-at="2025-12-24T14:26:19 IST" name="Plaintiff_Add" data-provider="plaintiffData" finished-at="2025-12-24T14:26:31 IST" duration-ms="11204" status="PASS">
          <params>
            <param index="0">
              <value>
                <![CDATA[{Address Line 1=901 5th Ave, Address Line 2=Floor 18, Date of Birth=05/06/1996, Email=oskar.pfaffenroth@mailto.plus, First Name=Oskar, Last Name=Pfaffenroth, Middle Name=Gustav, Name Suffix=II, Phone number=206-555-3112, Social Security Number=910-22-0112, State=Washington, Zip code=98104}]]>
              </value>
            </param>
          </params>
          <reporter-output>
          </reporter-output>
        </test-method> <!-- Plaintiff_Add -->
        <test-method is-config="true" signature="Kill()[pri:0, instance:Enterprise_Codeclouds.Project.Enterprise.Plaintiff_Module@752325ad]" started-at="2025-12-24T14:26:31 IST" name="Kill" finished-at="2025-12-24T14:26:31 IST" duration-ms="243" status="PASS">
          <reporter-output>
          </reporter-output>
        </test-method> <!-- Kill -->
        <test-method is-config="true" signature="setup()[pri:0, instance:Enterprise_Codeclouds.Project.Enterprise.Plaintiff_Module@752325ad]" started-at="2025-12-24T14:26:31 IST" name="setup" finished-at="2025-12-24T14:26:32 IST" duration-ms="891" status="PASS">
          <reporter-output>
          </reporter-output>
        </test-method> <!-- setup -->
        <test-method signature="Plaintiff_Add(java.util.TreeMap)[pri:0, instance:Enterprise_Codeclouds.Project.Enterprise.Plaintiff_Module@752325ad]" started-at="2025-12-24T14:26:32 IST" name="Plaintiff_Add" data-provider="plaintiffData" finished-at="2025-12-24T14:26:43 IST" duration-ms="11504" status="PASS">
          <params>
            <param index="0">
              <value>
                <![CDATA[{Address Line 1=201 N 4th St, Address Line 2=Unit 8D, Date of Birth=01/16/1988, Email=percival.brandauer@mailto.plus, First Name=Percival, Last Name=Brandauer, Middle Name=Otto, Name Suffix=Sr, Phone number=702-555-3113, Social Security Number=910-23-0113, State=Nevada, Zip code=89101}]]>
              </value>
            </param>
          </params>
          <reporter-output>
          </reporter-output>
        </test-method> <!-- Plaintiff_Add -->
        <test-method is-config="true" signature="Kill()[pri:0, instance:Enterprise_Codeclouds.Project.Enterprise.Plaintiff_Module@752325ad]" started-at="2025-12-24T14:26:43 IST" name="Kill" finished-at="2025-12-24T14:26:44 IST" duration-ms="272" status="PASS">
          <reporter-output>
          </reporter-output>
        </test-method> <!-- Kill -->
        <test-method is-config="true" signature="setup()[pri:0, instance:Enterprise_Codeclouds.Project.Enterprise.Plaintiff_Module@752325ad]" started-at="2025-12-24T14:26:44 IST" name="setup" finished-at="2025-12-24T14:26:44 IST" duration-ms="859" status="PASS">
          <reporter-output>
          </reporter-output>
        </test-method> <!-- setup -->
        <test-method signature="Plaintiff_Add(java.util.TreeMap)[pri:0, instance:Enterprise_Codeclouds.Project.Enterprise.Plaintiff_Module@752325ad]" started-at="2025-12-24T14:26:44 IST" name="Plaintiff_Add" data-provider="plaintiffData" finished-at="2025-12-24T14:26:56 IST" duration-ms="11930" status="PASS">
          <params>
            <param index="0">
              <value>
                <![CDATA[{Address Line 1=1000 Common St, Address Line 2=Apt 16E, Date of Birth=12/09/1992, Email=cassian.kaltmann@mailto.plus, First Name=Cassian, Last Name=Kaltmann, Middle Name=Andreas, Name Suffix=III, Phone number=504-555-3114, Social Security Number=910-24-0114, State=Louisiana, Zip code=70112}]]>
              </value>
            </param>
          </params>
          <reporter-output>
          </reporter-output>
        </test-method> <!-- Plaintiff_Add -->
        <test-method is-config="true" signature="Kill()[pri:0, instance:Enterprise_Codeclouds.Project.Enterprise.Plaintiff_Module@752325ad]" started-at="2025-12-24T14:26:56 IST" name="Kill" finished-at="2025-12-24T14:26:57 IST" duration-ms="329" status="PASS">
          <reporter-output>
          </reporter-output>
        </test-method> <!-- Kill -->
        <test-method is-config="true" signature="setup()[pri:0, instance:Enterprise_Codeclouds.Project.Enterprise.Plaintiff_Module@752325ad]" started-at="2025-12-24T14:26:57 IST" name="setup" finished-at="2025-12-24T14:26:57 IST" duration-ms="844" status="PASS">
          <reporter-output>
          </reporter-output>
        </test-method> <!-- setup -->
        <test-method signature="Plaintiff_Add(java.util.TreeMap)[pri:0, instance:Enterprise_Codeclouds.Project.Enterprise.Plaintiff_Module@752325ad]" started-at="2025-12-24T14:26:57 IST" name="Plaintiff_Add" data-provider="plaintiffData" finished-at="2025-12-24T14:27:09 IST" duration-ms="11850" status="PASS">
          <params>
            <param index="0">
              <value>
                <![CDATA[{Address Line 1=2400 N Central Ave, Address Line 2=Suite 310, Date of Birth=06/03/1991, Email=isidor.neuschmidt@mailto.plus, First Name=Isidor, Last Name=Neuschmidt, Middle Name=Philipp, Name Suffix=Jr, Phone number=602-555-3115, Social Security Number=910-25-0115, State=Arizona, Zip code=85006}]]>
              </value>
            </param>
          </params>
          <reporter-output>
          </reporter-output>
        </test-method> <!-- Plaintiff_Add -->
        <test-method is-config="true" signature="Kill()[pri:0, instance:Enterprise_Codeclouds.Project.Enterprise.Plaintiff_Module@752325ad]" started-at="2025-12-24T14:27:09 IST" name="Kill" finished-at="2025-12-24T14:27:10 IST" duration-ms="299" status="PASS">
          <reporter-output>
          </reporter-output>
        </test-method> <!-- Kill -->
        <test-method is-config="true" signature="setup()[pri:0, instance:Enterprise_Codeclouds.Project.Enterprise.Plaintiff_Module@752325ad]" started-at="2025-12-24T14:27:10 IST" name="setup" finished-at="2025-12-24T14:27:11 IST" duration-ms="883" status="PASS">
          <reporter-output>
          </reporter-output>
        </test-method> <!-- setup -->
        <test-method signature="Plaintiff_Add(java.util.TreeMap)[pri:0, instance:Enterprise_Codeclouds.Project.Enterprise.Plaintiff_Module@752325ad]" started-at="2025-12-24T14:27:11 IST" name="Plaintiff_Add" data-provider="plaintiffData" finished-at="2025-12-24T14:27:22 IST" duration-ms="11515" status="PASS">
          <params>
            <param index="0">
              <value>
                <![CDATA[{Address Line 1=300 10th Ave N, Address Line 2=Apt 4H, Date of Birth=02/27/1995, Email=valentin.schreiber@mailto.plus, First Name=Valentin, Last Name=Schreiber, Middle Name=Camille, Name Suffix=II, Phone number=615-555-3116, Social Security Number=910-26-0116, State=Tennessee, Zip code=37203}]]>
              </value>
            </param>
          </params>
          <reporter-output>
          </reporter-output>
        </test-method> <!-- Plaintiff_Add -->
        <test-method is-config="true" signature="Kill()[pri:0, instance:Enterprise_Codeclouds.Project.Enterprise.Plaintiff_Module@752325ad]" started-at="2025-12-24T14:27:22 IST" name="Kill" finished-at="2025-12-24T14:27:22 IST" duration-ms="286" status="PASS">
          <reporter-output>
          </reporter-output>
        </test-method> <!-- Kill -->
        <test-method is-config="true" signature="setup()[pri:0, instance:Enterprise_Codeclouds.Project.Enterprise.Plaintiff_Module@752325ad]" started-at="2025-12-24T14:27:22 IST" name="setup" finished-at="2025-12-24T14:27:23 IST" duration-ms="884" status="PASS">
          <reporter-output>
          </reporter-output>
        </test-method> <!-- setup -->
        <test-method signature="Plaintiff_Add(java.util.TreeMap)[pri:0, instance:Enterprise_Codeclouds.Project.Enterprise.Plaintiff_Module@752325ad]" started-at="2025-12-24T14:27:23 IST" name="Plaintiff_Add" data-provider="plaintiffData" finished-at="2025-12-24T14:27:35 IST" duration-ms="12096" status="PASS">
          <params>
            <param index="0">
              <value>
                <![CDATA[{Address Line 1=225 Peachtree St NE, Address Line 2=Suite 1910, Date of Birth=09/01/1992, Email=sullivan.schiffer@mailto.plus, First Name=Sullivan, Last Name=Schiffer, Middle Name=Alexander, Name Suffix=Sr, Phone number=404-555-3117, Social Security Number=910-27-0117, State=Georgia, Zip code=30303}]]>
              </value>
            </param>
          </params>
          <reporter-output>
          </reporter-output>
        </test-method> <!-- Plaintiff_Add -->
        <test-method is-config="true" signature="Kill()[pri:0, instance:Enterprise_Codeclouds.Project.Enterprise.Plaintiff_Module@752325ad]" started-at="2025-12-24T14:27:35 IST" name="Kill" finished-at="2025-12-24T14:27:36 IST" duration-ms="306" status="PASS">
          <reporter-output>
          </reporter-output>
        </test-method> <!-- Kill -->
        <test-method is-config="true" signature="setup()[pri:0, instance:Enterprise_Codeclouds.Project.Enterprise.Plaintiff_Module@752325ad]" started-at="2025-12-24T14:27:36 IST" name="setup" finished-at="2025-12-24T14:27:36 IST" duration-ms="859" status="PASS">
          <reporter-output>
          </reporter-output>
        </test-method> <!-- setup -->
        <test-method signature="Plaintiff_Add(java.util.TreeMap)[pri:0, instance:Enterprise_Codeclouds.Project.Enterprise.Plaintiff_Module@752325ad]" started-at="2025-12-24T14:27:36 IST" name="Plaintiff_Add" data-provider="plaintiffData" finished-at="2025-12-24T14:27:48 IST" duration-ms="11456" status="PASS">
          <params>
            <param index="0">
              <value>
                <![CDATA[{Address Line 1=150 W Jefferson Ave, Address Line 2=Floor 20, Date of Birth=04/10/1989, Email=lucian.steiger@mailto.plus, First Name=Lucian, Last Name=Steiger, Middle Name=Andre, Name Suffix=III, Phone number=313-555-3118, Social Security Number=910-28-0118, State=Michigan, Zip code=48226}]]>
              </value>
            </param>
          </params>
          <reporter-output>
          </reporter-output>
        </test-method> <!-- Plaintiff_Add -->
        <test-method is-config="true" signature="Kill()[pri:0, instance:Enterprise_Codeclouds.Project.Enterprise.Plaintiff_Module@752325ad]" started-at="2025-12-24T14:27:48 IST" name="Kill" finished-at="2025-12-24T14:27:48 IST" duration-ms="301" status="PASS">
          <reporter-output>
          </reporter-output>
        </test-method> <!-- Kill -->
        <test-method is-config="true" signature="setup()[pri:0, instance:Enterprise_Codeclouds.Project.Enterprise.Plaintiff_Module@752325ad]" started-at="2025-12-24T14:27:48 IST" name="setup" finished-at="2025-12-24T14:27:49 IST" duration-ms="810" status="PASS">
          <reporter-output>
          </reporter-output>
        </test-method> <!-- setup -->
        <test-method signature="Plaintiff_Add(java.util.TreeMap)[pri:0, instance:Enterprise_Codeclouds.Project.Enterprise.Plaintiff_Module@752325ad]" started-at="2025-12-24T14:27:49 IST" name="Plaintiff_Add" data-provider="plaintiffData" finished-at="2025-12-24T14:28:01 IST" duration-ms="12010" status="PASS">
          <params>
            <param index="0">
              <value>
                <![CDATA[{Address Line 1=1201 Elm St, Address Line 2=Unit 9B, Date of Birth=07/19/1996, Email=alaric.kienzler@mailto.plus, First Name=Alaric, Last Name=Kienzler, Middle Name=Theron, Name Suffix=II, Phone number=214-555-3119, Social Security Number=910-29-0119, State=Texas, Zip code=75202}]]>
              </value>
            </param>
          </params>
          <reporter-output>
          </reporter-output>
        </test-method> <!-- Plaintiff_Add -->
        <test-method is-config="true" signature="Kill()[pri:0, instance:Enterprise_Codeclouds.Project.Enterprise.Plaintiff_Module@752325ad]" started-at="2025-12-24T14:28:01 IST" name="Kill" finished-at="2025-12-24T14:28:01 IST" duration-ms="303" status="PASS">
          <reporter-output>
          </reporter-output>
        </test-method> <!-- Kill -->
        <test-method is-config="true" signature="setup()[pri:0, instance:Enterprise_Codeclouds.Project.Enterprise.Plaintiff_Module@752325ad]" started-at="2025-12-24T14:28:01 IST" name="setup" finished-at="2025-12-24T14:28:02 IST" duration-ms="830" status="PASS">
          <reporter-output>
          </reporter-output>
        </test-method> <!-- setup -->
        <test-method signature="Plaintiff_Add(java.util.TreeMap)[pri:0, instance:Enterprise_Codeclouds.Project.Enterprise.Plaintiff_Module@752325ad]" started-at="2025-12-24T14:28:02 IST" name="Plaintiff_Add" data-provider="plaintiffData" finished-at="2025-12-24T14:28:14 IST" duration-ms="11637" status="PASS">
          <params>
            <param index="0">
              <value>
                <![CDATA[{Address Line 1=150 S 300 E, Address Line 2=Apt 8F, Date of Birth=11/15/1991, Email=rune.buchenheim@mailto.plus, First Name=Rune, Last Name=Buchenheim, Middle Name=Matthieu, Name Suffix=Jr, Phone number=801-555-3120, Social Security Number=910-30-0120, State=Utah, Zip code=84111}]]>
              </value>
            </param>
          </params>
          <reporter-output>
          </reporter-output>
        </test-method> <!-- Plaintiff_Add -->
        <test-method is-config="true" signature="Kill()[pri:0, instance:Enterprise_Codeclouds.Project.Enterprise.Plaintiff_Module@752325ad]" started-at="2025-12-24T14:28:14 IST" name="Kill" finished-at="2025-12-24T14:28:14 IST" duration-ms="284" status="PASS">
          <reporter-output>
          </reporter-output>
        </test-method> <!-- Kill -->
      </class> <!-- Enterprise_Codeclouds.Project.Enterprise.Plaintiff_Module -->
      <class name="Enterprise_Codeclouds.Project.Enterprise.Case_Appplications">
        <test-method is-config="true" signature="setup()[pri:0, instance:Enterprise_Codeclouds.Project.Enterprise.Case_Appplications@75db5df9]" started-at="2025-12-24T14:28:14 IST" name="setup" finished-at="2025-12-24T14:28:15 IST" duration-ms="847" status="PASS">
          <reporter-output>
          </reporter-output>
        </test-method> <!-- setup -->
        <test-method signature="Add_case(java.util.TreeMap,java.util.TreeMap,java.util.TreeMap)[pri:0, instance:Enterprise_Codeclouds.Project.Enterprise.Case_Appplications@75db5df9]" started-at="2025-12-24T14:28:15 IST" name="Add_case" data-provider="case_plus_plaintiff" finished-at="2025-12-24T14:29:38 IST" duration-ms="83176" status="PASS">
          <params>
            <param index="0">
              <value>
                <![CDATA[{Agreement Date=01/07/2026, Application Status=Approved, Approved Amount=17500, Attorney Name=Attorney Soren Birkenfeld, Buyout Amount=9800, Buyout Expiry Date=01/07/2030, Buyout Funder Name=Harbor Ridge Finance, Case #=203, Case Type=Wrongful Arrest, Court Index Number=18CV-2312-WA-001733, Date of Incident=12/02/2023, Document prep fee=255, Fund transfer fee=85, Interest Start Date=01/09/2026, Law Firm Name=Capital City Consumer Protection, Bad Faith Insurance & Claim Denial Law Offices, Lead Source=Advertising, Rate of Return=37, Recommended Max Funding=17500, Requested Amount=42000, Risk Level=Moderate, SMS Message Body=Your wrongful arrest funding has been approved. We’ll coordinate agreement review with your attorney. – Lumberjack Legal Finance, SMS Message Title=Funding Approved, State=Ohio, Summary=Wrongful arrest allegation due to mistaken identity; overnight detention and missed work; reputational harm claimed with corroborating alibi records., Underwriting Notes=Confirm dismissal/acquittal paperwork, arrest report narrative, and any video evidence. Damages improve with lost-wage verification and documented mental health treatment. Review immunities/notice rules.}]]>
              </value>
            </param>
            <param index="1">
              <value>
                <![CDATA[{Address Line 1=10 S Dearborn St, Address Line 2=Suite 1204, Date of Birth=03/18/1992, Email=caius.hirschfeldt@mailto.plus, First Name=Caius, Last Name=Hirschfeldt, Middle Name=Marcellus, Name Suffix=II, Phone number=312-555-3101, Social Security Number=910-11-0101, State=Illinois, Zip code=60602}]]>
              </value>
            </param>
            <param index="2">
              <value>
                <![CDATA[{Email=cassian.hohenstauf@mailto.plus, First Name=Attorney Cassian, Last Name=Hohenstauf, Law Firm=Brandtov & Lindenfeld Catastrophic Injury Rechtsanwälte Group, Middle Name=Alaric, Name Suffix=II, Office phone=4165558201, Phone=4165554201}]]>
              </value>
            </param>
          </params>
          <reporter-output>
          </reporter-output>
        </test-method> <!-- Add_case -->
        <test-method is-config="true" signature="Kill()[pri:0, instance:Enterprise_Codeclouds.Project.Enterprise.Case_Appplications@75db5df9]" started-at="2025-12-24T14:29:38 IST" name="Kill" finished-at="2025-12-24T14:29:39 IST" duration-ms="422" status="PASS">
          <reporter-output>
          </reporter-output>
        </test-method> <!-- Kill -->
      </class> <!-- Enterprise_Codeclouds.Project.Enterprise.Case_Appplications -->
    </test> <!-- Test -->
  </suite> <!-- Suite -->
</testng-results>
