<?xml version="1.0" encoding="UTF-8"?>
<testng-results ignored="3" total="4" passed="1" failed="0" skipped="0">
  <reporter-output>
  </reporter-output>
  <suite started-at="2026-01-05T13:47:26 IST" name="Default suite" finished-at="2026-01-05T13:47:59 IST" duration-ms="33326">
    <groups>
    </groups>
    <test started-at="2026-01-05T13:47:26 IST" name="Default test" finished-at="2026-01-05T13:47:59 IST" duration-ms="33326">
      <class name="Enterprise_Codeclouds.Project.Enterprise.Case_Appplications">
        <test-method is-config="true" signature="setup()[pri:0, instance:Enterprise_Codeclouds.Project.Enterprise.Case_Appplications@710f4dc7]" started-at="2026-01-05T13:47:26 IST" name="setup" finished-at="2026-01-05T13:47:29 IST" duration-ms="2589" status="PASS">
          <reporter-output>
          </reporter-output>
        </test-method> <!-- setup -->
        <test-method signature="Payment_Logger(java.util.TreeMap)[pri:0, instance:Enterprise_Codeclouds.Project.Enterprise.Case_Appplications@710f4dc7]" started-at="2026-01-05T13:47:29 IST" name="Payment_Logger" data-provider="logPaymentData" finished-at="2026-01-05T13:47:59 IST" duration-ms="30271" status="PASS">
          <params>
            <param index="0">
              <value>
                <![CDATA[{Amount Received=2500, Notes / Remarks=Cash received at front desk; counted and confirmed by two staff; receipt issued and attached to case notes., Payer Name=Plaintiff Anselm Rothenmark, Payment Date=01/05/2026, Payment Mode=Cash, Payment Type=Payment by Plaintiff}]]>
              </value>
            </param>
          </params>
          <reporter-output>
          </reporter-output>
        </test-method> <!-- Payment_Logger -->
        <test-method is-config="true" signature="Kill()[pri:0, instance:Enterprise_Codeclouds.Project.Enterprise.Case_Appplications@710f4dc7]" started-at="2026-01-05T13:47:59 IST" name="Kill" finished-at="2026-01-05T13:47:59 IST" duration-ms="376" status="PASS">
          <reporter-output>
          </reporter-output>
        </test-method> <!-- Kill -->
      </class> <!-- Enterprise_Codeclouds.Project.Enterprise.Case_Appplications -->
    </test> <!-- Default test -->
  </suite> <!-- Default suite -->
</testng-results>
