<?xml version="1.0" encoding="UTF-8"?>
<testng-results ignored="3" total="73" passed="68" failed="2" skipped="0">
  <reporter-output>
  </reporter-output>
  <suite started-at="2025-12-31T12:46:58 IST" name="Suite" finished-at="2025-12-31T13:27:12 IST" duration-ms="2413502">
    <groups>
    </groups>
    <test started-at="2025-12-31T12:46:58 IST" name="Test" finished-at="2025-12-31T13:27:12 IST" duration-ms="2413502">
      <class name="Enterprise_Codeclouds.Project.Enterprise.Plaintiff_Module">
        <test-method is-config="true" signature="setup()[pri:0, instance:Enterprise_Codeclouds.Project.Enterprise.Plaintiff_Module@b3ca52e]" started-at="2025-12-31T12:46:58 IST" name="setup" finished-at="2025-12-31T12:47:01 IST" duration-ms="2323" status="PASS">
          <reporter-output>
          </reporter-output>
        </test-method> <!-- setup -->
        <test-method signature="Plaintiff_Add(java.util.TreeMap)[pri:0, instance:Enterprise_Codeclouds.Project.Enterprise.Plaintiff_Module@b3ca52e]" started-at="2025-12-31T12:47:01 IST" name="Plaintiff_Add" data-provider="plaintiffData" finished-at="2025-12-31T12:47:19 IST" duration-ms="17992" status="PASS">
          <params>
            <param index="0">
              <value>
                <![CDATA[{Address Line 1=233 S Wacker Dr, Address Line 2=Suite 2100, Date of Birth=03/14/1990, Email=alarion.ravenholt@mailto.plus, First Name=Alarion, Last Name=Ravenholt, Middle Name=Bastien, Name Suffix=Sr, Phone number=312-555-4501, Social Security Number=950-11-0501, State=Illinois, Zip code=60601}]]>
              </value>
            </param>
          </params>
          <reporter-output>
          </reporter-output>
        </test-method> <!-- Plaintiff_Add -->
        <test-method is-config="true" signature="Kill()[pri:0, instance:Enterprise_Codeclouds.Project.Enterprise.Plaintiff_Module@b3ca52e]" started-at="2025-12-31T12:47:19 IST" name="Kill" finished-at="2025-12-31T12:47:19 IST" duration-ms="376" status="PASS">
          <reporter-output>
          </reporter-output>
        </test-method> <!-- Kill -->
        <test-method is-config="true" signature="setup()[pri:0, instance:Enterprise_Codeclouds.Project.Enterprise.Plaintiff_Module@b3ca52e]" started-at="2025-12-31T12:47:19 IST" name="setup" finished-at="2025-12-31T12:47:20 IST" duration-ms="873" status="PASS">
          <reporter-output>
          </reporter-output>
        </test-method> <!-- setup -->
        <test-method signature="Plaintiff_Add(java.util.TreeMap)[pri:0, instance:Enterprise_Codeclouds.Project.Enterprise.Plaintiff_Module@b3ca52e]" started-at="2025-12-31T12:47:20 IST" name="Plaintiff_Add" data-provider="plaintiffData" finished-at="2025-12-31T12:47:34 IST" duration-ms="13893" status="PASS">
          <params>
            <param index="0">
              <value>
                <![CDATA[{Address Line 1=135 N Pennsylvania St, Address Line 2=Apt 8C, Date of Birth=11/02/1988, Email=beren.lindenmarsh@mailto.plus, First Name=Beren, Last Name=Lindenmarsh, Middle Name=Caius, Name Suffix=II, Phone number=317-555-4502, Social Security Number=950-12-0502, State=Indiana, Zip code=46204}]]>
              </value>
            </param>
          </params>
          <reporter-output>
          </reporter-output>
        </test-method> <!-- Plaintiff_Add -->
        <test-method is-config="true" signature="Kill()[pri:0, instance:Enterprise_Codeclouds.Project.Enterprise.Plaintiff_Module@b3ca52e]" started-at="2025-12-31T12:47:34 IST" name="Kill" finished-at="2025-12-31T12:47:34 IST" duration-ms="283" status="PASS">
          <reporter-output>
          </reporter-output>
        </test-method> <!-- Kill -->
        <test-method is-config="true" signature="setup()[pri:0, instance:Enterprise_Codeclouds.Project.Enterprise.Plaintiff_Module@b3ca52e]" started-at="2025-12-31T12:47:34 IST" name="setup" finished-at="2025-12-31T12:47:35 IST" duration-ms="873" status="PASS">
          <reporter-output>
          </reporter-output>
        </test-method> <!-- setup -->
        <test-method signature="Plaintiff_Add(java.util.TreeMap)[pri:0, instance:Enterprise_Codeclouds.Project.Enterprise.Plaintiff_Module@b3ca52e]" started-at="2025-12-31T12:47:35 IST" name="Plaintiff_Add" data-provider="plaintiffData" finished-at="2025-12-31T12:47:48 IST" duration-ms="12825" status="PASS">
          <params>
            <param index="0">
              <value>
                <![CDATA[{Address Line 1=701 Brickell Ave, Address Line 2=Unit 19D, Date of Birth=07/21/1994, Email=caelan.stonewick@mailto.plus, First Name=Caelan, Last Name=Stonewick, Middle Name=Dmitri, Name Suffix=Jr, Phone number=305-555-4503, Social Security Number=950-13-0503, State=Florida, Zip code=33131}]]>
              </value>
            </param>
          </params>
          <reporter-output>
          </reporter-output>
        </test-method> <!-- Plaintiff_Add -->
        <test-method is-config="true" signature="Kill()[pri:0, instance:Enterprise_Codeclouds.Project.Enterprise.Plaintiff_Module@b3ca52e]" started-at="2025-12-31T12:47:48 IST" name="Kill" finished-at="2025-12-31T12:47:48 IST" duration-ms="245" status="PASS">
          <reporter-output>
          </reporter-output>
        </test-method> <!-- Kill -->
        <test-method is-config="true" signature="setup()[pri:0, instance:Enterprise_Codeclouds.Project.Enterprise.Plaintiff_Module@b3ca52e]" started-at="2025-12-31T12:47:48 IST" name="setup" finished-at="2025-12-31T12:47:49 IST" duration-ms="916" status="PASS">
          <reporter-output>
          </reporter-output>
        </test-method> <!-- setup -->
        <test-method signature="Plaintiff_Add(java.util.TreeMap)[pri:0, instance:Enterprise_Codeclouds.Project.Enterprise.Plaintiff_Module@b3ca52e]" started-at="2025-12-31T12:47:49 IST" name="Plaintiff_Add" data-provider="plaintiffData" finished-at="2025-12-31T12:48:02 IST" duration-ms="13521" status="PASS">
          <params>
            <param index="0">
              <value>
                <![CDATA[{Address Line 1=1450 Ala Moana Blvd, Address Line 2=Floor 6, Date of Birth=04/10/1992, Email=darian.oakhurst@mailto.plus, First Name=Darian, Last Name=Oakhurst, Middle Name=Eamon, Name Suffix=III, Phone number=808-555-4504, Social Security Number=950-14-0504, State=Hawaii, Zip code=96814}]]>
              </value>
            </param>
          </params>
          <reporter-output>
          </reporter-output>
        </test-method> <!-- Plaintiff_Add -->
        <test-method is-config="true" signature="Kill()[pri:0, instance:Enterprise_Codeclouds.Project.Enterprise.Plaintiff_Module@b3ca52e]" started-at="2025-12-31T12:48:02 IST" name="Kill" finished-at="2025-12-31T12:48:03 IST" duration-ms="381" status="PASS">
          <reporter-output>
          </reporter-output>
        </test-method> <!-- Kill -->
        <test-method is-config="true" signature="setup()[pri:0, instance:Enterprise_Codeclouds.Project.Enterprise.Plaintiff_Module@b3ca52e]" started-at="2025-12-31T12:48:03 IST" name="setup" finished-at="2025-12-31T12:48:04 IST" duration-ms="880" status="PASS">
          <reporter-output>
          </reporter-output>
        </test-method> <!-- setup -->
        <test-method signature="Plaintiff_Add(java.util.TreeMap)[pri:0, instance:Enterprise_Codeclouds.Project.Enterprise.Plaintiff_Module@b3ca52e]" started-at="2025-12-31T12:48:04 IST" name="Plaintiff_Add" data-provider="plaintiffData" finished-at="2025-12-31T12:48:18 IST" duration-ms="14206" status="PASS">
          <params>
            <param index="0">
              <value>
                <![CDATA[{Address Line 1=801 Grand Ave, Address Line 2=Apt 11B, Date of Birth=09/03/1989, Email=edrin.wintermere@mailto.plus, First Name=Edrin, Last Name=Wintermere, Middle Name=Felix, Name Suffix=IV, Phone number=515-555-4505, Social Security Number=950-15-0505, State=Iowa, Zip code=50309}]]>
              </value>
            </param>
          </params>
          <reporter-output>
          </reporter-output>
        </test-method> <!-- Plaintiff_Add -->
        <test-method is-config="true" signature="Kill()[pri:0, instance:Enterprise_Codeclouds.Project.Enterprise.Plaintiff_Module@b3ca52e]" started-at="2025-12-31T12:48:18 IST" name="Kill" finished-at="2025-12-31T12:48:18 IST" duration-ms="297" status="PASS">
          <reporter-output>
          </reporter-output>
        </test-method> <!-- Kill -->
        <test-method is-config="true" signature="setup()[pri:0, instance:Enterprise_Codeclouds.Project.Enterprise.Plaintiff_Module@b3ca52e]" started-at="2025-12-31T12:48:18 IST" name="setup" finished-at="2025-12-31T12:48:19 IST" duration-ms="882" status="PASS">
          <reporter-output>
          </reporter-output>
        </test-method> <!-- setup -->
        <test-method signature="Plaintiff_Add(java.util.TreeMap)[pri:0, instance:Enterprise_Codeclouds.Project.Enterprise.Plaintiff_Module@b3ca52e]" started-at="2025-12-31T12:48:19 IST" name="Plaintiff_Add" data-provider="plaintiffData" finished-at="2025-12-31T12:48:32 IST" duration-ms="12948" status="PASS">
          <params>
            <param index="0">
              <value>
                <![CDATA[{Address Line 1=900 S Kansas Ave, Address Line 2=Unit 5A, Date of Birth=02/28/1995, Email=faris.bergstone@mailto.plus, First Name=Faris, Last Name=Bergstone, Middle Name=Gareth, Name Suffix=Sr, Phone number=785-555-4506, Social Security Number=950-16-0506, State=Kansas, Zip code=66603}]]>
              </value>
            </param>
          </params>
          <reporter-output>
          </reporter-output>
        </test-method> <!-- Plaintiff_Add -->
        <test-method is-config="true" signature="Kill()[pri:0, instance:Enterprise_Codeclouds.Project.Enterprise.Plaintiff_Module@b3ca52e]" started-at="2025-12-31T12:48:32 IST" name="Kill" finished-at="2025-12-31T12:48:32 IST" duration-ms="235" status="PASS">
          <reporter-output>
          </reporter-output>
        </test-method> <!-- Kill -->
        <test-method is-config="true" signature="setup()[pri:0, instance:Enterprise_Codeclouds.Project.Enterprise.Plaintiff_Module@b3ca52e]" started-at="2025-12-31T12:48:32 IST" name="setup" finished-at="2025-12-31T12:48:33 IST" duration-ms="862" status="PASS">
          <reporter-output>
          </reporter-output>
        </test-method> <!-- setup -->
        <test-method signature="Plaintiff_Add(java.util.TreeMap)[pri:0, instance:Enterprise_Codeclouds.Project.Enterprise.Plaintiff_Module@b3ca52e]" started-at="2025-12-31T12:48:33 IST" name="Plaintiff_Add" data-provider="plaintiffData" finished-at="2025-12-31T12:48:46 IST" duration-ms="13253" status="PASS">
          <params>
            <param index="0">
              <value>
                <![CDATA[{Address Line 1=12 Marine Corps Dr, Address Line 2=PO Box 507, Date of Birth=06/11/1993, Email=galen.seawarden@mailto.plus, First Name=Galen, Last Name=Seawarden, Middle Name=Hugo, Name Suffix=II, Phone number=671-555-4507, Social Security Number=950-17-0507, State=Guam, Zip code=96910}]]>
              </value>
            </param>
          </params>
          <reporter-output>
          </reporter-output>
        </test-method> <!-- Plaintiff_Add -->
        <test-method is-config="true" signature="Kill()[pri:0, instance:Enterprise_Codeclouds.Project.Enterprise.Plaintiff_Module@b3ca52e]" started-at="2025-12-31T12:48:46 IST" name="Kill" finished-at="2025-12-31T12:48:47 IST" duration-ms="320" status="PASS">
          <reporter-output>
          </reporter-output>
        </test-method> <!-- Kill -->
        <test-method is-config="true" signature="setup()[pri:0, instance:Enterprise_Codeclouds.Project.Enterprise.Plaintiff_Module@b3ca52e]" started-at="2025-12-31T12:48:47 IST" name="setup" finished-at="2025-12-31T12:48:48 IST" duration-ms="882" status="PASS">
          <reporter-output>
          </reporter-output>
        </test-method> <!-- setup -->
        <test-method signature="Plaintiff_Add(java.util.TreeMap)[pri:0, instance:Enterprise_Codeclouds.Project.Enterprise.Plaintiff_Module@b3ca52e]" started-at="2025-12-31T12:48:48 IST" name="Plaintiff_Add" data-provider="plaintiffData" finished-at="2025-12-31T12:49:01 IST" duration-ms="13162" status="PASS">
          <params>
            <param index="0">
              <value>
                <![CDATA[{Address Line 1=500 W Main St, Address Line 2=Apt 3D, Date of Birth=12/18/1996, Email=hadric.morrowdale@mailto.plus, First Name=Hadric, Last Name=Morrowdale, Middle Name=Ivo, Name Suffix=Jr, Phone number=208-555-4508, Social Security Number=950-18-0508, State=Idaho, Zip code=83702}]]>
              </value>
            </param>
          </params>
          <reporter-output>
          </reporter-output>
        </test-method> <!-- Plaintiff_Add -->
        <test-method is-config="true" signature="Kill()[pri:0, instance:Enterprise_Codeclouds.Project.Enterprise.Plaintiff_Module@b3ca52e]" started-at="2025-12-31T12:49:01 IST" name="Kill" finished-at="2025-12-31T12:49:01 IST" duration-ms="369" status="PASS">
          <reporter-output>
          </reporter-output>
        </test-method> <!-- Kill -->
        <test-method is-config="true" signature="setup()[pri:0, instance:Enterprise_Codeclouds.Project.Enterprise.Plaintiff_Module@b3ca52e]" started-at="2025-12-31T12:49:01 IST" name="setup" finished-at="2025-12-31T12:49:02 IST" duration-ms="860" status="PASS">
          <reporter-output>
          </reporter-output>
        </test-method> <!-- setup -->
        <test-method signature="Plaintiff_Add(java.util.TreeMap)[pri:0, instance:Enterprise_Codeclouds.Project.Enterprise.Plaintiff_Module@b3ca52e]" started-at="2025-12-31T12:49:02 IST" name="Plaintiff_Add" data-provider="plaintiffData" finished-at="2025-12-31T12:49:15 IST" duration-ms="13232" status="PASS">
          <params>
            <param index="0">
              <value>
                <![CDATA[{Address Line 1=45 Beacon St, Address Line 2=Unit 9, Date of Birth=03/07/1992, Email=icarus.beaconridge@mailto.plus, First Name=Icarus, Last Name=Beaconridge, Middle Name=Jules, Name Suffix=III, Phone number=617-555-4509, Social Security Number=950-19-0509, State=Massachusetts, Zip code=02108}]]>
              </value>
            </param>
          </params>
          <reporter-output>
          </reporter-output>
        </test-method> <!-- Plaintiff_Add -->
        <test-method is-config="true" signature="Kill()[pri:0, instance:Enterprise_Codeclouds.Project.Enterprise.Plaintiff_Module@b3ca52e]" started-at="2025-12-31T12:49:15 IST" name="Kill" finished-at="2025-12-31T12:49:15 IST" duration-ms="296" status="PASS">
          <reporter-output>
          </reporter-output>
        </test-method> <!-- Kill -->
        <test-method is-config="true" signature="setup()[pri:0, instance:Enterprise_Codeclouds.Project.Enterprise.Plaintiff_Module@b3ca52e]" started-at="2025-12-31T12:49:15 IST" name="setup" finished-at="2025-12-31T12:49:16 IST" duration-ms="936" status="PASS">
          <reporter-output>
          </reporter-output>
        </test-method> <!-- setup -->
        <test-method signature="Plaintiff_Add(java.util.TreeMap)[pri:0, instance:Enterprise_Codeclouds.Project.Enterprise.Plaintiff_Module@b3ca52e]" started-at="2025-12-31T12:49:16 IST" name="Plaintiff_Add" data-provider="plaintiffData" finished-at="2025-12-31T12:49:30 IST" duration-ms="13154" status="PASS">
          <params>
            <param index="0">
              <value>
                <![CDATA[{Address Line 1=350 7th Ave, Address Line 2=Apt 21A, Date of Birth=10/21/1994, Email=jorund.ashmont@mailto.plus, First Name=Jorund, Last Name=Ashmont, Middle Name=Kai, Name Suffix=II, Phone number=646-555-4510, Social Security Number=950-20-0510, State=New York, Zip code=10001}]]>
              </value>
            </param>
          </params>
          <reporter-output>
          </reporter-output>
        </test-method> <!-- Plaintiff_Add -->
        <test-method is-config="true" signature="Kill()[pri:0, instance:Enterprise_Codeclouds.Project.Enterprise.Plaintiff_Module@b3ca52e]" started-at="2025-12-31T12:49:30 IST" name="Kill" finished-at="2025-12-31T12:49:30 IST" duration-ms="241" status="PASS">
          <reporter-output>
          </reporter-output>
        </test-method> <!-- Kill -->
        <test-method is-config="true" signature="setup()[pri:0, instance:Enterprise_Codeclouds.Project.Enterprise.Plaintiff_Module@b3ca52e]" started-at="2025-12-31T12:49:30 IST" name="setup" finished-at="2025-12-31T12:49:31 IST" duration-ms="923" status="PASS">
          <reporter-output>
          </reporter-output>
        </test-method> <!-- setup -->
        <test-method signature="Plaintiff_Add(java.util.TreeMap)[pri:0, instance:Enterprise_Codeclouds.Project.Enterprise.Plaintiff_Module@b3ca52e]" started-at="2025-12-31T12:49:31 IST" name="Plaintiff_Add" data-provider="plaintiffData" finished-at="2025-12-31T12:49:45 IST" duration-ms="14216" status="PASS">
          <params>
            <param index="0">
              <value>
                <![CDATA[{Address Line 1=1600 California St, Address Line 2=Suite 950, Date of Birth=08/12/1991, Email=kendric.niederbrook@mailto.plus, First Name=Kendric, Last Name=Niederbrook, Middle Name=Levi, Name Suffix=Sr, Phone number=303-555-4511, Social Security Number=950-21-0511, State=Colorado, Zip code=80202}]]>
              </value>
            </param>
          </params>
          <reporter-output>
          </reporter-output>
        </test-method> <!-- Plaintiff_Add -->
        <test-method is-config="true" signature="Kill()[pri:0, instance:Enterprise_Codeclouds.Project.Enterprise.Plaintiff_Module@b3ca52e]" started-at="2025-12-31T12:49:45 IST" name="Kill" finished-at="2025-12-31T12:49:45 IST" duration-ms="410" status="PASS">
          <reporter-output>
          </reporter-output>
        </test-method> <!-- Kill -->
        <test-method is-config="true" signature="setup()[pri:0, instance:Enterprise_Codeclouds.Project.Enterprise.Plaintiff_Module@b3ca52e]" started-at="2025-12-31T12:49:45 IST" name="setup" finished-at="2025-12-31T12:49:48 IST" duration-ms="2294" status="PASS">
          <reporter-output>
          </reporter-output>
        </test-method> <!-- setup -->
        <test-method signature="Plaintiff_Add(java.util.TreeMap)[pri:0, instance:Enterprise_Codeclouds.Project.Enterprise.Plaintiff_Module@b3ca52e]" started-at="2025-12-31T12:49:48 IST" name="Plaintiff_Add" data-provider="plaintiffData" finished-at="2025-12-31T12:50:02 IST" duration-ms="14214" status="PASS">
          <params>
            <param index="0">
              <value>
                <![CDATA[{Address Line 1=1200 5th Ave, Address Line 2=Floor 7, Date of Birth=05/29/1996, Email=lysander.oberlin@mailto.plus, First Name=Lysander, Last Name=Oberlin, Middle Name=Marek, Name Suffix=Jr, Phone number=206-555-4512, Social Security Number=950-22-0512, State=Washington, Zip code=98101}]]>
              </value>
            </param>
          </params>
          <reporter-output>
          </reporter-output>
        </test-method> <!-- Plaintiff_Add -->
        <test-method is-config="true" signature="Kill()[pri:0, instance:Enterprise_Codeclouds.Project.Enterprise.Plaintiff_Module@b3ca52e]" started-at="2025-12-31T12:50:02 IST" name="Kill" finished-at="2025-12-31T12:50:02 IST" duration-ms="236" status="PASS">
          <reporter-output>
          </reporter-output>
        </test-method> <!-- Kill -->
        <test-method is-config="true" signature="setup()[pri:0, instance:Enterprise_Codeclouds.Project.Enterprise.Plaintiff_Module@b3ca52e]" started-at="2025-12-31T12:50:02 IST" name="setup" finished-at="2025-12-31T12:50:03 IST" duration-ms="929" status="PASS">
          <reporter-output>
          </reporter-output>
        </test-method> <!-- setup -->
        <test-method signature="Plaintiff_Add(java.util.TreeMap)[pri:0, instance:Enterprise_Codeclouds.Project.Enterprise.Plaintiff_Module@b3ca52e]" started-at="2025-12-31T12:50:03 IST" name="Plaintiff_Add" data-provider="plaintiffData" finished-at="2025-12-31T12:50:18 IST" duration-ms="14614" status="PASS">
          <params>
            <param index="0">
              <value>
                <![CDATA[{Address Line 1=200 S Las Vegas Blvd, Address Line 2=Unit 12C, Date of Birth=01/16/1988, Email=marcellus.brandewick@mailto.plus, First Name=Marcellus, Last Name=Brandewick, Middle Name=Noel, Name Suffix=III, Phone number=702-555-4513, Social Security Number=950-23-0513, State=Nevada, Zip code=89101}]]>
              </value>
            </param>
          </params>
          <reporter-output>
          </reporter-output>
        </test-method> <!-- Plaintiff_Add -->
        <test-method is-config="true" signature="Kill()[pri:0, instance:Enterprise_Codeclouds.Project.Enterprise.Plaintiff_Module@b3ca52e]" started-at="2025-12-31T12:50:18 IST" name="Kill" finished-at="2025-12-31T12:50:18 IST" duration-ms="309" status="PASS">
          <reporter-output>
          </reporter-output>
        </test-method> <!-- Kill -->
        <test-method is-config="true" signature="setup()[pri:0, instance:Enterprise_Codeclouds.Project.Enterprise.Plaintiff_Module@b3ca52e]" started-at="2025-12-31T12:50:18 IST" name="setup" finished-at="2025-12-31T12:50:19 IST" duration-ms="941" status="PASS">
          <reporter-output>
          </reporter-output>
        </test-method> <!-- setup -->
        <test-method signature="Plaintiff_Add(java.util.TreeMap)[pri:0, instance:Enterprise_Codeclouds.Project.Enterprise.Plaintiff_Module@b3ca52e]" started-at="2025-12-31T12:50:19 IST" name="Plaintiff_Add" data-provider="plaintiffData" finished-at="2025-12-31T12:50:33 IST" duration-ms="14101" status="PASS">
          <params>
            <param index="0">
              <value>
                <![CDATA[{Address Line 1=909 Poydras St, Address Line 2=Apt 9E, Date of Birth=12/09/1993, Email=niall.kaltmore@mailto.plus, First Name=Niall, Last Name=Kaltmore, Middle Name=Orion, Name Suffix=II, Phone number=504-555-4514, Social Security Number=950-24-0514, State=Louisiana, Zip code=70112}]]>
              </value>
            </param>
          </params>
          <reporter-output>
          </reporter-output>
        </test-method> <!-- Plaintiff_Add -->
        <test-method is-config="true" signature="Kill()[pri:0, instance:Enterprise_Codeclouds.Project.Enterprise.Plaintiff_Module@b3ca52e]" started-at="2025-12-31T12:50:33 IST" name="Kill" finished-at="2025-12-31T12:50:33 IST" duration-ms="318" status="PASS">
          <reporter-output>
          </reporter-output>
        </test-method> <!-- Kill -->
        <test-method is-config="true" signature="setup()[pri:0, instance:Enterprise_Codeclouds.Project.Enterprise.Plaintiff_Module@b3ca52e]" started-at="2025-12-31T12:50:33 IST" name="setup" finished-at="2025-12-31T12:50:34 IST" duration-ms="968" status="PASS">
          <reporter-output>
          </reporter-output>
        </test-method> <!-- setup -->
        <test-method signature="Plaintiff_Add(java.util.TreeMap)[pri:0, instance:Enterprise_Codeclouds.Project.Enterprise.Plaintiff_Module@b3ca52e]" started-at="2025-12-31T12:50:34 IST" name="Plaintiff_Add" data-provider="plaintiffData" finished-at="2025-12-31T12:50:51 IST" duration-ms="16965" status="PASS">
          <params>
            <param index="0">
              <value>
                <![CDATA[{Address Line 1=1 N Central Ave, Address Line 2=Suite 740, Date of Birth=06/03/1990, Email=oberon.neuschmidt@mailto.plus, First Name=Oberon, Last Name=Neuschmidt, Middle Name=Pascal, Name Suffix=Jr, Phone number=602-555-4515, Social Security Number=950-25-0515, State=Arizona, Zip code=85004}]]>
              </value>
            </param>
          </params>
          <reporter-output>
          </reporter-output>
        </test-method> <!-- Plaintiff_Add -->
        <test-method is-config="true" signature="Kill()[pri:0, instance:Enterprise_Codeclouds.Project.Enterprise.Plaintiff_Module@b3ca52e]" started-at="2025-12-31T12:50:51 IST" name="Kill" finished-at="2025-12-31T12:50:52 IST" duration-ms="394" status="PASS">
          <reporter-output>
          </reporter-output>
        </test-method> <!-- Kill -->
        <test-method is-config="true" signature="setup()[pri:0, instance:Enterprise_Codeclouds.Project.Enterprise.Plaintiff_Module@b3ca52e]" started-at="2025-12-31T12:50:52 IST" name="setup" finished-at="2025-12-31T12:50:53 IST" duration-ms="1341" status="PASS">
          <reporter-output>
          </reporter-output>
        </test-method> <!-- setup -->
        <test-method signature="Plaintiff_Add(java.util.TreeMap)[pri:0, instance:Enterprise_Codeclouds.Project.Enterprise.Plaintiff_Module@b3ca52e]" started-at="2025-12-31T12:50:53 IST" name="Plaintiff_Add" data-provider="plaintiffData" finished-at="2025-12-31T12:51:09 IST" duration-ms="15797" status="PASS">
          <params>
            <param index="0">
              <value>
                <![CDATA[{Address Line 1=301 Church St, Address Line 2=Apt 12D, Date of Birth=02/27/1995, Email=peregrine.pfaffenwick@mailto.plus, First Name=Peregrine, Last Name=Pfaffenwick, Middle Name=Quill, Name Suffix=III, Phone number=615-555-4516, Social Security Number=950-26-0516, State=Tennessee, Zip code=37219}]]>
              </value>
            </param>
          </params>
          <reporter-output>
          </reporter-output>
        </test-method> <!-- Plaintiff_Add -->
        <test-method is-config="true" signature="Kill()[pri:0, instance:Enterprise_Codeclouds.Project.Enterprise.Plaintiff_Module@b3ca52e]" started-at="2025-12-31T12:51:09 IST" name="Kill" finished-at="2025-12-31T12:51:09 IST" duration-ms="420" status="PASS">
          <reporter-output>
          </reporter-output>
        </test-method> <!-- Kill -->
        <test-method is-config="true" signature="setup()[pri:0, instance:Enterprise_Codeclouds.Project.Enterprise.Plaintiff_Module@b3ca52e]" started-at="2025-12-31T12:51:09 IST" name="setup" finished-at="2025-12-31T12:51:10 IST" duration-ms="1262" status="PASS">
          <reporter-output>
          </reporter-output>
        </test-method> <!-- setup -->
        <test-method signature="Plaintiff_Add(java.util.TreeMap)[pri:0, instance:Enterprise_Codeclouds.Project.Enterprise.Plaintiff_Module@b3ca52e]" started-at="2025-12-31T12:51:10 IST" name="Plaintiff_Add" data-provider="plaintiffData" finished-at="2025-12-31T12:51:32 IST" duration-ms="21399" status="PASS">
          <params>
            <param index="0">
              <value>
                <![CDATA[{Address Line 1=200 Peachtree St, Address Line 2=Suite 330, Date of Birth=09/01/1992, Email=quentin.schifferford@mailto.plus, First Name=Quentin, Last Name=Schifferford, Middle Name=Remy, Name Suffix=Sr, Phone number=404-555-4517, Social Security Number=950-27-0517, State=Georgia, Zip code=30303}]]>
              </value>
            </param>
          </params>
          <reporter-output>
          </reporter-output>
        </test-method> <!-- Plaintiff_Add -->
        <test-method is-config="true" signature="Kill()[pri:0, instance:Enterprise_Codeclouds.Project.Enterprise.Plaintiff_Module@b3ca52e]" started-at="2025-12-31T12:51:32 IST" name="Kill" finished-at="2025-12-31T12:51:32 IST" duration-ms="319" status="PASS">
          <reporter-output>
          </reporter-output>
        </test-method> <!-- Kill -->
        <test-method is-config="true" signature="setup()[pri:0, instance:Enterprise_Codeclouds.Project.Enterprise.Plaintiff_Module@b3ca52e]" started-at="2025-12-31T12:51:32 IST" name="setup" finished-at="2025-12-31T12:51:33 IST" duration-ms="1073" status="PASS">
          <reporter-output>
          </reporter-output>
        </test-method> <!-- setup -->
        <test-method signature="Plaintiff_Add(java.util.TreeMap)[pri:0, instance:Enterprise_Codeclouds.Project.Enterprise.Plaintiff_Module@b3ca52e]" started-at="2025-12-31T12:51:33 IST" name="Plaintiff_Add" data-provider="plaintiffData" finished-at="2025-12-31T12:51:50 IST" duration-ms="16252" status="PASS">
          <params>
            <param index="0">
              <value>
                <![CDATA[{Address Line 1=500 Woodward Ave, Address Line 2=Floor 14, Date of Birth=04/10/1989, Email=rhett.steigerhelm@mailto.plus, First Name=Rhett, Last Name=Steigerhelm, Middle Name=Soren, Name Suffix=II, Phone number=313-555-4518, Social Security Number=950-28-0518, State=Michigan, Zip code=48226}]]>
              </value>
            </param>
          </params>
          <reporter-output>
          </reporter-output>
        </test-method> <!-- Plaintiff_Add -->
        <test-method is-config="true" signature="Kill()[pri:0, instance:Enterprise_Codeclouds.Project.Enterprise.Plaintiff_Module@b3ca52e]" started-at="2025-12-31T12:51:50 IST" name="Kill" finished-at="2025-12-31T12:51:50 IST" duration-ms="431" status="PASS">
          <reporter-output>
          </reporter-output>
        </test-method> <!-- Kill -->
        <test-method is-config="true" signature="setup()[pri:0, instance:Enterprise_Codeclouds.Project.Enterprise.Plaintiff_Module@b3ca52e]" started-at="2025-12-31T12:51:50 IST" name="setup" finished-at="2025-12-31T12:51:51 IST" duration-ms="992" status="PASS">
          <reporter-output>
          </reporter-output>
        </test-method> <!-- setup -->
        <test-method signature="Plaintiff_Add(java.util.TreeMap)[pri:0, instance:Enterprise_Codeclouds.Project.Enterprise.Plaintiff_Module@b3ca52e]" started-at="2025-12-31T12:51:51 IST" name="Plaintiff_Add" data-provider="plaintiffData" finished-at="2025-12-31T12:52:05 IST" duration-ms="14141" status="PASS">
          <params>
            <param index="0">
              <value>
                <![CDATA[{Address Line 1=2100 Ross Ave, Address Line 2=Unit 6B, Date of Birth=07/19/1996, Email=sable.kienzmoor@mailto.plus, First Name=Sable, Last Name=Kienzmoor, Middle Name=Theron, Name Suffix=IV, Phone number=214-555-4519, Social Security Number=950-29-0519, State=Texas, Zip code=75201}]]>
              </value>
            </param>
          </params>
          <reporter-output>
          </reporter-output>
        </test-method> <!-- Plaintiff_Add -->
        <test-method is-config="true" signature="Kill()[pri:0, instance:Enterprise_Codeclouds.Project.Enterprise.Plaintiff_Module@b3ca52e]" started-at="2025-12-31T12:52:05 IST" name="Kill" finished-at="2025-12-31T12:52:05 IST" duration-ms="391" status="PASS">
          <reporter-output>
          </reporter-output>
        </test-method> <!-- Kill -->
        <test-method is-config="true" signature="setup()[pri:0, instance:Enterprise_Codeclouds.Project.Enterprise.Plaintiff_Module@b3ca52e]" started-at="2025-12-31T12:52:05 IST" name="setup" finished-at="2025-12-31T12:52:06 IST" duration-ms="896" status="PASS">
          <reporter-output>
          </reporter-output>
        </test-method> <!-- setup -->
        <test-method signature="Plaintiff_Add(java.util.TreeMap)[pri:0, instance:Enterprise_Codeclouds.Project.Enterprise.Plaintiff_Module@b3ca52e]" started-at="2025-12-31T12:52:06 IST" name="Plaintiff_Add" data-provider="plaintiffData" finished-at="2025-12-31T12:52:20 IST" duration-ms="13693" status="PASS">
          <params>
            <param index="0">
              <value>
                <![CDATA[{Address Line 1=50 S Main St, Address Line 2=Apt 8F, Date of Birth=11/15/1991, Email=tiber.buchenmere@mailto.plus, First Name=Tiber, Last Name=Buchenmere, Middle Name=Ulric, Name Suffix=Jr, Phone number=801-555-4520, Social Security Number=950-30-0520, State=Utah, Zip code=84111}]]>
              </value>
            </param>
          </params>
          <reporter-output>
          </reporter-output>
        </test-method> <!-- Plaintiff_Add -->
        <test-method is-config="true" signature="Kill()[pri:0, instance:Enterprise_Codeclouds.Project.Enterprise.Plaintiff_Module@b3ca52e]" started-at="2025-12-31T12:52:20 IST" name="Kill" finished-at="2025-12-31T12:52:20 IST" duration-ms="406" status="PASS">
          <reporter-output>
          </reporter-output>
        </test-method> <!-- Kill -->
        <test-method is-config="true" signature="setup()[pri:0, instance:Enterprise_Codeclouds.Project.Enterprise.Plaintiff_Module@b3ca52e]" started-at="2025-12-31T12:52:20 IST" name="setup" finished-at="2025-12-31T12:52:21 IST" duration-ms="923" status="PASS">
          <reporter-output>
          </reporter-output>
        </test-method> <!-- setup -->
        <test-method signature="Plaintiff_Add(java.util.TreeMap)[pri:0, instance:Enterprise_Codeclouds.Project.Enterprise.Plaintiff_Module@b3ca52e]" started-at="2025-12-31T12:52:21 IST" name="Plaintiff_Add" data-provider="plaintiffData" finished-at="2025-12-31T12:52:36 IST" duration-ms="14317" status="PASS">
          <params>
            <param index="0">
              <value>
                <![CDATA[{Address Line 1=101 Federal St, Address Line 2=Suite 420, Date of Birth=02/10/1993, Email=ulwin.himmelgrove@mailto.plus, First Name=Ulwin, Last Name=Himmelgrove, Middle Name=Viktor, Name Suffix=II, Phone number=617-555-4521, Social Security Number=950-31-0521, State=Massachusetts, Zip code=02110}]]>
              </value>
            </param>
          </params>
          <reporter-output>
          </reporter-output>
        </test-method> <!-- Plaintiff_Add -->
        <test-method is-config="true" signature="Kill()[pri:0, instance:Enterprise_Codeclouds.Project.Enterprise.Plaintiff_Module@b3ca52e]" started-at="2025-12-31T12:52:36 IST" name="Kill" finished-at="2025-12-31T12:52:37 IST" duration-ms="845" status="PASS">
          <reporter-output>
          </reporter-output>
        </test-method> <!-- Kill -->
        <test-method is-config="true" signature="setup()[pri:0, instance:Enterprise_Codeclouds.Project.Enterprise.Plaintiff_Module@b3ca52e]" started-at="2025-12-31T12:52:37 IST" name="setup" finished-at="2025-12-31T12:52:38 IST" duration-ms="982" status="PASS">
          <reporter-output>
          </reporter-output>
        </test-method> <!-- setup -->
        <test-method signature="Plaintiff_Add(java.util.TreeMap)[pri:0, instance:Enterprise_Codeclouds.Project.Enterprise.Plaintiff_Module@b3ca52e]" started-at="2025-12-31T12:52:38 IST" name="Plaintiff_Add" data-provider="plaintiffData" finished-at="2025-12-31T12:52:51 IST" duration-ms="13671" status="PASS">
          <params>
            <param index="0">
              <value>
                <![CDATA[{Address Line 1=900 Grant St, Address Line 2=Apt 4A, Date of Birth=12/22/1987, Email=vaughan.ziegelcroft@mailto.plus, First Name=Vaughan, Last Name=Ziegelcroft, Middle Name=Willem, Name Suffix=Sr, Phone number=303-555-4522, Social Security Number=950-32-0522, State=Colorado, Zip code=80203}]]>
              </value>
            </param>
          </params>
          <reporter-output>
          </reporter-output>
        </test-method> <!-- Plaintiff_Add -->
        <test-method is-config="true" signature="Kill()[pri:0, instance:Enterprise_Codeclouds.Project.Enterprise.Plaintiff_Module@b3ca52e]" started-at="2025-12-31T12:52:51 IST" name="Kill" finished-at="2025-12-31T12:52:52 IST" duration-ms="285" status="PASS">
          <reporter-output>
          </reporter-output>
        </test-method> <!-- Kill -->
        <test-method is-config="true" signature="setup()[pri:0, instance:Enterprise_Codeclouds.Project.Enterprise.Plaintiff_Module@b3ca52e]" started-at="2025-12-31T12:52:52 IST" name="setup" finished-at="2025-12-31T12:52:52 IST" duration-ms="941" status="PASS">
          <reporter-output>
          </reporter-output>
        </test-method> <!-- setup -->
        <test-method signature="Plaintiff_Add(java.util.TreeMap)[pri:0, instance:Enterprise_Codeclouds.Project.Enterprise.Plaintiff_Module@b3ca52e]" started-at="2025-12-31T12:52:52 IST" name="Plaintiff_Add" data-provider="plaintiffData" finished-at="2025-12-31T12:53:06 IST" duration-ms="13683" status="PASS">
          <params>
            <param index="0">
              <value>
                <![CDATA[{Address Line 1=150 N Pearl St, Address Line 2=Unit 10C, Date of Birth=06/05/1991, Email=wystan.vogelspring@mailto.plus, First Name=Wystan, Last Name=Vogelspring, Middle Name=Xavier, Name Suffix=III, Phone number=214-555-4523, Social Security Number=950-33-0523, State=Texas, Zip code=75202}]]>
              </value>
            </param>
          </params>
          <reporter-output>
          </reporter-output>
        </test-method> <!-- Plaintiff_Add -->
        <test-method is-config="true" signature="Kill()[pri:0, instance:Enterprise_Codeclouds.Project.Enterprise.Plaintiff_Module@b3ca52e]" started-at="2025-12-31T12:53:06 IST" name="Kill" finished-at="2025-12-31T12:53:06 IST" duration-ms="338" status="PASS">
          <reporter-output>
          </reporter-output>
        </test-method> <!-- Kill -->
        <test-method is-config="true" signature="setup()[pri:0, instance:Enterprise_Codeclouds.Project.Enterprise.Plaintiff_Module@b3ca52e]" started-at="2025-12-31T12:53:06 IST" name="setup" finished-at="2025-12-31T12:53:07 IST" duration-ms="995" status="PASS">
          <reporter-output>
          </reporter-output>
        </test-method> <!-- setup -->
        <test-method signature="Plaintiff_Add(java.util.TreeMap)[pri:0, instance:Enterprise_Codeclouds.Project.Enterprise.Plaintiff_Module@b3ca52e]" started-at="2025-12-31T12:53:07 IST" name="Plaintiff_Add" data-provider="plaintiffData" finished-at="2025-12-31T12:53:22 IST" duration-ms="14636" status="PASS">
          <params>
            <param index="0">
              <value>
                <![CDATA[{Address Line 1=233 S Wacker Dr, Address Line 2=Suite 800, Date of Birth=09/09/1990, Email=xeno.schlotterridge@mailto.plus, First Name=Xeno, Last Name=Schlotterridge, Middle Name=Yann, Name Suffix=Jr, Phone number=312-555-4524, Social Security Number=950-34-0524, State=Illinois, Zip code=60606}]]>
              </value>
            </param>
          </params>
          <reporter-output>
          </reporter-output>
        </test-method> <!-- Plaintiff_Add -->
        <test-method is-config="true" signature="Kill()[pri:0, instance:Enterprise_Codeclouds.Project.Enterprise.Plaintiff_Module@b3ca52e]" started-at="2025-12-31T12:53:22 IST" name="Kill" finished-at="2025-12-31T12:53:23 IST" duration-ms="482" status="PASS">
          <reporter-output>
          </reporter-output>
        </test-method> <!-- Kill -->
        <test-method is-config="true" signature="setup()[pri:0, instance:Enterprise_Codeclouds.Project.Enterprise.Plaintiff_Module@b3ca52e]" started-at="2025-12-31T12:53:23 IST" name="setup" finished-at="2025-12-31T12:53:24 IST" duration-ms="931" status="PASS">
          <reporter-output>
          </reporter-output>
        </test-method> <!-- setup -->
        <test-method signature="Plaintiff_Add(java.util.TreeMap)[pri:0, instance:Enterprise_Codeclouds.Project.Enterprise.Plaintiff_Module@b3ca52e]" started-at="2025-12-31T12:53:24 IST" name="Plaintiff_Add" data-provider="plaintiffData" finished-at="2025-12-31T12:53:38 IST" duration-ms="14058" status="PASS">
          <params>
            <param index="0">
              <value>
                <![CDATA[{Address Line 1=1 N Capitol Ave, Address Line 2=Apt 7D, Date of Birth=02/02/1994, Email=yorick.kreuzhaven@mailto.plus, First Name=Yorick, Last Name=Kreuzhaven, Middle Name=Zeno, Name Suffix=II, Phone number=317-555-4525, Social Security Number=950-35-0525, State=Indiana, Zip code=46202}]]>
              </value>
            </param>
          </params>
          <reporter-output>
          </reporter-output>
        </test-method> <!-- Plaintiff_Add -->
        <test-method is-config="true" signature="Kill()[pri:0, instance:Enterprise_Codeclouds.Project.Enterprise.Plaintiff_Module@b3ca52e]" started-at="2025-12-31T12:53:38 IST" name="Kill" finished-at="2025-12-31T12:53:38 IST" duration-ms="378" status="PASS">
          <reporter-output>
          </reporter-output>
        </test-method> <!-- Kill -->
        <test-method is-config="true" signature="setup()[pri:0, instance:Enterprise_Codeclouds.Project.Enterprise.Plaintiff_Module@b3ca52e]" started-at="2025-12-31T12:53:38 IST" name="setup" finished-at="2025-12-31T12:53:39 IST" duration-ms="959" status="PASS">
          <reporter-output>
          </reporter-output>
        </test-method> <!-- setup -->
        <test-method signature="Plaintiff_Add(java.util.TreeMap)[pri:0, instance:Enterprise_Codeclouds.Project.Enterprise.Plaintiff_Module@b3ca52e]" started-at="2025-12-31T12:53:39 IST" name="Plaintiff_Add" data-provider="plaintiffData" finished-at="2025-12-31T12:53:52 IST" duration-ms="13459" status="PASS">
          <params>
            <param index="0">
              <value>
                <![CDATA[{Address Line 1=700 5th Ave, Address Line 2=Floor 9, Date of Birth=10/14/1988, Email=zephyr.brennfield@mailto.plus, First Name=Zephyr, Last Name=Brennfield, Middle Name=Aldo, Name Suffix=Sr, Phone number=206-555-4526, Social Security Number=950-36-0526, State=Washington, Zip code=98104}]]>
              </value>
            </param>
          </params>
          <reporter-output>
          </reporter-output>
        </test-method> <!-- Plaintiff_Add -->
        <test-method is-config="true" signature="Kill()[pri:0, instance:Enterprise_Codeclouds.Project.Enterprise.Plaintiff_Module@b3ca52e]" started-at="2025-12-31T12:53:52 IST" name="Kill" finished-at="2025-12-31T12:53:53 IST" duration-ms="480" status="PASS">
          <reporter-output>
          </reporter-output>
        </test-method> <!-- Kill -->
        <test-method is-config="true" signature="setup()[pri:0, instance:Enterprise_Codeclouds.Project.Enterprise.Plaintiff_Module@b3ca52e]" started-at="2025-12-31T12:53:53 IST" name="setup" finished-at="2025-12-31T12:53:54 IST" duration-ms="959" status="PASS">
          <reporter-output>
          </reporter-output>
        </test-method> <!-- setup -->
        <test-method signature="Plaintiff_Add(java.util.TreeMap)[pri:0, instance:Enterprise_Codeclouds.Project.Enterprise.Plaintiff_Module@b3ca52e]" started-at="2025-12-31T12:53:54 IST" name="Plaintiff_Add" data-provider="plaintiffData" finished-at="2025-12-31T12:54:08 IST" duration-ms="14321" status="PASS">
          <params>
            <param index="0">
              <value>
                <![CDATA[{Address Line 1=800 Peachtree St NE, Address Line 2=Apt 5B, Date of Birth=08/08/1991, Email=aldric.schneeridge@mailto.plus, First Name=Aldric, Last Name=Schneeridge, Middle Name=Bram, Name Suffix=III, Phone number=404-555-4527, Social Security Number=950-37-0527, State=Georgia, Zip code=30308}]]>
              </value>
            </param>
          </params>
          <reporter-output>
          </reporter-output>
        </test-method> <!-- Plaintiff_Add -->
        <test-method is-config="true" signature="Kill()[pri:0, instance:Enterprise_Codeclouds.Project.Enterprise.Plaintiff_Module@b3ca52e]" started-at="2025-12-31T12:54:08 IST" name="Kill" finished-at="2025-12-31T12:54:09 IST" duration-ms="514" status="PASS">
          <reporter-output>
          </reporter-output>
        </test-method> <!-- Kill -->
        <test-method is-config="true" signature="setup()[pri:0, instance:Enterprise_Codeclouds.Project.Enterprise.Plaintiff_Module@b3ca52e]" started-at="2025-12-31T12:54:09 IST" name="setup" finished-at="2025-12-31T12:54:10 IST" duration-ms="927" status="PASS">
          <reporter-output>
          </reporter-output>
        </test-method> <!-- setup -->
        <test-method signature="Plaintiff_Add(java.util.TreeMap)[pri:0, instance:Enterprise_Codeclouds.Project.Enterprise.Plaintiff_Module@b3ca52e]" started-at="2025-12-31T12:54:10 IST" name="Plaintiff_Add" data-provider="plaintiffData" finished-at="2025-12-31T12:54:24 IST" duration-ms="13938" status="PASS">
          <params>
            <param index="0">
              <value>
                <![CDATA[{Address Line 1=3555 S Las Vegas Blvd, Address Line 2=Unit 18A, Date of Birth=01/01/1993, Email=briar.kesselwyn@mailto.plus, First Name=Briar, Last Name=Kesselwyn, Middle Name=Corin, Name Suffix=Jr, Phone number=702-555-4528, Social Security Number=950-38-0528, State=Nevada, Zip code=89109}]]>
              </value>
            </param>
          </params>
          <reporter-output>
          </reporter-output>
        </test-method> <!-- Plaintiff_Add -->
        <test-method is-config="true" signature="Kill()[pri:0, instance:Enterprise_Codeclouds.Project.Enterprise.Plaintiff_Module@b3ca52e]" started-at="2025-12-31T12:54:24 IST" name="Kill" finished-at="2025-12-31T12:54:24 IST" duration-ms="324" status="PASS">
          <reporter-output>
          </reporter-output>
        </test-method> <!-- Kill -->
        <test-method is-config="true" signature="setup()[pri:0, instance:Enterprise_Codeclouds.Project.Enterprise.Plaintiff_Module@b3ca52e]" started-at="2025-12-31T12:54:24 IST" name="setup" finished-at="2025-12-31T12:54:25 IST" duration-ms="1005" status="PASS">
          <reporter-output>
          </reporter-output>
        </test-method> <!-- setup -->
        <test-method signature="Plaintiff_Add(java.util.TreeMap)[pri:0, instance:Enterprise_Codeclouds.Project.Enterprise.Plaintiff_Module@b3ca52e]" started-at="2025-12-31T12:54:25 IST" name="Plaintiff_Add" data-provider="plaintiffData" finished-at="2025-12-31T12:54:38 IST" duration-ms="13492" status="PASS">
          <params>
            <param index="0">
              <value>
                <![CDATA[{Address Line 1=1200 Broadway, Address Line 2=Apt 9E, Date of Birth=06/06/1992, Email=cyran.brandewald@mailto.plus, First Name=Cyran, Last Name=Brandewald, Middle Name=Dane, Name Suffix=II, Phone number=615-555-4529, Social Security Number=950-39-0529, State=Tennessee, Zip code=37203}]]>
              </value>
            </param>
          </params>
          <reporter-output>
          </reporter-output>
        </test-method> <!-- Plaintiff_Add -->
        <test-method is-config="true" signature="Kill()[pri:0, instance:Enterprise_Codeclouds.Project.Enterprise.Plaintiff_Module@b3ca52e]" started-at="2025-12-31T12:54:38 IST" name="Kill" finished-at="2025-12-31T12:54:39 IST" duration-ms="428" status="PASS">
          <reporter-output>
          </reporter-output>
        </test-method> <!-- Kill -->
        <test-method is-config="true" signature="setup()[pri:0, instance:Enterprise_Codeclouds.Project.Enterprise.Plaintiff_Module@b3ca52e]" started-at="2025-12-31T12:54:39 IST" name="setup" finished-at="2025-12-31T12:54:40 IST" duration-ms="978" status="PASS">
          <reporter-output>
          </reporter-output>
        </test-method> <!-- setup -->
        <test-method signature="Plaintiff_Add(java.util.TreeMap)[pri:0, instance:Enterprise_Codeclouds.Project.Enterprise.Plaintiff_Module@b3ca52e]" started-at="2025-12-31T12:54:40 IST" name="Plaintiff_Add" data-provider="plaintiffData" finished-at="2025-12-31T12:54:54 IST" duration-ms="14020" status="PASS">
          <params>
            <param index="0">
              <value>
                <![CDATA[{Address Line 1=100 S Main St, Address Line 2=Suite 600, Date of Birth=12/12/1987, Email=dario.hartmere@mailto.plus, First Name=Dario, Last Name=Hartmere, Middle Name=Elias, Name Suffix=Sr, Phone number=801-555-4530, Social Security Number=950-40-0530, State=Utah, Zip code=84101}]]>
              </value>
            </param>
          </params>
          <reporter-output>
          </reporter-output>
        </test-method> <!-- Plaintiff_Add -->
        <test-method is-config="true" signature="Kill()[pri:0, instance:Enterprise_Codeclouds.Project.Enterprise.Plaintiff_Module@b3ca52e]" started-at="2025-12-31T12:54:54 IST" name="Kill" finished-at="2025-12-31T12:54:54 IST" duration-ms="428" status="PASS">
          <reporter-output>
          </reporter-output>
        </test-method> <!-- Kill -->
        <test-method is-config="true" signature="setup()[pri:0, instance:Enterprise_Codeclouds.Project.Enterprise.Plaintiff_Module@b3ca52e]" started-at="2025-12-31T12:54:54 IST" name="setup" finished-at="2025-12-31T12:54:55 IST" duration-ms="902" status="PASS">
          <reporter-output>
          </reporter-output>
        </test-method> <!-- setup -->
        <test-method signature="Plaintiff_Add(java.util.TreeMap)[pri:0, instance:Enterprise_Codeclouds.Project.Enterprise.Plaintiff_Module@b3ca52e]" started-at="2025-12-31T12:54:55 IST" name="Plaintiff_Add" data-provider="plaintiffData" finished-at="2025-12-31T12:55:09 IST" duration-ms="13499" status="PASS">
          <params>
            <param index="0">
              <value>
                <![CDATA[{Address Line 1=100 S Orange Ave, Address Line 2=Unit 18, Date of Birth=09/20/1990, Email=elwood.kronenvail@mailto.plus, First Name=Elwood, Last Name=Kronenvail, Middle Name=Fionn, Name Suffix=III, Phone number=407-555-4531, Social Security Number=950-41-0531, State=Florida, Zip code=32801}]]>
              </value>
            </param>
          </params>
          <reporter-output>
          </reporter-output>
        </test-method> <!-- Plaintiff_Add -->
        <test-method is-config="true" signature="Kill()[pri:0, instance:Enterprise_Codeclouds.Project.Enterprise.Plaintiff_Module@b3ca52e]" started-at="2025-12-31T12:55:09 IST" name="Kill" finished-at="2025-12-31T12:55:09 IST" duration-ms="304" status="PASS">
          <reporter-output>
          </reporter-output>
        </test-method> <!-- Kill -->
        <test-method is-config="true" signature="setup()[pri:0, instance:Enterprise_Codeclouds.Project.Enterprise.Plaintiff_Module@b3ca52e]" started-at="2025-12-31T12:55:09 IST" name="setup" finished-at="2025-12-31T12:55:10 IST" duration-ms="914" status="PASS">
          <reporter-output>
          </reporter-output>
        </test-method> <!-- setup -->
        <test-method signature="Plaintiff_Add(java.util.TreeMap)[pri:0, instance:Enterprise_Codeclouds.Project.Enterprise.Plaintiff_Module@b3ca52e]" started-at="2025-12-31T12:55:10 IST" name="Plaintiff_Add" data-provider="plaintiffData" finished-at="2025-12-31T12:55:23 IST" duration-ms="13377" status="PASS">
          <params>
            <param index="0">
              <value>
                <![CDATA[{Address Line 1=50 3rd St, Address Line 2=Apt 6, Date of Birth=01/27/1992, Email=falk.schwarzridge@mailto.plus, First Name=Falk, Last Name=Schwarzridge, Middle Name=Gustaf, Name Suffix=Jr, Phone number=415-555-4532, Social Security Number=950-42-0532, State=California, Zip code=94103}]]>
              </value>
            </param>
          </params>
          <reporter-output>
          </reporter-output>
        </test-method> <!-- Plaintiff_Add -->
        <test-method is-config="true" signature="Kill()[pri:0, instance:Enterprise_Codeclouds.Project.Enterprise.Plaintiff_Module@b3ca52e]" started-at="2025-12-31T12:55:23 IST" name="Kill" finished-at="2025-12-31T12:55:24 IST" duration-ms="485" status="PASS">
          <reporter-output>
          </reporter-output>
        </test-method> <!-- Kill -->
        <test-method is-config="true" signature="setup()[pri:0, instance:Enterprise_Codeclouds.Project.Enterprise.Plaintiff_Module@b3ca52e]" started-at="2025-12-31T12:55:24 IST" name="setup" finished-at="2025-12-31T12:55:25 IST" duration-ms="952" status="PASS">
          <reporter-output>
          </reporter-output>
        </test-method> <!-- setup -->
        <test-method signature="Plaintiff_Add(java.util.TreeMap)[pri:0, instance:Enterprise_Codeclouds.Project.Enterprise.Plaintiff_Module@b3ca52e]" started-at="2025-12-31T12:55:25 IST" name="Plaintiff_Add" data-provider="plaintiffData" finished-at="2025-12-31T12:55:39 IST" duration-ms="14611" status="PASS">
          <params>
            <param index="0">
              <value>
                <![CDATA[{Address Line 1=700 SW 5th Ave, Address Line 2=Suite 410, Date of Birth=03/03/1991, Email=garrick.fichtenmoor@mailto.plus, First Name=Garrick, Last Name=Fichtenmoor, Middle Name=Hale, Name Suffix=II, Phone number=503-555-4533, Social Security Number=950-43-0533, State=Oregon, Zip code=97204}]]>
              </value>
            </param>
          </params>
          <reporter-output>
          </reporter-output>
        </test-method> <!-- Plaintiff_Add -->
        <test-method is-config="true" signature="Kill()[pri:0, instance:Enterprise_Codeclouds.Project.Enterprise.Plaintiff_Module@b3ca52e]" started-at="2025-12-31T12:55:39 IST" name="Kill" finished-at="2025-12-31T12:55:40 IST" duration-ms="438" status="PASS">
          <reporter-output>
          </reporter-output>
        </test-method> <!-- Kill -->
        <test-method is-config="true" signature="setup()[pri:0, instance:Enterprise_Codeclouds.Project.Enterprise.Plaintiff_Module@b3ca52e]" started-at="2025-12-31T12:55:40 IST" name="setup" finished-at="2025-12-31T12:55:41 IST" duration-ms="1163" status="PASS">
          <reporter-output>
          </reporter-output>
        </test-method> <!-- setup -->
        <test-method signature="Plaintiff_Add(java.util.TreeMap)[pri:0, instance:Enterprise_Codeclouds.Project.Enterprise.Plaintiff_Module@b3ca52e]" started-at="2025-12-31T12:55:41 IST" name="Plaintiff_Add" data-provider="plaintiffData" finished-at="2025-12-31T12:55:55 IST" duration-ms="13996" status="PASS">
          <params>
            <param index="0">
              <value>
                <![CDATA[{Address Line 1=120 E State St, Address Line 2=Unit 9, Date of Birth=12/01/1989, Email=halvor.sonnenbrook@mailto.plus, First Name=Halvor, Last Name=Sonnenbrook, Middle Name=Ilan, Name Suffix=Sr, Phone number=609-555-4534, Social Security Number=950-44-0534, State=New Jersey, Zip code=08608}]]>
              </value>
            </param>
          </params>
          <reporter-output>
          </reporter-output>
        </test-method> <!-- Plaintiff_Add -->
        <test-method is-config="true" signature="Kill()[pri:0, instance:Enterprise_Codeclouds.Project.Enterprise.Plaintiff_Module@b3ca52e]" started-at="2025-12-31T12:55:55 IST" name="Kill" finished-at="2025-12-31T12:55:55 IST" duration-ms="354" status="PASS">
          <reporter-output>
          </reporter-output>
        </test-method> <!-- Kill -->
        <test-method is-config="true" signature="setup()[pri:0, instance:Enterprise_Codeclouds.Project.Enterprise.Plaintiff_Module@b3ca52e]" started-at="2025-12-31T12:55:55 IST" name="setup" finished-at="2025-12-31T12:55:56 IST" duration-ms="925" status="PASS">
          <reporter-output>
          </reporter-output>
        </test-method> <!-- setup -->
        <test-method signature="Plaintiff_Add(java.util.TreeMap)[pri:0, instance:Enterprise_Codeclouds.Project.Enterprise.Plaintiff_Module@b3ca52e]" started-at="2025-12-31T12:55:56 IST" name="Plaintiff_Add" data-provider="plaintiffData" finished-at="2025-12-31T12:56:09 IST" duration-ms="12829" status="PASS">
          <params>
            <param index="0">
              <value>
                <![CDATA[{Address Line 1=100 W Washington St, Address Line 2=Apt 12, Date of Birth=06/18/1990, Email=isen.wintercoil@mailto.plus, First Name=Isen, Last Name=Wintercoil, Middle Name=Jasper, Name Suffix=III, Phone number=602-555-4535, Social Security Number=950-45-0535, State=Arizona, Zip code=85003}]]>
              </value>
            </param>
          </params>
          <reporter-output>
          </reporter-output>
        </test-method> <!-- Plaintiff_Add -->
        <test-method is-config="true" signature="Kill()[pri:0, instance:Enterprise_Codeclouds.Project.Enterprise.Plaintiff_Module@b3ca52e]" started-at="2025-12-31T12:56:09 IST" name="Kill" finished-at="2025-12-31T12:56:09 IST" duration-ms="247" status="PASS">
          <reporter-output>
          </reporter-output>
        </test-method> <!-- Kill -->
        <test-method is-config="true" signature="setup()[pri:0, instance:Enterprise_Codeclouds.Project.Enterprise.Plaintiff_Module@b3ca52e]" started-at="2025-12-31T12:56:09 IST" name="setup" finished-at="2025-12-31T12:56:10 IST" duration-ms="883" status="PASS">
          <reporter-output>
          </reporter-output>
        </test-method> <!-- setup -->
        <test-method signature="Plaintiff_Add(java.util.TreeMap)[pri:0, instance:Enterprise_Codeclouds.Project.Enterprise.Plaintiff_Module@b3ca52e]" started-at="2025-12-31T12:56:10 IST" name="Plaintiff_Add" data-provider="plaintiffData" finished-at="2025-12-31T12:56:25 IST" duration-ms="15090" status="PASS">
          <params>
            <param index="0">
              <value>
                <![CDATA[{Address Line 1=500 Westlake Ave N, Address Line 2=Unit 7, Date of Birth=10/10/1992, Email=jareth.bergstrum@mailto.plus, First Name=Jareth, Last Name=Bergstrum, Middle Name=Kieran, Name Suffix=II, Phone number=206-555-4536, Social Security Number=950-46-0536, State=Washington, Zip code=98109}]]>
              </value>
            </param>
          </params>
          <reporter-output>
          </reporter-output>
        </test-method> <!-- Plaintiff_Add -->
        <test-method is-config="true" signature="Kill()[pri:0, instance:Enterprise_Codeclouds.Project.Enterprise.Plaintiff_Module@b3ca52e]" started-at="2025-12-31T12:56:25 IST" name="Kill" finished-at="2025-12-31T12:56:26 IST" duration-ms="479" status="PASS">
          <reporter-output>
          </reporter-output>
        </test-method> <!-- Kill -->
        <test-method is-config="true" signature="setup()[pri:0, instance:Enterprise_Codeclouds.Project.Enterprise.Plaintiff_Module@b3ca52e]" started-at="2025-12-31T12:56:26 IST" name="setup" finished-at="2025-12-31T12:56:27 IST" duration-ms="904" status="PASS">
          <reporter-output>
          </reporter-output>
        </test-method> <!-- setup -->
        <test-method signature="Plaintiff_Add(java.util.TreeMap)[pri:0, instance:Enterprise_Codeclouds.Project.Enterprise.Plaintiff_Module@b3ca52e]" started-at="2025-12-31T12:56:27 IST" name="Plaintiff_Add" data-provider="plaintiffData" finished-at="2025-12-31T12:56:40 IST" duration-ms="13285" status="PASS">
          <params>
            <param index="0">
              <value>
                <![CDATA[{Address Line 1=150 N High St, Address Line 2=Suite 220, Date of Birth=01/05/1994, Email=kellan.rosenwirth@mailto.plus, First Name=Kellan, Last Name=Rosenwirth, Middle Name=Lucan, Name Suffix=Jr, Phone number=614-555-4537, Social Security Number=950-47-0537, State=Ohio, Zip code=43215}]]>
              </value>
            </param>
          </params>
          <reporter-output>
          </reporter-output>
        </test-method> <!-- Plaintiff_Add -->
        <test-method is-config="true" signature="Kill()[pri:0, instance:Enterprise_Codeclouds.Project.Enterprise.Plaintiff_Module@b3ca52e]" started-at="2025-12-31T12:56:40 IST" name="Kill" finished-at="2025-12-31T12:56:40 IST" duration-ms="536" status="PASS">
          <reporter-output>
          </reporter-output>
        </test-method> <!-- Kill -->
        <test-method is-config="true" signature="setup()[pri:0, instance:Enterprise_Codeclouds.Project.Enterprise.Plaintiff_Module@b3ca52e]" started-at="2025-12-31T12:56:40 IST" name="setup" finished-at="2025-12-31T12:56:41 IST" duration-ms="894" status="PASS">
          <reporter-output>
          </reporter-output>
        </test-method> <!-- setup -->
        <test-method signature="Plaintiff_Add(java.util.TreeMap)[pri:0, instance:Enterprise_Codeclouds.Project.Enterprise.Plaintiff_Module@b3ca52e]" started-at="2025-12-31T12:56:41 IST" name="Plaintiff_Add" data-provider="plaintiffData" finished-at="2025-12-31T12:56:55 IST" duration-ms="13419" status="PASS">
          <params>
            <param index="0">
              <value>
                <![CDATA[{Address Line 1=900 W Randolph St, Address Line 2=Unit 14, Date of Birth=09/09/1991, Email=lorian.falkenwick@mailto.plus, First Name=Lorian, Last Name=Falkenwick, Middle Name=Milo, Name Suffix=III, Phone number=312-555-4538, Social Security Number=950-48-0538, State=Illinois, Zip code=60607}]]>
              </value>
            </param>
          </params>
          <reporter-output>
          </reporter-output>
        </test-method> <!-- Plaintiff_Add -->
        <test-method is-config="true" signature="Kill()[pri:0, instance:Enterprise_Codeclouds.Project.Enterprise.Plaintiff_Module@b3ca52e]" started-at="2025-12-31T12:56:55 IST" name="Kill" finished-at="2025-12-31T12:56:55 IST" duration-ms="453" status="PASS">
          <reporter-output>
          </reporter-output>
        </test-method> <!-- Kill -->
        <test-method is-config="true" signature="setup()[pri:0, instance:Enterprise_Codeclouds.Project.Enterprise.Plaintiff_Module@b3ca52e]" started-at="2025-12-31T12:56:55 IST" name="setup" finished-at="2025-12-31T12:56:56 IST" duration-ms="929" status="PASS">
          <reporter-output>
          </reporter-output>
        </test-method> <!-- setup -->
        <test-method signature="Plaintiff_Add(java.util.TreeMap)[pri:0, instance:Enterprise_Codeclouds.Project.Enterprise.Plaintiff_Module@b3ca52e]" started-at="2025-12-31T12:56:56 IST" name="Plaintiff_Add" data-provider="plaintiffData" finished-at="2025-12-31T12:57:09 IST" duration-ms="12803" status="PASS">
          <params>
            <param index="0">
              <value>
                <![CDATA[{Address Line 1=500 Woodward Ave, Address Line 2=Floor 10, Date of Birth=12/28/1988, Email=maddox.eberhollow@mailto.plus, First Name=Maddox, Last Name=Eberhollow, Middle Name=Nico, Name Suffix=II, Phone number=313-555-4539, Social Security Number=950-49-0539, State=Michigan, Zip code=48226}]]>
              </value>
            </param>
          </params>
          <reporter-output>
          </reporter-output>
        </test-method> <!-- Plaintiff_Add -->
        <test-method is-config="true" signature="Kill()[pri:0, instance:Enterprise_Codeclouds.Project.Enterprise.Plaintiff_Module@b3ca52e]" started-at="2025-12-31T12:57:09 IST" name="Kill" finished-at="2025-12-31T12:57:09 IST" duration-ms="261" status="PASS">
          <reporter-output>
          </reporter-output>
        </test-method> <!-- Kill -->
        <test-method is-config="true" signature="setup()[pri:0, instance:Enterprise_Codeclouds.Project.Enterprise.Plaintiff_Module@b3ca52e]" started-at="2025-12-31T12:57:09 IST" name="setup" finished-at="2025-12-31T12:57:10 IST" duration-ms="952" status="PASS">
          <reporter-output>
          </reporter-output>
        </test-method> <!-- setup -->
        <test-method signature="Plaintiff_Add(java.util.TreeMap)[pri:0, instance:Enterprise_Codeclouds.Project.Enterprise.Plaintiff_Module@b3ca52e]" started-at="2025-12-31T12:57:10 IST" name="Plaintiff_Add" data-provider="plaintiffData" finished-at="2025-12-31T12:57:23 IST" duration-ms="12965" status="PASS">
          <params>
            <param index="0">
              <value>
                <![CDATA[{Address Line 1=1000 Elm St, Address Line 2=Apt 2, Date of Birth=04/24/1990, Email=nerys.hochfeld@mailto.plus, First Name=Nerys, Last Name=Hochfeld, Middle Name=Otis, Name Suffix=Sr, Phone number=603-555-4540, Social Security Number=950-50-0540, State=New Hampshire, Zip code=03101}]]>
              </value>
            </param>
          </params>
          <reporter-output>
          </reporter-output>
        </test-method> <!-- Plaintiff_Add -->
        <test-method is-config="true" signature="Kill()[pri:0, instance:Enterprise_Codeclouds.Project.Enterprise.Plaintiff_Module@b3ca52e]" started-at="2025-12-31T12:57:23 IST" name="Kill" finished-at="2025-12-31T12:57:23 IST" duration-ms="253" status="PASS">
          <reporter-output>
          </reporter-output>
        </test-method> <!-- Kill -->
        <test-method is-config="true" signature="setup()[pri:0, instance:Enterprise_Codeclouds.Project.Enterprise.Plaintiff_Module@b3ca52e]" started-at="2025-12-31T12:57:23 IST" name="setup" finished-at="2025-12-31T12:57:24 IST" duration-ms="909" status="PASS">
          <reporter-output>
          </reporter-output>
        </test-method> <!-- setup -->
        <test-method signature="Plaintiff_Add(java.util.TreeMap)[pri:0, instance:Enterprise_Codeclouds.Project.Enterprise.Plaintiff_Module@b3ca52e]" started-at="2025-12-31T12:57:24 IST" name="Plaintiff_Add" data-provider="plaintiffData" finished-at="2025-12-31T12:57:38 IST" duration-ms="13311" status="PASS">
          <params>
            <param index="0">
              <value>
                <![CDATA[{Address Line 1=500 S Decatur Blvd, Address Line 2=Unit 4B, Date of Birth=11/21/1991, Email=orwyn.schwerdtvale@mailto.plus, First Name=Orwyn, Last Name=Schwerdtvale, Middle Name=Pax, Name Suffix=III, Phone number=702-555-4541, Social Security Number=950-51-0541, State=Nevada, Zip code=89103}]]>
              </value>
            </param>
          </params>
          <reporter-output>
          </reporter-output>
        </test-method> <!-- Plaintiff_Add -->
        <test-method is-config="true" signature="Kill()[pri:0, instance:Enterprise_Codeclouds.Project.Enterprise.Plaintiff_Module@b3ca52e]" started-at="2025-12-31T12:57:38 IST" name="Kill" finished-at="2025-12-31T12:57:38 IST" duration-ms="252" status="PASS">
          <reporter-output>
          </reporter-output>
        </test-method> <!-- Kill -->
        <test-method is-config="true" signature="setup()[pri:0, instance:Enterprise_Codeclouds.Project.Enterprise.Plaintiff_Module@b3ca52e]" started-at="2025-12-31T12:57:38 IST" name="setup" finished-at="2025-12-31T12:57:39 IST" duration-ms="896" status="PASS">
          <reporter-output>
          </reporter-output>
        </test-method> <!-- setup -->
        <test-method signature="Plaintiff_Add(java.util.TreeMap)[pri:0, instance:Enterprise_Codeclouds.Project.Enterprise.Plaintiff_Module@b3ca52e]" started-at="2025-12-31T12:57:39 IST" name="Plaintiff_Add" data-provider="plaintiffData" finished-at="2025-12-31T12:57:52 IST" duration-ms="12867" status="PASS">
          <params>
            <param index="0">
              <value>
                <![CDATA[{Address Line 1=50 S Capitol Ave, Address Line 2=Suite 300, Date of Birth=01/19/1993, Email=phelan.hirschmoor@mailto.plus, First Name=Phelan, Last Name=Hirschmoor, Middle Name=Quade, Name Suffix=Jr, Phone number=317-555-4542, Social Security Number=950-52-0542, State=Indiana, Zip code=46225}]]>
              </value>
            </param>
          </params>
          <reporter-output>
          </reporter-output>
        </test-method> <!-- Plaintiff_Add -->
        <test-method is-config="true" signature="Kill()[pri:0, instance:Enterprise_Codeclouds.Project.Enterprise.Plaintiff_Module@b3ca52e]" started-at="2025-12-31T12:57:52 IST" name="Kill" finished-at="2025-12-31T12:57:52 IST" duration-ms="255" status="PASS">
          <reporter-output>
          </reporter-output>
        </test-method> <!-- Kill -->
        <test-method is-config="true" signature="setup()[pri:0, instance:Enterprise_Codeclouds.Project.Enterprise.Plaintiff_Module@b3ca52e]" started-at="2025-12-31T12:57:52 IST" name="setup" finished-at="2025-12-31T12:57:53 IST" duration-ms="880" status="PASS">
          <reporter-output>
          </reporter-output>
        </test-method> <!-- setup -->
        <test-method signature="Plaintiff_Add(java.util.TreeMap)[pri:0, instance:Enterprise_Codeclouds.Project.Enterprise.Plaintiff_Module@b3ca52e]" started-at="2025-12-31T12:57:53 IST" name="Plaintiff_Add" data-provider="plaintiffData" finished-at="2025-12-31T12:58:06 IST" duration-ms="13259" status="PASS">
          <params>
            <param index="0">
              <value>
                <![CDATA[{Address Line 1=250 Church St, Address Line 2=Apt 14B, Date of Birth=07/08/1994, Email=quillan.neubergin@mailto.plus, First Name=Quillan, Last Name=Neubergin, Middle Name=Rafe, Name Suffix=II, Phone number=615-555-4543, Social Security Number=950-53-0543, State=Tennessee, Zip code=37219}]]>
              </value>
            </param>
          </params>
          <reporter-output>
          </reporter-output>
        </test-method> <!-- Plaintiff_Add -->
        <test-method is-config="true" signature="Kill()[pri:0, instance:Enterprise_Codeclouds.Project.Enterprise.Plaintiff_Module@b3ca52e]" started-at="2025-12-31T12:58:06 IST" name="Kill" finished-at="2025-12-31T12:58:06 IST" duration-ms="427" status="PASS">
          <reporter-output>
          </reporter-output>
        </test-method> <!-- Kill -->
        <test-method is-config="true" signature="setup()[pri:0, instance:Enterprise_Codeclouds.Project.Enterprise.Plaintiff_Module@b3ca52e]" started-at="2025-12-31T12:58:06 IST" name="setup" finished-at="2025-12-31T12:58:07 IST" duration-ms="874" status="PASS">
          <reporter-output>
          </reporter-output>
        </test-method> <!-- setup -->
        <test-method signature="Plaintiff_Add(java.util.TreeMap)[pri:0, instance:Enterprise_Codeclouds.Project.Enterprise.Plaintiff_Module@b3ca52e]" started-at="2025-12-31T12:58:07 IST" name="Plaintiff_Add" data-provider="plaintiffData" finished-at="2025-12-31T12:58:21 IST" duration-ms="13387" status="PASS">
          <params>
            <param index="0">
              <value>
                <![CDATA[{Address Line 1=200 Brickell Ave, Address Line 2=Apt 9A, Date of Birth=02/13/1987, Email=riven.kornbrook@mailto.plus, First Name=Riven, Last Name=Kornbrook, Middle Name=Simeon, Name Suffix=Sr, Phone number=305-555-4544, Social Security Number=950-54-0544, State=Florida, Zip code=33130}]]>
              </value>
            </param>
          </params>
          <reporter-output>
          </reporter-output>
        </test-method> <!-- Plaintiff_Add -->
        <test-method is-config="true" signature="Kill()[pri:0, instance:Enterprise_Codeclouds.Project.Enterprise.Plaintiff_Module@b3ca52e]" started-at="2025-12-31T12:58:21 IST" name="Kill" finished-at="2025-12-31T12:58:21 IST" duration-ms="290" status="PASS">
          <reporter-output>
          </reporter-output>
        </test-method> <!-- Kill -->
        <test-method is-config="true" signature="setup()[pri:0, instance:Enterprise_Codeclouds.Project.Enterprise.Plaintiff_Module@b3ca52e]" started-at="2025-12-31T12:58:21 IST" name="setup" finished-at="2025-12-31T12:58:22 IST" duration-ms="911" status="PASS">
          <reporter-output>
          </reporter-output>
        </test-method> <!-- setup -->
        <test-method signature="Plaintiff_Add(java.util.TreeMap)[pri:0, instance:Enterprise_Codeclouds.Project.Enterprise.Plaintiff_Module@b3ca52e]" started-at="2025-12-31T12:58:22 IST" name="Plaintiff_Add" data-provider="plaintiffData" finished-at="2025-12-31T12:58:35 IST" duration-ms="12922" status="PASS">
          <params>
            <param index="0">
              <value>
                <![CDATA[{Address Line 1=2121 6th Ave, Address Line 2=Apt 12D, Date of Birth=03/14/1990, Email=silas.schwanewick@mailto.plus, First Name=Silas, Last Name=Schwanewick, Middle Name=Tomas, Name Suffix=III, Phone number=206-555-4545, Social Security Number=950-55-0545, State=Washington, Zip code=98121}]]>
              </value>
            </param>
          </params>
          <reporter-output>
          </reporter-output>
        </test-method> <!-- Plaintiff_Add -->
        <test-method is-config="true" signature="Kill()[pri:0, instance:Enterprise_Codeclouds.Project.Enterprise.Plaintiff_Module@b3ca52e]" started-at="2025-12-31T12:58:35 IST" name="Kill" finished-at="2025-12-31T12:58:35 IST" duration-ms="243" status="PASS">
          <reporter-output>
          </reporter-output>
        </test-method> <!-- Kill -->
        <test-method is-config="true" signature="setup()[pri:0, instance:Enterprise_Codeclouds.Project.Enterprise.Plaintiff_Module@b3ca52e]" started-at="2025-12-31T12:58:35 IST" name="setup" finished-at="2025-12-31T12:58:36 IST" duration-ms="899" status="PASS">
          <reporter-output>
          </reporter-output>
        </test-method> <!-- setup -->
        <test-method signature="Plaintiff_Add(java.util.TreeMap)[pri:0, instance:Enterprise_Codeclouds.Project.Enterprise.Plaintiff_Module@b3ca52e]" started-at="2025-12-31T12:58:36 IST" name="Plaintiff_Add" data-provider="plaintiffData" finished-at="2025-12-31T12:58:49 IST" duration-ms="13218" status="PASS">
          <params>
            <param index="0">
              <value>
                <![CDATA[{Address Line 1=190 Marietta St NW, Address Line 2=Apt 6F, Date of Birth=12/05/1991, Email=tavian.tannhaevik@mailto.plus, First Name=Tavian, Last Name=Tannhaevik, Middle Name=Ulmer, Name Suffix=Jr, Phone number=404-555-4546, Social Security Number=950-56-0546, State=Georgia, Zip code=30313}]]>
              </value>
            </param>
          </params>
          <reporter-output>
          </reporter-output>
        </test-method> <!-- Plaintiff_Add -->
        <test-method is-config="true" signature="Kill()[pri:0, instance:Enterprise_Codeclouds.Project.Enterprise.Plaintiff_Module@b3ca52e]" started-at="2025-12-31T12:58:49 IST" name="Kill" finished-at="2025-12-31T12:58:49 IST" duration-ms="258" status="PASS">
          <reporter-output>
          </reporter-output>
        </test-method> <!-- Kill -->
        <test-method is-config="true" signature="setup()[pri:0, instance:Enterprise_Codeclouds.Project.Enterprise.Plaintiff_Module@b3ca52e]" started-at="2025-12-31T12:58:49 IST" name="setup" finished-at="2025-12-31T12:58:50 IST" duration-ms="885" status="PASS">
          <reporter-output>
          </reporter-output>
        </test-method> <!-- setup -->
        <test-method signature="Plaintiff_Add(java.util.TreeMap)[pri:0, instance:Enterprise_Codeclouds.Project.Enterprise.Plaintiff_Module@b3ca52e]" started-at="2025-12-31T12:58:50 IST" name="Plaintiff_Add" data-provider="plaintiffData" finished-at="2025-12-31T12:59:04 IST" duration-ms="13353" status="PASS">
          <params>
            <param index="0">
              <value>
                <![CDATA[{Address Line 1=1200 Topeka Blvd, Address Line 2=Unit 9D, Date of Birth=09/30/1992, Email=ulric.edelwirth@mailto.plus, First Name=Ulric, Last Name=Edelwirth, Middle Name=Vance, Name Suffix=II, Phone number=785-555-4547, Social Security Number=950-57-0547, State=Kansas, Zip code=66604}]]>
              </value>
            </param>
          </params>
          <reporter-output>
          </reporter-output>
        </test-method> <!-- Plaintiff_Add -->
        <test-method is-config="true" signature="Kill()[pri:0, instance:Enterprise_Codeclouds.Project.Enterprise.Plaintiff_Module@b3ca52e]" started-at="2025-12-31T12:59:04 IST" name="Kill" finished-at="2025-12-31T12:59:04 IST" duration-ms="508" status="PASS">
          <reporter-output>
          </reporter-output>
        </test-method> <!-- Kill -->
        <test-method is-config="true" signature="setup()[pri:0, instance:Enterprise_Codeclouds.Project.Enterprise.Plaintiff_Module@b3ca52e]" started-at="2025-12-31T12:59:04 IST" name="setup" finished-at="2025-12-31T12:59:05 IST" duration-ms="880" status="PASS">
          <reporter-output>
          </reporter-output>
        </test-method> <!-- setup -->
        <test-method signature="Plaintiff_Add(java.util.TreeMap)[pri:0, instance:Enterprise_Codeclouds.Project.Enterprise.Plaintiff_Module@b3ca52e]" started-at="2025-12-31T12:59:05 IST" name="Plaintiff_Add" data-provider="plaintiffData" finished-at="2025-12-31T12:59:18 IST" duration-ms="12975" status="PASS">
          <params>
            <param index="0">
              <value>
                <![CDATA[{Address Line 1=1000 Elm St, Address Line 2=Apt 5C, Date of Birth=06/26/1989, Email=valen.frostwick@mailto.plus, First Name=Valen, Last Name=Frostwick, Middle Name=Wren, Name Suffix=Sr, Phone number=603-555-4548, Social Security Number=950-58-0548, State=New Hampshire, Zip code=03101}]]>
              </value>
            </param>
          </params>
          <reporter-output>
          </reporter-output>
        </test-method> <!-- Plaintiff_Add -->
        <test-method is-config="true" signature="Kill()[pri:0, instance:Enterprise_Codeclouds.Project.Enterprise.Plaintiff_Module@b3ca52e]" started-at="2025-12-31T12:59:18 IST" name="Kill" finished-at="2025-12-31T12:59:18 IST" duration-ms="267" status="PASS">
          <reporter-output>
          </reporter-output>
        </test-method> <!-- Kill -->
        <test-method is-config="true" signature="setup()[pri:0, instance:Enterprise_Codeclouds.Project.Enterprise.Plaintiff_Module@b3ca52e]" started-at="2025-12-31T12:59:18 IST" name="setup" finished-at="2025-12-31T12:59:19 IST" duration-ms="915" status="PASS">
          <reporter-output>
          </reporter-output>
        </test-method> <!-- setup -->
        <test-method signature="Plaintiff_Add(java.util.TreeMap)[pri:0, instance:Enterprise_Codeclouds.Project.Enterprise.Plaintiff_Module@b3ca52e]" started-at="2025-12-31T12:59:19 IST" name="Plaintiff_Add" data-provider="plaintiffData" finished-at="2025-12-31T12:59:32 IST" duration-ms="13184" status="PASS">
          <params>
            <param index="0">
              <value>
                <![CDATA[{Address Line 1=1 Canal St, Address Line 2=Apt 7B, Date of Birth=10/05/1989, Email=wendell.hohenmere@mailto.plus, First Name=Wendell, Last Name=Hohenmere, Middle Name=Xander, Name Suffix=III, Phone number=504-555-4549, Social Security Number=950-59-0549, State=Louisiana, Zip code=70130}]]>
              </value>
            </param>
          </params>
          <reporter-output>
          </reporter-output>
        </test-method> <!-- Plaintiff_Add -->
        <test-method is-config="true" signature="Kill()[pri:0, instance:Enterprise_Codeclouds.Project.Enterprise.Plaintiff_Module@b3ca52e]" started-at="2025-12-31T12:59:32 IST" name="Kill" finished-at="2025-12-31T12:59:33 IST" duration-ms="398" status="PASS">
          <reporter-output>
          </reporter-output>
        </test-method> <!-- Kill -->
        <test-method is-config="true" signature="setup()[pri:0, instance:Enterprise_Codeclouds.Project.Enterprise.Plaintiff_Module@b3ca52e]" started-at="2025-12-31T12:59:33 IST" name="setup" finished-at="2025-12-31T12:59:34 IST" duration-ms="926" status="PASS">
          <reporter-output>
          </reporter-output>
        </test-method> <!-- setup -->
        <test-method signature="Plaintiff_Add(java.util.TreeMap)[pri:0, instance:Enterprise_Codeclouds.Project.Enterprise.Plaintiff_Module@b3ca52e]" started-at="2025-12-31T12:59:34 IST" name="Plaintiff_Add" data-provider="plaintiffData" finished-at="2025-12-31T12:59:48 IST" duration-ms="14283" status="PASS">
          <params>
            <param index="0">
              <value>
                <![CDATA[{Address Line 1=3000 McKinney Ave, Address Line 2=Unit 7C, Date of Birth=01/30/1992, Email=xavian.schreiberwyn@mailto.plus, First Name=Xavian, Last Name=Schreiberwyn, Middle Name=Yulian, Name Suffix=II, Phone number=214-555-4550, Social Security Number=950-60-0550, State=Texas, Zip code=75204}]]>
              </value>
            </param>
          </params>
          <reporter-output>
          </reporter-output>
        </test-method> <!-- Plaintiff_Add -->
        <test-method is-config="true" signature="Kill()[pri:0, instance:Enterprise_Codeclouds.Project.Enterprise.Plaintiff_Module@b3ca52e]" started-at="2025-12-31T12:59:48 IST" name="Kill" finished-at="2025-12-31T12:59:48 IST" duration-ms="450" status="PASS">
          <reporter-output>
          </reporter-output>
        </test-method> <!-- Kill -->
      </class> <!-- Enterprise_Codeclouds.Project.Enterprise.Plaintiff_Module -->
      <class name="Enterprise_Codeclouds.Project.Enterprise.Case_Appplications">
        <test-method is-config="true" signature="setup()[pri:0, instance:Enterprise_Codeclouds.Project.Enterprise.Case_Appplications@1190200a]" started-at="2025-12-31T12:59:48 IST" name="setup" finished-at="2025-12-31T12:59:49 IST" duration-ms="899" status="PASS">
          <reporter-output>
          </reporter-output>
        </test-method> <!-- setup -->
[...]
              </value>
            </param>
            <param index="2">
              <value>
                <![CDATA[{Email=emilian.eichenstein@mailto.plus, First Name=Attorney Emilian, Last Name=Eichenstein, Law Firm=Horizon Child Injury, School Negligence & Playground Accident Trial Lawyers, Middle Name=Marc, Name Suffix=IV, Office phone=5065558215, Phone=5065554215}]]>
              </value>
            </param>
          </params>
          <reporter-output>
          </reporter-output>
        </test-method> <!-- Add_case -->
        <test-method is-config="true" signature="Kill()[pri:0, instance:Enterprise_Codeclouds.Project.Enterprise.Case_Appplications@1190200a]" started-at="2025-12-31T13:20:43 IST" name="Kill" finished-at="2025-12-31T13:20:44 IST" duration-ms="405" status="PASS">
          <reporter-output>
          </reporter-output>
        </test-method> <!-- Kill -->
        <test-method is-config="true" signature="setup()[pri:0, instance:Enterprise_Codeclouds.Project.Enterprise.Case_Appplications@1190200a]" started-at="2025-12-31T13:20:44 IST" name="setup" finished-at="2025-12-31T13:20:45 IST" duration-ms="1826" status="PASS">
          <reporter-output>
          </reporter-output>
        </test-method> <!-- setup -->
        <test-method signature="Add_case(java.util.TreeMap,java.util.TreeMap,java.util.TreeMap)[pri:0, instance:Enterprise_Codeclouds.Project.Enterprise.Case_Appplications@1190200a]" started-at="2025-12-31T13:20:45 IST" name="Add_case" data-provider="case_plus_plaintiff" finished-at="2025-12-31T13:22:11 IST" duration-ms="85488" status="PASS">
          <params>
            <param index="0">
              <value>
                <![CDATA[{Agreement Date=01/14/2026, Application Status=In Review, Approved Amount=23000, Attorney Name=Attorney Tjark Krenzler, Buyout Amount=14500, Buyout Expiry Date=01/14/2030, Buyout Funder Name=Pioneer Plaintiff Finance, Case #=216, Case Type=Products Liability, Court Index Number=21CV-2310-PL-001820, Date of Incident=10/14/2023, Document prep fee=285, Fund transfer fee=105, Interest Start Date=01/16/2026, Law Firm Name=Dietrich & Kuznetsov-Schmidt Serious Spine, Brain & Orthopedic Injury Advocates, Lead Source=Broker, Rate of Return=41, Recommended Max Funding=23000, Requested Amount=54000, Risk Level=Moderate, SMS Message Body=Your products liability file is under defect review. We’ll update you after expert validation. – Lumberjack Legal Finance, SMS Message Title=Defect Review, State=Ohio, Summary=E-scooter stem failure during braking; fall with collarbone fracture and dental injury; device preserved; expert inspection planned., Underwriting Notes=Preservation and chain-of-custody required; confirm manufacturing/maintenance history and any recalls. Damages supported by fracture and dental care. Stage funding pending defect opinion.}]]>
              </value>
            </param>
            <param index="1">
              <value>
                <![CDATA[{Address Line 1=301 Church St, Address Line 2=Apt 12D, Date of Birth=02/27/1995, Email=peregrine.pfaffenwick@mailto.plus, First Name=Peregrine, Last Name=Pfaffenwick, Middle Name=Quill, Name Suffix=III, Phone number=615-555-4516, Social Security Number=950-26-0516, State=Tennessee, Zip code=37219}]]>
              </value>
            </param>
            <param index="2">
              <value>
                <![CDATA[{Email=florian.kieselberg@mailto.plus, First Name=Attorney Florian, Last Name=Kieselberg, Law Firm=1010 South Meridian Street, Justice Square, Middle Name=Anselm, Name Suffix=II, Office phone=5195558216, Phone=5195554216}]]>
              </value>
            </param>
          </params>
          <reporter-output>
          </reporter-output>
        </test-method> <!-- Add_case -->
        <test-method is-config="true" signature="Kill()[pri:0, instance:Enterprise_Codeclouds.Project.Enterprise.Case_Appplications@1190200a]" started-at="2025-12-31T13:22:11 IST" name="Kill" finished-at="2025-12-31T13:22:11 IST" duration-ms="382" status="PASS">
          <reporter-output>
          </reporter-output>
        </test-method> <!-- Kill -->
        <test-method is-config="true" signature="setup()[pri:0, instance:Enterprise_Codeclouds.Project.Enterprise.Case_Appplications@1190200a]" started-at="2025-12-31T13:22:11 IST" name="setup" finished-at="2025-12-31T13:22:12 IST" duration-ms="1148" status="PASS">
          <reporter-output>
          </reporter-output>
        </test-method> <!-- setup -->
        <test-method signature="Add_case(java.util.TreeMap,java.util.TreeMap,java.util.TreeMap)[pri:0, instance:Enterprise_Codeclouds.Project.Enterprise.Case_Appplications@1190200a]" started-at="2025-12-31T13:22:12 IST" name="Add_case" data-provider="case_plus_plaintiff" finished-at="2025-12-31T13:23:38 IST" duration-ms="85282" status="PASS">
          <params>
            <param index="0">
              <value>
                <![CDATA[{Agreement Date=01/14/2026, Application Status=Approved, Approved Amount=12000, Attorney Name=Attorney Eckehard Schwarzkopf, Buyout Amount=7200, Buyout Expiry Date=01/14/2030, Buyout Funder Name=Harbor Ridge Finance, Case #=217, Case Type=Premises Liability, Court Index Number=49D02-2401-PR-000988, Date of Incident=01/05/2024, Document prep fee=230, Fund transfer fee=80, Interest Start Date=01/16/2026, Law Firm Name=Brandtov & Lindenfeld Catastrophic Injury Rechtsanwälte Group, Lead Source=Advertising, Rate of Return=35, Recommended Max Funding=12000, Requested Amount=25000, Risk Level=Moderate, SMS Message Body=Your premises liability funding is approved. We’ll coordinate agreement review with your attorney. – Lumberjack Legal Finance, SMS Message Title=Approved, State=Indiana, Summary=Parking lot trip over unmarked wheel stop; ankle fracture and surgery; surveillance request sent; weather conditions disputed., Underwriting Notes=Surveillance and maintenance logs are key. Surgical fracture supports damages but comparative fault may be asserted. Confirm premises ownership/contractor responsibility and liability limits.}]]>
              </value>
            </param>
            <param index="1">
              <value>
                <![CDATA[{Address Line 1=200 Peachtree St, Address Line 2=Suite 330, Date of Birth=09/01/1992, Email=quentin.schifferford@mailto.plus, First Name=Quentin, Last Name=Schifferford, Middle Name=Remy, Name Suffix=Sr, Phone number=404-555-4517, Social Security Number=950-27-0517, State=Georgia, Zip code=30303}]]>
              </value>
            </param>
            <param index="2">
              <value>
                <![CDATA[{Email=casimir.hirschfeld@mailto.plus, First Name=Attorney Casimir, Last Name=Hirschfeld, Law Firm=Brandtov & Lindenfeld Catastrophic Injury Rechtsanwälte Group, Middle Name=Noel, Name Suffix=Jr, Office phone=7055558217, Phone=7055554217}]]>
              </value>
            </param>
          </params>
          <reporter-output>
          </reporter-output>
        </test-method> <!-- Add_case -->
        <test-method is-config="true" signature="Kill()[pri:0, instance:Enterprise_Codeclouds.Project.Enterprise.Case_Appplications@1190200a]" started-at="2025-12-31T13:23:38 IST" name="Kill" finished-at="2025-12-31T13:23:38 IST" duration-ms="539" status="PASS">
          <reporter-output>
          </reporter-output>
        </test-method> <!-- Kill -->
        <test-method is-config="true" signature="setup()[pri:0, instance:Enterprise_Codeclouds.Project.Enterprise.Case_Appplications@1190200a]" started-at="2025-12-31T13:23:38 IST" name="setup" finished-at="2025-12-31T13:23:40 IST" duration-ms="1385" status="PASS">
          <reporter-output>
          </reporter-output>
        </test-method> <!-- setup -->
        <test-method signature="Add_case(java.util.TreeMap,java.util.TreeMap,java.util.TreeMap)[pri:0, instance:Enterprise_Codeclouds.Project.Enterprise.Case_Appplications@1190200a]" started-at="2025-12-31T13:23:40 IST" name="Add_case" data-provider="case_plus_plaintiff" finished-at="2025-12-31T13:25:03 IST" duration-ms="83688" status="PASS">
          <params>
            <param index="0">
              <value>
                <![CDATA[{Agreement Date=01/14/2026, Application Status=Approved, Approved Amount=18000, Attorney Name=Attorney Frieder Zirngibl, Buyout Amount=10800, Buyout Expiry Date=01/14/2030, Buyout Funder Name=Frontline Capital Group, Case #=218, Case Type=Negligence, Court Index Number=03WC-2306-NG-001409, Date of Incident=06/02/2023, Document prep fee=255, Fund transfer fee=90, Interest Start Date=01/16/2026, Law Firm Name=Wolframova & Königstein Urban Bicycle, Pedestrian & Verkehrskollision Attorneys, Lead Source=Attorney Referral, Rate of Return=36, Recommended Max Funding=18000, Requested Amount=41000, Risk Level=Moderate, SMS Message Body=Your negligence case funding is approved. Your attorney will receive the agreement for review. – Lumberjack Legal Finance, SMS Message Title=Approved, State=Michigan, Summary=Negligence claim arising from contractor’s improper barricading leading to cyclist crash; clavicle fracture and ongoing PT; police report filed., Underwriting Notes=Confirm contractor scope, traffic control plan, photos, and any municipal permits. Liability improves with witness accounts and report consistency. Confirm coverage and any comparative negligence.}]]>
              </value>
            </param>
            <param index="1">
              <value>
                <![CDATA[{Address Line 1=500 Woodward Ave, Address Line 2=Floor 14, Date of Birth=04/10/1989, Email=rhett.steigerhelm@mailto.plus, First Name=Rhett, Last Name=Steigerhelm, Middle Name=Soren, Name Suffix=II, Phone number=313-555-4518, Social Security Number=950-28-0518, State=Michigan, Zip code=48226}]]>
              </value>
            </param>
            <param index="2">
              <value>
                <![CDATA[{Email=rowan.vogelhardt@mailto.plus, First Name=Attorney Rowan, Last Name=Vogelhardt, Law Firm=Markov-Bauer Cross-Border Truck & Autobahn Accident Trial Partners, Middle Name=Bastian, Name Suffix=III, Office phone=8675558218, Phone=8675554218}]]>
              </value>
            </param>
          </params>
          <reporter-output>
          </reporter-output>
        </test-method> <!-- Add_case -->
        <test-method is-config="true" signature="Kill()[pri:0, instance:Enterprise_Codeclouds.Project.Enterprise.Case_Appplications@1190200a]" started-at="2025-12-31T13:25:03 IST" name="Kill" finished-at="2025-12-31T13:25:04 IST" duration-ms="483" status="PASS">
          <reporter-output>
          </reporter-output>
        </test-method> <!-- Kill -->
        <test-method is-config="true" signature="setup()[pri:0, instance:Enterprise_Codeclouds.Project.Enterprise.Case_Appplications@1190200a]" started-at="2025-12-31T13:25:04 IST" name="setup" finished-at="2025-12-31T13:25:05 IST" duration-ms="1110" status="PASS">
          <reporter-output>
          </reporter-output>
        </test-method> <!-- setup -->
        <test-method signature="Add_case(java.util.TreeMap,java.util.TreeMap,java.util.TreeMap)[pri:0, instance:Enterprise_Codeclouds.Project.Enterprise.Case_Appplications@1190200a]" started-at="2025-12-31T13:25:05 IST" name="Add_case" data-provider="case_plus_plaintiff" finished-at="2025-12-31T13:26:30 IST" duration-ms="85041" status="PASS">
          <params>
            <param index="0">
              <value>
                <![CDATA[{Agreement Date=01/14/2026, Application Status=In Review, Approved Amount=16000, Attorney Name=Attorney Kjell Waldmann, Buyout Amount=9800, Buyout Expiry Date=01/14/2030, Buyout Funder Name=Liberty Legal Funding, Case #=219, Case Type=Assault, Court Index Number=18CV-2408-AS-001244, Date of Incident=08/26/2024, Document prep fee=245, Fund transfer fee=90, Interest Start Date=01/16/2026, Law Firm Name=Krausov-Bauer Polizeimisconduct, Civil Rights & Bürgerfreiheiten Law Center, Lead Source=Organic, Rate of Return=38, Recommended Max Funding=16000, Requested Amount=38000, Risk Level=Moderate, SMS Message Body=Your assault case is under review while records and coverage details are verified. – Lumberjack Legal Finance, SMS Message Title=Assault Case In Review, State=Ohio, Summary=Assault allegation outside venue leading to facial fracture and dental trauma; security footage requested; counseling initiated for anxiety., Underwriting Notes=Confirm defendant identification and collectability, police report, and any venue security logs. Medical records and photos support damages. Funding depends on insurance coverage availability.}]]>
              </value>
            </param>
            <param index="1">
              <value>
                <![CDATA[{Address Line 1=2100 Ross Ave, Address Line 2=Unit 6B, Date of Birth=07/19/1996, Email=sable.kienzmoor@mailto.plus, First Name=Sable, Last Name=Kienzmoor, Middle Name=Theron, Name Suffix=IV, Phone number=214-555-4519, Social Security Number=950-29-0519, State=Texas, Zip code=75201}]]>
              </value>
            </param>
            <param index="2">
              <value>
                <![CDATA[{Email=silas.schwarzenau@mailto.plus, First Name=Attorney Silas, Last Name=Schwarzenau, Law Firm=Dietrich & Kuznetsov-Schmidt Serious Spine, Brain & Orthopedic Injury Advocates, Middle Name=Matthieu, Name Suffix=Sr, Office phone=7095558219, Phone=7095554219}]]>
              </value>
            </param>
          </params>
          <reporter-output>
          </reporter-output>
        </test-method> <!-- Add_case -->
        <test-method is-config="true" signature="Kill()[pri:0, instance:Enterprise_Codeclouds.Project.Enterprise.Case_Appplications@1190200a]" started-at="2025-12-31T13:26:30 IST" name="Kill" finished-at="2025-12-31T13:26:30 IST" duration-ms="530" status="PASS">
          <reporter-output>
          </reporter-output>
        </test-method> <!-- Kill -->
        <test-method is-config="true" signature="setup()[pri:0, instance:Enterprise_Codeclouds.Project.Enterprise.Case_Appplications@1190200a]" started-at="2025-12-31T13:26:30 IST" name="setup" finished-at="2025-12-31T13:26:32 IST" duration-ms="1277" status="PASS">
          <reporter-output>
          </reporter-output>
        </test-method> <!-- setup -->
        <test-method signature="Add_case(java.util.TreeMap,java.util.TreeMap,java.util.TreeMap)[pri:0, instance:Enterprise_Codeclouds.Project.Enterprise.Case_Appplications@1190200a]" started-at="2025-12-31T13:26:32 IST" name="Add_case" data-provider="case_plus_plaintiff" finished-at="2025-12-31T13:27:11 IST" duration-ms="39567" status="FAIL">
          <params>
            <param index="0">
              <value>
                <![CDATA[{Agreement Date=01/14/2026, Application Status=Approved, Approved Amount=32000, Attorney Name=Attorney Adelmar Grieshaber, Buyout Amount=20000, Buyout Expiry Date=01/14/2030, Buyout Funder Name=Pioneer Plaintiff Finance, Case #=220, Case Type=Attorney Funding, Court Index Number=49D04-2309-AF-001982, Date of Incident=09/12/2023, Document prep fee=300, Fund transfer fee=110, Interest Start Date=01/16/2026, Law Firm Name=Dietrich & Kuznetsov-Schmidt Serious Spine, Brain & Orthopedic Injury Advocates, Lead Source=Attorney Referral, Rate of Return=42, Recommended Max Funding=32000, Requested Amount=75000, Risk Level=Moderate, SMS Message Body=Your attorney funding request is approved. We’ll coordinate the agreement and disbursement workflow with your office. – Lumberjack Legal Finance, SMS Message Title=Approved – Attorney Funding, State=Indiana, Summary=Attorney funding request tied to litigation costs in complex injury matter; need-based advance to support expert retention and discovery expenses., Underwriting Notes=Evaluate case posture, litigation budget, and expected timeline to recovery. Confirm contingency fee agreement, lien priorities, and disbursement controls. Stage funding based on milestones.}]]>
              </value>
            </param>
            <param index="1">
              <value>
                <![CDATA[{Address Line 1=50 S Main St, Address Line 2=Apt 8F, Date of Birth=11/15/1991, Email=tiber.buchenmere@mailto.plus, First Name=Tiber, Last Name=Buchenmere, Middle Name=Ulric, Name Suffix=Jr, Phone number=801-555-4520, Social Security Number=950-30-0520, State=Utah, Zip code=84111}]]>
              </value>
            </param>
            <param index="2">
              <value>
                <![CDATA[{Email=percival.tiefenborn@mailto.plus, First Name=Attorney Percival, Last Name=Tiefenborn, Law Firm=Lindenfeld, Hartmannski & Blumenkov Worksite, Scaffold & Industrial Injury Kanzlei, Middle Name=Quirin, Name Suffix=IV, Office phone=6045558220, Phone=6045554220}]]>
              </value>
            </param>
          </params>
          <exception class="java.lang.RuntimeException">
            <message>
              <![CDATA[Element list is null or empty. Check the locator or timing.]]>
            </message>
            <full-stacktrace>
              <![CDATA[java.lang.RuntimeException: Element list is null or empty. Check the locator or timing.
at Repeatative_codes.Repeat.wait_for_theElement(Repeat.java:47)
at Locaters.Application_Locaters.List_Checkboxes(Application_Locaters.java:382)
at Enterprise_Codeclouds.Project.Enterprise.Case_Appplications.Add_case(Case_Appplications.java:156)
at java.base/jdk.internal.reflect.DirectMethodHandleAccessor.invoke(DirectMethodHandleAccessor.java:103)
at java.base/java.lang.reflect.Method.invoke(Method.java:580)
at org.testng.internal.invokers.MethodInvocationHelper.invokeMethod(MethodInvocationHelper.java:141)
at org.testng.internal.invokers.TestInvoker.invokeMethod(TestInvoker.java:687)
at org.testng.internal.invokers.TestInvoker.invokeTestMethod(TestInvoker.java:230)
at org.testng.internal.invokers.MethodRunner.runInSequence(MethodRunner.java:63)
at org.testng.internal.invokers.TestInvoker$MethodInvocationAgent.invoke(TestInvoker.java:995)
at org.testng.internal.invokers.TestInvoker.invokeTestMethods(TestInvoker.java:203)
at org.testng.internal.invokers.TestMethodWorker.invokeTestMethods(TestMethodWorker.java:154)
at org.testng.internal.invokers.TestMethodWorker.run(TestMethodWorker.java:134)
at java.base/java.util.ArrayList.forEach(ArrayList.java:1596)
at org.testng.TestRunner.privateRun(TestRunner.java:741)
at org.testng.TestRunner.run(TestRunner.java:616)
at org.testng.SuiteRunner.runTest(SuiteRunner.java:421)
at org.testng.SuiteRunner.runSequentially(SuiteRunner.java:413)
at org.testng.SuiteRunner.privateRun(SuiteRunner.java:373)
at org.testng.SuiteRunner.run(SuiteRunner.java:312)
at org.testng.SuiteRunnerWorker.runSuite(SuiteRunnerWorker.java:52)
at org.testng.SuiteRunnerWorker.run(SuiteRunnerWorker.java:95)
at org.testng.TestNG.runSuitesSequentially(TestNG.java:1274)
at org.testng.TestNG.runSuitesLocally(TestNG.java:1208)
at org.testng.TestNG.runSuites(TestNG.java:1112)
at org.testng.TestNG.run(TestNG.java:1079)
at org.testng.remote.AbstractRemoteTestNG.run(AbstractRemoteTestNG.java:115)
at org.testng.remote.RemoteTestNG.initAndRun(RemoteTestNG.java:293)
at org.testng.remote.RemoteTestNG.main(RemoteTestNG.java:91)
]]>
            </full-stacktrace>
          </exception> <!-- java.lang.RuntimeException -->
          <reporter-output>
          </reporter-output>
        </test-method> <!-- Add_case -->
        <test-method is-config="true" signature="Kill()[pri:0, instance:Enterprise_Codeclouds.Project.Enterprise.Case_Appplications@1190200a]" started-at="2025-12-31T13:27:11 IST" name="Kill" finished-at="2025-12-31T13:27:12 IST" duration-ms="364" status="PASS">
          <reporter-output>
          </reporter-output>
        </test-method> <!-- Kill -->
      </class> <!-- Enterprise_Codeclouds.Project.Enterprise.Case_Appplications -->
    </test> <!-- Test -->
  </suite> <!-- Suite -->
</testng-results>
