<?xml version="1.0" encoding="UTF-8"?>
<testng-results ignored="4" total="5" passed="1" failed="0" skipped="0">
  <reporter-output>
  </reporter-output>
  <suite started-at="2026-01-09T20:54:28 IST" name="Default suite" finished-at="2026-01-09T20:54:49 IST" duration-ms="21161">
    <groups>
    </groups>
    <test started-at="2026-01-09T20:54:28 IST" name="Default test" finished-at="2026-01-09T20:54:49 IST" duration-ms="21161">
      <class name="Enterprise_Codeclouds.Project.Enterprise.Law_Firm_Module">
        <test-method is-config="true" signature="setup()[pri:0, instance:Enterprise_Codeclouds.Project.Enterprise.Law_Firm_Module@d35dea7]" started-at="2026-01-09T20:54:28 IST" name="setup" finished-at="2026-01-09T20:54:30 IST" duration-ms="1961" status="PASS">
          <reporter-output>
          </reporter-output>
        </test-method> <!-- setup -->
        <test-method signature="Add_Law_Firm(java.util.TreeMap)[pri:0, instance:Enterprise_Codeclouds.Project.Enterprise.Law_Firm_Module@d35dea7]" started-at="2026-01-09T20:54:30 IST" name="Add_Law_Firm" data-provider="lawFirmData" finished-at="2026-01-09T20:54:48 IST" duration-ms="18430" status="PASS">
          <params>
            <param index="0">
              <value>
                <![CDATA[{City=Wilmington, Name=VerdictForge Litigation Atelier, Phone=3024389017, State=Delaware, Street Address 1=919 N Market St, Brandywine Commerce Center, Main Lobby, Street Address 2=Suite 1204, Intake: Desk 3, Elevator Bank A, Zip code=19801}]]>
              </value>
            </param>
          </params>
          <reporter-output>
          </reporter-output>
        </test-method> <!-- Add_Law_Firm -->
        <test-method is-config="true" signature="Kill()[pri:0, instance:Enterprise_Codeclouds.Project.Enterprise.Law_Firm_Module@d35dea7]" started-at="2026-01-09T20:54:48 IST" name="Kill" finished-at="2026-01-09T20:54:49 IST" duration-ms="699" status="PASS">
          <reporter-output>
          </reporter-output>
        </test-method> <!-- Kill -->
      </class> <!-- Enterprise_Codeclouds.Project.Enterprise.Law_Firm_Module -->
    </test> <!-- Default test -->
  </suite> <!-- Default suite -->
</testng-results>
