<?xml version="1.0" encoding="UTF-8"?>
<testng-results ignored="2" total="3" passed="1" failed="0" skipped="0">
  <reporter-output>
  </reporter-output>
  <suite started-at="2026-01-02T17:51:14 IST" name="Default suite" finished-at="2026-01-02T17:51:30 IST" duration-ms="15985">
    <groups>
    </groups>
    <test started-at="2026-01-02T17:51:14 IST" name="Default test" finished-at="2026-01-02T17:51:30 IST" duration-ms="15985">
      <class name="Enterprise_Codeclouds.Project.Enterprise.Case_Appplications">
        <test-method is-config="true" signature="setup()[pri:0, instance:Enterprise_Codeclouds.Project.Enterprise.Case_Appplications@b3ca52e]" started-at="2026-01-02T17:51:14 IST" name="setup" finished-at="2026-01-02T17:51:16 IST" duration-ms="1976" status="PASS">
          <reporter-output>
          </reporter-output>
        </test-method> <!-- setup -->
        <test-method signature="Pay_Off_calculator(java.util.TreeMap,java.util.TreeMap,java.util.TreeMap)[pri:0, instance:Enterprise_Codeclouds.Project.Enterprise.Case_Appplications@b3ca52e]" started-at="2026-01-02T17:51:16 IST" name="Pay_Off_calculator" data-provider="case_plus_plaintiff" finished-at="2026-01-02T17:51:30 IST" duration-ms="13503" status="PASS">
          <params>
            <param index="0">
              <value>
                <![CDATA[{Agreement Date=01/02/2026, Application Status=Approved, Approved Amount=7800, Attorney Name=Attorney Norwin Kuehnemann, Buyout Amount=4200, Buyout Expiry Date=01/02/2030, Buyout Funder Name=Summit Legal Funding, Case #=215, Case Type=Dog Bite, Court Index Number=07CV-2405-DB-000619, Date of Incident=05/19/2024, Document prep fee=205, Fund transfer fee=65, Interest Start Date=01/02/2026, Law Firm Name=Beckendorf & Neumannova School Negligence, Child Injury & Jugend Safety Trial Lawyers, Lead Source=Medical Provider, Rate of Return=32, Recommended Max Funding=7800, Requested Amount=16000, Risk Level=Low-Moderate, SMS Message Body=Your dog bite funding is approved. Please coordinate agreement review with your attorney. – Lumberjack Legal Finance, SMS Message Title=Approved, State=Michigan, Summary=Dog bite to hand with tendon involvement suspected; sutures and antibiotics; occupational therapy started; functional limitations documented., Underwriting Notes=Confirm homeowners/renters coverage, vaccination records, and any prior bite history. Photos and ER records support causation. Conservative funding until functional outcome is clear.}]]>
              </value>
            </param>
            <param index="1">
              <value>
                <![CDATA[{Address Line 1=Lincoln Street Corporate Center, 1700 Lincoln Street, Building North, Entry via 17th Street Ramp, Address Line 2=Suite 1200, 12th Floor, Reception Desk West, Denver, CO (Visitor badge required; bring photo ID), Date of Birth=08/16/1991, Email=kaelan.niedercrest@mailto.plus, First Name=Kaelan, Last Name=Niedercrest, Middle Name=Lucan, Name Suffix=III, Phone number=303-555-4611, Social Security Number=960-21-0611, State=Colorado, Zip code=80202}]]>
              </value>
            </param>
            <param index="2">
              <value>
                <![CDATA[{Email=cassian.hohenstauf@mailto.plus, First Name=Attorney Cassian, Last Name=Hohenstauf, Law Firm=Brandtov & Lindenfeld Catastrophic Injury Rechtsanwälte Group, Middle Name=Alaric, Name Suffix=II, Office phone=4165558201, Phone=4165554201}]]>
              </value>
            </param>
          </params>
          <reporter-output>
          </reporter-output>
        </test-method> <!-- Pay_Off_calculator -->
        <test-method is-config="true" signature="Kill()[pri:0, instance:Enterprise_Codeclouds.Project.Enterprise.Case_Appplications@b3ca52e]" started-at="2026-01-02T17:51:30 IST" name="Kill" finished-at="2026-01-02T17:51:30 IST" duration-ms="428" status="PASS">
          <reporter-output>
          </reporter-output>
        </test-method> <!-- Kill -->
      </class> <!-- Enterprise_Codeclouds.Project.Enterprise.Case_Appplications -->
    </test> <!-- Default test -->
  </suite> <!-- Default suite -->
</testng-results>
