<?xml version="1.0" encoding="UTF-8"?>
<testng-results ignored="3" total="23" passed="20" failed="0" skipped="0">
  <reporter-output>
  </reporter-output>
  <suite started-at="2026-01-09T17:58:57 IST" name="Default suite" finished-at="2026-01-09T18:13:52 IST" duration-ms="895202">
    <groups>
    </groups>
    <test started-at="2026-01-09T17:58:57 IST" name="Default test" finished-at="2026-01-09T18:13:52 IST" duration-ms="895202">
      <class name="Enterprise_Codeclouds.Project.Enterprise.Attorney_module">
        <test-method is-config="true" signature="setup()[pri:0, instance:Enterprise_Codeclouds.Project.Enterprise.Attorney_module@2362f559]" started-at="2026-01-09T17:58:57 IST" name="setup" finished-at="2026-01-09T17:58:59 IST" duration-ms="1995" status="PASS">
          <reporter-output>
          </reporter-output>
        </test-method> <!-- setup -->
        <test-method signature="Atttorney_Add_through_case(java.util.TreeMap,java.util.TreeMap,java.util.TreeMap)[pri:0, instance:Enterprise_Codeclouds.Project.Enterprise.Attorney_module@2362f559]" started-at="2026-01-09T17:58:59 IST" name="Atttorney_Add_through_case" data-provider="law_plus_attorney" finished-at="2026-01-09T17:59:32 IST" duration-ms="32928" status="PASS">
          <params>
            <param index="0">
              <value>
                <![CDATA[{Email=attorney.veylinor.solbray.k1p4@mailto.plus, First Name=Attorney Veylinor, Last Name=Solbray, Middle Name=Arquen, Name Suffix=II, Office phone=9818807101, Phone=9817706101}]]>
              </value>
            </param>
            <param index="1">
              <value>
                <![CDATA[{City=New York, Name=Harborline Catastrophic Injury & Trial Atelier, Phone=9295558301, State=New York, Street Address 1=110 Wall Street, Seaport Financial Arcade, South Lobby Check-in, Street Address 2=Suite 2410, Intake Window: Desk S2, Elevator Bank D, Visitor Badge Required, Zip code=10005}]]>
              </value>
            </param>
            <param index="2">
              <value>
                <![CDATA[{Staff Email=staff.kaiven.briarlock.a1m7@mailto.plus, Staff First Name=Staff Kaiven, Staff Last Name=Briarlock, Staff Middle Name=Orlin, Staff Name Suffix=II, Staff Office phone=9727709101, Staff Phone=9726608101}]]>
              </value>
            </param>
          </params>
          <reporter-output>
          </reporter-output>
        </test-method> <!-- Atttorney_Add_through_case -->
        <test-method is-config="true" signature="Kill()[pri:0, instance:Enterprise_Codeclouds.Project.Enterprise.Attorney_module@2362f559]" started-at="2026-01-09T17:59:32 IST" name="Kill" finished-at="2026-01-09T17:59:32 IST" duration-ms="375" status="PASS">
          <reporter-output>
          </reporter-output>
        </test-method> <!-- Kill -->
        <test-method is-config="true" signature="setup()[pri:0, instance:Enterprise_Codeclouds.Project.Enterprise.Attorney_module@2362f559]" started-at="2026-01-09T17:59:32 IST" name="setup" finished-at="2026-01-09T17:59:33 IST" duration-ms="1152" status="PASS">
          <reporter-output>
          </reporter-output>
        </test-method> <!-- setup -->
        <test-method signature="Atttorney_Add_through_case(java.util.TreeMap,java.util.TreeMap,java.util.TreeMap)[pri:0, instance:Enterprise_Codeclouds.Project.Enterprise.Attorney_module@2362f559]" started-at="2026-01-09T17:59:33 IST" name="Atttorney_Add_through_case" data-provider="law_plus_attorney" finished-at="2026-01-09T18:00:13 IST" duration-ms="39574" status="PASS">
          <params>
            <param index="0">
              <value>
                <![CDATA[{Email=attorney.nyveria.kestrow.m7t2@mailto.plus, First Name=Attorney Nyveria, Last Name=Kestrow, Middle Name=Selmora, Name Suffix=Jr, Office phone=9818807102, Phone=9817706102}]]>
              </value>
            </param>
            <param index="1">
              <value>
                <![CDATA[{City=Seattle, Name=Cascadia Surgical Negligence Review Counsel, Phone=9295558302, State=Washington, Street Address 1=901 5th Avenue, Emerald Plaza Offices, Main Entrance Security Desk, Street Address 2=Floor 19, Suite 1906, Records Intake: Scan Package at Lobby Counter, Zip code=98104}]]>
              </value>
            </param>
            <param index="2">
              <value>
                <![CDATA[{Staff Email=staff.nysha.fenchase.b8q2@mailto.plus, Staff First Name=Staff Nysha, Staff Last Name=Fenchase, Staff Middle Name=Elara, Staff Name Suffix=Jr, Staff Office phone=9727709102, Staff Phone=9726608102}]]>
              </value>
            </param>
          </params>
          <reporter-output>
          </reporter-output>
        </test-method> <!-- Atttorney_Add_through_case -->
        <test-method is-config="true" signature="Kill()[pri:0, instance:Enterprise_Codeclouds.Project.Enterprise.Attorney_module@2362f559]" started-at="2026-01-09T18:00:13 IST" name="Kill" finished-at="2026-01-09T18:00:13 IST" duration-ms="346" status="PASS">
          <reporter-output>
          </reporter-output>
        </test-method> <!-- Kill -->
        <test-method is-config="true" signature="setup()[pri:0, instance:Enterprise_Codeclouds.Project.Enterprise.Attorney_module@2362f559]" started-at="2026-01-09T18:00:13 IST" name="setup" finished-at="2026-01-09T18:00:14 IST" duration-ms="934" status="PASS">
          <reporter-output>
          </reporter-output>
        </test-method> <!-- setup -->
        <test-method signature="Atttorney_Add_through_case(java.util.TreeMap,java.util.TreeMap,java.util.TreeMap)[pri:0, instance:Enterprise_Codeclouds.Project.Enterprise.Attorney_module@2362f559]" started-at="2026-01-09T18:00:14 IST" name="Atttorney_Add_through_case" data-provider="law_plus_attorney" finished-at="2026-01-09T18:00:54 IST" duration-ms="40336" status="PASS">
          <params>
            <param index="0">
              <value>
                <![CDATA[{Email=attorney.corvantis.drexmont.p3c8@mailto.plus, First Name=Attorney Corvantis, Last Name=Drexmont, Middle Name=Rhaelor, Name Suffix=III, Office phone=9818807103, Phone=9817706103}]]>
              </value>
            </param>
            <param index="1">
              <value>
                <![CDATA[{City=Louisville, Name=Bluegrass Liability & Wrongful Death Chambers, Phone=9295558303, State=Kentucky, Street Address 1=601 W Main Street, Riverfront Commerce Center, East Entrance, Street Address 2=Suite 1425, Intake Desk: Room 14A, Signature Required on Delivery, Zip code=40202}]]>
              </value>
            </param>
            <param index="2">
              <value>
                <![CDATA[{Staff Email=staff.corwin.ashgrove.c3t9@mailto.plus, Staff First Name=Staff Corwin, Staff Last Name=Ashgrove, Staff Middle Name=Blaise, Staff Name Suffix=III, Staff Office phone=9727709103, Staff Phone=9726608103}]]>
              </value>
            </param>
          </params>
          <reporter-output>
          </reporter-output>
        </test-method> <!-- Atttorney_Add_through_case -->
        <test-method is-config="true" signature="Kill()[pri:0, instance:Enterprise_Codeclouds.Project.Enterprise.Attorney_module@2362f559]" started-at="2026-01-09T18:00:54 IST" name="Kill" finished-at="2026-01-09T18:00:55 IST" duration-ms="322" status="PASS">
          <reporter-output>
          </reporter-output>
        </test-method> <!-- Kill -->
        <test-method is-config="true" signature="setup()[pri:0, instance:Enterprise_Codeclouds.Project.Enterprise.Attorney_module@2362f559]" started-at="2026-01-09T18:00:55 IST" name="setup" finished-at="2026-01-09T18:00:56 IST" duration-ms="1199" status="PASS">
          <reporter-output>
          </reporter-output>
        </test-method> <!-- setup -->
        <test-method signature="Atttorney_Add_through_case(java.util.TreeMap,java.util.TreeMap,java.util.TreeMap)[pri:0, instance:Enterprise_Codeclouds.Project.Enterprise.Attorney_module@2362f559]" started-at="2026-01-09T18:00:56 IST" name="Atttorney_Add_through_case" data-provider="law_plus_attorney" finished-at="2026-01-09T18:01:36 IST" duration-ms="39675" status="PASS">
          <params>
            <param index="0">
              <value>
                <![CDATA[{Email=attorney.elowrynn.orwindell.q9h1@mailto.plus, First Name=Attorney Elowrynn, Last Name=Orwindell, Middle Name=Nivessa, Name Suffix=Sr, Office phone=9818807104, Phone=9817706104}]]>
              </value>
            </param>
            <param index="1">
              <value>
                <![CDATA[{City=Phoenix, Name=High Desert Crash Claims & Coverage Dispute Counsel, Phone=9295558304, State=Arizona, Street Address 1=2 N Central Avenue, Copper Square Office Terrace, North Lobby, Street Address 2=Suite 1750, Deliver to Reception A1, Weekdays Only 9AM–4PM, Zip code=85004}]]>
              </value>
            </param>
            <param index="2">
              <value>
                <![CDATA[{Staff Email=staff.eleni.northwick.d6p1@mailto.plus, Staff First Name=Staff Eleni, Staff Last Name=Northwick, Staff Middle Name=Sabine, Staff Name Suffix=Sr, Staff Office phone=9727709104, Staff Phone=9726608104}]]>
              </value>
            </param>
          </params>
          <reporter-output>
          </reporter-output>
        </test-method> <!-- Atttorney_Add_through_case -->
        <test-method is-config="true" signature="Kill()[pri:0, instance:Enterprise_Codeclouds.Project.Enterprise.Attorney_module@2362f559]" started-at="2026-01-09T18:01:36 IST" name="Kill" finished-at="2026-01-09T18:01:36 IST" duration-ms="343" status="PASS">
          <reporter-output>
          </reporter-output>
        </test-method> <!-- Kill -->
        <test-method is-config="true" signature="setup()[pri:0, instance:Enterprise_Codeclouds.Project.Enterprise.Attorney_module@2362f559]" started-at="2026-01-09T18:01:36 IST" name="setup" finished-at="2026-01-09T18:01:37 IST" duration-ms="1169" status="PASS">
          <reporter-output>
          </reporter-output>
        </test-method> <!-- setup -->
        <test-method signature="Atttorney_Add_through_case(java.util.TreeMap,java.util.TreeMap,java.util.TreeMap)[pri:0, instance:Enterprise_Codeclouds.Project.Enterprise.Attorney_module@2362f559]" started-at="2026-01-09T18:01:37 IST" name="Atttorney_Add_through_case" data-provider="law_plus_attorney" finished-at="2026-01-09T18:02:16 IST" duration-ms="39022" status="PASS">
          <params>
            <param index="0">
              <value>
                <![CDATA[{Email=attorney.bravion.thornwick.r4n6@mailto.plus, First Name=Attorney Bravion, Last Name=Thornwick, Middle Name=Lucayne, Name Suffix=IV, Office phone=9818807105, Phone=9817706105}]]>
              </value>
            </param>
            <param index="1">
              <value>
                <![CDATA[{City=Denver, Name=Front Range Wage Recovery & Retaliation Counsel, Phone=9295558305, State=Colorado, Street Address 1=1700 Broadway, Civic Center Professional Annex, East Tower Lobby, Street Address 2=Suite 3108, Intake Desk: 31F, Visitor Parking: Garage P2 (Validate at Reception), Zip code=80202}]]>
              </value>
            </param>
            <param index="2">
              <value>
                <![CDATA[{Staff Email=staff.viren.stormwell.e4k8@mailto.plus, Staff First Name=Staff Viren, Staff Last Name=Stormwell, Staff Middle Name=Hugo, Staff Name Suffix=IV, Staff Office phone=9727709105, Staff Phone=9726608105}]]>
              </value>
            </param>
          </params>
          <reporter-output>
          </reporter-output>
        </test-method> <!-- Atttorney_Add_through_case -->
        <test-method is-config="true" signature="Kill()[pri:0, instance:Enterprise_Codeclouds.Project.Enterprise.Attorney_module@2362f559]" started-at="2026-01-09T18:02:16 IST" name="Kill" finished-at="2026-01-09T18:02:16 IST" duration-ms="319" status="PASS">
          <reporter-output>
          </reporter-output>
        </test-method> <!-- Kill -->
        <test-method is-config="true" signature="setup()[pri:0, instance:Enterprise_Codeclouds.Project.Enterprise.Attorney_module@2362f559]" started-at="2026-01-09T18:02:16 IST" name="setup" finished-at="2026-01-09T18:02:18 IST" duration-ms="1131" status="PASS">
          <reporter-output>
          </reporter-output>
        </test-method> <!-- setup -->
        <test-method signature="Atttorney_Add_through_case(java.util.TreeMap,java.util.TreeMap,java.util.TreeMap)[pri:0, instance:Enterprise_Codeclouds.Project.Enterprise.Attorney_module@2362f559]" started-at="2026-01-09T18:02:18 IST" name="Atttorney_Add_through_case" data-provider="law_plus_attorney" finished-at="2026-01-09T18:02:58 IST" duration-ms="40283" status="PASS">
          <params>
            <param index="0">
              <value>
                <![CDATA[{Email=attorney.kaelindra.sablemere.v2d7@mailto.plus, First Name=Attorney Kaelindra, Last Name=Sablemere, Middle Name=Junaria, Name Suffix=II, Office phone=9818807106, Phone=9817706106}]]>
              </value>
            </param>
            <param index="1">
              <value>
                <![CDATA[{City=Jacksonville, Name=Gulfstream Maritime & Dock Injury Counsel, Phone=9295558306, State=Florida, Street Address 1=200 S Hogan Street, River City Financial Center, Main Lobby Check-in, Street Address 2=Suite 1412, Attn: Intake Ops, Leave Package with Concierge if Office Door Closed, Zip code=32202}]]>
              </value>
            </param>
            <param index="2">
              <value>
                <![CDATA[{Staff Email=staff.mireya.silverfen.f2r6@mailto.plus, Staff First Name=Staff Mireya, Staff Last Name=Silverfen, Staff Middle Name=Noelle, Staff Name Suffix=II, Staff Office phone=9727709106, Staff Phone=9726608106}]]>
              </value>
            </param>
          </params>
          <reporter-output>
          </reporter-output>
        </test-method> <!-- Atttorney_Add_through_case -->
        <test-method is-config="true" signature="Kill()[pri:0, instance:Enterprise_Codeclouds.Project.Enterprise.Attorney_module@2362f559]" started-at="2026-01-09T18:02:58 IST" name="Kill" finished-at="2026-01-09T18:02:58 IST" duration-ms="341" status="PASS">
          <reporter-output>
          </reporter-output>
        </test-method> <!-- Kill -->
        <test-method is-config="true" signature="setup()[pri:0, instance:Enterprise_Codeclouds.Project.Enterprise.Attorney_module@2362f559]" started-at="2026-01-09T18:02:58 IST" name="setup" finished-at="2026-01-09T18:02:59 IST" duration-ms="1040" status="PASS">
          <reporter-output>
          </reporter-output>
        </test-method> <!-- setup -->
        <test-method signature="Atttorney_Add_through_case(java.util.TreeMap,java.util.TreeMap,java.util.TreeMap)[pri:0, instance:Enterprise_Codeclouds.Project.Enterprise.Attorney_module@2362f559]" started-at="2026-01-09T18:02:59 IST" name="Atttorney_Add_through_case" data-provider="law_plus_attorney" finished-at="2026-01-09T18:03:41 IST" duration-ms="41346" status="PASS">
          <params>
            <param index="0">
              <value>
                <![CDATA[{Email=attorney.tressan.myridane.s8k0@mailto.plus, First Name=Attorney Tressan, Last Name=Myridane, Middle Name=Kestovar, Name Suffix=Jr, Office phone=9818807107, Phone=9817706107}]]>
              </value>
            </param>
            <param index="1">
              <value>
                <![CDATA[{City=Chicago, Name=Prairie State Product Liability Proof Lab, Phone=9295558307, State=Illinois, Street Address 1=200 S Wacker Drive, One Riverside Plaza, Lobby Level Visitor Check-in, Street Address 2=Suite 2675, Intake Desk: West Corridor, Elevator Bank C, Mail Stop IL-26, Zip code=60606}]]>
              </value>
            </param>
            <param index="2">
              <value>
                <![CDATA[{Staff Email=staff.rowan.hearthmere.g9n3@mailto.plus, Staff First Name=Staff Rowan, Staff Last Name=Hearthmere, Staff Middle Name=Caius, Staff Name Suffix=Jr, Staff Office phone=9727709107, Staff Phone=9726608107}]]>
              </value>
            </param>
          </params>
          <reporter-output>
          </reporter-output>
        </test-method> <!-- Atttorney_Add_through_case -->
        <test-method is-config="true" signature="Kill()[pri:0, instance:Enterprise_Codeclouds.Project.Enterprise.Attorney_module@2362f559]" started-at="2026-01-09T18:03:41 IST" name="Kill" finished-at="2026-01-09T18:03:41 IST" duration-ms="280" status="PASS">
          <reporter-output>
          </reporter-output>
        </test-method> <!-- Kill -->
        <test-method is-config="true" signature="setup()[pri:0, instance:Enterprise_Codeclouds.Project.Enterprise.Attorney_module@2362f559]" started-at="2026-01-09T18:03:41 IST" name="setup" finished-at="2026-01-09T18:03:42 IST" duration-ms="836" status="PASS">
          <reporter-output>
          </reporter-output>
        </test-method> <!-- setup -->
        <test-method signature="Atttorney_Add_through_case(java.util.TreeMap,java.util.TreeMap,java.util.TreeMap)[pri:0, instance:Enterprise_Codeclouds.Project.Enterprise.Attorney_module@2362f559]" started-at="2026-01-09T18:03:42 IST" name="Atttorney_Add_through_case" data-provider="law_plus_attorney" finished-at="2026-01-09T18:04:26 IST" duration-ms="44420" status="PASS">
          <params>
            <param index="0">
              <value>
                <![CDATA[{Email=attorney.heliovana.wexforde.y5u3@mailto.plus, First Name=Attorney Heliovana, Last Name=Wexforde, Middle Name=Sylphene, Name Suffix=III, Office phone=9818807108, Phone=9817706108}]]>
              </value>
            </param>
            <param index="1">
              <value>
                <![CDATA[{City=Indianapolis, Name=Circle City Plaintiff Strategy & Lien Resolution Forum, Phone=9295558308, State=Indiana, Street Address 1=135 N Pennsylvania Street, Monument Circle Office Arcade, North Tower Entrance, Street Address 2=Floor 16, Suite 1612, Reception Desk B, Deliveries: Weekdays 9AM–5PM, Zip code=46204}]]>
              </value>
            </param>
            <param index="2">
              <value>
                <![CDATA[{Staff Email=staff.inaya.cedarwyn.h7x0@mailto.plus, Staff First Name=Staff Inaya, Staff Last Name=Cedarwyn, Staff Middle Name=Rumi, Staff Name Suffix=III, Staff Office phone=9727709108, Staff Phone=9726608108}]]>
              </value>
            </param>
          </params>
          <reporter-output>
          </reporter-output>
        </test-method> <!-- Atttorney_Add_through_case -->
        <test-method is-config="true" signature="Kill()[pri:0, instance:Enterprise_Codeclouds.Project.Enterprise.Attorney_module@2362f559]" started-at="2026-01-09T18:04:26 IST" name="Kill" finished-at="2026-01-09T18:04:26 IST" duration-ms="268" status="PASS">
          <reporter-output>
          </reporter-output>
        </test-method> <!-- Kill -->
        <test-method is-config="true" signature="setup()[pri:0, instance:Enterprise_Codeclouds.Project.Enterprise.Attorney_module@2362f559]" started-at="2026-01-09T18:04:26 IST" name="setup" finished-at="2026-01-09T18:04:27 IST" duration-ms="850" status="PASS">
          <reporter-output>
          </reporter-output>
        </test-method> <!-- setup -->
        <test-method signature="Atttorney_Add_through_case(java.util.TreeMap,java.util.TreeMap,java.util.TreeMap)[pri:0, instance:Enterprise_Codeclouds.Project.Enterprise.Attorney_module@2362f559]" started-at="2026-01-09T18:04:27 IST" name="Atttorney_Add_through_case" data-provider="law_plus_attorney" finished-at="2026-01-09T18:05:07 IST" duration-ms="39783" status="PASS">
          <params>
            <param index="0">
              <value>
                <![CDATA[{Email=attorney.iskariel.crownmire.z1q9@mailto.plus, First Name=Attorney Iskariel, Last Name=Crownmire, Middle Name=Vespera, Name Suffix=Sr, Office phone=9818807109, Phone=9817706109}]]>
              </value>
            </param>
            <param index="1">
              <value>
                <![CDATA[{City=Dallas, Name=Lone Star Contract Disputes & Business Torts Studio, Phone=9295558309, State=Texas, Street Address 1=1700 Pacific Avenue, Uptown Commerce Gallery, Main Lobby Security Counter, Street Address 2=Suite 1822, Mail Stop TX-18, Deliver to Intake Window 1 (Package Scan Required), Zip code=75201}]]>
              </value>
            </param>
            <param index="2">
              <value>
                <![CDATA[{Staff Email=staff.tamsin.foxharbor.j1v5@mailto.plus, Staff First Name=Staff Tamsin, Staff Last Name=Foxharbor, Staff Middle Name=Odessa, Staff Name Suffix=Sr, Staff Office phone=9727709109, Staff Phone=9726608109}]]>
              </value>
            </param>
          </params>
          <reporter-output>
          </reporter-output>
        </test-method> <!-- Atttorney_Add_through_case -->
        <test-method is-config="true" signature="Kill()[pri:0, instance:Enterprise_Codeclouds.Project.Enterprise.Attorney_module@2362f559]" started-at="2026-01-09T18:05:07 IST" name="Kill" finished-at="2026-01-09T18:05:07 IST" duration-ms="268" status="PASS">
          <reporter-output>
          </reporter-output>
        </test-method> <!-- Kill -->
        <test-method is-config="true" signature="setup()[pri:0, instance:Enterprise_Codeclouds.Project.Enterprise.Attorney_module@2362f559]" started-at="2026-01-09T18:05:07 IST" name="setup" finished-at="2026-01-09T18:05:08 IST" duration-ms="834" status="PASS">
          <reporter-output>
          </reporter-output>
        </test-method> <!-- setup -->
        <test-method signature="Atttorney_Add_through_case(java.util.TreeMap,java.util.TreeMap,java.util.TreeMap)[pri:0, instance:Enterprise_Codeclouds.Project.Enterprise.Attorney_module@2362f559]" started-at="2026-01-09T18:05:08 IST" name="Atttorney_Add_through_case" data-provider="law_plus_attorney" finished-at="2026-01-09T18:05:48 IST" duration-ms="39460" status="PASS">
          <params>
            <param index="0">
              <value>
                <![CDATA[{Email=attorney.jorvellan.zephyrwyn.b7m2@mailto.plus, First Name=Attorney Jorvellan, Last Name=Zephyrwyn, Middle Name=Rheomir, Name Suffix=IV, Office phone=9818807110, Phone=9817706110}]]>
              </value>
            </param>
            <param index="1">
              <value>
                <![CDATA[{City=Detroit, Name=Great Lakes Class Action & Mass Tort Review Counsel, Phone=9295558310, State=Michigan, Street Address 1=500 Woodward Avenue, Riverfront Tower Annex, Check-in Desk A, Street Address 2=Floor 22, Suite 2214, Deliveries: Reception Desk R2, Weekdays 9AM–4PM, Zip code=48226}]]>
              </value>
            </param>
            <param index="2">
              <value>
                <![CDATA[{Staff Email=staff.darian.waveridge.k4q7@mailto.plus, Staff First Name=Staff Darian, Staff Last Name=Waveridge, Staff Middle Name=Soren, Staff Name Suffix=IV, Staff Office phone=9727709110, Staff Phone=9726608110}]]>
              </value>
            </param>
          </params>
          <reporter-output>
          </reporter-output>
        </test-method> <!-- Atttorney_Add_through_case -->
        <test-method is-config="true" signature="Kill()[pri:0, instance:Enterprise_Codeclouds.Project.Enterprise.Attorney_module@2362f559]" started-at="2026-01-09T18:05:48 IST" name="Kill" finished-at="2026-01-09T18:05:48 IST" duration-ms="285" status="PASS">
          <reporter-output>
          </reporter-output>
        </test-method> <!-- Kill -->
        <test-method is-config="true" signature="setup()[pri:0, instance:Enterprise_Codeclouds.Project.Enterprise.Attorney_module@2362f559]" started-at="2026-01-09T18:05:48 IST" name="setup" finished-at="2026-01-09T18:05:49 IST" duration-ms="810" status="PASS">
          <reporter-output>
          </reporter-output>
        </test-method> <!-- setup -->
        <test-method signature="Atttorney_Add_through_case(java.util.TreeMap,java.util.TreeMap,java.util.TreeMap)[pri:0, instance:Enterprise_Codeclouds.Project.Enterprise.Attorney_module@2362f559]" started-at="2026-01-09T18:05:49 IST" name="Atttorney_Add_through_case" data-provider="law_plus_attorney" finished-at="2026-01-09T18:06:28 IST" duration-ms="39576" status="PASS">
          <params>
            <param index="0">
              <value>
                <![CDATA[{Email=attorney.viorenna.ravenholt.c6t8@mailto.plus, First Name=Attorney Viorenna, Last Name=Ravenholt, Middle Name=Quintessa, Name Suffix=II, Office phone=9818807111, Phone=9817706111}]]>
              </value>
            </param>
            <param index="1">
              <value>
                <![CDATA[{City=Columbus, Name=Buckeye Premises Liability & Negligence Trial Partners, Phone=9295558311, State=Ohio, Street Address 1=155 N High Street, Statehouse District Professional Block, South Lobby, Street Address 2=Suite 2310, Intake Desk C, Leave with Reception if Door Closed, Zip code=43215}]]>
              </value>
            </param>
            <param index="2">
              <value>
                <![CDATA[{Staff Email=staff.selene.stonehollow.l8m2@mailto.plus, Staff First Name=Staff Selene, Staff Last Name=Stonehollow, Staff Middle Name=Marisol, Staff Name Suffix=II, Staff Office phone=9727709111, Staff Phone=9726608111}]]>
              </value>
            </param>
          </params>
          <reporter-output>
          </reporter-output>
        </test-method> <!-- Atttorney_Add_through_case -->
        <test-method is-config="true" signature="Kill()[pri:0, instance:Enterprise_Codeclouds.Project.Enterprise.Attorney_module@2362f559]" started-at="2026-01-09T18:06:28 IST" name="Kill" finished-at="2026-01-09T18:06:29 IST" duration-ms="284" status="PASS">
          <reporter-output>
          </reporter-output>
        </test-method> <!-- Kill -->
        <test-method is-config="true" signature="setup()[pri:0, instance:Enterprise_Codeclouds.Project.Enterprise.Attorney_module@2362f559]" started-at="2026-01-09T18:06:29 IST" name="setup" finished-at="2026-01-09T18:06:29 IST" duration-ms="854" status="PASS">
          <reporter-output>
          </reporter-output>
        </test-method> <!-- setup -->
        <test-method signature="Atttorney_Add_through_case(java.util.TreeMap,java.util.TreeMap,java.util.TreeMap)[pri:0, instance:Enterprise_Codeclouds.Project.Enterprise.Attorney_module@2362f559]" started-at="2026-01-09T18:06:29 IST" name="Atttorney_Add_through_case" data-provider="law_plus_attorney" finished-at="2026-01-09T18:07:09 IST" duration-ms="39422" status="PASS">
          <params>
            <param index="0">
              <value>
                <![CDATA[{Email=attorney.lysandor.obsidianvale.f3r1@mailto.plus, First Name=Attorney Lysandor, Last Name=Obsidianvale, Middle Name=Mirelle, Name Suffix=Jr, Office phone=9818807112, Phone=9817706112}]]>
              </value>
            </param>
            <param index="1">
              <value>
                <![CDATA[{City=Nashville, Name=Volunteer State Crash Claims & Coverage Dispute Counsel, Phone=9295558312, State=Tennessee, Street Address 1=150 4th Avenue N, Downtown Commerce Atrium, Broadway Side Entry, Street Address 2=Floor 19, Suite 1911, Deliveries: Reception Desk B, Visitor Badge Required, Zip code=37219}]]>
              </value>
            </param>
            <param index="2">
              <value>
                <![CDATA[{Staff Email=staff.ethan.goldbriar.m5t1@mailto.plus, Staff First Name=Staff Ethan, Staff Last Name=Goldbriar, Staff Middle Name=Calder, Staff Name Suffix=Jr, Staff Office phone=9727709112, Staff Phone=9726608112}]]>
              </value>
            </param>
          </params>
          <reporter-output>
          </reporter-output>
        </test-method> <!-- Atttorney_Add_through_case -->
        <test-method is-config="true" signature="Kill()[pri:0, instance:Enterprise_Codeclouds.Project.Enterprise.Attorney_module@2362f559]" started-at="2026-01-09T18:07:09 IST" name="Kill" finished-at="2026-01-09T18:07:09 IST" duration-ms="268" status="PASS">
          <reporter-output>
          </reporter-output>
        </test-method> <!-- Kill -->
        <test-method is-config="true" signature="setup()[pri:0, instance:Enterprise_Codeclouds.Project.Enterprise.Attorney_module@2362f559]" started-at="2026-01-09T18:07:09 IST" name="setup" finished-at="2026-01-09T18:07:10 IST" duration-ms="849" status="PASS">
          <reporter-output>
          </reporter-output>
        </test-method> <!-- setup -->
        <test-method signature="Atttorney_Add_through_case(java.util.TreeMap,java.util.TreeMap,java.util.TreeMap)[pri:0, instance:Enterprise_Codeclouds.Project.Enterprise.Attorney_module@2362f559]" started-at="2026-01-09T18:07:10 IST" name="Atttorney_Add_through_case" data-provider="law_plus_attorney" finished-at="2026-01-09T18:07:50 IST" duration-ms="39724" status="PASS">
          <params>
            <param index="0">
              <value>
                <![CDATA[{Email=attorney.marivane.hollowmere.n8p5@mailto.plus, First Name=Attorney Marivane, Last Name=Hollowmere, Middle Name=Talarin, Name Suffix=III, Office phone=9818807113, Phone=9817706113}]]>
              </value>
            </param>
            <param index="1">
              <value>
                <![CDATA[{City=Pittsburgh, Name=Keystone Bad Faith Insurance & Claim Denial Counsel, Phone=9295558313, State=Pennsylvania, Street Address 1=600 Grant Street, Steel City Office Terrace, Main Lobby Check-in, Street Address 2=Suite 1520, Attn: Intake Operations, Mail Stop PA-15, Package Scan at Security, Zip code=15219}]]>
              </value>
            </param>
            <param index="2">
              <value>
                <![CDATA[{Staff Email=staff.zara.moonridge.n0p9@mailto.plus, Staff First Name=Staff Zara, Staff Last Name=Moonridge, Staff Middle Name=Imani, Staff Name Suffix=III, Staff Office phone=9727709113, Staff Phone=9726608113}]]>
              </value>
            </param>
          </params>
          <reporter-output>
          </reporter-output>
        </test-method> <!-- Atttorney_Add_through_case -->
        <test-method is-config="true" signature="Kill()[pri:0, instance:Enterprise_Codeclouds.Project.Enterprise.Attorney_module@2362f559]" started-at="2026-01-09T18:07:50 IST" name="Kill" finished-at="2026-01-09T18:07:50 IST" duration-ms="296" status="PASS">
          <reporter-output>
          </reporter-output>
        </test-method> <!-- Kill -->
        <test-method is-config="true" signature="setup()[pri:0, instance:Enterprise_Codeclouds.Project.Enterprise.Attorney_module@2362f559]" started-at="2026-01-09T18:07:50 IST" name="setup" finished-at="2026-01-09T18:07:51 IST" duration-ms="805" status="PASS">
          <reporter-output>
          </reporter-output>
        </test-method> <!-- setup -->
        <test-method signature="Atttorney_Add_through_case(java.util.TreeMap,java.util.TreeMap,java.util.TreeMap)[pri:0, instance:Enterprise_Codeclouds.Project.Enterprise.Attorney_module@2362f559]" started-at="2026-01-09T18:07:51 IST" name="Atttorney_Add_through_case" data-provider="law_plus_attorney" finished-at="2026-01-09T18:08:31 IST" duration-ms="39951" status="PASS">
          <params>
            <param index="0">
              <value>
                <![CDATA[{Email=attorney.nyxaline.frostwarden.s0v6@mailto.plus, First Name=Attorney Nyxaline, Last Name=Frostwarden, Middle Name=Demeris, Name Suffix=Sr, Office phone=9818807114, Phone=9817706114}]]>
              </value>
            </param>
            <param index="1">
              <value>
                <![CDATA[{City=Providence, Name=Ocean State Workers Comp & Wage Claims Counsel, Phone=9295558314, State=Rhode Island, Street Address 1=10 Dorrance Street, Downtown Legal Arcade, North Entrance, Street Address 2=Suite 900, Claims Intake: Desk 9B, Deliveries: Weekdays Only, Zip code=02903}]]>
              </value>
            </param>
            <param index="2">
              <value>
                <![CDATA[{Staff Email=staff.mateo.ridgeford.p3c6@mailto.plus, Staff First Name=Staff Mateo, Staff Last Name=Ridgeford, Staff Middle Name=Julian, Staff Name Suffix=Sr, Staff Office phone=9727709114, Staff Phone=9726608114}]]>
              </value>
            </param>
          </params>
          <reporter-output>
          </reporter-output>
        </test-method> <!-- Atttorney_Add_through_case -->
        <test-method is-config="true" signature="Kill()[pri:0, instance:Enterprise_Codeclouds.Project.Enterprise.Attorney_module@2362f559]" started-at="2026-01-09T18:08:31 IST" name="Kill" finished-at="2026-01-09T18:08:31 IST" duration-ms="261" status="PASS">
          <reporter-output>
          </reporter-output>
        </test-method> <!-- Kill -->
        <test-method is-config="true" signature="setup()[pri:0, instance:Enterprise_Codeclouds.Project.Enterprise.Attorney_module@2362f559]" started-at="2026-01-09T18:08:31 IST" name="setup" finished-at="2026-01-09T18:08:32 IST" duration-ms="832" status="PASS">
          <reporter-output>
          </reporter-output>
        </test-method> <!-- setup -->
        <test-method signature="Atttorney_Add_through_case(java.util.TreeMap,java.util.TreeMap,java.util.TreeMap)[pri:0, instance:Enterprise_Codeclouds.Project.Enterprise.Attorney_module@2362f559]" started-at="2026-01-09T18:08:32 IST" name="Atttorney_Add_through_case" data-provider="law_plus_attorney" finished-at="2026-01-09T18:09:11 IST" duration-ms="39422" status="PASS">
          <params>
            <param index="0">
              <value>
                <![CDATA[{Email=attorney.orphira.cindervaux.g2h7@mailto.plus, First Name=Attorney Orphira, Last Name=Cindervaux, Middle Name=Peregrin, Name Suffix=IV, Office phone=9818807115, Phone=9817706115}]]>
              </value>
            </param>
            <param index="1">
              <value>
                <![CDATA[{City=Buffalo, Name=Empire State Civil Rights & Police Conduct Counsel, Phone=9295558315, State=New York, Street Address 1=200 Delaware Avenue, City Center Office Row, Main Lobby, Street Address 2=Suite 1210, Attn: Records Intake, Elevator Bank A, Floor 12, Zip code=14202}]]>
              </value>
            </param>
            <param index="2">
              <value>
                <![CDATA[{Staff Email=staff.hana.evermoor.q7h2@mailto.plus, Staff First Name=Staff Hana, Staff Last Name=Evermoor, Staff Middle Name=Sakura, Staff Name Suffix=IV, Staff Office phone=9727709115, Staff Phone=9726608115}]]>
              </value>
            </param>
          </params>
          <reporter-output>
          </reporter-output>
        </test-method> <!-- Atttorney_Add_through_case -->
        <test-method is-config="true" signature="Kill()[pri:0, instance:Enterprise_Codeclouds.Project.Enterprise.Attorney_module@2362f559]" started-at="2026-01-09T18:09:11 IST" name="Kill" finished-at="2026-01-09T18:09:11 IST" duration-ms="269" status="PASS">
          <reporter-output>
          </reporter-output>
        </test-method> <!-- Kill -->
        <test-method is-config="true" signature="setup()[pri:0, instance:Enterprise_Codeclouds.Project.Enterprise.Attorney_module@2362f559]" started-at="2026-01-09T18:09:11 IST" name="setup" finished-at="2026-01-09T18:09:12 IST" duration-ms="806" status="PASS">
          <reporter-output>
          </reporter-output>
        </test-method> <!-- setup -->
        <test-method signature="Atttorney_Add_through_case(java.util.TreeMap,java.util.TreeMap,java.util.TreeMap)[pri:0, instance:Enterprise_Codeclouds.Project.Enterprise.Attorney_module@2362f559]" started-at="2026-01-09T18:09:12 IST" name="Atttorney_Add_through_case" data-provider="law_plus_attorney" finished-at="2026-01-09T18:09:53 IST" duration-ms="41156" status="PASS">
          <params>
            <param index="0">
              <value>
                <![CDATA[{Email=attorney.quorinel.stormbriar.j4x0@mailto.plus, First Name=Attorney Quorinel, Last Name=Stormbriar, Middle Name=Vallorin, Name Suffix=II, Office phone=9818807116, Phone=9817706116}]]>
              </value>
            </param>
            <param index="1">
              <value>
                <![CDATA[{City=Washington, Name=Capital District Regulatory & Administrative Hearing Counsel, Phone=9295558316, State=Washington DC, Street Address 1=750 9th Street NW, Judiciary Square Business Annex, Main Entrance, Street Address 2=Suite 1205, Intake Desk: Lobby Counter 2, Package Scan Required, Zip code=20001}]]>
              </value>
            </param>
            <param index="2">
              <value>
                <![CDATA[{Staff Email=staff.kendall.crownfield.r2n8@mailto.plus, Staff First Name=Staff Kendall, Staff Last Name=Crownfield, Staff Middle Name=Brielle, Staff Name Suffix=II, Staff Office phone=9727709116, Staff Phone=9726608116}]]>
              </value>
            </param>
          </params>
          <reporter-output>
          </reporter-output>
        </test-method> <!-- Atttorney_Add_through_case -->
        <test-method is-config="true" signature="Kill()[pri:0, instance:Enterprise_Codeclouds.Project.Enterprise.Attorney_module@2362f559]" started-at="2026-01-09T18:09:53 IST" name="Kill" finished-at="2026-01-09T18:09:54 IST" duration-ms="269" status="PASS">
          <reporter-output>
          </reporter-output>
        </test-method> <!-- Kill -->
        <test-method is-config="true" signature="setup()[pri:0, instance:Enterprise_Codeclouds.Project.Enterprise.Attorney_module@2362f559]" started-at="2026-01-09T18:09:54 IST" name="setup" finished-at="2026-01-09T18:09:55 IST" duration-ms="884" status="PASS">
          <reporter-output>
          </reporter-output>
        </test-method> <!-- setup -->
        <test-method signature="Atttorney_Add_through_case(java.util.TreeMap,java.util.TreeMap,java.util.TreeMap)[pri:0, instance:Enterprise_Codeclouds.Project.Enterprise.Attorney_module@2362f559]" started-at="2026-01-09T18:09:55 IST" name="Atttorney_Add_through_case" data-provider="law_plus_attorney" finished-at="2026-01-09T18:11:57 IST" duration-ms="122434" status="PASS">
          <params>
            <param index="0">
              <value>
                <![CDATA[{Email=attorney.rivenna.marblewyn.l9q3@mailto.plus, First Name=Attorney Rivenna, Last Name=Marblewyn, Middle Name=Caelith, Name Suffix=Jr, Office phone=9818807117, Phone=9817706117}]]>
              </value>
            </param>
            <param index="1">
              <value>
                <![CDATA[{City=Arlington, Name=Armed Forces Claims & Benefits Advocacy Office, Phone=9295558317, State=Armed Forces Europe, Street Address 1=1 Defense Way, Service Member Support Center, Main Gate Check-in, Street Address 2=Suite 410, Attn: Intake Ops, Deliver to Admin Desk, ID Required at Entry, Zip code=22202}]]>
              </value>
            </param>
            <param index="2">
              <value>
                <![CDATA[{Staff Email=staff.elowen.frostwick.s6k4@mailto.plus, Staff First Name=Staff Elowen, Staff Last Name=Frostwick, Staff Middle Name=Simone, Staff Name Suffix=Jr, Staff Office phone=9727709117, Staff Phone=9726608117}]]>
              </value>
            </param>
          </params>
          <reporter-output>
          </reporter-output>
        </test-method> <!-- Atttorney_Add_through_case -->
        <test-method is-config="true" signature="Kill()[pri:0, instance:Enterprise_Codeclouds.Project.Enterprise.Attorney_module@2362f559]" started-at="2026-01-09T18:11:57 IST" name="Kill" finished-at="2026-01-09T18:11:57 IST" duration-ms="238" status="PASS">
          <reporter-output>
          </reporter-output>
        </test-method> <!-- Kill -->
        <test-method is-config="true" signature="setup()[pri:0, instance:Enterprise_Codeclouds.Project.Enterprise.Attorney_module@2362f559]" started-at="2026-01-09T18:11:57 IST" name="setup" finished-at="2026-01-09T18:11:58 IST" duration-ms="828" status="PASS">
          <reporter-output>
          </reporter-output>
        </test-method> <!-- setup -->
        <test-method signature="Atttorney_Add_through_case(java.util.TreeMap,java.util.TreeMap,java.util.TreeMap)[pri:0, instance:Enterprise_Codeclouds.Project.Enterprise.Attorney_module@2362f559]" started-at="2026-01-09T18:11:58 IST" name="Atttorney_Add_through_case" data-provider="law_plus_attorney" finished-at="2026-01-09T18:12:30 IST" duration-ms="32360" status="PASS">
          <params>
            <param index="0">
              <value>
                <![CDATA[{Email=attorney.seredane.kleinmere.v1n9@mailto.plus, First Name=Attorney Seredane, Last Name=Kleinmere, Middle Name=Zorion, Name Suffix=III, Office phone=9818807118, Phone=9817706118}]]>
              </value>
            </param>
            <param index="1">
              <value>
                <![CDATA[{City=Honolulu, Name=Aloha Settlement Strategy & Medical Negligence Counsel, Phone=9295558318, State=Hawaii, Street Address 1=1001 Bishop Street, Downtown Honolulu Office Gallery, South Lobby, Street Address 2=Suite 1810, Reception Desk H1, Deliveries: Weekdays 9AM–4PM, Zip code=96813}]]>
              </value>
            </param>
            <param index="2">
              <value>
                <![CDATA[{Staff Email=staff.noah.harborwyn.t1d7@mailto.plus, Staff First Name=Staff Noah, Staff Last Name=Harborwyn, Staff Middle Name=Elias, Staff Name Suffix=III, Staff Office phone=9727709118, Staff Phone=9726608118}]]>
              </value>
            </param>
          </params>
          <reporter-output>
          </reporter-output>
        </test-method> <!-- Atttorney_Add_through_case -->
        <test-method is-config="true" signature="Kill()[pri:0, instance:Enterprise_Codeclouds.Project.Enterprise.Attorney_module@2362f559]" started-at="2026-01-09T18:12:30 IST" name="Kill" finished-at="2026-01-09T18:12:31 IST" duration-ms="257" status="PASS">
          <reporter-output>
          </reporter-output>
        </test-method> <!-- Kill -->
        <test-method is-config="true" signature="setup()[pri:0, instance:Enterprise_Codeclouds.Project.Enterprise.Attorney_module@2362f559]" started-at="2026-01-09T18:12:31 IST" name="setup" finished-at="2026-01-09T18:12:31 IST" duration-ms="768" status="PASS">
          <reporter-output>
          </reporter-output>
        </test-method> <!-- setup -->
        <test-method signature="Atttorney_Add_through_case(java.util.TreeMap,java.util.TreeMap,java.util.TreeMap)[pri:0, instance:Enterprise_Codeclouds.Project.Enterprise.Attorney_module@2362f559]" started-at="2026-01-09T18:12:31 IST" name="Atttorney_Add_through_case" data-provider="law_plus_attorney" finished-at="2026-01-09T18:13:11 IST" duration-ms="39723" status="PASS">
          <params>
            <param index="0">
              <value>
                <![CDATA[{Email=attorney.talvior.quillhollow.d7m4@mailto.plus, First Name=Attorney Talvior, Last Name=Quillhollow, Middle Name=Vionette, Name Suffix=Sr, Office phone=9818807119, Phone=9817706119}]]>
              </value>
            </param>
            <param index="1">
              <value>
                <![CDATA[{City=Baton Rouge, Name=Bayou Evidence Preservation & Trial Support Counsel, Phone=9295558319, State=Louisiana, Street Address 1=445 North Boulevard, Capitol Park Legal Terrace, Main Lobby, Street Address 2=Suite 915, Attn: Intake Desk, Deliver to Reception, Add Note: “Hold for Signature”, Zip code=70802}]]>
              </value>
            </param>
            <param index="2">
              <value>
                <![CDATA[{Staff Email=staff.celine.wilderbrook.v9x3@mailto.plus, Staff First Name=Staff Celine, Staff Last Name=Wilderbrook, Staff Middle Name=Faye, Staff Name Suffix=Sr, Staff Office phone=9727709119, Staff Phone=9726608119}]]>
              </value>
            </param>
          </params>
          <reporter-output>
          </reporter-output>
        </test-method> <!-- Atttorney_Add_through_case -->
        <test-method is-config="true" signature="Kill()[pri:0, instance:Enterprise_Codeclouds.Project.Enterprise.Attorney_module@2362f559]" started-at="2026-01-09T18:13:11 IST" name="Kill" finished-at="2026-01-09T18:13:11 IST" duration-ms="248" status="PASS">
          <reporter-output>
          </reporter-output>
        </test-method> <!-- Kill -->
        <test-method is-config="true" signature="setup()[pri:0, instance:Enterprise_Codeclouds.Project.Enterprise.Attorney_module@2362f559]" started-at="2026-01-09T18:13:11 IST" name="setup" finished-at="2026-01-09T18:13:12 IST" duration-ms="774" status="PASS">
          <reporter-output>
          </reporter-output>
        </test-method> <!-- setup -->
        <test-method signature="Atttorney_Add_through_case(java.util.TreeMap,java.util.TreeMap,java.util.TreeMap)[pri:0, instance:Enterprise_Codeclouds.Project.Enterprise.Attorney_module@2362f559]" started-at="2026-01-09T18:13:12 IST" name="Atttorney_Add_through_case" data-provider="law_plus_attorney" finished-at="2026-01-09T18:13:52 IST" duration-ms="39357" status="PASS">
          <params>
            <param index="0">
              <value>
                <![CDATA[{Email=attorney.wulferen.briarnoct.p5k8@mailto.plus, First Name=Attorney Wulferen, Last Name=Briarnoct, Middle Name=Ysolde, Name Suffix=IV, Office phone=9818807120, Phone=9817706120}]]>
              </value>
            </param>
            <param index="1">
              <value>
                <![CDATA[{City=Manchester, Name=Granite State Workplace Injury & Disability Counsel, Phone=9295558320, State=New Hampshire, Street Address 1=900 Elm Street, Queen City Commerce Atrium, North Lobby, Street Address 2=Suite 1700, Claims Intake: Desk 17C, Visitor Parking: Garage Level 1, Zip code=03101}]]>
              </value>
            </param>
            <param index="2">
              <value>
                <![CDATA[{Staff Email=staff.aria.thornhaven.w4q0@mailto.plus, Staff First Name=Staff Aria, Staff Last Name=Thornhaven, Staff Middle Name=Celina, Staff Name Suffix=IV, Staff Office phone=9727709120, Staff Phone=9726608120}]]>
              </value>
            </param>
          </params>
          <reporter-output>
          </reporter-output>
        </test-method> <!-- Atttorney_Add_through_case -->
        <test-method is-config="true" signature="Kill()[pri:0, instance:Enterprise_Codeclouds.Project.Enterprise.Attorney_module@2362f559]" started-at="2026-01-09T18:13:52 IST" name="Kill" finished-at="2026-01-09T18:13:52 IST" duration-ms="253" status="PASS">
          <reporter-output>
          </reporter-output>
        </test-method> <!-- Kill -->
      </class> <!-- Enterprise_Codeclouds.Project.Enterprise.Attorney_module -->
    </test> <!-- Default test -->
  </suite> <!-- Default suite -->
</testng-results>
