<?xml version="1.0" encoding="UTF-8"?>
<testng-results ignored="2" total="3" passed="0" failed="1" skipped="0">
  <reporter-output>
  </reporter-output>
  <suite started-at="2025-12-22T13:18:40 IST" name="Default suite" finished-at="2025-12-22T13:19:29 IST" duration-ms="49728">
    <groups>
    </groups>
    <test started-at="2025-12-22T13:18:40 IST" name="Default test" finished-at="2025-12-22T13:19:29 IST" duration-ms="49728">
      <class name="Negative_Testcases.Application_Add_Negative_Testcases">
        <test-method is-config="true" signature="setup()[pri:0, instance:Negative_Testcases.Application_Add_Negative_Testcases@3a52dba3]" started-at="2025-12-22T13:18:40 IST" name="setup" finished-at="2025-12-22T13:18:42 IST" duration-ms="2436" status="PASS">
          <reporter-output>
          </reporter-output>
        </test-method> <!-- setup -->
        <test-method signature="application_add(java.util.TreeMap,java.util.TreeMap)[pri:0, instance:Negative_Testcases.Application_Add_Negative_Testcases@3a52dba3]" started-at="2025-12-22T13:18:42 IST" name="application_add" data-provider="case_plus_plaintiff" finished-at="2025-12-22T13:19:29 IST" duration-ms="47193" status="FAIL">
          <params>
            <param index="0">
              <value>
                <![CDATA[{Agreement Date=12/29/2025, Application Status=Approved, Approved Amount=12000, Attorney Name=Atty. Melissa Grant, Buyout Amount=8000, Buyout Expiry Date=12/29/2028, Buyout Funder Name=Summit Legal Funding, Case #=1, Case Type=Motor Vehicle Accident, Court Index Number=49D12-2403-CT-001201, Date of Incident=03/14/2024, Document prep fee=250, Fund transfer fee=75, Interest Start Date=12/29/2025, Law Firm Name=Grant & Lawson Injury Law, Lead Source=Attorney Referral, Plaintiff Address One=1245 N Meridian St, Plaintiff Address Two=Indianapolis, IN 46204, Plaintiff Email=caleb.lawson@plaintiffmail.com, Plaintiff Name=Caleb Hunter Lawson, Plaintiff Phone Number=555-201-0001, Rate of Return=38, Recommended Max Funding=12000, Requested Amount=25000, Risk Level=Moderate, SMS Message Body=Hi Caleb, your motor vehicle case funding request has been approved for up to $12,000. Our team will contact you shortly to confirm disbursement details. – Lumberjack Legal Finance, SMS Message Title=Funding Application Approved, State=Indiana, Summary=Rear-end collision on I-65; plaintiff rear-ended in congestion, airbags deployed, whiplash, PT with residual stiffness and work loss., Underwriting Notes=Strong rear-end liability with citation for following too closely. Soft-tissue neck/back injury but supported by ER visit, imaging, PT and wage loss. Need full medical records, wage docs and prior-claim check. Assuming clean priors and adequate BI limits, case supports funding up to about 12k.}]]>
              </value>
            </param>
            <param index="1">
              <value>
                <![CDATA[{Address Line 1=100 Queen St W, Address Line 2=Unit 14B, Date of Birth=01/19/1991, Email=emanuel.schreiber@mailto.plus, First Name=Emanuel, Last Name=Schreiber, Middle Name=Gregor, Name Suffix=Jr, Phone number=416-555-0301, Social Security Number=701-18-5532, State=Ontario, Zip code=M5H2N2}]]>
              </value>
            </param>
          </params>
          <exception class="org.openqa.selenium.TimeoutException">
            <message>
              <![CDATA[Expected condition failed: waiting for visibility of [[ChromeDriver: chrome on windows (59a8c4d140e4c788532c28e0b9f2ae78)] -> xpath: (//div[@class='rc-virtual-list'])[2]] (tried for 10 second(s) with 500 milliseconds interval)
Build info: version: '4.33.0', revision: '2c6aaad03a'
System info: os.name: 'Windows 11', os.arch: 'amd64', os.version: '10.0', java.version: '21.0.9'
Driver info: org.openqa.selenium.chrome.ChromeDriver
Capabilities {acceptInsecureCerts: false, browserName: chrome, browserVersion: 143.0.7499.146, chrome: {chromedriverVersion: 143.0.7499.169 (164b20aab62..., userDataDir: C:\Users\CODECL~1\AppData\L...}, fedcm:accounts: true, goog:chromeOptions: {debuggerAddress: localhost:62928}, goog:processID: 17200, networkConnectionEnabled: false, pageLoadStrategy: normal, platformName: windows, proxy: Proxy(), se:cdp: ws://localhost:62928/devtoo..., se:cdpVersion: 143.0.7499.146, setWindowRect: true, strictFileInteractability: false, timeouts: {implicit: 0, pageLoad: 300000, script: 30000}, unhandledPromptBehavior: dismiss and notify, webauthn:extension:credBlob: true, webauthn:extension:largeBlob: true, webauthn:extension:minPinLength: true, webauthn:extension:prf: true, webauthn:virtualAuthenticators: true}
Session ID: 59a8c4d140e4c788532c28e0b9f2ae78]]>
            </message>
            <full-stacktrace>
              <![CDATA[org.openqa.selenium.TimeoutException: Expected condition failed: waiting for visibility of [[ChromeDriver: chrome on windows (59a8c4d140e4c788532c28e0b9f2ae78)] -> xpath: (//div[@class='rc-virtual-list'])[2]] (tried for 10 second(s) with 500 milliseconds interval)
Build info: version: '4.33.0', revision: '2c6aaad03a'
System info: os.name: 'Windows 11', os.arch: 'amd64', os.version: '10.0', java.version: '21.0.9'
Driver info: org.openqa.selenium.chrome.ChromeDriver
Capabilities {acceptInsecureCerts: false, browserName: chrome, browserVersion: 143.0.7499.146, chrome: {chromedriverVersion: 143.0.7499.169 (164b20aab62..., userDataDir: C:\Users\CODECL~1\AppData\L...}, fedcm:accounts: true, goog:chromeOptions: {debuggerAddress: localhost:62928}, goog:processID: 17200, networkConnectionEnabled: false, pageLoadStrategy: normal, platformName: windows, proxy: Proxy(), se:cdp: ws://localhost:62928/devtoo..., se:cdpVersion: 143.0.7499.146, setWindowRect: true, strictFileInteractability: false, timeouts: {implicit: 0, pageLoad: 300000, script: 30000}, unhandledPromptBehavior: dismiss and notify, webauthn:extension:credBlob: true, webauthn:extension:largeBlob: true, webauthn:extension:minPinLength: true, webauthn:extension:prf: true, webauthn:virtualAuthenticators: true}
Session ID: 59a8c4d140e4c788532c28e0b9f2ae78
at org.openqa.selenium.support.ui.WebDriverWait.timeoutException(WebDriverWait.java:84)
at org.openqa.selenium.support.ui.FluentWait.until(FluentWait.java:228)
at Repeatative_codes.Repeat.wait_for_theElement(Repeat.java:41)
at Locaters.Application_Locaters.Incident_type_dropdown(Application_Locaters.java:121)
at Negative_Testcases.Application_Add_Negative_Testcases.application_add(Application_Add_Negative_Testcases.java:88)
at java.base/jdk.internal.reflect.DirectMethodHandleAccessor.invoke(DirectMethodHandleAccessor.java:103)
at java.base/java.lang.reflect.Method.invoke(Method.java:580)
at org.testng.internal.invokers.MethodInvocationHelper.invokeMethod(MethodInvocationHelper.java:141)
at org.testng.internal.invokers.TestInvoker.invokeMethod(TestInvoker.java:687)
at org.testng.internal.invokers.TestInvoker.invokeTestMethod(TestInvoker.java:230)
at org.testng.internal.invokers.MethodRunner.runInSequence(MethodRunner.java:63)
at org.testng.internal.invokers.TestInvoker$MethodInvocationAgent.invoke(TestInvoker.java:995)
at org.testng.internal.invokers.TestInvoker.invokeTestMethods(TestInvoker.java:203)
at org.testng.internal.invokers.TestMethodWorker.invokeTestMethods(TestMethodWorker.java:154)
at org.testng.internal.invokers.TestMethodWorker.run(TestMethodWorker.java:134)
at java.base/java.util.ArrayList.forEach(ArrayList.java:1596)
at org.testng.TestRunner.privateRun(TestRunner.java:741)
at org.testng.TestRunner.run(TestRunner.java:616)
at org.testng.SuiteRunner.runTest(SuiteRunner.java:421)
at org.testng.SuiteRunner.runSequentially(SuiteRunner.java:413)
at org.testng.SuiteRunner.privateRun(SuiteRunner.java:373)
at org.testng.SuiteRunner.run(SuiteRunner.java:312)
at org.testng.SuiteRunnerWorker.runSuite(SuiteRunnerWorker.java:52)
at org.testng.SuiteRunnerWorker.run(SuiteRunnerWorker.java:95)
at org.testng.TestNG.runSuitesSequentially(TestNG.java:1274)
at org.testng.TestNG.runSuitesLocally(TestNG.java:1208)
at org.testng.TestNG.runSuites(TestNG.java:1112)
at org.testng.TestNG.run(TestNG.java:1079)
at org.testng.remote.AbstractRemoteTestNG.run(AbstractRemoteTestNG.java:115)
at org.testng.remote.RemoteTestNG.initAndRun(RemoteTestNG.java:293)
at org.testng.remote.RemoteTestNG.main(RemoteTestNG.java:91)
]]>
            </full-stacktrace>
          </exception> <!-- org.openqa.selenium.TimeoutException -->
          <reporter-output>
          </reporter-output>
        </test-method> <!-- application_add -->
        <test-method is-config="true" signature="Kill()[pri:0, instance:Negative_Testcases.Application_Add_Negative_Testcases@3a52dba3]" started-at="2025-12-22T13:19:29 IST" name="Kill" finished-at="2025-12-22T13:19:29 IST" duration-ms="0" status="PASS">
          <reporter-output>
          </reporter-output>
        </test-method> <!-- Kill -->
      </class> <!-- Negative_Testcases.Application_Add_Negative_Testcases -->
    </test> <!-- Default test -->
  </suite> <!-- Default suite -->
</testng-results>
