<?xml version="1.0" encoding="UTF-8"?>
<testng-results ignored="7" total="17" passed="9" failed="1" skipped="0">
  <reporter-output>
  </reporter-output>
  <suite started-at="2026-02-12T20:03:48 IST" name="Default suite" finished-at="2026-02-12T20:06:39 IST" duration-ms="170462">
    <groups>
    </groups>
    <test started-at="2026-02-12T20:03:48 IST" name="Default test" finished-at="2026-02-12T20:06:39 IST" duration-ms="170462">
      <class name="Enterprise_Codeclouds.Project.Enterprise.Leads">
        <test-method is-config="true" signature="setup()[pri:0, instance:Enterprise_Codeclouds.Project.Enterprise.Leads@131ef10]" started-at="2026-02-12T20:03:49 IST" name="setup" finished-at="2026-02-12T20:03:51 IST" duration-ms="2303" status="PASS">
          <reporter-output>
          </reporter-output>
        </test-method> <!-- setup -->
        <test-method signature="frontend_form_filler(java.util.TreeMap)[pri:0, instance:Enterprise_Codeclouds.Project.Enterprise.Leads@131ef10]" started-at="2026-02-12T20:03:51 IST" name="frontend_form_filler" data-provider="applyNowData" finished-at="2026-02-12T20:04:06 IST" duration-ms="15210" status="PASS">
          <params>
            <param index="0">
              <value>
                <![CDATA[{Are you Enrolled in Medicare, Medicaid, or any other governmental health coverage?=YES, Are you currently behind on child support?=NO, City=Hamilton, Date of Birth=09/17/1991, Describe the accident=Side-swipe on a multi-lane road during evening traffic. A vehicle in the adjacent lane drifted left while changing lanes and clipped my front quarter panel. We pulled into a nearby lot, exchanged info, and I took photos from multiple angles. Police were called and arrived later., Describe the injuries you sustained during the accident=Neck stiffness later that night, upper back tightness, and intermittent tingling down the left arm. Urgent care advised rest and physio follow-up., Email=pete@rose.com, Explain (Behind on Child Support)=, Explain (Governmental Health Coverage)=Selected YES to trigger the 'Which one(s)?' field and validate persistence., Explain (No Auto Insurance Violation)=Brief lapse during relocation; policy reinstated within the same week., Explain (Other People Injured)=, Explain (Other Traumatic Incidents)=Minor slip on stairs ~6 weeks later; bruised knee; no ER visit., Explain (Previous Settlement Advance)=, Have you previously received a settlement advance for this case?=NO, How much did you receive?=, How much do you owe?=, I am seeking an advance of=19500, In the 5 years before the accident, did you have a violation for no auto insurance?=YES, In the PRESENT accident, were you in a vehicle owned by you?=YES, Law Firm Name=BayState Casebuilders, Lawyer's Name=Mireille Dagenais, Lawyer's Phone Number=9176407716, Mailing Street Address=315 King Street East, Unit 907, Phone Number=+19874563211, Since your accident, have you been injured in any other traumatic incidents?=YES, State=New York, Was that vehicle covered by insurance?=YES, Were other people injured in this accident?=NO, What company did you borrow from?=, When did the accident happen?=11/21/2024, Where did the accident happen?=Rochester, NY, Where do you owe child support? (County)=, Where do you owe child support? (State)=, Which one(s)?=Medicaid (pending renewal confirmation), Your Full Name=Pete Rose}]]>
              </value>
            </param>
          </params>
          <reporter-output>
          </reporter-output>
        </test-method> <!-- frontend_form_filler -->
        <test-method is-config="true" signature="Kill()[pri:0, instance:Enterprise_Codeclouds.Project.Enterprise.Leads@131ef10]" started-at="2026-02-12T20:04:06 IST" name="Kill" finished-at="2026-02-12T20:04:06 IST" duration-ms="347" status="PASS">
          <reporter-output>
          </reporter-output>
        </test-method> <!-- Kill -->
        <test-method is-config="true" signature="setup()[pri:0, instance:Enterprise_Codeclouds.Project.Enterprise.Leads@131ef10]" started-at="2026-02-12T20:04:06 IST" name="setup" finished-at="2026-02-12T20:04:07 IST" duration-ms="931" status="PASS">
          <reporter-output>
          </reporter-output>
        </test-method> <!-- setup -->
        <test-method signature="frontend_form_filler(java.util.TreeMap)[pri:0, instance:Enterprise_Codeclouds.Project.Enterprise.Leads@131ef10]" started-at="2026-02-12T20:04:07 IST" name="frontend_form_filler" data-provider="applyNowData" finished-at="2026-02-12T20:04:22 IST" duration-ms="15047" status="PASS">
          <params>
            <param index="0">
              <value>
                <![CDATA[{Are you Enrolled in Medicare, Medicaid, or any other governmental health coverage?=NO, Are you currently behind on child support?=NO, City=Montréal, Date of Birth=10/03/1989, Describe the accident=Slip-and-fall in a building lobby near the entrance. Floor looked dry but had a thin film of water. I fell onto my left side and hit elbow and hip. Staff mentioned cleaning was in progress., Describe the injuries you sustained during the accident=Bruised hip, elbow swelling, and mild dizziness for a few hours. Walk-in clinic documented tenderness., Email=al@kaline.com, Explain (Behind on Child Support)=, Explain (Governmental Health Coverage)=, Explain (No Auto Insurance Violation)=, Explain (Other People Injured)=No confirmed injuries were reported to me at the time., Explain (Other Traumatic Incidents)=, Explain (Previous Settlement Advance)=Previous small advance early in the case to cover urgent expenses., Have you previously received a settlement advance for this case?=YES, How much did you receive?=2500, How much do you owe?=, I am seeking an advance of=8700, In the 5 years before the accident, did you have a violation for no auto insurance?=NO, In the PRESENT accident, were you in a vehicle owned by you?=, Law Firm Name=HarborLedger Trial Office, Lawyer's Name=Gabriel Deslauriers, Lawyer's Phone Number=2017791108, Mailing Street Address=155 Rue Saint-Jacques, Apt 14B, Phone Number=+12604835653, Since your accident, have you been injured in any other traumatic incidents?=NO, State=New Jersey, Was that vehicle covered by insurance?=, Were other people injured in this accident?=I DON'T KNOW, What company did you borrow from?=PrimeMotion Claims Studio, When did the accident happen?=03/12/2025, Where did the accident happen?=Jersey City, NJ, Where do you owe child support? (County)=, Where do you owe child support? (State)=, Which one(s)?=, Your Full Name=Al Kaline}]]>
              </value>
            </param>
          </params>
          <reporter-output>
          </reporter-output>
        </test-method> <!-- frontend_form_filler -->
        <test-method is-config="true" signature="Kill()[pri:0, instance:Enterprise_Codeclouds.Project.Enterprise.Leads@131ef10]" started-at="2026-02-12T20:04:22 IST" name="Kill" finished-at="2026-02-12T20:04:23 IST" duration-ms="333" status="PASS">
          <reporter-output>
          </reporter-output>
        </test-method> <!-- Kill -->
        <test-method is-config="true" signature="setup()[pri:0, instance:Enterprise_Codeclouds.Project.Enterprise.Leads@131ef10]" started-at="2026-02-12T20:04:23 IST" name="setup" finished-at="2026-02-12T20:04:24 IST" duration-ms="947" status="PASS">
          <reporter-output>
          </reporter-output>
        </test-method> <!-- setup -->
        <test-method signature="frontend_form_filler(java.util.TreeMap)[pri:0, instance:Enterprise_Codeclouds.Project.Enterprise.Leads@131ef10]" started-at="2026-02-12T20:04:24 IST" name="frontend_form_filler" data-provider="applyNowData" finished-at="2026-02-12T20:04:39 IST" duration-ms="15215" status="PASS">
          <params>
            <param index="0">
              <value>
                <![CDATA[{Are you Enrolled in Medicare, Medicaid, or any other governmental health coverage?=I DON'T KNOW, Are you currently behind on child support?=NO, City=Ottawa, Date of Birth=07/28/1991, Describe the accident=Pedestrian incident at a marked crosswalk. Walk signal was on; turning vehicle rolled forward then accelerated unexpectedly. Police/EMS attended; witness details noted., Describe the injuries you sustained during the accident=Ankle sprain, bruised knee, and recurring lower-back pain. PT started; prolonged standing difficult., Email=pltf.gravelroux.maelys.x3r7qn.9p0m@yopmail.com, Explain (Behind on Child Support)=, Explain (Governmental Health Coverage)=Unsure; using I DON'T KNOW for branch coverage., Explain (No Auto Insurance Violation)=Old lapse under a previous policy; details not fully available., Explain (Other People Injured)=A cyclist braked hard to avoid the vehicle and fell; minor abrasions., Explain (Other Traumatic Incidents)=Minor sports strain months later; no emergency visit., Explain (Previous Settlement Advance)=, Have you previously received a settlement advance for this case?=NO, How much did you receive?=, How much do you owe?=, I am seeking an advance of=24500, In the 5 years before the accident, did you have a violation for no auto insurance?=YES, In the PRESENT accident, were you in a vehicle owned by you?=I DON'T KNOW, Law Firm Name=Capitol Briefworks, Lawyer's Name=Thierry Beauchêne, Lawyer's Phone Number=2026112407, Mailing Street Address=180 Wellington Street, Unit 1204, Phone Number=+16027394185, Since your accident, have you been injured in any other traumatic incidents?=YES, State=District of Columbia, Was that vehicle covered by insurance?=I DON'T KNOW, Were other people injured in this accident?=YES, What company did you borrow from?=, When did the accident happen?=08/04/2024, Where did the accident happen?=Washington, DC, Where do you owe child support? (County)=, Where do you owe child support? (State)=, Which one(s)?=, Your Full Name=Maëlys Anaëlle Gravelroux}]]>
              </value>
            </param>
          </params>
          <reporter-output>
          </reporter-output>
        </test-method> <!-- frontend_form_filler -->
        <test-method is-config="true" signature="Kill()[pri:0, instance:Enterprise_Codeclouds.Project.Enterprise.Leads@131ef10]" started-at="2026-02-12T20:04:39 IST" name="Kill" finished-at="2026-02-12T20:04:39 IST" duration-ms="318" status="PASS">
          <reporter-output>
          </reporter-output>
        </test-method> <!-- Kill -->
        <test-method is-config="true" signature="setup()[pri:0, instance:Enterprise_Codeclouds.Project.Enterprise.Leads@131ef10]" started-at="2026-02-12T20:04:39 IST" name="setup" finished-at="2026-02-12T20:04:40 IST" duration-ms="1124" status="PASS">
          <reporter-output>
          </reporter-output>
        </test-method> <!-- setup -->
        <test-method signature="frontend_form_filler(java.util.TreeMap)[pri:0, instance:Enterprise_Codeclouds.Project.Enterprise.Leads@131ef10]" started-at="2026-02-12T20:04:40 IST" name="frontend_form_filler" data-provider="applyNowData" finished-at="2026-02-12T20:05:00 IST" duration-ms="19336" status="PASS">
          <params>
            <param index="0">
              <value>
                <![CDATA[{Are you Enrolled in Medicare, Medicaid, or any other governmental health coverage?=NO, Are you currently behind on child support?=YES, City=Halifax, Date of Birth=01/19/1990, Describe the accident=Multi-car chain reaction on an expressway exit ramp in stop-and-go traffic. Vehicle struck from behind and pushed forward. Police report filed., Describe the injuries you sustained during the accident=Upper back spasm, neck stiffness, and jaw soreness. Symptoms worsened next morning; PT referral advised., Email=pltf.quenneville.roisin.p5v2mh.1k4q@yopmail.com, Explain (Behind on Child Support)=Selecting YES to trigger additional fields and validate save + formatting., Explain (Governmental Health Coverage)=, Explain (No Auto Insurance Violation)=, Explain (Other People Injured)=Saw one driver holding shoulder; no confirmed EMS report received., Explain (Other Traumatic Incidents)=, Explain (Previous Settlement Advance)=Early-stage advance from another provider; validating conditional fields + persistence., Have you previously received a settlement advance for this case?=YES, How much did you receive?=3000, How much do you owe?=4200, I am seeking an advance of=13250, In the 5 years before the accident, did you have a violation for no auto insurance?=NO, In the PRESENT accident, were you in a vehicle owned by you?=, Law Firm Name=Keystone Dispute Lab, Lawyer's Name=Rosalie Beaulac, Lawyer's Phone Number=3129847712, Mailing Street Address=500 Rue de la Gauchetière Ouest, Suite 2600, Phone Number=+12256149308, Since your accident, have you been injured in any other traumatic incidents?=NO, State=Illinois, Was that vehicle covered by insurance?=, Were other people injured in this accident?=I DON'T KNOW, What company did you borrow from?=Gateway Pleading House, When did the accident happen?=02/15/2025, Where did the accident happen?=Chicago, IL, Where do you owe child support? (County)=Cook, Where do you owe child support? (State)=Illinois, Which one(s)?=, Your Full Name=Róisín Deirdre Quenneville}]]>
              </value>
            </param>
          </params>
          <reporter-output>
          </reporter-output>
        </test-method> <!-- frontend_form_filler -->
        <test-method is-config="true" signature="Kill()[pri:0, instance:Enterprise_Codeclouds.Project.Enterprise.Leads@131ef10]" started-at="2026-02-12T20:05:00 IST" name="Kill" finished-at="2026-02-12T20:05:00 IST" duration-ms="331" status="PASS">
          <reporter-output>
          </reporter-output>
        </test-method> <!-- Kill -->
        <test-method is-config="true" signature="setup()[pri:0, instance:Enterprise_Codeclouds.Project.Enterprise.Leads@131ef10]" started-at="2026-02-12T20:05:00 IST" name="setup" finished-at="2026-02-12T20:05:01 IST" duration-ms="853" status="PASS">
          <reporter-output>
          </reporter-output>
        </test-method> <!-- setup -->
        <test-method signature="frontend_form_filler(java.util.TreeMap)[pri:0, instance:Enterprise_Codeclouds.Project.Enterprise.Leads@131ef10]" started-at="2026-02-12T20:05:01 IST" name="frontend_form_filler" data-provider="applyNowData" finished-at="2026-02-12T20:05:14 IST" duration-ms="13202" status="PASS">
          <params>
            <param index="0">
              <value>
                <![CDATA[{Are you Enrolled in Medicare, Medicaid, or any other governmental health coverage?=YES, Are you currently behind on child support?=NO, City=Winnipeg, Date of Birth=05/18/1994, Describe the accident=Side-impact at an intersection after the other driver ran a red light. Car spun and hit a curb. Witness info recorded., Describe the injuries you sustained during the accident=Bruised ribs, shoulder strain, and disrupted sleep due to pain. Follow-up visits documented; PT recommended., Email=pltf.vermette.rejean.n6k1pt.3z8v@yopmail.com, Explain (Behind on Child Support)=, Explain (Governmental Health Coverage)=Entered Which one(s) to validate textarea persistence and wrapping., Explain (No Auto Insurance Violation)=Policy lapsed briefly after switching vehicles; reinstated promptly., Explain (Other People Injured)=Other driver reported neck pain; ambulance arrived., Explain (Other Traumatic Incidents)=, Explain (Previous Settlement Advance)=, Have you previously received a settlement advance for this case?=NO, How much did you receive?=, How much do you owe?=, I am seeking an advance of=6400, In the 5 years before the accident, did you have a violation for no auto insurance?=YES, In the PRESENT accident, were you in a vehicle owned by you?=NO, Law Firm Name=SunCoast Liability Atelier, Lawyer's Name=Mélissa Jade Lemieux, Lawyer's Phone Number=3057713302, Mailing Street Address=1010 Brickell Avenue, Unit 2912, Phone Number=+18164079351, Since your accident, have you been injured in any other traumatic incidents?=NO, State=Florida, Was that vehicle covered by insurance?=I DON'T KNOW, Were other people injured in this accident?=YES, What company did you borrow from?=, When did the accident happen?=12/06/2024, Where did the accident happen?=Miami, FL, Where do you owe child support? (County)=, Where do you owe child support? (State)=, Which one(s)?=Medicare (Part A & B), Your Full Name=Réjean Laurier Vermette}]]>
              </value>
            </param>
          </params>
          <reporter-output>
          </reporter-output>
        </test-method> <!-- frontend_form_filler -->
        <test-method is-config="true" signature="Kill()[pri:0, instance:Enterprise_Codeclouds.Project.Enterprise.Leads@131ef10]" started-at="2026-02-12T20:05:14 IST" name="Kill" finished-at="2026-02-12T20:05:14 IST" duration-ms="354" status="PASS">
          <reporter-output>
          </reporter-output>
        </test-method> <!-- Kill -->
        <test-method is-config="true" signature="setup()[pri:0, instance:Enterprise_Codeclouds.Project.Enterprise.Leads@131ef10]" started-at="2026-02-12T20:05:14 IST" name="setup" finished-at="2026-02-12T20:05:15 IST" duration-ms="869" status="PASS">
          <reporter-output>
          </reporter-output>
        </test-method> <!-- setup -->
        <test-method signature="frontend_form_filler(java.util.TreeMap)[pri:0, instance:Enterprise_Codeclouds.Project.Enterprise.Leads@131ef10]" started-at="2026-02-12T20:05:15 IST" name="frontend_form_filler" data-provider="applyNowData" finished-at="2026-02-12T20:05:29 IST" duration-ms="13596" status="PASS">
          <params>
            <param index="0">
              <value>
                <![CDATA[{Are you Enrolled in Medicare, Medicaid, or any other governmental health coverage?=NO, Are you currently behind on child support?=I DON'T KNOW, City=Québec City, Date of Birth=09/03/1991, Describe the accident=Trip-and-fall on uneven pavement outside a retail complex. Cracked concrete with no warning; fell forward and struck knee and palms., Describe the injuries you sustained during the accident=Knee swelling and pain, abrasions, and wrist tenderness. Imaging ruled out fracture; ortho follow-up suggested., Email=pltf.qitsualik.tshala.v2r8qk.5m9x@yopmail.com, Explain (Behind on Child Support)=Choosing I DON'T KNOW for branch coverage., Explain (Governmental Health Coverage)=, Explain (No Auto Insurance Violation)=, Explain (Other People Injured)=, Explain (Other Traumatic Incidents)=Minor shoulder strain lifting groceries weeks later; no formal visit., Explain (Previous Settlement Advance)=, Have you previously received a settlement advance for this case?=NO, How much did you receive?=, How much do you owe?=, I am seeking an advance of=18200, In the 5 years before the accident, did you have a violation for no auto insurance?=NO, In the PRESENT accident, were you in a vehicle owned by you?=, Law Firm Name=Sonoran Docketwright Office, Lawyer's Name=Laurent Jean Nadeau, Lawyer's Phone Number=6026616634, Mailing Street Address=2400 E Camelback Road, Suite 550, Phone Number=+19076105294, Since your accident, have you been injured in any other traumatic incidents?=YES, State=Arizona, Was that vehicle covered by insurance?=, Were other people injured in this accident?=NO, What company did you borrow from?=, When did the accident happen?=06/22/2024, Where did the accident happen?=Phoenix, AZ, Where do you owe child support? (County)=, Where do you owe child support? (State)=, Which one(s)?=, Your Full Name=Tshala Inuinnaq Qitsualik}]]>
              </value>
            </param>
          </params>
          <reporter-output>
          </reporter-output>
        </test-method> <!-- frontend_form_filler -->
        <test-method is-config="true" signature="Kill()[pri:0, instance:Enterprise_Codeclouds.Project.Enterprise.Leads@131ef10]" started-at="2026-02-12T20:05:29 IST" name="Kill" finished-at="2026-02-12T20:05:29 IST" duration-ms="296" status="PASS">
          <reporter-output>
          </reporter-output>
        </test-method> <!-- Kill -->
        <test-method is-config="true" signature="setup()[pri:0, instance:Enterprise_Codeclouds.Project.Enterprise.Leads@131ef10]" started-at="2026-02-12T20:05:29 IST" name="setup" finished-at="2026-02-12T20:05:30 IST" duration-ms="952" status="PASS">
          <reporter-output>
          </reporter-output>
        </test-method> <!-- setup -->
        <test-method signature="frontend_form_filler(java.util.TreeMap)[pri:0, instance:Enterprise_Codeclouds.Project.Enterprise.Leads@131ef10]" started-at="2026-02-12T20:05:30 IST" name="frontend_form_filler" data-provider="applyNowData" finished-at="2026-02-12T20:05:44 IST" duration-ms="14104" status="PASS">
          <params>
            <param index="0">
              <value>
                <![CDATA[{Are you Enrolled in Medicare, Medicaid, or any other governmental health coverage?=I DON'T KNOW, Are you currently behind on child support?=NO, City=Calgary, Date of Birth=12/27/1988, Describe the accident=Bicycle lane incident: parked car door opened into my path with limited reaction time. I fell and scraped arms and shoulder., Describe the injuries you sustained during the accident=Shoulder strain, abrasions, and wrist pain when lifting objects. Clinic visit documented; PT recommended., Email=pltf.chartreux.edith.k9x2mp.0r7d@yopmail.com, Explain (Behind on Child Support)=, Explain (Governmental Health Coverage)=Not sure if current plan qualifies; selecting I DON'T KNOW for coverage., Explain (No Auto Insurance Violation)=Older lapse; limited documentation available., Explain (Other People Injured)=, Explain (Other Traumatic Incidents)=, Explain (Previous Settlement Advance)=, Have you previously received a settlement advance for this case?=NO, How much did you receive?=, How much do you owe?=, I am seeking an advance of=9900, In the 5 years before the accident, did you have a violation for no auto insurance?=YES, In the PRESENT accident, were you in a vehicle owned by you?=NO, Law Firm Name=Cascade Claimcraft Legal Studio, Lawyer's Name=Érika Suzanne Chartier, Lawyer's Phone Number=2065429016, Mailing Street Address=701 5th Avenue, Floor 44, Phone Number=+16097418830, Since your accident, have you been injured in any other traumatic incidents?=NO, State=Washington, Was that vehicle covered by insurance?=YES, Were other people injured in this accident?=NO, What company did you borrow from?=, When did the accident happen?=09/09/2024, Where did the accident happen?=Seattle, WA, Where do you owe child support? (County)=, Where do you owe child support? (State)=, Which one(s)?=, Your Full Name=Édith Solène Chartreux}]]>
              </value>
            </param>
          </params>
          <reporter-output>
          </reporter-output>
        </test-method> <!-- frontend_form_filler -->
        <test-method is-config="true" signature="Kill()[pri:0, instance:Enterprise_Codeclouds.Project.Enterprise.Leads@131ef10]" started-at="2026-02-12T20:05:44 IST" name="Kill" finished-at="2026-02-12T20:05:45 IST" duration-ms="314" status="PASS">
          <reporter-output>
          </reporter-output>
        </test-method> <!-- Kill -->
        <test-method is-config="true" signature="setup()[pri:0, instance:Enterprise_Codeclouds.Project.Enterprise.Leads@131ef10]" started-at="2026-02-12T20:05:45 IST" name="setup" finished-at="2026-02-12T20:05:46 IST" duration-ms="933" status="PASS">
          <reporter-output>
          </reporter-output>
        </test-method> <!-- setup -->
        <test-method signature="frontend_form_filler(java.util.TreeMap)[pri:0, instance:Enterprise_Codeclouds.Project.Enterprise.Leads@131ef10]" started-at="2026-02-12T20:05:46 IST" name="frontend_form_filler" data-provider="applyNowData" finished-at="2026-02-12T20:06:03 IST" duration-ms="17163" status="PASS">
          <params>
            <param index="0">
              <value>
                <![CDATA[{Are you Enrolled in Medicare, Medicaid, or any other governmental health coverage?=YES, Are you currently behind on child support?=NO, City=Vancouver, Date of Birth=03/11/1993, Describe the accident=Worksite trip caused by a loose cable near a loading area. Fell and struck elbow and hip. Incident reported immediately; log created., Describe the injuries you sustained during the accident=Elbow swelling, bruised hip, and lower back stiffness. Imaging pending; follow-up scheduled., Email=, Explain (Behind on Child Support)=, Explain (Governmental Health Coverage)=Selected YES to trigger 'Which one(s)?' and validate long-text persistence., Explain (No Auto Insurance Violation)=, Explain (Other People Injured)=, Explain (Other Traumatic Incidents)=Not sure if a prior minor fall qualifies; using I DON'T KNOW for UI state validation., Explain (Previous Settlement Advance)=Prior advance received; verifying fields + persistence after navigation/refresh., Have you previously received a settlement advance for this case?=YES, How much did you receive?=4000, How much do you owe?=, I am seeking an advance of=22300, In the 5 years before the accident, did you have a violation for no auto insurance?=NO, In the PRESENT accident, were you in a vehicle owned by you?=, Law Firm Name=FrontRange Trial Mechanics, Lawyer's Name=Réjean Laurier Vermette, Lawyer's Phone Number=3036611188, Mailing Street Address=1700 Lincoln Street, Suite 2100, Phone Number=+19016823047, Since your accident, have you been injured in any other traumatic incidents?=I DON'T KNOW, State=Colorado, Was that vehicle covered by insurance?=, Were other people injured in this accident?=NO, What company did you borrow from?=SummitCourt Litigation Desk, When did the accident happen?=01/18/2025, Where did the accident happen?=Denver, CO, Where do you owe child support? (County)=, Where do you owe child support? (State)=, Which one(s)?=Medicaid (state plan), Medicare eligibility under review, Your Full Name=Darpan Navpreet Gillmoray}]]>
              </value>
            </param>
          </params>
          <reporter-output>
          </reporter-output>
        </test-method> <!-- frontend_form_filler -->
        <test-method is-config="true" signature="Kill()[pri:0, instance:Enterprise_Codeclouds.Project.Enterprise.Leads@131ef10]" started-at="2026-02-12T20:06:03 IST" name="Kill" finished-at="2026-02-12T20:06:03 IST" duration-ms="312" status="PASS">
          <reporter-output>
          </reporter-output>
        </test-method> <!-- Kill -->
        <test-method is-config="true" signature="setup()[pri:0, instance:Enterprise_Codeclouds.Project.Enterprise.Leads@131ef10]" started-at="2026-02-12T20:06:03 IST" name="setup" finished-at="2026-02-12T20:06:04 IST" duration-ms="1005" status="PASS">
          <reporter-output>
          </reporter-output>
        </test-method> <!-- setup -->
        <test-method signature="frontend_form_filler(java.util.TreeMap)[pri:0, instance:Enterprise_Codeclouds.Project.Enterprise.Leads@131ef10]" started-at="2026-02-12T20:06:04 IST" name="frontend_form_filler" data-provider="applyNowData" finished-at="2026-02-12T20:06:17 IST" duration-ms="13332" status="FAIL">
          <params>
            <param index="0">
              <value>
                <![CDATA[{Are you Enrolled in Medicare, Medicaid, or any other governmental health coverage?=NO, Are you currently behind on child support?=NO, City=Saskatoon, Date of Birth=08/08/1990, Describe the accident=Public transit sudden stop caused me to lose balance and fall into a pole. Transit report requested., Describe the injuries you sustained during the accident=Wrist sprain, bruised ribs, and shoulder pain with lifting. Follow-up noted limited range of motion., Email=pltf.carmichael.fionnuala.b8k3rs.2n9t@yopmail.com, Explain (Behind on Child Support)=, Explain (Governmental Health Coverage)=, Explain (No Auto Insurance Violation)=Old policy lapse; selecting YES to trigger vehicle ownership + coverage questions., Explain (Other People Injured)=Another passenger fell near the rear door and mentioned shoulder pain., Explain (Other Traumatic Incidents)=, Explain (Previous Settlement Advance)=, Have you previously received a settlement advance for this case?=NO, How much did you receive?=, How much do you owe?=, I am seeking an advance of=11400, In the 5 years before the accident, did you have a violation for no auto insurance?=YES, In the PRESENT accident, were you in a vehicle owned by you?=YES, Law Firm Name=VerdictForge Litigation Atelier, Lawyer's Name=Céline Ariane Beaulieu, Lawyer's Phone Number=6177707729, Mailing Street Address=200 Clarendon Street, Suite 1800, Phone Number=, Since your accident, have you been injured in any other traumatic incidents?=NO, State=Massachusetts, Was that vehicle covered by insurance?=I DON'T KNOW, Were other people injured in this accident?=YES, What company did you borrow from?=, When did the accident happen?=04/03/2024, Where did the accident happen?=Boston, MA, Where do you owe child support? (County)=, Where do you owe child support? (State)=, Which one(s)?=, Your Full Name=Fionnuala Éibhlín Carmichaël}]]>
              </value>
            </param>
          </params>
          <exception class="org.openqa.selenium.TimeoutException">
            <message>
              <![CDATA[Expected condition failed: waiting for visibility of Proxy element for: DefaultElementLocator 'By.name: accident_date' (tried for 8 second(s) with 500 milliseconds interval)]]>
            </message>
            <full-stacktrace>
              <![CDATA[org.openqa.selenium.TimeoutException: Expected condition failed: waiting for visibility of Proxy element for: DefaultElementLocator 'By.name: accident_date' (tried for 8 second(s) with 500 milliseconds interval)
at org.openqa.selenium.support.ui.WebDriverWait.timeoutException(WebDriverWait.java:84)
at org.openqa.selenium.support.ui.FluentWait.until(FluentWait.java:228)
at Repeatative_codes.Repeat.wait_for_theElement(Repeat.java:41)
at Locaters.Leads_Locaters.accident_date(Leads_Locaters.java:174)
at Enterprise_Codeclouds.Project.Enterprise.Leads.frontend_form_filler(Leads.java:261)
at java.base/jdk.internal.reflect.DirectMethodHandleAccessor.invoke(DirectMethodHandleAccessor.java:103)
at java.base/java.lang.reflect.Method.invoke(Method.java:580)
at org.testng.internal.invokers.MethodInvocationHelper.invokeMethod(MethodInvocationHelper.java:141)
at org.testng.internal.invokers.TestInvoker.invokeMethod(TestInvoker.java:687)
at org.testng.internal.invokers.TestInvoker.invokeTestMethod(TestInvoker.java:230)
at org.testng.internal.invokers.MethodRunner.runInSequence(MethodRunner.java:63)
at org.testng.internal.invokers.TestInvoker$MethodInvocationAgent.invoke(TestInvoker.java:995)
at org.testng.internal.invokers.TestInvoker.invokeTestMethods(TestInvoker.java:203)
at org.testng.internal.invokers.TestMethodWorker.invokeTestMethods(TestMethodWorker.java:154)
at org.testng.internal.invokers.TestMethodWorker.run(TestMethodWorker.java:134)
at java.base/java.util.ArrayList.forEach(ArrayList.java:1596)
at org.testng.TestRunner.privateRun(TestRunner.java:741)
at org.testng.TestRunner.run(TestRunner.java:616)
at org.testng.SuiteRunner.runTest(SuiteRunner.java:421)
at org.testng.SuiteRunner.runSequentially(SuiteRunner.java:413)
at org.testng.SuiteRunner.privateRun(SuiteRunner.java:373)
at org.testng.SuiteRunner.run(SuiteRunner.java:312)
at org.testng.SuiteRunnerWorker.runSuite(SuiteRunnerWorker.java:52)
at org.testng.SuiteRunnerWorker.run(SuiteRunnerWorker.java:95)
at org.testng.TestNG.runSuitesSequentially(TestNG.java:1274)
at org.testng.TestNG.runSuitesLocally(TestNG.java:1208)
at org.testng.TestNG.runSuites(TestNG.java:1112)
at org.testng.TestNG.run(TestNG.java:1079)
at org.testng.remote.AbstractRemoteTestNG.run(AbstractRemoteTestNG.java:115)
at org.testng.remote.RemoteTestNG.initAndRun(RemoteTestNG.java:293)
at org.testng.remote.RemoteTestNG.main(RemoteTestNG.java:91)
Caused by: org.openqa.selenium.NoSuchElementException: no such element: Unable to locate element: {"method":"css selector","selector":"*[name='accident_date']"}
  (Session info: chrome=144.0.7559.133)
For documentation on this error, please visit: https://www.selenium.dev/documentation/webdriver/troubleshooting/errors#no-such-element-exception
Build info: version: '4.33.0', revision: '2c6aaad03a'
System info: os.name: 'Windows 11', os.arch: 'amd64', os.version: '10.0', java.version: '21.0.9'
Driver info: org.openqa.selenium.chrome.ChromeDriver
Command: [7af3ad17ee6bd3ebec2c956712fd76f1, findElement {value=accident_date, using=name}]
Capabilities {acceptInsecureCerts: false, browserName: chrome, browserVersion: 144.0.7559.133, chrome: {chromedriverVersion: 144.0.7559.133 (7da823b1d59..., userDataDir: C:\Users\CODECL~1\AppData\L...}, fedcm:accounts: true, goog:chromeOptions: {debuggerAddress: localhost:51011}, goog:processID: 11096, networkConnectionEnabled: false, pageLoadStrategy: normal, platformName: windows, proxy: Proxy(), se:cdp: ws://localhost:51011/devtoo..., se:cdpVersion: 144.0.7559.133, setWindowRect: true, strictFileInteractability: false, timeouts: {implicit: 0, pageLoad: 300000, script: 30000}, unhandledPromptBehavior: dismiss and notify, webauthn:extension:credBlob: true, webauthn:extension:largeBlob: true, webauthn:extension:minPinLength: true, webauthn:extension:prf: true, webauthn:virtualAuthenticators: true}
Session ID: 7af3ad17ee6bd3ebec2c956712fd76f1
at java.base/jdk.internal.reflect.DirectConstructorHandleAccessor.newInstance(DirectConstructorHandleAccessor.java:62)
at java.base/java.lang.reflect.Constructor.newInstanceWithCaller(Constructor.java:502)
at java.base/java.lang.reflect.Constructor.newInstance(Constructor.java:486)
at org.openqa.selenium.remote.ErrorCodec.decode(ErrorCodec.java:167)
at org.openqa.selenium.remote.codec.w3c.W3CHttpResponseCodec.decode(W3CHttpResponseCodec.java:138)
at org.openqa.selenium.remote.codec.w3c.W3CHttpResponseCodec.decode(W3CHttpResponseCodec.java:50)
at org.openqa.selenium.remote.HttpCommandExecutor.execute(HttpCommandExecutor.java:215)
at org.openqa.selenium.remote.service.DriverCommandExecutor.invokeExecute(DriverCommandExecutor.java:216)
at org.openqa.selenium.remote.service.DriverCommandExecutor.execute(DriverCommandExecutor.java:174)
at org.openqa.selenium.remote.RemoteWebDriver.execute(RemoteWebDriver.java:544)
at org.openqa.selenium.remote.ElementLocation$ElementFinder$2.findElement(ElementLocation.java:165)
at org.openqa.selenium.remote.ElementLocation.findElement(ElementLocation.java:59)
at org.openqa.selenium.remote.RemoteWebDriver.findElement(RemoteWebDriver.java:367)
at org.openqa.selenium.remote.RemoteWebDriver.findElement(RemoteWebDriver.java:361)
at org.openqa.selenium.support.pagefactory.DefaultElementLocator.findElement(DefaultElementLocator.java:68)
at org.openqa.selenium.support.pagefactory.internal.LocatingElementHandler.invoke(LocatingElementHandler.java:38)
at jdk.proxy2/jdk.proxy2.$Proxy17.isDisplayed(Unknown Source)
at org.openqa.selenium.support.ui.ExpectedConditions.elementIfVisible(ExpectedConditions.java:304)
at org.openqa.selenium.support.ui.ExpectedConditions$10.apply(ExpectedConditions.java:290)
at org.openqa.selenium.support.ui.ExpectedConditions$10.apply(ExpectedConditions.java:287)
at org.openqa.selenium.support.ui.FluentWait.until(FluentWait.java:203)
... 29 more
]]>
            </full-stacktrace>
          </exception> <!-- org.openqa.selenium.TimeoutException -->
          <reporter-output>
          </reporter-output>
        </test-method> <!-- frontend_form_filler -->
        <test-method is-config="true" signature="Kill()[pri:0, instance:Enterprise_Codeclouds.Project.Enterprise.Leads@131ef10]" started-at="2026-02-12T20:06:17 IST" name="Kill" finished-at="2026-02-12T20:06:18 IST" duration-ms="311" status="PASS">
          <reporter-output>
          </reporter-output>
        </test-method> <!-- Kill -->
        <test-method is-config="true" signature="setup()[pri:0, instance:Enterprise_Codeclouds.Project.Enterprise.Leads@131ef10]" started-at="2026-02-12T20:06:18 IST" name="setup" finished-at="2026-02-12T20:06:19 IST" duration-ms="908" status="PASS">
          <reporter-output>
          </reporter-output>
        </test-method> <!-- setup -->
        <test-method signature="frontend_form_filler(java.util.TreeMap)[pri:0, instance:Enterprise_Codeclouds.Project.Enterprise.Leads@131ef10]" started-at="2026-02-12T20:06:19 IST" name="frontend_form_filler" data-provider="applyNowData" finished-at="2026-02-12T20:06:39 IST" duration-ms="20004" status="PASS">
          <params>
            <param index="0">
              <value>
                <![CDATA[{Are you Enrolled in Medicare, Medicaid, or any other governmental health coverage?=I DON'T KNOW, Are you currently behind on child support?=YES, City=Edmonton, Date of Birth=06/25/1992, Describe the accident=Parking lot collision while reversing. Other vehicle backed out at the same time; impact to rear quarter panel. Photos taken; cameras may exist., Describe the injuries you sustained during the accident=Neck stiffness and headache later that day, plus mild nausea. Clinic visit recorded; rest and anti-inflammatories advised., Email=pltf.beausolex.mireille.t4z1nh.6p3x@yopmail.com, Explain (Behind on Child Support)=Selecting YES to trigger State/County/Amount fields for validation., Explain (Governmental Health Coverage)=Not sure whether prior enrollment is still active; pending confirmation., Explain (No Auto Insurance Violation)=, Explain (Other People Injured)=, Explain (Other Traumatic Incidents)=Minor fall while climbing stairs post-accident; no ER visit., Explain (Previous Settlement Advance)=Prior advance exists; using YES to trigger company + amount fields., Have you previously received a settlement advance for this case?=YES, How much did you receive?=1500, How much do you owe?=9800, I am seeking an advance of=17650, In the 5 years before the accident, did you have a violation for no auto insurance?=NO, In the PRESENT accident, were you in a vehicle owned by you?=, Law Firm Name=Harbourstone Legal Group Test Law Firm, Lawyer's Name=Jules-Antoine Bastien Laframboise, Lawyer's Phone Number=7026617701, Mailing Street Address=777 S Grand Central Parkway, Unit 1903, Phone Number=+14016625190, Since your accident, have you been injured in any other traumatic incidents?=YES, State=Nevada, Was that vehicle covered by insurance?=, Were other people injured in this accident?=NO, What company did you borrow from?=Spisak Law Firm, When did the accident happen?=07/29/2024, Where did the accident happen?=Las Vegas, NV, Where do you owe child support? (County)=Clark, Where do you owe child support? (State)=Nevada, Which one(s)?=, Your Full Name=Mireille Claudine Beausolex}]]>
              </value>
            </param>
          </params>
          <reporter-output>
          </reporter-output>
        </test-method> <!-- frontend_form_filler -->
        <test-method is-config="true" signature="Kill()[pri:0, instance:Enterprise_Codeclouds.Project.Enterprise.Leads@131ef10]" started-at="2026-02-12T20:06:39 IST" name="Kill" finished-at="2026-02-12T20:06:39 IST" duration-ms="382" status="PASS">
          <reporter-output>
          </reporter-output>
        </test-method> <!-- Kill -->
      </class> <!-- Enterprise_Codeclouds.Project.Enterprise.Leads -->
    </test> <!-- Default test -->
  </suite> <!-- Default suite -->
</testng-results>
