<?xml version="1.0" encoding="UTF-8"?>
<testng-results ignored="0" total="3" passed="3" failed="0" skipped="0">
  <reporter-output>
  </reporter-output>
  <suite started-at="2025-12-21T23:26:51 IST" name="Default suite" finished-at="2025-12-21T23:29:19 IST" duration-ms="148048">
    <groups>
    </groups>
    <test started-at="2025-12-21T23:26:51 IST" name="Default test" finished-at="2025-12-21T23:29:19 IST" duration-ms="148048">
      <class name="Negative_Testcases.Login_negative_testcases">
        <test-method is-config="true" signature="setup()[pri:0, instance:Negative_Testcases.Login_negative_testcases@75db5df9]" started-at="2025-12-21T23:26:51 IST" name="setup" finished-at="2025-12-21T23:28:14 IST" duration-ms="83123" status="PASS">
          <reporter-output>
          </reporter-output>
        </test-method> <!-- setup -->
        <test-method signature="login_validation(java.util.TreeMap)[pri:0, instance:Negative_Testcases.Login_negative_testcases@75db5df9]" started-at="2025-12-21T23:28:14 IST" name="login_validation" data-provider="login_datas" finished-at="2025-12-21T23:28:49 IST" duration-ms="34841" status="PASS">
          <params>
            <param index="0">
              <value>
                <![CDATA[{id=ayan.sengupta@codeclouds.com, pass=22355}]]>
              </value>
            </param>
          </params>
          <reporter-output>
          </reporter-output>
        </test-method> <!-- login_validation -->
        <test-method is-config="true" signature="Kill()[pri:0, instance:Negative_Testcases.Login_negative_testcases@75db5df9]" started-at="2025-12-21T23:28:49 IST" name="Kill" finished-at="2025-12-21T23:28:53 IST" duration-ms="4666" status="PASS">
          <reporter-output>
          </reporter-output>
        </test-method> <!-- Kill -->
        <test-method is-config="true" signature="setup()[pri:0, instance:Negative_Testcases.Login_negative_testcases@75db5df9]" started-at="2025-12-21T23:28:53 IST" name="setup" finished-at="2025-12-21T23:28:57 IST" duration-ms="4057" status="PASS">
          <reporter-output>
          </reporter-output>
        </test-method> <!-- setup -->
        <test-method signature="login_validation(java.util.TreeMap)[pri:0, instance:Negative_Testcases.Login_negative_testcases@75db5df9]" started-at="2025-12-21T23:28:57 IST" name="login_validation" data-provider="login_datas" finished-at="2025-12-21T23:29:06 IST" duration-ms="9074" status="PASS">
          <params>
            <param index="0">
              <value>
                <![CDATA[{id=aknnnb202@bm.com, pass=Pass@123}]]>
              </value>
            </param>
          </params>
          <reporter-output>
          </reporter-output>
        </test-method> <!-- login_validation -->
        <test-method is-config="true" signature="Kill()[pri:0, instance:Negative_Testcases.Login_negative_testcases@75db5df9]" started-at="2025-12-21T23:29:06 IST" name="Kill" finished-at="2025-12-21T23:29:07 IST" duration-ms="806" status="PASS">
          <reporter-output>
          </reporter-output>
        </test-method> <!-- Kill -->
        <test-method is-config="true" signature="setup()[pri:0, instance:Negative_Testcases.Login_negative_testcases@75db5df9]" started-at="2025-12-21T23:29:07 IST" name="setup" finished-at="2025-12-21T23:29:09 IST" duration-ms="1507" status="PASS">
          <reporter-output>
          </reporter-output>
        </test-method> <!-- setup -->
        <test-method signature="login_validation(java.util.TreeMap)[pri:0, instance:Negative_Testcases.Login_negative_testcases@75db5df9]" started-at="2025-12-21T23:29:09 IST" name="login_validation" data-provider="login_datas" finished-at="2025-12-21T23:29:18 IST" duration-ms="9232" status="PASS">
          <params>
            <param index="0">
              <value>
                <![CDATA[{id=aknnnb202@bm.com, pass=4455m235}]]>
              </value>
            </param>
          </params>
          <reporter-output>
          </reporter-output>
        </test-method> <!-- login_validation -->
        <test-method is-config="true" signature="Kill()[pri:0, instance:Negative_Testcases.Login_negative_testcases@75db5df9]" started-at="2025-12-21T23:29:18 IST" name="Kill" finished-at="2025-12-21T23:29:19 IST" duration-ms="667" status="PASS">
          <reporter-output>
          </reporter-output>
        </test-method> <!-- Kill -->
      </class> <!-- Negative_Testcases.Login_negative_testcases -->
    </test> <!-- Default test -->
  </suite> <!-- Default suite -->
</testng-results>
