<?xml version="1.0" encoding="UTF-8"?>
<testng-results ignored="3" total="23" passed="19" failed="1" skipped="0">
  <reporter-output>
  </reporter-output>
  <suite started-at="2026-01-08T20:09:57 IST" name="Default suite" finished-at="2026-01-08T20:17:28 IST" duration-ms="451336">
    <groups>
    </groups>
    <test started-at="2026-01-08T20:09:57 IST" name="Default test" finished-at="2026-01-08T20:17:28 IST" duration-ms="451336">
      <class name="Enterprise_Codeclouds.Project.Enterprise.Attorney_module">
        <test-method is-config="true" signature="setup()[pri:0, instance:Enterprise_Codeclouds.Project.Enterprise.Attorney_module@2362f559]" started-at="2026-01-08T20:09:57 IST" name="setup" finished-at="2026-01-08T20:09:59 IST" duration-ms="2121" status="PASS">
          <reporter-output>
          </reporter-output>
        </test-method> <!-- setup -->
        <test-method signature="Attorney_Add(java.util.TreeMap,java.util.TreeMap,java.util.TreeMap)[pri:0, instance:Enterprise_Codeclouds.Project.Enterprise.Attorney_module@2362f559]" started-at="2026-01-08T20:09:59 IST" name="Attorney_Add" data-provider="law_plus_attorney" finished-at="2026-01-08T20:10:20 IST" duration-ms="21209" status="PASS">
          <params>
            <param index="0">
              <value>
                <![CDATA[{Email=attorney.axiomara.thornabyss.q7lz4p2n@mailto.plus, First Name=Attorney Axiomara, Last Name=Thornabyss, Middle Name=Velun, Name Suffix=II, Office phone=9551318801, Phone=9551307601}]]>
              </value>
            </param>
            <param index="1">
              <value>
                <![CDATA[{City=New York, Name=Harborline Catastrophic Injury & Trial Atelier, Phone=9295558301, State=New York, Street Address 1=110 Wall Street, Seaport Financial Arcade, South Lobby Check-in, Street Address 2=Suite 2410, Intake Window: Desk S2, Elevator Bank D, Visitor Badge Required, Zip code=10005}]]>
              </value>
            </param>
            <param index="2">
              <value>
                <![CDATA[{Staff Email=staff.zephyrella.vexelmont.r8q1mz@mailto.plus, Staff First Name=Staff Zephyrella, Staff Last Name=Vexelmont, Staff Middle Name=Quorinza, Staff Name Suffix=II, Staff Office phone=9794328601, Staff Phone=9794317601}]]>
              </value>
            </param>
          </params>
          <reporter-output>
          </reporter-output>
        </test-method> <!-- Attorney_Add -->
        <test-method is-config="true" signature="Kill()[pri:0, instance:Enterprise_Codeclouds.Project.Enterprise.Attorney_module@2362f559]" started-at="2026-01-08T20:10:20 IST" name="Kill" finished-at="2026-01-08T20:10:20 IST" duration-ms="328" status="PASS">
          <reporter-output>
          </reporter-output>
        </test-method> <!-- Kill -->
        <test-method is-config="true" signature="setup()[pri:0, instance:Enterprise_Codeclouds.Project.Enterprise.Attorney_module@2362f559]" started-at="2026-01-08T20:10:20 IST" name="setup" finished-at="2026-01-08T20:10:21 IST" duration-ms="854" status="PASS">
          <reporter-output>
          </reporter-output>
        </test-method> <!-- setup -->
        <test-method signature="Attorney_Add(java.util.TreeMap,java.util.TreeMap,java.util.TreeMap)[pri:0, instance:Enterprise_Codeclouds.Project.Enterprise.Attorney_module@2362f559]" started-at="2026-01-08T20:10:21 IST" name="Attorney_Add" data-provider="law_plus_attorney" finished-at="2026-01-08T20:10:42 IST" duration-ms="20543" status="PASS">
          <params>
            <param index="0">
              <value>
                <![CDATA[{Email=attorney.brontelius.wickharrow.m3t9kq8v@mailto.plus, First Name=Attorney Brontelius, Last Name=Wickharrow, Middle Name=Caerwyn, Name Suffix=Jr, Office phone=9551318802, Phone=9551307602}]]>
              </value>
            </param>
            <param index="1">
              <value>
                <![CDATA[{City=Seattle, Name=Cascadia Surgical Negligence Review Counsel, Phone=9295558302, State=Washington, Street Address 1=901 5th Avenue, Emerald Plaza Offices, Main Entrance Security Desk, Street Address 2=Floor 19, Suite 1906, Records Intake: Scan Package at Lobby Counter, Zip code=98104}]]>
              </value>
            </param>
            <param index="2">
              <value>
                <![CDATA[{Staff Email=staff.dravionne.kryndelair.t2v7kp@mailto.plus, Staff First Name=Staff Dravionne, Staff Last Name=Kryndelair, Staff Middle Name=Selvayna, Staff Name Suffix=Jr, Staff Office phone=9794328602, Staff Phone=9794317602}]]>
              </value>
            </param>
          </params>
          <reporter-output>
          </reporter-output>
        </test-method> <!-- Attorney_Add -->
        <test-method is-config="true" signature="Kill()[pri:0, instance:Enterprise_Codeclouds.Project.Enterprise.Attorney_module@2362f559]" started-at="2026-01-08T20:10:42 IST" name="Kill" finished-at="2026-01-08T20:10:42 IST" duration-ms="315" status="PASS">
          <reporter-output>
          </reporter-output>
        </test-method> <!-- Kill -->
        <test-method is-config="true" signature="setup()[pri:0, instance:Enterprise_Codeclouds.Project.Enterprise.Attorney_module@2362f559]" started-at="2026-01-08T20:10:42 IST" name="setup" finished-at="2026-01-08T20:10:43 IST" duration-ms="941" status="PASS">
          <reporter-output>
          </reporter-output>
        </test-method> <!-- setup -->
        <test-method signature="Attorney_Add(java.util.TreeMap,java.util.TreeMap,java.util.TreeMap)[pri:0, instance:Enterprise_Codeclouds.Project.Enterprise.Attorney_module@2362f559]" started-at="2026-01-08T20:10:43 IST" name="Attorney_Add" data-provider="law_plus_attorney" finished-at="2026-01-08T20:11:04 IST" duration-ms="20453" status="PASS">
          <params>
            <param index="0">
              <value>
                <![CDATA[{Email=attorney.celandrine.glassmoraine.r8y1v6jd@mailto.plus, First Name=Attorney Celandrine, Last Name=Glassmoraine, Middle Name=Orvessa, Name Suffix=III, Office phone=9551318803, Phone=9551307603}]]>
              </value>
            </param>
            <param index="1">
              <value>
                <![CDATA[{City=Louisville, Name=Bluegrass Liability & Wrongful Death Chambers, Phone=9295558303, State=Kentucky, Street Address 1=601 W Main Street, Riverfront Commerce Center, East Entrance, Street Address 2=Suite 1425, Intake Desk: Room 14A, Signature Required on Delivery, Zip code=40202}]]>
              </value>
            </param>
            <param index="2">
              <value>
                <![CDATA[{Staff Email=staff.caelthorin.draxenwick.p4c9nd@mailto.plus, Staff First Name=Staff Caelthorin, Staff Last Name=Draxenwick, Staff Middle Name=Rhaemiro, Staff Name Suffix=III, Staff Office phone=9794328603, Staff Phone=9794317603}]]>
              </value>
            </param>
          </params>
          <reporter-output>
          </reporter-output>
        </test-method> <!-- Attorney_Add -->
        <test-method is-config="true" signature="Kill()[pri:0, instance:Enterprise_Codeclouds.Project.Enterprise.Attorney_module@2362f559]" started-at="2026-01-08T20:11:04 IST" name="Kill" finished-at="2026-01-08T20:11:04 IST" duration-ms="369" status="PASS">
          <reporter-output>
          </reporter-output>
        </test-method> <!-- Kill -->
        <test-method is-config="true" signature="setup()[pri:0, instance:Enterprise_Codeclouds.Project.Enterprise.Attorney_module@2362f559]" started-at="2026-01-08T20:11:04 IST" name="setup" finished-at="2026-01-08T20:11:05 IST" duration-ms="894" status="PASS">
          <reporter-output>
          </reporter-output>
        </test-method> <!-- setup -->
        <test-method signature="Attorney_Add(java.util.TreeMap,java.util.TreeMap,java.util.TreeMap)[pri:0, instance:Enterprise_Codeclouds.Project.Enterprise.Attorney_module@2362f559]" started-at="2026-01-08T20:11:05 IST" name="Attorney_Add" data-provider="law_plus_attorney" finished-at="2026-01-08T20:11:28 IST" duration-ms="23554" status="PASS">
          <params>
            <param index="0">
              <value>
                <![CDATA[{Email=attorney.dromedon.sablequay.p2n7cx5m@mailto.plus, First Name=Attorney Dromedon, Last Name=Sablequay, Middle Name=Halrix, Name Suffix=Sr, Office phone=9551318804, Phone=9551307604}]]>
              </value>
            </param>
            <param index="1">
              <value>
                <![CDATA[{City=Phoenix, Name=High Desert Crash Claims & Coverage Dispute Counsel, Phone=9295558304, State=Arizona, Street Address 1=2 N Central Avenue, Copper Square Office Terrace, North Lobby, Street Address 2=Suite 1750, Deliver to Reception A1, Weekdays Only 9AM–4PM, Zip code=85004}]]>
              </value>
            </param>
            <param index="2">
              <value>
                <![CDATA[{Staff Email=staff.nymeravia.orrisvale.z6n3ga@mailto.plus, Staff First Name=Staff Nymeravia, Staff Last Name=Orrisvale, Staff Middle Name=Vesperin, Staff Name Suffix=Sr, Staff Office phone=9794328604, Staff Phone=9794317604}]]>
              </value>
            </param>
          </params>
          <reporter-output>
          </reporter-output>
        </test-method> <!-- Attorney_Add -->
        <test-method is-config="true" signature="Kill()[pri:0, instance:Enterprise_Codeclouds.Project.Enterprise.Attorney_module@2362f559]" started-at="2026-01-08T20:11:28 IST" name="Kill" finished-at="2026-01-08T20:11:29 IST" duration-ms="335" status="PASS">
          <reporter-output>
          </reporter-output>
        </test-method> <!-- Kill -->
        <test-method is-config="true" signature="setup()[pri:0, instance:Enterprise_Codeclouds.Project.Enterprise.Attorney_module@2362f559]" started-at="2026-01-08T20:11:29 IST" name="setup" finished-at="2026-01-08T20:11:30 IST" duration-ms="948" status="PASS">
          <reporter-output>
          </reporter-output>
        </test-method> <!-- setup -->
        <test-method signature="Attorney_Add(java.util.TreeMap,java.util.TreeMap,java.util.TreeMap)[pri:0, instance:Enterprise_Codeclouds.Project.Enterprise.Attorney_module@2362f559]" started-at="2026-01-08T20:11:30 IST" name="Attorney_Add" data-provider="law_plus_attorney" finished-at="2026-01-08T20:11:51 IST" duration-ms="21011" status="PASS">
          <params>
            <param index="0">
              <value>
                <![CDATA[{Email=attorney.elarisette.runeviaduct.z6h3q0wt@mailto.plus, First Name=Attorney Elarisette, Last Name=Runeviaduct, Middle Name=Junor, Name Suffix=IV, Office phone=9551318805, Phone=9551307605}]]>
              </value>
            </param>
            <param index="1">
              <value>
                <![CDATA[{City=Denver, Name=Front Range Wage Recovery & Retaliation Counsel, Phone=9295558305, State=Colorado, Street Address 1=1700 Broadway, Civic Center Professional Annex, East Tower Lobby, Street Address 2=Suite 3108, Intake Desk: 31F, Visitor Parking: Garage P2 (Validate at Reception), Zip code=80202}]]>
              </value>
            </param>
            <param index="2">
              <value>
                <![CDATA[{Staff Email=staff.elyndoriel.thornquarry.h4x9jq@mailto.plus, Staff First Name=Staff Elyndoriel, Staff Last Name=Thornquarry, Staff Middle Name=Lucavere, Staff Name Suffix=IV, Staff Office phone=9794328605, Staff Phone=9794317605}]]>
              </value>
            </param>
          </params>
          <reporter-output>
          </reporter-output>
        </test-method> <!-- Attorney_Add -->
        <test-method is-config="true" signature="Kill()[pri:0, instance:Enterprise_Codeclouds.Project.Enterprise.Attorney_module@2362f559]" started-at="2026-01-08T20:11:51 IST" name="Kill" finished-at="2026-01-08T20:11:51 IST" duration-ms="362" status="PASS">
          <reporter-output>
          </reporter-output>
        </test-method> <!-- Kill -->
        <test-method is-config="true" signature="setup()[pri:0, instance:Enterprise_Codeclouds.Project.Enterprise.Attorney_module@2362f559]" started-at="2026-01-08T20:11:51 IST" name="setup" finished-at="2026-01-08T20:11:52 IST" duration-ms="881" status="PASS">
          <reporter-output>
          </reporter-output>
        </test-method> <!-- setup -->
        <test-method signature="Attorney_Add(java.util.TreeMap,java.util.TreeMap,java.util.TreeMap)[pri:0, instance:Enterprise_Codeclouds.Project.Enterprise.Attorney_module@2362f559]" started-at="2026-01-08T20:11:52 IST" name="Attorney_Add" data-provider="law_plus_attorney" finished-at="2026-01-08T20:12:07 IST" duration-ms="14815" status="FAIL">
          <params>
            <param index="0">
              <value>
                <![CDATA[{Email=attorney.fennorik.ironlattice.b9x4m1qa@mailto.plus, First Name=Attorney Fennorik, Last Name=Ironlattice, Middle Name=Mirelle, Name Suffix=II, Office phone=9551318806, Phone=9551307606}]]>
              </value>
            </param>
            <param index="1">
              <value>
                <![CDATA[{City=Jacksonville, Name=Gulfstream Maritime & Dock Injury Counsel, Phone=9295558306, State=Florida, Street Address 1=200 S Hogan Street, River City Financial Center, Main Lobby Check-in, Street Address 2=Suite 1412, Attn: Intake Ops, Leave Package with Concierge if Office Door Closed, Zip code=32202}]]>
              </value>
            </param>
            <param index="2">
              <value>
                <![CDATA[{Staff Email=staff.faelunessa.sablethorn.r1j7kd@mailto.plus, Staff First Name=Staff Faelunessa, Staff Last Name=Sablethorn, Staff Middle Name=Junoriel, Staff Name Suffix=II, Staff Office phone=9794328606, Staff Phone=9794317606}]]>
              </value>
            </param>
          </params>
          <exception class="org.openqa.selenium.ElementClickInterceptedException">
            <message>
              <![CDATA[element click intercepted: Element <div aria-selected="false" class="ant-select-item ant-select-item-option ant-select-item-option-active" title="Gulfstream Maritime &amp; Dock Injury Counsel">...</div> is not clickable at point (458, 411). Other element would receive the click: <label class="ant-form-item-required" title="...">Last Name</label>
  (Session info: chrome=143.0.7499.170)
Build info: version: '4.33.0', revision: '2c6aaad03a'
System info: os.name: 'Windows 11', os.arch: 'amd64', os.version: '10.0', java.version: '21.0.9'
Driver info: org.openqa.selenium.chrome.ChromeDriver
Command: [c0be0a6972632056236c6b0fc546338b, clickElement {id=f.A48E9F51CE3681FA98C49CFDF6801C70.d.F8AB210B78D5E55671E02B913C2829AC.e.162}]
Capabilities {acceptInsecureCerts: false, browserName: chrome, browserVersion: 143.0.7499.170, chrome: {chromedriverVersion: 143.0.7499.192 (be2c1f4fd45..., userDataDir: C:\Users\CODECL~1\AppData\L...}, fedcm:accounts: true, goog:chromeOptions: {debuggerAddress: localhost:50943}, goog:processID: 14792, networkConnectionEnabled: false, pageLoadStrategy: normal, platformName: windows, proxy: Proxy(), se:cdp: ws://localhost:50943/devtoo..., se:cdpVersion: 143.0.7499.170, setWindowRect: true, strictFileInteractability: false, timeouts: {implicit: 0, pageLoad: 300000, script: 30000}, unhandledPromptBehavior: dismiss and notify, webauthn:extension:credBlob: true, webauthn:extension:largeBlob: true, webauthn:extension:minPinLength: true, webauthn:extension:prf: true, webauthn:virtualAuthenticators: true}
Element: [[[[ChromeDriver: chrome on windows (c0be0a6972632056236c6b0fc546338b)] -> xpath: (//div[@class='rc-virtual-list'])[1]]] -> xpath: .//*[@aria-selected='false']]
Session ID: c0be0a6972632056236c6b0fc546338b]]>
            </message>
            <full-stacktrace>
              <![CDATA[org.openqa.selenium.ElementClickInterceptedException: element click intercepted: Element <div aria-selected="false" class="ant-select-item ant-select-item-option ant-select-item-option-active" title="Gulfstream Maritime &amp; Dock Injury Counsel">...</div> is not clickable at point (458, 411). Other element would receive the click: <label class="ant-form-item-required" title="...">Last Name</label>
  (Session info: chrome=143.0.7499.170)
Build info: version: '4.33.0', revision: '2c6aaad03a'
System info: os.name: 'Windows 11', os.arch: 'amd64', os.version: '10.0', java.version: '21.0.9'
Driver info: org.openqa.selenium.chrome.ChromeDriver
Command: [c0be0a6972632056236c6b0fc546338b, clickElement {id=f.A48E9F51CE3681FA98C49CFDF6801C70.d.F8AB210B78D5E55671E02B913C2829AC.e.162}]
Capabilities {acceptInsecureCerts: false, browserName: chrome, browserVersion: 143.0.7499.170, chrome: {chromedriverVersion: 143.0.7499.192 (be2c1f4fd45..., userDataDir: C:\Users\CODECL~1\AppData\L...}, fedcm:accounts: true, goog:chromeOptions: {debuggerAddress: localhost:50943}, goog:processID: 14792, networkConnectionEnabled: false, pageLoadStrategy: normal, platformName: windows, proxy: Proxy(), se:cdp: ws://localhost:50943/devtoo..., se:cdpVersion: 143.0.7499.170, setWindowRect: true, strictFileInteractability: false, timeouts: {implicit: 0, pageLoad: 300000, script: 30000}, unhandledPromptBehavior: dismiss and notify, webauthn:extension:credBlob: true, webauthn:extension:largeBlob: true, webauthn:extension:minPinLength: true, webauthn:extension:prf: true, webauthn:virtualAuthenticators: true}
Element: [[[[ChromeDriver: chrome on windows (c0be0a6972632056236c6b0fc546338b)] -> xpath: (//div[@class='rc-virtual-list'])[1]]] -> xpath: .//*[@aria-selected='false']]
Session ID: c0be0a6972632056236c6b0fc546338b
at java.base/jdk.internal.reflect.DirectConstructorHandleAccessor.newInstance(DirectConstructorHandleAccessor.java:62)
at java.base/java.lang.reflect.Constructor.newInstanceWithCaller(Constructor.java:502)
at java.base/java.lang.reflect.Constructor.newInstance(Constructor.java:486)
at org.openqa.selenium.remote.ErrorCodec.decode(ErrorCodec.java:167)
at org.openqa.selenium.remote.codec.w3c.W3CHttpResponseCodec.decode(W3CHttpResponseCodec.java:138)
at org.openqa.selenium.remote.codec.w3c.W3CHttpResponseCodec.decode(W3CHttpResponseCodec.java:50)
at org.openqa.selenium.remote.HttpCommandExecutor.execute(HttpCommandExecutor.java:215)
at org.openqa.selenium.remote.service.DriverCommandExecutor.invokeExecute(DriverCommandExecutor.java:216)
at org.openqa.selenium.remote.service.DriverCommandExecutor.execute(DriverCommandExecutor.java:174)
at org.openqa.selenium.remote.RemoteWebDriver.execute(RemoteWebDriver.java:544)
at org.openqa.selenium.remote.RemoteWebElement.execute(RemoteWebElement.java:223)
at org.openqa.selenium.remote.RemoteWebElement.click(RemoteWebElement.java:76)
at Enterprise_Codeclouds.Project.Enterprise.Attorney_module.Attorney_Add(Attorney_module.java:44)
at java.base/jdk.internal.reflect.DirectMethodHandleAccessor.invoke(DirectMethodHandleAccessor.java:103)
at java.base/java.lang.reflect.Method.invoke(Method.java:580)
at org.testng.internal.invokers.MethodInvocationHelper.invokeMethod(MethodInvocationHelper.java:141)
at org.testng.internal.invokers.TestInvoker.invokeMethod(TestInvoker.java:687)
at org.testng.internal.invokers.TestInvoker.invokeTestMethod(TestInvoker.java:230)
at org.testng.internal.invokers.MethodRunner.runInSequence(MethodRunner.java:63)
at org.testng.internal.invokers.TestInvoker$MethodInvocationAgent.invoke(TestInvoker.java:995)
at org.testng.internal.invokers.TestInvoker.invokeTestMethods(TestInvoker.java:203)
at org.testng.internal.invokers.TestMethodWorker.invokeTestMethods(TestMethodWorker.java:154)
at org.testng.internal.invokers.TestMethodWorker.run(TestMethodWorker.java:134)
at java.base/java.util.ArrayList.forEach(ArrayList.java:1596)
at org.testng.TestRunner.privateRun(TestRunner.java:741)
at org.testng.TestRunner.run(TestRunner.java:616)
at org.testng.SuiteRunner.runTest(SuiteRunner.java:421)
at org.testng.SuiteRunner.runSequentially(SuiteRunner.java:413)
at org.testng.SuiteRunner.privateRun(SuiteRunner.java:373)
at org.testng.SuiteRunner.run(SuiteRunner.java:312)
at org.testng.SuiteRunnerWorker.runSuite(SuiteRunnerWorker.java:52)
at org.testng.SuiteRunnerWorker.run(SuiteRunnerWorker.java:95)
at org.testng.TestNG.runSuitesSequentially(TestNG.java:1274)
at org.testng.TestNG.runSuitesLocally(TestNG.java:1208)
at org.testng.TestNG.runSuites(TestNG.java:1112)
at org.testng.TestNG.run(TestNG.java:1079)
at org.testng.remote.AbstractRemoteTestNG.run(AbstractRemoteTestNG.java:115)
at org.testng.remote.RemoteTestNG.initAndRun(RemoteTestNG.java:293)
at org.testng.remote.RemoteTestNG.main(RemoteTestNG.java:91)
]]>
            </full-stacktrace>
          </exception> <!-- org.openqa.selenium.ElementClickInterceptedException -->
          <reporter-output>
          </reporter-output>
        </test-method> <!-- Attorney_Add -->
        <test-method is-config="true" signature="Kill()[pri:0, instance:Enterprise_Codeclouds.Project.Enterprise.Attorney_module@2362f559]" started-at="2026-01-08T20:12:07 IST" name="Kill" finished-at="2026-01-08T20:12:07 IST" duration-ms="309" status="PASS">
          <reporter-output>
          </reporter-output>
        </test-method> <!-- Kill -->
        <test-method is-config="true" signature="setup()[pri:0, instance:Enterprise_Codeclouds.Project.Enterprise.Attorney_module@2362f559]" started-at="2026-01-08T20:12:07 IST" name="setup" finished-at="2026-01-08T20:12:08 IST" duration-ms="910" status="PASS">
          <reporter-output>
          </reporter-output>
        </test-method> <!-- setup -->
        <test-method signature="Attorney_Add(java.util.TreeMap,java.util.TreeMap,java.util.TreeMap)[pri:0, instance:Enterprise_Codeclouds.Project.Enterprise.Attorney_module@2362f559]" started-at="2026-01-08T20:12:08 IST" name="Attorney_Add" data-provider="law_plus_attorney" finished-at="2026-01-08T20:12:30 IST" duration-ms="21619" status="PASS">
          <params>
            <param index="0">
              <value>
                <![CDATA[{Email=attorney.gossamira.cinderfjord.k5u8r2vn@mailto.plus, First Name=Attorney Gossamira, Last Name=Cinderfjord, Middle Name=Selthic, Name Suffix=Jr, Office phone=9551318807, Phone=9551307607}]]>
              </value>
            </param>
            <param index="1">
              <value>
                <![CDATA[{City=Chicago, Name=Prairie State Product Liability Proof Lab, Phone=9295558307, State=Illinois, Street Address 1=200 S Wacker Drive, One Riverside Plaza, Lobby Level Visitor Check-in, Street Address 2=Suite 2675, Intake Desk: West Corridor, Elevator Bank C, Mail Stop IL-26, Zip code=60606}]]>
              </value>
            </param>
            <param index="2">
              <value>
                <![CDATA[{Staff Email=staff.galvadorin.myridanse.w8d2qb@mailto.plus, Staff First Name=Staff Galvadorin, Staff Last Name=Myridanse, Staff Middle Name=Kestovyn, Staff Name Suffix=Jr, Staff Office phone=9794328607, Staff Phone=9794317607}]]>
              </value>
            </param>
          </params>
          <reporter-output>
          </reporter-output>
        </test-method> <!-- Attorney_Add -->
        <test-method is-config="true" signature="Kill()[pri:0, instance:Enterprise_Codeclouds.Project.Enterprise.Attorney_module@2362f559]" started-at="2026-01-08T20:12:30 IST" name="Kill" finished-at="2026-01-08T20:12:30 IST" duration-ms="321" status="PASS">
          <reporter-output>
          </reporter-output>
        </test-method> <!-- Kill -->
        <test-method is-config="true" signature="setup()[pri:0, instance:Enterprise_Codeclouds.Project.Enterprise.Attorney_module@2362f559]" started-at="2026-01-08T20:12:30 IST" name="setup" finished-at="2026-01-08T20:12:31 IST" duration-ms="854" status="PASS">
          <reporter-output>
          </reporter-output>
        </test-method> <!-- setup -->
        <test-method signature="Attorney_Add(java.util.TreeMap,java.util.TreeMap,java.util.TreeMap)[pri:0, instance:Enterprise_Codeclouds.Project.Enterprise.Attorney_module@2362f559]" started-at="2026-01-08T20:12:31 IST" name="Attorney_Add" data-provider="law_plus_attorney" finished-at="2026-01-08T20:12:51 IST" duration-ms="20076" status="PASS">
          <params>
            <param index="0">
              <value>
                <![CDATA[{Email=attorney.heliovar.oakhollow.t1c7z9ph@mailto.plus, First Name=Attorney Heliovar, Last Name=Oakhollow, Middle Name=Quillane, Name Suffix=III, Office phone=9551318808, Phone=9551307608}]]>
              </value>
            </param>
            <param index="1">
              <value>
                <![CDATA[{City=Indianapolis, Name=Circle City Plaintiff Strategy & Lien Resolution Forum, Phone=9295558308, State=Indiana, Street Address 1=135 N Pennsylvania Street, Monument Circle Office Arcade, North Tower Entrance, Street Address 2=Floor 16, Suite 1612, Reception Desk B, Deliveries: Weekdays 9AM–5PM, Zip code=46204}]]>
              </value>
            </param>
            <param index="2">
              <value>
                <![CDATA[{Staff Email=staff.heliovanna.wexenfell.y5k0zu@mailto.plus, Staff First Name=Staff Heliovanna, Staff Last Name=Wexenfell, Staff Middle Name=Sylphiora, Staff Name Suffix=III, Staff Office phone=9794328608, Staff Phone=9794317608}]]>
              </value>
            </param>
          </params>
          <reporter-output>
          </reporter-output>
        </test-method> <!-- Attorney_Add -->
        <test-method is-config="true" signature="Kill()[pri:0, instance:Enterprise_Codeclouds.Project.Enterprise.Attorney_module@2362f559]" started-at="2026-01-08T20:12:51 IST" name="Kill" finished-at="2026-01-08T20:12:51 IST" duration-ms="275" status="PASS">
          <reporter-output>
          </reporter-output>
        </test-method> <!-- Kill -->
        <test-method is-config="true" signature="setup()[pri:0, instance:Enterprise_Codeclouds.Project.Enterprise.Attorney_module@2362f559]" started-at="2026-01-08T20:12:51 IST" name="setup" finished-at="2026-01-08T20:12:52 IST" duration-ms="863" status="PASS">
          <reporter-output>
          </reporter-output>
        </test-method> <!-- setup -->
        <test-method signature="Attorney_Add(java.util.TreeMap,java.util.TreeMap,java.util.TreeMap)[pri:0, instance:Enterprise_Codeclouds.Project.Enterprise.Attorney_module@2362f559]" started-at="2026-01-08T20:12:52 IST" name="Attorney_Add" data-provider="law_plus_attorney" finished-at="2026-01-08T20:13:12 IST" duration-ms="19751" status="PASS">
          <params>
            <param index="0">
              <value>
                <![CDATA[{Email=attorney.ivernael.marbletide.d4m6k8sx@mailto.plus, First Name=Attorney Ivernael, Last Name=Marbletide, Middle Name=Vosslyn, Name Suffix=Sr, Office phone=9551318809, Phone=9551307609}]]>
              </value>
            </param>
            <param index="1">
              <value>
                <![CDATA[{City=Dallas, Name=Lone Star Contract Disputes & Business Torts Studio, Phone=9295558309, State=Texas, Street Address 1=1700 Pacific Avenue, Uptown Commerce Gallery, Main Lobby Security Counter, Street Address 2=Suite 1822, Mail Stop TX-18, Deliver to Intake Window 1 (Package Scan Required), Zip code=75201}]]>
              </value>
            </param>
            <param index="2">
              <value>
                <![CDATA[{Staff Email=staff.iskavion.crownmirel.k3q6lp@mailto.plus, Staff First Name=Staff Iskavion, Staff Last Name=Crownmirel, Staff Middle Name=Quintressa, Staff Name Suffix=Sr, Staff Office phone=9794328609, Staff Phone=9794317609}]]>
              </value>
            </param>
          </params>
          <reporter-output>
          </reporter-output>
        </test-method> <!-- Attorney_Add -->
        <test-method is-config="true" signature="Kill()[pri:0, instance:Enterprise_Codeclouds.Project.Enterprise.Attorney_module@2362f559]" started-at="2026-01-08T20:13:12 IST" name="Kill" finished-at="2026-01-08T20:13:12 IST" duration-ms="289" status="PASS">
          <reporter-output>
          </reporter-output>
        </test-method> <!-- Kill -->
        <test-method is-config="true" signature="setup()[pri:0, instance:Enterprise_Codeclouds.Project.Enterprise.Attorney_module@2362f559]" started-at="2026-01-08T20:13:12 IST" name="setup" finished-at="2026-01-08T20:13:13 IST" duration-ms="890" status="PASS">
          <reporter-output>
          </reporter-output>
        </test-method> <!-- setup -->
        <test-method signature="Attorney_Add(java.util.TreeMap,java.util.TreeMap,java.util.TreeMap)[pri:0, instance:Enterprise_Codeclouds.Project.Enterprise.Attorney_module@2362f559]" started-at="2026-01-08T20:13:13 IST" name="Attorney_Add" data-provider="law_plus_attorney" finished-at="2026-01-08T20:13:37 IST" duration-ms="24187" status="PASS">
          <params>
            <param index="0">
              <value>
                <![CDATA[{Email=attorney.jasporyn.briarkeel.n7q2v5ld@mailto.plus, First Name=Attorney Jasporyn, Last Name=Briarkeel, Middle Name=Rhalor, Name Suffix=IV, Office phone=9551318810, Phone=9551307610}]]>
              </value>
            </param>
            <param index="1">
              <value>
                <![CDATA[{City=Detroit, Name=Great Lakes Class Action & Mass Tort Review Counsel, Phone=9295558310, State=Michigan, Street Address 1=500 Woodward Avenue, Riverfront Tower Annex, Check-in Desk A, Street Address 2=Floor 22, Suite 2214, Deliveries: Reception Desk R2, Weekdays 9AM–4PM, Zip code=48226}]]>
              </value>
            </param>
            <param index="2">
              <value>
                <![CDATA[{Staff Email=staff.jorvandre.zephyrnox.b7u1ex@mailto.plus, Staff First Name=Staff Jorvandre, Staff Last Name=Zephyrnox, Staff Middle Name=Rheomir, Staff Name Suffix=IV, Staff Office phone=9794328610, Staff Phone=9794317610}]]>
              </value>
            </param>
          </params>
          <reporter-output>
          </reporter-output>
        </test-method> <!-- Attorney_Add -->
        <test-method is-config="true" signature="Kill()[pri:0, instance:Enterprise_Codeclouds.Project.Enterprise.Attorney_module@2362f559]" started-at="2026-01-08T20:13:37 IST" name="Kill" finished-at="2026-01-08T20:13:37 IST" duration-ms="296" status="PASS">
          <reporter-output>
          </reporter-output>
        </test-method> <!-- Kill -->
        <test-method is-config="true" signature="setup()[pri:0, instance:Enterprise_Codeclouds.Project.Enterprise.Attorney_module@2362f559]" started-at="2026-01-08T20:13:37 IST" name="setup" finished-at="2026-01-08T20:13:38 IST" duration-ms="939" status="PASS">
          <reporter-output>
          </reporter-output>
        </test-method> <!-- setup -->
        <test-method signature="Attorney_Add(java.util.TreeMap,java.util.TreeMap,java.util.TreeMap)[pri:0, instance:Enterprise_Codeclouds.Project.Enterprise.Attorney_module@2362f559]" started-at="2026-01-08T20:13:38 IST" name="Attorney_Add" data-provider="law_plus_attorney" finished-at="2026-01-08T20:14:00 IST" duration-ms="21155" status="PASS">
          <params>
            <param index="0">
              <value>
                <![CDATA[{Email=attorney.kalythra.stormvellum.s0w9c3ja@mailto.plus, First Name=Attorney Kalythra, Last Name=Stormvellum, Middle Name=Eldren, Name Suffix=II, Office phone=9551318811, Phone=9551307611}]]>
              </value>
            </param>
            <param index="1">
              <value>
                <![CDATA[{City=Columbus, Name=Buckeye Premises Liability & Negligence Trial Partners, Phone=9295558311, State=Ohio, Street Address 1=155 N High Street, Statehouse District Professional Block, South Lobby, Street Address 2=Suite 2310, Intake Desk C, Leave with Reception if Door Closed, Zip code=43215}]]>
              </value>
            </param>
            <param index="2">
              <value>
                <![CDATA[{Staff Email=staff.kaelorina.ravenhollow.c9m5as@mailto.plus, Staff First Name=Staff Kaelorina, Staff Last Name=Ravenhollow, Staff Middle Name=Vallorine, Staff Name Suffix=II, Staff Office phone=9794328611, Staff Phone=9794317611}]]>
              </value>
            </param>
          </params>
          <reporter-output>
          </reporter-output>
        </test-method> <!-- Attorney_Add -->
        <test-method is-config="true" signature="Kill()[pri:0, instance:Enterprise_Codeclouds.Project.Enterprise.Attorney_module@2362f559]" started-at="2026-01-08T20:14:00 IST" name="Kill" finished-at="2026-01-08T20:14:00 IST" duration-ms="376" status="PASS">
          <reporter-output>
          </reporter-output>
        </test-method> <!-- Kill -->
        <test-method is-config="true" signature="setup()[pri:0, instance:Enterprise_Codeclouds.Project.Enterprise.Attorney_module@2362f559]" started-at="2026-01-08T20:14:00 IST" name="setup" finished-at="2026-01-08T20:14:01 IST" duration-ms="938" status="PASS">
          <reporter-output>
          </reporter-output>
        </test-method> <!-- setup -->
        <test-method signature="Attorney_Add(java.util.TreeMap,java.util.TreeMap,java.util.TreeMap)[pri:0, instance:Enterprise_Codeclouds.Project.Enterprise.Attorney_module@2362f559]" started-at="2026-01-08T20:14:01 IST" name="Attorney_Add" data-provider="law_plus_attorney" finished-at="2026-01-08T20:14:22 IST" duration-ms="21158" status="PASS">
          <params>
            <param index="0">
              <value>
                <![CDATA[{Email=attorney.lumerick.gildedcairn.f6t1r8vb@mailto.plus, First Name=Attorney Lumerick, Last Name=Gildedcairn, Middle Name=Perevin, Name Suffix=Jr, Office phone=9551318812, Phone=9551307612}]]>
              </value>
            </param>
            <param index="1">
              <value>
                <![CDATA[{City=Nashville, Name=Volunteer State Crash Claims & Coverage Dispute Counsel, Phone=9295558312, State=Tennessee, Street Address 1=150 4th Avenue N, Downtown Commerce Atrium, Broadway Side Entry, Street Address 2=Floor 19, Suite 1911, Deliveries: Reception Desk B, Visitor Badge Required, Zip code=37219}]]>
              </value>
            </param>
            <param index="2">
              <value>
                <![CDATA[{Staff Email=staff.lysandorix.obsidianmere.f2r8km@mailto.plus, Staff First Name=Staff Lysandorix, Staff Last Name=Obsidianmere, Staff Middle Name=Mirelune, Staff Name Suffix=Jr, Staff Office phone=9794328612, Staff Phone=9794317612}]]>
              </value>
            </param>
          </params>
          <reporter-output>
          </reporter-output>
        </test-method> <!-- Attorney_Add -->
        <test-method is-config="true" signature="Kill()[pri:0, instance:Enterprise_Codeclouds.Project.Enterprise.Attorney_module@2362f559]" started-at="2026-01-08T20:14:22 IST" name="Kill" finished-at="2026-01-08T20:14:22 IST" duration-ms="282" status="PASS">
          <reporter-output>
          </reporter-output>
        </test-method> <!-- Kill -->
        <test-method is-config="true" signature="setup()[pri:0, instance:Enterprise_Codeclouds.Project.Enterprise.Attorney_module@2362f559]" started-at="2026-01-08T20:14:22 IST" name="setup" finished-at="2026-01-08T20:14:23 IST" duration-ms="864" status="PASS">
          <reporter-output>
          </reporter-output>
        </test-method> <!-- setup -->
        <test-method signature="Attorney_Add(java.util.TreeMap,java.util.TreeMap,java.util.TreeMap)[pri:0, instance:Enterprise_Codeclouds.Project.Enterprise.Attorney_module@2362f559]" started-at="2026-01-08T20:14:23 IST" name="Attorney_Add" data-provider="law_plus_attorney" finished-at="2026-01-08T20:14:44 IST" duration-ms="20994" status="PASS">
          <params>
            <param index="0">
              <value>
                <![CDATA[{Email=attorney.marnessa.ashviolin.h3p7x0km@mailto.plus, First Name=Attorney Marnessa, Last Name=Ashviolin, Middle Name=Quenric, Name Suffix=III, Office phone=9551318813, Phone=9551307613}]]>
              </value>
            </param>
            <param index="1">
              <value>
                <![CDATA[{City=Pittsburgh, Name=Keystone Bad Faith Insurance & Claim Denial Counsel, Phone=9295558313, State=Pennsylvania, Street Address 1=600 Grant Street, Steel City Office Terrace, Main Lobby Check-in, Street Address 2=Suite 1520, Attn: Intake Operations, Mail Stop PA-15, Package Scan at Security, Zip code=15219}]]>
              </value>
            </param>
            <param index="2">
              <value>
                <![CDATA[{Staff Email=staff.maristavelle.hollowcairne.n6p4vt@mailto.plus, Staff First Name=Staff Maristavelle, Staff Last Name=Hollowcairne, Staff Middle Name=Talarion, Staff Name Suffix=III, Staff Office phone=9794328613, Staff Phone=9794317613}]]>
              </value>
            </param>
          </params>
          <reporter-output>
          </reporter-output>
        </test-method> <!-- Attorney_Add -->
        <test-method is-config="true" signature="Kill()[pri:0, instance:Enterprise_Codeclouds.Project.Enterprise.Attorney_module@2362f559]" started-at="2026-01-08T20:14:44 IST" name="Kill" finished-at="2026-01-08T20:14:44 IST" duration-ms="267" status="PASS">
          <reporter-output>
          </reporter-output>
        </test-method> <!-- Kill -->
        <test-method is-config="true" signature="setup()[pri:0, instance:Enterprise_Codeclouds.Project.Enterprise.Attorney_module@2362f559]" started-at="2026-01-08T20:14:44 IST" name="setup" finished-at="2026-01-08T20:14:45 IST" duration-ms="862" status="PASS">
          <reporter-output>
          </reporter-output>
        </test-method> <!-- setup -->
        <test-method signature="Attorney_Add(java.util.TreeMap,java.util.TreeMap,java.util.TreeMap)[pri:0, instance:Enterprise_Codeclouds.Project.Enterprise.Attorney_module@2362f559]" started-at="2026-01-08T20:14:45 IST" name="Attorney_Add" data-provider="law_plus_attorney" finished-at="2026-01-08T20:15:05 IST" duration-ms="20217" status="PASS">
          <params>
            <param index="0">
              <value>
                <![CDATA[{Email=attorney.norellius.riveranvil.j9m2q6cw@mailto.plus, First Name=Attorney Norellius, Last Name=Riveranvil, Middle Name=Sableen, Name Suffix=Sr, Office phone=9551318814, Phone=9551307614}]]>
              </value>
            </param>
            <param index="1">
              <value>
                <![CDATA[{City=Providence, Name=Ocean State Workers Comp & Wage Claims Counsel, Phone=9295558314, State=Rhode Island, Street Address 1=10 Dorrance Street, Downtown Legal Arcade, North Entrance, Street Address 2=Suite 900, Claims Intake: Desk 9B, Deliveries: Weekdays Only, Zip code=02903}]]>
              </value>
            </param>
            <param index="2">
              <value>
                <![CDATA[{Staff Email=staff.nyxaviera.frostmerrow.s1v9de@mailto.plus, Staff First Name=Staff Nyxaviera, Staff Last Name=Frostmerrow, Staff Middle Name=Demeris, Staff Name Suffix=Sr, Staff Office phone=9794328614, Staff Phone=9794317614}]]>
              </value>
            </param>
          </params>
          <reporter-output>
          </reporter-output>
        </test-method> <!-- Attorney_Add -->
        <test-method is-config="true" signature="Kill()[pri:0, instance:Enterprise_Codeclouds.Project.Enterprise.Attorney_module@2362f559]" started-at="2026-01-08T20:15:05 IST" name="Kill" finished-at="2026-01-08T20:15:06 IST" duration-ms="261" status="PASS">
          <reporter-output>
          </reporter-output>
        </test-method> <!-- Kill -->
        <test-method is-config="true" signature="setup()[pri:0, instance:Enterprise_Codeclouds.Project.Enterprise.Attorney_module@2362f559]" started-at="2026-01-08T20:15:06 IST" name="setup" finished-at="2026-01-08T20:15:07 IST" duration-ms="855" status="PASS">
          <reporter-output>
          </reporter-output>
        </test-method> <!-- setup -->
        <test-method signature="Attorney_Add(java.util.TreeMap,java.util.TreeMap,java.util.TreeMap)[pri:0, instance:Enterprise_Codeclouds.Project.Enterprise.Attorney_module@2362f559]" started-at="2026-01-08T20:15:07 IST" name="Attorney_Add" data-provider="law_plus_attorney" finished-at="2026-01-08T20:15:27 IST" duration-ms="20154" status="PASS">
          <params>
            <param index="0">
              <value>
                <![CDATA[{Email=attorney.odramira.frostcantle.v2k8n4rz@mailto.plus, First Name=Attorney Odramira, Last Name=Frostcantle, Middle Name=Velorin, Name Suffix=IV, Office phone=9551318815, Phone=9551307615}]]>
              </value>
            </param>
            <param index="1">
              <value>
                <![CDATA[{City=Buffalo, Name=Empire State Civil Rights & Police Conduct Counsel, Phone=9295558315, State=New York, Street Address 1=200 Delaware Avenue, City Center Office Row, Main Lobby, Street Address 2=Suite 1210, Attn: Records Intake, Elevator Bank A, Floor 12, Zip code=14202}]]>
              </value>
            </param>
            <param index="2">
              <value>
                <![CDATA[{Staff Email=staff.orphelianne.cindervaux.g8t3hx@mailto.plus, Staff First Name=Staff Orphelianne, Staff Last Name=Cindervaux, Staff Middle Name=Peregrin, Staff Name Suffix=IV, Staff Office phone=9794328615, Staff Phone=9794317615}]]>
              </value>
            </param>
          </params>
          <reporter-output>
          </reporter-output>
        </test-method> <!-- Attorney_Add -->
        <test-method is-config="true" signature="Kill()[pri:0, instance:Enterprise_Codeclouds.Project.Enterprise.Attorney_module@2362f559]" started-at="2026-01-08T20:15:27 IST" name="Kill" finished-at="2026-01-08T20:15:27 IST" duration-ms="264" status="PASS">
          <reporter-output>
          </reporter-output>
        </test-method> <!-- Kill -->
        <test-method is-config="true" signature="setup()[pri:0, instance:Enterprise_Codeclouds.Project.Enterprise.Attorney_module@2362f559]" started-at="2026-01-08T20:15:27 IST" name="setup" finished-at="2026-01-08T20:15:28 IST" duration-ms="828" status="PASS">
          <reporter-output>
          </reporter-output>
        </test-method> <!-- setup -->
        <test-method signature="Attorney_Add(java.util.TreeMap,java.util.TreeMap,java.util.TreeMap)[pri:0, instance:Enterprise_Codeclouds.Project.Enterprise.Attorney_module@2362f559]" started-at="2026-01-08T20:15:28 IST" name="Attorney_Add" data-provider="law_plus_attorney" finished-at="2026-01-08T20:15:53 IST" duration-ms="25378" status="PASS">
          <params>
            <param index="0">
              <value>
                <![CDATA[{Email=attorney.prysmond.obsidianwharf.q5d1t7xy@mailto.plus, First Name=Attorney Prysmond, Last Name=Obsidianwharf, Middle Name=Calith, Name Suffix=II, Office phone=9551318816, Phone=9551307616}]]>
              </value>
            </param>
            <param index="1">
              <value>
                <![CDATA[{City=Washington, Name=Capital District Regulatory & Administrative Hearing Counsel, Phone=9295558316, State=Washington DC, Street Address 1=750 9th Street NW, Judiciary Square Business Annex, Main Entrance, Street Address 2=Suite 1205, Intake Desk: Lobby Counter 2, Package Scan Required, Zip code=20001}]]>
              </value>
            </param>
            <param index="2">
              <value>
                <![CDATA[{Staff Email=staff.quorimelle.stormeichen.j4x7wy@mailto.plus, Staff First Name=Staff Quorimelle, Staff Last Name=Stormeichen, Staff Middle Name=Anselune, Staff Name Suffix=II, Staff Office phone=9794328616, Staff Phone=9794317616}]]>
              </value>
            </param>
          </params>
          <reporter-output>
          </reporter-output>
        </test-method> <!-- Attorney_Add -->
        <test-method is-config="true" signature="Kill()[pri:0, instance:Enterprise_Codeclouds.Project.Enterprise.Attorney_module@2362f559]" started-at="2026-01-08T20:15:53 IST" name="Kill" finished-at="2026-01-08T20:15:54 IST" duration-ms="295" status="PASS">
          <reporter-output>
          </reporter-output>
        </test-method> <!-- Kill -->
        <test-method is-config="true" signature="setup()[pri:0, instance:Enterprise_Codeclouds.Project.Enterprise.Attorney_module@2362f559]" started-at="2026-01-08T20:15:54 IST" name="setup" finished-at="2026-01-08T20:15:54 IST" duration-ms="960" status="PASS">
          <reporter-output>
          </reporter-output>
        </test-method> <!-- setup -->
        <test-method signature="Attorney_Add(java.util.TreeMap,java.util.TreeMap,java.util.TreeMap)[pri:0, instance:Enterprise_Codeclouds.Project.Enterprise.Attorney_module@2362f559]" started-at="2026-01-08T20:15:54 IST" name="Attorney_Add" data-provider="law_plus_attorney" finished-at="2026-01-08T20:16:16 IST" duration-ms="21929" status="PASS">
          <params>
            <param index="0">
              <value>
                <![CDATA[{Email=attorney.quenvara.cobaltgrove.w8h0p3nl@mailto.plus, First Name=Attorney Quenvara, Last Name=Cobaltgrove, Middle Name=Mireth, Name Suffix=Jr, Office phone=9551318817, Phone=9551307617}]]>
              </value>
            </param>
            <param index="1">
              <value>
                <![CDATA[{City=Arlington, Name=Armed Forces Claims & Benefits Advocacy Office, Phone=9295558317, State=Armed Forces Europe, Street Address 1=1 Defense Way, Service Member Support Center, Main Gate Check-in, Street Address 2=Suite 410, Attn: Intake Ops, Deliver to Admin Desk, ID Required at Entry, Zip code=22202}]]>
              </value>
            </param>
            <param index="2">
              <value>
                <![CDATA[{Staff Email=staff.rivenoria.marblethistrel.l0q2pk@mailto.plus, Staff First Name=Staff Rivenoria, Staff Last Name=Marblethistrel, Staff Middle Name=Caelith, Staff Name Suffix=Jr, Staff Office phone=9794328617, Staff Phone=9794317617}]]>
              </value>
            </param>
          </params>
          <reporter-output>
          </reporter-output>
        </test-method> <!-- Attorney_Add -->
        <test-method is-config="true" signature="Kill()[pri:0, instance:Enterprise_Codeclouds.Project.Enterprise.Attorney_module@2362f559]" started-at="2026-01-08T20:16:16 IST" name="Kill" finished-at="2026-01-08T20:16:17 IST" duration-ms="312" status="PASS">
          <reporter-output>
          </reporter-output>
        </test-method> <!-- Kill -->
        <test-method is-config="true" signature="setup()[pri:0, instance:Enterprise_Codeclouds.Project.Enterprise.Attorney_module@2362f559]" started-at="2026-01-08T20:16:17 IST" name="setup" finished-at="2026-01-08T20:16:18 IST" duration-ms="978" status="PASS">
          <reporter-output>
          </reporter-output>
        </test-method> <!-- setup -->
        <test-method signature="Attorney_Add(java.util.TreeMap,java.util.TreeMap,java.util.TreeMap)[pri:0, instance:Enterprise_Codeclouds.Project.Enterprise.Attorney_module@2362f559]" started-at="2026-01-08T20:16:18 IST" name="Attorney_Add" data-provider="law_plus_attorney" finished-at="2026-01-08T20:16:39 IST" duration-ms="21737" status="PASS">
          <params>
            <param index="0">
              <value>
                <![CDATA[{Email=attorney.ravelion.hearthglaive.c1s6v9qd@mailto.plus, First Name=Attorney Ravelion, Last Name=Hearthglaive, Middle Name=Zorrel, Name Suffix=III, Office phone=9551318818, Phone=9551307618}]]>
              </value>
            </param>
            <param index="1">
              <value>
                <![CDATA[{City=Honolulu, Name=Aloha Settlement Strategy & Medical Negligence Counsel, Phone=9295558318, State=Hawaii, Street Address 1=1001 Bishop Street, Downtown Honolulu Office Gallery, South Lobby, Street Address 2=Suite 1810, Reception Desk H1, Deliveries: Weekdays 9AM–4PM, Zip code=96813}]]>
              </value>
            </param>
            <param index="2">
              <value>
                <![CDATA[{Staff Email=staff.seredalion.kleinvorsten.v3n6cr@mailto.plus, Staff First Name=Staff Seredalion, Staff Last Name=Kleinvorsten, Staff Middle Name=Zorion, Staff Name Suffix=III, Staff Office phone=9794328618, Staff Phone=9794317618}]]>
              </value>
            </param>
          </params>
          <reporter-output>
          </reporter-output>
        </test-method> <!-- Attorney_Add -->
        <test-method is-config="true" signature="Kill()[pri:0, instance:Enterprise_Codeclouds.Project.Enterprise.Attorney_module@2362f559]" started-at="2026-01-08T20:16:39 IST" name="Kill" finished-at="2026-01-08T20:16:40 IST" duration-ms="313" status="PASS">
          <reporter-output>
          </reporter-output>
        </test-method> <!-- Kill -->
        <test-method is-config="true" signature="setup()[pri:0, instance:Enterprise_Codeclouds.Project.Enterprise.Attorney_module@2362f559]" started-at="2026-01-08T20:16:40 IST" name="setup" finished-at="2026-01-08T20:16:41 IST" duration-ms="1000" status="PASS">
          <reporter-output>
          </reporter-output>
        </test-method> <!-- setup -->
        <test-method signature="Attorney_Add(java.util.TreeMap,java.util.TreeMap,java.util.TreeMap)[pri:0, instance:Enterprise_Codeclouds.Project.Enterprise.Attorney_module@2362f559]" started-at="2026-01-08T20:16:41 IST" name="Attorney_Add" data-provider="law_plus_attorney" finished-at="2026-01-08T20:17:04 IST" duration-ms="23044" status="PASS">
          <params>
            <param index="0">
              <value>
                <![CDATA[{Email=attorney.sorynthia.violetcauseway.m7q4k2tz@mailto.plus, First Name=Attorney Sorynthia, Last Name=Violetcauseway, Middle Name=Eldessa, Name Suffix=Sr, Office phone=9551318819, Phone=9551307619}]]>
              </value>
            </param>
            <param index="1">
              <value>
                <![CDATA[{City=Baton Rouge, Name=Bayou Evidence Preservation & Trial Support Counsel, Phone=9295558319, State=Louisiana, Street Address 1=445 North Boulevard, Capitol Park Legal Terrace, Main Lobby, Street Address 2=Suite 915, Attn: Intake Desk, Deliver to Reception, Add Note: “Hold for Signature”, Zip code=70802}]]>
              </value>
            </param>
            <param index="2">
              <value>
                <![CDATA[{Staff Email=staff.tressavine.quillnevarra.d7m1qa@mailto.plus, Staff First Name=Staff Tressavine, Staff Last Name=Quillnevarra, Staff Middle Name=Vionette, Staff Name Suffix=Sr, Staff Office phone=9794328619, Staff Phone=9794317619}]]>
              </value>
            </param>
          </params>
          <reporter-output>
          </reporter-output>
        </test-method> <!-- Attorney_Add -->
        <test-method is-config="true" signature="Kill()[pri:0, instance:Enterprise_Codeclouds.Project.Enterprise.Attorney_module@2362f559]" started-at="2026-01-08T20:17:04 IST" name="Kill" finished-at="2026-01-08T20:17:04 IST" duration-ms="326" status="PASS">
          <reporter-output>
          </reporter-output>
        </test-method> <!-- Kill -->
        <test-method is-config="true" signature="setup()[pri:0, instance:Enterprise_Codeclouds.Project.Enterprise.Attorney_module@2362f559]" started-at="2026-01-08T20:17:04 IST" name="setup" finished-at="2026-01-08T20:17:05 IST" duration-ms="918" status="PASS">
          <reporter-output>
          </reporter-output>
        </test-method> <!-- setup -->
        <test-method signature="Attorney_Add(java.util.TreeMap,java.util.TreeMap,java.util.TreeMap)[pri:0, instance:Enterprise_Codeclouds.Project.Enterprise.Attorney_module@2362f559]" started-at="2026-01-08T20:17:05 IST" name="Attorney_Add" data-provider="law_plus_attorney" finished-at="2026-01-08T20:17:28 IST" duration-ms="22643" status="PASS">
          <params>
            <param index="0">
              <value>
                <![CDATA[{Email=attorney.tovinelle.saffronbreak.z0x8n5pr@mailto.plus, First Name=Attorney Tovinelle, Last Name=Saffronbreak, Middle Name=Rhaelis, Name Suffix=IV, Office phone=9551318820, Phone=9551307620}]]>
              </value>
            </param>
            <param index="1">
              <value>
                <![CDATA[{City=Manchester, Name=Granite State Workplace Injury & Disability Counsel, Phone=9295558320, State=New Hampshire, Street Address 1=900 Elm Street, Queen City Commerce Atrium, North Lobby, Street Address 2=Suite 1700, Claims Intake: Desk 17C, Visitor Parking: Garage Level 1, Zip code=03101}]]>
              </value>
            </param>
            <param index="2">
              <value>
                <![CDATA[{Staff Email=staff.wulfrina.briarnoctis.p5k8zn@mailto.plus, Staff First Name=Staff Wulfrina, Staff Last Name=Briarnoctis, Staff Middle Name=Ysolde, Staff Name Suffix=IV, Staff Office phone=9794328620, Staff Phone=9794317620}]]>
              </value>
            </param>
          </params>
          <reporter-output>
          </reporter-output>
        </test-method> <!-- Attorney_Add -->
        <test-method is-config="true" signature="Kill()[pri:0, instance:Enterprise_Codeclouds.Project.Enterprise.Attorney_module@2362f559]" started-at="2026-01-08T20:17:28 IST" name="Kill" finished-at="2026-01-08T20:17:28 IST" duration-ms="360" status="PASS">
          <reporter-output>
          </reporter-output>
        </test-method> <!-- Kill -->
      </class> <!-- Enterprise_Codeclouds.Project.Enterprise.Attorney_module -->
    </test> <!-- Default test -->
  </suite> <!-- Default suite -->
</testng-results>
