<?xml version="1.0" encoding="UTF-8"?>
<testng-results ignored="3" total="4" passed="1" failed="0" skipped="0">
  <reporter-output>
  </reporter-output>
  <suite started-at="2026-01-20T16:26:17 IST" name="Default suite" finished-at="2026-01-20T16:26:52 IST" duration-ms="35545">
    <groups>
    </groups>
    <test started-at="2026-01-20T16:26:17 IST" name="Default test" finished-at="2026-01-20T16:26:52 IST" duration-ms="35545">
      <class name="Enterprise_Codeclouds.Project.Enterprise.Case_Appplications">
        <test-method is-config="true" signature="setup()[pri:0, instance:Enterprise_Codeclouds.Project.Enterprise.Case_Appplications@4c178a76]" started-at="2026-01-20T16:26:17 IST" name="setup" finished-at="2026-01-20T16:26:20 IST" duration-ms="3089" status="PASS">
          <reporter-output>
          </reporter-output>
        </test-method> <!-- setup -->
        <test-method signature="Email_sender(java.util.TreeMap,java.util.TreeMap,java.util.TreeMap,java.util.TreeMap,java.util.TreeMap,java.util.TreeMap)[pri:0, instance:Enterprise_Codeclouds.Project.Enterprise.Case_Appplications@4c178a76]" started-at="2026-01-20T16:26:20 IST" name="Email_sender" data-provider="case_plus_plaintiff" finished-at="2026-01-20T16:26:52 IST" duration-ms="31897" status="PASS">
          <params>
            <param index="0">
              <value>
                <![CDATA[{Agreement Date=01/20/2026, Amount Received=13500, Application Status=In Review, Approved Amount=27000, Attorney Name=Attorney Dax Halloway, Buyout Amount=16800, Buyout Expiry Date=01/20/2030, Buyout Funder Name=Cobalt Ridge Capital, Case #=301, Case Type=Civil Rights, Court Index Number=49D01-2404-CR-001887, Date of Incident=04/18/2024, Document prep fee=335, Fund transfer fee=115, Interest Start Date=01/20/2026, Law Firm Name=West Loop Civil Rights & Police Conduct Counsel, Lead Source=Attorney Referral, Notes / Remarks=Attorney office initiated bank transfer; remittance email received; reconcile with bank statement and attach confirmation before posting., Payer Name=Attorney Marius Calder, Payment Date=01/20/2026, Payment Mode=Bank Transfer, Payment Type=Payment by Attorney, Rate of Return=42, Recommended Max Funding=27000, Requested Amount=64000, Risk Level=Moderate, SMS Message Body=Your civil rights application is under review while key records are verified. We’ll update you soon. – Lumberjack Legal Finance, SMS Message Title=Civil Rights File In Review, State=Indiana, Summary=Civil rights claim alleging improper stop escalation and prolonged roadside detention; loss of wages and anxiety symptoms reported; requesting dashcam/bodycam and dispatch logs., Underwriting Notes=Prioritize objective evidence: bodycam/dashcam, CAD logs, incident report, and any suppression hearing rulings. Confirm notice deadlines, qualified immunity posture, and policy limits. Stage funding pending video confirmation., Underwriting Tag=Video Verification Pending}]]>
              </value>
            </param>
            <param index="1">
              <value>
                <![CDATA[{Address Line 1=1801 5th Ave N, Suite 700, Address Line 2=Reception delivery only, ask for Intake Desk, Date of Birth=02/11/1991, Email=zephira.caldershade5211@yopmail.com, First Name=Zephira, Last Name=Caldershade, Middle Name=Lioren, Name Suffix=II, Phone number=2056148721, Social Security Number=901-21-4521, State=Alabama, Zip code=35203}]]>
              </value>
            </param>
            <param index="2">
              <value>
                <![CDATA[{Email=attorney.zevoria.hawthorneux01@yopmail.com, First Name=Attorney Zevoria, Last Name=Hawthorneux, Middle Name=Calix, Name Suffix=II, Office phone=9776857301, Phone=9776849301}]]>
              </value>
            </param>
            <param index="3">
              <value>
                <![CDATA[{City=Wilmington, Name=VerdictForge Litigation Atelier, Phone=3024389017, State=Delaware, Street Address 1=919 N Market St, Brandywine Commerce Center, Main Lobby, Street Address 2=Suite 1204, Intake: Desk 3, Elevator Bank A, Zip code=19801}]]>
              </value>
            </param>
            <param index="4">
              <value>
                <![CDATA[{Staff Email=staff.nivaren.thornwick25@mailto.plus, Staff First Name=Staff Nivaren, Staff Last Name=Thornwick, Staff Middle Name=Calix, Staff Name Suffix=II, Staff Office phone=9718821460, Staff Phone=9716043825}]]>
              </value>
            </param>
            <param index="5">
              <value>
                <![CDATA[{Bcc=, Cc=, Message=Hello,

We are unable to proceed without the pending details. Please respond or upload the required information to avoid delays.

Regards., Subject=Final Reminder - Response Needed to Avoid Delay, Template=None, To=tenzaro.rivenshore3419@yopmail.com}]]>
              </value>
            </param>
          </params>
          <reporter-output>
          </reporter-output>
        </test-method> <!-- Email_sender -->
        <test-method is-config="true" signature="Kill()[pri:0, instance:Enterprise_Codeclouds.Project.Enterprise.Case_Appplications@4c178a76]" started-at="2026-01-20T16:26:52 IST" name="Kill" finished-at="2026-01-20T16:26:52 IST" duration-ms="438" status="PASS">
          <reporter-output>
          </reporter-output>
        </test-method> <!-- Kill -->
      </class> <!-- Enterprise_Codeclouds.Project.Enterprise.Case_Appplications -->
    </test> <!-- Default test -->
  </suite> <!-- Default suite -->
</testng-results>
