<?xml version="1.0" encoding="UTF-8"?>
<testng-results ignored="1" total="11" passed="10" failed="0" skipped="0">
  <reporter-output>
  </reporter-output>
  <suite started-at="2026-01-13T18:14:33 IST" name="Default suite" finished-at="2026-01-13T18:17:15 IST" duration-ms="161913">
    <groups>
    </groups>
    <test started-at="2026-01-13T18:14:33 IST" name="Default test" finished-at="2026-01-13T18:17:15 IST" duration-ms="161913">
      <class name="Enterprise_Codeclouds.Project.Enterprise.Access_Permissions">
        <test-method is-config="true" signature="setup()[pri:0, instance:Enterprise_Codeclouds.Project.Enterprise.Access_Permissions@8297b3a]" started-at="2026-01-13T18:14:33 IST" name="setup" finished-at="2026-01-13T18:14:38 IST" duration-ms="4812" status="PASS">
          <reporter-output>
          </reporter-output>
        </test-method> <!-- setup -->
        <test-method signature="Role_Add(java.util.TreeMap)[pri:0, instance:Enterprise_Codeclouds.Project.Enterprise.Access_Permissions@8297b3a]" started-at="2026-01-13T18:14:38 IST" name="Role_Add" data-provider="roleData" finished-at="2026-01-13T18:14:53 IST" duration-ms="15440" status="PASS">
          <params>
            <param index="0">
              <value>
                <![CDATA[{Role Name=User View and List}]]>
              </value>
            </param>
          </params>
          <reporter-output>
          </reporter-output>
        </test-method> <!-- Role_Add -->
        <test-method is-config="true" signature="Kill()[pri:0, instance:Enterprise_Codeclouds.Project.Enterprise.Access_Permissions@8297b3a]" started-at="2026-01-13T18:14:53 IST" name="Kill" finished-at="2026-01-13T18:14:54 IST" duration-ms="306" status="PASS">
          <reporter-output>
          </reporter-output>
        </test-method> <!-- Kill -->
        <test-method is-config="true" signature="setup()[pri:0, instance:Enterprise_Codeclouds.Project.Enterprise.Access_Permissions@8297b3a]" started-at="2026-01-13T18:14:54 IST" name="setup" finished-at="2026-01-13T18:14:55 IST" duration-ms="902" status="PASS">
          <reporter-output>
          </reporter-output>
        </test-method> <!-- setup -->
        <test-method signature="Role_Add(java.util.TreeMap)[pri:0, instance:Enterprise_Codeclouds.Project.Enterprise.Access_Permissions@8297b3a]" started-at="2026-01-13T18:14:55 IST" name="Role_Add" data-provider="roleData" finished-at="2026-01-13T18:15:10 IST" duration-ms="15518" status="PASS">
          <params>
            <param index="0">
              <value>
                <![CDATA[{Role Name=Case Underwriting View Verify and List}]]>
              </value>
            </param>
          </params>
          <reporter-output>
          </reporter-output>
        </test-method> <!-- Role_Add -->
        <test-method is-config="true" signature="Kill()[pri:0, instance:Enterprise_Codeclouds.Project.Enterprise.Access_Permissions@8297b3a]" started-at="2026-01-13T18:15:10 IST" name="Kill" finished-at="2026-01-13T18:15:10 IST" duration-ms="314" status="PASS">
          <reporter-output>
          </reporter-output>
        </test-method> <!-- Kill -->
        <test-method is-config="true" signature="setup()[pri:0, instance:Enterprise_Codeclouds.Project.Enterprise.Access_Permissions@8297b3a]" started-at="2026-01-13T18:15:10 IST" name="setup" finished-at="2026-01-13T18:15:11 IST" duration-ms="857" status="PASS">
          <reporter-output>
          </reporter-output>
        </test-method> <!-- setup -->
        <test-method signature="Role_Add(java.util.TreeMap)[pri:0, instance:Enterprise_Codeclouds.Project.Enterprise.Access_Permissions@8297b3a]" started-at="2026-01-13T18:15:11 IST" name="Role_Add" data-provider="roleData" finished-at="2026-01-13T18:15:26 IST" duration-ms="14787" status="PASS">
          <params>
            <param index="0">
              <value>
                <![CDATA[{Role Name=Case Liens Create Update View and List}]]>
              </value>
            </param>
          </params>
          <reporter-output>
          </reporter-output>
        </test-method> <!-- Role_Add -->
        <test-method is-config="true" signature="Kill()[pri:0, instance:Enterprise_Codeclouds.Project.Enterprise.Access_Permissions@8297b3a]" started-at="2026-01-13T18:15:26 IST" name="Kill" finished-at="2026-01-13T18:15:26 IST" duration-ms="274" status="PASS">
          <reporter-output>
          </reporter-output>
        </test-method> <!-- Kill -->
        <test-method is-config="true" signature="setup()[pri:0, instance:Enterprise_Codeclouds.Project.Enterprise.Access_Permissions@8297b3a]" started-at="2026-01-13T18:15:26 IST" name="setup" finished-at="2026-01-13T18:15:27 IST" duration-ms="892" status="PASS">
          <reporter-output>
          </reporter-output>
        </test-method> <!-- setup -->
        <test-method signature="Role_Add(java.util.TreeMap)[pri:0, instance:Enterprise_Codeclouds.Project.Enterprise.Access_Permissions@8297b3a]" started-at="2026-01-13T18:15:27 IST" name="Role_Add" data-provider="roleData" finished-at="2026-01-13T18:15:42 IST" duration-ms="14515" status="PASS">
          <params>
            <param index="0">
              <value>
                <![CDATA[{Role Name=Case Contacts Update View and List}]]>
              </value>
            </param>
          </params>
          <reporter-output>
          </reporter-output>
        </test-method> <!-- Role_Add -->
        <test-method is-config="true" signature="Kill()[pri:0, instance:Enterprise_Codeclouds.Project.Enterprise.Access_Permissions@8297b3a]" started-at="2026-01-13T18:15:42 IST" name="Kill" finished-at="2026-01-13T18:15:42 IST" duration-ms="333" status="PASS">
          <reporter-output>
          </reporter-output>
        </test-method> <!-- Kill -->
        <test-method is-config="true" signature="setup()[pri:0, instance:Enterprise_Codeclouds.Project.Enterprise.Access_Permissions@8297b3a]" started-at="2026-01-13T18:15:42 IST" name="setup" finished-at="2026-01-13T18:15:43 IST" duration-ms="996" status="PASS">
          <reporter-output>
          </reporter-output>
        </test-method> <!-- setup -->
        <test-method signature="Role_Add(java.util.TreeMap)[pri:0, instance:Enterprise_Codeclouds.Project.Enterprise.Access_Permissions@8297b3a]" started-at="2026-01-13T18:15:43 IST" name="Role_Add" data-provider="roleData" finished-at="2026-01-13T18:15:58 IST" duration-ms="14567" status="PASS">
          <params>
            <param index="0">
              <value>
                <![CDATA[{Role Name=Plaintiff Create View and List}]]>
              </value>
            </param>
          </params>
          <reporter-output>
          </reporter-output>
        </test-method> <!-- Role_Add -->
        <test-method is-config="true" signature="Kill()[pri:0, instance:Enterprise_Codeclouds.Project.Enterprise.Access_Permissions@8297b3a]" started-at="2026-01-13T18:15:58 IST" name="Kill" finished-at="2026-01-13T18:15:58 IST" duration-ms="323" status="PASS">
          <reporter-output>
          </reporter-output>
        </test-method> <!-- Kill -->
        <test-method is-config="true" signature="setup()[pri:0, instance:Enterprise_Codeclouds.Project.Enterprise.Access_Permissions@8297b3a]" started-at="2026-01-13T18:15:58 IST" name="setup" finished-at="2026-01-13T18:15:59 IST" duration-ms="874" status="PASS">
          <reporter-output>
          </reporter-output>
        </test-method> <!-- setup -->
        <test-method signature="Role_Add(java.util.TreeMap)[pri:0, instance:Enterprise_Codeclouds.Project.Enterprise.Access_Permissions@8297b3a]" started-at="2026-01-13T18:15:59 IST" name="Role_Add" data-provider="roleData" finished-at="2026-01-13T18:16:13 IST" duration-ms="14218" status="PASS">
          <params>
            <param index="0">
              <value>
                <![CDATA[{Role Name=Law Firm Create Update View and List}]]>
              </value>
            </param>
          </params>
          <reporter-output>
          </reporter-output>
        </test-method> <!-- Role_Add -->
        <test-method is-config="true" signature="Kill()[pri:0, instance:Enterprise_Codeclouds.Project.Enterprise.Access_Permissions@8297b3a]" started-at="2026-01-13T18:16:13 IST" name="Kill" finished-at="2026-01-13T18:16:14 IST" duration-ms="383" status="PASS">
          <reporter-output>
          </reporter-output>
        </test-method> <!-- Kill -->
        <test-method is-config="true" signature="setup()[pri:0, instance:Enterprise_Codeclouds.Project.Enterprise.Access_Permissions@8297b3a]" started-at="2026-01-13T18:16:14 IST" name="setup" finished-at="2026-01-13T18:16:14 IST" duration-ms="885" status="PASS">
          <reporter-output>
          </reporter-output>
        </test-method> <!-- setup -->
        <test-method signature="Role_Add(java.util.TreeMap)[pri:0, instance:Enterprise_Codeclouds.Project.Enterprise.Access_Permissions@8297b3a]" started-at="2026-01-13T18:16:14 IST" name="Role_Add" data-provider="roleData" finished-at="2026-01-13T18:16:28 IST" duration-ms="13083" status="PASS">
          <params>
            <param index="0">
              <value>
                <![CDATA[{Role Name=Documents View and List}]]>
              </value>
            </param>
          </params>
          <reporter-output>
          </reporter-output>
        </test-method> <!-- Role_Add -->
        <test-method is-config="true" signature="Kill()[pri:0, instance:Enterprise_Codeclouds.Project.Enterprise.Access_Permissions@8297b3a]" started-at="2026-01-13T18:16:28 IST" name="Kill" finished-at="2026-01-13T18:16:28 IST" duration-ms="381" status="PASS">
          <reporter-output>
          </reporter-output>
        </test-method> <!-- Kill -->
        <test-method is-config="true" signature="setup()[pri:0, instance:Enterprise_Codeclouds.Project.Enterprise.Access_Permissions@8297b3a]" started-at="2026-01-13T18:16:28 IST" name="setup" finished-at="2026-01-13T18:16:29 IST" duration-ms="838" status="PASS">
          <reporter-output>
          </reporter-output>
        </test-method> <!-- setup -->
        <test-method signature="Role_Add(java.util.TreeMap)[pri:0, instance:Enterprise_Codeclouds.Project.Enterprise.Access_Permissions@8297b3a]" started-at="2026-01-13T18:16:29 IST" name="Role_Add" data-provider="roleData" finished-at="2026-01-13T18:16:43 IST" duration-ms="14721" status="PASS">
          <params>
            <param index="0">
              <value>
                <![CDATA[{Role Name=Email View List and Verify}]]>
              </value>
            </param>
          </params>
          <reporter-output>
          </reporter-output>
        </test-method> <!-- Role_Add -->
        <test-method is-config="true" signature="Kill()[pri:0, instance:Enterprise_Codeclouds.Project.Enterprise.Access_Permissions@8297b3a]" started-at="2026-01-13T18:16:43 IST" name="Kill" finished-at="2026-01-13T18:16:44 IST" duration-ms="255" status="PASS">
          <reporter-output>
          </reporter-output>
        </test-method> <!-- Kill -->
        <test-method is-config="true" signature="setup()[pri:0, instance:Enterprise_Codeclouds.Project.Enterprise.Access_Permissions@8297b3a]" started-at="2026-01-13T18:16:44 IST" name="setup" finished-at="2026-01-13T18:16:45 IST" duration-ms="878" status="PASS">
          <reporter-output>
          </reporter-output>
        </test-method> <!-- setup -->
        <test-method signature="Role_Add(java.util.TreeMap)[pri:0, instance:Enterprise_Codeclouds.Project.Enterprise.Access_Permissions@8297b3a]" started-at="2026-01-13T18:16:45 IST" name="Role_Add" data-provider="roleData" finished-at="2026-01-13T18:16:59 IST" duration-ms="14128" status="PASS">
          <params>
            <param index="0">
              <value>
                <![CDATA[{Role Name=Messages View and List}]]>
              </value>
            </param>
          </params>
          <reporter-output>
          </reporter-output>
        </test-method> <!-- Role_Add -->
        <test-method is-config="true" signature="Kill()[pri:0, instance:Enterprise_Codeclouds.Project.Enterprise.Access_Permissions@8297b3a]" started-at="2026-01-13T18:16:59 IST" name="Kill" finished-at="2026-01-13T18:16:59 IST" duration-ms="302" status="PASS">
          <reporter-output>
          </reporter-output>
        </test-method> <!-- Kill -->
        <test-method is-config="true" signature="setup()[pri:0, instance:Enterprise_Codeclouds.Project.Enterprise.Access_Permissions@8297b3a]" started-at="2026-01-13T18:16:59 IST" name="setup" finished-at="2026-01-13T18:17:00 IST" duration-ms="881" status="PASS">
          <reporter-output>
          </reporter-output>
        </test-method> <!-- setup -->
        <test-method signature="Role_Add(java.util.TreeMap)[pri:0, instance:Enterprise_Codeclouds.Project.Enterprise.Access_Permissions@8297b3a]" started-at="2026-01-13T18:17:00 IST" name="Role_Add" data-provider="roleData" finished-at="2026-01-13T18:17:15 IST" duration-ms="14628" status="PASS">
          <params>
            <param index="0">
              <value>
                <![CDATA[{Role Name=Access Control Roles Create Update and List}]]>
              </value>
            </param>
          </params>
          <reporter-output>
          </reporter-output>
        </test-method> <!-- Role_Add -->
        <test-method is-config="true" signature="Kill()[pri:0, instance:Enterprise_Codeclouds.Project.Enterprise.Access_Permissions@8297b3a]" started-at="2026-01-13T18:17:15 IST" name="Kill" finished-at="2026-01-13T18:17:15 IST" duration-ms="483" status="PASS">
          <reporter-output>
          </reporter-output>
        </test-method> <!-- Kill -->
      </class> <!-- Enterprise_Codeclouds.Project.Enterprise.Access_Permissions -->
    </test> <!-- Default test -->
  </suite> <!-- Default suite -->
</testng-results>
