<?xml version="1.0" encoding="UTF-8"?>
<testng-results ignored="5" total="6" passed="0" failed="1" skipped="0">
  <reporter-output>
  </reporter-output>
  <suite started-at="2026-02-05T19:53:54 IST" name="Default suite" finished-at="2026-02-05T19:55:54 IST" duration-ms="119924">
    <groups>
    </groups>
    <test started-at="2026-02-05T19:53:54 IST" name="Default test" finished-at="2026-02-05T19:55:54 IST" duration-ms="119924">
      <class name="Enterprise_Codeclouds.Project.Enterprise.Case_Appplications">
        <test-method is-config="true" signature="setup()[pri:0, instance:Enterprise_Codeclouds.Project.Enterprise.Case_Appplications@24313fcc]" started-at="2026-02-05T19:53:54 IST" name="setup" finished-at="2026-02-05T19:53:56 IST" duration-ms="2159" status="PASS">
          <reporter-output>
          </reporter-output>
        </test-method> <!-- setup -->
        <test-method signature="Buyout_Add_and_Fees_changed_in_Revised_Contract(java.util.TreeMap,java.util.TreeMap,java.util.TreeMap,java.util.TreeMap,java.util.TreeMap,java.util.TreeMap)[pri:0, instance:Enterprise_Codeclouds.Project.Enterprise.Case_Appplications@24313fcc]" started-at="2026-02-05T19:53:56 IST" name="Buyout_Add_and_Fees_changed_in_Revised_Contract" data-provider="case_plus_plaintiff" finished-at="2026-02-05T19:55:53 IST" duration-ms="117139" status="FAIL">
          <params>
            <param index="0">
              <value>
                <![CDATA[{Agreement Date=02/05/2026, Amount Received=3600, Application Status=In Review, Approved Amount=32000, Attorney Name=Attorney Nyla Harrow, Buyout Amount=19600, Buyout Expiry Date=02/05/2030, Buyout Funder Name=Harborline Counsel Finance, Case #=536, Case Type=Legal Malpractice, Court Index Number=04CV-2301-LM-004118, Date of Incident=01/19/2023, Document prep fee=330, Fund transfer fee=120, Interest Start Date=02/05/2026, Law Firm Name=Beacon Hill Professional Liability Counsel, Lead Source=Attorney Referral, Notes / Remarks=Cash logged for audit; receipt and compliance note attached; confirm permissible method per policy., Payer Name=IronGate Resolution Funding, Payment Date=02/05/2026, Payment Mode=Cash, Payment Type=Payment by Another Funder, Rate of Return=44, Recommended Max Funding=32000, Requested Amount=77000, Risk Level=Moderate-High, SMS Message Body=Your malpractice file is under review while records and causation are verified. – Lumberjack Legal Finance, SMS Message Title=Malpractice Review, State=Massachusetts, Summary=Alleged missed filing deadline in underlying claim; loss-of-chance damages asserted; case-within-a-case evaluation in progress., Underwriting Notes=Verify engagement scope, docket history, and malpractice policy limits. Requires negligence + causation + valuation of underlying claim. Stage pending expert review and carrier response., Underwriting Tag=Carrier Response Needed}]]>
              </value>
            </param>
            <param index="1">
              <value>
                <![CDATA[{Address Line 1=233 S Wacker Dr, Address Line 2=Suite 4112, City=Chicago, Date of Birth=11/03/1988, Email=mathieu.tremblay.v8p6d3@yopmail.com, First Name=Mathieu, Last Name=Tremblay, Middle Name=Olivier, Name Suffix=Sr, Phone number=3128461907, Social Security Number=936-33-5901, State=Illinois, Zip code=60606}]]>
              </value>
            </param>
            <param index="2">
              <value>
                <![CDATA[{Email=attorney.maelys.beausoleil01@yopmail.com, First Name=Attorney Maëlys, Last Name=Beausoleil, Middle Name=Rowan, Name Suffix=II, Office phone=9897418123, Phone=9897406123}]]>
              </value>
            </param>
            <param index="3">
              <value>
                <![CDATA[{City=Wilmington, Name=VerdictForge Litigation Atelier, Phone=3024389017, State=Delaware, Street Address 1=919 N Market St, Brandywine Commerce Center, Main Lobby, Street Address 2=Suite 1204, Intake: Desk 3, Elevator Bank A, Zip code=19801}]]>
              </value>
            </param>
            <param index="4">
              <value>
                <![CDATA[{Staff Email=staff.nivaren.thornwick25@mailto.plus, Staff First Name=Staff Nivaren, Staff Last Name=Thornwick, Staff Middle Name=Calix, Staff Name Suffix=II, Staff Office phone=9718821460, Staff Phone=9716043825}]]>
              </value>
            </param>
            <param index="5">
              <value>
                <![CDATA[{Bcc=qa.auditdesk@yopmail.com, Cc=intake.coordinator@yopmail.com, Message=Hello,

Please upload the required documents at your earliest convenience so we can proceed without delay.

Thank you., Subject=Document Request - Please Upload Required Files, Template=None, To=marcelline.briarcliff1874@yopmail.com}]]>
              </value>
            </param>
          </params>
          <exception class="java.lang.AssertionError">
            <message>
              <![CDATA[Lien Balance mismatch. Balance=47169.1, Calculated=38533.33, Diff=8635.77, Tolerance=0.25]]>
            </message>
            <full-stacktrace>
              <![CDATA[java.lang.AssertionError: Lien Balance mismatch. Balance=47169.1, Calculated=38533.33, Diff=8635.77, Tolerance=0.25
at Enterprise_Codeclouds.Project.Enterprise.Case_Appplications.Revise_Contract(Case_Appplications.java:4433)
at Enterprise_Codeclouds.Project.Enterprise.Case_Appplications.Pay_off_lien_list_After_Revise_contract(Case_Appplications.java:4111)
at Enterprise_Codeclouds.Project.Enterprise.Case_Appplications.Buyout_Add_and_Fees_changed_in_Revised_Contract(Case_Appplications.java:1569)
at java.base/jdk.internal.reflect.DirectMethodHandleAccessor.invoke(DirectMethodHandleAccessor.java:103)
at java.base/java.lang.reflect.Method.invoke(Method.java:580)
at org.testng.internal.invokers.MethodInvocationHelper.invokeMethod(MethodInvocationHelper.java:141)
at org.testng.internal.invokers.TestInvoker.invokeMethod(TestInvoker.java:687)
at org.testng.internal.invokers.TestInvoker.invokeTestMethod(TestInvoker.java:230)
at org.testng.internal.invokers.MethodRunner.runInSequence(MethodRunner.java:63)
at org.testng.internal.invokers.TestInvoker$MethodInvocationAgent.invoke(TestInvoker.java:995)
at org.testng.internal.invokers.TestInvoker.invokeTestMethods(TestInvoker.java:203)
at org.testng.internal.invokers.TestMethodWorker.invokeTestMethods(TestMethodWorker.java:154)
at org.testng.internal.invokers.TestMethodWorker.run(TestMethodWorker.java:134)
at java.base/java.util.ArrayList.forEach(ArrayList.java:1596)
at org.testng.TestRunner.privateRun(TestRunner.java:741)
at org.testng.TestRunner.run(TestRunner.java:616)
at org.testng.SuiteRunner.runTest(SuiteRunner.java:421)
at org.testng.SuiteRunner.runSequentially(SuiteRunner.java:413)
at org.testng.SuiteRunner.privateRun(SuiteRunner.java:373)
at org.testng.SuiteRunner.run(SuiteRunner.java:312)
at org.testng.SuiteRunnerWorker.runSuite(SuiteRunnerWorker.java:52)
at org.testng.SuiteRunnerWorker.run(SuiteRunnerWorker.java:95)
at org.testng.TestNG.runSuitesSequentially(TestNG.java:1274)
at org.testng.TestNG.runSuitesLocally(TestNG.java:1208)
at org.testng.TestNG.runSuites(TestNG.java:1112)
at org.testng.TestNG.run(TestNG.java:1079)
at org.testng.remote.AbstractRemoteTestNG.run(AbstractRemoteTestNG.java:115)
at org.testng.remote.RemoteTestNG.initAndRun(RemoteTestNG.java:293)
at org.testng.remote.RemoteTestNG.main(RemoteTestNG.java:91)
]]>
            </full-stacktrace>
          </exception> <!-- java.lang.AssertionError -->
          <reporter-output>
          </reporter-output>
        </test-method> <!-- Buyout_Add_and_Fees_changed_in_Revised_Contract -->
        <test-method is-config="true" signature="Kill()[pri:0, instance:Enterprise_Codeclouds.Project.Enterprise.Case_Appplications@24313fcc]" started-at="2026-02-05T19:55:53 IST" name="Kill" finished-at="2026-02-05T19:55:54 IST" duration-ms="516" status="PASS">
          <reporter-output>
          </reporter-output>
        </test-method> <!-- Kill -->
      </class> <!-- Enterprise_Codeclouds.Project.Enterprise.Case_Appplications -->
    </test> <!-- Default test -->
  </suite> <!-- Default suite -->
</testng-results>
