<?xml version="1.0" encoding="UTF-8"?>
<testng-results ignored="1" total="2" passed="0" failed="1" skipped="0">
  <reporter-output>
  </reporter-output>
  <suite started-at="2025-12-30T13:47:58 IST" name="Default suite" finished-at="2025-12-30T13:48:11 IST" duration-ms="13376">
    <groups>
    </groups>
    <test started-at="2025-12-30T13:47:58 IST" name="Default test" finished-at="2025-12-30T13:48:11 IST" duration-ms="13376">
      <class name="Enterprise_Codeclouds.Project.Enterprise.Case_Appplications">
        <test-method is-config="true" signature="setup()[pri:0, instance:Enterprise_Codeclouds.Project.Enterprise.Case_Appplications@7a8c8dcf]" started-at="2025-12-30T13:47:58 IST" name="setup" finished-at="2025-12-30T13:48:00 IST" duration-ms="2223" status="PASS">
          <reporter-output>
          </reporter-output>
        </test-method> <!-- setup -->
        <test-method signature="Add_case(java.util.TreeMap,java.util.TreeMap,java.util.TreeMap)[pri:0, instance:Enterprise_Codeclouds.Project.Enterprise.Case_Appplications@7a8c8dcf]" started-at="2025-12-30T13:48:00 IST" name="Add_case" data-provider="case_plus_plaintiff" finished-at="2025-12-30T13:48:11 IST" duration-ms="10739" status="FAIL">
          <params>
            <param index="0">
              <value>
                <![CDATA[{Agreement Date=01/13/2026, Application Status=Approved, Approved Amount=17500, Attorney Name=Attorney Soren Birkenfeld, Buyout Amount=9800, Buyout Expiry Date=01/13/2030, Buyout Funder Name=Harbor Ridge Finance, Case #=203, Case Type=Wrongful Arrest, Court Index Number=18CV-2312-WA-001733, Date of Incident=12/02/2023, Document prep fee=255, Fund transfer fee=85, Interest Start Date=01/15/2026, Law Firm Name=Capital City Consumer Protection, Bad Faith Insurance & Claim Denial Law Offices, Lead Source=Advertising, Rate of Return=37, Recommended Max Funding=17500, Requested Amount=42000, Risk Level=Moderate, SMS Message Body=Your wrongful arrest funding has been approved. We’ll coordinate agreement review with your attorney. – Lumberjack Legal Finance, SMS Message Title=Funding Approved, State=Ohio, Summary=Wrongful arrest allegation due to mistaken identity; overnight detention and missed work; reputational harm claimed with corroborating alibi records., Underwriting Notes=Confirm dismissal/acquittal paperwork, arrest report narrative, and any video evidence. Damages improve with lost-wage verification and documented mental health treatment. Review immunities/notice rules.}]]>
              </value>
            </param>
            <param index="1">
              <value>
                <![CDATA[{Address Line 1=22 Marine Corps Dr, Address Line 2=PO Box 211, Date of Birth=06/11/1993, Email=soren.tannenfeld@mailto.plus, First Name=Soren, Last Name=Tannenfeld, Middle Name=Benedikt, Name Suffix=II, Phone number=671-555-4207, Social Security Number=920-17-0207, State=Guam, Zip code=96910}]]>
              </value>
            </param>
            <param index="2">
              <value>
                <![CDATA[{Email=cassian.hohenstauf@mailto.plus, First Name=Attorney Cassian, Last Name=Hohenstauf, Law Firm=Brandtov & Lindenfeld Catastrophic Injury Rechtsanwälte Group, Middle Name=Alaric, Name Suffix=II, Office phone=4165558201, Phone=4165554201}]]>
              </value>
            </param>
          </params>
          <exception class="org.openqa.selenium.ElementClickInterceptedException">
            <message>
              <![CDATA[element click intercepted: Element <div aria-selected="false" class="ant-select-item ant-select-item-option ant-select-item-option-active" title="Wrongful Arrest">...</div> is not clickable at point (768, 248). Other element would receive the click: <input type="search" autocomplete="off" class="ant-select-selection-search-input" role="combobox" aria-expanded="false" aria-haspopup="listbox" aria-owns="rc_select_3_list" aria-autocomplete="list" aria-controls="rc_select_3_list" value="" id="rc_select_3">
  (Session info: chrome=143.0.7499.170)
Build info: version: '4.33.0', revision: '2c6aaad03a'
System info: os.name: 'Windows 11', os.arch: 'amd64', os.version: '10.0', java.version: '21.0.9'
Driver info: org.openqa.selenium.chrome.ChromeDriver
Command: [cb361bf30760e67ad7810b863372b6e7, clickElement {id=f.41CEDD4D833ACE3466C43F683C6BEE8E.d.35437FCCAB8FF98E68DBAA6D4B14EFBD.e.69}]
Capabilities {acceptInsecureCerts: false, browserName: chrome, browserVersion: 143.0.7499.170, chrome: {chromedriverVersion: 143.0.7499.169 (164b20aab62..., userDataDir: C:\Users\CODECL~1\AppData\L...}, fedcm:accounts: true, goog:chromeOptions: {debuggerAddress: localhost:52532}, goog:processID: 13608, networkConnectionEnabled: false, pageLoadStrategy: normal, platformName: windows, proxy: Proxy(), se:cdp: ws://localhost:52532/devtoo..., se:cdpVersion: 143.0.7499.170, setWindowRect: true, strictFileInteractability: false, timeouts: {implicit: 0, pageLoad: 300000, script: 30000}, unhandledPromptBehavior: dismiss and notify, webauthn:extension:credBlob: true, webauthn:extension:largeBlob: true, webauthn:extension:minPinLength: true, webauthn:extension:prf: true, webauthn:virtualAuthenticators: true}
Element: [[[[ChromeDriver: chrome on windows (cb361bf30760e67ad7810b863372b6e7)] -> xpath: (//div[@class='rc-virtual-list'])[2]]] -> xpath: .//div[contains(@class,'ant-select-item') and contains(@class,'ant-select-item-option') and @title]]
Session ID: cb361bf30760e67ad7810b863372b6e7]]>
            </message>
            <full-stacktrace>
              <![CDATA[org.openqa.selenium.ElementClickInterceptedException: element click intercepted: Element <div aria-selected="false" class="ant-select-item ant-select-item-option ant-select-item-option-active" title="Wrongful Arrest">...</div> is not clickable at point (768, 248). Other element would receive the click: <input type="search" autocomplete="off" class="ant-select-selection-search-input" role="combobox" aria-expanded="false" aria-haspopup="listbox" aria-owns="rc_select_3_list" aria-autocomplete="list" aria-controls="rc_select_3_list" value="" id="rc_select_3">
  (Session info: chrome=143.0.7499.170)
Build info: version: '4.33.0', revision: '2c6aaad03a'
System info: os.name: 'Windows 11', os.arch: 'amd64', os.version: '10.0', java.version: '21.0.9'
Driver info: org.openqa.selenium.chrome.ChromeDriver
Command: [cb361bf30760e67ad7810b863372b6e7, clickElement {id=f.41CEDD4D833ACE3466C43F683C6BEE8E.d.35437FCCAB8FF98E68DBAA6D4B14EFBD.e.69}]
Capabilities {acceptInsecureCerts: false, browserName: chrome, browserVersion: 143.0.7499.170, chrome: {chromedriverVersion: 143.0.7499.169 (164b20aab62..., userDataDir: C:\Users\CODECL~1\AppData\L...}, fedcm:accounts: true, goog:chromeOptions: {debuggerAddress: localhost:52532}, goog:processID: 13608, networkConnectionEnabled: false, pageLoadStrategy: normal, platformName: windows, proxy: Proxy(), se:cdp: ws://localhost:52532/devtoo..., se:cdpVersion: 143.0.7499.170, setWindowRect: true, strictFileInteractability: false, timeouts: {implicit: 0, pageLoad: 300000, script: 30000}, unhandledPromptBehavior: dismiss and notify, webauthn:extension:credBlob: true, webauthn:extension:largeBlob: true, webauthn:extension:minPinLength: true, webauthn:extension:prf: true, webauthn:virtualAuthenticators: true}
Element: [[[[ChromeDriver: chrome on windows (cb361bf30760e67ad7810b863372b6e7)] -> xpath: (//div[@class='rc-virtual-list'])[2]]] -> xpath: .//div[contains(@class,'ant-select-item') and contains(@class,'ant-select-item-option') and @title]]
Session ID: cb361bf30760e67ad7810b863372b6e7
at java.base/jdk.internal.reflect.DirectConstructorHandleAccessor.newInstance(DirectConstructorHandleAccessor.java:62)
at java.base/java.lang.reflect.Constructor.newInstanceWithCaller(Constructor.java:502)
at java.base/java.lang.reflect.Constructor.newInstance(Constructor.java:486)
at org.openqa.selenium.remote.ErrorCodec.decode(ErrorCodec.java:167)
at org.openqa.selenium.remote.codec.w3c.W3CHttpResponseCodec.decode(W3CHttpResponseCodec.java:138)
at org.openqa.selenium.remote.codec.w3c.W3CHttpResponseCodec.decode(W3CHttpResponseCodec.java:50)
at org.openqa.selenium.remote.HttpCommandExecutor.execute(HttpCommandExecutor.java:215)
at org.openqa.selenium.remote.service.DriverCommandExecutor.invokeExecute(DriverCommandExecutor.java:216)
at org.openqa.selenium.remote.service.DriverCommandExecutor.execute(DriverCommandExecutor.java:174)
at org.openqa.selenium.remote.RemoteWebDriver.execute(RemoteWebDriver.java:544)
at org.openqa.selenium.remote.RemoteWebElement.execute(RemoteWebElement.java:223)
at org.openqa.selenium.remote.RemoteWebElement.click(RemoteWebElement.java:76)
at Enterprise_Codeclouds.Project.Enterprise.Case_Appplications.Add_case(Case_Appplications.java:98)
at java.base/jdk.internal.reflect.DirectMethodHandleAccessor.invoke(DirectMethodHandleAccessor.java:103)
at java.base/java.lang.reflect.Method.invoke(Method.java:580)
at org.testng.internal.invokers.MethodInvocationHelper.invokeMethod(MethodInvocationHelper.java:141)
at org.testng.internal.invokers.TestInvoker.invokeMethod(TestInvoker.java:687)
at org.testng.internal.invokers.TestInvoker.invokeTestMethod(TestInvoker.java:230)
at org.testng.internal.invokers.MethodRunner.runInSequence(MethodRunner.java:63)
at org.testng.internal.invokers.TestInvoker$MethodInvocationAgent.invoke(TestInvoker.java:995)
at org.testng.internal.invokers.TestInvoker.invokeTestMethods(TestInvoker.java:203)
at org.testng.internal.invokers.TestMethodWorker.invokeTestMethods(TestMethodWorker.java:154)
at org.testng.internal.invokers.TestMethodWorker.run(TestMethodWorker.java:134)
at java.base/java.util.ArrayList.forEach(ArrayList.java:1596)
at org.testng.TestRunner.privateRun(TestRunner.java:741)
at org.testng.TestRunner.run(TestRunner.java:616)
at org.testng.SuiteRunner.runTest(SuiteRunner.java:421)
at org.testng.SuiteRunner.runSequentially(SuiteRunner.java:413)
at org.testng.SuiteRunner.privateRun(SuiteRunner.java:373)
at org.testng.SuiteRunner.run(SuiteRunner.java:312)
at org.testng.SuiteRunnerWorker.runSuite(SuiteRunnerWorker.java:52)
at org.testng.SuiteRunnerWorker.run(SuiteRunnerWorker.java:95)
at org.testng.TestNG.runSuitesSequentially(TestNG.java:1274)
at org.testng.TestNG.runSuitesLocally(TestNG.java:1208)
at org.testng.TestNG.runSuites(TestNG.java:1112)
at org.testng.TestNG.run(TestNG.java:1079)
at org.testng.remote.AbstractRemoteTestNG.run(AbstractRemoteTestNG.java:115)
at org.testng.remote.RemoteTestNG.initAndRun(RemoteTestNG.java:293)
at org.testng.remote.RemoteTestNG.main(RemoteTestNG.java:91)
]]>
            </full-stacktrace>
          </exception> <!-- org.openqa.selenium.ElementClickInterceptedException -->
          <reporter-output>
          </reporter-output>
        </test-method> <!-- Add_case -->
        <test-method is-config="true" signature="Kill()[pri:0, instance:Enterprise_Codeclouds.Project.Enterprise.Case_Appplications@7a8c8dcf]" started-at="2025-12-30T13:48:11 IST" name="Kill" finished-at="2025-12-30T13:48:11 IST" duration-ms="318" status="PASS">
          <reporter-output>
          </reporter-output>
        </test-method> <!-- Kill -->
      </class> <!-- Enterprise_Codeclouds.Project.Enterprise.Case_Appplications -->
    </test> <!-- Default test -->
  </suite> <!-- Default suite -->
</testng-results>
