<?xml version="1.0" encoding="UTF-8"?>
<testng-results ignored="8" total="9" passed="0" failed="1" skipped="0">
  <reporter-output>
  </reporter-output>
  <suite started-at="2026-02-13T17:29:02 IST" name="Default suite" finished-at="2026-02-13T17:29:20 IST" duration-ms="17190">
    <groups>
    </groups>
    <test started-at="2026-02-13T17:29:02 IST" name="Default test" finished-at="2026-02-13T17:29:20 IST" duration-ms="17190">
      <class name="Enterprise_Codeclouds.Project.Enterprise.Plaintiff_Module">
        <test-method is-config="true" signature="setup()[pri:0, instance:Enterprise_Codeclouds.Project.Enterprise.Plaintiff_Module@23348b5d]" started-at="2026-02-13T17:29:02 IST" name="setup" finished-at="2026-02-13T17:29:06 IST" duration-ms="3623" status="PASS">
          <reporter-output>
          </reporter-output>
        </test-method> <!-- setup -->
        <test-method signature="Plaintiff_edit_in_case(java.util.TreeMap,java.util.TreeMap)[pri:0, instance:Enterprise_Codeclouds.Project.Enterprise.Plaintiff_Module@23348b5d]" started-at="2026-02-13T17:29:06 IST" name="Plaintiff_edit_in_case" data-provider="Plaintiff_Add_Edit_Combined_data" finished-at="2026-02-13T17:29:19 IST" duration-ms="13194" status="FAIL">
          <params>
            <param index="0">
              <value>
                <![CDATA[{Address Line 1=227 Fayetteville St, Address Line 2=Unit 1904, City=Raleigh, Date of Birth=03/07/1991, Email=wapistan.kateri41p9@yopmail.com, First Name=Kateri, Last Name=Wapistan, Middle Name=Noélie, Name Suffix=II, Phone number=9196725039, Social Security Number=741-28-9021, State=North Carolina, Zip code=27601}]]>
              </value>
            </param>
            <param index="1">
              <value>
                <![CDATA[{Address Line 1=250 Front Street West, Address Line 2=Suite 1208, City=Toronto, Date of Birth=07/14/1992, Email=maeline.deslauriers.q7m3@yopmail.com, First Name=Maëline, Last Name=Deslauriers, Middle Name=Joannie, Name Suffix=II, Phone number=4166041739, Social Security Number=912-11-6041, State=New York, Zip code=10013}]]>
              </value>
            </param>
          </params>
          <exception class="org.openqa.selenium.StaleElementReferenceException">
            <message>
              <![CDATA[stale element reference: stale element not found in the current frame
  (Session info: chrome=144.0.7559.133)
For documentation on this error, please visit: https://www.selenium.dev/documentation/webdriver/troubleshooting/errors#stale-element-reference-exception
Build info: version: '4.33.0', revision: '2c6aaad03a'
System info: os.name: 'Windows 11', os.arch: 'amd64', os.version: '10.0', java.version: '21.0.9'
Driver info: org.openqa.selenium.chrome.ChromeDriver
Command: [92bbcb2568ab306419a9b4523620a9e8, clickElement {id=f.14010B49AD63DABB8B7DE0191521C939.d.F0F0726AFA5F7D5516721375045D130D.e.123}]
Capabilities {acceptInsecureCerts: false, browserName: chrome, browserVersion: 144.0.7559.133, chrome: {chromedriverVersion: 144.0.7559.133 (7da823b1d59..., userDataDir: C:\Users\CODECL~1\AppData\L...}, fedcm:accounts: true, goog:chromeOptions: {debuggerAddress: localhost:55640}, goog:processID: 10116, networkConnectionEnabled: false, pageLoadStrategy: normal, platformName: windows, proxy: Proxy(), se:cdp: ws://localhost:55640/devtoo..., se:cdpVersion: 144.0.7559.133, setWindowRect: true, strictFileInteractability: false, timeouts: {implicit: 0, pageLoad: 300000, script: 30000}, unhandledPromptBehavior: dismiss and notify, webauthn:extension:credBlob: true, webauthn:extension:largeBlob: true, webauthn:extension:minPinLength: true, webauthn:extension:prf: true, webauthn:virtualAuthenticators: true}
Element: [[ChromeDriver: chrome on windows (92bbcb2568ab306419a9b4523620a9e8)] -> xpath: //*[contains(@class,'Toastify__close-button Toastify__close-button--light')]]
Session ID: 92bbcb2568ab306419a9b4523620a9e8]]>
            </message>
            <full-stacktrace>
              <![CDATA[org.openqa.selenium.StaleElementReferenceException: stale element reference: stale element not found in the current frame
  (Session info: chrome=144.0.7559.133)
For documentation on this error, please visit: https://www.selenium.dev/documentation/webdriver/troubleshooting/errors#stale-element-reference-exception
Build info: version: '4.33.0', revision: '2c6aaad03a'
System info: os.name: 'Windows 11', os.arch: 'amd64', os.version: '10.0', java.version: '21.0.9'
Driver info: org.openqa.selenium.chrome.ChromeDriver
Command: [92bbcb2568ab306419a9b4523620a9e8, clickElement {id=f.14010B49AD63DABB8B7DE0191521C939.d.F0F0726AFA5F7D5516721375045D130D.e.123}]
Capabilities {acceptInsecureCerts: false, browserName: chrome, browserVersion: 144.0.7559.133, chrome: {chromedriverVersion: 144.0.7559.133 (7da823b1d59..., userDataDir: C:\Users\CODECL~1\AppData\L...}, fedcm:accounts: true, goog:chromeOptions: {debuggerAddress: localhost:55640}, goog:processID: 10116, networkConnectionEnabled: false, pageLoadStrategy: normal, platformName: windows, proxy: Proxy(), se:cdp: ws://localhost:55640/devtoo..., se:cdpVersion: 144.0.7559.133, setWindowRect: true, strictFileInteractability: false, timeouts: {implicit: 0, pageLoad: 300000, script: 30000}, unhandledPromptBehavior: dismiss and notify, webauthn:extension:credBlob: true, webauthn:extension:largeBlob: true, webauthn:extension:minPinLength: true, webauthn:extension:prf: true, webauthn:virtualAuthenticators: true}
Element: [[ChromeDriver: chrome on windows (92bbcb2568ab306419a9b4523620a9e8)] -> xpath: //*[contains(@class,'Toastify__close-button Toastify__close-button--light')]]
Session ID: 92bbcb2568ab306419a9b4523620a9e8
at java.base/jdk.internal.reflect.DirectConstructorHandleAccessor.newInstance(DirectConstructorHandleAccessor.java:62)
at java.base/java.lang.reflect.Constructor.newInstanceWithCaller(Constructor.java:502)
at java.base/java.lang.reflect.Constructor.newInstance(Constructor.java:486)
at org.openqa.selenium.remote.ErrorCodec.decode(ErrorCodec.java:167)
at org.openqa.selenium.remote.codec.w3c.W3CHttpResponseCodec.decode(W3CHttpResponseCodec.java:138)
at org.openqa.selenium.remote.codec.w3c.W3CHttpResponseCodec.decode(W3CHttpResponseCodec.java:50)
at org.openqa.selenium.remote.HttpCommandExecutor.execute(HttpCommandExecutor.java:215)
at org.openqa.selenium.remote.service.DriverCommandExecutor.invokeExecute(DriverCommandExecutor.java:216)
at org.openqa.selenium.remote.service.DriverCommandExecutor.execute(DriverCommandExecutor.java:174)
at org.openqa.selenium.remote.RemoteWebDriver.execute(RemoteWebDriver.java:544)
at org.openqa.selenium.remote.RemoteWebElement.execute(RemoteWebElement.java:223)
at org.openqa.selenium.remote.RemoteWebElement.click(RemoteWebElement.java:76)
at java.base/jdk.internal.reflect.DirectMethodHandleAccessor.invoke(DirectMethodHandleAccessor.java:103)
at java.base/java.lang.reflect.Method.invoke(Method.java:580)
at org.openqa.selenium.support.pagefactory.internal.LocatingElementHandler.invoke(LocatingElementHandler.java:51)
at jdk.proxy2/jdk.proxy2.$Proxy17.click(Unknown Source)
at Enterprise_Codeclouds.Project.Enterprise.Plaintiff_Module.Plaintiff_edit_in_case(Plaintiff_Module.java:415)
at java.base/jdk.internal.reflect.DirectMethodHandleAccessor.invoke(DirectMethodHandleAccessor.java:103)
at java.base/java.lang.reflect.Method.invoke(Method.java:580)
at org.testng.internal.invokers.MethodInvocationHelper.invokeMethod(MethodInvocationHelper.java:141)
at org.testng.internal.invokers.TestInvoker.invokeMethod(TestInvoker.java:687)
at org.testng.internal.invokers.TestInvoker.invokeTestMethod(TestInvoker.java:230)
at org.testng.internal.invokers.MethodRunner.runInSequence(MethodRunner.java:63)
at org.testng.internal.invokers.TestInvoker$MethodInvocationAgent.invoke(TestInvoker.java:995)
at org.testng.internal.invokers.TestInvoker.invokeTestMethods(TestInvoker.java:203)
at org.testng.internal.invokers.TestMethodWorker.invokeTestMethods(TestMethodWorker.java:154)
at org.testng.internal.invokers.TestMethodWorker.run(TestMethodWorker.java:134)
at java.base/java.util.ArrayList.forEach(ArrayList.java:1596)
at org.testng.TestRunner.privateRun(TestRunner.java:741)
at org.testng.TestRunner.run(TestRunner.java:616)
at org.testng.SuiteRunner.runTest(SuiteRunner.java:421)
at org.testng.SuiteRunner.runSequentially(SuiteRunner.java:413)
at org.testng.SuiteRunner.privateRun(SuiteRunner.java:373)
at org.testng.SuiteRunner.run(SuiteRunner.java:312)
at org.testng.SuiteRunnerWorker.runSuite(SuiteRunnerWorker.java:52)
at org.testng.SuiteRunnerWorker.run(SuiteRunnerWorker.java:95)
at org.testng.TestNG.runSuitesSequentially(TestNG.java:1274)
at org.testng.TestNG.runSuitesLocally(TestNG.java:1208)
at org.testng.TestNG.runSuites(TestNG.java:1112)
at org.testng.TestNG.run(TestNG.java:1079)
at org.testng.remote.AbstractRemoteTestNG.run(AbstractRemoteTestNG.java:115)
at org.testng.remote.RemoteTestNG.initAndRun(RemoteTestNG.java:293)
at org.testng.remote.RemoteTestNG.main(RemoteTestNG.java:91)
]]>
            </full-stacktrace>
          </exception> <!-- org.openqa.selenium.StaleElementReferenceException -->
          <reporter-output>
          </reporter-output>
        </test-method> <!-- Plaintiff_edit_in_case -->
        <test-method is-config="true" signature="Kill()[pri:0, instance:Enterprise_Codeclouds.Project.Enterprise.Plaintiff_Module@23348b5d]" started-at="2026-02-13T17:29:19 IST" name="Kill" finished-at="2026-02-13T17:29:20 IST" duration-ms="299" status="PASS">
          <reporter-output>
          </reporter-output>
        </test-method> <!-- Kill -->
      </class> <!-- Enterprise_Codeclouds.Project.Enterprise.Plaintiff_Module -->
    </test> <!-- Default test -->
  </suite> <!-- Default suite -->
</testng-results>
