<?xml version="1.0" encoding="UTF-8"?>
<testng-results ignored="0" total="1" passed="0" failed="1" skipped="0">
  <reporter-output>
  </reporter-output>
  <suite started-at="2026-01-11T23:47:18 IST" name="Default suite" finished-at="2026-01-11T23:47:45 IST" duration-ms="26453">
    <groups>
    </groups>
    <test started-at="2026-01-11T23:47:18 IST" name="Default test" finished-at="2026-01-11T23:47:45 IST" duration-ms="26453">
      <class name="Enterprise_Codeclouds.Project.Enterprise.User_Module">
        <test-method is-config="true" signature="setup()[pri:0, instance:Enterprise_Codeclouds.Project.Enterprise.User_Module@8c3b9d]" started-at="2026-01-11T23:47:18 IST" name="setup" finished-at="2026-01-11T23:47:21 IST" duration-ms="2423" status="PASS">
          <reporter-output>
          </reporter-output>
        </test-method> <!-- setup -->
        <test-method signature="user_add(java.util.TreeMap)[pri:0, instance:Enterprise_Codeclouds.Project.Enterprise.User_Module@8c3b9d]" started-at="2026-01-11T23:47:21 IST" name="user_add" data-provider="UserData" finished-at="2026-01-11T23:47:44 IST" duration-ms="23084" status="FAIL">
          <params>
            <param index="0">
              <value>
                <![CDATA[{Email=marcellus.wrenford7400@mailto.plus, First Name=Marcellus, Groups=New Group,Test Group,Submodule test group, Last Name=Wrenford, Middle Name=Jude, Phone Number (Primary)=7026157400, Phone Number (Secondary)=7255031960}]]>
              </value>
            </param>
          </params>
          <exception class="org.openqa.selenium.TimeoutException">
            <message>
              <![CDATA[Expected condition failed: waiting for visibility of all [[[[[ChromeDriver: chrome on windows (5b0839ca90ee443a486b5da8249061a1)] -> xpath: //form]] -> xpath: .//input], [[[[ChromeDriver: chrome on windows (5b0839ca90ee443a486b5da8249061a1)] -> xpath: //form]] -> xpath: .//input], [[[[ChromeDriver: chrome on windows (5b0839ca90ee443a486b5da8249061a1)] -> xpath: //form]] -> xpath: .//input], [[[[ChromeDriver: chrome on windows (5b0839ca90ee443a486b5da8249061a1)] -> xpath: //form]] -> xpath: .//input], [[[[ChromeDriver: chrome on windows (5b0839ca90ee443a486b5da8249061a1)] -> xpath: //form]] -> xpath: .//input], [[[[ChromeDriver: chrome on windows (5b0839ca90ee443a486b5da8249061a1)] -> xpath: //form]] -> xpath: .//input], [[[[ChromeDriver: chrome on windows (5b0839ca90ee443a486b5da8249061a1)] -> xpath: //form]] -> xpath: .//input]] (tried for 10 second(s) with 500 milliseconds interval)
Build info: version: '4.33.0', revision: '2c6aaad03a'
System info: os.name: 'Windows 8.1', os.arch: 'amd64', os.version: '6.3', java.version: '23.0.1'
Driver info: org.openqa.selenium.chrome.ChromeDriver
Capabilities {acceptInsecureCerts: false, browserName: chrome, browserVersion: 109.0.5414.168, chrome: {chromedriverVersion: 109.0.5414.74 (e7c5703604da..., userDataDir: C:\Users\user1\AppData\Loca...}, goog:chromeOptions: {debuggerAddress: localhost:55385}, networkConnectionEnabled: false, pageLoadStrategy: normal, platformName: windows, proxy: Proxy(), se:cdp: ws://localhost:55385/devtoo..., se:cdpVersion: 109.0.5414.168, setWindowRect: true, strictFileInteractability: false, timeouts: {implicit: 0, pageLoad: 300000, script: 30000}, unhandledPromptBehavior: dismiss and notify, webauthn:extension:credBlob: true, webauthn:extension:largeBlob: true, webauthn:virtualAuthenticators: true}
Session ID: 5b0839ca90ee443a486b5da8249061a1]]>
            </message>
            <full-stacktrace>
              <![CDATA[org.openqa.selenium.TimeoutException: Expected condition failed: waiting for visibility of all [[[[[ChromeDriver: chrome on windows (5b0839ca90ee443a486b5da8249061a1)] -> xpath: //form]] -> xpath: .//input], [[[[ChromeDriver: chrome on windows (5b0839ca90ee443a486b5da8249061a1)] -> xpath: //form]] -> xpath: .//input], [[[[ChromeDriver: chrome on windows (5b0839ca90ee443a486b5da8249061a1)] -> xpath: //form]] -> xpath: .//input], [[[[ChromeDriver: chrome on windows (5b0839ca90ee443a486b5da8249061a1)] -> xpath: //form]] -> xpath: .//input], [[[[ChromeDriver: chrome on windows (5b0839ca90ee443a486b5da8249061a1)] -> xpath: //form]] -> xpath: .//input], [[[[ChromeDriver: chrome on windows (5b0839ca90ee443a486b5da8249061a1)] -> xpath: //form]] -> xpath: .//input], [[[[ChromeDriver: chrome on windows (5b0839ca90ee443a486b5da8249061a1)] -> xpath: //form]] -> xpath: .//input]] (tried for 10 second(s) with 500 milliseconds interval)
Build info: version: '4.33.0', revision: '2c6aaad03a'
System info: os.name: 'Windows 8.1', os.arch: 'amd64', os.version: '6.3', java.version: '23.0.1'
Driver info: org.openqa.selenium.chrome.ChromeDriver
Capabilities {acceptInsecureCerts: false, browserName: chrome, browserVersion: 109.0.5414.168, chrome: {chromedriverVersion: 109.0.5414.74 (e7c5703604da..., userDataDir: C:\Users\user1\AppData\Loca...}, goog:chromeOptions: {debuggerAddress: localhost:55385}, networkConnectionEnabled: false, pageLoadStrategy: normal, platformName: windows, proxy: Proxy(), se:cdp: ws://localhost:55385/devtoo..., se:cdpVersion: 109.0.5414.168, setWindowRect: true, strictFileInteractability: false, timeouts: {implicit: 0, pageLoad: 300000, script: 30000}, unhandledPromptBehavior: dismiss and notify, webauthn:extension:credBlob: true, webauthn:extension:largeBlob: true, webauthn:virtualAuthenticators: true}
Session ID: 5b0839ca90ee443a486b5da8249061a1
at org.openqa.selenium.support.ui.WebDriverWait.timeoutException(WebDriverWait.java:84)
at org.openqa.selenium.support.ui.FluentWait.until(FluentWait.java:228)
at Repeatative_codes.Repeat.wait_for_theElement(Repeat.java:50)
at Locaters.Plaintiff_Locaters.inputs(Plaintiff_Locaters.java:115)
at Enterprise_Codeclouds.Project.Enterprise.User_Module.user_add(User_Module.java:37)
at java.base/jdk.internal.reflect.DirectMethodHandleAccessor.invoke(DirectMethodHandleAccessor.java:103)
at java.base/java.lang.reflect.Method.invoke(Method.java:580)
at org.testng.internal.invokers.MethodInvocationHelper.invokeMethod(MethodInvocationHelper.java:141)
at org.testng.internal.invokers.TestInvoker.invokeMethod(TestInvoker.java:687)
at org.testng.internal.invokers.TestInvoker.invokeTestMethod(TestInvoker.java:230)
at org.testng.internal.invokers.MethodRunner.runInSequence(MethodRunner.java:63)
at org.testng.internal.invokers.TestInvoker$MethodInvocationAgent.invoke(TestInvoker.java:995)
at org.testng.internal.invokers.TestInvoker.invokeTestMethods(TestInvoker.java:203)
at org.testng.internal.invokers.TestMethodWorker.invokeTestMethods(TestMethodWorker.java:154)
at org.testng.internal.invokers.TestMethodWorker.run(TestMethodWorker.java:134)
at java.base/java.util.ArrayList.forEach(ArrayList.java:1597)
at org.testng.TestRunner.privateRun(TestRunner.java:741)
at org.testng.TestRunner.run(TestRunner.java:616)
at org.testng.SuiteRunner.runTest(SuiteRunner.java:421)
at org.testng.SuiteRunner.runSequentially(SuiteRunner.java:413)
at org.testng.SuiteRunner.privateRun(SuiteRunner.java:373)
at org.testng.SuiteRunner.run(SuiteRunner.java:312)
at org.testng.SuiteRunnerWorker.runSuite(SuiteRunnerWorker.java:52)
at org.testng.SuiteRunnerWorker.run(SuiteRunnerWorker.java:95)
at org.testng.TestNG.runSuitesSequentially(TestNG.java:1274)
at org.testng.TestNG.runSuitesLocally(TestNG.java:1208)
at org.testng.TestNG.runSuites(TestNG.java:1112)
at org.testng.TestNG.run(TestNG.java:1079)
at org.testng.remote.AbstractRemoteTestNG.run(AbstractRemoteTestNG.java:115)
at org.testng.remote.RemoteTestNG.initAndRun(RemoteTestNG.java:293)
at org.testng.remote.RemoteTestNG.main(RemoteTestNG.java:91)
]]>
            </full-stacktrace>
          </exception> <!-- org.openqa.selenium.TimeoutException -->
          <reporter-output>
          </reporter-output>
        </test-method> <!-- user_add -->
        <test-method is-config="true" signature="Kill()[pri:0, instance:Enterprise_Codeclouds.Project.Enterprise.User_Module@8c3b9d]" started-at="2026-01-11T23:47:44 IST" name="Kill" finished-at="2026-01-11T23:47:45 IST" duration-ms="899" status="PASS">
          <reporter-output>
          </reporter-output>
        </test-method> <!-- Kill -->
      </class> <!-- Enterprise_Codeclouds.Project.Enterprise.User_Module -->
    </test> <!-- Default test -->
  </suite> <!-- Default suite -->
</testng-results>
