<?xml version="1.0" encoding="UTF-8"?>
<testng-results ignored="4" total="14" passed="9" failed="1" skipped="0">
  <reporter-output>
  </reporter-output>
  <suite started-at="2026-01-22T19:12:39 IST" name="Default suite" finished-at="2026-01-22T19:18:16 IST" duration-ms="336605">
    <groups>
    </groups>
    <test started-at="2026-01-22T19:12:39 IST" name="Default test" finished-at="2026-01-22T19:18:16 IST" duration-ms="336605">
      <class name="Enterprise_Codeclouds.Project.Enterprise.Case_Appplications">
        <test-method is-config="true" signature="setup()[pri:0, instance:Enterprise_Codeclouds.Project.Enterprise.Case_Appplications@fa4c865]" started-at="2026-01-22T19:12:39 IST" name="setup" finished-at="2026-01-22T19:12:41 IST" duration-ms="2310" status="PASS">
          <reporter-output>
          </reporter-output>
        </test-method> <!-- setup -->
        <test-method signature="Email_sender(java.util.TreeMap,java.util.TreeMap,java.util.TreeMap,java.util.TreeMap,java.util.TreeMap,java.util.TreeMap)[pri:0, instance:Enterprise_Codeclouds.Project.Enterprise.Case_Appplications@fa4c865]" started-at="2026-01-22T19:12:41 IST" name="Email_sender" data-provider="case_plus_plaintiff" finished-at="2026-01-22T19:13:15 IST" duration-ms="33943" status="PASS">
          <params>
            <param index="0">
              <value>
                <![CDATA[{Agreement Date=01/22/2026, Amount Received=4200, Application Status=In Review, Approved Amount=31000, Attorney Name=Attorney Calista Renner, Buyout Amount=19600, Buyout Expiry Date=01/22/2030, Buyout Funder Name=Juniper Vale Litigation Capital, Case #=521, Case Type=Premises Liability, Court Index Number=19CV-2403-PR-004921, Date of Incident=03/09/2024, Document prep fee=325, Fund transfer fee=120, Interest Start Date=01/22/2026, Law Firm Name=Pacific Meridian Trial Advocates LLP, Lead Source=Advertising, Notes / Remarks=Card payment received; confirm gateway transaction ID and prevent duplicate posting in payment log., Payer Name=Plaintiff N/A, Payment Date=01/22/2026, Payment Mode=Credit Card, Payment Type=Payment by Plaintiff, Rate of Return=44, Recommended Max Funding=31000, Requested Amount=73500, Risk Level=Moderate, SMS Message Body=We’re reviewing your premises liability file and verifying key records. Updates will follow soon. – Lumberjack Legal Finance, SMS Message Title=Premises File Under Review, State=California, Summary=Slip on freshly mopped tile with no wet-floor signage; wrist fracture and lost shifts alleged; incident report and surveillance request sent to property manager., Underwriting Notes=Confirm footage retention window, maintenance logs, and prior slip complaints. Verify medical causation timeline and wage loss proof. Conservative staging until video response and ownership verification., Underwriting Tag=Surveillance Request Sent}]]>
              </value>
            </param>
            <param index="1">
              <value>
                <![CDATA[{Address Line 1=510 L St, Suite 420, Address Line 2=Call upon arrival; do not leave unattended, City=Anchorage, Date of Birth=09/07/1988, Email=thessaly.kestermere4392@yopmail.com, First Name=Thessaly, Last Name=Kestermere, Middle Name=Ione, Name Suffix=Sr, Phone number=9073314392, Social Security Number=902-12-4392, State=Alaska, Zip code=99501}]]>
              </value>
            </param>
            <param index="2">
              <value>
                <![CDATA[{Email=attorney.zevoria.hawthorneux01@yopmail.com, First Name=Attorney Zevoria, Last Name=Hawthorneux, Middle Name=Calix, Name Suffix=II, Office phone=9776857301, Phone=9776849301}]]>
              </value>
            </param>
            <param index="3">
              <value>
                <![CDATA[{City=Wilmington, Name=VerdictForge Litigation Atelier, Phone=3024389017, State=Delaware, Street Address 1=919 N Market St, Brandywine Commerce Center, Main Lobby, Street Address 2=Suite 1204, Intake: Desk 3, Elevator Bank A, Zip code=19801}]]>
              </value>
            </param>
            <param index="4">
              <value>
                <![CDATA[{Staff Email=staff.nivaren.thornwick25@mailto.plus, Staff First Name=Staff Nivaren, Staff Last Name=Thornwick, Staff Middle Name=Calix, Staff Name Suffix=II, Staff Office phone=9718821460, Staff Phone=9716043825}]]>
              </value>
            </param>
            <param index="5">
              <value>
                <![CDATA[{Bcc=qa.auditdesk@yopmail.com, Cc=intake.coordinator@yopmail.com, Message=Hello,

Please upload the required documents at your earliest convenience so we can proceed without delay.

Thank you., Subject=Document Request - Please Upload Required Files, Template=None, To=marcelline.briarcliff1874@yopmail.com}]]>
              </value>
            </param>
          </params>
          <reporter-output>
          </reporter-output>
        </test-method> <!-- Email_sender -->
        <test-method is-config="true" signature="Kill()[pri:0, instance:Enterprise_Codeclouds.Project.Enterprise.Case_Appplications@fa4c865]" started-at="2026-01-22T19:13:15 IST" name="Kill" finished-at="2026-01-22T19:13:16 IST" duration-ms="348" status="PASS">
          <reporter-output>
          </reporter-output>
        </test-method> <!-- Kill -->
        <test-method is-config="true" signature="setup()[pri:0, instance:Enterprise_Codeclouds.Project.Enterprise.Case_Appplications@fa4c865]" started-at="2026-01-22T19:13:16 IST" name="setup" finished-at="2026-01-22T19:13:17 IST" duration-ms="892" status="PASS">
          <reporter-output>
          </reporter-output>
        </test-method> <!-- setup -->
        <test-method signature="Email_sender(java.util.TreeMap,java.util.TreeMap,java.util.TreeMap,java.util.TreeMap,java.util.TreeMap,java.util.TreeMap)[pri:0, instance:Enterprise_Codeclouds.Project.Enterprise.Case_Appplications@fa4c865]" started-at="2026-01-22T19:13:17 IST" name="Email_sender" data-provider="case_plus_plaintiff" finished-at="2026-01-22T19:13:51 IST" duration-ms="33880" status="PASS">
          <params>
            <param index="0">
              <value>
                <![CDATA[{Agreement Date=01/22/2026, Amount Received=8800, Application Status=Pending Docs, Approved Amount=24500, Attorney Name=Attorney Jareth Quinn, Buyout Amount=14800, Buyout Expiry Date=01/22/2030, Buyout Funder Name=Crownstone Settlement Finance, Case #=522, Case Type=Discrimination, Court Index Number=07CV-2311-DC-007113, Date of Incident=11/14/2023, Document prep fee=290, Fund transfer fee=105, Interest Start Date=01/22/2026, Law Firm Name=Lone Star Employment Rights Group, Lead Source=Attorney Referral, Notes / Remarks=Wire initiated by attorney office; attach remittance advice and reconcile with bank statement before posting., Payer Name=Attorney Jareth Quinn, Payment Date=01/22/2026, Payment Mode=Bank Transfer, Payment Type=Payment by Attorney, Rate of Return=41, Recommended Max Funding=24500, Requested Amount=59000, Risk Level=Moderate, SMS Message Body=We need a few additional documents to move your file forward. Please coordinate uploads with your attorney. – Lumberjack Legal Finance, SMS Message Title=Documents Needed, State=Texas, Summary=Disparate discipline and demotion alleged; written warnings conflict with performance metrics; administrative charge filed; wage loss and reputational impact claimed., Underwriting Notes=Validate charge status, protected class nexus, comparator evidence, and arbitration exposure. Focus on employer policies, HR files, and pay records. Stage funding pending charge/position statement., Underwriting Tag=Charge/Comparator Review}]]>
              </value>
            </param>
            <param index="1">
              <value>
                <![CDATA[{Address Line 1=40 N Central Ave, Suite 1900, Address Line 2=Front desk drop-off; include ref: PHX-INTAKE, City=Phoenix, Date of Birth=01/23/1991, Email=kaelis.orrenwick7725@yopmail.com, First Name=Kaelis, Last Name=Orrenwick, Middle Name=Rhydan, Name Suffix=II, Phone number=6024417725, Social Security Number=902-13-7725, State=Arizona, Zip code=85004}]]>
              </value>
            </param>
            <param index="2">
              <value>
                <![CDATA[{Email=attorney.bryneth.kestralwyn02@mailto.plus, First Name=Attorney Bryneth, Last Name=Kestralwyn, Middle Name=Solenne, Name Suffix=Jr, Office phone=9776857302, Phone=9776849302}]]>
              </value>
            </param>
            <param index="3">
              <value>
                <![CDATA[{City=Burlington, Name=NorthStar Docketworks, Phone=8026317742, State=Vermont, Street Address 1=100 Main St, Lakefront Professional Building, Street Entrance, Street Address 2=Floor 6, Suite 6B, Delivery: Reception Window, Zip code=05401}]]>
              </value>
            </param>
            <param index="4">
              <value>
                <![CDATA[{Staff Email=staff.mirelia.ashmont69@mailto.plus, Staff First Name=Staff Mirelia, Staff Last Name=Ashmont, Staff Middle Name=Solene, Staff Name Suffix=Jr, Staff Office phone=4159057341, Staff Phone=4157382069}]]>
              </value>
            </param>
            <param index="5">
              <value>
                <![CDATA[{Bcc=qa.auditdesk@yopmail.com, Cc=verification.team@yopmail.com, Message=Hello,

We need a quick verification to move forward. Please confirm the requested details when you are available.

Regards., Subject=Verification Needed to Continue Processing, Template=None, To=orwyn.schwerdtvale4541@yopmail.com}]]>
              </value>
            </param>
          </params>
          <reporter-output>
          </reporter-output>
        </test-method> <!-- Email_sender -->
        <test-method is-config="true" signature="Kill()[pri:0, instance:Enterprise_Codeclouds.Project.Enterprise.Case_Appplications@fa4c865]" started-at="2026-01-22T19:13:51 IST" name="Kill" finished-at="2026-01-22T19:13:51 IST" duration-ms="325" status="PASS">
          <reporter-output>
          </reporter-output>
        </test-method> <!-- Kill -->
        <test-method is-config="true" signature="setup()[pri:0, instance:Enterprise_Codeclouds.Project.Enterprise.Case_Appplications@fa4c865]" started-at="2026-01-22T19:13:51 IST" name="setup" finished-at="2026-01-22T19:13:52 IST" duration-ms="895" status="PASS">
          <reporter-output>
          </reporter-output>
        </test-method> <!-- setup -->
        <test-method signature="Email_sender(java.util.TreeMap,java.util.TreeMap,java.util.TreeMap,java.util.TreeMap,java.util.TreeMap,java.util.TreeMap)[pri:0, instance:Enterprise_Codeclouds.Project.Enterprise.Case_Appplications@fa4c865]" started-at="2026-01-22T19:13:52 IST" name="Email_sender" data-provider="case_plus_plaintiff" finished-at="2026-01-22T19:14:18 IST" duration-ms="26041" status="FAIL">
          <params>
            <param index="0">
              <value>
                <![CDATA[{Agreement Date=01/22/2026, Amount Received=19200, Application Status=In Review, Approved Amount=36000, Attorney Name=Attorney Selene Carroway, Buyout Amount=22400, Buyout Expiry Date=01/22/2030, Buyout Funder Name=Obsidian Harbor Funding Partners, Case #=523, Case Type=Breach of contract, Court Index Number=31CV-2307-BC-009405, Date of Incident=07/02/2023, Document prep fee=365, Fund transfer fee=135, Interest Start Date=01/22/2026, Law Firm Name=Tribeca Commercial Litigation Counsel, Lead Source=Broker, Notes / Remarks=Buyout payment via portal; verify receipt PDF and reference ID; match to ledger entry before closing prior funding., Payer Name=Northbridge Legal Buyout Co., Payment Date=01/22/2026, Payment Mode=Online Payment, Payment Type=Payment by Another Funder, Rate of Return=48, Recommended Max Funding=36000, Requested Amount=86000, Risk Level=Moderate-High, SMS Message Body=Your contract matter is in review while documents and pleadings are verified. – Lumberjack Legal Finance, SMS Message Title=Contract Matter In Review, State=New York, Summary=Vendor termination dispute; disputed deliverables and withheld milestone payment; claim includes replacement sourcing costs and downtime impacts; email chain shows acceptance milestones., Underwriting Notes=Confirm contract formation, change orders, acceptance criteria, and mitigation steps. Review counterclaims and collectability. Stage until pleadings filed and damages model documented., Underwriting Tag=Collectability Assessment}]]>
              </value>
            </param>
            <param index="1">
              <value>
                <![CDATA[{Address Line 1=108 W 2nd St, Suite 1500, Address Line 2=Security desk sign-in required; carry photo ID, City=Little Rock, Date of Birth=12/06/1993, Email=virelai.briarwyn9056@yopmail.com, First Name=Virelai, Last Name=Briarwyn, Middle Name=Sorenna, Name Suffix=Jr, Phone number=5017729056, Social Security Number=902-14-9056, State=Arkansas, Zip code=72201}]]>
              </value>
            </param>
            <param index="2">
              <value>
                <![CDATA[{Email=attorney.caedric.ravenmire03@mailto.plus, First Name=Attorney Caedric, Last Name=Ravenmire, Middle Name=Thalen, Name Suffix=III, Office phone=9776857303, Phone=9776849303}]]>
              </value>
            </param>
            <param index="3">
              <value>
                <![CDATA[{City=Portland, Name=Cascade Claimcraft Legal Studio, Phone=5032196804, State=Oregon, Street Address 1=111 SW 5th Ave, Pioneer District Office Arcade, Security Desk, Street Address 2=Suite 1740, Mail Stop OR-17, Signature Required, Zip code=97204}]]>
              </value>
            </param>
            <param index="4">
              <value>
                <![CDATA[{Staff Email=staff.corven.wetherby51@mailto.plus, Staff First Name=Staff Corven, Staff Last Name=Wetherby, Staff Middle Name=Bastien, Staff Name Suffix=III, Staff Office phone=6199041876, Staff Phone=6194027851}]]>
              </value>
            </param>
            <param index="5">
              <value>
                <![CDATA[{Bcc=qa.auditdesk@yopmail.com, Cc=case.updates@yopmail.com, Message=Hello,

This is an update regarding your case. Our team is reviewing the latest information and will share the next steps shortly.

Thanks., Subject=Case Update - Next Steps, Template=None, To=elviora.quenridge3402@yopmail.com}]]>
              </value>
            </param>
          </params>
          <exception class="java.lang.RuntimeException">
            <message>
              <![CDATA[Element list is null or empty. Check the locator or timing.]]>
            </message>
            <full-stacktrace>
              <![CDATA[java.lang.RuntimeException: Element list is null or empty. Check the locator or timing.
at Repeatative_codes.Repeat.wait_for_theElement(Repeat.java:47)
at Locaters.Application_Locaters.Case_tags(Application_Locaters.java:505)
at Enterprise_Codeclouds.Project.Enterprise.Case_Appplications.Email_sender(Case_Appplications.java:112)
at java.base/jdk.internal.reflect.DirectMethodHandleAccessor.invoke(DirectMethodHandleAccessor.java:103)
at java.base/java.lang.reflect.Method.invoke(Method.java:580)
at org.testng.internal.invokers.MethodInvocationHelper.invokeMethod(MethodInvocationHelper.java:141)
at org.testng.internal.invokers.TestInvoker.invokeMethod(TestInvoker.java:687)
at org.testng.internal.invokers.TestInvoker.invokeTestMethod(TestInvoker.java:230)
at org.testng.internal.invokers.MethodRunner.runInSequence(MethodRunner.java:63)
at org.testng.internal.invokers.TestInvoker$MethodInvocationAgent.invoke(TestInvoker.java:995)
at org.testng.internal.invokers.TestInvoker.invokeTestMethods(TestInvoker.java:203)
at org.testng.internal.invokers.TestMethodWorker.invokeTestMethods(TestMethodWorker.java:154)
at org.testng.internal.invokers.TestMethodWorker.run(TestMethodWorker.java:134)
at java.base/java.util.ArrayList.forEach(ArrayList.java:1596)
at org.testng.TestRunner.privateRun(TestRunner.java:741)
at org.testng.TestRunner.run(TestRunner.java:616)
at org.testng.SuiteRunner.runTest(SuiteRunner.java:421)
at org.testng.SuiteRunner.runSequentially(SuiteRunner.java:413)
at org.testng.SuiteRunner.privateRun(SuiteRunner.java:373)
at org.testng.SuiteRunner.run(SuiteRunner.java:312)
at org.testng.SuiteRunnerWorker.runSuite(SuiteRunnerWorker.java:52)
at org.testng.SuiteRunnerWorker.run(SuiteRunnerWorker.java:95)
at org.testng.TestNG.runSuitesSequentially(TestNG.java:1274)
at org.testng.TestNG.runSuitesLocally(TestNG.java:1208)
at org.testng.TestNG.runSuites(TestNG.java:1112)
at org.testng.TestNG.run(TestNG.java:1079)
at org.testng.remote.AbstractRemoteTestNG.run(AbstractRemoteTestNG.java:115)
at org.testng.remote.RemoteTestNG.initAndRun(RemoteTestNG.java:293)
at org.testng.remote.RemoteTestNG.main(RemoteTestNG.java:91)
]]>
            </full-stacktrace>
          </exception> <!-- java.lang.RuntimeException -->
          <reporter-output>
          </reporter-output>
        </test-method> <!-- Email_sender -->
        <test-method is-config="true" signature="Kill()[pri:0, instance:Enterprise_Codeclouds.Project.Enterprise.Case_Appplications@fa4c865]" started-at="2026-01-22T19:14:18 IST" name="Kill" finished-at="2026-01-22T19:14:18 IST" duration-ms="370" status="PASS">
          <reporter-output>
          </reporter-output>
        </test-method> <!-- Kill -->
        <test-method is-config="true" signature="setup()[pri:0, instance:Enterprise_Codeclouds.Project.Enterprise.Case_Appplications@fa4c865]" started-at="2026-01-22T19:14:18 IST" name="setup" finished-at="2026-01-22T19:14:19 IST" duration-ms="908" status="PASS">
          <reporter-output>
          </reporter-output>
        </test-method> <!-- setup -->
        <test-method signature="Email_sender(java.util.TreeMap,java.util.TreeMap,java.util.TreeMap,java.util.TreeMap,java.util.TreeMap,java.util.TreeMap)[pri:0, instance:Enterprise_Codeclouds.Project.Enterprise.Case_Appplications@fa4c865]" started-at="2026-01-22T19:14:19 IST" name="Email_sender" data-provider="case_plus_plaintiff" finished-at="2026-01-22T19:14:52 IST" duration-ms="33363" status="PASS">
          <params>
            <param index="0">
              <value>
                <![CDATA[{Agreement Date=01/22/2026, Amount Received=12400, Application Status=Approved, Approved Amount=9200, Attorney Name=Attorney Orion Vellum, Buyout Amount=5100, Buyout Expiry Date=01/22/2030, Buyout Funder Name=Seabright Plaintiff Capital, Case #=524, Case Type=Dog Bite, Court Index Number=11CV-2401-DB-006732, Date of Incident=01/28/2024, Document prep fee=215, Fund transfer fee=75, Interest Start Date=01/22/2026, Law Firm Name=Gulf Coast Injury Litigation Studio, Lead Source=Medical Provider, Notes / Remarks=Cheque received; log cheque number and hold posting until clearance as per finance policy., Payer Name=Sunline Casualty Underwriters, Payment Date=01/22/2026, Payment Mode=Cheque, Payment Type=Payment by Insurance Company, Rate of Return=33, Recommended Max Funding=9200, Requested Amount=21000, Risk Level=Low-Moderate, SMS Message Body=Your dog bite funding is approved. We’ll coordinate agreement review with your attorney. – Lumberjack Legal Finance, SMS Message Title=Approved, State=Florida, Summary=Dog bite with infection and follow-up antibiotics; photo documentation and urgent care notes provided; reported scarring and limited grip strength., Underwriting Notes=Confirm homeowner/renter coverage and liability limits, vaccination records, and prior incident history. Conservative valuation until healing outcome and scar assessment are stable., Underwriting Tag=Coverage Verification}]]>
              </value>
            </param>
            <param index="1">
              <value>
                <![CDATA[{Address Line 1=135 Main St, Suite 900, Address Line 2=Deliver to lobby concierge; signature required, City=San Francisco, Date of Birth=06/29/1990, Email=oberyn.quillenshaw3569@yopmail.com, First Name=Oberyn, Last Name=Quillenshaw, Middle Name=Tavian, Name Suffix=IV, Phone number=4158063569, Social Security Number=902-15-3569, State=California, Zip code=94105}]]>
              </value>
            </param>
            <param index="2">
              <value>
                <![CDATA[{Email=attorney.delvara.orinthvale04@mailto.plus, First Name=Attorney Delvara, Last Name=Orinthvale, Middle Name=Nerissa, Name Suffix=Sr, Office phone=9776857304, Phone=9776849304}]]>
              </value>
            </param>
            <param index="3">
              <value>
                <![CDATA[{City=Pittsburgh, Name=Keystone Dispute Lab, Phone=4127765409, State=Pennsylvania, Street Address 1=600 Grant St, Steel City Tower, Concourse Entry, Street Address 2=Suite 2109, Intake: Counter B, Visitor Badge Needed, Zip code=15219}]]>
              </value>
            </param>
            <param index="4">
              <value>
                <![CDATA[{Staff Email=staff.elowen.harrowdale74@mailto.plus, Staff First Name=Staff Elowen, Staff Last Name=Harrowdale, Staff Middle Name=Rhiannon, Staff Name Suffix=Sr, Staff Office phone=2069073518, Staff Phone=2065839174}]]>
              </value>
            </param>
            <param index="5">
              <value>
                <![CDATA[{Bcc=qa.auditdesk@yopmail.com, Cc=followups.desk@yopmail.com, Message=Hello,

This is a friendly reminder that an action is still pending. Please complete it so there is no delay in processing.

Thank you., Subject=Reminder - Pending Action Required, Template=None, To=tavryn.rookmere3403@yopmail.com}]]>
              </value>
            </param>
          </params>
          <reporter-output>
          </reporter-output>
        </test-method> <!-- Email_sender -->
        <test-method is-config="true" signature="Kill()[pri:0, instance:Enterprise_Codeclouds.Project.Enterprise.Case_Appplications@fa4c865]" started-at="2026-01-22T19:14:52 IST" name="Kill" finished-at="2026-01-22T19:14:53 IST" duration-ms="336" status="PASS">
          <reporter-output>
          </reporter-output>
        </test-method> <!-- Kill -->
        <test-method is-config="true" signature="setup()[pri:0, instance:Enterprise_Codeclouds.Project.Enterprise.Case_Appplications@fa4c865]" started-at="2026-01-22T19:14:53 IST" name="setup" finished-at="2026-01-22T19:14:54 IST" duration-ms="862" status="PASS">
          <reporter-output>
          </reporter-output>
        </test-method> <!-- setup -->
        <test-method signature="Email_sender(java.util.TreeMap,java.util.TreeMap,java.util.TreeMap,java.util.TreeMap,java.util.TreeMap,java.util.TreeMap)[pri:0, instance:Enterprise_Codeclouds.Project.Enterprise.Case_Appplications@fa4c865]" started-at="2026-01-22T19:14:54 IST" name="Email_sender" data-provider="case_plus_plaintiff" finished-at="2026-01-22T19:15:27 IST" duration-ms="32939" status="PASS">
          <params>
            <param index="0">
              <value>
                <![CDATA[{Agreement Date=01/22/2026, Amount Received=6400, Application Status=In Review, Approved Amount=19000, Attorney Name=Attorney Mireya Calder, Buyout Amount=11200, Buyout Expiry Date=01/22/2030, Buyout Funder Name=Verdant Peak Litigation Finance, Case #=525, Case Type=Employment Disputes, Court Index Number=05CV-2409-ED-003118, Date of Incident=09/18/2024, Document prep fee=275, Fund transfer fee=95, Interest Start Date=01/22/2026, Law Firm Name=Evergreen Workplace Rights Attorneys, Lead Source=Organic, Notes / Remarks=PIP payment received via bank transfer; reconcile remittance reference and ensure correct allocation., Payer Name=PIP Unit - Cascade Auto Indemnity, Payment Date=01/22/2026, Payment Mode=Bank Transfer, Payment Type=Payment by PIP, Rate of Return=39, Recommended Max Funding=19000, Requested Amount=45500, Risk Level=Moderate, SMS Message Body=Your employment dispute file is being reviewed while key records are verified. We’ll update you shortly. – Lumberjack Legal Finance, SMS Message Title=Employment File In Review, State=Washington, Summary=Retaliation alleged after reporting safety violations; termination reason conflicts with KPI history; wage loss claim supported by payroll records; settlement outreach initiated., Underwriting Notes=Verify protected activity dates, HR/OSHA report trail, mitigation attempts, and arbitration clauses. Stage until charge posture and employer response are reviewed., Underwriting Tag=Arbitration Clause Check}]]>
              </value>
            </param>
            <param index="1">
              <value>
                <![CDATA[{Address Line 1=1801 California St, Suite 2100, Address Line 2=Weekdays 10AM–4PM only; reception drop-off, City=Denver, Date of Birth=03/18/1989, Email=ysolde.sablethorn8143@yopmail.com, First Name=Ysolde, Last Name=Sablethorn, Middle Name=Blyria, Name Suffix=II, Phone number=3039478143, Social Security Number=902-16-8143, State=Colorado, Zip code=80202}]]>
              </value>
            </param>
            <param index="2">
              <value>
                <![CDATA[{Email=attorney.eryvon.thorncairn05@mailto.plus, First Name=Attorney Eryvon, Last Name=Thorncairn, Middle Name=Lucien, Name Suffix=IV, Office phone=9776857305, Phone=9776849305}]]>
              </value>
            </param>
            <param index="3">
              <value>
                <![CDATA[{City=Atlanta, Name=Peachtree Litigation Works, Phone=4049152638, State=Georgia, Street Address 1=191 Peachtree St NE, Midtown Commerce Annex, Main Lobby, Street Address 2=Floor 14, Suite 1402, Deliveries: Desk A, Zip code=30303}]]>
              </value>
            </param>
            <param index="4">
              <value>
                <![CDATA[{Staff Email=staff.tavion.kingsmere82@mailto.plus, Staff First Name=Staff Tavion, Staff Last Name=Kingsmere, Staff Middle Name=Lucien, Staff Name Suffix=IV, Staff Office phone=3039026657, Staff Phone=3037164082}]]>
              </value>
            </param>
            <param index="5">
              <value>
                <![CDATA[{Bcc=qa.auditdesk@yopmail.com, Cc=case.intake@yopmail.com, Message=Hello,

We require additional information to proceed. Please reply with the missing details or upload them through the portal.

Regards., Subject=Additional Details Required, Template=None, To=kezaria.briarhold3418@yopmail.com}]]>
              </value>
            </param>
          </params>
          <reporter-output>
          </reporter-output>
        </test-method> <!-- Email_sender -->
        <test-method is-config="true" signature="Kill()[pri:0, instance:Enterprise_Codeclouds.Project.Enterprise.Case_Appplications@fa4c865]" started-at="2026-01-22T19:15:27 IST" name="Kill" finished-at="2026-01-22T19:15:27 IST" duration-ms="378" status="PASS">
          <reporter-output>
          </reporter-output>
        </test-method> <!-- Kill -->
        <test-method is-config="true" signature="setup()[pri:0, instance:Enterprise_Codeclouds.Project.Enterprise.Case_Appplications@fa4c865]" started-at="2026-01-22T19:15:27 IST" name="setup" finished-at="2026-01-22T19:15:28 IST" duration-ms="968" status="PASS">
          <reporter-output>
          </reporter-output>
        </test-method> <!-- setup -->
        <test-method signature="Email_sender(java.util.TreeMap,java.util.TreeMap,java.util.TreeMap,java.util.TreeMap,java.util.TreeMap,java.util.TreeMap)[pri:0, instance:Enterprise_Codeclouds.Project.Enterprise.Case_Appplications@fa4c865]" started-at="2026-01-22T19:15:28 IST" name="Email_sender" data-provider="case_plus_plaintiff" finished-at="2026-01-22T19:16:00 IST" duration-ms="32376" status="PASS">
          <params>
            <param index="0">
              <value>
                <![CDATA[{Agreement Date=01/22/2026, Amount Received=5100, Application Status=Pending Docs, Approved Amount=12000, Attorney Name=Attorney Riven Hawthorne, Buyout Amount=7200, Buyout Expiry Date=01/22/2030, Buyout Funder Name=Ironleaf Recovery Capital, Case #=526, Case Type=Workers Compensation, Court Index Number=18WC-2310-WC-005804, Date of Incident=10/03/2023, Document prep fee=245, Fund transfer fee=85, Interest Start Date=01/22/2026, Law Firm Name=Buckeye Industrial Injury Counsel, Lead Source=Other, Notes / Remarks=Cash collected and receipted; attach receipt scan and compliance note for audit trail., Payer Name=Attorney Riven Hawthorne, Payment Date=01/22/2026, Payment Mode=Cash, Payment Type=Payment by Attorney, Rate of Return=36, Recommended Max Funding=12000, Requested Amount=29500, Risk Level=Moderate, SMS Message Body=We need additional records to complete underwriting for your workers comp file. – Lumberjack Legal Finance, SMS Message Title=Documents Needed, State=Ohio, Summary=Work comp claim for shoulder strain with surgery recommendation; IME dispute noted; wage replacement delays alleged; treatment records submitted., Underwriting Notes=Confirm acceptance vs denial posture, IME findings, MMI outlook, and lien/fee priorities. Keep funding conservative until carrier position stabilizes., Underwriting Tag=IME/Carrier Position}]]>
              </value>
            </param>
            <param index="1">
              <value>
                <![CDATA[{Address Line 1=280 Trumbull St, Suite 1400, Address Line 2=Leave with Reception A if door is closed, City=Hartford, Date of Birth=08/02/1994, Email=caiomar.hearthmire2478@yopmail.com, First Name=Caiomar, Last Name=Hearthmire, Middle Name=Ronan, Name Suffix=Sr, Phone number=2038892478, Social Security Number=902-17-2478, State=Connecticut, Zip code=06103}]]>
              </value>
            </param>
            <param index="2">
              <value>
                <![CDATA[{Email=attorney.faelinne.sableford06@mailto.plus, First Name=Attorney Faelinne, Last Name=Sableford, Middle Name=Junora, Name Suffix=II, Office phone=9776857306, Phone=9776849306}]]>
              </value>
            </param>
            <param index="3">
              <value>
                <![CDATA[{City=Baltimore, Name=HarborLedger Trial Office, Phone=4106821570, State=Maryland, Street Address 1=10 Light St, Inner Harbor Business Tower, West Entrance, Street Address 2=Suite 1806, Intake: Room 18C, Package Scan at Security, Zip code=21202}]]>
              </value>
            </param>
            <param index="4">
              <value>
                <![CDATA[{Staff Email=staff.kaelina.briarholt47@mailto.plus, Staff First Name=Staff Kaelina, Staff Last Name=Briarholt, Staff Middle Name=Odette, Staff Name Suffix=II, Staff Office phone=5129043716, Staff Phone=5126398047}]]>
              </value>
            </param>
            <param index="5">
              <value>
                <![CDATA[{Bcc=qa.auditdesk@yopmail.com, Cc=scheduling.desk@yopmail.com, Message=Hello,

We would like to schedule a short call to discuss next steps. Please share your preferred time window.

Thank you., Subject=Call Request - Please Share Availability, Template=None, To=ronivar.lindenmark3411@yopmail.com}]]>
              </value>
            </param>
          </params>
          <reporter-output>
          </reporter-output>
        </test-method> <!-- Email_sender -->
        <test-method is-config="true" signature="Kill()[pri:0, instance:Enterprise_Codeclouds.Project.Enterprise.Case_Appplications@fa4c865]" started-at="2026-01-22T19:16:00 IST" name="Kill" finished-at="2026-01-22T19:16:01 IST" duration-ms="334" status="PASS">
          <reporter-output>
          </reporter-output>
        </test-method> <!-- Kill -->
        <test-method is-config="true" signature="setup()[pri:0, instance:Enterprise_Codeclouds.Project.Enterprise.Case_Appplications@fa4c865]" started-at="2026-01-22T19:16:01 IST" name="setup" finished-at="2026-01-22T19:16:02 IST" duration-ms="873" status="PASS">
          <reporter-output>
          </reporter-output>
        </test-method> <!-- setup -->
        <test-method signature="Email_sender(java.util.TreeMap,java.util.TreeMap,java.util.TreeMap,java.util.TreeMap,java.util.TreeMap,java.util.TreeMap)[pri:0, instance:Enterprise_Codeclouds.Project.Enterprise.Case_Appplications@fa4c865]" started-at="2026-01-22T19:16:02 IST" name="Email_sender" data-provider="case_plus_plaintiff" finished-at="2026-01-22T19:16:34 IST" duration-ms="32389" status="PASS">
          <params>
            <param index="0">
              <value>
                <![CDATA[{Agreement Date=01/22/2026, Amount Received=17800, Application Status=Approved, Approved Amount=21000, Attorney Name=Attorney Elowen Sable, Buyout Amount=12900, Buyout Expiry Date=01/22/2030, Buyout Funder Name=Stonegate Plaintiff Funding, Case #=527, Case Type=Negligence, Court Index Number=02CV-2404-NG-008219, Date of Incident=04/12/2024, Document prep fee=285, Fund transfer fee=100, Interest Start Date=01/22/2026, Law Firm Name=Front Range Litigation Partners, Lead Source=Broker, Notes / Remarks=Insurance payment received via portal; attach remittance and confirm final vs partial before closing ledger., Payer Name=Alpine Ridge Commercial Insurance, Payment Date=01/22/2026, Payment Mode=Online Payment, Payment Type=Payment by Insurance Company, Rate of Return=40, Recommended Max Funding=21000, Requested Amount=51500, Risk Level=Moderate, SMS Message Body=Your negligence funding is approved. We’ll coordinate agreement review with your attorney. – Lumberjack Legal Finance, SMS Message Title=Approved, State=Colorado, Summary=Construction zone signage dispute; pedestrian tripped over unmarked cable ramp; knee injury with PT; photos and witness contact info provided., Underwriting Notes=Confirm contractor scope, permits, and traffic control plan. Evidence strength depends on consistent photos/time stamps and witness statements. Stage until incident report and coverage confirmation., Underwriting Tag=Permit/Plan Review}]]>
              </value>
            </param>
            <param index="1">
              <value>
                <![CDATA[{Address Line 1=1209 Orange St, Suite 600, Address Line 2=Visitor badge required; check in at lobby kiosk, City=Wilmington, Date of Birth=02/27/1991, Email=serephina.wrenhollow5304@yopmail.com, First Name=Serephina, Last Name=Wrenhollow, Middle Name=Livren, Name Suffix=III, Phone number=3024145304, Social Security Number=902-18-5304, State=Delaware, Zip code=19801}]]>
              </value>
            </param>
            <param index="2">
              <value>
                <![CDATA[{Email=attorney.galvren.myridale07@mailto.plus, First Name=Attorney Galvren, Last Name=Myridale, Middle Name=Kestian, Name Suffix=Jr, Office phone=9776857307, Phone=9776849307}]]>
              </value>
            </param>
            <param index="3">
              <value>
                <![CDATA[{City=Worcester, Name=BayState Casebuilders, Phone=5084339261, State=Massachusetts, Street Address 1=255 Park Ave, Downtown Professional Row, Main Desk, Street Address 2=Suite 901, Mail Stop MA-09, Leave with Reception, Zip code=01609}]]>
              </value>
            </param>
            <param index="4">
              <value>
                <![CDATA[{Staff Email=staff.rovenna.quarryn96@mailto.plus, Staff First Name=Staff Rovenna, Staff Last Name=Quarryn, Staff Middle Name=Marin, Staff Name Suffix=Jr, Staff Office phone=7049062841, Staff Phone=7045831096}]]>
              </value>
            </param>
            <param index="5">
              <value>
                <![CDATA[{Bcc=qa.auditdesk@yopmail.com, Cc=records.desk@yopmail.com, Message=Hello,

This confirms your recent update has been recorded successfully. No further action is required at this moment.

Regards., Subject=Confirmation - Update Recorded Successfully, Template=None, To=aurelian.merriswold3412@yopmail.com}]]>
              </value>
            </param>
          </params>
          <reporter-output>
          </reporter-output>
        </test-method> <!-- Email_sender -->
        <test-method is-config="true" signature="Kill()[pri:0, instance:Enterprise_Codeclouds.Project.Enterprise.Case_Appplications@fa4c865]" started-at="2026-01-22T19:16:34 IST" name="Kill" finished-at="2026-01-22T19:16:34 IST" duration-ms="340" status="PASS">
          <reporter-output>
          </reporter-output>
        </test-method> <!-- Kill -->
        <test-method is-config="true" signature="setup()[pri:0, instance:Enterprise_Codeclouds.Project.Enterprise.Case_Appplications@fa4c865]" started-at="2026-01-22T19:16:34 IST" name="setup" finished-at="2026-01-22T19:16:35 IST" duration-ms="920" status="PASS">
          <reporter-output>
          </reporter-output>
        </test-method> <!-- setup -->
        <test-method signature="Email_sender(java.util.TreeMap,java.util.TreeMap,java.util.TreeMap,java.util.TreeMap,java.util.TreeMap,java.util.TreeMap)[pri:0, instance:Enterprise_Codeclouds.Project.Enterprise.Case_Appplications@fa4c865]" started-at="2026-01-22T19:16:35 IST" name="Email_sender" data-provider="case_plus_plaintiff" finished-at="2026-01-22T19:17:07 IST" duration-ms="32253" status="PASS">
          <params>
            <param index="0">
              <value>
                <![CDATA[{Agreement Date=01/22/2026, Amount Received=0, Application Status=In Review, Approved Amount=14500, Attorney Name=Attorney Cassian Brook, Buyout Amount=8200, Buyout Expiry Date=01/22/2030, Buyout Funder Name=Harborglint Legal Finance, Case #=528, Case Type=Property Damage, Court Index Number=09CV-2402-PD-001668, Date of Incident=02/02/2024, Document prep fee=255, Fund transfer fee=90, Interest Start Date=01/22/2026, Law Firm Name=Peachtree Claims & Coverage Counsel, Lead Source=Organic, Notes / Remarks=Deal marked lost; no payment collected; retain record for reconciliation and audit clarity., Payer Name=N/A - Lost Deal, Payment Date=01/22/2026, Payment Mode=Credit Card, Payment Type=Lost Deal, Rate of Return=37, Recommended Max Funding=14500, Requested Amount=34000, Risk Level=Moderate, SMS Message Body=We’re reviewing your property damage file and validating supporting documents. – Lumberjack Legal Finance, SMS Message Title=Property Claim In Review, State=Georgia, Summary=Water intrusion following HVAC condensate line failure; mold remediation claim and temporary lodging invoices submitted; adjuster photos attached., Underwriting Notes=Confirm repair timeline, mitigation steps, and coverage exclusions. Funding contingent on documented chronology and contractor bids., Underwriting Tag=Mitigation Timeline}]]>
              </value>
            </param>
            <param index="1">
              <value>
                <![CDATA[{Address Line 1=333 SE 2nd Ave, Suite 2000, Address Line 2=Concierge only; call on arrival for access, City=Miami, Date of Birth=11/09/1988, Email=nimue.crownfen6921@yopmail.com, First Name=Nimue, Last Name=Crownfen, Middle Name=Asha, Name Suffix=Jr, Phone number=7862256921, Social Security Number=902-19-6921, State=Florida, Zip code=33130}]]>
              </value>
            </param>
            <param index="2">
              <value>
                <![CDATA[{Email=attorney.heliara.wexenhall08@mailto.plus, First Name=Attorney Heliara, Last Name=Wexenhall, Middle Name=Sylven, Name Suffix=III, Office phone=9776857308, Phone=9776849308}]]>
              </value>
            </param>
            <param index="3">
              <value>
                <![CDATA[{City=Minneapolis, Name=MillCity Docket Foundry, Phone=6125078436, State=Minnesota, Street Address 1=120 S 6th St, Skyway Commerce Plaza, North Lobby, Street Address 2=Suite 2405, Intake: Desk 2, Elevator Bank C, Zip code=55402}]]>
              </value>
            </param>
            <param index="4">
              <value>
                <![CDATA[{Staff Email=staff.doriane.valewood83@mailto.plus, Staff First Name=Staff Doriane, Staff Last Name=Valewood, Staff Middle Name=Noemi, Staff Name Suffix=III, Staff Office phone=6179054172, Staff Phone=6174029683}]]>
              </value>
            </param>
            <param index="5">
              <value>
                <![CDATA[{Bcc=qa.auditdesk@yopmail.com, Cc=quality.check@yopmail.com, Message=Hello,

We noticed an issue with the submitted information. Please review and correct it so we can continue processing.

Thanks., Subject=Issue Found - Please Review Submitted Information, Template=None, To=naviren.hearthwyn3414@yopmail.com}]]>
              </value>
            </param>
          </params>
          <reporter-output>
          </reporter-output>
        </test-method> <!-- Email_sender -->
        <test-method is-config="true" signature="Kill()[pri:0, instance:Enterprise_Codeclouds.Project.Enterprise.Case_Appplications@fa4c865]" started-at="2026-01-22T19:17:07 IST" name="Kill" finished-at="2026-01-22T19:17:08 IST" duration-ms="314" status="PASS">
          <reporter-output>
          </reporter-output>
        </test-method> <!-- Kill -->
        <test-method is-config="true" signature="setup()[pri:0, instance:Enterprise_Codeclouds.Project.Enterprise.Case_Appplications@fa4c865]" started-at="2026-01-22T19:17:08 IST" name="setup" finished-at="2026-01-22T19:17:09 IST" duration-ms="880" status="PASS">
          <reporter-output>
          </reporter-output>
        </test-method> <!-- setup -->
        <test-method signature="Email_sender(java.util.TreeMap,java.util.TreeMap,java.util.TreeMap,java.util.TreeMap,java.util.TreeMap,java.util.TreeMap)[pri:0, instance:Enterprise_Codeclouds.Project.Enterprise.Case_Appplications@fa4c865]" started-at="2026-01-22T19:17:09 IST" name="Email_sender" data-provider="case_plus_plaintiff" finished-at="2026-01-22T19:17:42 IST" duration-ms="33144" status="PASS">
          <params>
            <param index="0">
              <value>
                <![CDATA[{Agreement Date=01/22/2026, Amount Received=14200, Application Status=Approved, Approved Amount=19500, Attorney Name=Attorney Dorian Vance, Buyout Amount=10800, Buyout Expiry Date=01/22/2030, Buyout Funder Name=Kestrel Point Litigation Capital, Case #=529, Case Type=Wrongful Arrest, Court Index Number=13CV-2405-WA-002744, Date of Incident=05/26/2024, Document prep fee=270, Fund transfer fee=95, Interest Start Date=01/22/2026, Law Firm Name=Desert Horizon Civil Rights Counsel, Lead Source=Advertising, Notes / Remarks=Cheque received from attorney office; log cheque number and post after clearance., Payer Name=Attorney Dorian Vance, Payment Date=01/22/2026, Payment Mode=Cheque, Payment Type=Payment by Attorney, Rate of Return=38, Recommended Max Funding=19500, Requested Amount=48000, Risk Level=Moderate, SMS Message Body=Your wrongful arrest funding is approved. We’ll coordinate agreement review with your attorney. – Lumberjack Legal Finance, SMS Message Title=Funding Approved, State=Arizona, Summary=Mistaken identity arrest after license-plate mismatch; overnight detention; missed work and reputational harm alleged; dismissal paperwork referenced., Underwriting Notes=Confirm dismissal disposition, arrest report narrative, and any station video. Damages improved with payroll proof and documented counseling. Evaluate notice deadlines and immunity defenses., Underwriting Tag=Disposition Confirmed}]]>
              </value>
            </param>
            <param index="1">
              <value>
                <![CDATA[{Address Line 1=55 Ivan Allen Jr Blvd NW, Suite 900, Address Line 2=Front desk drop-off only; mark Attn: Intake, City=Atlanta, Date of Birth=05/16/1992, Email=tenzaro.ashkerrin7810@yopmail.com, First Name=Tenzaro, Last Name=Ashkerrin, Middle Name=Pema, Name Suffix=IV, Phone number=4046927810, Social Security Number=902-20-7810, State=Georgia, Zip code=30303}]]>
              </value>
            </param>
            <param index="2">
              <value>
                <![CDATA[{Email=attorney.iskariel.crownfel09@mailto.plus, First Name=Attorney Iskariel, Last Name=Crownfel, Middle Name=Vespera, Name Suffix=Sr, Office phone=9776857309, Phone=9776849309}]]>
              </value>
            </param>
            <param index="3">
              <value>
                <![CDATA[{City=St. Louis, Name=Gateway Pleading House, Phone=3147905524, State=Missouri, Street Address 1=1 S Memorial Dr, Arch District Office Tower, Main Lobby, Street Address 2=Floor 16, Suite 1608, Deliveries: Weekdays Only, Zip code=63102}]]>
              </value>
            </param>
            <param index="4">
              <value>
                <![CDATA[{Staff Email=staff.erynden.stormley29@mailto.plus, Staff First Name=Staff Erynden, Staff Last Name=Stormley, Staff Middle Name=Pascal, Staff Name Suffix=Sr, Staff Office phone=4169072638, Staff Phone=4167385129}]]>
              </value>
            </param>
            <param index="5">
              <value>
                <![CDATA[{Bcc=qa.auditdesk@yopmail.com, Cc=doc.review@yopmail.com, Message=Hello,

We have completed the initial document review. If you have any additional files to submit, please upload them now.

Thank you., Subject=Document Review Completed - Awaiting Next Input, Template=None, To=meador.glenvarn3415@yopmail.com}]]>
              </value>
            </param>
          </params>
          <reporter-output>
          </reporter-output>
        </test-method> <!-- Email_sender -->
        <test-method is-config="true" signature="Kill()[pri:0, instance:Enterprise_Codeclouds.Project.Enterprise.Case_Appplications@fa4c865]" started-at="2026-01-22T19:17:42 IST" name="Kill" finished-at="2026-01-22T19:17:42 IST" duration-ms="329" status="PASS">
          <reporter-output>
          </reporter-output>
        </test-method> <!-- Kill -->
        <test-method is-config="true" signature="setup()[pri:0, instance:Enterprise_Codeclouds.Project.Enterprise.Case_Appplications@fa4c865]" started-at="2026-01-22T19:17:42 IST" name="setup" finished-at="2026-01-22T19:17:43 IST" duration-ms="868" status="PASS">
          <reporter-output>
          </reporter-output>
        </test-method> <!-- setup -->
        <test-method signature="Email_sender(java.util.TreeMap,java.util.TreeMap,java.util.TreeMap,java.util.TreeMap,java.util.TreeMap,java.util.TreeMap)[pri:0, instance:Enterprise_Codeclouds.Project.Enterprise.Case_Appplications@fa4c865]" started-at="2026-01-22T19:17:43 IST" name="Email_sender" data-provider="case_plus_plaintiff" finished-at="2026-01-22T19:18:15 IST" duration-ms="32349" status="PASS">
          <params>
            <param index="0">
              <value>
                <![CDATA[{Agreement Date=01/22/2026, Amount Received=2200, Application Status=Pending Docs, Approved Amount=9800, Attorney Name=Attorney Mirek Solace, Buyout Amount=5600, Buyout Expiry Date=01/22/2030, Buyout Funder Name=Blue Lantern Funding Co., Case #=530, Case Type=Unpaid Wages, Court Index Number=17CV-2312-UW-001902, Date of Incident=12/05/2023, Document prep fee=225, Fund transfer fee=75, Interest Start Date=01/22/2026, Law Firm Name=Keystone Wage & Hour Advocates, Lead Source=Other, Notes / Remarks=Cash received; generate receipt and attach scanned copy; verify permissible method per policy., Payer Name=Plaintiff N/A, Payment Date=01/22/2026, Payment Mode=Cash, Payment Type=Payment by Plaintiff, Rate of Return=34, Recommended Max Funding=9800, Requested Amount=24000, Risk Level=Low-Moderate, SMS Message Body=We need additional payroll/schedule documents to complete underwriting. – Lumberjack Legal Finance, SMS Message Title=Documents Needed, State=Pennsylvania, Summary=Overtime and shift differential allegedly withheld across multiple pay periods; time clock edits suspected; paystubs and schedules conflict., Underwriting Notes=Confirm arbitration/class waiver, payroll integrity, and defenses. Conservative funding until early discovery clarifies timekeeping practices., Underwriting Tag=Payroll Reconciliation}]]>
              </value>
            </param>
            <param index="1">
              <value>
                <![CDATA[{Address Line 1=129 Aspinall Ave, Suite 405, Address Line 2=Deliveries 10AM–4PM only; signature required, City=Hagåtña, Date of Birth=10/12/1989, Email=leocadra.stoneglaive6442@yopmail.com, First Name=Leocadra, Last Name=Stoneglaive, Middle Name=Rue, Name Suffix=II, Phone number=6717746442, Social Security Number=902-21-6442, State=Guam, Zip code=96910}]]>
              </value>
            </param>
            <param index="2">
              <value>
                <![CDATA[{Email=attorney.jorvane.zephyrmont10@mailto.plus, First Name=Attorney Jorvane, Last Name=Zephyrmont, Middle Name=Rheolan, Name Suffix=IV, Office phone=9776857310, Phone=9776849310}]]>
              </value>
            </param>
            <param index="3">
              <value>
                <![CDATA[{City=Wichita, Name=PrairieMotion Claims Studio, Phone=3166881049, State=Kansas, Street Address 1=100 N Broadway St, Old Town Commerce Block, East Entrance, Street Address 2=Suite 705, Intake: Window 1, Visitor Parking Level 2, Zip code=67202}]]>
              </value>
            </param>
            <param index="4">
              <value>
                <![CDATA[{Staff Email=staff.selvara.montclair74@mailto.plus, Staff First Name=Staff Selvara, Staff Last Name=Montclair, Staff Middle Name=Giselle, Staff Name Suffix=IV, Staff Office phone=5149027415, Staff Phone=5146093874}]]>
              </value>
            </param>
            <param index="5">
              <value>
                <![CDATA[{Bcc=qa.auditdesk@yopmail.com, Cc=escalations.desk@yopmail.com, Message=Hello,

We are unable to proceed without the pending details. Please respond or upload the required information to avoid delays.

Regards., Subject=Final Reminder - Response Needed to Avoid Delay, Template=None, To=tenzaro.rivenshore3419@yopmail.com}]]>
              </value>
            </param>
          </params>
          <reporter-output>
          </reporter-output>
        </test-method> <!-- Email_sender -->
        <test-method is-config="true" signature="Kill()[pri:0, instance:Enterprise_Codeclouds.Project.Enterprise.Case_Appplications@fa4c865]" started-at="2026-01-22T19:18:15 IST" name="Kill" finished-at="2026-01-22T19:18:16 IST" duration-ms="341" status="PASS">
          <reporter-output>
          </reporter-output>
        </test-method> <!-- Kill -->
      </class> <!-- Enterprise_Codeclouds.Project.Enterprise.Case_Appplications -->
    </test> <!-- Default test -->
  </suite> <!-- Default suite -->
</testng-results>
