<?xml version="1.0" encoding="UTF-8"?>
<testng-results ignored="6" total="25" passed="17" failed="2" skipped="0">
  <reporter-output>
  </reporter-output>
  <suite started-at="2026-01-24T20:52:03 IST" name="Default suite" finished-at="2026-01-24T21:00:39 IST" duration-ms="515811">
    <groups>
    </groups>
    <test started-at="2026-01-24T20:52:03 IST" name="Default test" finished-at="2026-01-24T21:00:39 IST" duration-ms="515811">
      <class name="Enterprise_Codeclouds.Project.Enterprise.Plaintiff_Module">
        <test-method is-config="true" signature="setup()[pri:0, instance:Enterprise_Codeclouds.Project.Enterprise.Plaintiff_Module@2d2ffcb7]" started-at="2026-01-24T20:52:03 IST" name="setup" finished-at="2026-01-24T20:52:11 IST" duration-ms="7402" status="PASS">
          <reporter-output>
          </reporter-output>
        </test-method> <!-- setup -->
        <test-method signature="Plaintiff_edit_in_case(java.util.TreeMap,java.util.TreeMap)[pri:0, instance:Enterprise_Codeclouds.Project.Enterprise.Plaintiff_Module@2d2ffcb7]" started-at="2026-01-24T20:52:11 IST" name="Plaintiff_edit_in_case" data-provider="Plaintiff_Add_Edit_Combined_data" finished-at="2026-01-24T20:52:35 IST" duration-ms="24224" status="PASS">
          <params>
            <param index="0">
              <value>
                <![CDATA[{Address Line 1=510 L St, Suite 420, Address Line 2=Call upon arrival; do not leave unattended, City=Anchorage, Date of Birth=09/07/1988, Email=thessaly.kestermere4392@yopmail.com, First Name=Thessaly, Last Name=Kestermere, Middle Name=Ione, Name Suffix=Sr, Phone number=9073314392, Social Security Number=902-12-4392, State=Alaska, Zip code=99501}]]>
              </value>
            </param>
            <param index="1">
              <value>
                <![CDATA[{Address Line 1=1801 5th Ave N, Address Line 2=Suite 710, City=Birmingham, Date of Birth=03/09/1991, Email=vaelora.thorncairn8716@yopmail.com, First Name=Vaelora, Last Name=Thorncairn, Middle Name=Nymer, Name Suffix=II, Phone number=2058368716, Social Security Number=903-11-8716, State=Alabama, Zip code=35203}]]>
              </value>
            </param>
          </params>
          <reporter-output>
          </reporter-output>
        </test-method> <!-- Plaintiff_edit_in_case -->
        <test-method is-config="true" signature="Kill()[pri:0, instance:Enterprise_Codeclouds.Project.Enterprise.Plaintiff_Module@2d2ffcb7]" started-at="2026-01-24T20:52:35 IST" name="Kill" finished-at="2026-01-24T20:52:39 IST" duration-ms="3655" status="PASS">
          <reporter-output>
          </reporter-output>
        </test-method> <!-- Kill -->
        <test-method is-config="true" signature="setup()[pri:0, instance:Enterprise_Codeclouds.Project.Enterprise.Plaintiff_Module@2d2ffcb7]" started-at="2026-01-24T20:52:39 IST" name="setup" finished-at="2026-01-24T20:52:42 IST" duration-ms="3582" status="PASS">
          <reporter-output>
          </reporter-output>
        </test-method> <!-- setup -->
        <test-method signature="Plaintiff_edit_in_case(java.util.TreeMap,java.util.TreeMap)[pri:0, instance:Enterprise_Codeclouds.Project.Enterprise.Plaintiff_Module@2d2ffcb7]" started-at="2026-01-24T20:52:42 IST" name="Plaintiff_edit_in_case" data-provider="Plaintiff_Add_Edit_Combined_data" finished-at="2026-01-24T20:53:07 IST" duration-ms="24275" status="PASS">
          <params>
            <param index="0">
              <value>
                <![CDATA[{Address Line 1=40 N Central Ave, Suite 1900, Address Line 2=Front desk drop-off; include ref: PHX-INTAKE, City=Phoenix, Date of Birth=01/23/1991, Email=kaelis.orrenwick7725@yopmail.com, First Name=Kaelis, Last Name=Orrenwick, Middle Name=Rhydan, Name Suffix=II, Phone number=6024417725, Social Security Number=902-13-7725, State=Arizona, Zip code=85004}]]>
              </value>
            </param>
            <param index="1">
              <value>
                <![CDATA[{Address Line 1=701 W 8th Ave, Address Line 2=Apt 4B, City=Anchorage, Date of Birth=08/27/1988, Email=orinthia.foxmere4429@yopmail.com, First Name=Orinthia, Last Name=Foxmere, Middle Name=Veyra, Name Suffix=Sr, Phone number=9074684429, Social Security Number=903-12-4429, State=Alaska, Zip code=99501}]]>
              </value>
            </param>
          </params>
          <reporter-output>
          </reporter-output>
        </test-method> <!-- Plaintiff_edit_in_case -->
        <test-method is-config="true" signature="Kill()[pri:0, instance:Enterprise_Codeclouds.Project.Enterprise.Plaintiff_Module@2d2ffcb7]" started-at="2026-01-24T20:53:07 IST" name="Kill" finished-at="2026-01-24T20:53:10 IST" duration-ms="3201" status="PASS">
          <reporter-output>
          </reporter-output>
        </test-method> <!-- Kill -->
        <test-method is-config="true" signature="setup()[pri:0, instance:Enterprise_Codeclouds.Project.Enterprise.Plaintiff_Module@2d2ffcb7]" started-at="2026-01-24T20:53:10 IST" name="setup" finished-at="2026-01-24T20:53:12 IST" duration-ms="1981" status="PASS">
          <reporter-output>
          </reporter-output>
        </test-method> <!-- setup -->
        <test-method signature="Plaintiff_edit_in_case(java.util.TreeMap,java.util.TreeMap)[pri:0, instance:Enterprise_Codeclouds.Project.Enterprise.Plaintiff_Module@2d2ffcb7]" started-at="2026-01-24T20:53:12 IST" name="Plaintiff_edit_in_case" data-provider="Plaintiff_Add_Edit_Combined_data" finished-at="2026-01-24T20:53:35 IST" duration-ms="22799" status="PASS">
          <params>
            <param index="0">
              <value>
                <![CDATA[{Address Line 1=108 W 2nd St, Suite 1500, Address Line 2=Security desk sign-in required; carry photo ID, City=Little Rock, Date of Birth=12/06/1993, Email=virelai.briarwyn9056@yopmail.com, First Name=Virelai, Last Name=Briarwyn, Middle Name=Sorenna, Name Suffix=Jr, Phone number=5017729056, Social Security Number=902-14-9056, State=Arkansas, Zip code=72201}]]>
              </value>
            </param>
            <param index="1">
              <value>
                <![CDATA[{Address Line 1=2 N Central Ave, Address Line 2=Floor 18, City=Phoenix, Date of Birth=11/12/1992, Email=thalvren.rivenhart9068@yopmail.com, First Name=Thalvren, Last Name=Rivenhart, Middle Name=Eamon, Name Suffix=III, Phone number=4807199068, Social Security Number=903-13-9068, State=Arizona, Zip code=85004}]]>
              </value>
            </param>
          </params>
          <reporter-output>
          </reporter-output>
        </test-method> <!-- Plaintiff_edit_in_case -->
        <test-method is-config="true" signature="Kill()[pri:0, instance:Enterprise_Codeclouds.Project.Enterprise.Plaintiff_Module@2d2ffcb7]" started-at="2026-01-24T20:53:35 IST" name="Kill" finished-at="2026-01-24T20:53:42 IST" duration-ms="7654" status="PASS">
          <reporter-output>
          </reporter-output>
        </test-method> <!-- Kill -->
        <test-method is-config="true" signature="setup()[pri:0, instance:Enterprise_Codeclouds.Project.Enterprise.Plaintiff_Module@2d2ffcb7]" started-at="2026-01-24T20:53:42 IST" name="setup" finished-at="2026-01-24T20:53:47 IST" duration-ms="4329" status="PASS">
          <reporter-output>
          </reporter-output>
        </test-method> <!-- setup -->
        <test-method signature="Plaintiff_edit_in_case(java.util.TreeMap,java.util.TreeMap)[pri:0, instance:Enterprise_Codeclouds.Project.Enterprise.Plaintiff_Module@2d2ffcb7]" started-at="2026-01-24T20:53:47 IST" name="Plaintiff_edit_in_case" data-provider="Plaintiff_Add_Edit_Combined_data" finished-at="2026-01-24T20:54:10 IST" duration-ms="23094" status="PASS">
          <params>
            <param index="0">
              <value>
                <![CDATA[{Address Line 1=135 Main St, Suite 900, Address Line 2=Deliver to lobby concierge; signature required, City=San Francisco, Date of Birth=06/29/1990, Email=oberyn.quillenshaw3569@yopmail.com, First Name=Oberyn, Last Name=Quillenshaw, Middle Name=Tavian, Name Suffix=IV, Phone number=4158063569, Social Security Number=902-15-3569, State=California, Zip code=94105}]]>
              </value>
            </param>
            <param index="1">
              <value>
                <![CDATA[{Address Line 1=425 W Capitol Ave, Address Line 2=Unit 1508, City=Little Rock, Date of Birth=01/22/1990, Email=marivelle.briarlock1879@yopmail.com, First Name=Marivelle, Last Name=Briarlock, Middle Name=Auria, Name Suffix=Jr, Phone number=5016631879, Social Security Number=903-14-1879, State=Arkansas, Zip code=72201}]]>
              </value>
            </param>
          </params>
          <reporter-output>
          </reporter-output>
        </test-method> <!-- Plaintiff_edit_in_case -->
        <test-method is-config="true" signature="Kill()[pri:0, instance:Enterprise_Codeclouds.Project.Enterprise.Plaintiff_Module@2d2ffcb7]" started-at="2026-01-24T20:54:10 IST" name="Kill" finished-at="2026-01-24T20:54:11 IST" duration-ms="946" status="PASS">
          <reporter-output>
          </reporter-output>
        </test-method> <!-- Kill -->
        <test-method is-config="true" signature="setup()[pri:0, instance:Enterprise_Codeclouds.Project.Enterprise.Plaintiff_Module@2d2ffcb7]" started-at="2026-01-24T20:54:11 IST" name="setup" finished-at="2026-01-24T20:54:14 IST" duration-ms="3419" status="PASS">
          <reporter-output>
          </reporter-output>
        </test-method> <!-- setup -->
        <test-method signature="Plaintiff_edit_in_case(java.util.TreeMap,java.util.TreeMap)[pri:0, instance:Enterprise_Codeclouds.Project.Enterprise.Plaintiff_Module@2d2ffcb7]" started-at="2026-01-24T20:54:14 IST" name="Plaintiff_edit_in_case" data-provider="Plaintiff_Add_Edit_Combined_data" finished-at="2026-01-24T20:54:25 IST" duration-ms="11393" status="FAIL">
          <params>
            <param index="0">
              <value>
                <![CDATA[{Address Line 1=1801 California St, Suite 2100, Address Line 2=Weekdays 10AM–4PM only; reception drop-off, City=Denver, Date of Birth=03/18/1989, Email=ysolde.sablethorn8143@yopmail.com, First Name=Ysolde, Last Name=Sablethorn, Middle Name=Blyria, Name Suffix=II, Phone number=3039478143, Social Security Number=902-16-8143, State=Colorado, Zip code=80202}]]>
              </value>
            </param>
            <param index="1">
              <value>
                <![CDATA[{Address Line 1=1 Market St, Address Line 2=Suite 820, City=San Francisco, Date of Birth=05/18/1993, Email=iskendral.quillhollow4409@yopmail.com, First Name=Iskendral, Last Name=Quillhollow, Middle Name=Noel, Name Suffix=IV, Phone number=4159024409, Social Security Number=903-15-4409, State=California, Zip code=94105}]]>
              </value>
            </param>
          </params>
          <exception class="java.lang.RuntimeException">
            <message>
              <![CDATA[Element list is null or empty. Check the locator or timing.]]>
            </message>
            <full-stacktrace>
              <![CDATA[java.lang.RuntimeException: Element list is null or empty. Check the locator or timing.
at Repeatative_codes.Repeat.wait_for_theElement(Repeat.java:47)
at Locaters.Application_Locaters.Case_tags(Application_Locaters.java:509)
at Enterprise_Codeclouds.Project.Enterprise.Plaintiff_Module.Plaintiff_edit_in_case(Plaintiff_Module.java:194)
at java.base/jdk.internal.reflect.DirectMethodHandleAccessor.invoke(DirectMethodHandleAccessor.java:103)
at java.base/java.lang.reflect.Method.invoke(Method.java:580)
at org.testng.internal.invokers.MethodInvocationHelper.invokeMethod(MethodInvocationHelper.java:141)
at org.testng.internal.invokers.TestInvoker.invokeMethod(TestInvoker.java:687)
at org.testng.internal.invokers.TestInvoker.invokeTestMethod(TestInvoker.java:230)
at org.testng.internal.invokers.MethodRunner.runInSequence(MethodRunner.java:63)
at org.testng.internal.invokers.TestInvoker$MethodInvocationAgent.invoke(TestInvoker.java:995)
at org.testng.internal.invokers.TestInvoker.invokeTestMethods(TestInvoker.java:203)
at org.testng.internal.invokers.TestMethodWorker.invokeTestMethods(TestMethodWorker.java:154)
at org.testng.internal.invokers.TestMethodWorker.run(TestMethodWorker.java:134)
at java.base/java.util.ArrayList.forEach(ArrayList.java:1597)
at org.testng.TestRunner.privateRun(TestRunner.java:741)
at org.testng.TestRunner.run(TestRunner.java:616)
at org.testng.SuiteRunner.runTest(SuiteRunner.java:421)
at org.testng.SuiteRunner.runSequentially(SuiteRunner.java:413)
at org.testng.SuiteRunner.privateRun(SuiteRunner.java:373)
at org.testng.SuiteRunner.run(SuiteRunner.java:312)
at org.testng.SuiteRunnerWorker.runSuite(SuiteRunnerWorker.java:52)
at org.testng.SuiteRunnerWorker.run(SuiteRunnerWorker.java:95)
at org.testng.TestNG.runSuitesSequentially(TestNG.java:1274)
at org.testng.TestNG.runSuitesLocally(TestNG.java:1208)
at org.testng.TestNG.runSuites(TestNG.java:1112)
at org.testng.TestNG.run(TestNG.java:1079)
at org.testng.remote.AbstractRemoteTestNG.run(AbstractRemoteTestNG.java:115)
at org.testng.remote.RemoteTestNG.initAndRun(RemoteTestNG.java:293)
at org.testng.remote.RemoteTestNG.main(RemoteTestNG.java:91)
]]>
            </full-stacktrace>
          </exception> <!-- java.lang.RuntimeException -->
          <reporter-output>
          </reporter-output>
        </test-method> <!-- Plaintiff_edit_in_case -->
        <test-method is-config="true" signature="Kill()[pri:0, instance:Enterprise_Codeclouds.Project.Enterprise.Plaintiff_Module@2d2ffcb7]" started-at="2026-01-24T20:54:26 IST" name="Kill" finished-at="2026-01-24T20:54:31 IST" duration-ms="4870" status="PASS">
          <reporter-output>
          </reporter-output>
        </test-method> <!-- Kill -->
        <test-method is-config="true" signature="setup()[pri:0, instance:Enterprise_Codeclouds.Project.Enterprise.Plaintiff_Module@2d2ffcb7]" started-at="2026-01-24T20:54:31 IST" name="setup" finished-at="2026-01-24T20:54:33 IST" duration-ms="2817" status="PASS">
          <reporter-output>
          </reporter-output>
        </test-method> <!-- setup -->
        <test-method signature="Plaintiff_edit_in_case(java.util.TreeMap,java.util.TreeMap)[pri:0, instance:Enterprise_Codeclouds.Project.Enterprise.Plaintiff_Module@2d2ffcb7]" started-at="2026-01-24T20:54:33 IST" name="Plaintiff_edit_in_case" data-provider="Plaintiff_Add_Edit_Combined_data" finished-at="2026-01-24T20:54:45 IST" duration-ms="11242" status="FAIL">
          <params>
            <param index="0">
              <value>
                <![CDATA[{Address Line 1=280 Trumbull St, Suite 1400, Address Line 2=Leave with Reception A if door is closed, City=Hartford, Date of Birth=08/02/1994, Email=caiomar.hearthmire2478@yopmail.com, First Name=Caiomar, Last Name=Hearthmire, Middle Name=Ronan, Name Suffix=Sr, Phone number=2038892478, Social Security Number=902-17-2478, State=Connecticut, Zip code=06103}]]>
              </value>
            </param>
            <param index="1">
              <value>
                <![CDATA[{Address Line 1=1700 Lincoln St, Address Line 2=Suite 2130, City=Denver, Date of Birth=09/05/1988, Email=euliora.sablewyn7729@yopmail.com, First Name=Euliora, Last Name=Sablewyn, Middle Name=Blythe, Name Suffix=II, Phone number=3036147729, Social Security Number=903-16-7729, State=Colorado, Zip code=80202}]]>
              </value>
            </param>
          </params>
          <exception class="java.lang.RuntimeException">
            <message>
              <![CDATA[Element list is null or empty. Check the locator or timing.]]>
            </message>
            <full-stacktrace>
              <![CDATA[java.lang.RuntimeException: Element list is null or empty. Check the locator or timing.
at Repeatative_codes.Repeat.wait_for_theElement(Repeat.java:47)
at Locaters.Application_Locaters.Case_tags(Application_Locaters.java:509)
at Enterprise_Codeclouds.Project.Enterprise.Plaintiff_Module.Plaintiff_edit_in_case(Plaintiff_Module.java:194)
at java.base/jdk.internal.reflect.DirectMethodHandleAccessor.invoke(DirectMethodHandleAccessor.java:103)
at java.base/java.lang.reflect.Method.invoke(Method.java:580)
at org.testng.internal.invokers.MethodInvocationHelper.invokeMethod(MethodInvocationHelper.java:141)
at org.testng.internal.invokers.TestInvoker.invokeMethod(TestInvoker.java:687)
at org.testng.internal.invokers.TestInvoker.invokeTestMethod(TestInvoker.java:230)
at org.testng.internal.invokers.MethodRunner.runInSequence(MethodRunner.java:63)
at org.testng.internal.invokers.TestInvoker$MethodInvocationAgent.invoke(TestInvoker.java:995)
at org.testng.internal.invokers.TestInvoker.invokeTestMethods(TestInvoker.java:203)
at org.testng.internal.invokers.TestMethodWorker.invokeTestMethods(TestMethodWorker.java:154)
at org.testng.internal.invokers.TestMethodWorker.run(TestMethodWorker.java:134)
at java.base/java.util.ArrayList.forEach(ArrayList.java:1597)
at org.testng.TestRunner.privateRun(TestRunner.java:741)
at org.testng.TestRunner.run(TestRunner.java:616)
at org.testng.SuiteRunner.runTest(SuiteRunner.java:421)
at org.testng.SuiteRunner.runSequentially(SuiteRunner.java:413)
at org.testng.SuiteRunner.privateRun(SuiteRunner.java:373)
at org.testng.SuiteRunner.run(SuiteRunner.java:312)
at org.testng.SuiteRunnerWorker.runSuite(SuiteRunnerWorker.java:52)
at org.testng.SuiteRunnerWorker.run(SuiteRunnerWorker.java:95)
at org.testng.TestNG.runSuitesSequentially(TestNG.java:1274)
at org.testng.TestNG.runSuitesLocally(TestNG.java:1208)
at org.testng.TestNG.runSuites(TestNG.java:1112)
at org.testng.TestNG.run(TestNG.java:1079)
at org.testng.remote.AbstractRemoteTestNG.run(AbstractRemoteTestNG.java:115)
at org.testng.remote.RemoteTestNG.initAndRun(RemoteTestNG.java:293)
at org.testng.remote.RemoteTestNG.main(RemoteTestNG.java:91)
]]>
            </full-stacktrace>
          </exception> <!-- java.lang.RuntimeException -->
          <reporter-output>
          </reporter-output>
        </test-method> <!-- Plaintiff_edit_in_case -->
        <test-method is-config="true" signature="Kill()[pri:0, instance:Enterprise_Codeclouds.Project.Enterprise.Plaintiff_Module@2d2ffcb7]" started-at="2026-01-24T20:54:45 IST" name="Kill" finished-at="2026-01-24T20:54:49 IST" duration-ms="4755" status="PASS">
          <reporter-output>
          </reporter-output>
        </test-method> <!-- Kill -->
        <test-method is-config="true" signature="setup()[pri:0, instance:Enterprise_Codeclouds.Project.Enterprise.Plaintiff_Module@2d2ffcb7]" started-at="2026-01-24T20:54:49 IST" name="setup" finished-at="2026-01-24T20:54:53 IST" duration-ms="3398" status="PASS">
          <reporter-output>
          </reporter-output>
        </test-method> <!-- setup -->
        <test-method signature="Plaintiff_edit_in_case(java.util.TreeMap,java.util.TreeMap)[pri:0, instance:Enterprise_Codeclouds.Project.Enterprise.Plaintiff_Module@2d2ffcb7]" started-at="2026-01-24T20:54:53 IST" name="Plaintiff_edit_in_case" data-provider="Plaintiff_Add_Edit_Combined_data" finished-at="2026-01-24T20:55:20 IST" duration-ms="27329" status="PASS">
          <params>
            <param index="0">
              <value>
                <![CDATA[{Address Line 1=1209 Orange St, Suite 600, Address Line 2=Visitor badge required; check in at lobby kiosk, City=Wilmington, Date of Birth=02/27/1991, Email=serephina.wrenhollow5304@yopmail.com, First Name=Serephina, Last Name=Wrenhollow, Middle Name=Livren, Name Suffix=III, Phone number=3024145304, Social Security Number=902-18-5304, State=Delaware, Zip code=19801}]]>
              </value>
            </param>
            <param index="1">
              <value>
                <![CDATA[{Address Line 1=100 Pearl St, Address Line 2=Apt 14C, City=Hartford, Date of Birth=12/08/1994, Email=caldrin.hearthvale3189@yopmail.com, First Name=Caldrin, Last Name=Hearthvale, Middle Name=Ronan, Name Suffix=Sr, Phone number=2037753189, Social Security Number=903-17-3189, State=Connecticut, Zip code=06103}]]>
              </value>
            </param>
          </params>
          <reporter-output>
          </reporter-output>
        </test-method> <!-- Plaintiff_edit_in_case -->
        <test-method is-config="true" signature="Kill()[pri:0, instance:Enterprise_Codeclouds.Project.Enterprise.Plaintiff_Module@2d2ffcb7]" started-at="2026-01-24T20:55:20 IST" name="Kill" finished-at="2026-01-24T20:55:27 IST" duration-ms="7292" status="PASS">
          <reporter-output>
          </reporter-output>
        </test-method> <!-- Kill -->
        <test-method is-config="true" signature="setup()[pri:0, instance:Enterprise_Codeclouds.Project.Enterprise.Plaintiff_Module@2d2ffcb7]" started-at="2026-01-24T20:55:27 IST" name="setup" finished-at="2026-01-24T20:55:32 IST" duration-ms="4970" status="PASS">
          <reporter-output>
          </reporter-output>
        </test-method> <!-- setup -->
        <test-method signature="Plaintiff_edit_in_case(java.util.TreeMap,java.util.TreeMap)[pri:0, instance:Enterprise_Codeclouds.Project.Enterprise.Plaintiff_Module@2d2ffcb7]" started-at="2026-01-24T20:55:32 IST" name="Plaintiff_edit_in_case" data-provider="Plaintiff_Add_Edit_Combined_data" finished-at="2026-01-24T20:55:56 IST" duration-ms="23397" status="PASS">
          <params>
            <param index="0">
              <value>
                <![CDATA[{Address Line 1=333 SE 2nd Ave, Suite 2000, Address Line 2=Concierge only; call on arrival for access, City=Miami, Date of Birth=11/09/1988, Email=nimue.crownfen6921@yopmail.com, First Name=Nimue, Last Name=Crownfen, Middle Name=Asha, Name Suffix=Jr, Phone number=7862256921, Social Security Number=902-19-6921, State=Florida, Zip code=33130}]]>
              </value>
            </param>
            <param index="1">
              <value>
                <![CDATA[{Address Line 1=1201 N Market St, Address Line 2=Suite 930, City=Wilmington, Date of Birth=03/11/1991, Email=saskiora.wrenfield6914@yopmail.com, First Name=Saskiora, Last Name=Wrenfield, Middle Name=Livra, Name Suffix=III, Phone number=3026886914, Social Security Number=903-18-6914, State=Delaware, Zip code=19801}]]>
              </value>
            </param>
          </params>
          <reporter-output>
          </reporter-output>
        </test-method> <!-- Plaintiff_edit_in_case -->
        <test-method is-config="true" signature="Kill()[pri:0, instance:Enterprise_Codeclouds.Project.Enterprise.Plaintiff_Module@2d2ffcb7]" started-at="2026-01-24T20:55:56 IST" name="Kill" finished-at="2026-01-24T20:55:56 IST" duration-ms="656" status="PASS">
          <reporter-output>
          </reporter-output>
        </test-method> <!-- Kill -->
        <test-method is-config="true" signature="setup()[pri:0, instance:Enterprise_Codeclouds.Project.Enterprise.Plaintiff_Module@2d2ffcb7]" started-at="2026-01-24T20:55:56 IST" name="setup" finished-at="2026-01-24T20:55:58 IST" duration-ms="1471" status="PASS">
          <reporter-output>
          </reporter-output>
        </test-method> <!-- setup -->
        <test-method signature="Plaintiff_edit_in_case(java.util.TreeMap,java.util.TreeMap)[pri:0, instance:Enterprise_Codeclouds.Project.Enterprise.Plaintiff_Module@2d2ffcb7]" started-at="2026-01-24T20:55:58 IST" name="Plaintiff_edit_in_case" data-provider="Plaintiff_Add_Edit_Combined_data" finished-at="2026-01-24T20:56:21 IST" duration-ms="22805" status="PASS">
          <params>
            <param index="0">
              <value>
                <![CDATA[{Address Line 1=55 Ivan Allen Jr Blvd NW, Suite 900, Address Line 2=Front desk drop-off only; mark Attn: Intake, City=Atlanta, Date of Birth=05/16/1992, Email=tenzaro.ashkerrin7810@yopmail.com, First Name=Tenzaro, Last Name=Ashkerrin, Middle Name=Pema, Name Suffix=IV, Phone number=4046927810, Social Security Number=902-20-7810, State=Georgia, Zip code=30303}]]>
              </value>
            </param>
            <param index="1">
              <value>
                <![CDATA[{Address Line 1=200 S Biscayne Blvd, Address Line 2=Unit 2806, City=Miami, Date of Birth=06/04/1989, Email=neryssa.crownbridge2486@yopmail.com, First Name=Neryssa, Last Name=Crownbridge, Middle Name=Asha, Name Suffix=II, Phone number=9046182486, Social Security Number=903-19-2486, State=Florida, Zip code=33130}]]>
              </value>
            </param>
          </params>
          <reporter-output>
          </reporter-output>
        </test-method> <!-- Plaintiff_edit_in_case -->
        <test-method is-config="true" signature="Kill()[pri:0, instance:Enterprise_Codeclouds.Project.Enterprise.Plaintiff_Module@2d2ffcb7]" started-at="2026-01-24T20:56:21 IST" name="Kill" finished-at="2026-01-24T20:56:22 IST" duration-ms="1267" status="PASS">
          <reporter-output>
          </reporter-output>
        </test-method> <!-- Kill -->
        <test-method is-config="true" signature="setup()[pri:0, instance:Enterprise_Codeclouds.Project.Enterprise.Plaintiff_Module@2d2ffcb7]" started-at="2026-01-24T20:56:22 IST" name="setup" finished-at="2026-01-24T20:56:24 IST" duration-ms="1558" status="PASS">
          <reporter-output>
          </reporter-output>
        </test-method> <!-- setup -->
        <test-method signature="Plaintiff_edit_in_case(java.util.TreeMap,java.util.TreeMap)[pri:0, instance:Enterprise_Codeclouds.Project.Enterprise.Plaintiff_Module@2d2ffcb7]" started-at="2026-01-24T20:56:24 IST" name="Plaintiff_edit_in_case" data-provider="Plaintiff_Add_Edit_Combined_data" finished-at="2026-01-24T20:56:45 IST" duration-ms="21755" status="PASS">
          <params>
            <param index="0">
              <value>
                <![CDATA[{Address Line 1=129 Aspinall Ave, Suite 405, Address Line 2=Deliveries 10AM–4PM only; signature required, City=Hagåtña, Date of Birth=10/12/1989, Email=leocadra.stoneglaive6442@yopmail.com, First Name=Leocadra, Last Name=Stoneglaive, Middle Name=Rue, Name Suffix=II, Phone number=6717746442, Social Security Number=902-21-6442, State=Guam, Zip code=96910}]]>
              </value>
            </param>
            <param index="1">
              <value>
                <![CDATA[{Address Line 1=191 Peachtree St NE, Address Line 2=Floor 32, City=Atlanta, Date of Birth=10/10/1992, Email=tenzair.ashbrynn8037@yopmail.com, First Name=Tenzair, Last Name=Ashbrynn, Middle Name=Pema, Name Suffix=IV, Phone number=4046178037, Social Security Number=903-20-8037, State=Georgia, Zip code=30303}]]>
              </value>
            </param>
          </params>
          <reporter-output>
          </reporter-output>
        </test-method> <!-- Plaintiff_edit_in_case -->
        <test-method is-config="true" signature="Kill()[pri:0, instance:Enterprise_Codeclouds.Project.Enterprise.Plaintiff_Module@2d2ffcb7]" started-at="2026-01-24T20:56:45 IST" name="Kill" finished-at="2026-01-24T20:56:46 IST" duration-ms="1019" status="PASS">
          <reporter-output>
          </reporter-output>
        </test-method> <!-- Kill -->
        <test-method is-config="true" signature="setup()[pri:0, instance:Enterprise_Codeclouds.Project.Enterprise.Plaintiff_Module@2d2ffcb7]" started-at="2026-01-24T20:56:46 IST" name="setup" finished-at="2026-01-24T20:56:48 IST" duration-ms="1969" status="PASS">
          <reporter-output>
          </reporter-output>
        </test-method> <!-- setup -->
        <test-method signature="Plaintiff_edit_in_case(java.util.TreeMap,java.util.TreeMap)[pri:0, instance:Enterprise_Codeclouds.Project.Enterprise.Plaintiff_Module@2d2ffcb7]" started-at="2026-01-24T20:56:48 IST" name="Plaintiff_edit_in_case" data-provider="Plaintiff_Add_Edit_Combined_data" finished-at="2026-01-24T20:57:09 IST" duration-ms="21016" status="PASS">
          <params>
            <param index="0">
              <value>
                <![CDATA[{Address Line 1=745 Fort St Mall, Suite 1800, Address Line 2=Signature required; leave with front desk only, City=Honolulu, Date of Birth=01/04/1993, Email=aurelian.merrifell9013@yopmail.com, First Name=Aurelian, Last Name=Merrifell, Middle Name=Pazren, Name Suffix=Sr, Phone number=8086639013, Social Security Number=902-22-9013, State=Hawaii, Zip code=96813}]]>
              </value>
            </param>
            <param index="1">
              <value>
                <![CDATA[{Address Line 1=238 Archbishop Flores St, Address Line 2=Suite 410, City=Hagåtña, Date of Birth=11/03/1988, Email=leocindra.stonehaven4117@yopmail.com, First Name=Leocindra, Last Name=Stonehaven, Middle Name=Rue, Name Suffix=Sr, Phone number=6719024117, Social Security Number=903-21-4117, State=Guam, Zip code=96910}]]>
              </value>
            </param>
          </params>
          <reporter-output>
          </reporter-output>
        </test-method> <!-- Plaintiff_edit_in_case -->
        <test-method is-config="true" signature="Kill()[pri:0, instance:Enterprise_Codeclouds.Project.Enterprise.Plaintiff_Module@2d2ffcb7]" started-at="2026-01-24T20:57:09 IST" name="Kill" finished-at="2026-01-24T20:57:10 IST" duration-ms="844" status="PASS">
          <reporter-output>
          </reporter-output>
        </test-method> <!-- Kill -->
        <test-method is-config="true" signature="setup()[pri:0, instance:Enterprise_Codeclouds.Project.Enterprise.Plaintiff_Module@2d2ffcb7]" started-at="2026-01-24T20:57:10 IST" name="setup" finished-at="2026-01-24T20:57:12 IST" duration-ms="1372" status="PASS">
          <reporter-output>
          </reporter-output>
        </test-method> <!-- setup -->
        <test-method signature="Plaintiff_edit_in_case(java.util.TreeMap,java.util.TreeMap)[pri:0, instance:Enterprise_Codeclouds.Project.Enterprise.Plaintiff_Module@2d2ffcb7]" started-at="2026-01-24T20:57:12 IST" name="Plaintiff_edit_in_case" data-provider="Plaintiff_Add_Edit_Combined_data" finished-at="2026-01-24T20:57:34 IST" duration-ms="22517" status="PASS">
          <params>
            <param index="0">
              <value>
                <![CDATA[{Address Line 1=800 W Main St, Suite 1460, Address Line 2=Ask for Intake Coordinator at reception, City=Boise, Date of Birth=07/21/1991, Email=kairav.velthorne7348@yopmail.com, First Name=Kairav, Last Name=Velthorne, Middle Name=Omren, Name Suffix=III, Phone number=2085927348, Social Security Number=902-23-7348, State=Idaho, Zip code=83702}]]>
              </value>
            </param>
            <param index="1">
              <value>
                <![CDATA[{Address Line 1=1001 Bishop St, Address Line 2=Suite 2120, City=Honolulu, Date of Birth=02/04/1993, Email=aureliox.merrisford9021@yopmail.com, First Name=Aureliox, Last Name=Merrisford, Middle Name=Paz, Name Suffix=Jr, Phone number=8086149021, Social Security Number=903-22-9021, State=Hawaii, Zip code=96813}]]>
              </value>
            </param>
          </params>
          <reporter-output>
          </reporter-output>
        </test-method> <!-- Plaintiff_edit_in_case -->
        <test-method is-config="true" signature="Kill()[pri:0, instance:Enterprise_Codeclouds.Project.Enterprise.Plaintiff_Module@2d2ffcb7]" started-at="2026-01-24T20:57:34 IST" name="Kill" finished-at="2026-01-24T20:57:35 IST" duration-ms="671" status="PASS">
          <reporter-output>
          </reporter-output>
        </test-method> <!-- Kill -->
        <test-method is-config="true" signature="setup()[pri:0, instance:Enterprise_Codeclouds.Project.Enterprise.Plaintiff_Module@2d2ffcb7]" started-at="2026-01-24T20:57:35 IST" name="setup" finished-at="2026-01-24T20:57:36 IST" duration-ms="1428" status="PASS">
          <reporter-output>
          </reporter-output>
        </test-method> <!-- setup -->
        <test-method signature="Plaintiff_edit_in_case(java.util.TreeMap,java.util.TreeMap)[pri:0, instance:Enterprise_Codeclouds.Project.Enterprise.Plaintiff_Module@2d2ffcb7]" started-at="2026-01-24T20:57:36 IST" name="Plaintiff_edit_in_case" data-provider="Plaintiff_Add_Edit_Combined_data" finished-at="2026-01-24T20:57:59 IST" duration-ms="22443" status="PASS">
          <params>
            <param index="0">
              <value>
                <![CDATA[{Address Line 1=200 S Wacker Dr, Suite 3200, Address Line 2=Security scan required; check-in at lobby kiosk, City=Chicago, Date of Birth=03/03/1994, Email=soraya.brindlewynn1586@yopmail.com, First Name=Soraya, Last Name=Brindlewynn, Middle Name=Noorin, Name Suffix=Jr, Phone number=3128891586, Social Security Number=902-24-1586, State=Illinois, Zip code=60606}]]>
              </value>
            </param>
            <param index="1">
              <value>
                <![CDATA[{Address Line 1=950 W Bannock St, Address Line 2=Suite 1125, City=Boise, Date of Birth=04/07/1991, Email=kairenox.velmont7327@yopmail.com, First Name=Kairenox, Last Name=Velmont, Middle Name=Omri, Name Suffix=III, Phone number=2086147327, Social Security Number=903-23-7327, State=Idaho, Zip code=83702}]]>
              </value>
            </param>
          </params>
          <reporter-output>
          </reporter-output>
        </test-method> <!-- Plaintiff_edit_in_case -->
        <test-method is-config="true" signature="Kill()[pri:0, instance:Enterprise_Codeclouds.Project.Enterprise.Plaintiff_Module@2d2ffcb7]" started-at="2026-01-24T20:57:59 IST" name="Kill" finished-at="2026-01-24T20:57:59 IST" duration-ms="823" status="PASS">
          <reporter-output>
          </reporter-output>
        </test-method> <!-- Kill -->
        <test-method is-config="true" signature="setup()[pri:0, instance:Enterprise_Codeclouds.Project.Enterprise.Plaintiff_Module@2d2ffcb7]" started-at="2026-01-24T20:57:59 IST" name="setup" finished-at="2026-01-24T20:58:01 IST" duration-ms="1566" status="PASS">
          <reporter-output>
          </reporter-output>
        </test-method> <!-- setup -->
        <test-method signature="Plaintiff_edit_in_case(java.util.TreeMap,java.util.TreeMap)[pri:0, instance:Enterprise_Codeclouds.Project.Enterprise.Plaintiff_Module@2d2ffcb7]" started-at="2026-01-24T20:58:01 IST" name="Plaintiff_edit_in_case" data-provider="Plaintiff_Add_Edit_Combined_data" finished-at="2026-01-24T20:58:23 IST" duration-ms="22225" status="PASS">
          <params>
            <param index="0">
              <value>
                <![CDATA[{Address Line 1=151 N Delaware St, Suite 1900, Address Line 2=Reception Desk B; visitor badge required, City=Indianapolis, Date of Birth=09/19/1989, Email=naviren.hearthspire4687@yopmail.com, First Name=Naviren, Last Name=Hearthspire, Middle Name=Ryo, Name Suffix=IV, Phone number=3176144687, Social Security Number=902-25-4687, State=Indiana, Zip code=46204}]]>
              </value>
            </param>
            <param index="1">
              <value>
                <![CDATA[{Address Line 1=233 S Wacker Dr, Address Line 2=Suite 7520, City=Chicago, Date of Birth=01/19/1994, Email=sorynna.brindlehart1577@yopmail.com, First Name=Sorynna, Last Name=Brindlehart, Middle Name=Noira, Name Suffix=II, Phone number=3126141577, Social Security Number=903-24-1577, State=Illinois, Zip code=60606}]]>
              </value>
            </param>
          </params>
          <reporter-output>
          </reporter-output>
        </test-method> <!-- Plaintiff_edit_in_case -->
        <test-method is-config="true" signature="Kill()[pri:0, instance:Enterprise_Codeclouds.Project.Enterprise.Plaintiff_Module@2d2ffcb7]" started-at="2026-01-24T20:58:23 IST" name="Kill" finished-at="2026-01-24T20:58:36 IST" duration-ms="12897" status="PASS">
          <reporter-output>
          </reporter-output>
        </test-method> <!-- Kill -->
        <test-method is-config="true" signature="setup()[pri:0, instance:Enterprise_Codeclouds.Project.Enterprise.Plaintiff_Module@2d2ffcb7]" started-at="2026-01-24T20:58:36 IST" name="setup" finished-at="2026-01-24T20:58:38 IST" duration-ms="1748" status="PASS">
          <reporter-output>
          </reporter-output>
        </test-method> <!-- setup -->
        <test-method signature="Plaintiff_edit_in_case(java.util.TreeMap,java.util.TreeMap)[pri:0, instance:Enterprise_Codeclouds.Project.Enterprise.Plaintiff_Module@2d2ffcb7]" started-at="2026-01-24T20:58:38 IST" name="Plaintiff_edit_in_case" data-provider="Plaintiff_Add_Edit_Combined_data" finished-at="2026-01-24T20:59:00 IST" duration-ms="21867" status="PASS">
          <params>
            <param index="0">
              <value>
                <![CDATA[{Address Line 1=666 Grand Ave, Suite 3200, Address Line 2=Hold at front desk; signature required, City=Des Moines, Date of Birth=12/15/1990, Email=meadowyn.glenvarrow7952@yopmail.com, First Name=Meadowyn, Last Name=Glenvarrow, Middle Name=Skye, Name Suffix=II, Phone number=5153887952, Social Security Number=902-26-7952, State=Iowa, Zip code=50309}]]>
              </value>
            </param>
            <param index="1">
              <value>
                <![CDATA[{Address Line 1=50 W Washington St, Address Line 2=Suite 1415, City=Indianapolis, Date of Birth=09/11/1989, Email=navior.hearthwyn4696@yopmail.com, First Name=Navior, Last Name=Hearthwyn, Middle Name=Ryo, Name Suffix=IV, Phone number=3178364696, Social Security Number=903-25-4696, State=Indiana, Zip code=46204}]]>
              </value>
            </param>
          </params>
          <reporter-output>
          </reporter-output>
        </test-method> <!-- Plaintiff_edit_in_case -->
        <test-method is-config="true" signature="Kill()[pri:0, instance:Enterprise_Codeclouds.Project.Enterprise.Plaintiff_Module@2d2ffcb7]" started-at="2026-01-24T20:59:00 IST" name="Kill" finished-at="2026-01-24T20:59:01 IST" duration-ms="1020" status="PASS">
          <reporter-output>
          </reporter-output>
        </test-method> <!-- Kill -->
        <test-method is-config="true" signature="setup()[pri:0, instance:Enterprise_Codeclouds.Project.Enterprise.Plaintiff_Module@2d2ffcb7]" started-at="2026-01-24T20:59:01 IST" name="setup" finished-at="2026-01-24T20:59:03 IST" duration-ms="2350" status="PASS">
          <reporter-output>
          </reporter-output>
        </test-method> <!-- setup -->
        <test-method signature="Plaintiff_edit_in_case(java.util.TreeMap,java.util.TreeMap)[pri:0, instance:Enterprise_Codeclouds.Project.Enterprise.Plaintiff_Module@2d2ffcb7]" started-at="2026-01-24T20:59:03 IST" name="Plaintiff_edit_in_case" data-provider="Plaintiff_Add_Edit_Combined_data" finished-at="2026-01-24T20:59:26 IST" duration-ms="22512" status="PASS">
          <params>
            <param index="0">
              <value>
                <![CDATA[{Address Line 1=534 S Kansas Ave, Suite 610, Address Line 2=Weekdays only, 9AM–4PM; reception drop, City=Topeka, Date of Birth=06/01/1992, Email=bodhian.kerristone9234@yopmail.com, First Name=Bodhian, Last Name=Kerristone, Middle Name=Sage, Name Suffix=Sr, Phone number=7856199234, Social Security Number=902-27-9234, State=Kansas, Zip code=66603}]]>
              </value>
            </param>
            <param index="1">
              <value>
                <![CDATA[{Address Line 1=801 Grand Ave, Address Line 2=Suite 2615, City=Des Moines, Date of Birth=03/02/1990, Email=meadorin.glenvarn7931@yopmail.com, First Name=Meadorin, Last Name=Glenvarn, Middle Name=Skye, Name Suffix=Jr, Phone number=5156147931, Social Security Number=903-26-7931, State=Iowa, Zip code=50309}]]>
              </value>
            </param>
          </params>
          <reporter-output>
          </reporter-output>
        </test-method> <!-- Plaintiff_edit_in_case -->
        <test-method is-config="true" signature="Kill()[pri:0, instance:Enterprise_Codeclouds.Project.Enterprise.Plaintiff_Module@2d2ffcb7]" started-at="2026-01-24T20:59:26 IST" name="Kill" finished-at="2026-01-24T20:59:26 IST" duration-ms="820" status="PASS">
          <reporter-output>
          </reporter-output>
        </test-method> <!-- Kill -->
        <test-method is-config="true" signature="setup()[pri:0, instance:Enterprise_Codeclouds.Project.Enterprise.Plaintiff_Module@2d2ffcb7]" started-at="2026-01-24T20:59:26 IST" name="setup" finished-at="2026-01-24T20:59:28 IST" duration-ms="1632" status="PASS">
          <reporter-output>
          </reporter-output>
        </test-method> <!-- setup -->
        <test-method signature="Plaintiff_edit_in_case(java.util.TreeMap,java.util.TreeMap)[pri:0, instance:Enterprise_Codeclouds.Project.Enterprise.Plaintiff_Module@2d2ffcb7]" started-at="2026-01-24T20:59:28 IST" name="Plaintiff_edit_in_case" data-provider="Plaintiff_Add_Edit_Combined_data" finished-at="2026-01-24T20:59:50 IST" duration-ms="22205" status="PASS">
          <params>
            <param index="0">
              <value>
                <![CDATA[{Address Line 1=401 S 4th St, Suite 1200, Address Line 2=Records Intake Room; deliver to Reception, City=Louisville, Date of Birth=02/22/1989, Email=yareli.crownhallow3716@yopmail.com, First Name=Yareli, Last Name=Crownhallow, Middle Name=Esme, Name Suffix=III, Phone number=5029063716, Social Security Number=902-28-3716, State=Kentucky, Zip code=40202}]]>
              </value>
            </param>
            <param index="1">
              <value>
                <![CDATA[{Address Line 1=701 S Kansas Ave, Address Line 2=Unit 510, City=Topeka, Date of Birth=12/13/1992, Email=brynolyn.kerrithorne9215@yopmail.com, First Name=Brynolyn, Last Name=Kerrithorne, Middle Name=Sage, Name Suffix=III, Phone number=7858369215, Social Security Number=903-27-9215, State=Kansas, Zip code=66603}]]>
              </value>
            </param>
          </params>
          <reporter-output>
          </reporter-output>
        </test-method> <!-- Plaintiff_edit_in_case -->
        <test-method is-config="true" signature="Kill()[pri:0, instance:Enterprise_Codeclouds.Project.Enterprise.Plaintiff_Module@2d2ffcb7]" started-at="2026-01-24T20:59:50 IST" name="Kill" finished-at="2026-01-24T20:59:51 IST" duration-ms="835" status="PASS">
          <reporter-output>
          </reporter-output>
        </test-method> <!-- Kill -->
        <test-method is-config="true" signature="setup()[pri:0, instance:Enterprise_Codeclouds.Project.Enterprise.Plaintiff_Module@2d2ffcb7]" started-at="2026-01-24T20:59:51 IST" name="setup" finished-at="2026-01-24T20:59:53 IST" duration-ms="1597" status="PASS">
          <reporter-output>
          </reporter-output>
        </test-method> <!-- setup -->
        <test-method signature="Plaintiff_edit_in_case(java.util.TreeMap,java.util.TreeMap)[pri:0, instance:Enterprise_Codeclouds.Project.Enterprise.Plaintiff_Module@2d2ffcb7]" started-at="2026-01-24T20:59:53 IST" name="Plaintiff_edit_in_case" data-provider="Plaintiff_Add_Edit_Combined_data" finished-at="2026-01-24T21:00:15 IST" duration-ms="21830" status="PASS">
          <params>
            <param index="0">
              <value>
                <![CDATA[{Address Line 1=400 Poydras St, Suite 1400, Address Line 2=Attn: Intake Ops; lobby desk only, City=New Orleans, Date of Birth=08/08/1994, Email=ronavan.lindenquay6419@yopmail.com, First Name=Ronavan, Last Name=Lindenquay, Middle Name=Keir, Name Suffix=Jr, Phone number=5048936419, Social Security Number=902-29-6419, State=Louisiana, Zip code=70112}]]>
              </value>
            </param>
            <param index="1">
              <value>
                <![CDATA[{Address Line 1=500 W Jefferson St, Address Line 2=Suite 1825, City=Louisville, Date of Birth=06/09/1989, Email=yarielle.crownhill3758@yopmail.com, First Name=Yarielle, Last Name=Crownhill, Middle Name=Esmae, Name Suffix=II, Phone number=5028363758, Social Security Number=903-28-3758, State=Kentucky, Zip code=40202}]]>
              </value>
            </param>
          </params>
          <reporter-output>
          </reporter-output>
        </test-method> <!-- Plaintiff_edit_in_case -->
        <test-method is-config="true" signature="Kill()[pri:0, instance:Enterprise_Codeclouds.Project.Enterprise.Plaintiff_Module@2d2ffcb7]" started-at="2026-01-24T21:00:15 IST" name="Kill" finished-at="2026-01-24T21:00:16 IST" duration-ms="1022" status="PASS">
          <reporter-output>
          </reporter-output>
        </test-method> <!-- Kill -->
        <test-method is-config="true" signature="setup()[pri:0, instance:Enterprise_Codeclouds.Project.Enterprise.Plaintiff_Module@2d2ffcb7]" started-at="2026-01-24T21:00:16 IST" name="setup" finished-at="2026-01-24T21:00:17 IST" duration-ms="1785" status="PASS">
          <reporter-output>
          </reporter-output>
        </test-method> <!-- setup -->
        <test-method signature="Plaintiff_edit_in_case(java.util.TreeMap,java.util.TreeMap)[pri:0, instance:Enterprise_Codeclouds.Project.Enterprise.Plaintiff_Module@2d2ffcb7]" started-at="2026-01-24T21:00:17 IST" name="Plaintiff_edit_in_case" data-provider="Plaintiff_Add_Edit_Combined_data" finished-at="2026-01-24T21:00:38 IST" duration-ms="20856" status="PASS">
          <params>
            <param index="0">
              <value>
                <![CDATA[{Address Line 1=60 Pearl St, Suite 600, Address Line 2=Call on arrival; do not leave with security, City=Portland, Date of Birth=11/26/1988, Email=nayeli.rookfell2089@yopmail.com, First Name=Nayeli, Last Name=Rookfell, Middle Name=Reina, Name Suffix=IV, Phone number=2076152089, Social Security Number=902-30-2089, State=Maine, Zip code=04101}]]>
              </value>
            </param>
            <param index="1">
              <value>
                <![CDATA[{Address Line 1=935 Gravier St, Address Line 2=Apt 21B, City=New Orleans, Date of Birth=05/22/1994, Email=ronivar.lindenmark6428@yopmail.com, First Name=Ronivar, Last Name=Lindenmark, Middle Name=Keir, Name Suffix=Sr, Phone number=5048366428, Social Security Number=903-29-6428, State=Louisiana, Zip code=70112}]]>
              </value>
            </param>
          </params>
          <reporter-output>
          </reporter-output>
        </test-method> <!-- Plaintiff_edit_in_case -->
        <test-method is-config="true" signature="Kill()[pri:0, instance:Enterprise_Codeclouds.Project.Enterprise.Plaintiff_Module@2d2ffcb7]" started-at="2026-01-24T21:00:38 IST" name="Kill" finished-at="2026-01-24T21:00:39 IST" duration-ms="899" status="PASS">
          <reporter-output>
          </reporter-output>
        </test-method> <!-- Kill -->
      </class> <!-- Enterprise_Codeclouds.Project.Enterprise.Plaintiff_Module -->
    </test> <!-- Default test -->
  </suite> <!-- Default suite -->
</testng-results>
