<?xml version="1.0" encoding="UTF-8"?>
<testng-results ignored="1" total="2" passed="1" failed="0" skipped="0">
  <reporter-output>
  </reporter-output>
  <suite started-at="2025-12-16T17:26:14 IST" name="Default suite" finished-at="2025-12-16T17:27:17 IST" duration-ms="63110">
    <groups>
    </groups>
    <test started-at="2025-12-16T17:26:14 IST" name="Default test" finished-at="2025-12-16T17:27:17 IST" duration-ms="63110">
      <class name="Enterprise_Codeclouds.Project.Enterprise.Case_Appplications">
        <test-method is-config="true" signature="setup()[pri:0, instance:Enterprise_Codeclouds.Project.Enterprise.Case_Appplications@2cd76f31]" started-at="2025-12-16T17:26:14 IST" name="setup" finished-at="2025-12-16T17:26:17 IST" duration-ms="2820" status="PASS">
          <reporter-output>
          </reporter-output>
        </test-method> <!-- setup -->
        <test-method signature="Add_case(java.util.TreeMap)[pri:0, instance:Enterprise_Codeclouds.Project.Enterprise.Case_Appplications@2cd76f31]" started-at="2025-12-16T17:26:17 IST" name="Add_case" data-provider="caseData" finished-at="2025-12-16T17:27:17 IST" duration-ms="59697" status="PASS">
          <params>
            <param index="0">
              <value>
                <![CDATA[{Agreement Date=12/23/2025, Application Status=Approved, Approved Amount=11000, Attorney Name=Atty. Jordan Blake, Buyout Amount=6000, Buyout Expiry Date=12/23/2028, Buyout Funder Name=Frontline Capital Group, Case #=20, Case Type=Motor Vehicle Accident, Court Index Number=18CI-2404-CT-000933, Date of Incident=04/28/2024, Document prep fee=225, Fund transfer fee=70, Interest Start Date=12/23/2025, Law Firm Name=Blake Rideshare Injury Law, Lead Source=Direct Plaintiff Call, Plaintiff Address One=902 Kingston Ave, Plaintiff Address Two=Lexington, KY 40508, Plaintiff Email=patrick.jennings@plaintiffmail.com, Plaintiff Name=Patrick Cole Jennings, Plaintiff Phone Number=555-201-0020, Rate of Return=36, Recommended Max Funding=11000, Requested Amount=26000, Risk Level=Moderate, SMS Message Body=Hi Patrick, your rideshare accident funding request has been approved up to $11,000. After you and your attorney sign the agreement, we’ll proceed with disbursement. – Lumberjack Legal Finance, SMS Message Title=Rideshare Funding Approved, State=Kentucky, Summary=Uber passenger in chain-reaction rear-end crash; neck and low-back soft-tissue injuries, ongoing stiffness, PT and chiropractic care; work disruption., Underwriting Notes=Rideshare passenger status gives clean liability and multiple coverage layers (tortfeasor and Uber policy). Injuries are soft-tissue but well documented with continuing functional impact, especially with sitting. Need trip records, police report, med summaries, wage-loss data and prior spine history. With solid coverage, funding of 10–11k is supportable.}]]>
              </value>
            </param>
          </params>
          <reporter-output>
          </reporter-output>
        </test-method> <!-- Add_case -->
        <test-method is-config="true" signature="Kill()[pri:0, instance:Enterprise_Codeclouds.Project.Enterprise.Case_Appplications@2cd76f31]" started-at="2025-12-16T17:27:17 IST" name="Kill" finished-at="2025-12-16T17:27:17 IST" duration-ms="453" status="PASS">
          <reporter-output>
          </reporter-output>
        </test-method> <!-- Kill -->
      </class> <!-- Enterprise_Codeclouds.Project.Enterprise.Case_Appplications -->
    </test> <!-- Default test -->
  </suite> <!-- Default suite -->
</testng-results>
