<?xml version="1.0" encoding="UTF-8"?>
<testng-results ignored="0" total="1" passed="1" failed="0" skipped="0">
  <reporter-output>
  </reporter-output>
  <suite started-at="2025-12-09T14:25:54 IST" name="Default suite" finished-at="2025-12-09T14:26:06 IST" duration-ms="11186">
    <groups>
    </groups>
    <test started-at="2025-12-09T14:25:54 IST" name="Default test" finished-at="2025-12-09T14:26:06 IST" duration-ms="11186">
      <class name="Enterprise_Codeclouds.Project.Enterprise.Login">
        <test-method is-config="true" signature="setup()[pri:0, instance:Enterprise_Codeclouds.Project.Enterprise.Login@7dcf94f8]" started-at="2025-12-09T14:25:55 IST" name="setup" finished-at="2025-12-09T14:25:58 IST" duration-ms="3085" status="PASS">
          <reporter-output>
          </reporter-output>
        </test-method> <!-- setup -->
        <test-method signature="login()[pri:0, instance:Enterprise_Codeclouds.Project.Enterprise.Login@7dcf94f8]" started-at="2025-12-09T14:25:58 IST" name="login" finished-at="2025-12-09T14:26:05 IST" duration-ms="7684" status="PASS">
          <reporter-output>
          </reporter-output>
        </test-method> <!-- login -->
        <test-method is-config="true" signature="Kill()[pri:0, instance:Enterprise_Codeclouds.Project.Enterprise.Login@7dcf94f8]" started-at="2025-12-09T14:26:05 IST" name="Kill" finished-at="2025-12-09T14:26:06 IST" duration-ms="313" status="PASS">
          <reporter-output>
          </reporter-output>
        </test-method> <!-- Kill -->
      </class> <!-- Enterprise_Codeclouds.Project.Enterprise.Login -->
    </test> <!-- Default test -->
  </suite> <!-- Default suite -->
</testng-results>
