<?xml version="1.0" encoding="UTF-8"?>
<testng-results ignored="1" total="2" passed="1" failed="0" skipped="0">
  <reporter-output>
  </reporter-output>
  <suite started-at="2025-12-31T12:33:31 IST" name="Default suite" finished-at="2025-12-31T12:34:56 IST" duration-ms="85084">
    <groups>
    </groups>
    <test started-at="2025-12-31T12:33:31 IST" name="Default test" finished-at="2025-12-31T12:34:56 IST" duration-ms="85084">
      <class name="Enterprise_Codeclouds.Project.Enterprise.Case_Appplications">
        <test-method is-config="true" signature="setup()[pri:0, instance:Enterprise_Codeclouds.Project.Enterprise.Case_Appplications@2a5c8d3f]" started-at="2025-12-31T12:33:31 IST" name="setup" finished-at="2025-12-31T12:33:33 IST" duration-ms="1956" status="PASS">
          <reporter-output>
          </reporter-output>
        </test-method> <!-- setup -->
        <test-method signature="Add_case(java.util.TreeMap,java.util.TreeMap,java.util.TreeMap)[pri:0, instance:Enterprise_Codeclouds.Project.Enterprise.Case_Appplications@2a5c8d3f]" started-at="2025-12-31T12:33:33 IST" name="Add_case" data-provider="case_plus_plaintiff" finished-at="2025-12-31T12:34:56 IST" duration-ms="82727" status="PASS">
          <params>
            <param index="0">
              <value>
                <![CDATA[{Agreement Date=01/14/2026, Application Status=In Review, Approved Amount=23000, Attorney Name=Attorney Tjark Krenzler, Buyout Amount=14500, Buyout Expiry Date=01/14/2030, Buyout Funder Name=Pioneer Plaintiff Finance, Case #=216, Case Type=Products Liability, Court Index Number=21CV-2310-PL-001820, Date of Incident=10/14/2023, Document prep fee=285, Fund transfer fee=105, Interest Start Date=01/16/2026, Law Firm Name=Dietrich & Kuznetsov-Schmidt Serious Spine, Brain & Orthopedic Injury Advocates, Lead Source=Broker, Rate of Return=41, Recommended Max Funding=23000, Requested Amount=54000, Risk Level=Moderate, SMS Message Body=Your products liability file is under defect review. We’ll update you after expert validation. – Lumberjack Legal Finance, SMS Message Title=Defect Review, State=Ohio, Summary=E-scooter stem failure during braking; fall with collarbone fracture and dental injury; device preserved; expert inspection planned., Underwriting Notes=Preservation and chain-of-custody required; confirm manufacturing/maintenance history and any recalls. Damages supported by fracture and dental care. Stage funding pending defect opinion.}]]>
              </value>
            </param>
            <param index="1">
              <value>
                <![CDATA[{Address Line 1=1001 Bishop St, Address Line 2=Floor 7, Date of Birth=04/19/1992, Email=gideon.briarborne@mailto.plus, First Name=Gideon, Last Name=Briarborne, Middle Name=Mathieu, Name Suffix=Sr, Phone number=808-555-4404, Social Security Number=940-14-0404, State=Hawaii, Zip code=96813}]]>
              </value>
            </param>
            <param index="2">
              <value>
                <![CDATA[{Email=cassian.hohenstauf@mailto.plus, First Name=Attorney Cassian, Last Name=Hohenstauf, Law Firm=Brandtov & Lindenfeld Catastrophic Injury Rechtsanwälte Group, Middle Name=Alaric, Name Suffix=II, Office phone=4165558201, Phone=4165554201}]]>
              </value>
            </param>
          </params>
          <reporter-output>
          </reporter-output>
        </test-method> <!-- Add_case -->
        <test-method is-config="true" signature="Kill()[pri:0, instance:Enterprise_Codeclouds.Project.Enterprise.Case_Appplications@2a5c8d3f]" started-at="2025-12-31T12:34:56 IST" name="Kill" finished-at="2025-12-31T12:34:56 IST" duration-ms="328" status="PASS">
          <reporter-output>
          </reporter-output>
        </test-method> <!-- Kill -->
      </class> <!-- Enterprise_Codeclouds.Project.Enterprise.Case_Appplications -->
    </test> <!-- Default test -->
  </suite> <!-- Default suite -->
</testng-results>
