<?xml version="1.0" encoding="UTF-8"?>
<testng-results ignored="3" total="23" passed="17" failed="3" skipped="0">
  <reporter-output>
  </reporter-output>
  <suite started-at="2025-12-23T13:39:49 IST" name="Default suite" finished-at="2025-12-23T13:44:52 IST" duration-ms="302562">
    <groups>
    </groups>
    <test started-at="2025-12-23T13:39:49 IST" name="Default test" finished-at="2025-12-23T13:44:52 IST" duration-ms="302562">
      <class name="Enterprise_Codeclouds.Project.Enterprise.Attorney_module">
        <test-method is-config="true" signature="setup()[pri:0, instance:Enterprise_Codeclouds.Project.Enterprise.Attorney_module@752325ad]" started-at="2025-12-23T13:39:49 IST" name="setup" finished-at="2025-12-23T13:39:55 IST" duration-ms="6305" status="PASS">
          <reporter-output>
          </reporter-output>
        </test-method> <!-- setup -->
        <test-method signature="Attorney_Add(java.util.TreeMap)[pri:0, instance:Enterprise_Codeclouds.Project.Enterprise.Attorney_module@752325ad]" started-at="2025-12-23T13:39:55 IST" name="Attorney_Add" data-provider="attorneyStaffData" finished-at="2025-12-23T13:40:08 IST" duration-ms="12864" status="PASS">
          <params>
            <param index="0">
              <value>
                <![CDATA[{Email=arved.hirschmann@mailto.plus, First Name=Attorney Arved, Last Name=Hirschmann, Law Firm=Brandtov & Lindenfeld Catastrophic Injury Rechtsanwälte Group, Middle Name=Quirin, Name Suffix=III, Office phone=4165557101, Phone=4165553101}]]>
              </value>
            </param>
          </params>
          <reporter-output>
          </reporter-output>
        </test-method> <!-- Attorney_Add -->
        <test-method is-config="true" signature="Kill()[pri:0, instance:Enterprise_Codeclouds.Project.Enterprise.Attorney_module@752325ad]" started-at="2025-12-23T13:40:08 IST" name="Kill" finished-at="2025-12-23T13:40:09 IST" duration-ms="347" status="PASS">
          <reporter-output>
          </reporter-output>
        </test-method> <!-- Kill -->
        <test-method is-config="true" signature="setup()[pri:0, instance:Enterprise_Codeclouds.Project.Enterprise.Attorney_module@752325ad]" started-at="2025-12-23T13:40:09 IST" name="setup" finished-at="2025-12-23T13:40:10 IST" duration-ms="945" status="PASS">
          <reporter-output>
          </reporter-output>
        </test-method> <!-- setup -->
        <test-method signature="Attorney_Add(java.util.TreeMap)[pri:0, instance:Enterprise_Codeclouds.Project.Enterprise.Attorney_module@752325ad]" started-at="2025-12-23T13:40:10 IST" name="Attorney_Add" data-provider="attorneyStaffData" finished-at="2025-12-23T13:40:22 IST" duration-ms="12561" status="PASS">
          <params>
            <param index="0">
              <value>
                <![CDATA[{Email=leofric.kaltwasser@mailto.plus, First Name=Attorney Leofric, Last Name=Kaltwasser, Law Firm=Markov-Bauer Cross-Border Truck & Autobahn Accident Trial Partners, Middle Name=Bastian, Name Suffix=Sr, Office phone=6475557102, Phone=6475553102}]]>
              </value>
            </param>
          </params>
          <reporter-output>
          </reporter-output>
        </test-method> <!-- Attorney_Add -->
        <test-method is-config="true" signature="Kill()[pri:0, instance:Enterprise_Codeclouds.Project.Enterprise.Attorney_module@752325ad]" started-at="2025-12-23T13:40:22 IST" name="Kill" finished-at="2025-12-23T13:40:23 IST" duration-ms="402" status="PASS">
          <reporter-output>
          </reporter-output>
        </test-method> <!-- Kill -->
        <test-method is-config="true" signature="setup()[pri:0, instance:Enterprise_Codeclouds.Project.Enterprise.Attorney_module@752325ad]" started-at="2025-12-23T13:40:23 IST" name="setup" finished-at="2025-12-23T13:40:23 IST" duration-ms="880" status="PASS">
          <reporter-output>
          </reporter-output>
        </test-method> <!-- setup -->
        <test-method signature="Attorney_Add(java.util.TreeMap)[pri:0, instance:Enterprise_Codeclouds.Project.Enterprise.Attorney_module@752325ad]" started-at="2025-12-23T13:40:23 IST" name="Attorney_Add" data-provider="attorneyStaffData" finished-at="2025-12-23T13:40:36 IST" duration-ms="12038" status="PASS">
          <params>
            <param index="0">
              <value>
                <![CDATA[{Email=severin.tannenberg@mailto.plus, First Name=Attorney Severin, Last Name=Tannenberg, Law Firm=Dietrich & Kuznetsov-Schmidt Serious Spine, Brain & Orthopedic Injury Advocates, Middle Name=Anselm, Name Suffix=II, Office phone=9055557103, Phone=9055553103}]]>
              </value>
            </param>
          </params>
          <reporter-output>
          </reporter-output>
        </test-method> <!-- Attorney_Add -->
        <test-method is-config="true" signature="Kill()[pri:0, instance:Enterprise_Codeclouds.Project.Enterprise.Attorney_module@752325ad]" started-at="2025-12-23T13:40:36 IST" name="Kill" finished-at="2025-12-23T13:40:36 IST" duration-ms="253" status="PASS">
          <reporter-output>
          </reporter-output>
        </test-method> <!-- Kill -->
        <test-method is-config="true" signature="setup()[pri:0, instance:Enterprise_Codeclouds.Project.Enterprise.Attorney_module@752325ad]" started-at="2025-12-23T13:40:36 IST" name="setup" finished-at="2025-12-23T13:40:37 IST" duration-ms="891" status="PASS">
          <reporter-output>
          </reporter-output>
        </test-method> <!-- setup -->
        <test-method signature="Attorney_Add(java.util.TreeMap)[pri:0, instance:Enterprise_Codeclouds.Project.Enterprise.Attorney_module@752325ad]" started-at="2025-12-23T13:40:37 IST" name="Attorney_Add" data-provider="attorneyStaffData" finished-at="2025-12-23T13:40:56 IST" duration-ms="19376" status="FAIL">
          <params>
            <param index="0">
              <value>
                <![CDATA[{Email=ulric.reichenauer@mailto.plus, First Name=Attorney Ulric, Last Name=Reichenauer, Law Firm=Lindenfeld, Hartmannski & Blumenkov Worksite, Scaffold & Industrial Injury Kanzlei, Middle Name=Matthieu, Name Suffix=Jr, Office phone=2895557104, Phone=2895553104}]]>
              </value>
            </param>
          </params>
          <exception class="org.openqa.selenium.TimeoutException">
            <message>
              <![CDATA[Expected condition failed: waiting for visibility of Proxy element for: DefaultElementLocator 'By.xpath: (//div[@class='rc-virtual-list'])[1]' (tried for 10 second(s) with 500 milliseconds interval)]]>
            </message>
            <full-stacktrace>
              <![CDATA[org.openqa.selenium.TimeoutException: Expected condition failed: waiting for visibility of Proxy element for: DefaultElementLocator 'By.xpath: (//div[@class='rc-virtual-list'])[1]' (tried for 10 second(s) with 500 milliseconds interval)
at org.openqa.selenium.support.ui.WebDriverWait.timeoutException(WebDriverWait.java:84)
at org.openqa.selenium.support.ui.FluentWait.until(FluentWait.java:228)
at Repeatative_codes.Repeat.wait_for_theElement(Repeat.java:41)
at Locaters.Application_Locaters.plaintiff_dropdown_list(Application_Locaters.java:118)
at Enterprise_Codeclouds.Project.Enterprise.Attorney_module.Attorney_Add(Attorney_module.java:40)
at java.base/jdk.internal.reflect.DirectMethodHandleAccessor.invoke(DirectMethodHandleAccessor.java:103)
at java.base/java.lang.reflect.Method.invoke(Method.java:580)
at org.testng.internal.invokers.MethodInvocationHelper.invokeMethod(MethodInvocationHelper.java:141)
at org.testng.internal.invokers.TestInvoker.invokeMethod(TestInvoker.java:687)
at org.testng.internal.invokers.TestInvoker.invokeTestMethod(TestInvoker.java:230)
at org.testng.internal.invokers.MethodRunner.runInSequence(MethodRunner.java:63)
at org.testng.internal.invokers.TestInvoker$MethodInvocationAgent.invoke(TestInvoker.java:995)
at org.testng.internal.invokers.TestInvoker.invokeTestMethods(TestInvoker.java:203)
at org.testng.internal.invokers.TestMethodWorker.invokeTestMethods(TestMethodWorker.java:154)
at org.testng.internal.invokers.TestMethodWorker.run(TestMethodWorker.java:134)
at java.base/java.util.ArrayList.forEach(ArrayList.java:1596)
at org.testng.TestRunner.privateRun(TestRunner.java:741)
at org.testng.TestRunner.run(TestRunner.java:616)
at org.testng.SuiteRunner.runTest(SuiteRunner.java:421)
at org.testng.SuiteRunner.runSequentially(SuiteRunner.java:413)
at org.testng.SuiteRunner.privateRun(SuiteRunner.java:373)
at org.testng.SuiteRunner.run(SuiteRunner.java:312)
at org.testng.SuiteRunnerWorker.runSuite(SuiteRunnerWorker.java:52)
at org.testng.SuiteRunnerWorker.run(SuiteRunnerWorker.java:95)
at org.testng.TestNG.runSuitesSequentially(TestNG.java:1274)
at org.testng.TestNG.runSuitesLocally(TestNG.java:1208)
at org.testng.TestNG.runSuites(TestNG.java:1112)
at org.testng.TestNG.run(TestNG.java:1079)
at org.testng.remote.AbstractRemoteTestNG.run(AbstractRemoteTestNG.java:115)
at org.testng.remote.RemoteTestNG.initAndRun(RemoteTestNG.java:293)
at org.testng.remote.RemoteTestNG.main(RemoteTestNG.java:91)
Caused by: org.openqa.selenium.NoSuchElementException: no such element: Unable to locate element: {"method":"xpath","selector":"(//div[@class='rc-virtual-list'])[1]"}
  (Session info: chrome=143.0.7499.146)
For documentation on this error, please visit: https://www.selenium.dev/documentation/webdriver/troubleshooting/errors#no-such-element-exception
Build info: version: '4.33.0', revision: '2c6aaad03a'
System info: os.name: 'Windows 11', os.arch: 'amd64', os.version: '10.0', java.version: '21.0.9'
Driver info: org.openqa.selenium.chrome.ChromeDriver
Command: [9b33d2affcb5e750a96e07cf773bb32a, findElement {using=xpath, value=(//div[@class='rc-virtual-list'])[1]}]
Capabilities {acceptInsecureCerts: false, browserName: chrome, browserVersion: 143.0.7499.146, chrome: {chromedriverVersion: 143.0.7499.169 (164b20aab62..., userDataDir: C:\Users\CODECL~1\AppData\L...}, fedcm:accounts: true, goog:chromeOptions: {debuggerAddress: localhost:58348}, goog:processID: 19256, networkConnectionEnabled: false, pageLoadStrategy: normal, platformName: windows, proxy: Proxy(), se:cdp: ws://localhost:58348/devtoo..., se:cdpVersion: 143.0.7499.146, setWindowRect: true, strictFileInteractability: false, timeouts: {implicit: 0, pageLoad: 300000, script: 30000}, unhandledPromptBehavior: dismiss and notify, webauthn:extension:credBlob: true, webauthn:extension:largeBlob: true, webauthn:extension:minPinLength: true, webauthn:extension:prf: true, webauthn:virtualAuthenticators: true}
Session ID: 9b33d2affcb5e750a96e07cf773bb32a
at java.base/jdk.internal.reflect.DirectConstructorHandleAccessor.newInstance(DirectConstructorHandleAccessor.java:62)
at java.base/java.lang.reflect.Constructor.newInstanceWithCaller(Constructor.java:502)
at java.base/java.lang.reflect.Constructor.newInstance(Constructor.java:486)
at org.openqa.selenium.remote.ErrorCodec.decode(ErrorCodec.java:167)
at org.openqa.selenium.remote.codec.w3c.W3CHttpResponseCodec.decode(W3CHttpResponseCodec.java:138)
at org.openqa.selenium.remote.codec.w3c.W3CHttpResponseCodec.decode(W3CHttpResponseCodec.java:50)
at org.openqa.selenium.remote.HttpCommandExecutor.execute(HttpCommandExecutor.java:215)
at org.openqa.selenium.remote.service.DriverCommandExecutor.invokeExecute(DriverCommandExecutor.java:216)
at org.openqa.selenium.remote.service.DriverCommandExecutor.execute(DriverCommandExecutor.java:174)
at org.openqa.selenium.remote.RemoteWebDriver.execute(RemoteWebDriver.java:544)
at org.openqa.selenium.remote.ElementLocation$ElementFinder$2.findElement(ElementLocation.java:165)
at org.openqa.selenium.remote.ElementLocation.findElement(ElementLocation.java:59)
at org.openqa.selenium.remote.RemoteWebDriver.findElement(RemoteWebDriver.java:367)
at org.openqa.selenium.remote.RemoteWebDriver.findElement(RemoteWebDriver.java:361)
at org.openqa.selenium.support.pagefactory.DefaultElementLocator.findElement(DefaultElementLocator.java:68)
at org.openqa.selenium.support.pagefactory.internal.LocatingElementHandler.invoke(LocatingElementHandler.java:38)
at jdk.proxy2/jdk.proxy2.$Proxy18.isDisplayed(Unknown Source)
at org.openqa.selenium.support.ui.ExpectedConditions.elementIfVisible(ExpectedConditions.java:304)
at org.openqa.selenium.support.ui.ExpectedConditions$10.apply(ExpectedConditions.java:290)
at org.openqa.selenium.support.ui.ExpectedConditions$10.apply(ExpectedConditions.java:287)
at org.openqa.selenium.support.ui.FluentWait.until(FluentWait.java:203)
... 29 more
]]>
            </full-stacktrace>
          </exception> <!-- org.openqa.selenium.TimeoutException -->
          <reporter-output>
          </reporter-output>
        </test-method> <!-- Attorney_Add -->
        <test-method is-config="true" signature="Kill()[pri:0, instance:Enterprise_Codeclouds.Project.Enterprise.Attorney_module@752325ad]" started-at="2025-12-23T13:40:56 IST" name="Kill" finished-at="2025-12-23T13:40:56 IST" duration-ms="329" status="PASS">
          <reporter-output>
          </reporter-output>
        </test-method> <!-- Kill -->
        <test-method is-config="true" signature="setup()[pri:0, instance:Enterprise_Codeclouds.Project.Enterprise.Attorney_module@752325ad]" started-at="2025-12-23T13:40:56 IST" name="setup" finished-at="2025-12-23T13:40:57 IST" duration-ms="868" status="PASS">
          <reporter-output>
          </reporter-output>
        </test-method> <!-- setup -->
        <test-method signature="Attorney_Add(java.util.TreeMap)[pri:0, instance:Enterprise_Codeclouds.Project.Enterprise.Attorney_module@752325ad]" started-at="2025-12-23T13:40:57 IST" name="Attorney_Add" data-provider="attorneyStaffData" finished-at="2025-12-23T13:41:10 IST" duration-ms="12650" status="PASS">
          <params>
            <param index="0">
              <value>
                <![CDATA[{Email=gero.falkenhayn@mailto.plus, First Name=Attorney Gero, Last Name=Falkenhayn, Law Firm=Braunova-Petrov Medical Malpractice, Birth Injury & Patient Safety Law Collective, Middle Name=Lucien, Name Suffix=IV, Office phone=6135557105, Phone=6135553105}]]>
              </value>
            </param>
          </params>
          <reporter-output>
          </reporter-output>
        </test-method> <!-- Attorney_Add -->
        <test-method is-config="true" signature="Kill()[pri:0, instance:Enterprise_Codeclouds.Project.Enterprise.Attorney_module@752325ad]" started-at="2025-12-23T13:41:10 IST" name="Kill" finished-at="2025-12-23T13:41:10 IST" duration-ms="271" status="PASS">
          <reporter-output>
          </reporter-output>
        </test-method> <!-- Kill -->
        <test-method is-config="true" signature="setup()[pri:0, instance:Enterprise_Codeclouds.Project.Enterprise.Attorney_module@752325ad]" started-at="2025-12-23T13:41:10 IST" name="setup" finished-at="2025-12-23T13:41:11 IST" duration-ms="866" status="PASS">
          <reporter-output>
          </reporter-output>
        </test-method> <!-- setup -->
        <test-method signature="Attorney_Add(java.util.TreeMap)[pri:0, instance:Enterprise_Codeclouds.Project.Enterprise.Attorney_module@752325ad]" started-at="2025-12-23T13:41:11 IST" name="Attorney_Add" data-provider="attorneyStaffData" finished-at="2025-12-23T13:41:27 IST" duration-ms="15648" status="PASS">
          <params>
            <param index="0">
              <value>
                <![CDATA[{Email=winrich.schneeberger@mailto.plus, First Name=Attorney Winrich, Last Name=Schneeberger, Law Firm=Kleinberger & Schubertov Nursing Home Abuse, Elder Neglect & Pflegeheim Protection Firm, Middle Name=Olivier, Name Suffix=Sr, Office phone=5145557106, Phone=5145553106}]]>
              </value>
            </param>
          </params>
          <reporter-output>
          </reporter-output>
        </test-method> <!-- Attorney_Add -->
        <test-method is-config="true" signature="Kill()[pri:0, instance:Enterprise_Codeclouds.Project.Enterprise.Attorney_module@752325ad]" started-at="2025-12-23T13:41:27 IST" name="Kill" finished-at="2025-12-23T13:41:27 IST" duration-ms="264" status="PASS">
          <reporter-output>
          </reporter-output>
        </test-method> <!-- Kill -->
        <test-method is-config="true" signature="setup()[pri:0, instance:Enterprise_Codeclouds.Project.Enterprise.Attorney_module@752325ad]" started-at="2025-12-23T13:41:27 IST" name="setup" finished-at="2025-12-23T13:41:28 IST" duration-ms="885" status="PASS">
          <reporter-output>
          </reporter-output>
        </test-method> <!-- setup -->
        <test-method signature="Attorney_Add(java.util.TreeMap)[pri:0, instance:Enterprise_Codeclouds.Project.Enterprise.Attorney_module@752325ad]" started-at="2025-12-23T13:41:28 IST" name="Attorney_Add" data-provider="attorneyStaffData" finished-at="2025-12-23T13:41:41 IST" duration-ms="12950" status="PASS">
          <params>
            <param index="0">
              <value>
                <![CDATA[{Email=cedric.eisenhauer@mailto.plus, First Name=Attorney Cedric, Last Name=Eisenhauer, Law Firm=Wolframova & Königstein Urban Bicycle, Pedestrian & Verkehrskollision Attorneys, Middle Name=Noel, Name Suffix=II, Office phone=3435557107, Phone=3435553107}]]>
              </value>
            </param>
          </params>
          <reporter-output>
          </reporter-output>
        </test-method> <!-- Attorney_Add -->
        <test-method is-config="true" signature="Kill()[pri:0, instance:Enterprise_Codeclouds.Project.Enterprise.Attorney_module@752325ad]" started-at="2025-12-23T13:41:41 IST" name="Kill" finished-at="2025-12-23T13:41:41 IST" duration-ms="267" status="PASS">
          <reporter-output>
          </reporter-output>
        </test-method> <!-- Kill -->
        <test-method is-config="true" signature="setup()[pri:0, instance:Enterprise_Codeclouds.Project.Enterprise.Attorney_module@752325ad]" started-at="2025-12-23T13:41:41 IST" name="setup" finished-at="2025-12-23T13:41:42 IST" duration-ms="849" status="PASS">
          <reporter-output>
          </reporter-output>
        </test-method> <!-- setup -->
        <test-method signature="Attorney_Add(java.util.TreeMap)[pri:0, instance:Enterprise_Codeclouds.Project.Enterprise.Attorney_module@752325ad]" started-at="2025-12-23T13:41:42 IST" name="Attorney_Add" data-provider="attorneyStaffData" finished-at="2025-12-23T13:41:55 IST" duration-ms="12670" status="PASS">
          <params>
            <param index="0">
              <value>
                <![CDATA[{Email=dieter.blumenrath@mailto.plus, First Name=Attorney Dieter, Last Name=Blumenrath, Law Firm=Beckendorf & Neumannova School Negligence, Child Injury & Jugend Safety Trial Lawyers, Middle Name=Remy, Name Suffix=Jr, Office phone=7805557108, Phone=7805553108}]]>
              </value>
            </param>
          </params>
          <reporter-output>
          </reporter-output>
        </test-method> <!-- Attorney_Add -->
        <test-method is-config="true" signature="Kill()[pri:0, instance:Enterprise_Codeclouds.Project.Enterprise.Attorney_module@752325ad]" started-at="2025-12-23T13:41:55 IST" name="Kill" finished-at="2025-12-23T13:41:55 IST" duration-ms="268" status="PASS">
          <reporter-output>
          </reporter-output>
        </test-method> <!-- Kill -->
        <test-method is-config="true" signature="setup()[pri:0, instance:Enterprise_Codeclouds.Project.Enterprise.Attorney_module@752325ad]" started-at="2025-12-23T13:41:55 IST" name="setup" finished-at="2025-12-23T13:41:56 IST" duration-ms="858" status="PASS">
          <reporter-output>
          </reporter-output>
        </test-method> <!-- setup -->
        <test-method signature="Attorney_Add(java.util.TreeMap)[pri:0, instance:Enterprise_Codeclouds.Project.Enterprise.Attorney_module@752325ad]" started-at="2025-12-23T13:41:56 IST" name="Attorney_Add" data-provider="attorneyStaffData" finished-at="2025-12-23T13:42:08 IST" duration-ms="12727" status="PASS">
          <params>
            <param index="0">
              <value>
                <![CDATA[{Email=alwin.hohenegger@mailto.plus, First Name=Attorney Alwin, Last Name=Hohenegger, Law Firm=Falkenova, Dornik & Brechtova Maritime, Boat & Seeufer Accident Rechtsberatung Group, Middle Name=Claude, Name Suffix=III, Office phone=9025557109, Phone=9025553109}]]>
              </value>
            </param>
          </params>
          <reporter-output>
          </reporter-output>
        </test-method> <!-- Attorney_Add -->
        <test-method is-config="true" signature="Kill()[pri:0, instance:Enterprise_Codeclouds.Project.Enterprise.Attorney_module@752325ad]" started-at="2025-12-23T13:42:08 IST" name="Kill" finished-at="2025-12-23T13:42:09 IST" duration-ms="371" status="PASS">
          <reporter-output>
          </reporter-output>
        </test-method> <!-- Kill -->
        <test-method is-config="true" signature="setup()[pri:0, instance:Enterprise_Codeclouds.Project.Enterprise.Attorney_module@752325ad]" started-at="2025-12-23T13:42:09 IST" name="setup" finished-at="2025-12-23T13:42:10 IST" duration-ms="857" status="PASS">
          <reporter-output>
          </reporter-output>
        </test-method> <!-- setup -->
        <test-method signature="Attorney_Add(java.util.TreeMap)[pri:0, instance:Enterprise_Codeclouds.Project.Enterprise.Attorney_module@752325ad]" started-at="2025-12-23T13:42:10 IST" name="Attorney_Add" data-provider="attorneyStaffData" finished-at="2025-12-23T13:42:22 IST" duration-ms="12465" status="PASS">
          <params>
            <param index="0">
              <value>
                <![CDATA[{Email=korbinian.sternbach@mailto.plus, First Name=Attorney Korbinian, Last Name=Sternbach, Law Firm=Krausov-Bauer Polizeimisconduct, Civil Rights & Bürgerfreiheiten Law Center, Middle Name=Jasper, Name Suffix=Sr, Office phone=4505557110, Phone=4505553110}]]>
              </value>
            </param>
          </params>
          <reporter-output>
          </reporter-output>
        </test-method> <!-- Attorney_Add -->
        <test-method is-config="true" signature="Kill()[pri:0, instance:Enterprise_Codeclouds.Project.Enterprise.Attorney_module@752325ad]" started-at="2025-12-23T13:42:22 IST" name="Kill" finished-at="2025-12-23T13:42:22 IST" duration-ms="249" status="PASS">
          <reporter-output>
          </reporter-output>
        </test-method> <!-- Kill -->
        <test-method is-config="true" signature="setup()[pri:0, instance:Enterprise_Codeclouds.Project.Enterprise.Attorney_module@752325ad]" started-at="2025-12-23T13:42:22 IST" name="setup" finished-at="2025-12-23T13:42:23 IST" duration-ms="781" status="PASS">
          <reporter-output>
          </reporter-output>
        </test-method> <!-- setup -->
        <test-method signature="Attorney_Add(java.util.TreeMap)[pri:0, instance:Enterprise_Codeclouds.Project.Enterprise.Attorney_module@752325ad]" started-at="2025-12-23T13:42:23 IST" name="Attorney_Add" data-provider="attorneyStaffData" finished-at="2025-12-23T13:42:33 IST" duration-ms="9371" status="FAIL">
          <params>
            <param index="0">
              <value>
                <![CDATA[{Email=isidor.waldkirch@mailto.plus, First Name=Attorney Isidor, Last Name=Waldkirch, Law Firm=Schweitzerova & Voronov Bad Faith Insurance, Claim Denial & Verbraucherrechte Counsel, Middle Name=Benoit, Name Suffix=II, Office phone=5875557111, Phone=5875553111}]]>
              </value>
            </param>
          </params>
          <exception class="java.lang.RuntimeException">
            <message>
              <![CDATA[Element list is null or empty. Check the locator or timing.]]>
            </message>
            <full-stacktrace>
              <![CDATA[java.lang.RuntimeException: Element list is null or empty. Check the locator or timing.
at Repeatative_codes.Repeat.wait_for_theElement(Repeat.java:47)
at Locaters.Application_Locaters.Plaintiff_options(Application_Locaters.java:129)
at Enterprise_Codeclouds.Project.Enterprise.Attorney_module.Attorney_Add(Attorney_module.java:41)
at java.base/jdk.internal.reflect.DirectMethodHandleAccessor.invoke(DirectMethodHandleAccessor.java:103)
at java.base/java.lang.reflect.Method.invoke(Method.java:580)
at org.testng.internal.invokers.MethodInvocationHelper.invokeMethod(MethodInvocationHelper.java:141)
at org.testng.internal.invokers.TestInvoker.invokeMethod(TestInvoker.java:687)
at org.testng.internal.invokers.TestInvoker.invokeTestMethod(TestInvoker.java:230)
at org.testng.internal.invokers.MethodRunner.runInSequence(MethodRunner.java:63)
at org.testng.internal.invokers.TestInvoker$MethodInvocationAgent.invoke(TestInvoker.java:995)
at org.testng.internal.invokers.TestInvoker.invokeTestMethods(TestInvoker.java:203)
at org.testng.internal.invokers.TestMethodWorker.invokeTestMethods(TestMethodWorker.java:154)
at org.testng.internal.invokers.TestMethodWorker.run(TestMethodWorker.java:134)
at java.base/java.util.ArrayList.forEach(ArrayList.java:1596)
at org.testng.TestRunner.privateRun(TestRunner.java:741)
at org.testng.TestRunner.run(TestRunner.java:616)
at org.testng.SuiteRunner.runTest(SuiteRunner.java:421)
at org.testng.SuiteRunner.runSequentially(SuiteRunner.java:413)
at org.testng.SuiteRunner.privateRun(SuiteRunner.java:373)
at org.testng.SuiteRunner.run(SuiteRunner.java:312)
at org.testng.SuiteRunnerWorker.runSuite(SuiteRunnerWorker.java:52)
at org.testng.SuiteRunnerWorker.run(SuiteRunnerWorker.java:95)
at org.testng.TestNG.runSuitesSequentially(TestNG.java:1274)
at org.testng.TestNG.runSuitesLocally(TestNG.java:1208)
at org.testng.TestNG.runSuites(TestNG.java:1112)
at org.testng.TestNG.run(TestNG.java:1079)
at org.testng.remote.AbstractRemoteTestNG.run(AbstractRemoteTestNG.java:115)
at org.testng.remote.RemoteTestNG.initAndRun(RemoteTestNG.java:293)
at org.testng.remote.RemoteTestNG.main(RemoteTestNG.java:91)
]]>
            </full-stacktrace>
          </exception> <!-- java.lang.RuntimeException -->
          <reporter-output>
          </reporter-output>
        </test-method> <!-- Attorney_Add -->
        <test-method is-config="true" signature="Kill()[pri:0, instance:Enterprise_Codeclouds.Project.Enterprise.Attorney_module@752325ad]" started-at="2025-12-23T13:42:33 IST" name="Kill" finished-at="2025-12-23T13:42:33 IST" duration-ms="261" status="PASS">
          <reporter-output>
          </reporter-output>
        </test-method> <!-- Kill -->
        <test-method is-config="true" signature="setup()[pri:0, instance:Enterprise_Codeclouds.Project.Enterprise.Attorney_module@752325ad]" started-at="2025-12-23T13:42:33 IST" name="setup" finished-at="2025-12-23T13:42:34 IST" duration-ms="787" status="PASS">
          <reporter-output>
          </reporter-output>
        </test-method> <!-- setup -->
        <test-method signature="Attorney_Add(java.util.TreeMap)[pri:0, instance:Enterprise_Codeclouds.Project.Enterprise.Attorney_module@752325ad]" started-at="2025-12-23T13:42:34 IST" name="Attorney_Add" data-provider="attorneyStaffData" finished-at="2025-12-23T13:42:46 IST" duration-ms="12696" status="PASS">
          <params>
            <param index="0">
              <value>
                <![CDATA[{Email=alaric.kronauer@mailto.plus, First Name=Attorney Alaric, Last Name=Kronauer, Law Firm=Capital City Consumer Protection, Bad Faith Insurance & Claim Denial Law Offices, Middle Name=Thierry, Name Suffix=Jr, Office phone=2045557112, Phone=2045553112}]]>
              </value>
            </param>
          </params>
          <reporter-output>
          </reporter-output>
        </test-method> <!-- Attorney_Add -->
        <test-method is-config="true" signature="Kill()[pri:0, instance:Enterprise_Codeclouds.Project.Enterprise.Attorney_module@752325ad]" started-at="2025-12-23T13:42:46 IST" name="Kill" finished-at="2025-12-23T13:42:47 IST" duration-ms="259" status="PASS">
          <reporter-output>
          </reporter-output>
        </test-method> <!-- Kill -->
        <test-method is-config="true" signature="setup()[pri:0, instance:Enterprise_Codeclouds.Project.Enterprise.Attorney_module@752325ad]" started-at="2025-12-23T13:42:47 IST" name="setup" finished-at="2025-12-23T13:42:47 IST" duration-ms="868" status="PASS">
          <reporter-output>
          </reporter-output>
        </test-method> <!-- setup -->
        <test-method signature="Attorney_Add(java.util.TreeMap)[pri:0, instance:Enterprise_Codeclouds.Project.Enterprise.Attorney_module@752325ad]" started-at="2025-12-23T13:42:47 IST" name="Attorney_Add" data-provider="attorneyStaffData" finished-at="2025-12-23T13:43:00 IST" duration-ms="12161" status="PASS">
          <params>
            <param index="0">
              <value>
                <![CDATA[{Email=fedor.rosenkranz@mailto.plus, First Name=Attorney Fedor, Last Name=Rosenkranz, Law Firm=Northern Indiana Construction Site Accident, Scaffold & Workplace Injury Attorneys, Middle Name=Caius, Name Suffix=III, Office phone=7785557113, Phone=7785553113}]]>
              </value>
            </param>
          </params>
          <reporter-output>
          </reporter-output>
        </test-method> <!-- Attorney_Add -->
        <test-method is-config="true" signature="Kill()[pri:0, instance:Enterprise_Codeclouds.Project.Enterprise.Attorney_module@752325ad]" started-at="2025-12-23T13:43:00 IST" name="Kill" finished-at="2025-12-23T13:43:00 IST" duration-ms="306" status="PASS">
          <reporter-output>
          </reporter-output>
        </test-method> <!-- Kill -->
        <test-method is-config="true" signature="setup()[pri:0, instance:Enterprise_Codeclouds.Project.Enterprise.Attorney_module@752325ad]" started-at="2025-12-23T13:43:00 IST" name="setup" finished-at="2025-12-23T13:43:01 IST" duration-ms="841" status="PASS">
          <reporter-output>
          </reporter-output>
        </test-method> <!-- setup -->
        <test-method signature="Attorney_Add(java.util.TreeMap)[pri:0, instance:Enterprise_Codeclouds.Project.Enterprise.Attorney_module@752325ad]" started-at="2025-12-23T13:43:01 IST" name="Attorney_Add" data-provider="attorneyStaffData" finished-at="2025-12-23T13:43:13 IST" duration-ms="12513" status="PASS">
          <params>
            <param index="0">
              <value>
                <![CDATA[{Email=emmerich.dachsberger@mailto.plus, First Name=Attorney Emmerich, Last Name=Dachsberger, Law Firm=Prairie State Bicycle, Pedestrian & Urban Traffic Collision Law Collective, Middle Name=Sebastien, Name Suffix=Sr, Office phone=4185557114, Phone=4185553114}]]>
              </value>
            </param>
          </params>
          <reporter-output>
          </reporter-output>
        </test-method> <!-- Attorney_Add -->
        <test-method is-config="true" signature="Kill()[pri:0, instance:Enterprise_Codeclouds.Project.Enterprise.Attorney_module@752325ad]" started-at="2025-12-23T13:43:13 IST" name="Kill" finished-at="2025-12-23T13:43:14 IST" duration-ms="401" status="PASS">
          <reporter-output>
          </reporter-output>
        </test-method> <!-- Kill -->
        <test-method is-config="true" signature="setup()[pri:0, instance:Enterprise_Codeclouds.Project.Enterprise.Attorney_module@752325ad]" started-at="2025-12-23T13:43:14 IST" name="setup" finished-at="2025-12-23T13:43:15 IST" duration-ms="1468" status="PASS">
          <reporter-output>
          </reporter-output>
        </test-method> <!-- setup -->
        <test-method signature="Attorney_Add(java.util.TreeMap)[pri:0, instance:Enterprise_Codeclouds.Project.Enterprise.Attorney_module@752325ad]" started-at="2025-12-23T13:43:15 IST" name="Attorney_Add" data-provider="attorneyStaffData" finished-at="2025-12-23T13:43:28 IST" duration-ms="12913" status="PASS">
          <params>
            <param index="0">
              <value>
                <![CDATA[{Email=volker.eichenwald@mailto.plus, First Name=Attorney Volker, Last Name=Eichenwald, Law Firm=Horizon Child Injury, School Negligence & Playground Accident Trial Lawyers, Middle Name=Hugo, Name Suffix=II, Office phone=5065557115, Phone=5065553115}]]>
              </value>
            </param>
          </params>
          <reporter-output>
          </reporter-output>
        </test-method> <!-- Attorney_Add -->
        <test-method is-config="true" signature="Kill()[pri:0, instance:Enterprise_Codeclouds.Project.Enterprise.Attorney_module@752325ad]" started-at="2025-12-23T13:43:28 IST" name="Kill" finished-at="2025-12-23T13:43:28 IST" duration-ms="294" status="PASS">
          <reporter-output>
          </reporter-output>
        </test-method> <!-- Kill -->
        <test-method is-config="true" signature="setup()[pri:0, instance:Enterprise_Codeclouds.Project.Enterprise.Attorney_module@752325ad]" started-at="2025-12-23T13:43:28 IST" name="setup" finished-at="2025-12-23T13:43:29 IST" duration-ms="853" status="PASS">
          <reporter-output>
          </reporter-output>
        </test-method> <!-- setup -->
        <test-method signature="Attorney_Add(java.util.TreeMap)[pri:0, instance:Enterprise_Codeclouds.Project.Enterprise.Attorney_module@752325ad]" started-at="2025-12-23T13:43:29 IST" name="Attorney_Add" data-provider="attorneyStaffData" finished-at="2025-12-23T13:43:42 IST" duration-ms="12510" status="PASS">
          <params>
            <param index="0">
              <value>
                <![CDATA[{Email=waldemar.kieselmann@mailto.plus, First Name=Attorney Waldemar, Last Name=Kieselmann, Law Firm=1010 South Meridian Street, Justice Square, Middle Name=Marc, Name Suffix=IV, Office phone=5195557116, Phone=5195553116}]]>
              </value>
            </param>
          </params>
          <reporter-output>
          </reporter-output>
        </test-method> <!-- Attorney_Add -->
        <test-method is-config="true" signature="Kill()[pri:0, instance:Enterprise_Codeclouds.Project.Enterprise.Attorney_module@752325ad]" started-at="2025-12-23T13:43:42 IST" name="Kill" finished-at="2025-12-23T13:43:42 IST" duration-ms="467" status="PASS">
          <reporter-output>
          </reporter-output>
        </test-method> <!-- Kill -->
        <test-method is-config="true" signature="setup()[pri:0, instance:Enterprise_Codeclouds.Project.Enterprise.Attorney_module@752325ad]" started-at="2025-12-23T13:43:42 IST" name="setup" finished-at="2025-12-23T13:43:43 IST" duration-ms="872" status="PASS">
          <reporter-output>
          </reporter-output>
        </test-method> <!-- setup -->
        <test-method signature="Attorney_Add(java.util.TreeMap)[pri:0, instance:Enterprise_Codeclouds.Project.Enterprise.Attorney_module@752325ad]" started-at="2025-12-23T13:43:43 IST" name="Attorney_Add" data-provider="attorneyStaffData" finished-at="2025-12-23T13:44:00 IST" duration-ms="17063" status="PASS">
          <params>
            <param index="0">
              <value>
                <![CDATA[{Email=anno.hirschauer@mailto.plus, First Name=Attorney Anno, Last Name=Hirschauer, Law Firm=Brandtov & Lindenfeld Catastrophic Injury Rechtsanwälte Group, Middle Name=Pascal, Name Suffix=Jr, Office phone=7055557117, Phone=7055553117}]]>
              </value>
            </param>
          </params>
          <reporter-output>
          </reporter-output>
        </test-method> <!-- Attorney_Add -->
        <test-method is-config="true" signature="Kill()[pri:0, instance:Enterprise_Codeclouds.Project.Enterprise.Attorney_module@752325ad]" started-at="2025-12-23T13:44:00 IST" name="Kill" finished-at="2025-12-23T13:44:00 IST" duration-ms="305" status="PASS">
          <reporter-output>
          </reporter-output>
        </test-method> <!-- Kill -->
        <test-method is-config="true" signature="setup()[pri:0, instance:Enterprise_Codeclouds.Project.Enterprise.Attorney_module@752325ad]" started-at="2025-12-23T13:44:00 IST" name="setup" finished-at="2025-12-23T13:44:01 IST" duration-ms="867" status="PASS">
          <reporter-output>
          </reporter-output>
        </test-method> <!-- setup -->
        <test-method signature="Attorney_Add(java.util.TreeMap)[pri:0, instance:Enterprise_Codeclouds.Project.Enterprise.Attorney_module@752325ad]" started-at="2025-12-23T13:44:01 IST" name="Attorney_Add" data-provider="attorneyStaffData" finished-at="2025-12-23T13:44:15 IST" duration-ms="13590" status="PASS">
          <params>
            <param index="0">
              <value>
                <![CDATA[{Email=eamon.vogelmann@mailto.plus, First Name=Attorney Eamon, Last Name=Vogelmann, Law Firm=Markov-Bauer Cross-Border Truck & Autobahn Accident Trial Partners, Middle Name=Quentin, Name Suffix=II, Office phone=8675557118, Phone=8675553118}]]>
              </value>
            </param>
          </params>
          <reporter-output>
          </reporter-output>
        </test-method> <!-- Attorney_Add -->
        <test-method is-config="true" signature="Kill()[pri:0, instance:Enterprise_Codeclouds.Project.Enterprise.Attorney_module@752325ad]" started-at="2025-12-23T13:44:15 IST" name="Kill" finished-at="2025-12-23T13:44:17 IST" duration-ms="1896" status="PASS">
          <reporter-output>
          </reporter-output>
        </test-method> <!-- Kill -->
        <test-method is-config="true" signature="setup()[pri:0, instance:Enterprise_Codeclouds.Project.Enterprise.Attorney_module@752325ad]" started-at="2025-12-23T13:44:17 IST" name="setup" finished-at="2025-12-23T13:44:18 IST" duration-ms="862" status="PASS">
          <reporter-output>
          </reporter-output>
        </test-method> <!-- setup -->
        <test-method signature="Attorney_Add(java.util.TreeMap)[pri:0, instance:Enterprise_Codeclouds.Project.Enterprise.Attorney_module@752325ad]" started-at="2025-12-23T13:44:18 IST" name="Attorney_Add" data-provider="attorneyStaffData" finished-at="2025-12-23T13:44:31 IST" duration-ms="13361" status="PASS">
          <params>
            <param index="0">
              <value>
                <![CDATA[{Email=kuno.schwarzwald@mailto.plus, First Name=Attorney Kuno, Last Name=Schwarzwald, Law Firm=Dietrich & Kuznetsov-Schmidt Serious Spine, Brain & Orthopedic Injury Advocates, Middle Name=Emile, Name Suffix=Sr, Office phone=7095557119, Phone=7095553119}]]>
              </value>
            </param>
          </params>
          <reporter-output>
          </reporter-output>
        </test-method> <!-- Attorney_Add -->
        <test-method is-config="true" signature="Kill()[pri:0, instance:Enterprise_Codeclouds.Project.Enterprise.Attorney_module@752325ad]" started-at="2025-12-23T13:44:31 IST" name="Kill" finished-at="2025-12-23T13:44:31 IST" duration-ms="329" status="PASS">
          <reporter-output>
          </reporter-output>
        </test-method> <!-- Kill -->
        <test-method is-config="true" signature="setup()[pri:0, instance:Enterprise_Codeclouds.Project.Enterprise.Attorney_module@752325ad]" started-at="2025-12-23T13:44:31 IST" name="setup" finished-at="2025-12-23T13:44:32 IST" duration-ms="872" status="PASS">
          <reporter-output>
          </reporter-output>
        </test-method> <!-- setup -->
        <test-method signature="Attorney_Add(java.util.TreeMap)[pri:0, instance:Enterprise_Codeclouds.Project.Enterprise.Attorney_module@752325ad]" started-at="2025-12-23T13:44:32 IST" name="Attorney_Add" data-provider="attorneyStaffData" finished-at="2025-12-23T13:44:51 IST" duration-ms="19188" status="FAIL">
          <params>
            <param index="0">
              <value>
                <![CDATA[{Email=lorcan.tiefenthaler@mailto.plus, First Name=Attorney Lorcan, Last Name=Tiefenthaler, Law Firm=Lindenfeld, Hartmannski & Blumenkov Worksite, Scaffold & Industrial Injury Kanzlei, Middle Name=Alphonse, Name Suffix=III, Office phone=6045557120, Phone=6045553120}]]>
              </value>
            </param>
          </params>
          <exception class="org.openqa.selenium.TimeoutException">
            <message>
              <![CDATA[Expected condition failed: waiting for visibility of Proxy element for: DefaultElementLocator 'By.xpath: (//div[@class='rc-virtual-list'])[1]' (tried for 10 second(s) with 500 milliseconds interval)]]>
            </message>
            <full-stacktrace>
              <![CDATA[org.openqa.selenium.TimeoutException: Expected condition failed: waiting for visibility of Proxy element for: DefaultElementLocator 'By.xpath: (//div[@class='rc-virtual-list'])[1]' (tried for 10 second(s) with 500 milliseconds interval)
at org.openqa.selenium.support.ui.WebDriverWait.timeoutException(WebDriverWait.java:84)
at org.openqa.selenium.support.ui.FluentWait.until(FluentWait.java:228)
at Repeatative_codes.Repeat.wait_for_theElement(Repeat.java:41)
at Locaters.Application_Locaters.plaintiff_dropdown_list(Application_Locaters.java:118)
at Enterprise_Codeclouds.Project.Enterprise.Attorney_module.Attorney_Add(Attorney_module.java:40)
at java.base/jdk.internal.reflect.DirectMethodHandleAccessor.invoke(DirectMethodHandleAccessor.java:103)
at java.base/java.lang.reflect.Method.invoke(Method.java:580)
at org.testng.internal.invokers.MethodInvocationHelper.invokeMethod(MethodInvocationHelper.java:141)
at org.testng.internal.invokers.TestInvoker.invokeMethod(TestInvoker.java:687)
at org.testng.internal.invokers.TestInvoker.invokeTestMethod(TestInvoker.java:230)
at org.testng.internal.invokers.MethodRunner.runInSequence(MethodRunner.java:63)
at org.testng.internal.invokers.TestInvoker$MethodInvocationAgent.invoke(TestInvoker.java:995)
at org.testng.internal.invokers.TestInvoker.invokeTestMethods(TestInvoker.java:203)
at org.testng.internal.invokers.TestMethodWorker.invokeTestMethods(TestMethodWorker.java:154)
at org.testng.internal.invokers.TestMethodWorker.run(TestMethodWorker.java:134)
at java.base/java.util.ArrayList.forEach(ArrayList.java:1596)
at org.testng.TestRunner.privateRun(TestRunner.java:741)
at org.testng.TestRunner.run(TestRunner.java:616)
at org.testng.SuiteRunner.runTest(SuiteRunner.java:421)
at org.testng.SuiteRunner.runSequentially(SuiteRunner.java:413)
at org.testng.SuiteRunner.privateRun(SuiteRunner.java:373)
at org.testng.SuiteRunner.run(SuiteRunner.java:312)
at org.testng.SuiteRunnerWorker.runSuite(SuiteRunnerWorker.java:52)
at org.testng.SuiteRunnerWorker.run(SuiteRunnerWorker.java:95)
at org.testng.TestNG.runSuitesSequentially(TestNG.java:1274)
at org.testng.TestNG.runSuitesLocally(TestNG.java:1208)
at org.testng.TestNG.runSuites(TestNG.java:1112)
at org.testng.TestNG.run(TestNG.java:1079)
at org.testng.remote.AbstractRemoteTestNG.run(AbstractRemoteTestNG.java:115)
at org.testng.remote.RemoteTestNG.initAndRun(RemoteTestNG.java:293)
at org.testng.remote.RemoteTestNG.main(RemoteTestNG.java:91)
Caused by: org.openqa.selenium.NoSuchElementException: no such element: Unable to locate element: {"method":"xpath","selector":"(//div[@class='rc-virtual-list'])[1]"}
  (Session info: chrome=143.0.7499.146)
For documentation on this error, please visit: https://www.selenium.dev/documentation/webdriver/troubleshooting/errors#no-such-element-exception
Build info: version: '4.33.0', revision: '2c6aaad03a'
System info: os.name: 'Windows 11', os.arch: 'amd64', os.version: '10.0', java.version: '21.0.9'
Driver info: org.openqa.selenium.chrome.ChromeDriver
Command: [512cb2ea0c00c5c3d23be69e14fa607c, findElement {using=xpath, value=(//div[@class='rc-virtual-list'])[1]}]
Capabilities {acceptInsecureCerts: false, browserName: chrome, browserVersion: 143.0.7499.146, chrome: {chromedriverVersion: 143.0.7499.169 (164b20aab62..., userDataDir: C:\Users\CODECL~1\AppData\L...}, fedcm:accounts: true, goog:chromeOptions: {debuggerAddress: localhost:63114}, goog:processID: 5240, networkConnectionEnabled: false, pageLoadStrategy: normal, platformName: windows, proxy: Proxy(), se:cdp: ws://localhost:63114/devtoo..., se:cdpVersion: 143.0.7499.146, setWindowRect: true, strictFileInteractability: false, timeouts: {implicit: 0, pageLoad: 300000, script: 30000}, unhandledPromptBehavior: dismiss and notify, webauthn:extension:credBlob: true, webauthn:extension:largeBlob: true, webauthn:extension:minPinLength: true, webauthn:extension:prf: true, webauthn:virtualAuthenticators: true}
Session ID: 512cb2ea0c00c5c3d23be69e14fa607c
at java.base/jdk.internal.reflect.DirectConstructorHandleAccessor.newInstance(DirectConstructorHandleAccessor.java:62)
at java.base/java.lang.reflect.Constructor.newInstanceWithCaller(Constructor.java:502)
at java.base/java.lang.reflect.Constructor.newInstance(Constructor.java:486)
at org.openqa.selenium.remote.ErrorCodec.decode(ErrorCodec.java:167)
at org.openqa.selenium.remote.codec.w3c.W3CHttpResponseCodec.decode(W3CHttpResponseCodec.java:138)
at org.openqa.selenium.remote.codec.w3c.W3CHttpResponseCodec.decode(W3CHttpResponseCodec.java:50)
at org.openqa.selenium.remote.HttpCommandExecutor.execute(HttpCommandExecutor.java:215)
at org.openqa.selenium.remote.service.DriverCommandExecutor.invokeExecute(DriverCommandExecutor.java:216)
at org.openqa.selenium.remote.service.DriverCommandExecutor.execute(DriverCommandExecutor.java:174)
at org.openqa.selenium.remote.RemoteWebDriver.execute(RemoteWebDriver.java:544)
at org.openqa.selenium.remote.ElementLocation$ElementFinder$2.findElement(ElementLocation.java:165)
at org.openqa.selenium.remote.ElementLocation.findElement(ElementLocation.java:59)
at org.openqa.selenium.remote.RemoteWebDriver.findElement(RemoteWebDriver.java:367)
at org.openqa.selenium.remote.RemoteWebDriver.findElement(RemoteWebDriver.java:361)
at org.openqa.selenium.support.pagefactory.DefaultElementLocator.findElement(DefaultElementLocator.java:68)
at org.openqa.selenium.support.pagefactory.internal.LocatingElementHandler.invoke(LocatingElementHandler.java:38)
at jdk.proxy2/jdk.proxy2.$Proxy18.isDisplayed(Unknown Source)
at org.openqa.selenium.support.ui.ExpectedConditions.elementIfVisible(ExpectedConditions.java:304)
at org.openqa.selenium.support.ui.ExpectedConditions$10.apply(ExpectedConditions.java:290)
at org.openqa.selenium.support.ui.ExpectedConditions$10.apply(ExpectedConditions.java:287)
at org.openqa.selenium.support.ui.FluentWait.until(FluentWait.java:203)
... 29 more
]]>
            </full-stacktrace>
          </exception> <!-- org.openqa.selenium.TimeoutException -->
          <reporter-output>
          </reporter-output>
        </test-method> <!-- Attorney_Add -->
        <test-method is-config="true" signature="Kill()[pri:0, instance:Enterprise_Codeclouds.Project.Enterprise.Attorney_module@752325ad]" started-at="2025-12-23T13:44:51 IST" name="Kill" finished-at="2025-12-23T13:44:52 IST" duration-ms="272" status="PASS">
          <reporter-output>
          </reporter-output>
        </test-method> <!-- Kill -->
      </class> <!-- Enterprise_Codeclouds.Project.Enterprise.Attorney_module -->
    </test> <!-- Default test -->
  </suite> <!-- Default suite -->
</testng-results>
