<?xml version="1.0" encoding="UTF-8"?>
<testng-results ignored="3" total="4" passed="1" failed="0" skipped="0">
  <reporter-output>
  </reporter-output>
  <suite started-at="2026-01-06T20:31:41 IST" name="Default suite" finished-at="2026-01-06T20:33:24 IST" duration-ms="102799">
    <groups>
    </groups>
    <test started-at="2026-01-06T20:31:41 IST" name="Default test" finished-at="2026-01-06T20:33:24 IST" duration-ms="102799">
      <class name="Enterprise_Codeclouds.Project.Enterprise.Case_Appplications">
        <test-method is-config="true" signature="setup()[pri:0, instance:Enterprise_Codeclouds.Project.Enterprise.Case_Appplications@6ad82709]" started-at="2026-01-06T20:31:42 IST" name="setup" finished-at="2026-01-06T20:31:44 IST" duration-ms="1975" status="PASS">
          <reporter-output>
          </reporter-output>
        </test-method> <!-- setup -->
        <test-method signature="Add_case(java.util.TreeMap,java.util.TreeMap,java.util.TreeMap)[pri:0, instance:Enterprise_Codeclouds.Project.Enterprise.Case_Appplications@6ad82709]" started-at="2026-01-06T20:31:44 IST" name="Add_case" data-provider="case_plus_plaintiff" finished-at="2026-01-06T20:33:24 IST" duration-ms="100325" status="PASS">
          <params>
            <param index="0">
              <value>
                <![CDATA[{Agreement Date=01/06/2026, Application Status=In Review, Approved Amount=24000, Attorney Name=Attorney Orson Pfeiffer, Buyout Amount=15500, Buyout Expiry Date=01/06/2030, Buyout Funder Name=Frontline Capital Group, Case #=201, Case Type=Civil Rights, Court Index Number=49D03-2306-CR-001114, Date of Incident=06/08/2023, Document prep fee=325, Fund transfer fee=110, Interest Start Date=01/06/2026, Law Firm Name=Krausov-Bauer Polizeimisconduct, Civil Rights & Bürgerfreiheiten Law Center, Lead Source=Attorney Referral, Rate of Return=41, Recommended Max Funding=24000, Requested Amount=58000, Risk Level=Moderate, SMS Message Body=Your civil rights application is under review while key records are verified. We’ll update you soon. – Lumberjack Legal Finance, SMS Message Title=Civil Rights File In Review, State=Indiana, Summary=Alleged unlawful search and excessive detention during traffic stop; emotional distress and employment disruption claimed; bodycam footage requested., Underwriting Notes=Primary driver is evidence quality: bodycam, dispatch logs, incident report, and any internal affairs findings. Confirm notice requirements, immunities, and policy limits before expanding funding.}]]>
              </value>
            </param>
            <param index="1">
              <value>
                <![CDATA[{Address Line 1=1777 Ala Moana Boulevard, Seaside Commerce Atrium, Tower B, Suite 1410, Waikiki Edge, Near Convention Center, Address Line 2=Front Desk: Lobby Counter 2, Deliveries: Weekdays Only, Call-on-arrival Note: Leave with Reception if Door Closed, Date of Birth=03/09/1991, Email=thalassa.valenhurst@mailto.plus, First Name=Thalassa, Last Name=Valenhurst, Middle Name=Seraphine, Name Suffix=II, Phone number=808-555-8401, Social Security Number=963-01-9001, State=Hawaii, Zip code=96815}]]>
              </value>
            </param>
            <param index="2">
              <value>
                <![CDATA[{Email=cassian.hohenstauf@mailto.plus, First Name=Attorney Cassian, Last Name=Hohenstauf, Law Firm=Brandtov & Lindenfeld Catastrophic Injury Rechtsanwälte Group, Middle Name=Alaric, Name Suffix=II, Office phone=4165558201, Phone=4165554201}]]>
              </value>
            </param>
          </params>
          <reporter-output>
          </reporter-output>
        </test-method> <!-- Add_case -->
        <test-method is-config="true" signature="Kill()[pri:0, instance:Enterprise_Codeclouds.Project.Enterprise.Case_Appplications@6ad82709]" started-at="2026-01-06T20:33:24 IST" name="Kill" finished-at="2026-01-06T20:33:24 IST" duration-ms="421" status="PASS">
          <reporter-output>
          </reporter-output>
        </test-method> <!-- Kill -->
      </class> <!-- Enterprise_Codeclouds.Project.Enterprise.Case_Appplications -->
    </test> <!-- Default test -->
  </suite> <!-- Default suite -->
</testng-results>
