<?xml version="1.0" encoding="UTF-8"?>
<testng-results ignored="7" total="8" passed="1" failed="0" skipped="0">
  <reporter-output>
  </reporter-output>
  <suite started-at="2026-02-10T23:09:11 IST" name="Default suite" finished-at="2026-02-10T23:09:22 IST" duration-ms="11226">
    <groups>
    </groups>
    <test started-at="2026-02-10T23:09:11 IST" name="Default test" finished-at="2026-02-10T23:09:22 IST" duration-ms="11226">
      <class name="Enterprise_Codeclouds.Project.Enterprise.Leads">
        <test-method is-config="true" signature="setup()[pri:0, instance:Enterprise_Codeclouds.Project.Enterprise.Leads@131ef10]" started-at="2026-02-10T23:09:11 IST" name="setup" finished-at="2026-02-10T23:09:15 IST" duration-ms="3750" status="PASS">
          <reporter-output>
          </reporter-output>
        </test-method> <!-- setup -->
        <test-method signature="frontend_form_filler(java.util.TreeMap)[pri:0, instance:Enterprise_Codeclouds.Project.Enterprise.Leads@131ef10]" started-at="2026-02-10T23:09:15 IST" name="frontend_form_filler" data-provider="applyNowData" finished-at="2026-02-10T23:09:22 IST" duration-ms="7404" status="PASS">
          <params>
            <param index="0">
              <value>
                <![CDATA[{Are you currently behind on child support?=I DON'T KNOW, City=Toronto, Date of Birth=02/14/1992, Describe the accident=Test scenario: Rear-end collision in slow traffic during light rain. The vehicle behind failed to stop and pushed my car into the vehicle ahead. Airbags did not deploy, but the impact caused a sharp forward jerk. Police attended, a report number was provided, and photos were taken from multiple angles. There were passengers in my car; everyone was shaken. The other driver admitted distraction, but later claimed I stopped abruptly. This description is intentionally long to test wrapping, card height expansion, and whether the UI breaks or overlaps adjacent components.

Extra details: timestamps, lane notes, weather notes, and quote-style paragraphs to test rendering across devices., Describe the injuries you sustained during the accident=Neck pain (whiplash), headache, mild lower back strain, and intermittent shoulder tingling. Urgent care visit documented. Physio recommended. Testing long text + line breaks.
Follow-up may require MRI if symptoms persist., Email=test.aiden.macleod.7q4m1@yopmail.com, Explain (Behind on Child Support)=Selecting 'I DON'T KNOW' for test coverage of conditional logic and server-side validation., Explain (No Auto Insurance Violation)=, Explain (Other People Injured)=Passenger reported wrist pain and was evaluated at a walk-in clinic. No fractures, but follow-up imaging was suggested., Explain (Other Traumatic Incidents)=, Explain (Previous Settlement Advance)=, Have you previously received a settlement advance for this case?=NO, I am seeking an advance of=15000, In the 5 years before the accident, did you have a violation for no auto insurance?=NO, Law Firm Name=Test Northlake Counsel Group, Lawyer's Name=Test Claire Ouellet, Lawyer's Phone Number=6469031184, Mailing Street Address=88 Bloor Street West, Unit 1206, Phone Number=6469013728, Since your accident, have you been injured in any other traumatic incidents?=NO, State=New York, Were other people injured in this accident?=YES, When did the accident happen?=10/12/2024, Where did the accident happen?=Buffalo, NY, Your Full Name=Test Aiden MacLeod}]]>
              </value>
            </param>
          </params>
          <reporter-output>
          </reporter-output>
        </test-method> <!-- frontend_form_filler -->
        <test-method is-config="true" signature="Kill()[pri:0, instance:Enterprise_Codeclouds.Project.Enterprise.Leads@131ef10]" started-at="2026-02-10T23:09:22 IST" name="Kill" finished-at="2026-02-10T23:09:22 IST" duration-ms="1" status="PASS">
          <reporter-output>
          </reporter-output>
        </test-method> <!-- Kill -->
      </class> <!-- Enterprise_Codeclouds.Project.Enterprise.Leads -->
    </test> <!-- Default test -->
  </suite> <!-- Default suite -->
</testng-results>
