<?xml version="1.0" encoding="UTF-8"?>
<testng-results ignored="2" total="3" passed="1" failed="0" skipped="0">
  <reporter-output>
  </reporter-output>
  <suite started-at="2025-12-22T00:50:15 IST" name="Default suite" finished-at="2025-12-22T00:50:37 IST" duration-ms="22396">
    <groups>
    </groups>
    <test started-at="2025-12-22T00:50:15 IST" name="Default test" finished-at="2025-12-22T00:50:37 IST" duration-ms="22396">
      <class name="Negative_Testcases.Application_Add_Negative_Testcases">
        <test-method is-config="true" signature="setup()[pri:0, instance:Negative_Testcases.Application_Add_Negative_Testcases@1757cd72]" started-at="2025-12-22T00:50:15 IST" name="setup" finished-at="2025-12-22T00:50:17 IST" duration-ms="2272" status="PASS">
          <reporter-output>
          </reporter-output>
        </test-method> <!-- setup -->
        <test-method signature="application_add(java.util.TreeMap,java.util.TreeMap)[pri:0, instance:Negative_Testcases.Application_Add_Negative_Testcases@1757cd72]" started-at="2025-12-22T00:50:17 IST" name="application_add" data-provider="case_plus_plaintiff" finished-at="2025-12-22T00:50:36 IST" duration-ms="19449" status="PASS">
          <params>
            <param index="0">
              <value>
                <![CDATA[{Agreement Date=12/29/2025, Application Status=Approved, Approved Amount=12000, Attorney Name=Atty. Melissa Grant, Buyout Amount=8000, Buyout Expiry Date=12/29/2028, Buyout Funder Name=Summit Legal Funding, Case #=1, Case Type=Motor Vehicle Accident, Court Index Number=49D12-2403-CT-001201, Date of Incident=03/14/2024, Document prep fee=250, Fund transfer fee=75, Interest Start Date=12/29/2025, Law Firm Name=Grant & Lawson Injury Law, Lead Source=Attorney Referral, Plaintiff Address One=1245 N Meridian St, Plaintiff Address Two=Indianapolis, IN 46204, Plaintiff Email=caleb.lawson@plaintiffmail.com, Plaintiff Name=Caleb Hunter Lawson, Plaintiff Phone Number=555-201-0001, Rate of Return=38, Recommended Max Funding=12000, Requested Amount=25000, Risk Level=Moderate, SMS Message Body=Hi Caleb, your motor vehicle case funding request has been approved for up to $12,000. Our team will contact you shortly to confirm disbursement details. – Lumberjack Legal Finance, SMS Message Title=Funding Application Approved, State=Indiana, Summary=Rear-end collision on I-65; plaintiff rear-ended in congestion, airbags deployed, whiplash, PT with residual stiffness and work loss., Underwriting Notes=Strong rear-end liability with citation for following too closely. Soft-tissue neck/back injury but supported by ER visit, imaging, PT and wage loss. Need full medical records, wage docs and prior-claim check. Assuming clean priors and adequate BI limits, case supports funding up to about 12k.}]]>
              </value>
            </param>
            <param index="1">
              <value>
                <![CDATA[{Address Line 1=100 Queen St W, Address Line 2=Unit 14B, Date of Birth=01/19/1991, Email=emanuel.schreiber@mailto.plus, First Name=Emanuel, Last Name=Schreiber, Middle Name=Gregor, Name Suffix=Jr, Phone number=416-555-0301, Social Security Number=701-18-5532, State=Ontario, Zip code=M5H2N2}]]>
              </value>
            </param>
          </params>
          <reporter-output>
          </reporter-output>
        </test-method> <!-- application_add -->
        <test-method is-config="true" signature="Kill()[pri:0, instance:Negative_Testcases.Application_Add_Negative_Testcases@1757cd72]" started-at="2025-12-22T00:50:36 IST" name="Kill" finished-at="2025-12-22T00:50:37 IST" duration-ms="627" status="PASS">
          <reporter-output>
          </reporter-output>
        </test-method> <!-- Kill -->
      </class> <!-- Negative_Testcases.Application_Add_Negative_Testcases -->
    </test> <!-- Default test -->
  </suite> <!-- Default suite -->
</testng-results>
