<?xml version="1.0" encoding="UTF-8"?>
<testng-results ignored="0" total="1" passed="1" failed="0" skipped="0">
  <reporter-output>
  </reporter-output>
  <suite started-at="2026-01-12T21:03:27 IST" name="Default suite" finished-at="2026-01-12T21:05:06 IST" duration-ms="98579">
    <groups>
    </groups>
    <test started-at="2026-01-12T21:03:27 IST" name="Default test" finished-at="2026-01-12T21:05:06 IST" duration-ms="98579">
      <class name="Enterprise_Codeclouds.Project.Enterprise.Case_Appplications">
        <test-method is-config="true" signature="setup()[pri:0, instance:Enterprise_Codeclouds.Project.Enterprise.Case_Appplications@61322f9d]" started-at="2026-01-12T21:03:27 IST" name="setup" finished-at="2026-01-12T21:03:29 IST" duration-ms="2058" status="PASS">
          <reporter-output>
          </reporter-output>
        </test-method> <!-- setup -->
        <test-method signature="Add_case(java.util.TreeMap,java.util.TreeMap,java.util.TreeMap,java.util.TreeMap,java.util.TreeMap)[pri:0, instance:Enterprise_Codeclouds.Project.Enterprise.Case_Appplications@61322f9d]" started-at="2026-01-12T21:03:29 IST" name="Add_case" data-provider="case_plus_plaintiff" finished-at="2026-01-12T21:05:05 IST" duration-ms="96003" status="PASS">
          <params>
            <param index="0">
              <value>
                <![CDATA[{Agreement Date=01/12/2026, Amount Received=12000, Application Status=In Review, Approved Amount=24000, Attorney Name=Attorney Orson Pfeiffer, Buyout Amount=15500, Buyout Expiry Date=01/12/2030, Buyout Funder Name=Frontline Capital Group, Case #=201, Case Type=Civil Rights, Court Index Number=49D03-2306-CR-001114, Date of Incident=06/08/2023, Document prep fee=325, Fund transfer fee=110, Interest Start Date=01/12/2026, Law Firm Name=Krausov-Bauer Polizeimisconduct, Civil Rights & Bürgerfreiheiten Law Center, Lead Source=Attorney Referral, Notes / Remarks=ACH/Bank transfer initiated by attorney office; confirmation email received; reconcile with bank statement before final posting., Payer Name=Attorney Selwyn Kappelmann, Payment Date=01/12/2026, Payment Mode=Bank Transfer, Payment Type=Payment by Attorney, Rate of Return=41, Recommended Max Funding=24000, Requested Amount=58000, Risk Level=Moderate, SMS Message Body=Your civil rights application is under review while key records are verified. We’ll update you soon. – Lumberjack Legal Finance, SMS Message Title=Civil Rights File In Review, State=Indiana, Summary=Alleged unlawful search and excessive detention during traffic stop; emotional distress and employment disruption claimed; bodycam footage requested., Underwriting Notes=Primary driver is evidence quality: bodycam, dispatch logs, incident report, and any internal affairs findings. Confirm notice requirements, immunities, and policy limits before expanding funding.}]]>
              </value>
            </param>
            <param index="1">
              <value>
                <![CDATA[{Address Line 1=250 Front Street West, Tower South, Suite 1208, Address Line 2=Attn: Intake Desk, Deliver to Lobby Concierge, Call on arrival, Date of Birth=02/11/1991, Email=elodie.beaulac5211@mailto.plus, First Name=Élodie, Last Name=Beaulac, Middle Name=Maëlle, Name Suffix=II, Phone number=4167325211, Social Security Number=963-21-9021, State=Ontario, Zip code=M5V2T6}]]>
              </value>
            </param>
            <param index="2">
              <value>
                <![CDATA[{Email=attorney.cailen.ashbourne61@mailto.plus, First Name=Attorney Cailen, Last Name=Ashbourne, Middle Name=Voren, Name Suffix=II, Office phone=9727719046, Phone=9724186307}]]>
              </value>
            </param>
            <param index="3">
              <value>
                <![CDATA[{City=Wilmington, Name=VerdictForge Litigation Atelier, Phone=3024389017, State=Delaware, Street Address 1=919 N Market St, Brandywine Commerce Center, Main Lobby, Street Address 2=Suite 1204, Intake: Desk 3, Elevator Bank A, Zip code=19801}]]>
              </value>
            </param>
            <param index="4">
              <value>
                <![CDATA[{Staff Email=staff.nivaren.thornwick25@mailto.plus, Staff First Name=Staff Nivaren, Staff Last Name=Thornwick, Staff Middle Name=Calix, Staff Name Suffix=II, Staff Office phone=9718821460, Staff Phone=9716043825}]]>
              </value>
            </param>
          </params>
          <reporter-output>
          </reporter-output>
        </test-method> <!-- Add_case -->
        <test-method is-config="true" signature="Kill()[pri:0, instance:Enterprise_Codeclouds.Project.Enterprise.Case_Appplications@61322f9d]" started-at="2026-01-12T21:05:05 IST" name="Kill" finished-at="2026-01-12T21:05:06 IST" duration-ms="408" status="PASS">
          <reporter-output>
          </reporter-output>
        </test-method> <!-- Kill -->
      </class> <!-- Enterprise_Codeclouds.Project.Enterprise.Case_Appplications -->
    </test> <!-- Default test -->
  </suite> <!-- Default suite -->
</testng-results>
