<?xml version="1.0" encoding="UTF-8"?>
<!-- Generated by org.testng.reporters.JUnitReportReporter -->
<testsuite hostname="CISPL-IO-539" failures="0" tests="20" name="Enterprise_Codeclouds.Project.Enterprise.Attorney_module" time="288.479" errors="2" timestamp="2025-12-24T13:23:23 IST" skipped="0">
  <testcase classname="Enterprise_Codeclouds.Project.Enterprise.Attorney_module" name="Attorney_Add" time="14.708"/>
  <testcase classname="Enterprise_Codeclouds.Project.Enterprise.Attorney_module" name="Attorney_Add" time="15.935"/>
  <testcase classname="Enterprise_Codeclouds.Project.Enterprise.Attorney_module" name="Attorney_Add" time="13.996"/>
  <testcase classname="Enterprise_Codeclouds.Project.Enterprise.Attorney_module" name="Attorney_Add" time="13.898"/>
  <testcase classname="Enterprise_Codeclouds.Project.Enterprise.Attorney_module" name="Attorney_Add" time="11.746">
    <error message="Element list is null or empty. Check the locator or timing." type="java.lang.RuntimeException">
      <![CDATA[java.lang.RuntimeException: Element list is null or empty. Check the locator or timing.
at Repeatative_codes.Repeat.wait_for_theElement(Repeat.java:47)
at Locaters.Application_Locaters.Plaintiff_options(Application_Locaters.java:129)
at Enterprise_Codeclouds.Project.Enterprise.Attorney_module.Attorney_Add(Attorney_module.java:41)
at java.base/jdk.internal.reflect.DirectMethodHandleAccessor.invoke(DirectMethodHandleAccessor.java:103)
at java.base/java.lang.reflect.Method.invoke(Method.java:580)
at org.testng.internal.invokers.MethodInvocationHelper.invokeMethod(MethodInvocationHelper.java:141)
at org.testng.internal.invokers.TestInvoker.invokeMethod(TestInvoker.java:687)
at org.testng.internal.invokers.TestInvoker.invokeTestMethod(TestInvoker.java:230)
at org.testng.internal.invokers.MethodRunner.runInSequence(MethodRunner.java:63)
at org.testng.internal.invokers.TestInvoker$MethodInvocationAgent.invoke(TestInvoker.java:995)
at org.testng.internal.invokers.TestInvoker.invokeTestMethods(TestInvoker.java:203)
at org.testng.internal.invokers.TestMethodWorker.invokeTestMethods(TestMethodWorker.java:154)
at org.testng.internal.invokers.TestMethodWorker.run(TestMethodWorker.java:134)
at java.base/java.util.ArrayList.forEach(ArrayList.java:1596)
at org.testng.TestRunner.privateRun(TestRunner.java:741)
at org.testng.TestRunner.run(TestRunner.java:616)
at org.testng.SuiteRunner.runTest(SuiteRunner.java:421)
at org.testng.SuiteRunner.runSequentially(SuiteRunner.java:413)
at org.testng.SuiteRunner.privateRun(SuiteRunner.java:373)
at org.testng.SuiteRunner.run(SuiteRunner.java:312)
at org.testng.SuiteRunnerWorker.runSuite(SuiteRunnerWorker.java:52)
at org.testng.SuiteRunnerWorker.run(SuiteRunnerWorker.java:95)
at org.testng.TestNG.runSuitesSequentially(TestNG.java:1274)
at org.testng.TestNG.runSuitesLocally(TestNG.java:1208)
at org.testng.TestNG.runSuites(TestNG.java:1112)
at org.testng.TestNG.run(TestNG.java:1079)
at org.testng.remote.AbstractRemoteTestNG.run(AbstractRemoteTestNG.java:115)
at org.testng.remote.RemoteTestNG.initAndRun(RemoteTestNG.java:293)
at org.testng.remote.RemoteTestNG.main(RemoteTestNG.java:91)
]]>
    </error>
  </testcase> <!-- Attorney_Add -->
  <testcase classname="Enterprise_Codeclouds.Project.Enterprise.Attorney_module" name="Attorney_Add" time="14.330"/>
  <testcase classname="Enterprise_Codeclouds.Project.Enterprise.Attorney_module" name="Attorney_Add" time="13.754"/>
  <testcase classname="Enterprise_Codeclouds.Project.Enterprise.Attorney_module" name="Attorney_Add" time="13.465"/>
  <testcase classname="Enterprise_Codeclouds.Project.Enterprise.Attorney_module" name="Attorney_Add" time="13.665"/>
  <testcase classname="Enterprise_Codeclouds.Project.Enterprise.Attorney_module" name="Attorney_Add" time="13.801"/>
  <testcase classname="Enterprise_Codeclouds.Project.Enterprise.Attorney_module" name="Attorney_Add" time="10.716">
    <error message="Element list is null or empty. Check the locator or timing." type="java.lang.RuntimeException">
      <![CDATA[java.lang.RuntimeException: Element list is null or empty. Check the locator or timing.
at Repeatative_codes.Repeat.wait_for_theElement(Repeat.java:47)
at Locaters.Application_Locaters.Plaintiff_options(Application_Locaters.java:129)
at Enterprise_Codeclouds.Project.Enterprise.Attorney_module.Attorney_Add(Attorney_module.java:41)
at java.base/jdk.internal.reflect.DirectMethodHandleAccessor.invoke(DirectMethodHandleAccessor.java:103)
at java.base/java.lang.reflect.Method.invoke(Method.java:580)
at org.testng.internal.invokers.MethodInvocationHelper.invokeMethod(MethodInvocationHelper.java:141)
at org.testng.internal.invokers.TestInvoker.invokeMethod(TestInvoker.java:687)
at org.testng.internal.invokers.TestInvoker.invokeTestMethod(TestInvoker.java:230)
at org.testng.internal.invokers.MethodRunner.runInSequence(MethodRunner.java:63)
at org.testng.internal.invokers.TestInvoker$MethodInvocationAgent.invoke(TestInvoker.java:995)
at org.testng.internal.invokers.TestInvoker.invokeTestMethods(TestInvoker.java:203)
at org.testng.internal.invokers.TestMethodWorker.invokeTestMethods(TestMethodWorker.java:154)
at org.testng.internal.invokers.TestMethodWorker.run(TestMethodWorker.java:134)
at java.base/java.util.ArrayList.forEach(ArrayList.java:1596)
at org.testng.TestRunner.privateRun(TestRunner.java:741)
at org.testng.TestRunner.run(TestRunner.java:616)
at org.testng.SuiteRunner.runTest(SuiteRunner.java:421)
at org.testng.SuiteRunner.runSequentially(SuiteRunner.java:413)
at org.testng.SuiteRunner.privateRun(SuiteRunner.java:373)
at org.testng.SuiteRunner.run(SuiteRunner.java:312)
at org.testng.SuiteRunnerWorker.runSuite(SuiteRunnerWorker.java:52)
at org.testng.SuiteRunnerWorker.run(SuiteRunnerWorker.java:95)
at org.testng.TestNG.runSuitesSequentially(TestNG.java:1274)
at org.testng.TestNG.runSuitesLocally(TestNG.java:1208)
at org.testng.TestNG.runSuites(TestNG.java:1112)
at org.testng.TestNG.run(TestNG.java:1079)
at org.testng.remote.AbstractRemoteTestNG.run(AbstractRemoteTestNG.java:115)
at org.testng.remote.RemoteTestNG.initAndRun(RemoteTestNG.java:293)
at org.testng.remote.RemoteTestNG.main(RemoteTestNG.java:91)
]]>
    </error>
  </testcase> <!-- Attorney_Add -->
  <testcase classname="Enterprise_Codeclouds.Project.Enterprise.Attorney_module" name="Attorney_Add" time="15.939"/>
  <testcase classname="Enterprise_Codeclouds.Project.Enterprise.Attorney_module" name="Attorney_Add" time="16.938"/>
  <testcase classname="Enterprise_Codeclouds.Project.Enterprise.Attorney_module" name="Attorney_Add" time="13.667"/>
  <testcase classname="Enterprise_Codeclouds.Project.Enterprise.Attorney_module" name="Attorney_Add" time="15.555"/>
  <testcase classname="Enterprise_Codeclouds.Project.Enterprise.Attorney_module" name="Attorney_Add" time="16.879"/>
  <testcase classname="Enterprise_Codeclouds.Project.Enterprise.Attorney_module" name="Attorney_Add" time="15.646"/>
  <testcase classname="Enterprise_Codeclouds.Project.Enterprise.Attorney_module" name="Attorney_Add" time="13.818"/>
  <testcase classname="Enterprise_Codeclouds.Project.Enterprise.Attorney_module" name="Attorney_Add" time="13.700"/>
  <testcase classname="Enterprise_Codeclouds.Project.Enterprise.Attorney_module" name="Attorney_Add" time="16.323"/>
</testsuite> <!-- Enterprise_Codeclouds.Project.Enterprise.Attorney_module -->
