<?xml version="1.0" encoding="UTF-8"?>
<!-- Generated by org.testng.reporters.JUnitReportReporter -->
<testsuite hostname="CISPL-IO-539" failures="0" tests="20" name="Enterprise_Codeclouds.Project.Enterprise.Plaintiff_Module" time="402.676" errors="0" timestamp="2026-01-01T13:47:05 IST" skipped="0">
  <testcase classname="Enterprise_Codeclouds.Project.Enterprise.Plaintiff_Module" name="Plaintiff_Add" time="20.202"/>
  <testcase classname="Enterprise_Codeclouds.Project.Enterprise.Plaintiff_Module" name="Plaintiff_Add" time="20.594"/>
  <testcase classname="Enterprise_Codeclouds.Project.Enterprise.Plaintiff_Module" name="Plaintiff_Add" time="18.946"/>
  <testcase classname="Enterprise_Codeclouds.Project.Enterprise.Plaintiff_Module" name="Plaintiff_Add" time="21.380"/>
  <testcase classname="Enterprise_Codeclouds.Project.Enterprise.Plaintiff_Module" name="Plaintiff_Add" time="19.099"/>
  <testcase classname="Enterprise_Codeclouds.Project.Enterprise.Plaintiff_Module" name="Plaintiff_Add" time="22.083"/>
  <testcase classname="Enterprise_Codeclouds.Project.Enterprise.Plaintiff_Module" name="Plaintiff_Add" time="22.098"/>
  <testcase classname="Enterprise_Codeclouds.Project.Enterprise.Plaintiff_Module" name="Plaintiff_Add" time="19.608"/>
  <testcase classname="Enterprise_Codeclouds.Project.Enterprise.Plaintiff_Module" name="Plaintiff_Add" time="19.211"/>
  <testcase classname="Enterprise_Codeclouds.Project.Enterprise.Plaintiff_Module" name="Plaintiff_Add" time="20.945"/>
  <testcase classname="Enterprise_Codeclouds.Project.Enterprise.Plaintiff_Module" name="Plaintiff_Add" time="19.831"/>
  <testcase classname="Enterprise_Codeclouds.Project.Enterprise.Plaintiff_Module" name="Plaintiff_Add" time="18.870"/>
  <testcase classname="Enterprise_Codeclouds.Project.Enterprise.Plaintiff_Module" name="Plaintiff_Add" time="21.419"/>
  <testcase classname="Enterprise_Codeclouds.Project.Enterprise.Plaintiff_Module" name="Plaintiff_Add" time="18.615"/>
  <testcase classname="Enterprise_Codeclouds.Project.Enterprise.Plaintiff_Module" name="Plaintiff_Add" time="19.846"/>
  <testcase classname="Enterprise_Codeclouds.Project.Enterprise.Plaintiff_Module" name="Plaintiff_Add" time="20.674"/>
  <testcase classname="Enterprise_Codeclouds.Project.Enterprise.Plaintiff_Module" name="Plaintiff_Add" time="19.939"/>
  <testcase classname="Enterprise_Codeclouds.Project.Enterprise.Plaintiff_Module" name="Plaintiff_Add" time="19.495"/>
  <testcase classname="Enterprise_Codeclouds.Project.Enterprise.Plaintiff_Module" name="Plaintiff_Add" time="20.036"/>
  <testcase classname="Enterprise_Codeclouds.Project.Enterprise.Plaintiff_Module" name="Plaintiff_Add" time="19.785"/>
</testsuite> <!-- Enterprise_Codeclouds.Project.Enterprise.Plaintiff_Module -->
