<?xml version="1.0" encoding="UTF-8"?>
<!-- Generated by org.testng.reporters.JUnitReportReporter -->
<testsuite hostname="CISPL-IO-539" failures="0" tests="20" name="Enterprise_Codeclouds.Project.Enterprise.Law_Firm_Module" time="534.643" errors="0" timestamp="2026-01-29T20:35:54 IST" skipped="0">
  <testcase classname="Enterprise_Codeclouds.Project.Enterprise.Law_Firm_Module" name="Add_Law_Firm" time="29.082"/>
  <testcase classname="Enterprise_Codeclouds.Project.Enterprise.Law_Firm_Module" name="Add_Law_Firm" time="27.419"/>
  <testcase classname="Enterprise_Codeclouds.Project.Enterprise.Law_Firm_Module" name="Add_Law_Firm" time="25.608"/>
  <testcase classname="Enterprise_Codeclouds.Project.Enterprise.Law_Firm_Module" name="Add_Law_Firm" time="28.615"/>
  <testcase classname="Enterprise_Codeclouds.Project.Enterprise.Law_Firm_Module" name="Add_Law_Firm" time="25.658"/>
  <testcase classname="Enterprise_Codeclouds.Project.Enterprise.Law_Firm_Module" name="Add_Law_Firm" time="26.671"/>
  <testcase classname="Enterprise_Codeclouds.Project.Enterprise.Law_Firm_Module" name="Add_Law_Firm" time="25.746"/>
  <testcase classname="Enterprise_Codeclouds.Project.Enterprise.Law_Firm_Module" name="Add_Law_Firm" time="25.647"/>
  <testcase classname="Enterprise_Codeclouds.Project.Enterprise.Law_Firm_Module" name="Add_Law_Firm" time="26.495"/>
  <testcase classname="Enterprise_Codeclouds.Project.Enterprise.Law_Firm_Module" name="Add_Law_Firm" time="26.817"/>
  <testcase classname="Enterprise_Codeclouds.Project.Enterprise.Law_Firm_Module" name="Add_Law_Firm" time="25.609"/>
  <testcase classname="Enterprise_Codeclouds.Project.Enterprise.Law_Firm_Module" name="Add_Law_Firm" time="25.629"/>
  <testcase classname="Enterprise_Codeclouds.Project.Enterprise.Law_Firm_Module" name="Add_Law_Firm" time="25.755"/>
  <testcase classname="Enterprise_Codeclouds.Project.Enterprise.Law_Firm_Module" name="Add_Law_Firm" time="26.456"/>
  <testcase classname="Enterprise_Codeclouds.Project.Enterprise.Law_Firm_Module" name="Add_Law_Firm" time="29.293"/>
  <testcase classname="Enterprise_Codeclouds.Project.Enterprise.Law_Firm_Module" name="Add_Law_Firm" time="27.065"/>
  <testcase classname="Enterprise_Codeclouds.Project.Enterprise.Law_Firm_Module" name="Add_Law_Firm" time="25.767"/>
  <testcase classname="Enterprise_Codeclouds.Project.Enterprise.Law_Firm_Module" name="Add_Law_Firm" time="25.917"/>
  <testcase classname="Enterprise_Codeclouds.Project.Enterprise.Law_Firm_Module" name="Add_Law_Firm" time="27.532"/>
  <testcase classname="Enterprise_Codeclouds.Project.Enterprise.Law_Firm_Module" name="Add_Law_Firm" time="27.862"/>
</testsuite> <!-- Enterprise_Codeclouds.Project.Enterprise.Law_Firm_Module -->
