<?xml version="1.0" encoding="UTF-8"?>
<!-- Generated by org.testng.reporters.JUnitReportReporter -->
<testsuite hostname="CISPL-IO-539" failures="0" tests="20" name="Enterprise_Codeclouds.Project.Enterprise.Law_Firm_Module" time="376.238" errors="0" timestamp="2026-01-08T13:47:27 IST" skipped="0">
  <testcase classname="Enterprise_Codeclouds.Project.Enterprise.Law_Firm_Module" name="Add_Law_Firm" time="18.420"/>
  <testcase classname="Enterprise_Codeclouds.Project.Enterprise.Law_Firm_Module" name="Add_Law_Firm" time="18.277"/>
  <testcase classname="Enterprise_Codeclouds.Project.Enterprise.Law_Firm_Module" name="Add_Law_Firm" time="18.550"/>
  <testcase classname="Enterprise_Codeclouds.Project.Enterprise.Law_Firm_Module" name="Add_Law_Firm" time="17.733"/>
  <testcase classname="Enterprise_Codeclouds.Project.Enterprise.Law_Firm_Module" name="Add_Law_Firm" time="18.759"/>
  <testcase classname="Enterprise_Codeclouds.Project.Enterprise.Law_Firm_Module" name="Add_Law_Firm" time="18.901"/>
  <testcase classname="Enterprise_Codeclouds.Project.Enterprise.Law_Firm_Module" name="Add_Law_Firm" time="17.994"/>
  <testcase classname="Enterprise_Codeclouds.Project.Enterprise.Law_Firm_Module" name="Add_Law_Firm" time="18.537"/>
  <testcase classname="Enterprise_Codeclouds.Project.Enterprise.Law_Firm_Module" name="Add_Law_Firm" time="20.159"/>
  <testcase classname="Enterprise_Codeclouds.Project.Enterprise.Law_Firm_Module" name="Add_Law_Firm" time="18.477"/>
  <testcase classname="Enterprise_Codeclouds.Project.Enterprise.Law_Firm_Module" name="Add_Law_Firm" time="18.796"/>
  <testcase classname="Enterprise_Codeclouds.Project.Enterprise.Law_Firm_Module" name="Add_Law_Firm" time="19.148"/>
  <testcase classname="Enterprise_Codeclouds.Project.Enterprise.Law_Firm_Module" name="Add_Law_Firm" time="19.168"/>
  <testcase classname="Enterprise_Codeclouds.Project.Enterprise.Law_Firm_Module" name="Add_Law_Firm" time="18.681"/>
  <testcase classname="Enterprise_Codeclouds.Project.Enterprise.Law_Firm_Module" name="Add_Law_Firm" time="19.256"/>
  <testcase classname="Enterprise_Codeclouds.Project.Enterprise.Law_Firm_Module" name="Add_Law_Firm" time="19.021"/>
  <testcase classname="Enterprise_Codeclouds.Project.Enterprise.Law_Firm_Module" name="Add_Law_Firm" time="19.034"/>
  <testcase classname="Enterprise_Codeclouds.Project.Enterprise.Law_Firm_Module" name="Add_Law_Firm" time="18.989"/>
  <testcase classname="Enterprise_Codeclouds.Project.Enterprise.Law_Firm_Module" name="Add_Law_Firm" time="19.420"/>
  <testcase classname="Enterprise_Codeclouds.Project.Enterprise.Law_Firm_Module" name="Add_Law_Firm" time="18.918"/>
</testsuite> <!-- Enterprise_Codeclouds.Project.Enterprise.Law_Firm_Module -->
