<?xml version="1.0" encoding="UTF-8"?>
<!-- Generated by org.testng.reporters.JUnitReportReporter -->
<testsuite hostname="CISPL-IO-539" failures="0" tests="19" name="Enterprise_Codeclouds.Project.Enterprise.Law_Firm_Module" time="654.507" errors="1" timestamp="2026-01-12T17:23:07 IST" skipped="0">
  <testcase classname="Enterprise_Codeclouds.Project.Enterprise.Law_Firm_Module" name="Law_firm_contact_Add_through_Case_Contact" time="33.621"/>
  <testcase classname="Enterprise_Codeclouds.Project.Enterprise.Law_Firm_Module" name="Law_firm_contact_Add_through_Case_Contact" time="41.232">
    <error message="Expected condition failed: waiting for visibility of all [[[[[ChromeDriver: chrome on windows (862917efd6595efe1c83356ef51d5209)] -&gt; xpath: (//div[@class=&#039;rc-virtual-list&#039;])[1]]] -&gt; xpath: .//*[@aria-selected=&#039;false&#039;]]] (tried for 10 second(s) with 500 milliseconds interval)
Build info: version: &#039;4.33.0&#039;, revision: &#039;2c6aaad03a&#039;
System info: os.name: &#039;Windows 11&#039;, os.arch: &#039;amd64&#039;, os.version: &#039;10.0&#039;, java.version: &#039;21.0.9&#039;
Driver info: org.openqa.selenium.chrome.ChromeDriver
Capabilities {acceptInsecureCerts: false, browserName: chrome, browserVersion: 143.0.7499.193, chrome: {chromedriverVersion: 143.0.7499.192 (be2c1f4fd45..., userDataDir: C:\Users\CODECL~1\AppData\L...}, fedcm:accounts: true, goog:chromeOptions: {debuggerAddress: localhost:59473}, goog:processID: 16868, networkConnectionEnabled: false, pageLoadStrategy: normal, platformName: windows, proxy: Proxy(), se:cdp: ws://localhost:59473/devtoo..., se:cdpVersion: 143.0.7499.193, setWindowRect: true, strictFileInteractability: false, timeouts: {implicit: 0, pageLoad: 300000, script: 30000}, unhandledPromptBehavior: dismiss and notify, webauthn:extension:credBlob: true, webauthn:extension:largeBlob: true, webauthn:extension:minPinLength: true, webauthn:extension:prf: true, webauthn:virtualAuthenticators: true}
Session ID: 862917efd6595efe1c83356ef51d5209" type="org.openqa.selenium.TimeoutException">
      <![CDATA[org.openqa.selenium.TimeoutException: Expected condition failed: waiting for visibility of all [[[[[ChromeDriver: chrome on windows (862917efd6595efe1c83356ef51d5209)] -> xpath: (//div[@class='rc-virtual-list'])[1]]] -> xpath: .//*[@aria-selected='false']]] (tried for 10 second(s) with 500 milliseconds interval)
Build info: version: '4.33.0', revision: '2c6aaad03a'
System info: os.name: 'Windows 11', os.arch: 'amd64', os.version: '10.0', java.version: '21.0.9'
Driver info: org.openqa.selenium.chrome.ChromeDriver
Capabilities {acceptInsecureCerts: false, browserName: chrome, browserVersion: 143.0.7499.193, chrome: {chromedriverVersion: 143.0.7499.192 (be2c1f4fd45..., userDataDir: C:\Users\CODECL~1\AppData\L...}, fedcm:accounts: true, goog:chromeOptions: {debuggerAddress: localhost:59473}, goog:processID: 16868, networkConnectionEnabled: false, pageLoadStrategy: normal, platformName: windows, proxy: Proxy(), se:cdp: ws://localhost:59473/devtoo..., se:cdpVersion: 143.0.7499.193, setWindowRect: true, strictFileInteractability: false, timeouts: {implicit: 0, pageLoad: 300000, script: 30000}, unhandledPromptBehavior: dismiss and notify, webauthn:extension:credBlob: true, webauthn:extension:largeBlob: true, webauthn:extension:minPinLength: true, webauthn:extension:prf: true, webauthn:virtualAuthenticators: true}
Session ID: 862917efd6595efe1c83356ef51d5209
at org.openqa.selenium.support.ui.WebDriverWait.timeoutException(WebDriverWait.java:84)
at org.openqa.selenium.support.ui.FluentWait.until(FluentWait.java:228)
at Repeatative_codes.Repeat.wait_for_theElement(Repeat.java:50)
at Locaters.Application_Locaters.Plaintiff_options(Application_Locaters.java:261)
at Enterprise_Codeclouds.Project.Enterprise.Law_Firm_Module.Law_firm_contact_Add_through_Case_Contact(Law_Firm_Module.java:111)
at java.base/jdk.internal.reflect.DirectMethodHandleAccessor.invoke(DirectMethodHandleAccessor.java:103)
at java.base/java.lang.reflect.Method.invoke(Method.java:580)
at org.testng.internal.invokers.MethodInvocationHelper.invokeMethod(MethodInvocationHelper.java:141)
at org.testng.internal.invokers.TestInvoker.invokeMethod(TestInvoker.java:687)
at org.testng.internal.invokers.TestInvoker.invokeTestMethod(TestInvoker.java:230)
at org.testng.internal.invokers.MethodRunner.runInSequence(MethodRunner.java:63)
at org.testng.internal.invokers.TestInvoker$MethodInvocationAgent.invoke(TestInvoker.java:995)
at org.testng.internal.invokers.TestInvoker.invokeTestMethods(TestInvoker.java:203)
at org.testng.internal.invokers.TestMethodWorker.invokeTestMethods(TestMethodWorker.java:154)
at org.testng.internal.invokers.TestMethodWorker.run(TestMethodWorker.java:134)
at java.base/java.util.ArrayList.forEach(ArrayList.java:1596)
at org.testng.TestRunner.privateRun(TestRunner.java:741)
at org.testng.TestRunner.run(TestRunner.java:616)
at org.testng.SuiteRunner.runTest(SuiteRunner.java:421)
at org.testng.SuiteRunner.runSequentially(SuiteRunner.java:413)
at org.testng.SuiteRunner.privateRun(SuiteRunner.java:373)
at org.testng.SuiteRunner.run(SuiteRunner.java:312)
at org.testng.SuiteRunnerWorker.runSuite(SuiteRunnerWorker.java:52)
at org.testng.SuiteRunnerWorker.run(SuiteRunnerWorker.java:95)
at org.testng.TestNG.runSuitesSequentially(TestNG.java:1274)
at org.testng.TestNG.runSuitesLocally(TestNG.java:1208)
at org.testng.TestNG.runSuites(TestNG.java:1112)
at org.testng.TestNG.run(TestNG.java:1079)
at org.testng.remote.AbstractRemoteTestNG.run(AbstractRemoteTestNG.java:115)
at org.testng.remote.RemoteTestNG.initAndRun(RemoteTestNG.java:293)
at org.testng.remote.RemoteTestNG.main(RemoteTestNG.java:91)
]]>
    </error>
  </testcase> <!-- Law_firm_contact_Add_through_Case_Contact -->
  <testcase classname="Enterprise_Codeclouds.Project.Enterprise.Law_Firm_Module" name="Law_firm_contact_Add_through_Case_Contact" time="33.736"/>
  <testcase classname="Enterprise_Codeclouds.Project.Enterprise.Law_Firm_Module" name="Law_firm_contact_Add_through_Case_Contact" time="33.947"/>
  <testcase classname="Enterprise_Codeclouds.Project.Enterprise.Law_Firm_Module" name="Law_firm_contact_Add_through_Case_Contact" time="34.432"/>
  <testcase classname="Enterprise_Codeclouds.Project.Enterprise.Law_Firm_Module" name="Law_firm_contact_Add_through_Case_Contact" time="35.018"/>
  <testcase classname="Enterprise_Codeclouds.Project.Enterprise.Law_Firm_Module" name="Law_firm_contact_Add_through_Case_Contact" time="35.936"/>
  <testcase classname="Enterprise_Codeclouds.Project.Enterprise.Law_Firm_Module" name="Law_firm_contact_Add_through_Case_Contact" time="33.975"/>
  <testcase classname="Enterprise_Codeclouds.Project.Enterprise.Law_Firm_Module" name="Law_firm_contact_Add_through_Case_Contact" time="33.747"/>
  <testcase classname="Enterprise_Codeclouds.Project.Enterprise.Law_Firm_Module" name="Law_firm_contact_Add_through_Case_Contact" time="34.142"/>
  <testcase classname="Enterprise_Codeclouds.Project.Enterprise.Law_Firm_Module" name="Law_firm_contact_Add_through_Case_Contact" time="33.578"/>
  <testcase classname="Enterprise_Codeclouds.Project.Enterprise.Law_Firm_Module" name="Law_firm_contact_Add_through_Case_Contact" time="33.360"/>
  <testcase classname="Enterprise_Codeclouds.Project.Enterprise.Law_Firm_Module" name="Law_firm_contact_Add_through_Case_Contact" time="33.813"/>
  <testcase classname="Enterprise_Codeclouds.Project.Enterprise.Law_Firm_Module" name="Law_firm_contact_Add_through_Case_Contact" time="33.383"/>
  <testcase classname="Enterprise_Codeclouds.Project.Enterprise.Law_Firm_Module" name="Law_firm_contact_Add_through_Case_Contact" time="33.741"/>
  <testcase classname="Enterprise_Codeclouds.Project.Enterprise.Law_Firm_Module" name="Law_firm_contact_Add_through_Case_Contact" time="33.609"/>
  <testcase classname="Enterprise_Codeclouds.Project.Enterprise.Law_Firm_Module" name="Law_firm_contact_Add_through_Case_Contact" time="34.254"/>
  <testcase classname="Enterprise_Codeclouds.Project.Enterprise.Law_Firm_Module" name="Law_firm_contact_Add_through_Case_Contact" time="33.845"/>
  <testcase classname="Enterprise_Codeclouds.Project.Enterprise.Law_Firm_Module" name="Law_firm_contact_Add_through_Case_Contact" time="35.138"/>
</testsuite> <!-- Enterprise_Codeclouds.Project.Enterprise.Law_Firm_Module -->
