<?xml version="1.0" encoding="UTF-8"?>
<!-- Generated by org.testng.reporters.JUnitReportReporter -->
<testsuite hostname="CISPL-IO-539" failures="0" tests="20" name="Enterprise_Codeclouds.Project.Enterprise.Case_Appplications" time="476.458" errors="1" timestamp="2026-01-30T19:57:19 IST" skipped="0">
  <testcase classname="Enterprise_Codeclouds.Project.Enterprise.Case_Appplications" name="Notes_Add" time="23.072"/>
  <testcase classname="Enterprise_Codeclouds.Project.Enterprise.Case_Appplications" name="Notes_Add" time="23.065"/>
  <testcase classname="Enterprise_Codeclouds.Project.Enterprise.Case_Appplications" name="Notes_Add" time="22.001"/>
  <testcase classname="Enterprise_Codeclouds.Project.Enterprise.Case_Appplications" name="Notes_Add" time="26.320"/>
  <testcase classname="Enterprise_Codeclouds.Project.Enterprise.Case_Appplications" name="Notes_Add" time="22.928"/>
  <testcase classname="Enterprise_Codeclouds.Project.Enterprise.Case_Appplications" name="Notes_Add" time="19.964">
    <error message="Element list is null or empty. Check the locator or timing." type="java.lang.RuntimeException">
      <![CDATA[java.lang.RuntimeException: Element list is null or empty. Check the locator or timing.
at Repeatative_codes.Repeat.wait_for_theElement(Repeat.java:47)
at Locaters.Application_Locaters.Case_tags(Application_Locaters.java:510)
at Enterprise_Codeclouds.Project.Enterprise.Case_Appplications.Notes_Add(Case_Appplications.java:4073)
at java.base/jdk.internal.reflect.DirectMethodHandleAccessor.invoke(DirectMethodHandleAccessor.java:103)
at java.base/java.lang.reflect.Method.invoke(Method.java:580)
at org.testng.internal.invokers.MethodInvocationHelper.invokeMethod(MethodInvocationHelper.java:141)
at org.testng.internal.invokers.TestInvoker.invokeMethod(TestInvoker.java:687)
at org.testng.internal.invokers.TestInvoker.invokeTestMethod(TestInvoker.java:230)
at org.testng.internal.invokers.MethodRunner.runInSequence(MethodRunner.java:63)
at org.testng.internal.invokers.TestInvoker$MethodInvocationAgent.invoke(TestInvoker.java:995)
at org.testng.internal.invokers.TestInvoker.invokeTestMethods(TestInvoker.java:203)
at org.testng.internal.invokers.TestMethodWorker.invokeTestMethods(TestMethodWorker.java:154)
at org.testng.internal.invokers.TestMethodWorker.run(TestMethodWorker.java:134)
at java.base/java.util.ArrayList.forEach(ArrayList.java:1596)
at org.testng.TestRunner.privateRun(TestRunner.java:741)
at org.testng.TestRunner.run(TestRunner.java:616)
at org.testng.SuiteRunner.runTest(SuiteRunner.java:421)
at org.testng.SuiteRunner.runSequentially(SuiteRunner.java:413)
at org.testng.SuiteRunner.privateRun(SuiteRunner.java:373)
at org.testng.SuiteRunner.run(SuiteRunner.java:312)
at org.testng.SuiteRunnerWorker.runSuite(SuiteRunnerWorker.java:52)
at org.testng.SuiteRunnerWorker.run(SuiteRunnerWorker.java:95)
at org.testng.TestNG.runSuitesSequentially(TestNG.java:1274)
at org.testng.TestNG.runSuitesLocally(TestNG.java:1208)
at org.testng.TestNG.runSuites(TestNG.java:1112)
at org.testng.TestNG.run(TestNG.java:1079)
at org.testng.remote.AbstractRemoteTestNG.run(AbstractRemoteTestNG.java:115)
at org.testng.remote.RemoteTestNG.initAndRun(RemoteTestNG.java:293)
at org.testng.remote.RemoteTestNG.main(RemoteTestNG.java:91)
]]>
    </error>
  </testcase> <!-- Notes_Add -->
  <testcase classname="Enterprise_Codeclouds.Project.Enterprise.Case_Appplications" name="Notes_Add" time="24.248"/>
  <testcase classname="Enterprise_Codeclouds.Project.Enterprise.Case_Appplications" name="Notes_Add" time="23.663"/>
  <testcase classname="Enterprise_Codeclouds.Project.Enterprise.Case_Appplications" name="Notes_Add" time="28.173"/>
  <testcase classname="Enterprise_Codeclouds.Project.Enterprise.Case_Appplications" name="Notes_Add" time="22.746"/>
  <testcase classname="Enterprise_Codeclouds.Project.Enterprise.Case_Appplications" name="Notes_Add" time="22.919"/>
  <testcase classname="Enterprise_Codeclouds.Project.Enterprise.Case_Appplications" name="Notes_Add" time="22.565"/>
  <testcase classname="Enterprise_Codeclouds.Project.Enterprise.Case_Appplications" name="Notes_Add" time="22.297"/>
  <testcase classname="Enterprise_Codeclouds.Project.Enterprise.Case_Appplications" name="Notes_Add" time="23.279"/>
  <testcase classname="Enterprise_Codeclouds.Project.Enterprise.Case_Appplications" name="Notes_Add" time="22.858"/>
  <testcase classname="Enterprise_Codeclouds.Project.Enterprise.Case_Appplications" name="Notes_Add" time="23.885"/>
  <testcase classname="Enterprise_Codeclouds.Project.Enterprise.Case_Appplications" name="Notes_Add" time="23.904"/>
  <testcase classname="Enterprise_Codeclouds.Project.Enterprise.Case_Appplications" name="Notes_Add" time="24.360"/>
  <testcase classname="Enterprise_Codeclouds.Project.Enterprise.Case_Appplications" name="Notes_Add" time="31.592"/>
  <testcase classname="Enterprise_Codeclouds.Project.Enterprise.Case_Appplications" name="Notes_Add" time="22.619"/>
</testsuite> <!-- Enterprise_Codeclouds.Project.Enterprise.Case_Appplications -->
