<?xml version="1.0" encoding="UTF-8"?>
<!-- Generated by org.testng.reporters.JUnitReportReporter -->
<testsuite hostname="CISPL-IO-539" failures="0" tests="20" name="Enterprise_Codeclouds.Project.Enterprise.User_Module" time="328.025" errors="0" timestamp="2026-01-12T16:00:25 IST" skipped="0">
  <testcase classname="Enterprise_Codeclouds.Project.Enterprise.User_Module" name="user_add" time="16.583"/>
  <testcase classname="Enterprise_Codeclouds.Project.Enterprise.User_Module" name="user_add" time="17.170"/>
  <testcase classname="Enterprise_Codeclouds.Project.Enterprise.User_Module" name="user_add" time="26.744"/>
  <testcase classname="Enterprise_Codeclouds.Project.Enterprise.User_Module" name="user_add" time="17.563"/>
  <testcase classname="Enterprise_Codeclouds.Project.Enterprise.User_Module" name="user_add" time="16.131"/>
  <testcase classname="Enterprise_Codeclouds.Project.Enterprise.User_Module" name="user_add" time="15.789"/>
  <testcase classname="Enterprise_Codeclouds.Project.Enterprise.User_Module" name="user_add" time="15.215"/>
  <testcase classname="Enterprise_Codeclouds.Project.Enterprise.User_Module" name="user_add" time="18.558"/>
  <testcase classname="Enterprise_Codeclouds.Project.Enterprise.User_Module" name="user_add" time="14.787"/>
  <testcase classname="Enterprise_Codeclouds.Project.Enterprise.User_Module" name="user_add" time="14.923"/>
  <testcase classname="Enterprise_Codeclouds.Project.Enterprise.User_Module" name="user_add" time="16.051"/>
  <testcase classname="Enterprise_Codeclouds.Project.Enterprise.User_Module" name="user_add" time="15.067"/>
  <testcase classname="Enterprise_Codeclouds.Project.Enterprise.User_Module" name="user_add" time="16.439"/>
  <testcase classname="Enterprise_Codeclouds.Project.Enterprise.User_Module" name="user_add" time="14.582"/>
  <testcase classname="Enterprise_Codeclouds.Project.Enterprise.User_Module" name="user_add" time="15.227"/>
  <testcase classname="Enterprise_Codeclouds.Project.Enterprise.User_Module" name="user_add" time="14.812"/>
  <testcase classname="Enterprise_Codeclouds.Project.Enterprise.User_Module" name="user_add" time="16.549"/>
  <testcase classname="Enterprise_Codeclouds.Project.Enterprise.User_Module" name="user_add" time="14.827"/>
  <testcase classname="Enterprise_Codeclouds.Project.Enterprise.User_Module" name="user_add" time="14.907"/>
  <testcase classname="Enterprise_Codeclouds.Project.Enterprise.User_Module" name="user_add" time="16.101"/>
</testsuite> <!-- Enterprise_Codeclouds.Project.Enterprise.User_Module -->
