<?xml version="1.0" encoding="UTF-8"?>
<!-- Generated by org.testng.reporters.JUnitReportReporter -->
<testsuite hostname="CISPL-IO-539" failures="0" tests="20" name="Enterprise_Codeclouds.Project.Enterprise.Attorney_module" time="895.092" errors="0" timestamp="2026-01-09T18:13:52 IST" skipped="0">
  <testcase classname="Enterprise_Codeclouds.Project.Enterprise.Attorney_module" name="Atttorney_Add_through_case" time="41.030"/>
  <testcase classname="Enterprise_Codeclouds.Project.Enterprise.Attorney_module" name="Atttorney_Add_through_case" time="40.795"/>
  <testcase classname="Enterprise_Codeclouds.Project.Enterprise.Attorney_module" name="Atttorney_Add_through_case" time="34.042"/>
  <testcase classname="Enterprise_Codeclouds.Project.Enterprise.Attorney_module" name="Atttorney_Add_through_case" time="40.577"/>
  <testcase classname="Enterprise_Codeclouds.Project.Enterprise.Attorney_module" name="Atttorney_Add_through_case" time="42.436"/>
  <testcase classname="Enterprise_Codeclouds.Project.Enterprise.Attorney_module" name="Atttorney_Add_through_case" time="40.663"/>
  <testcase classname="Enterprise_Codeclouds.Project.Enterprise.Attorney_module" name="Atttorney_Add_through_case" time="40.617"/>
  <testcase classname="Enterprise_Codeclouds.Project.Enterprise.Attorney_module" name="Atttorney_Add_through_case" time="42.621"/>
  <testcase classname="Enterprise_Codeclouds.Project.Enterprise.Attorney_module" name="Atttorney_Add_through_case" time="42.274"/>
  <testcase classname="Enterprise_Codeclouds.Project.Enterprise.Attorney_module" name="Atttorney_Add_through_case" time="40.549"/>
  <testcase classname="Enterprise_Codeclouds.Project.Enterprise.Attorney_module" name="Atttorney_Add_through_case" time="40.730"/>
  <testcase classname="Enterprise_Codeclouds.Project.Enterprise.Attorney_module" name="Atttorney_Add_through_case" time="41.035"/>
  <testcase classname="Enterprise_Codeclouds.Project.Enterprise.Attorney_module" name="Atttorney_Add_through_case" time="41.464"/>
  <testcase classname="Enterprise_Codeclouds.Project.Enterprise.Attorney_module" name="Atttorney_Add_through_case" time="45.514"/>
  <testcase classname="Enterprise_Codeclouds.Project.Enterprise.Attorney_module" name="Atttorney_Add_through_case" time="40.718"/>
  <testcase classname="Enterprise_Codeclouds.Project.Enterprise.Attorney_module" name="Atttorney_Add_through_case" time="41.196"/>
  <testcase classname="Enterprise_Codeclouds.Project.Enterprise.Attorney_module" name="Atttorney_Add_through_case" time="40.831"/>
  <testcase classname="Enterprise_Codeclouds.Project.Enterprise.Attorney_module" name="Atttorney_Add_through_case" time="123.562"/>
  <testcase classname="Enterprise_Codeclouds.Project.Enterprise.Attorney_module" name="Atttorney_Add_through_case" time="33.563"/>
  <testcase classname="Enterprise_Codeclouds.Project.Enterprise.Attorney_module" name="Atttorney_Add_through_case" time="40.875"/>
</testsuite> <!-- Enterprise_Codeclouds.Project.Enterprise.Attorney_module -->
