<?xml version="1.0" encoding="UTF-8"?>
<!-- Generated by org.testng.reporters.JUnitReportReporter -->
<testsuite hostname="CISPL-IO-539" failures="0" tests="2" name="Enterprise_Codeclouds.Project.Enterprise.Case_Appplications" time="144.915" errors="0" timestamp="2025-12-17T15:32:47 IST" skipped="0">
  <testcase classname="Enterprise_Codeclouds.Project.Enterprise.Case_Appplications" name="Add_case" time="72.669"/>
  <testcase classname="Enterprise_Codeclouds.Project.Enterprise.Case_Appplications" name="Add_case" time="72.246"/>
</testsuite> <!-- Enterprise_Codeclouds.Project.Enterprise.Case_Appplications -->
