<?xml version="1.0" encoding="UTF-8"?>
<!-- Generated by org.testng.reporters.JUnitReportReporter -->
<testsuite hostname="CISPL-IO-539" failures="0" tests="20" name="Enterprise_Codeclouds.Project.Enterprise.Plaintiff_Module" time="300.685" errors="0" timestamp="2025-12-31T11:54:35 IST" skipped="0">
  <testcase classname="Enterprise_Codeclouds.Project.Enterprise.Plaintiff_Module" name="Plaintiff_Add" time="13.197"/>
  <testcase classname="Enterprise_Codeclouds.Project.Enterprise.Plaintiff_Module" name="Plaintiff_Add" time="14.370"/>
  <testcase classname="Enterprise_Codeclouds.Project.Enterprise.Plaintiff_Module" name="Plaintiff_Add" time="14.499"/>
  <testcase classname="Enterprise_Codeclouds.Project.Enterprise.Plaintiff_Module" name="Plaintiff_Add" time="14.078"/>
  <testcase classname="Enterprise_Codeclouds.Project.Enterprise.Plaintiff_Module" name="Plaintiff_Add" time="14.332"/>
  <testcase classname="Enterprise_Codeclouds.Project.Enterprise.Plaintiff_Module" name="Plaintiff_Add" time="14.331"/>
  <testcase classname="Enterprise_Codeclouds.Project.Enterprise.Plaintiff_Module" name="Plaintiff_Add" time="13.838"/>
  <testcase classname="Enterprise_Codeclouds.Project.Enterprise.Plaintiff_Module" name="Plaintiff_Add" time="16.051"/>
  <testcase classname="Enterprise_Codeclouds.Project.Enterprise.Plaintiff_Module" name="Plaintiff_Add" time="14.959"/>
  <testcase classname="Enterprise_Codeclouds.Project.Enterprise.Plaintiff_Module" name="Plaintiff_Add" time="13.765"/>
  <testcase classname="Enterprise_Codeclouds.Project.Enterprise.Plaintiff_Module" name="Plaintiff_Add" time="20.404"/>
  <testcase classname="Enterprise_Codeclouds.Project.Enterprise.Plaintiff_Module" name="Plaintiff_Add" time="16.025"/>
  <testcase classname="Enterprise_Codeclouds.Project.Enterprise.Plaintiff_Module" name="Plaintiff_Add" time="13.724"/>
  <testcase classname="Enterprise_Codeclouds.Project.Enterprise.Plaintiff_Module" name="Plaintiff_Add" time="14.746"/>
  <testcase classname="Enterprise_Codeclouds.Project.Enterprise.Plaintiff_Module" name="Plaintiff_Add" time="17.306"/>
  <testcase classname="Enterprise_Codeclouds.Project.Enterprise.Plaintiff_Module" name="Plaintiff_Add" time="15.570"/>
  <testcase classname="Enterprise_Codeclouds.Project.Enterprise.Plaintiff_Module" name="Plaintiff_Add" time="14.412"/>
  <testcase classname="Enterprise_Codeclouds.Project.Enterprise.Plaintiff_Module" name="Plaintiff_Add" time="15.044"/>
  <testcase classname="Enterprise_Codeclouds.Project.Enterprise.Plaintiff_Module" name="Plaintiff_Add" time="15.152"/>
  <testcase classname="Enterprise_Codeclouds.Project.Enterprise.Plaintiff_Module" name="Plaintiff_Add" time="14.882"/>
</testsuite> <!-- Enterprise_Codeclouds.Project.Enterprise.Plaintiff_Module -->
