<?xml version="1.0" encoding="UTF-8"?>
<!-- Generated by org.testng.reporters.JUnitReportReporter -->
<testsuite hostname="CISPL-IO-539" failures="0" tests="5" name="Enterprise_Codeclouds.Project.Enterprise.User_Module" time="95.051" errors="0" timestamp="2026-01-15T16:57:36 IST" skipped="0">
  <testcase classname="Enterprise_Codeclouds.Project.Enterprise.User_Module" name="user_add" time="19.698"/>
  <testcase classname="Enterprise_Codeclouds.Project.Enterprise.User_Module" name="user_add" time="19.339"/>
  <testcase classname="Enterprise_Codeclouds.Project.Enterprise.User_Module" name="user_add" time="18.831"/>
  <testcase classname="Enterprise_Codeclouds.Project.Enterprise.User_Module" name="user_add" time="18.710"/>
  <testcase classname="Enterprise_Codeclouds.Project.Enterprise.User_Module" name="user_add" time="18.473"/>
</testsuite> <!-- Enterprise_Codeclouds.Project.Enterprise.User_Module -->
