<?xml version="1.0" encoding="UTF-8"?>
<!-- Generated by org.testng.reporters.JUnitReportReporter -->
<testsuite hostname="CISPL-IO-539" failures="0" tests="3" name="Negative_Testcases.Login_negative_testcases" time="26.877" errors="0" timestamp="2025-12-11T12:58:18 IST" skipped="0">
  <testcase classname="Negative_Testcases.Login_negative_testcases" name="login_validation" time="8.328"/>
  <testcase classname="Negative_Testcases.Login_negative_testcases" name="login_validation" time="8.940"/>
  <testcase classname="Negative_Testcases.Login_negative_testcases" name="login_validation" time="9.609"/>
</testsuite> <!-- Negative_Testcases.Login_negative_testcases -->
