<?xml version="1.0" encoding="UTF-8"?>
<!-- Generated by org.testng.reporters.JUnitReportReporter -->
<testsuite hostname="CISPL-IO-539" failures="0" tests="10" name="Enterprise_Codeclouds.Project.Enterprise.Access_Permissions" time="171.371" errors="0" timestamp="2026-01-14T15:43:42 IST" skipped="0">
  <testcase classname="Enterprise_Codeclouds.Project.Enterprise.Access_Permissions" name="Group_Add" time="16.545"/>
  <testcase classname="Enterprise_Codeclouds.Project.Enterprise.Access_Permissions" name="Group_Add" time="18.399"/>
  <testcase classname="Enterprise_Codeclouds.Project.Enterprise.Access_Permissions" name="Group_Add" time="17.112"/>
  <testcase classname="Enterprise_Codeclouds.Project.Enterprise.Access_Permissions" name="Group_Add" time="17.288"/>
  <testcase classname="Enterprise_Codeclouds.Project.Enterprise.Access_Permissions" name="Group_Add" time="16.663"/>
  <testcase classname="Enterprise_Codeclouds.Project.Enterprise.Access_Permissions" name="Group_Add" time="17.087"/>
  <testcase classname="Enterprise_Codeclouds.Project.Enterprise.Access_Permissions" name="Group_Add" time="17.069"/>
  <testcase classname="Enterprise_Codeclouds.Project.Enterprise.Access_Permissions" name="Group_Add" time="17.144"/>
  <testcase classname="Enterprise_Codeclouds.Project.Enterprise.Access_Permissions" name="Group_Add" time="16.991"/>
  <testcase classname="Enterprise_Codeclouds.Project.Enterprise.Access_Permissions" name="Group_Add" time="17.073"/>
</testsuite> <!-- Enterprise_Codeclouds.Project.Enterprise.Access_Permissions -->
