<?xml version="1.0" encoding="UTF-8"?>
<!-- Generated by org.testng.reporters.JUnitReportReporter -->
<testsuite hostname="CISPL-IO-539" failures="0" tests="1" name="Enterprise_Codeclouds.Project.Enterprise.Access_Permissions" time="20.617" errors="0" timestamp="2026-01-15T18:57:56 IST" skipped="0">
  <testcase classname="Enterprise_Codeclouds.Project.Enterprise.Access_Permissions" name="Group_Add" time="20.617"/>
</testsuite> <!-- Enterprise_Codeclouds.Project.Enterprise.Access_Permissions -->
