<?xml version="1.0" encoding="UTF-8"?>
<!-- Generated by org.testng.reporters.JUnitReportReporter -->
<testsuite hostname="CISPL-IO-539" failures="0" tests="1" name="Enterprise_Codeclouds.Project.Enterprise.Case_Appplications" time="18.287" errors="0" timestamp="2025-12-15T17:46:59 IST" skipped="0">
  <testcase classname="Enterprise_Codeclouds.Project.Enterprise.Case_Appplications" name="Added_application_delete" time="18.287"/>
</testsuite> <!-- Enterprise_Codeclouds.Project.Enterprise.Case_Appplications -->
