<?xml version="1.0" encoding="UTF-8"?>
<!-- Generated by org.testng.reporters.JUnitReportReporter -->
<testsuite hostname="CISPL-IO-539" failures="0" tests="3" name="Negative_Testcases.Login_negative_testcases" time="28.277" errors="0" timestamp="2025-12-30T13:41:20 IST" skipped="0">
  <testcase classname="Negative_Testcases.Login_negative_testcases" name="login_validation" time="8.894"/>
  <testcase classname="Negative_Testcases.Login_negative_testcases" name="login_validation" time="9.065"/>
  <testcase classname="Negative_Testcases.Login_negative_testcases" name="login_validation" time="10.318"/>
</testsuite> <!-- Negative_Testcases.Login_negative_testcases -->
