<?xml version="1.0" encoding="UTF-8"?>
<!-- Generated by org.testng.reporters.JUnitReportReporter -->
<testsuite hostname="user" failures="0" tests="1" name="Enterprise_Codeclouds.Project.Enterprise.User_Module" time="26.406" errors="1" timestamp="2026-01-11T23:47:45 IST" skipped="0">
  <testcase classname="Enterprise_Codeclouds.Project.Enterprise.User_Module" name="user_add" time="26.406">
    <error message="Expected condition failed: waiting for visibility of all [[[[[ChromeDriver: chrome on windows (5b0839ca90ee443a486b5da8249061a1)] -&gt; xpath: //form]] -&gt; xpath: .//input], [[[[ChromeDriver: chrome on windows (5b0839ca90ee443a486b5da8249061a1)] -&gt; xpath: //form]] -&gt; xpath: .//input], [[[[ChromeDriver: chrome on windows (5b0839ca90ee443a486b5da8249061a1)] -&gt; xpath: //form]] -&gt; xpath: .//input], [[[[ChromeDriver: chrome on windows (5b0839ca90ee443a486b5da8249061a1)] -&gt; xpath: //form]] -&gt; xpath: .//input], [[[[ChromeDriver: chrome on windows (5b0839ca90ee443a486b5da8249061a1)] -&gt; xpath: //form]] -&gt; xpath: .//input], [[[[ChromeDriver: chrome on windows (5b0839ca90ee443a486b5da8249061a1)] -&gt; xpath: //form]] -&gt; xpath: .//input], [[[[ChromeDriver: chrome on windows (5b0839ca90ee443a486b5da8249061a1)] -&gt; xpath: //form]] -&gt; xpath: .//input]] (tried for 10 second(s) with 500 milliseconds interval)
Build info: version: &#039;4.33.0&#039;, revision: &#039;2c6aaad03a&#039;
System info: os.name: &#039;Windows 8.1&#039;, os.arch: &#039;amd64&#039;, os.version: &#039;6.3&#039;, java.version: &#039;23.0.1&#039;
Driver info: org.openqa.selenium.chrome.ChromeDriver
Capabilities {acceptInsecureCerts: false, browserName: chrome, browserVersion: 109.0.5414.168, chrome: {chromedriverVersion: 109.0.5414.74 (e7c5703604da..., userDataDir: C:\Users\user1\AppData\Loca...}, goog:chromeOptions: {debuggerAddress: localhost:55385}, networkConnectionEnabled: false, pageLoadStrategy: normal, platformName: windows, proxy: Proxy(), se:cdp: ws://localhost:55385/devtoo..., se:cdpVersion: 109.0.5414.168, setWindowRect: true, strictFileInteractability: false, timeouts: {implicit: 0, pageLoad: 300000, script: 30000}, unhandledPromptBehavior: dismiss and notify, webauthn:extension:credBlob: true, webauthn:extension:largeBlob: true, webauthn:virtualAuthenticators: true}
Session ID: 5b0839ca90ee443a486b5da8249061a1" type="org.openqa.selenium.TimeoutException">
      <![CDATA[org.openqa.selenium.TimeoutException: Expected condition failed: waiting for visibility of all [[[[[ChromeDriver: chrome on windows (5b0839ca90ee443a486b5da8249061a1)] -> xpath: //form]] -> xpath: .//input], [[[[ChromeDriver: chrome on windows (5b0839ca90ee443a486b5da8249061a1)] -> xpath: //form]] -> xpath: .//input], [[[[ChromeDriver: chrome on windows (5b0839ca90ee443a486b5da8249061a1)] -> xpath: //form]] -> xpath: .//input], [[[[ChromeDriver: chrome on windows (5b0839ca90ee443a486b5da8249061a1)] -> xpath: //form]] -> xpath: .//input], [[[[ChromeDriver: chrome on windows (5b0839ca90ee443a486b5da8249061a1)] -> xpath: //form]] -> xpath: .//input], [[[[ChromeDriver: chrome on windows (5b0839ca90ee443a486b5da8249061a1)] -> xpath: //form]] -> xpath: .//input], [[[[ChromeDriver: chrome on windows (5b0839ca90ee443a486b5da8249061a1)] -> xpath: //form]] -> xpath: .//input]] (tried for 10 second(s) with 500 milliseconds interval)
Build info: version: '4.33.0', revision: '2c6aaad03a'
System info: os.name: 'Windows 8.1', os.arch: 'amd64', os.version: '6.3', java.version: '23.0.1'
Driver info: org.openqa.selenium.chrome.ChromeDriver
Capabilities {acceptInsecureCerts: false, browserName: chrome, browserVersion: 109.0.5414.168, chrome: {chromedriverVersion: 109.0.5414.74 (e7c5703604da..., userDataDir: C:\Users\user1\AppData\Loca...}, goog:chromeOptions: {debuggerAddress: localhost:55385}, networkConnectionEnabled: false, pageLoadStrategy: normal, platformName: windows, proxy: Proxy(), se:cdp: ws://localhost:55385/devtoo..., se:cdpVersion: 109.0.5414.168, setWindowRect: true, strictFileInteractability: false, timeouts: {implicit: 0, pageLoad: 300000, script: 30000}, unhandledPromptBehavior: dismiss and notify, webauthn:extension:credBlob: true, webauthn:extension:largeBlob: true, webauthn:virtualAuthenticators: true}
Session ID: 5b0839ca90ee443a486b5da8249061a1
at org.openqa.selenium.support.ui.WebDriverWait.timeoutException(WebDriverWait.java:84)
at org.openqa.selenium.support.ui.FluentWait.until(FluentWait.java:228)
at Repeatative_codes.Repeat.wait_for_theElement(Repeat.java:50)
at Locaters.Plaintiff_Locaters.inputs(Plaintiff_Locaters.java:115)
at Enterprise_Codeclouds.Project.Enterprise.User_Module.user_add(User_Module.java:37)
at java.base/jdk.internal.reflect.DirectMethodHandleAccessor.invoke(DirectMethodHandleAccessor.java:103)
at java.base/java.lang.reflect.Method.invoke(Method.java:580)
at org.testng.internal.invokers.MethodInvocationHelper.invokeMethod(MethodInvocationHelper.java:141)
at org.testng.internal.invokers.TestInvoker.invokeMethod(TestInvoker.java:687)
at org.testng.internal.invokers.TestInvoker.invokeTestMethod(TestInvoker.java:230)
at org.testng.internal.invokers.MethodRunner.runInSequence(MethodRunner.java:63)
at org.testng.internal.invokers.TestInvoker$MethodInvocationAgent.invoke(TestInvoker.java:995)
at org.testng.internal.invokers.TestInvoker.invokeTestMethods(TestInvoker.java:203)
at org.testng.internal.invokers.TestMethodWorker.invokeTestMethods(TestMethodWorker.java:154)
at org.testng.internal.invokers.TestMethodWorker.run(TestMethodWorker.java:134)
at java.base/java.util.ArrayList.forEach(ArrayList.java:1597)
at org.testng.TestRunner.privateRun(TestRunner.java:741)
at org.testng.TestRunner.run(TestRunner.java:616)
at org.testng.SuiteRunner.runTest(SuiteRunner.java:421)
at org.testng.SuiteRunner.runSequentially(SuiteRunner.java:413)
at org.testng.SuiteRunner.privateRun(SuiteRunner.java:373)
at org.testng.SuiteRunner.run(SuiteRunner.java:312)
at org.testng.SuiteRunnerWorker.runSuite(SuiteRunnerWorker.java:52)
at org.testng.SuiteRunnerWorker.run(SuiteRunnerWorker.java:95)
at org.testng.TestNG.runSuitesSequentially(TestNG.java:1274)
at org.testng.TestNG.runSuitesLocally(TestNG.java:1208)
at org.testng.TestNG.runSuites(TestNG.java:1112)
at org.testng.TestNG.run(TestNG.java:1079)
at org.testng.remote.AbstractRemoteTestNG.run(AbstractRemoteTestNG.java:115)
at org.testng.remote.RemoteTestNG.initAndRun(RemoteTestNG.java:293)
at org.testng.remote.RemoteTestNG.main(RemoteTestNG.java:91)
]]>
    </error>
  </testcase> <!-- user_add -->
</testsuite> <!-- Enterprise_Codeclouds.Project.Enterprise.User_Module -->
