<?xml version="1.0" encoding="UTF-8"?>
<!-- Generated by org.testng.reporters.JUnitReportReporter -->
<testsuite hostname="CISPL-IO-539" failures="0" tests="10" name="Enterprise_Codeclouds.Project.Enterprise.Leads" time="193.234" errors="0" timestamp="2026-02-13T13:43:01 IST" skipped="0">
  <testcase classname="Enterprise_Codeclouds.Project.Enterprise.Leads" name="frontend_form_filler" time="16.926"/>
  <testcase classname="Enterprise_Codeclouds.Project.Enterprise.Leads" name="frontend_form_filler" time="16.545"/>
  <testcase classname="Enterprise_Codeclouds.Project.Enterprise.Leads" name="frontend_form_filler" time="19.606"/>
  <testcase classname="Enterprise_Codeclouds.Project.Enterprise.Leads" name="frontend_form_filler" time="20.671"/>
  <testcase classname="Enterprise_Codeclouds.Project.Enterprise.Leads" name="frontend_form_filler" time="14.410"/>
  <testcase classname="Enterprise_Codeclouds.Project.Enterprise.Leads" name="frontend_form_filler" time="16.983"/>
  <testcase classname="Enterprise_Codeclouds.Project.Enterprise.Leads" name="frontend_form_filler" time="24.818"/>
  <testcase classname="Enterprise_Codeclouds.Project.Enterprise.Leads" name="frontend_form_filler" time="18.620"/>
  <testcase classname="Enterprise_Codeclouds.Project.Enterprise.Leads" name="frontend_form_filler" time="21.184"/>
  <testcase classname="Enterprise_Codeclouds.Project.Enterprise.Leads" name="frontend_form_filler" time="23.471"/>
</testsuite> <!-- Enterprise_Codeclouds.Project.Enterprise.Leads -->
