<?xml version="1.0" encoding="UTF-8"?>
<!-- Generated by org.testng.reporters.JUnitReportReporter -->
<testsuite hostname="CISPL-IO-539" failures="0" tests="20" name="Enterprise_Codeclouds.Project.Enterprise.Case_Appplications" time="1333.388" errors="20" timestamp="2025-12-12T22:22:33 IST" skipped="0">
  <testcase classname="Enterprise_Codeclouds.Project.Enterprise.Case_Appplications" name="Add_case" time="58.874">
    <error message="Expected condition failed: waiting for visibility of all [[[[[ChromeDriver: chrome on windows (98b614aa417228dec032785a634d65fd)] -&gt; xpath: (//div[@class=&#039;rc-virtual-list&#039;])[1]]] -&gt; xpath: .//*[@aria-selected=&#039;false&#039;]]] (tried for 10 second(s) with 500 milliseconds interval)
Build info: version: &#039;4.33.0&#039;, revision: &#039;2c6aaad03a&#039;
System info: os.name: &#039;Windows 11&#039;, os.arch: &#039;amd64&#039;, os.version: &#039;10.0&#039;, java.version: &#039;21.0.9&#039;
Driver info: org.openqa.selenium.chrome.ChromeDriver
Capabilities {acceptInsecureCerts: false, browserName: chrome, browserVersion: 143.0.7499.41, chrome: {chromedriverVersion: 143.0.7499.42 (24bdc8c48a0c..., userDataDir: C:\Users\CODECL~1\AppData\L...}, fedcm:accounts: true, goog:chromeOptions: {debuggerAddress: localhost:63486}, goog:processID: 5384, networkConnectionEnabled: false, pageLoadStrategy: normal, platformName: windows, proxy: Proxy(), se:cdp: ws://localhost:63486/devtoo..., se:cdpVersion: 143.0.7499.41, setWindowRect: true, strictFileInteractability: false, timeouts: {implicit: 0, pageLoad: 300000, script: 30000}, unhandledPromptBehavior: dismiss and notify, webauthn:extension:credBlob: true, webauthn:extension:largeBlob: true, webauthn:extension:minPinLength: true, webauthn:extension:prf: true, webauthn:virtualAuthenticators: true}
Session ID: 98b614aa417228dec032785a634d65fd" type="org.openqa.selenium.TimeoutException">
      <![CDATA[org.openqa.selenium.TimeoutException: Expected condition failed: waiting for visibility of all [[[[[ChromeDriver: chrome on windows (98b614aa417228dec032785a634d65fd)] -> xpath: (//div[@class='rc-virtual-list'])[1]]] -> xpath: .//*[@aria-selected='false']]] (tried for 10 second(s) with 500 milliseconds interval)
Build info: version: '4.33.0', revision: '2c6aaad03a'
System info: os.name: 'Windows 11', os.arch: 'amd64', os.version: '10.0', java.version: '21.0.9'
Driver info: org.openqa.selenium.chrome.ChromeDriver
Capabilities {acceptInsecureCerts: false, browserName: chrome, browserVersion: 143.0.7499.41, chrome: {chromedriverVersion: 143.0.7499.42 (24bdc8c48a0c..., userDataDir: C:\Users\CODECL~1\AppData\L...}, fedcm:accounts: true, goog:chromeOptions: {debuggerAddress: localhost:63486}, goog:processID: 5384, networkConnectionEnabled: false, pageLoadStrategy: normal, platformName: windows, proxy: Proxy(), se:cdp: ws://localhost:63486/devtoo..., se:cdpVersion: 143.0.7499.41, setWindowRect: true, strictFileInteractability: false, timeouts: {implicit: 0, pageLoad: 300000, script: 30000}, unhandledPromptBehavior: dismiss and notify, webauthn:extension:credBlob: true, webauthn:extension:largeBlob: true, webauthn:extension:minPinLength: true, webauthn:extension:prf: true, webauthn:virtualAuthenticators: true}
Session ID: 98b614aa417228dec032785a634d65fd
at org.openqa.selenium.support.ui.WebDriverWait.timeoutException(WebDriverWait.java:84)
at org.openqa.selenium.support.ui.FluentWait.until(FluentWait.java:228)
at Repeatative_codes.Repeat.wait_for_theElement(Repeat.java:40)
at Locaters.Application_Locaters.Plaintiff_options(Application_Locaters.java:127)
at Enterprise_Codeclouds.Project.Enterprise.Case_Appplications.Add_case(Case_Appplications.java:42)
at java.base/jdk.internal.reflect.DirectMethodHandleAccessor.invoke(DirectMethodHandleAccessor.java:103)
at java.base/java.lang.reflect.Method.invoke(Method.java:580)
at org.testng.internal.invokers.MethodInvocationHelper.invokeMethod(MethodInvocationHelper.java:141)
at org.testng.internal.invokers.TestInvoker.invokeMethod(TestInvoker.java:687)
at org.testng.internal.invokers.TestInvoker.invokeTestMethod(TestInvoker.java:230)
at org.testng.internal.invokers.MethodRunner.runInSequence(MethodRunner.java:63)
at org.testng.internal.invokers.TestInvoker$MethodInvocationAgent.invoke(TestInvoker.java:995)
at org.testng.internal.invokers.TestInvoker.invokeTestMethods(TestInvoker.java:203)
at org.testng.internal.invokers.TestMethodWorker.invokeTestMethods(TestMethodWorker.java:154)
at org.testng.internal.invokers.TestMethodWorker.run(TestMethodWorker.java:134)
at java.base/java.util.ArrayList.forEach(ArrayList.java:1596)
at org.testng.TestRunner.privateRun(TestRunner.java:741)
at org.testng.TestRunner.run(TestRunner.java:616)
at org.testng.SuiteRunner.runTest(SuiteRunner.java:421)
at org.testng.SuiteRunner.runSequentially(SuiteRunner.java:413)
at org.testng.SuiteRunner.privateRun(SuiteRunner.java:373)
at org.testng.SuiteRunner.run(SuiteRunner.java:312)
at org.testng.SuiteRunnerWorker.runSuite(SuiteRunnerWorker.java:52)
at org.testng.SuiteRunnerWorker.run(SuiteRunnerWorker.java:95)
at org.testng.TestNG.runSuitesSequentially(TestNG.java:1274)
at org.testng.TestNG.runSuitesLocally(TestNG.java:1208)
at org.testng.TestNG.runSuites(TestNG.java:1112)
at org.testng.TestNG.run(TestNG.java:1079)
at org.testng.remote.AbstractRemoteTestNG.run(AbstractRemoteTestNG.java:115)
at org.testng.remote.RemoteTestNG.initAndRun(RemoteTestNG.java:293)
at org.testng.remote.RemoteTestNG.main(RemoteTestNG.java:91)
]]>
    </error>
  </testcase> <!-- Add_case -->
  <testcase classname="Enterprise_Codeclouds.Project.Enterprise.Case_Appplications" name="Add_case" time="60.023">
    <error message="Element list is null or empty. Check the locator or timing." type="java.lang.RuntimeException">
      <![CDATA[java.lang.RuntimeException: Element list is null or empty. Check the locator or timing.
at Repeatative_codes.Repeat.wait_for_theElement(Repeat.java:37)
at Locaters.Application_Locaters.Application_amount_edit_buttons(Application_Locaters.java:220)
at Enterprise_Codeclouds.Project.Enterprise.Case_Appplications.Add_case(Case_Appplications.java:105)
at java.base/jdk.internal.reflect.DirectMethodHandleAccessor.invoke(DirectMethodHandleAccessor.java:103)
at java.base/java.lang.reflect.Method.invoke(Method.java:580)
at org.testng.internal.invokers.MethodInvocationHelper.invokeMethod(MethodInvocationHelper.java:141)
at org.testng.internal.invokers.TestInvoker.invokeMethod(TestInvoker.java:687)
at org.testng.internal.invokers.TestInvoker.invokeTestMethod(TestInvoker.java:230)
at org.testng.internal.invokers.MethodRunner.runInSequence(MethodRunner.java:63)
at org.testng.internal.invokers.TestInvoker$MethodInvocationAgent.invoke(TestInvoker.java:995)
at org.testng.internal.invokers.TestInvoker.invokeTestMethods(TestInvoker.java:203)
at org.testng.internal.invokers.TestMethodWorker.invokeTestMethods(TestMethodWorker.java:154)
at org.testng.internal.invokers.TestMethodWorker.run(TestMethodWorker.java:134)
at java.base/java.util.ArrayList.forEach(ArrayList.java:1596)
at org.testng.TestRunner.privateRun(TestRunner.java:741)
at org.testng.TestRunner.run(TestRunner.java:616)
at org.testng.SuiteRunner.runTest(SuiteRunner.java:421)
at org.testng.SuiteRunner.runSequentially(SuiteRunner.java:413)
at org.testng.SuiteRunner.privateRun(SuiteRunner.java:373)
at org.testng.SuiteRunner.run(SuiteRunner.java:312)
at org.testng.SuiteRunnerWorker.runSuite(SuiteRunnerWorker.java:52)
at org.testng.SuiteRunnerWorker.run(SuiteRunnerWorker.java:95)
at org.testng.TestNG.runSuitesSequentially(TestNG.java:1274)
at org.testng.TestNG.runSuitesLocally(TestNG.java:1208)
at org.testng.TestNG.runSuites(TestNG.java:1112)
at org.testng.TestNG.run(TestNG.java:1079)
at org.testng.remote.AbstractRemoteTestNG.run(AbstractRemoteTestNG.java:115)
at org.testng.remote.RemoteTestNG.initAndRun(RemoteTestNG.java:293)
at org.testng.remote.RemoteTestNG.main(RemoteTestNG.java:91)
]]>
    </error>
  </testcase> <!-- Add_case -->
  <testcase classname="Enterprise_Codeclouds.Project.Enterprise.Case_Appplications" name="Add_case" time="67.713">
    <error message="Expected condition failed: waiting for visibility of all [[[[[ChromeDriver: chrome on windows (1ee33d97fd6b43349648e13379c8071f)] -&gt; xpath: //*[@class=&#039;ant-modal-body&#039;]]] -&gt; xpath: .//input], [[[[ChromeDriver: chrome on windows (1ee33d97fd6b43349648e13379c8071f)] -&gt; xpath: //*[@class=&#039;ant-modal-body&#039;]]] -&gt; xpath: .//input], [[[[ChromeDriver: chrome on windows (1ee33d97fd6b43349648e13379c8071f)] -&gt; xpath: //*[@class=&#039;ant-modal-body&#039;]]] -&gt; xpath: .//input], [[[[ChromeDriver: chrome on windows (1ee33d97fd6b43349648e13379c8071f)] -&gt; xpath: //*[@class=&#039;ant-modal-body&#039;]]] -&gt; xpath: .//input], [[[[ChromeDriver: chrome on windows (1ee33d97fd6b43349648e13379c8071f)] -&gt; xpath: //*[@class=&#039;ant-modal-body&#039;]]] -&gt; xpath: .//input], [[[[ChromeDriver: chrome on windows (1ee33d97fd6b43349648e13379c8071f)] -&gt; xpath: //*[@class=&#039;ant-modal-body&#039;]]] -&gt; xpath: .//input], [[[[ChromeDriver: chrome on windows (1ee33d97fd6b43349648e13379c8071f)] -&gt; xpath: //*[@class=&#039;ant-modal-body&#039;]]] -&gt; xpath: .//input], [[[[ChromeDriver: chrome on windows (1ee33d97fd6b43349648e13379c8071f)] -&gt; xpath: //*[@class=&#039;ant-modal-body&#039;]]] -&gt; xpath: .//input], [[[[ChromeDriver: chrome on windows (1ee33d97fd6b43349648e13379c8071f)] -&gt; xpath: //*[@class=&#039;ant-modal-body&#039;]]] -&gt; xpath: .//input], [[[[ChromeDriver: chrome on windows (1ee33d97fd6b43349648e13379c8071f)] -&gt; xpath: //*[@class=&#039;ant-modal-body&#039;]]] -&gt; xpath: .//input], [[[[ChromeDriver: chrome on windows (1ee33d97fd6b43349648e13379c8071f)] -&gt; xpath: //*[@class=&#039;ant-modal-body&#039;]]] -&gt; xpath: .//input], [[[[ChromeDriver: chrome on windows (1ee33d97fd6b43349648e13379c8071f)] -&gt; xpath: //*[@class=&#039;ant-modal-body&#039;]]] -&gt; xpath: .//input]] (tried for 10 second(s) with 500 milliseconds interval)
Build info: version: &#039;4.33.0&#039;, revision: &#039;2c6aaad03a&#039;
System info: os.name: &#039;Windows 11&#039;, os.arch: &#039;amd64&#039;, os.version: &#039;10.0&#039;, java.version: &#039;21.0.9&#039;
Driver info: org.openqa.selenium.chrome.ChromeDriver
Capabilities {acceptInsecureCerts: false, browserName: chrome, browserVersion: 143.0.7499.41, chrome: {chromedriverVersion: 143.0.7499.42 (24bdc8c48a0c..., userDataDir: C:\Users\CODECL~1\AppData\L...}, fedcm:accounts: true, goog:chromeOptions: {debuggerAddress: localhost:50351}, goog:processID: 10404, networkConnectionEnabled: false, pageLoadStrategy: normal, platformName: windows, proxy: Proxy(), se:cdp: ws://localhost:50351/devtoo..., se:cdpVersion: 143.0.7499.41, setWindowRect: true, strictFileInteractability: false, timeouts: {implicit: 0, pageLoad: 300000, script: 30000}, unhandledPromptBehavior: dismiss and notify, webauthn:extension:credBlob: true, webauthn:extension:largeBlob: true, webauthn:extension:minPinLength: true, webauthn:extension:prf: true, webauthn:virtualAuthenticators: true}
Session ID: 1ee33d97fd6b43349648e13379c8071f" type="org.openqa.selenium.TimeoutException">
      <![CDATA[org.openqa.selenium.TimeoutException: Expected condition failed: waiting for visibility of all [[[[[ChromeDriver: chrome on windows (1ee33d97fd6b43349648e13379c8071f)] -> xpath: //*[@class='ant-modal-body']]] -> xpath: .//input], [[[[ChromeDriver: chrome on windows (1ee33d97fd6b43349648e13379c8071f)] -> xpath: //*[@class='ant-modal-body']]] -> xpath: .//input], [[[[ChromeDriver: chrome on windows (1ee33d97fd6b43349648e13379c8071f)] -> xpath: //*[@class='ant-modal-body']]] -> xpath: .//input], [[[[ChromeDriver: chrome on windows (1ee33d97fd6b43349648e13379c8071f)] -> xpath: //*[@class='ant-modal-body']]] -> xpath: .//input], [[[[ChromeDriver: chrome on windows (1ee33d97fd6b43349648e13379c8071f)] -> xpath: //*[@class='ant-modal-body']]] -> xpath: .//input], [[[[ChromeDriver: chrome on windows (1ee33d97fd6b43349648e13379c8071f)] -> xpath: //*[@class='ant-modal-body']]] -> xpath: .//input], [[[[ChromeDriver: chrome on windows (1ee33d97fd6b43349648e13379c8071f)] -> xpath: //*[@class='ant-modal-body']]] -> xpath: .//input], [[[[ChromeDriver: chrome on windows (1ee33d97fd6b43349648e13379c8071f)] -> xpath: //*[@class='ant-modal-body']]] -> xpath: .//input], [[[[ChromeDriver: chrome on windows (1ee33d97fd6b43349648e13379c8071f)] -> xpath: //*[@class='ant-modal-body']]] -> xpath: .//input], [[[[ChromeDriver: chrome on windows (1ee33d97fd6b43349648e13379c8071f)] -> xpath: //*[@class='ant-modal-body']]] -> xpath: .//input], [[[[ChromeDriver: chrome on windows (1ee33d97fd6b43349648e13379c8071f)] -> xpath: //*[@class='ant-modal-body']]] -> xpath: .//input], [[[[ChromeDriver: chrome on windows (1ee33d97fd6b43349648e13379c8071f)] -> xpath: //*[@class='ant-modal-body']]] -> xpath: .//input]] (tried for 10 second(s) with 500 milliseconds interval)
Build info: version: '4.33.0', revision: '2c6aaad03a'
System info: os.name: 'Windows 11', os.arch: 'amd64', os.version: '10.0', java.version: '21.0.9'
Driver info: org.openqa.selenium.chrome.ChromeDriver
Capabilities {acceptInsecureCerts: false, browserName: chrome, browserVersion: 143.0.7499.41, chrome: {chromedriverVersion: 143.0.7499.42 (24bdc8c48a0c..., userDataDir: C:\Users\CODECL~1\AppData\L...}, fedcm:accounts: true, goog:chromeOptions: {debuggerAddress: localhost:50351}, goog:processID: 10404, networkConnectionEnabled: false, pageLoadStrategy: normal, platformName: windows, proxy: Proxy(), se:cdp: ws://localhost:50351/devtoo..., se:cdpVersion: 143.0.7499.41, setWindowRect: true, strictFileInteractability: false, timeouts: {implicit: 0, pageLoad: 300000, script: 30000}, unhandledPromptBehavior: dismiss and notify, webauthn:extension:credBlob: true, webauthn:extension:largeBlob: true, webauthn:extension:minPinLength: true, webauthn:extension:prf: true, webauthn:virtualAuthenticators: true}
Session ID: 1ee33d97fd6b43349648e13379c8071f
at org.openqa.selenium.support.ui.WebDriverWait.timeoutException(WebDriverWait.java:84)
at org.openqa.selenium.support.ui.FluentWait.until(FluentWait.java:228)
at Repeatative_codes.Repeat.wait_for_theElement(Repeat.java:40)
at Locaters.Application_Locaters.Modal_Input_Feilds(Application_Locaters.java:224)
at Enterprise_Codeclouds.Project.Enterprise.Case_Appplications.Add_case(Case_Appplications.java:119)
at java.base/jdk.internal.reflect.DirectMethodHandleAccessor.invoke(DirectMethodHandleAccessor.java:103)
at java.base/java.lang.reflect.Method.invoke(Method.java:580)
at org.testng.internal.invokers.MethodInvocationHelper.invokeMethod(MethodInvocationHelper.java:141)
at org.testng.internal.invokers.TestInvoker.invokeMethod(TestInvoker.java:687)
at org.testng.internal.invokers.TestInvoker.invokeTestMethod(TestInvoker.java:230)
at org.testng.internal.invokers.MethodRunner.runInSequence(MethodRunner.java:63)
at org.testng.internal.invokers.TestInvoker$MethodInvocationAgent.invoke(TestInvoker.java:995)
at org.testng.internal.invokers.TestInvoker.invokeTestMethods(TestInvoker.java:203)
at org.testng.internal.invokers.TestMethodWorker.invokeTestMethods(TestMethodWorker.java:154)
at org.testng.internal.invokers.TestMethodWorker.run(TestMethodWorker.java:134)
at java.base/java.util.ArrayList.forEach(ArrayList.java:1596)
at org.testng.TestRunner.privateRun(TestRunner.java:741)
at org.testng.TestRunner.run(TestRunner.java:616)
at org.testng.SuiteRunner.runTest(SuiteRunner.java:421)
at org.testng.SuiteRunner.runSequentially(SuiteRunner.java:413)
at org.testng.SuiteRunner.privateRun(SuiteRunner.java:373)
at org.testng.SuiteRunner.run(SuiteRunner.java:312)
at org.testng.SuiteRunnerWorker.runSuite(SuiteRunnerWorker.java:52)
at org.testng.SuiteRunnerWorker.run(SuiteRunnerWorker.java:95)
at org.testng.TestNG.runSuitesSequentially(TestNG.java:1274)
at org.testng.TestNG.runSuitesLocally(TestNG.java:1208)
at org.testng.TestNG.runSuites(TestNG.java:1112)
at org.testng.TestNG.run(TestNG.java:1079)
at org.testng.remote.AbstractRemoteTestNG.run(AbstractRemoteTestNG.java:115)
at org.testng.remote.RemoteTestNG.initAndRun(RemoteTestNG.java:293)
at org.testng.remote.RemoteTestNG.main(RemoteTestNG.java:91)
]]>
    </error>
  </testcase> <!-- Add_case -->
  <testcase classname="Enterprise_Codeclouds.Project.Enterprise.Case_Appplications" name="Add_case" time="67.753">
    <error message="Expected condition failed: waiting for visibility of all [[[[[ChromeDriver: chrome on windows (b4ed17f003f710c9b90a505d54b8a2ca)] -&gt; xpath: //*[@class=&#039;ant-modal-body&#039;]]] -&gt; xpath: .//input], [[[[ChromeDriver: chrome on windows (b4ed17f003f710c9b90a505d54b8a2ca)] -&gt; xpath: //*[@class=&#039;ant-modal-body&#039;]]] -&gt; xpath: .//input], [[[[ChromeDriver: chrome on windows (b4ed17f003f710c9b90a505d54b8a2ca)] -&gt; xpath: //*[@class=&#039;ant-modal-body&#039;]]] -&gt; xpath: .//input], [[[[ChromeDriver: chrome on windows (b4ed17f003f710c9b90a505d54b8a2ca)] -&gt; xpath: //*[@class=&#039;ant-modal-body&#039;]]] -&gt; xpath: .//input], [[[[ChromeDriver: chrome on windows (b4ed17f003f710c9b90a505d54b8a2ca)] -&gt; xpath: //*[@class=&#039;ant-modal-body&#039;]]] -&gt; xpath: .//input], [[[[ChromeDriver: chrome on windows (b4ed17f003f710c9b90a505d54b8a2ca)] -&gt; xpath: //*[@class=&#039;ant-modal-body&#039;]]] -&gt; xpath: .//input], [[[[ChromeDriver: chrome on windows (b4ed17f003f710c9b90a505d54b8a2ca)] -&gt; xpath: //*[@class=&#039;ant-modal-body&#039;]]] -&gt; xpath: .//input], [[[[ChromeDriver: chrome on windows (b4ed17f003f710c9b90a505d54b8a2ca)] -&gt; xpath: //*[@class=&#039;ant-modal-body&#039;]]] -&gt; xpath: .//input], [[[[ChromeDriver: chrome on windows (b4ed17f003f710c9b90a505d54b8a2ca)] -&gt; xpath: //*[@class=&#039;ant-modal-body&#039;]]] -&gt; xpath: .//input], [[[[ChromeDriver: chrome on windows (b4ed17f003f710c9b90a505d54b8a2ca)] -&gt; xpath: //*[@class=&#039;ant-modal-body&#039;]]] -&gt; xpath: .//input], [[[[ChromeDriver: chrome on windows (b4ed17f003f710c9b90a505d54b8a2ca)] -&gt; xpath: //*[@class=&#039;ant-modal-body&#039;]]] -&gt; xpath: .//input]] (tried for 10 second(s) with 500 milliseconds interval)
Build info: version: &#039;4.33.0&#039;, revision: &#039;2c6aaad03a&#039;
System info: os.name: &#039;Windows 11&#039;, os.arch: &#039;amd64&#039;, os.version: &#039;10.0&#039;, java.version: &#039;21.0.9&#039;
Driver info: org.openqa.selenium.chrome.ChromeDriver
Capabilities {acceptInsecureCerts: false, browserName: chrome, browserVersion: 143.0.7499.41, chrome: {chromedriverVersion: 143.0.7499.42 (24bdc8c48a0c..., userDataDir: C:\Users\CODECL~1\AppData\L...}, fedcm:accounts: true, goog:chromeOptions: {debuggerAddress: localhost:50710}, goog:processID: 21128, networkConnectionEnabled: false, pageLoadStrategy: normal, platformName: windows, proxy: Proxy(), se:cdp: ws://localhost:50710/devtoo..., se:cdpVersion: 143.0.7499.41, setWindowRect: true, strictFileInteractability: false, timeouts: {implicit: 0, pageLoad: 300000, script: 30000}, unhandledPromptBehavior: dismiss and notify, webauthn:extension:credBlob: true, webauthn:extension:largeBlob: true, webauthn:extension:minPinLength: true, webauthn:extension:prf: true, webauthn:virtualAuthenticators: true}
Session ID: b4ed17f003f710c9b90a505d54b8a2ca" type="org.openqa.selenium.TimeoutException">
      <![CDATA[org.openqa.selenium.TimeoutException: Expected condition failed: waiting for visibility of all [[[[[ChromeDriver: chrome on windows (b4ed17f003f710c9b90a505d54b8a2ca)] -> xpath: //*[@class='ant-modal-body']]] -> xpath: .//input], [[[[ChromeDriver: chrome on windows (b4ed17f003f710c9b90a505d54b8a2ca)] -> xpath: //*[@class='ant-modal-body']]] -> xpath: .//input], [[[[ChromeDriver: chrome on windows (b4ed17f003f710c9b90a505d54b8a2ca)] -> xpath: //*[@class='ant-modal-body']]] -> xpath: .//input], [[[[ChromeDriver: chrome on windows (b4ed17f003f710c9b90a505d54b8a2ca)] -> xpath: //*[@class='ant-modal-body']]] -> xpath: .//input], [[[[ChromeDriver: chrome on windows (b4ed17f003f710c9b90a505d54b8a2ca)] -> xpath: //*[@class='ant-modal-body']]] -> xpath: .//input], [[[[ChromeDriver: chrome on windows (b4ed17f003f710c9b90a505d54b8a2ca)] -> xpath: //*[@class='ant-modal-body']]] -> xpath: .//input], [[[[ChromeDriver: chrome on windows (b4ed17f003f710c9b90a505d54b8a2ca)] -> xpath: //*[@class='ant-modal-body']]] -> xpath: .//input], [[[[ChromeDriver: chrome on windows (b4ed17f003f710c9b90a505d54b8a2ca)] -> xpath: //*[@class='ant-modal-body']]] -> xpath: .//input], [[[[ChromeDriver: chrome on windows (b4ed17f003f710c9b90a505d54b8a2ca)] -> xpath: //*[@class='ant-modal-body']]] -> xpath: .//input], [[[[ChromeDriver: chrome on windows (b4ed17f003f710c9b90a505d54b8a2ca)] -> xpath: //*[@class='ant-modal-body']]] -> xpath: .//input], [[[[ChromeDriver: chrome on windows (b4ed17f003f710c9b90a505d54b8a2ca)] -> xpath: //*[@class='ant-modal-body']]] -> xpath: .//input]] (tried for 10 second(s) with 500 milliseconds interval)
Build info: version: '4.33.0', revision: '2c6aaad03a'
System info: os.name: 'Windows 11', os.arch: 'amd64', os.version: '10.0', java.version: '21.0.9'
Driver info: org.openqa.selenium.chrome.ChromeDriver
Capabilities {acceptInsecureCerts: false, browserName: chrome, browserVersion: 143.0.7499.41, chrome: {chromedriverVersion: 143.0.7499.42 (24bdc8c48a0c..., userDataDir: C:\Users\CODECL~1\AppData\L...}, fedcm:accounts: true, goog:chromeOptions: {debuggerAddress: localhost:50710}, goog:processID: 21128, networkConnectionEnabled: false, pageLoadStrategy: normal, platformName: windows, proxy: Proxy(), se:cdp: ws://localhost:50710/devtoo..., se:cdpVersion: 143.0.7499.41, setWindowRect: true, strictFileInteractability: false, timeouts: {implicit: 0, pageLoad: 300000, script: 30000}, unhandledPromptBehavior: dismiss and notify, webauthn:extension:credBlob: true, webauthn:extension:largeBlob: true, webauthn:extension:minPinLength: true, webauthn:extension:prf: true, webauthn:virtualAuthenticators: true}
Session ID: b4ed17f003f710c9b90a505d54b8a2ca
at org.openqa.selenium.support.ui.WebDriverWait.timeoutException(WebDriverWait.java:84)
at org.openqa.selenium.support.ui.FluentWait.until(FluentWait.java:228)
at Repeatative_codes.Repeat.wait_for_theElement(Repeat.java:40)
at Locaters.Application_Locaters.Modal_Input_Feilds(Application_Locaters.java:224)
at Enterprise_Codeclouds.Project.Enterprise.Case_Appplications.Add_case(Case_Appplications.java:119)
at java.base/jdk.internal.reflect.DirectMethodHandleAccessor.invoke(DirectMethodHandleAccessor.java:103)
at java.base/java.lang.reflect.Method.invoke(Method.java:580)
at org.testng.internal.invokers.MethodInvocationHelper.invokeMethod(MethodInvocationHelper.java:141)
at org.testng.internal.invokers.TestInvoker.invokeMethod(TestInvoker.java:687)
at org.testng.internal.invokers.TestInvoker.invokeTestMethod(TestInvoker.java:230)
at org.testng.internal.invokers.MethodRunner.runInSequence(MethodRunner.java:63)
at org.testng.internal.invokers.TestInvoker$MethodInvocationAgent.invoke(TestInvoker.java:995)
at org.testng.internal.invokers.TestInvoker.invokeTestMethods(TestInvoker.java:203)
at org.testng.internal.invokers.TestMethodWorker.invokeTestMethods(TestMethodWorker.java:154)
at org.testng.internal.invokers.TestMethodWorker.run(TestMethodWorker.java:134)
at java.base/java.util.ArrayList.forEach(ArrayList.java:1596)
at org.testng.TestRunner.privateRun(TestRunner.java:741)
at org.testng.TestRunner.run(TestRunner.java:616)
at org.testng.SuiteRunner.runTest(SuiteRunner.java:421)
at org.testng.SuiteRunner.runSequentially(SuiteRunner.java:413)
at org.testng.SuiteRunner.privateRun(SuiteRunner.java:373)
at org.testng.SuiteRunner.run(SuiteRunner.java:312)
at org.testng.SuiteRunnerWorker.runSuite(SuiteRunnerWorker.java:52)
at org.testng.SuiteRunnerWorker.run(SuiteRunnerWorker.java:95)
at org.testng.TestNG.runSuitesSequentially(TestNG.java:1274)
at org.testng.TestNG.runSuitesLocally(TestNG.java:1208)
at org.testng.TestNG.runSuites(TestNG.java:1112)
at org.testng.TestNG.run(TestNG.java:1079)
at org.testng.remote.AbstractRemoteTestNG.run(AbstractRemoteTestNG.java:115)
at org.testng.remote.RemoteTestNG.initAndRun(RemoteTestNG.java:293)
at org.testng.remote.RemoteTestNG.main(RemoteTestNG.java:91)
]]>
    </error>
  </testcase> <!-- Add_case -->
  <testcase classname="Enterprise_Codeclouds.Project.Enterprise.Case_Appplications" name="Add_case" time="51.694">
    <error message="element click intercepted: Element &lt;li class=&quot;ant-menu-overflow-item ant-menu-item ant-menu-item-only-child&quot; role=&quot;menuitem&quot; tabindex=&quot;-1&quot; aria-describedby=&quot;:r1i:&quot; data-menu-id=&quot;rc-menu-uuid-35433-2-CaseContacts&quot; style=&quot;opacity: 1; order: 5;&quot;&gt;...&lt;/li&gt; is not clickable at point (809, 240). Other element would receive the click: &lt;div tabindex=&quot;-1&quot; class=&quot;ant-modal-wrap ant-modal-centered&quot;&gt;...&lt;/div&gt;
  (Session info: chrome=143.0.7499.41)
Build info: version: &#039;4.33.0&#039;, revision: &#039;2c6aaad03a&#039;
System info: os.name: &#039;Windows 11&#039;, os.arch: &#039;amd64&#039;, os.version: &#039;10.0&#039;, java.version: &#039;21.0.9&#039;
Driver info: org.openqa.selenium.chrome.ChromeDriver
Command: [596c241c4b3d6a0a47bfecb4dd0c1046, clickElement {id=f.017EEE10D5DEA6985FC6EC94398DE6D5.d.C251882233072D057A06119E5B80E46F.e.164}]
Capabilities {acceptInsecureCerts: false, browserName: chrome, browserVersion: 143.0.7499.41, chrome: {chromedriverVersion: 143.0.7499.42 (24bdc8c48a0c..., userDataDir: C:\Users\CODECL~1\AppData\L...}, fedcm:accounts: true, goog:chromeOptions: {debuggerAddress: localhost:54544}, goog:processID: 8940, networkConnectionEnabled: false, pageLoadStrategy: normal, platformName: windows, proxy: Proxy(), se:cdp: ws://localhost:54544/devtoo..., se:cdpVersion: 143.0.7499.41, setWindowRect: true, strictFileInteractability: false, timeouts: {implicit: 0, pageLoad: 300000, script: 30000}, unhandledPromptBehavior: dismiss and notify, webauthn:extension:credBlob: true, webauthn:extension:largeBlob: true, webauthn:extension:minPinLength: true, webauthn:extension:prf: true, webauthn:virtualAuthenticators: true}
Element: [[[[ChromeDriver: chrome on windows (596c241c4b3d6a0a47bfecb4dd0c1046)] -&gt; xpath: //ul[@class=&#039;ant-menu-overflow ant-menu ant-menu-root ant-menu-horizontal ant-menu-light css-1egwh03&#039;]]] -&gt; xpath: .//li[@role=&#039;menuitem&#039;]]
Session ID: 596c241c4b3d6a0a47bfecb4dd0c1046" type="org.openqa.selenium.ElementClickInterceptedException">
      <![CDATA[org.openqa.selenium.ElementClickInterceptedException: element click intercepted: Element <li class="ant-menu-overflow-item ant-menu-item ant-menu-item-only-child" role="menuitem" tabindex="-1" aria-describedby=":r1i:" data-menu-id="rc-menu-uuid-35433-2-CaseContacts" style="opacity: 1; order: 5;">...</li> is not clickable at point (809, 240). Other element would receive the click: <div tabindex="-1" class="ant-modal-wrap ant-modal-centered">...</div>
  (Session info: chrome=143.0.7499.41)
Build info: version: '4.33.0', revision: '2c6aaad03a'
System info: os.name: 'Windows 11', os.arch: 'amd64', os.version: '10.0', java.version: '21.0.9'
Driver info: org.openqa.selenium.chrome.ChromeDriver
Command: [596c241c4b3d6a0a47bfecb4dd0c1046, clickElement {id=f.017EEE10D5DEA6985FC6EC94398DE6D5.d.C251882233072D057A06119E5B80E46F.e.164}]
Capabilities {acceptInsecureCerts: false, browserName: chrome, browserVersion: 143.0.7499.41, chrome: {chromedriverVersion: 143.0.7499.42 (24bdc8c48a0c..., userDataDir: C:\Users\CODECL~1\AppData\L...}, fedcm:accounts: true, goog:chromeOptions: {debuggerAddress: localhost:54544}, goog:processID: 8940, networkConnectionEnabled: false, pageLoadStrategy: normal, platformName: windows, proxy: Proxy(), se:cdp: ws://localhost:54544/devtoo..., se:cdpVersion: 143.0.7499.41, setWindowRect: true, strictFileInteractability: false, timeouts: {implicit: 0, pageLoad: 300000, script: 30000}, unhandledPromptBehavior: dismiss and notify, webauthn:extension:credBlob: true, webauthn:extension:largeBlob: true, webauthn:extension:minPinLength: true, webauthn:extension:prf: true, webauthn:virtualAuthenticators: true}
Element: [[[[ChromeDriver: chrome on windows (596c241c4b3d6a0a47bfecb4dd0c1046)] -> xpath: //ul[@class='ant-menu-overflow ant-menu ant-menu-root ant-menu-horizontal ant-menu-light css-1egwh03']]] -> xpath: .//li[@role='menuitem']]
Session ID: 596c241c4b3d6a0a47bfecb4dd0c1046
at java.base/jdk.internal.reflect.DirectConstructorHandleAccessor.newInstance(DirectConstructorHandleAccessor.java:62)
at java.base/java.lang.reflect.Constructor.newInstanceWithCaller(Constructor.java:502)
at java.base/java.lang.reflect.Constructor.newInstance(Constructor.java:486)
at org.openqa.selenium.remote.ErrorCodec.decode(ErrorCodec.java:167)
at org.openqa.selenium.remote.codec.w3c.W3CHttpResponseCodec.decode(W3CHttpResponseCodec.java:138)
at org.openqa.selenium.remote.codec.w3c.W3CHttpResponseCodec.decode(W3CHttpResponseCodec.java:50)
at org.openqa.selenium.remote.HttpCommandExecutor.execute(HttpCommandExecutor.java:215)
at org.openqa.selenium.remote.service.DriverCommandExecutor.invokeExecute(DriverCommandExecutor.java:216)
at org.openqa.selenium.remote.service.DriverCommandExecutor.execute(DriverCommandExecutor.java:174)
at org.openqa.selenium.remote.RemoteWebDriver.execute(RemoteWebDriver.java:544)
at org.openqa.selenium.remote.RemoteWebElement.execute(RemoteWebElement.java:223)
at org.openqa.selenium.remote.RemoteWebElement.click(RemoteWebElement.java:76)
at Enterprise_Codeclouds.Project.Enterprise.Case_Appplications.tab_selector(Case_Appplications.java:867)
at Enterprise_Codeclouds.Project.Enterprise.Case_Appplications.Add_case(Case_Appplications.java:76)
at java.base/jdk.internal.reflect.DirectMethodHandleAccessor.invoke(DirectMethodHandleAccessor.java:103)
at java.base/java.lang.reflect.Method.invoke(Method.java:580)
at org.testng.internal.invokers.MethodInvocationHelper.invokeMethod(MethodInvocationHelper.java:141)
at org.testng.internal.invokers.TestInvoker.invokeMethod(TestInvoker.java:687)
at org.testng.internal.invokers.TestInvoker.invokeTestMethod(TestInvoker.java:230)
at org.testng.internal.invokers.MethodRunner.runInSequence(MethodRunner.java:63)
at org.testng.internal.invokers.TestInvoker$MethodInvocationAgent.invoke(TestInvoker.java:995)
at org.testng.internal.invokers.TestInvoker.invokeTestMethods(TestInvoker.java:203)
at org.testng.internal.invokers.TestMethodWorker.invokeTestMethods(TestMethodWorker.java:154)
at org.testng.internal.invokers.TestMethodWorker.run(TestMethodWorker.java:134)
at java.base/java.util.ArrayList.forEach(ArrayList.java:1596)
at org.testng.TestRunner.privateRun(TestRunner.java:741)
at org.testng.TestRunner.run(TestRunner.java:616)
at org.testng.SuiteRunner.runTest(SuiteRunner.java:421)
at org.testng.SuiteRunner.runSequentially(SuiteRunner.java:413)
at org.testng.SuiteRunner.privateRun(SuiteRunner.java:373)
at org.testng.SuiteRunner.run(SuiteRunner.java:312)
at org.testng.SuiteRunnerWorker.runSuite(SuiteRunnerWorker.java:52)
at org.testng.SuiteRunnerWorker.run(SuiteRunnerWorker.java:95)
at org.testng.TestNG.runSuitesSequentially(TestNG.java:1274)
at org.testng.TestNG.runSuitesLocally(TestNG.java:1208)
at org.testng.TestNG.runSuites(TestNG.java:1112)
at org.testng.TestNG.run(TestNG.java:1079)
at org.testng.remote.AbstractRemoteTestNG.run(AbstractRemoteTestNG.java:115)
at org.testng.remote.RemoteTestNG.initAndRun(RemoteTestNG.java:293)
at org.testng.remote.RemoteTestNG.main(RemoteTestNG.java:91)
]]>
    </error>
  </testcase> <!-- Add_case -->
  <testcase classname="Enterprise_Codeclouds.Project.Enterprise.Case_Appplications" name="Add_case" time="75.222">
    <error message="Expected condition failed: waiting for visibility of all [[[[[ChromeDriver: chrome on windows (797677c7f166f669bcbf2f518f845188)] -&gt; xpath: //*[@class=&#039;ant-modal-body&#039;]]] -&gt; xpath: .//input], [[[[ChromeDriver: chrome on windows (797677c7f166f669bcbf2f518f845188)] -&gt; xpath: //*[@class=&#039;ant-modal-body&#039;]]] -&gt; xpath: .//input], [[[[ChromeDriver: chrome on windows (797677c7f166f669bcbf2f518f845188)] -&gt; xpath: //*[@class=&#039;ant-modal-body&#039;]]] -&gt; xpath: .//input], [[[[ChromeDriver: chrome on windows (797677c7f166f669bcbf2f518f845188)] -&gt; xpath: //*[@class=&#039;ant-modal-body&#039;]]] -&gt; xpath: .//input], [[[[ChromeDriver: chrome on windows (797677c7f166f669bcbf2f518f845188)] -&gt; xpath: //*[@class=&#039;ant-modal-body&#039;]]] -&gt; xpath: .//input], [[[[ChromeDriver: chrome on windows (797677c7f166f669bcbf2f518f845188)] -&gt; xpath: //*[@class=&#039;ant-modal-body&#039;]]] -&gt; xpath: .//input], [[[[ChromeDriver: chrome on windows (797677c7f166f669bcbf2f518f845188)] -&gt; xpath: //*[@class=&#039;ant-modal-body&#039;]]] -&gt; xpath: .//input], [[[[ChromeDriver: chrome on windows (797677c7f166f669bcbf2f518f845188)] -&gt; xpath: //*[@class=&#039;ant-modal-body&#039;]]] -&gt; xpath: .//input], [[[[ChromeDriver: chrome on windows (797677c7f166f669bcbf2f518f845188)] -&gt; xpath: //*[@class=&#039;ant-modal-body&#039;]]] -&gt; xpath: .//input], [[[[ChromeDriver: chrome on windows (797677c7f166f669bcbf2f518f845188)] -&gt; xpath: //*[@class=&#039;ant-modal-body&#039;]]] -&gt; xpath: .//input], [[[[ChromeDriver: chrome on windows (797677c7f166f669bcbf2f518f845188)] -&gt; xpath: //*[@class=&#039;ant-modal-body&#039;]]] -&gt; xpath: .//input], [[[[ChromeDriver: chrome on windows (797677c7f166f669bcbf2f518f845188)] -&gt; xpath: //*[@class=&#039;ant-modal-body&#039;]]] -&gt; xpath: .//input]] (tried for 10 second(s) with 500 milliseconds interval)
Build info: version: &#039;4.33.0&#039;, revision: &#039;2c6aaad03a&#039;
System info: os.name: &#039;Windows 11&#039;, os.arch: &#039;amd64&#039;, os.version: &#039;10.0&#039;, java.version: &#039;21.0.9&#039;
Driver info: org.openqa.selenium.chrome.ChromeDriver
Capabilities {acceptInsecureCerts: false, browserName: chrome, browserVersion: 143.0.7499.41, chrome: {chromedriverVersion: 143.0.7499.42 (24bdc8c48a0c..., userDataDir: C:\Users\CODECL~1\AppData\L...}, fedcm:accounts: true, goog:chromeOptions: {debuggerAddress: localhost:53489}, goog:processID: 2448, networkConnectionEnabled: false, pageLoadStrategy: normal, platformName: windows, proxy: Proxy(), se:cdp: ws://localhost:53489/devtoo..., se:cdpVersion: 143.0.7499.41, setWindowRect: true, strictFileInteractability: false, timeouts: {implicit: 0, pageLoad: 300000, script: 30000}, unhandledPromptBehavior: dismiss and notify, webauthn:extension:credBlob: true, webauthn:extension:largeBlob: true, webauthn:extension:minPinLength: true, webauthn:extension:prf: true, webauthn:virtualAuthenticators: true}
Session ID: 797677c7f166f669bcbf2f518f845188" type="org.openqa.selenium.TimeoutException">
      <![CDATA[org.openqa.selenium.TimeoutException: Expected condition failed: waiting for visibility of all [[[[[ChromeDriver: chrome on windows (797677c7f166f669bcbf2f518f845188)] -> xpath: //*[@class='ant-modal-body']]] -> xpath: .//input], [[[[ChromeDriver: chrome on windows (797677c7f166f669bcbf2f518f845188)] -> xpath: //*[@class='ant-modal-body']]] -> xpath: .//input], [[[[ChromeDriver: chrome on windows (797677c7f166f669bcbf2f518f845188)] -> xpath: //*[@class='ant-modal-body']]] -> xpath: .//input], [[[[ChromeDriver: chrome on windows (797677c7f166f669bcbf2f518f845188)] -> xpath: //*[@class='ant-modal-body']]] -> xpath: .//input], [[[[ChromeDriver: chrome on windows (797677c7f166f669bcbf2f518f845188)] -> xpath: //*[@class='ant-modal-body']]] -> xpath: .//input], [[[[ChromeDriver: chrome on windows (797677c7f166f669bcbf2f518f845188)] -> xpath: //*[@class='ant-modal-body']]] -> xpath: .//input], [[[[ChromeDriver: chrome on windows (797677c7f166f669bcbf2f518f845188)] -> xpath: //*[@class='ant-modal-body']]] -> xpath: .//input], [[[[ChromeDriver: chrome on windows (797677c7f166f669bcbf2f518f845188)] -> xpath: //*[@class='ant-modal-body']]] -> xpath: .//input], [[[[ChromeDriver: chrome on windows (797677c7f166f669bcbf2f518f845188)] -> xpath: //*[@class='ant-modal-body']]] -> xpath: .//input], [[[[ChromeDriver: chrome on windows (797677c7f166f669bcbf2f518f845188)] -> xpath: //*[@class='ant-modal-body']]] -> xpath: .//input], [[[[ChromeDriver: chrome on windows (797677c7f166f669bcbf2f518f845188)] -> xpath: //*[@class='ant-modal-body']]] -> xpath: .//input], [[[[ChromeDriver: chrome on windows (797677c7f166f669bcbf2f518f845188)] -> xpath: //*[@class='ant-modal-body']]] -> xpath: .//input]] (tried for 10 second(s) with 500 milliseconds interval)
Build info: version: '4.33.0', revision: '2c6aaad03a'
System info: os.name: 'Windows 11', os.arch: 'amd64', os.version: '10.0', java.version: '21.0.9'
Driver info: org.openqa.selenium.chrome.ChromeDriver
Capabilities {acceptInsecureCerts: false, browserName: chrome, browserVersion: 143.0.7499.41, chrome: {chromedriverVersion: 143.0.7499.42 (24bdc8c48a0c..., userDataDir: C:\Users\CODECL~1\AppData\L...}, fedcm:accounts: true, goog:chromeOptions: {debuggerAddress: localhost:53489}, goog:processID: 2448, networkConnectionEnabled: false, pageLoadStrategy: normal, platformName: windows, proxy: Proxy(), se:cdp: ws://localhost:53489/devtoo..., se:cdpVersion: 143.0.7499.41, setWindowRect: true, strictFileInteractability: false, timeouts: {implicit: 0, pageLoad: 300000, script: 30000}, unhandledPromptBehavior: dismiss and notify, webauthn:extension:credBlob: true, webauthn:extension:largeBlob: true, webauthn:extension:minPinLength: true, webauthn:extension:prf: true, webauthn:virtualAuthenticators: true}
Session ID: 797677c7f166f669bcbf2f518f845188
at org.openqa.selenium.support.ui.WebDriverWait.timeoutException(WebDriverWait.java:84)
at org.openqa.selenium.support.ui.FluentWait.until(FluentWait.java:228)
at Repeatative_codes.Repeat.wait_for_theElement(Repeat.java:40)
at Locaters.Application_Locaters.Modal_Input_Feilds(Application_Locaters.java:224)
at Enterprise_Codeclouds.Project.Enterprise.Case_Appplications.Add_case(Case_Appplications.java:119)
at java.base/jdk.internal.reflect.DirectMethodHandleAccessor.invoke(DirectMethodHandleAccessor.java:103)
at java.base/java.lang.reflect.Method.invoke(Method.java:580)
at org.testng.internal.invokers.MethodInvocationHelper.invokeMethod(MethodInvocationHelper.java:141)
at org.testng.internal.invokers.TestInvoker.invokeMethod(TestInvoker.java:687)
at org.testng.internal.invokers.TestInvoker.invokeTestMethod(TestInvoker.java:230)
at org.testng.internal.invokers.MethodRunner.runInSequence(MethodRunner.java:63)
at org.testng.internal.invokers.TestInvoker$MethodInvocationAgent.invoke(TestInvoker.java:995)
at org.testng.internal.invokers.TestInvoker.invokeTestMethods(TestInvoker.java:203)
at org.testng.internal.invokers.TestMethodWorker.invokeTestMethods(TestMethodWorker.java:154)
at org.testng.internal.invokers.TestMethodWorker.run(TestMethodWorker.java:134)
at java.base/java.util.ArrayList.forEach(ArrayList.java:1596)
at org.testng.TestRunner.privateRun(TestRunner.java:741)
at org.testng.TestRunner.run(TestRunner.java:616)
at org.testng.SuiteRunner.runTest(SuiteRunner.java:421)
at org.testng.SuiteRunner.runSequentially(SuiteRunner.java:413)
at org.testng.SuiteRunner.privateRun(SuiteRunner.java:373)
at org.testng.SuiteRunner.run(SuiteRunner.java:312)
at org.testng.SuiteRunnerWorker.runSuite(SuiteRunnerWorker.java:52)
at org.testng.SuiteRunnerWorker.run(SuiteRunnerWorker.java:95)
at org.testng.TestNG.runSuitesSequentially(TestNG.java:1274)
at org.testng.TestNG.runSuitesLocally(TestNG.java:1208)
at org.testng.TestNG.runSuites(TestNG.java:1112)
at org.testng.TestNG.run(TestNG.java:1079)
at org.testng.remote.AbstractRemoteTestNG.run(AbstractRemoteTestNG.java:115)
at org.testng.remote.RemoteTestNG.initAndRun(RemoteTestNG.java:293)
at org.testng.remote.RemoteTestNG.main(RemoteTestNG.java:91)
]]>
    </error>
  </testcase> <!-- Add_case -->
  <testcase classname="Enterprise_Codeclouds.Project.Enterprise.Case_Appplications" name="Add_case" time="88.294">
    <error message="Expected condition failed: waiting for visibility of all [[[[[ChromeDriver: chrome on windows (87830b5f3d444857133cbfbe0151c53e)] -&gt; xpath: //*[@class=&#039;ant-modal-body&#039;]]] -&gt; xpath: .//input], [[[[ChromeDriver: chrome on windows (87830b5f3d444857133cbfbe0151c53e)] -&gt; xpath: //*[@class=&#039;ant-modal-body&#039;]]] -&gt; xpath: .//input], [[[[ChromeDriver: chrome on windows (87830b5f3d444857133cbfbe0151c53e)] -&gt; xpath: //*[@class=&#039;ant-modal-body&#039;]]] -&gt; xpath: .//input], [[[[ChromeDriver: chrome on windows (87830b5f3d444857133cbfbe0151c53e)] -&gt; xpath: //*[@class=&#039;ant-modal-body&#039;]]] -&gt; xpath: .//input], [[[[ChromeDriver: chrome on windows (87830b5f3d444857133cbfbe0151c53e)] -&gt; xpath: //*[@class=&#039;ant-modal-body&#039;]]] -&gt; xpath: .//input], [[[[ChromeDriver: chrome on windows (87830b5f3d444857133cbfbe0151c53e)] -&gt; xpath: //*[@class=&#039;ant-modal-body&#039;]]] -&gt; xpath: .//input], [[[[ChromeDriver: chrome on windows (87830b5f3d444857133cbfbe0151c53e)] -&gt; xpath: //*[@class=&#039;ant-modal-body&#039;]]] -&gt; xpath: .//input], [[[[ChromeDriver: chrome on windows (87830b5f3d444857133cbfbe0151c53e)] -&gt; xpath: //*[@class=&#039;ant-modal-body&#039;]]] -&gt; xpath: .//input], [[[[ChromeDriver: chrome on windows (87830b5f3d444857133cbfbe0151c53e)] -&gt; xpath: //*[@class=&#039;ant-modal-body&#039;]]] -&gt; xpath: .//input], [[[[ChromeDriver: chrome on windows (87830b5f3d444857133cbfbe0151c53e)] -&gt; xpath: //*[@class=&#039;ant-modal-body&#039;]]] -&gt; xpath: .//input], [[[[ChromeDriver: chrome on windows (87830b5f3d444857133cbfbe0151c53e)] -&gt; xpath: //*[@class=&#039;ant-modal-body&#039;]]] -&gt; xpath: .//input], [[[[ChromeDriver: chrome on windows (87830b5f3d444857133cbfbe0151c53e)] -&gt; xpath: //*[@class=&#039;ant-modal-body&#039;]]] -&gt; xpath: .//input]] (tried for 10 second(s) with 500 milliseconds interval)
Build info: version: &#039;4.33.0&#039;, revision: &#039;2c6aaad03a&#039;
System info: os.name: &#039;Windows 11&#039;, os.arch: &#039;amd64&#039;, os.version: &#039;10.0&#039;, java.version: &#039;21.0.9&#039;
Driver info: org.openqa.selenium.chrome.ChromeDriver
Capabilities {acceptInsecureCerts: false, browserName: chrome, browserVersion: 143.0.7499.41, chrome: {chromedriverVersion: 143.0.7499.42 (24bdc8c48a0c..., userDataDir: C:\Users\CODECL~1\AppData\L...}, fedcm:accounts: true, goog:chromeOptions: {debuggerAddress: localhost:64967}, goog:processID: 7024, networkConnectionEnabled: false, pageLoadStrategy: normal, platformName: windows, proxy: Proxy(), se:cdp: ws://localhost:64967/devtoo..., se:cdpVersion: 143.0.7499.41, setWindowRect: true, strictFileInteractability: false, timeouts: {implicit: 0, pageLoad: 300000, script: 30000}, unhandledPromptBehavior: dismiss and notify, webauthn:extension:credBlob: true, webauthn:extension:largeBlob: true, webauthn:extension:minPinLength: true, webauthn:extension:prf: true, webauthn:virtualAuthenticators: true}
Session ID: 87830b5f3d444857133cbfbe0151c53e" type="org.openqa.selenium.TimeoutException">
      <![CDATA[org.openqa.selenium.TimeoutException: Expected condition failed: waiting for visibility of all [[[[[ChromeDriver: chrome on windows (87830b5f3d444857133cbfbe0151c53e)] -> xpath: //*[@class='ant-modal-body']]] -> xpath: .//input], [[[[ChromeDriver: chrome on windows (87830b5f3d444857133cbfbe0151c53e)] -> xpath: //*[@class='ant-modal-body']]] -> xpath: .//input], [[[[ChromeDriver: chrome on windows (87830b5f3d444857133cbfbe0151c53e)] -> xpath: //*[@class='ant-modal-body']]] -> xpath: .//input], [[[[ChromeDriver: chrome on windows (87830b5f3d444857133cbfbe0151c53e)] -> xpath: //*[@class='ant-modal-body']]] -> xpath: .//input], [[[[ChromeDriver: chrome on windows (87830b5f3d444857133cbfbe0151c53e)] -> xpath: //*[@class='ant-modal-body']]] -> xpath: .//input], [[[[ChromeDriver: chrome on windows (87830b5f3d444857133cbfbe0151c53e)] -> xpath: //*[@class='ant-modal-body']]] -> xpath: .//input], [[[[ChromeDriver: chrome on windows (87830b5f3d444857133cbfbe0151c53e)] -> xpath: //*[@class='ant-modal-body']]] -> xpath: .//input], [[[[ChromeDriver: chrome on windows (87830b5f3d444857133cbfbe0151c53e)] -> xpath: //*[@class='ant-modal-body']]] -> xpath: .//input], [[[[ChromeDriver: chrome on windows (87830b5f3d444857133cbfbe0151c53e)] -> xpath: //*[@class='ant-modal-body']]] -> xpath: .//input], [[[[ChromeDriver: chrome on windows (87830b5f3d444857133cbfbe0151c53e)] -> xpath: //*[@class='ant-modal-body']]] -> xpath: .//input], [[[[ChromeDriver: chrome on windows (87830b5f3d444857133cbfbe0151c53e)] -> xpath: //*[@class='ant-modal-body']]] -> xpath: .//input], [[[[ChromeDriver: chrome on windows (87830b5f3d444857133cbfbe0151c53e)] -> xpath: //*[@class='ant-modal-body']]] -> xpath: .//input]] (tried for 10 second(s) with 500 milliseconds interval)
Build info: version: '4.33.0', revision: '2c6aaad03a'
System info: os.name: 'Windows 11', os.arch: 'amd64', os.version: '10.0', java.version: '21.0.9'
Driver info: org.openqa.selenium.chrome.ChromeDriver
Capabilities {acceptInsecureCerts: false, browserName: chrome, browserVersion: 143.0.7499.41, chrome: {chromedriverVersion: 143.0.7499.42 (24bdc8c48a0c..., userDataDir: C:\Users\CODECL~1\AppData\L...}, fedcm:accounts: true, goog:chromeOptions: {debuggerAddress: localhost:64967}, goog:processID: 7024, networkConnectionEnabled: false, pageLoadStrategy: normal, platformName: windows, proxy: Proxy(), se:cdp: ws://localhost:64967/devtoo..., se:cdpVersion: 143.0.7499.41, setWindowRect: true, strictFileInteractability: false, timeouts: {implicit: 0, pageLoad: 300000, script: 30000}, unhandledPromptBehavior: dismiss and notify, webauthn:extension:credBlob: true, webauthn:extension:largeBlob: true, webauthn:extension:minPinLength: true, webauthn:extension:prf: true, webauthn:virtualAuthenticators: true}
Session ID: 87830b5f3d444857133cbfbe0151c53e
at org.openqa.selenium.support.ui.WebDriverWait.timeoutException(WebDriverWait.java:84)
at org.openqa.selenium.support.ui.FluentWait.until(FluentWait.java:228)
at Repeatative_codes.Repeat.wait_for_theElement(Repeat.java:40)
at Locaters.Application_Locaters.Modal_Input_Feilds(Application_Locaters.java:224)
at Enterprise_Codeclouds.Project.Enterprise.Case_Appplications.Add_case(Case_Appplications.java:119)
at java.base/jdk.internal.reflect.DirectMethodHandleAccessor.invoke(DirectMethodHandleAccessor.java:103)
at java.base/java.lang.reflect.Method.invoke(Method.java:580)
at org.testng.internal.invokers.MethodInvocationHelper.invokeMethod(MethodInvocationHelper.java:141)
at org.testng.internal.invokers.TestInvoker.invokeMethod(TestInvoker.java:687)
at org.testng.internal.invokers.TestInvoker.invokeTestMethod(TestInvoker.java:230)
at org.testng.internal.invokers.MethodRunner.runInSequence(MethodRunner.java:63)
at org.testng.internal.invokers.TestInvoker$MethodInvocationAgent.invoke(TestInvoker.java:995)
at org.testng.internal.invokers.TestInvoker.invokeTestMethods(TestInvoker.java:203)
at org.testng.internal.invokers.TestMethodWorker.invokeTestMethods(TestMethodWorker.java:154)
at org.testng.internal.invokers.TestMethodWorker.run(TestMethodWorker.java:134)
at java.base/java.util.ArrayList.forEach(ArrayList.java:1596)
at org.testng.TestRunner.privateRun(TestRunner.java:741)
at org.testng.TestRunner.run(TestRunner.java:616)
at org.testng.SuiteRunner.runTest(SuiteRunner.java:421)
at org.testng.SuiteRunner.runSequentially(SuiteRunner.java:413)
at org.testng.SuiteRunner.privateRun(SuiteRunner.java:373)
at org.testng.SuiteRunner.run(SuiteRunner.java:312)
at org.testng.SuiteRunnerWorker.runSuite(SuiteRunnerWorker.java:52)
at org.testng.SuiteRunnerWorker.run(SuiteRunnerWorker.java:95)
at org.testng.TestNG.runSuitesSequentially(TestNG.java:1274)
at org.testng.TestNG.runSuitesLocally(TestNG.java:1208)
at org.testng.TestNG.runSuites(TestNG.java:1112)
at org.testng.TestNG.run(TestNG.java:1079)
at org.testng.remote.AbstractRemoteTestNG.run(AbstractRemoteTestNG.java:115)
at org.testng.remote.RemoteTestNG.initAndRun(RemoteTestNG.java:293)
at org.testng.remote.RemoteTestNG.main(RemoteTestNG.java:91)
]]>
    </error>
  </testcase> <!-- Add_case -->
  <testcase classname="Enterprise_Codeclouds.Project.Enterprise.Case_Appplications" name="Add_case" time="60.912">
    <error message="Expected condition failed: waiting for visibility of all [[[[[ChromeDriver: chrome on windows (889725d43001d6abae04a3ec95cdcc1b)] -&gt; xpath: //*[@class=&#039;ant-modal-body&#039;]]] -&gt; xpath: .//input], [[[[ChromeDriver: chrome on windows (889725d43001d6abae04a3ec95cdcc1b)] -&gt; xpath: //*[@class=&#039;ant-modal-body&#039;]]] -&gt; xpath: .//input], [[[[ChromeDriver: chrome on windows (889725d43001d6abae04a3ec95cdcc1b)] -&gt; xpath: //*[@class=&#039;ant-modal-body&#039;]]] -&gt; xpath: .//input], [[[[ChromeDriver: chrome on windows (889725d43001d6abae04a3ec95cdcc1b)] -&gt; xpath: //*[@class=&#039;ant-modal-body&#039;]]] -&gt; xpath: .//input], [[[[ChromeDriver: chrome on windows (889725d43001d6abae04a3ec95cdcc1b)] -&gt; xpath: //*[@class=&#039;ant-modal-body&#039;]]] -&gt; xpath: .//input], [[[[ChromeDriver: chrome on windows (889725d43001d6abae04a3ec95cdcc1b)] -&gt; xpath: //*[@class=&#039;ant-modal-body&#039;]]] -&gt; xpath: .//input], [[[[ChromeDriver: chrome on windows (889725d43001d6abae04a3ec95cdcc1b)] -&gt; xpath: //*[@class=&#039;ant-modal-body&#039;]]] -&gt; xpath: .//input], [[[[ChromeDriver: chrome on windows (889725d43001d6abae04a3ec95cdcc1b)] -&gt; xpath: //*[@class=&#039;ant-modal-body&#039;]]] -&gt; xpath: .//input], [[[[ChromeDriver: chrome on windows (889725d43001d6abae04a3ec95cdcc1b)] -&gt; xpath: //*[@class=&#039;ant-modal-body&#039;]]] -&gt; xpath: .//input], [[[[ChromeDriver: chrome on windows (889725d43001d6abae04a3ec95cdcc1b)] -&gt; xpath: //*[@class=&#039;ant-modal-body&#039;]]] -&gt; xpath: .//input], [[[[ChromeDriver: chrome on windows (889725d43001d6abae04a3ec95cdcc1b)] -&gt; xpath: //*[@class=&#039;ant-modal-body&#039;]]] -&gt; xpath: .//input], [[[[ChromeDriver: chrome on windows (889725d43001d6abae04a3ec95cdcc1b)] -&gt; xpath: //*[@class=&#039;ant-modal-body&#039;]]] -&gt; xpath: .//input]] (tried for 10 second(s) with 500 milliseconds interval)
Build info: version: &#039;4.33.0&#039;, revision: &#039;2c6aaad03a&#039;
System info: os.name: &#039;Windows 11&#039;, os.arch: &#039;amd64&#039;, os.version: &#039;10.0&#039;, java.version: &#039;21.0.9&#039;
Driver info: org.openqa.selenium.chrome.ChromeDriver
Capabilities {acceptInsecureCerts: false, browserName: chrome, browserVersion: 143.0.7499.41, chrome: {chromedriverVersion: 143.0.7499.42 (24bdc8c48a0c..., userDataDir: C:\Users\CODECL~1\AppData\L...}, fedcm:accounts: true, goog:chromeOptions: {debuggerAddress: localhost:63727}, goog:processID: 12972, networkConnectionEnabled: false, pageLoadStrategy: normal, platformName: windows, proxy: Proxy(), se:cdp: ws://localhost:63727/devtoo..., se:cdpVersion: 143.0.7499.41, setWindowRect: true, strictFileInteractability: false, timeouts: {implicit: 0, pageLoad: 300000, script: 30000}, unhandledPromptBehavior: dismiss and notify, webauthn:extension:credBlob: true, webauthn:extension:largeBlob: true, webauthn:extension:minPinLength: true, webauthn:extension:prf: true, webauthn:virtualAuthenticators: true}
Session ID: 889725d43001d6abae04a3ec95cdcc1b" type="org.openqa.selenium.TimeoutException">
      <![CDATA[org.openqa.selenium.TimeoutException: Expected condition failed: waiting for visibility of all [[[[[ChromeDriver: chrome on windows (889725d43001d6abae04a3ec95cdcc1b)] -> xpath: //*[@class='ant-modal-body']]] -> xpath: .//input], [[[[ChromeDriver: chrome on windows (889725d43001d6abae04a3ec95cdcc1b)] -> xpath: //*[@class='ant-modal-body']]] -> xpath: .//input], [[[[ChromeDriver: chrome on windows (889725d43001d6abae04a3ec95cdcc1b)] -> xpath: //*[@class='ant-modal-body']]] -> xpath: .//input], [[[[ChromeDriver: chrome on windows (889725d43001d6abae04a3ec95cdcc1b)] -> xpath: //*[@class='ant-modal-body']]] -> xpath: .//input], [[[[ChromeDriver: chrome on windows (889725d43001d6abae04a3ec95cdcc1b)] -> xpath: //*[@class='ant-modal-body']]] -> xpath: .//input], [[[[ChromeDriver: chrome on windows (889725d43001d6abae04a3ec95cdcc1b)] -> xpath: //*[@class='ant-modal-body']]] -> xpath: .//input], [[[[ChromeDriver: chrome on windows (889725d43001d6abae04a3ec95cdcc1b)] -> xpath: //*[@class='ant-modal-body']]] -> xpath: .//input], [[[[ChromeDriver: chrome on windows (889725d43001d6abae04a3ec95cdcc1b)] -> xpath: //*[@class='ant-modal-body']]] -> xpath: .//input], [[[[ChromeDriver: chrome on windows (889725d43001d6abae04a3ec95cdcc1b)] -> xpath: //*[@class='ant-modal-body']]] -> xpath: .//input], [[[[ChromeDriver: chrome on windows (889725d43001d6abae04a3ec95cdcc1b)] -> xpath: //*[@class='ant-modal-body']]] -> xpath: .//input], [[[[ChromeDriver: chrome on windows (889725d43001d6abae04a3ec95cdcc1b)] -> xpath: //*[@class='ant-modal-body']]] -> xpath: .//input], [[[[ChromeDriver: chrome on windows (889725d43001d6abae04a3ec95cdcc1b)] -> xpath: //*[@class='ant-modal-body']]] -> xpath: .//input]] (tried for 10 second(s) with 500 milliseconds interval)
Build info: version: '4.33.0', revision: '2c6aaad03a'
System info: os.name: 'Windows 11', os.arch: 'amd64', os.version: '10.0', java.version: '21.0.9'
Driver info: org.openqa.selenium.chrome.ChromeDriver
Capabilities {acceptInsecureCerts: false, browserName: chrome, browserVersion: 143.0.7499.41, chrome: {chromedriverVersion: 143.0.7499.42 (24bdc8c48a0c..., userDataDir: C:\Users\CODECL~1\AppData\L...}, fedcm:accounts: true, goog:chromeOptions: {debuggerAddress: localhost:63727}, goog:processID: 12972, networkConnectionEnabled: false, pageLoadStrategy: normal, platformName: windows, proxy: Proxy(), se:cdp: ws://localhost:63727/devtoo..., se:cdpVersion: 143.0.7499.41, setWindowRect: true, strictFileInteractability: false, timeouts: {implicit: 0, pageLoad: 300000, script: 30000}, unhandledPromptBehavior: dismiss and notify, webauthn:extension:credBlob: true, webauthn:extension:largeBlob: true, webauthn:extension:minPinLength: true, webauthn:extension:prf: true, webauthn:virtualAuthenticators: true}
Session ID: 889725d43001d6abae04a3ec95cdcc1b
at org.openqa.selenium.support.ui.WebDriverWait.timeoutException(WebDriverWait.java:84)
at org.openqa.selenium.support.ui.FluentWait.until(FluentWait.java:228)
at Repeatative_codes.Repeat.wait_for_theElement(Repeat.java:40)
at Locaters.Application_Locaters.Modal_Input_Feilds(Application_Locaters.java:224)
at Enterprise_Codeclouds.Project.Enterprise.Case_Appplications.Add_case(Case_Appplications.java:119)
at java.base/jdk.internal.reflect.DirectMethodHandleAccessor.invoke(DirectMethodHandleAccessor.java:103)
at java.base/java.lang.reflect.Method.invoke(Method.java:580)
at org.testng.internal.invokers.MethodInvocationHelper.invokeMethod(MethodInvocationHelper.java:141)
at org.testng.internal.invokers.TestInvoker.invokeMethod(TestInvoker.java:687)
at org.testng.internal.invokers.TestInvoker.invokeTestMethod(TestInvoker.java:230)
at org.testng.internal.invokers.MethodRunner.runInSequence(MethodRunner.java:63)
at org.testng.internal.invokers.TestInvoker$MethodInvocationAgent.invoke(TestInvoker.java:995)
at org.testng.internal.invokers.TestInvoker.invokeTestMethods(TestInvoker.java:203)
at org.testng.internal.invokers.TestMethodWorker.invokeTestMethods(TestMethodWorker.java:154)
at org.testng.internal.invokers.TestMethodWorker.run(TestMethodWorker.java:134)
at java.base/java.util.ArrayList.forEach(ArrayList.java:1596)
at org.testng.TestRunner.privateRun(TestRunner.java:741)
at org.testng.TestRunner.run(TestRunner.java:616)
at org.testng.SuiteRunner.runTest(SuiteRunner.java:421)
at org.testng.SuiteRunner.runSequentially(SuiteRunner.java:413)
at org.testng.SuiteRunner.privateRun(SuiteRunner.java:373)
at org.testng.SuiteRunner.run(SuiteRunner.java:312)
at org.testng.SuiteRunnerWorker.runSuite(SuiteRunnerWorker.java:52)
at org.testng.SuiteRunnerWorker.run(SuiteRunnerWorker.java:95)
at org.testng.TestNG.runSuitesSequentially(TestNG.java:1274)
at org.testng.TestNG.runSuitesLocally(TestNG.java:1208)
at org.testng.TestNG.runSuites(TestNG.java:1112)
at org.testng.TestNG.run(TestNG.java:1079)
at org.testng.remote.AbstractRemoteTestNG.run(AbstractRemoteTestNG.java:115)
at org.testng.remote.RemoteTestNG.initAndRun(RemoteTestNG.java:293)
at org.testng.remote.RemoteTestNG.main(RemoteTestNG.java:91)
]]>
    </error>
  </testcase> <!-- Add_case -->
  <testcase classname="Enterprise_Codeclouds.Project.Enterprise.Case_Appplications" name="Add_case" time="45.985">
    <error message="Element list is null or empty. Check the locator or timing." type="java.lang.RuntimeException">
      <![CDATA[java.lang.RuntimeException: Element list is null or empty. Check the locator or timing.
at Repeatative_codes.Repeat.wait_for_theElement(Repeat.java:37)
at Locaters.Application_Locaters.Application_amount_edit_buttons(Application_Locaters.java:220)
at Enterprise_Codeclouds.Project.Enterprise.Case_Appplications.Add_case(Case_Appplications.java:105)
at java.base/jdk.internal.reflect.DirectMethodHandleAccessor.invoke(DirectMethodHandleAccessor.java:103)
at java.base/java.lang.reflect.Method.invoke(Method.java:580)
at org.testng.internal.invokers.MethodInvocationHelper.invokeMethod(MethodInvocationHelper.java:141)
at org.testng.internal.invokers.TestInvoker.invokeMethod(TestInvoker.java:687)
at org.testng.internal.invokers.TestInvoker.invokeTestMethod(TestInvoker.java:230)
at org.testng.internal.invokers.MethodRunner.runInSequence(MethodRunner.java:63)
at org.testng.internal.invokers.TestInvoker$MethodInvocationAgent.invoke(TestInvoker.java:995)
at org.testng.internal.invokers.TestInvoker.invokeTestMethods(TestInvoker.java:203)
at org.testng.internal.invokers.TestMethodWorker.invokeTestMethods(TestMethodWorker.java:154)
at org.testng.internal.invokers.TestMethodWorker.run(TestMethodWorker.java:134)
at java.base/java.util.ArrayList.forEach(ArrayList.java:1596)
at org.testng.TestRunner.privateRun(TestRunner.java:741)
at org.testng.TestRunner.run(TestRunner.java:616)
at org.testng.SuiteRunner.runTest(SuiteRunner.java:421)
at org.testng.SuiteRunner.runSequentially(SuiteRunner.java:413)
at org.testng.SuiteRunner.privateRun(SuiteRunner.java:373)
at org.testng.SuiteRunner.run(SuiteRunner.java:312)
at org.testng.SuiteRunnerWorker.runSuite(SuiteRunnerWorker.java:52)
at org.testng.SuiteRunnerWorker.run(SuiteRunnerWorker.java:95)
at org.testng.TestNG.runSuitesSequentially(TestNG.java:1274)
at org.testng.TestNG.runSuitesLocally(TestNG.java:1208)
at org.testng.TestNG.runSuites(TestNG.java:1112)
at org.testng.TestNG.run(TestNG.java:1079)
at org.testng.remote.AbstractRemoteTestNG.run(AbstractRemoteTestNG.java:115)
at org.testng.remote.RemoteTestNG.initAndRun(RemoteTestNG.java:293)
at org.testng.remote.RemoteTestNG.main(RemoteTestNG.java:91)
]]>
    </error>
  </testcase> <!-- Add_case -->
  <testcase classname="Enterprise_Codeclouds.Project.Enterprise.Case_Appplications" name="Add_case" time="31.537">
    <error message="Expected condition failed: waiting for visibility of [[ChromeDriver: chrome on windows (4188c5a7b5532fc1ac7caa5e9bfcd93a)] -&gt; xpath: //div[@class=&#039;ant-modal-body&#039;]] (tried for 10 second(s) with 500 milliseconds interval)
Build info: version: &#039;4.33.0&#039;, revision: &#039;2c6aaad03a&#039;
System info: os.name: &#039;Windows 11&#039;, os.arch: &#039;amd64&#039;, os.version: &#039;10.0&#039;, java.version: &#039;21.0.9&#039;
Driver info: org.openqa.selenium.chrome.ChromeDriver
Capabilities {acceptInsecureCerts: false, browserName: chrome, browserVersion: 143.0.7499.41, chrome: {chromedriverVersion: 143.0.7499.42 (24bdc8c48a0c..., userDataDir: C:\Users\CODECL~1\AppData\L...}, fedcm:accounts: true, goog:chromeOptions: {debuggerAddress: localhost:62395}, goog:processID: 20248, networkConnectionEnabled: false, pageLoadStrategy: normal, platformName: windows, proxy: Proxy(), se:cdp: ws://localhost:62395/devtoo..., se:cdpVersion: 143.0.7499.41, setWindowRect: true, strictFileInteractability: false, timeouts: {implicit: 0, pageLoad: 300000, script: 30000}, unhandledPromptBehavior: dismiss and notify, webauthn:extension:credBlob: true, webauthn:extension:largeBlob: true, webauthn:extension:minPinLength: true, webauthn:extension:prf: true, webauthn:virtualAuthenticators: true}
Session ID: 4188c5a7b5532fc1ac7caa5e9bfcd93a" type="org.openqa.selenium.TimeoutException">
      <![CDATA[org.openqa.selenium.TimeoutException: Expected condition failed: waiting for visibility of [[ChromeDriver: chrome on windows (4188c5a7b5532fc1ac7caa5e9bfcd93a)] -> xpath: //div[@class='ant-modal-body']] (tried for 10 second(s) with 500 milliseconds interval)
Build info: version: '4.33.0', revision: '2c6aaad03a'
System info: os.name: 'Windows 11', os.arch: 'amd64', os.version: '10.0', java.version: '21.0.9'
Driver info: org.openqa.selenium.chrome.ChromeDriver
Capabilities {acceptInsecureCerts: false, browserName: chrome, browserVersion: 143.0.7499.41, chrome: {chromedriverVersion: 143.0.7499.42 (24bdc8c48a0c..., userDataDir: C:\Users\CODECL~1\AppData\L...}, fedcm:accounts: true, goog:chromeOptions: {debuggerAddress: localhost:62395}, goog:processID: 20248, networkConnectionEnabled: false, pageLoadStrategy: normal, platformName: windows, proxy: Proxy(), se:cdp: ws://localhost:62395/devtoo..., se:cdpVersion: 143.0.7499.41, setWindowRect: true, strictFileInteractability: false, timeouts: {implicit: 0, pageLoad: 300000, script: 30000}, unhandledPromptBehavior: dismiss and notify, webauthn:extension:credBlob: true, webauthn:extension:largeBlob: true, webauthn:extension:minPinLength: true, webauthn:extension:prf: true, webauthn:virtualAuthenticators: true}
Session ID: 4188c5a7b5532fc1ac7caa5e9bfcd93a
at org.openqa.selenium.support.ui.WebDriverWait.timeoutException(WebDriverWait.java:84)
at org.openqa.selenium.support.ui.FluentWait.until(FluentWait.java:228)
at Repeatative_codes.Repeat.wait_for_theElement(Repeat.java:31)
at Locaters.Application_Locaters.Popup_add_form(Application_Locaters.java:108)
at Enterprise_Codeclouds.Project.Enterprise.Case_Appplications.Add_case(Case_Appplications.java:39)
at java.base/jdk.internal.reflect.DirectMethodHandleAccessor.invoke(DirectMethodHandleAccessor.java:103)
at java.base/java.lang.reflect.Method.invoke(Method.java:580)
at org.testng.internal.invokers.MethodInvocationHelper.invokeMethod(MethodInvocationHelper.java:141)
at org.testng.internal.invokers.TestInvoker.invokeMethod(TestInvoker.java:687)
at org.testng.internal.invokers.TestInvoker.invokeTestMethod(TestInvoker.java:230)
at org.testng.internal.invokers.MethodRunner.runInSequence(MethodRunner.java:63)
at org.testng.internal.invokers.TestInvoker$MethodInvocationAgent.invoke(TestInvoker.java:995)
at org.testng.internal.invokers.TestInvoker.invokeTestMethods(TestInvoker.java:203)
at org.testng.internal.invokers.TestMethodWorker.invokeTestMethods(TestMethodWorker.java:154)
at org.testng.internal.invokers.TestMethodWorker.run(TestMethodWorker.java:134)
at java.base/java.util.ArrayList.forEach(ArrayList.java:1596)
at org.testng.TestRunner.privateRun(TestRunner.java:741)
at org.testng.TestRunner.run(TestRunner.java:616)
at org.testng.SuiteRunner.runTest(SuiteRunner.java:421)
at org.testng.SuiteRunner.runSequentially(SuiteRunner.java:413)
at org.testng.SuiteRunner.privateRun(SuiteRunner.java:373)
at org.testng.SuiteRunner.run(SuiteRunner.java:312)
at org.testng.SuiteRunnerWorker.runSuite(SuiteRunnerWorker.java:52)
at org.testng.SuiteRunnerWorker.run(SuiteRunnerWorker.java:95)
at org.testng.TestNG.runSuitesSequentially(TestNG.java:1274)
at org.testng.TestNG.runSuitesLocally(TestNG.java:1208)
at org.testng.TestNG.runSuites(TestNG.java:1112)
at org.testng.TestNG.run(TestNG.java:1079)
at org.testng.remote.AbstractRemoteTestNG.run(AbstractRemoteTestNG.java:115)
at org.testng.remote.RemoteTestNG.initAndRun(RemoteTestNG.java:293)
at org.testng.remote.RemoteTestNG.main(RemoteTestNG.java:91)
]]>
    </error>
  </testcase> <!-- Add_case -->
  <testcase classname="Enterprise_Codeclouds.Project.Enterprise.Case_Appplications" name="Add_case" time="100.385">
    <error message="Expected condition failed: waiting for visibility of all [[[[[ChromeDriver: chrome on windows (e0b9684e5d6529871f7b201f8a83c8b7)] -&gt; xpath: //*[@class=&#039;ant-modal-body&#039;]]] -&gt; xpath: .//input], [[[[ChromeDriver: chrome on windows (e0b9684e5d6529871f7b201f8a83c8b7)] -&gt; xpath: //*[@class=&#039;ant-modal-body&#039;]]] -&gt; xpath: .//input], [[[[ChromeDriver: chrome on windows (e0b9684e5d6529871f7b201f8a83c8b7)] -&gt; xpath: //*[@class=&#039;ant-modal-body&#039;]]] -&gt; xpath: .//input], [[[[ChromeDriver: chrome on windows (e0b9684e5d6529871f7b201f8a83c8b7)] -&gt; xpath: //*[@class=&#039;ant-modal-body&#039;]]] -&gt; xpath: .//input], [[[[ChromeDriver: chrome on windows (e0b9684e5d6529871f7b201f8a83c8b7)] -&gt; xpath: //*[@class=&#039;ant-modal-body&#039;]]] -&gt; xpath: .//input], [[[[ChromeDriver: chrome on windows (e0b9684e5d6529871f7b201f8a83c8b7)] -&gt; xpath: //*[@class=&#039;ant-modal-body&#039;]]] -&gt; xpath: .//input], [[[[ChromeDriver: chrome on windows (e0b9684e5d6529871f7b201f8a83c8b7)] -&gt; xpath: //*[@class=&#039;ant-modal-body&#039;]]] -&gt; xpath: .//input], [[[[ChromeDriver: chrome on windows (e0b9684e5d6529871f7b201f8a83c8b7)] -&gt; xpath: //*[@class=&#039;ant-modal-body&#039;]]] -&gt; xpath: .//input], [[[[ChromeDriver: chrome on windows (e0b9684e5d6529871f7b201f8a83c8b7)] -&gt; xpath: //*[@class=&#039;ant-modal-body&#039;]]] -&gt; xpath: .//input], [[[[ChromeDriver: chrome on windows (e0b9684e5d6529871f7b201f8a83c8b7)] -&gt; xpath: //*[@class=&#039;ant-modal-body&#039;]]] -&gt; xpath: .//input], [[[[ChromeDriver: chrome on windows (e0b9684e5d6529871f7b201f8a83c8b7)] -&gt; xpath: //*[@class=&#039;ant-modal-body&#039;]]] -&gt; xpath: .//input], [[[[ChromeDriver: chrome on windows (e0b9684e5d6529871f7b201f8a83c8b7)] -&gt; xpath: //*[@class=&#039;ant-modal-body&#039;]]] -&gt; xpath: .//input]] (tried for 10 second(s) with 500 milliseconds interval)
Build info: version: &#039;4.33.0&#039;, revision: &#039;2c6aaad03a&#039;
System info: os.name: &#039;Windows 11&#039;, os.arch: &#039;amd64&#039;, os.version: &#039;10.0&#039;, java.version: &#039;21.0.9&#039;
Driver info: org.openqa.selenium.chrome.ChromeDriver
Capabilities {acceptInsecureCerts: false, browserName: chrome, browserVersion: 143.0.7499.41, chrome: {chromedriverVersion: 143.0.7499.42 (24bdc8c48a0c..., userDataDir: C:\Users\CODECL~1\AppData\L...}, fedcm:accounts: true, goog:chromeOptions: {debuggerAddress: localhost:50085}, goog:processID: 21088, networkConnectionEnabled: false, pageLoadStrategy: normal, platformName: windows, proxy: Proxy(), se:cdp: ws://localhost:50085/devtoo..., se:cdpVersion: 143.0.7499.41, setWindowRect: true, strictFileInteractability: false, timeouts: {implicit: 0, pageLoad: 300000, script: 30000}, unhandledPromptBehavior: dismiss and notify, webauthn:extension:credBlob: true, webauthn:extension:largeBlob: true, webauthn:extension:minPinLength: true, webauthn:extension:prf: true, webauthn:virtualAuthenticators: true}
Session ID: e0b9684e5d6529871f7b201f8a83c8b7" type="org.openqa.selenium.TimeoutException">
      <![CDATA[org.openqa.selenium.TimeoutException: Expected condition failed: waiting for visibility of all [[[[[ChromeDriver: chrome on windows (e0b9684e5d6529871f7b201f8a83c8b7)] -> xpath: //*[@class='ant-modal-body']]] -> xpath: .//input], [[[[ChromeDriver: chrome on windows (e0b9684e5d6529871f7b201f8a83c8b7)] -> xpath: //*[@class='ant-modal-body']]] -> xpath: .//input], [[[[ChromeDriver: chrome on windows (e0b9684e5d6529871f7b201f8a83c8b7)] -> xpath: //*[@class='ant-modal-body']]] -> xpath: .//input], [[[[ChromeDriver: chrome on windows (e0b9684e5d6529871f7b201f8a83c8b7)] -> xpath: //*[@class='ant-modal-body']]] -> xpath: .//input], [[[[ChromeDriver: chrome on windows (e0b9684e5d6529871f7b201f8a83c8b7)] -> xpath: //*[@class='ant-modal-body']]] -> xpath: .//input], [[[[ChromeDriver: chrome on windows (e0b9684e5d6529871f7b201f8a83c8b7)] -> xpath: //*[@class='ant-modal-body']]] -> xpath: .//input], [[[[ChromeDriver: chrome on windows (e0b9684e5d6529871f7b201f8a83c8b7)] -> xpath: //*[@class='ant-modal-body']]] -> xpath: .//input], [[[[ChromeDriver: chrome on windows (e0b9684e5d6529871f7b201f8a83c8b7)] -> xpath: //*[@class='ant-modal-body']]] -> xpath: .//input], [[[[ChromeDriver: chrome on windows (e0b9684e5d6529871f7b201f8a83c8b7)] -> xpath: //*[@class='ant-modal-body']]] -> xpath: .//input], [[[[ChromeDriver: chrome on windows (e0b9684e5d6529871f7b201f8a83c8b7)] -> xpath: //*[@class='ant-modal-body']]] -> xpath: .//input], [[[[ChromeDriver: chrome on windows (e0b9684e5d6529871f7b201f8a83c8b7)] -> xpath: //*[@class='ant-modal-body']]] -> xpath: .//input], [[[[ChromeDriver: chrome on windows (e0b9684e5d6529871f7b201f8a83c8b7)] -> xpath: //*[@class='ant-modal-body']]] -> xpath: .//input]] (tried for 10 second(s) with 500 milliseconds interval)
Build info: version: '4.33.0', revision: '2c6aaad03a'
System info: os.name: 'Windows 11', os.arch: 'amd64', os.version: '10.0', java.version: '21.0.9'
Driver info: org.openqa.selenium.chrome.ChromeDriver
Capabilities {acceptInsecureCerts: false, browserName: chrome, browserVersion: 143.0.7499.41, chrome: {chromedriverVersion: 143.0.7499.42 (24bdc8c48a0c..., userDataDir: C:\Users\CODECL~1\AppData\L...}, fedcm:accounts: true, goog:chromeOptions: {debuggerAddress: localhost:50085}, goog:processID: 21088, networkConnectionEnabled: false, pageLoadStrategy: normal, platformName: windows, proxy: Proxy(), se:cdp: ws://localhost:50085/devtoo..., se:cdpVersion: 143.0.7499.41, setWindowRect: true, strictFileInteractability: false, timeouts: {implicit: 0, pageLoad: 300000, script: 30000}, unhandledPromptBehavior: dismiss and notify, webauthn:extension:credBlob: true, webauthn:extension:largeBlob: true, webauthn:extension:minPinLength: true, webauthn:extension:prf: true, webauthn:virtualAuthenticators: true}
Session ID: e0b9684e5d6529871f7b201f8a83c8b7
at org.openqa.selenium.support.ui.WebDriverWait.timeoutException(WebDriverWait.java:84)
at org.openqa.selenium.support.ui.FluentWait.until(FluentWait.java:228)
at Repeatative_codes.Repeat.wait_for_theElement(Repeat.java:40)
at Locaters.Application_Locaters.Modal_Input_Feilds(Application_Locaters.java:224)
at Enterprise_Codeclouds.Project.Enterprise.Case_Appplications.Add_case(Case_Appplications.java:119)
at java.base/jdk.internal.reflect.DirectMethodHandleAccessor.invoke(DirectMethodHandleAccessor.java:103)
at java.base/java.lang.reflect.Method.invoke(Method.java:580)
at org.testng.internal.invokers.MethodInvocationHelper.invokeMethod(MethodInvocationHelper.java:141)
at org.testng.internal.invokers.TestInvoker.invokeMethod(TestInvoker.java:687)
at org.testng.internal.invokers.TestInvoker.invokeTestMethod(TestInvoker.java:230)
at org.testng.internal.invokers.MethodRunner.runInSequence(MethodRunner.java:63)
at org.testng.internal.invokers.TestInvoker$MethodInvocationAgent.invoke(TestInvoker.java:995)
at org.testng.internal.invokers.TestInvoker.invokeTestMethods(TestInvoker.java:203)
at org.testng.internal.invokers.TestMethodWorker.invokeTestMethods(TestMethodWorker.java:154)
at org.testng.internal.invokers.TestMethodWorker.run(TestMethodWorker.java:134)
at java.base/java.util.ArrayList.forEach(ArrayList.java:1596)
at org.testng.TestRunner.privateRun(TestRunner.java:741)
at org.testng.TestRunner.run(TestRunner.java:616)
at org.testng.SuiteRunner.runTest(SuiteRunner.java:421)
at org.testng.SuiteRunner.runSequentially(SuiteRunner.java:413)
at org.testng.SuiteRunner.privateRun(SuiteRunner.java:373)
at org.testng.SuiteRunner.run(SuiteRunner.java:312)
at org.testng.SuiteRunnerWorker.runSuite(SuiteRunnerWorker.java:52)
at org.testng.SuiteRunnerWorker.run(SuiteRunnerWorker.java:95)
at org.testng.TestNG.runSuitesSequentially(TestNG.java:1274)
at org.testng.TestNG.runSuitesLocally(TestNG.java:1208)
at org.testng.TestNG.runSuites(TestNG.java:1112)
at org.testng.TestNG.run(TestNG.java:1079)
at org.testng.remote.AbstractRemoteTestNG.run(AbstractRemoteTestNG.java:115)
at org.testng.remote.RemoteTestNG.initAndRun(RemoteTestNG.java:293)
at org.testng.remote.RemoteTestNG.main(RemoteTestNG.java:91)
]]>
    </error>
  </testcase> <!-- Add_case -->
  <testcase classname="Enterprise_Codeclouds.Project.Enterprise.Case_Appplications" name="Add_case" time="79.805">
    <error message="Expected condition failed: waiting for visibility of all [[[[[ChromeDriver: chrome on windows (d5fcee96a665b499e3e00d28fd880c7d)] -&gt; xpath: //*[@class=&#039;ant-modal-body&#039;]]] -&gt; xpath: .//input], [[[[ChromeDriver: chrome on windows (d5fcee96a665b499e3e00d28fd880c7d)] -&gt; xpath: //*[@class=&#039;ant-modal-body&#039;]]] -&gt; xpath: .//input], [[[[ChromeDriver: chrome on windows (d5fcee96a665b499e3e00d28fd880c7d)] -&gt; xpath: //*[@class=&#039;ant-modal-body&#039;]]] -&gt; xpath: .//input], [[[[ChromeDriver: chrome on windows (d5fcee96a665b499e3e00d28fd880c7d)] -&gt; xpath: //*[@class=&#039;ant-modal-body&#039;]]] -&gt; xpath: .//input], [[[[ChromeDriver: chrome on windows (d5fcee96a665b499e3e00d28fd880c7d)] -&gt; xpath: //*[@class=&#039;ant-modal-body&#039;]]] -&gt; xpath: .//input], [[[[ChromeDriver: chrome on windows (d5fcee96a665b499e3e00d28fd880c7d)] -&gt; xpath: //*[@class=&#039;ant-modal-body&#039;]]] -&gt; xpath: .//input], [[[[ChromeDriver: chrome on windows (d5fcee96a665b499e3e00d28fd880c7d)] -&gt; xpath: //*[@class=&#039;ant-modal-body&#039;]]] -&gt; xpath: .//input], [[[[ChromeDriver: chrome on windows (d5fcee96a665b499e3e00d28fd880c7d)] -&gt; xpath: //*[@class=&#039;ant-modal-body&#039;]]] -&gt; xpath: .//input], [[[[ChromeDriver: chrome on windows (d5fcee96a665b499e3e00d28fd880c7d)] -&gt; xpath: //*[@class=&#039;ant-modal-body&#039;]]] -&gt; xpath: .//input], [[[[ChromeDriver: chrome on windows (d5fcee96a665b499e3e00d28fd880c7d)] -&gt; xpath: //*[@class=&#039;ant-modal-body&#039;]]] -&gt; xpath: .//input], [[[[ChromeDriver: chrome on windows (d5fcee96a665b499e3e00d28fd880c7d)] -&gt; xpath: //*[@class=&#039;ant-modal-body&#039;]]] -&gt; xpath: .//input]] (tried for 10 second(s) with 500 milliseconds interval)
Build info: version: &#039;4.33.0&#039;, revision: &#039;2c6aaad03a&#039;
System info: os.name: &#039;Windows 11&#039;, os.arch: &#039;amd64&#039;, os.version: &#039;10.0&#039;, java.version: &#039;21.0.9&#039;
Driver info: org.openqa.selenium.chrome.ChromeDriver
Capabilities {acceptInsecureCerts: false, browserName: chrome, browserVersion: 143.0.7499.41, chrome: {chromedriverVersion: 143.0.7499.42 (24bdc8c48a0c..., userDataDir: C:\Users\CODECL~1\AppData\L...}, fedcm:accounts: true, goog:chromeOptions: {debuggerAddress: localhost:62017}, goog:processID: 3204, networkConnectionEnabled: false, pageLoadStrategy: normal, platformName: windows, proxy: Proxy(), se:cdp: ws://localhost:62017/devtoo..., se:cdpVersion: 143.0.7499.41, setWindowRect: true, strictFileInteractability: false, timeouts: {implicit: 0, pageLoad: 300000, script: 30000}, unhandledPromptBehavior: dismiss and notify, webauthn:extension:credBlob: true, webauthn:extension:largeBlob: true, webauthn:extension:minPinLength: true, webauthn:extension:prf: true, webauthn:virtualAuthenticators: true}
Session ID: d5fcee96a665b499e3e00d28fd880c7d" type="org.openqa.selenium.TimeoutException">
      <![CDATA[org.openqa.selenium.TimeoutException: Expected condition failed: waiting for visibility of all [[[[[ChromeDriver: chrome on windows (d5fcee96a665b499e3e00d28fd880c7d)] -> xpath: //*[@class='ant-modal-body']]] -> xpath: .//input], [[[[ChromeDriver: chrome on windows (d5fcee96a665b499e3e00d28fd880c7d)] -> xpath: //*[@class='ant-modal-body']]] -> xpath: .//input], [[[[ChromeDriver: chrome on windows (d5fcee96a665b499e3e00d28fd880c7d)] -> xpath: //*[@class='ant-modal-body']]] -> xpath: .//input], [[[[ChromeDriver: chrome on windows (d5fcee96a665b499e3e00d28fd880c7d)] -> xpath: //*[@class='ant-modal-body']]] -> xpath: .//input], [[[[ChromeDriver: chrome on windows (d5fcee96a665b499e3e00d28fd880c7d)] -> xpath: //*[@class='ant-modal-body']]] -> xpath: .//input], [[[[ChromeDriver: chrome on windows (d5fcee96a665b499e3e00d28fd880c7d)] -> xpath: //*[@class='ant-modal-body']]] -> xpath: .//input], [[[[ChromeDriver: chrome on windows (d5fcee96a665b499e3e00d28fd880c7d)] -> xpath: //*[@class='ant-modal-body']]] -> xpath: .//input], [[[[ChromeDriver: chrome on windows (d5fcee96a665b499e3e00d28fd880c7d)] -> xpath: //*[@class='ant-modal-body']]] -> xpath: .//input], [[[[ChromeDriver: chrome on windows (d5fcee96a665b499e3e00d28fd880c7d)] -> xpath: //*[@class='ant-modal-body']]] -> xpath: .//input], [[[[ChromeDriver: chrome on windows (d5fcee96a665b499e3e00d28fd880c7d)] -> xpath: //*[@class='ant-modal-body']]] -> xpath: .//input], [[[[ChromeDriver: chrome on windows (d5fcee96a665b499e3e00d28fd880c7d)] -> xpath: //*[@class='ant-modal-body']]] -> xpath: .//input]] (tried for 10 second(s) with 500 milliseconds interval)
Build info: version: '4.33.0', revision: '2c6aaad03a'
System info: os.name: 'Windows 11', os.arch: 'amd64', os.version: '10.0', java.version: '21.0.9'
Driver info: org.openqa.selenium.chrome.ChromeDriver
Capabilities {acceptInsecureCerts: false, browserName: chrome, browserVersion: 143.0.7499.41, chrome: {chromedriverVersion: 143.0.7499.42 (24bdc8c48a0c..., userDataDir: C:\Users\CODECL~1\AppData\L...}, fedcm:accounts: true, goog:chromeOptions: {debuggerAddress: localhost:62017}, goog:processID: 3204, networkConnectionEnabled: false, pageLoadStrategy: normal, platformName: windows, proxy: Proxy(), se:cdp: ws://localhost:62017/devtoo..., se:cdpVersion: 143.0.7499.41, setWindowRect: true, strictFileInteractability: false, timeouts: {implicit: 0, pageLoad: 300000, script: 30000}, unhandledPromptBehavior: dismiss and notify, webauthn:extension:credBlob: true, webauthn:extension:largeBlob: true, webauthn:extension:minPinLength: true, webauthn:extension:prf: true, webauthn:virtualAuthenticators: true}
Session ID: d5fcee96a665b499e3e00d28fd880c7d
at org.openqa.selenium.support.ui.WebDriverWait.timeoutException(WebDriverWait.java:84)
at org.openqa.selenium.support.ui.FluentWait.until(FluentWait.java:228)
at Repeatative_codes.Repeat.wait_for_theElement(Repeat.java:40)
at Locaters.Application_Locaters.Modal_Input_Feilds(Application_Locaters.java:224)
at Enterprise_Codeclouds.Project.Enterprise.Case_Appplications.Add_case(Case_Appplications.java:119)
at java.base/jdk.internal.reflect.DirectMethodHandleAccessor.invoke(DirectMethodHandleAccessor.java:103)
at java.base/java.lang.reflect.Method.invoke(Method.java:580)
at org.testng.internal.invokers.MethodInvocationHelper.invokeMethod(MethodInvocationHelper.java:141)
at org.testng.internal.invokers.TestInvoker.invokeMethod(TestInvoker.java:687)
at org.testng.internal.invokers.TestInvoker.invokeTestMethod(TestInvoker.java:230)
at org.testng.internal.invokers.MethodRunner.runInSequence(MethodRunner.java:63)
at org.testng.internal.invokers.TestInvoker$MethodInvocationAgent.invoke(TestInvoker.java:995)
at org.testng.internal.invokers.TestInvoker.invokeTestMethods(TestInvoker.java:203)
at org.testng.internal.invokers.TestMethodWorker.invokeTestMethods(TestMethodWorker.java:154)
at org.testng.internal.invokers.TestMethodWorker.run(TestMethodWorker.java:134)
at java.base/java.util.ArrayList.forEach(ArrayList.java:1596)
at org.testng.TestRunner.privateRun(TestRunner.java:741)
at org.testng.TestRunner.run(TestRunner.java:616)
at org.testng.SuiteRunner.runTest(SuiteRunner.java:421)
at org.testng.SuiteRunner.runSequentially(SuiteRunner.java:413)
at org.testng.SuiteRunner.privateRun(SuiteRunner.java:373)
at org.testng.SuiteRunner.run(SuiteRunner.java:312)
at org.testng.SuiteRunnerWorker.runSuite(SuiteRunnerWorker.java:52)
[...]
at org.testng.SuiteRunner.runTest(SuiteRunner.java:421)
at org.testng.SuiteRunner.runSequentially(SuiteRunner.java:413)
at org.testng.SuiteRunner.privateRun(SuiteRunner.java:373)
at org.testng.SuiteRunner.run(SuiteRunner.java:312)
at org.testng.SuiteRunnerWorker.runSuite(SuiteRunnerWorker.java:52)
at org.testng.SuiteRunnerWorker.run(SuiteRunnerWorker.java:95)
at org.testng.TestNG.runSuitesSequentially(TestNG.java:1274)
at org.testng.TestNG.runSuitesLocally(TestNG.java:1208)
at org.testng.TestNG.runSuites(TestNG.java:1112)
at org.testng.TestNG.run(TestNG.java:1079)
at org.testng.remote.AbstractRemoteTestNG.run(AbstractRemoteTestNG.java:115)
at org.testng.remote.RemoteTestNG.initAndRun(RemoteTestNG.java:293)
at org.testng.remote.RemoteTestNG.main(RemoteTestNG.java:91)
]]>
    </error>
  </testcase> <!-- Add_case -->
  <testcase classname="Enterprise_Codeclouds.Project.Enterprise.Case_Appplications" name="Add_case" time="66.804">
    <error message="Expected condition failed: waiting for visibility of all [[[[[ChromeDriver: chrome on windows (951deed53f06b7a7310babc6fcd39d00)] -&gt; xpath: //*[@class=&#039;ant-modal-body&#039;]]] -&gt; xpath: .//input], [[[[ChromeDriver: chrome on windows (951deed53f06b7a7310babc6fcd39d00)] -&gt; xpath: //*[@class=&#039;ant-modal-body&#039;]]] -&gt; xpath: .//input], [[[[ChromeDriver: chrome on windows (951deed53f06b7a7310babc6fcd39d00)] -&gt; xpath: //*[@class=&#039;ant-modal-body&#039;]]] -&gt; xpath: .//input], [[[[ChromeDriver: chrome on windows (951deed53f06b7a7310babc6fcd39d00)] -&gt; xpath: //*[@class=&#039;ant-modal-body&#039;]]] -&gt; xpath: .//input], [[[[ChromeDriver: chrome on windows (951deed53f06b7a7310babc6fcd39d00)] -&gt; xpath: //*[@class=&#039;ant-modal-body&#039;]]] -&gt; xpath: .//input], [[[[ChromeDriver: chrome on windows (951deed53f06b7a7310babc6fcd39d00)] -&gt; xpath: //*[@class=&#039;ant-modal-body&#039;]]] -&gt; xpath: .//input], [[[[ChromeDriver: chrome on windows (951deed53f06b7a7310babc6fcd39d00)] -&gt; xpath: //*[@class=&#039;ant-modal-body&#039;]]] -&gt; xpath: .//input], [[[[ChromeDriver: chrome on windows (951deed53f06b7a7310babc6fcd39d00)] -&gt; xpath: //*[@class=&#039;ant-modal-body&#039;]]] -&gt; xpath: .//input], [[[[ChromeDriver: chrome on windows (951deed53f06b7a7310babc6fcd39d00)] -&gt; xpath: //*[@class=&#039;ant-modal-body&#039;]]] -&gt; xpath: .//input], [[[[ChromeDriver: chrome on windows (951deed53f06b7a7310babc6fcd39d00)] -&gt; xpath: //*[@class=&#039;ant-modal-body&#039;]]] -&gt; xpath: .//input], [[[[ChromeDriver: chrome on windows (951deed53f06b7a7310babc6fcd39d00)] -&gt; xpath: //*[@class=&#039;ant-modal-body&#039;]]] -&gt; xpath: .//input], [[[[ChromeDriver: chrome on windows (951deed53f06b7a7310babc6fcd39d00)] -&gt; xpath: //*[@class=&#039;ant-modal-body&#039;]]] -&gt; xpath: .//input]] (tried for 10 second(s) with 500 milliseconds interval)
Build info: version: &#039;4.33.0&#039;, revision: &#039;2c6aaad03a&#039;
System info: os.name: &#039;Windows 11&#039;, os.arch: &#039;amd64&#039;, os.version: &#039;10.0&#039;, java.version: &#039;21.0.9&#039;
Driver info: org.openqa.selenium.chrome.ChromeDriver
Capabilities {acceptInsecureCerts: false, browserName: chrome, browserVersion: 143.0.7499.41, chrome: {chromedriverVersion: 143.0.7499.42 (24bdc8c48a0c..., userDataDir: C:\Users\CODECL~1\AppData\L...}, fedcm:accounts: true, goog:chromeOptions: {debuggerAddress: localhost:52666}, goog:processID: 13788, networkConnectionEnabled: false, pageLoadStrategy: normal, platformName: windows, proxy: Proxy(), se:cdp: ws://localhost:52666/devtoo..., se:cdpVersion: 143.0.7499.41, setWindowRect: true, strictFileInteractability: false, timeouts: {implicit: 0, pageLoad: 300000, script: 30000}, unhandledPromptBehavior: dismiss and notify, webauthn:extension:credBlob: true, webauthn:extension:largeBlob: true, webauthn:extension:minPinLength: true, webauthn:extension:prf: true, webauthn:virtualAuthenticators: true}
Session ID: 951deed53f06b7a7310babc6fcd39d00" type="org.openqa.selenium.TimeoutException">
      <![CDATA[org.openqa.selenium.TimeoutException: Expected condition failed: waiting for visibility of all [[[[[ChromeDriver: chrome on windows (951deed53f06b7a7310babc6fcd39d00)] -> xpath: //*[@class='ant-modal-body']]] -> xpath: .//input], [[[[ChromeDriver: chrome on windows (951deed53f06b7a7310babc6fcd39d00)] -> xpath: //*[@class='ant-modal-body']]] -> xpath: .//input], [[[[ChromeDriver: chrome on windows (951deed53f06b7a7310babc6fcd39d00)] -> xpath: //*[@class='ant-modal-body']]] -> xpath: .//input], [[[[ChromeDriver: chrome on windows (951deed53f06b7a7310babc6fcd39d00)] -> xpath: //*[@class='ant-modal-body']]] -> xpath: .//input], [[[[ChromeDriver: chrome on windows (951deed53f06b7a7310babc6fcd39d00)] -> xpath: //*[@class='ant-modal-body']]] -> xpath: .//input], [[[[ChromeDriver: chrome on windows (951deed53f06b7a7310babc6fcd39d00)] -> xpath: //*[@class='ant-modal-body']]] -> xpath: .//input], [[[[ChromeDriver: chrome on windows (951deed53f06b7a7310babc6fcd39d00)] -> xpath: //*[@class='ant-modal-body']]] -> xpath: .//input], [[[[ChromeDriver: chrome on windows (951deed53f06b7a7310babc6fcd39d00)] -> xpath: //*[@class='ant-modal-body']]] -> xpath: .//input], [[[[ChromeDriver: chrome on windows (951deed53f06b7a7310babc6fcd39d00)] -> xpath: //*[@class='ant-modal-body']]] -> xpath: .//input], [[[[ChromeDriver: chrome on windows (951deed53f06b7a7310babc6fcd39d00)] -> xpath: //*[@class='ant-modal-body']]] -> xpath: .//input], [[[[ChromeDriver: chrome on windows (951deed53f06b7a7310babc6fcd39d00)] -> xpath: //*[@class='ant-modal-body']]] -> xpath: .//input], [[[[ChromeDriver: chrome on windows (951deed53f06b7a7310babc6fcd39d00)] -> xpath: //*[@class='ant-modal-body']]] -> xpath: .//input]] (tried for 10 second(s) with 500 milliseconds interval)
Build info: version: '4.33.0', revision: '2c6aaad03a'
System info: os.name: 'Windows 11', os.arch: 'amd64', os.version: '10.0', java.version: '21.0.9'
Driver info: org.openqa.selenium.chrome.ChromeDriver
Capabilities {acceptInsecureCerts: false, browserName: chrome, browserVersion: 143.0.7499.41, chrome: {chromedriverVersion: 143.0.7499.42 (24bdc8c48a0c..., userDataDir: C:\Users\CODECL~1\AppData\L...}, fedcm:accounts: true, goog:chromeOptions: {debuggerAddress: localhost:52666}, goog:processID: 13788, networkConnectionEnabled: false, pageLoadStrategy: normal, platformName: windows, proxy: Proxy(), se:cdp: ws://localhost:52666/devtoo..., se:cdpVersion: 143.0.7499.41, setWindowRect: true, strictFileInteractability: false, timeouts: {implicit: 0, pageLoad: 300000, script: 30000}, unhandledPromptBehavior: dismiss and notify, webauthn:extension:credBlob: true, webauthn:extension:largeBlob: true, webauthn:extension:minPinLength: true, webauthn:extension:prf: true, webauthn:virtualAuthenticators: true}
Session ID: 951deed53f06b7a7310babc6fcd39d00
at org.openqa.selenium.support.ui.WebDriverWait.timeoutException(WebDriverWait.java:84)
at org.openqa.selenium.support.ui.FluentWait.until(FluentWait.java:228)
at Repeatative_codes.Repeat.wait_for_theElement(Repeat.java:40)
at Locaters.Application_Locaters.Modal_Input_Feilds(Application_Locaters.java:224)
at Enterprise_Codeclouds.Project.Enterprise.Case_Appplications.Add_case(Case_Appplications.java:119)
at java.base/jdk.internal.reflect.DirectMethodHandleAccessor.invoke(DirectMethodHandleAccessor.java:103)
at java.base/java.lang.reflect.Method.invoke(Method.java:580)
at org.testng.internal.invokers.MethodInvocationHelper.invokeMethod(MethodInvocationHelper.java:141)
at org.testng.internal.invokers.TestInvoker.invokeMethod(TestInvoker.java:687)
at org.testng.internal.invokers.TestInvoker.invokeTestMethod(TestInvoker.java:230)
at org.testng.internal.invokers.MethodRunner.runInSequence(MethodRunner.java:63)
at org.testng.internal.invokers.TestInvoker$MethodInvocationAgent.invoke(TestInvoker.java:995)
at org.testng.internal.invokers.TestInvoker.invokeTestMethods(TestInvoker.java:203)
at org.testng.internal.invokers.TestMethodWorker.invokeTestMethods(TestMethodWorker.java:154)
at org.testng.internal.invokers.TestMethodWorker.run(TestMethodWorker.java:134)
at java.base/java.util.ArrayList.forEach(ArrayList.java:1596)
at org.testng.TestRunner.privateRun(TestRunner.java:741)
at org.testng.TestRunner.run(TestRunner.java:616)
at org.testng.SuiteRunner.runTest(SuiteRunner.java:421)
at org.testng.SuiteRunner.runSequentially(SuiteRunner.java:413)
at org.testng.SuiteRunner.privateRun(SuiteRunner.java:373)
at org.testng.SuiteRunner.run(SuiteRunner.java:312)
at org.testng.SuiteRunnerWorker.runSuite(SuiteRunnerWorker.java:52)
at org.testng.SuiteRunnerWorker.run(SuiteRunnerWorker.java:95)
at org.testng.TestNG.runSuitesSequentially(TestNG.java:1274)
at org.testng.TestNG.runSuitesLocally(TestNG.java:1208)
at org.testng.TestNG.runSuites(TestNG.java:1112)
at org.testng.TestNG.run(TestNG.java:1079)
at org.testng.remote.AbstractRemoteTestNG.run(AbstractRemoteTestNG.java:115)
at org.testng.remote.RemoteTestNG.initAndRun(RemoteTestNG.java:293)
at org.testng.remote.RemoteTestNG.main(RemoteTestNG.java:91)
]]>
    </error>
  </testcase> <!-- Add_case -->
  <testcase classname="Enterprise_Codeclouds.Project.Enterprise.Case_Appplications" name="Add_case" time="59.367">
    <error message="Expected condition failed: waiting for visibility of all [[[[[ChromeDriver: chrome on windows (659ef632fab1d7c31d0048ecf9a94c96)] -&gt; xpath: //*[@class=&#039;ant-modal-body&#039;]]] -&gt; xpath: .//input], [[[[ChromeDriver: chrome on windows (659ef632fab1d7c31d0048ecf9a94c96)] -&gt; xpath: //*[@class=&#039;ant-modal-body&#039;]]] -&gt; xpath: .//input], [[[[ChromeDriver: chrome on windows (659ef632fab1d7c31d0048ecf9a94c96)] -&gt; xpath: //*[@class=&#039;ant-modal-body&#039;]]] -&gt; xpath: .//input], [[[[ChromeDriver: chrome on windows (659ef632fab1d7c31d0048ecf9a94c96)] -&gt; xpath: //*[@class=&#039;ant-modal-body&#039;]]] -&gt; xpath: .//input], [[[[ChromeDriver: chrome on windows (659ef632fab1d7c31d0048ecf9a94c96)] -&gt; xpath: //*[@class=&#039;ant-modal-body&#039;]]] -&gt; xpath: .//input], [[[[ChromeDriver: chrome on windows (659ef632fab1d7c31d0048ecf9a94c96)] -&gt; xpath: //*[@class=&#039;ant-modal-body&#039;]]] -&gt; xpath: .//input], [[[[ChromeDriver: chrome on windows (659ef632fab1d7c31d0048ecf9a94c96)] -&gt; xpath: //*[@class=&#039;ant-modal-body&#039;]]] -&gt; xpath: .//input], [[[[ChromeDriver: chrome on windows (659ef632fab1d7c31d0048ecf9a94c96)] -&gt; xpath: //*[@class=&#039;ant-modal-body&#039;]]] -&gt; xpath: .//input], [[[[ChromeDriver: chrome on windows (659ef632fab1d7c31d0048ecf9a94c96)] -&gt; xpath: //*[@class=&#039;ant-modal-body&#039;]]] -&gt; xpath: .//input], [[[[ChromeDriver: chrome on windows (659ef632fab1d7c31d0048ecf9a94c96)] -&gt; xpath: //*[@class=&#039;ant-modal-body&#039;]]] -&gt; xpath: .//input], [[[[ChromeDriver: chrome on windows (659ef632fab1d7c31d0048ecf9a94c96)] -&gt; xpath: //*[@class=&#039;ant-modal-body&#039;]]] -&gt; xpath: .//input], [[[[ChromeDriver: chrome on windows (659ef632fab1d7c31d0048ecf9a94c96)] -&gt; xpath: //*[@class=&#039;ant-modal-body&#039;]]] -&gt; xpath: .//input]] (tried for 10 second(s) with 500 milliseconds interval)
Build info: version: &#039;4.33.0&#039;, revision: &#039;2c6aaad03a&#039;
System info: os.name: &#039;Windows 11&#039;, os.arch: &#039;amd64&#039;, os.version: &#039;10.0&#039;, java.version: &#039;21.0.9&#039;
Driver info: org.openqa.selenium.chrome.ChromeDriver
Capabilities {acceptInsecureCerts: false, browserName: chrome, browserVersion: 143.0.7499.41, chrome: {chromedriverVersion: 143.0.7499.42 (24bdc8c48a0c..., userDataDir: C:\Users\CODECL~1\AppData\L...}, fedcm:accounts: true, goog:chromeOptions: {debuggerAddress: localhost:49581}, goog:processID: 1976, networkConnectionEnabled: false, pageLoadStrategy: normal, platformName: windows, proxy: Proxy(), se:cdp: ws://localhost:49581/devtoo..., se:cdpVersion: 143.0.7499.41, setWindowRect: true, strictFileInteractability: false, timeouts: {implicit: 0, pageLoad: 300000, script: 30000}, unhandledPromptBehavior: dismiss and notify, webauthn:extension:credBlob: true, webauthn:extension:largeBlob: true, webauthn:extension:minPinLength: true, webauthn:extension:prf: true, webauthn:virtualAuthenticators: true}
Session ID: 659ef632fab1d7c31d0048ecf9a94c96" type="org.openqa.selenium.TimeoutException">
      <![CDATA[org.openqa.selenium.TimeoutException: Expected condition failed: waiting for visibility of all [[[[[ChromeDriver: chrome on windows (659ef632fab1d7c31d0048ecf9a94c96)] -> xpath: //*[@class='ant-modal-body']]] -> xpath: .//input], [[[[ChromeDriver: chrome on windows (659ef632fab1d7c31d0048ecf9a94c96)] -> xpath: //*[@class='ant-modal-body']]] -> xpath: .//input], [[[[ChromeDriver: chrome on windows (659ef632fab1d7c31d0048ecf9a94c96)] -> xpath: //*[@class='ant-modal-body']]] -> xpath: .//input], [[[[ChromeDriver: chrome on windows (659ef632fab1d7c31d0048ecf9a94c96)] -> xpath: //*[@class='ant-modal-body']]] -> xpath: .//input], [[[[ChromeDriver: chrome on windows (659ef632fab1d7c31d0048ecf9a94c96)] -> xpath: //*[@class='ant-modal-body']]] -> xpath: .//input], [[[[ChromeDriver: chrome on windows (659ef632fab1d7c31d0048ecf9a94c96)] -> xpath: //*[@class='ant-modal-body']]] -> xpath: .//input], [[[[ChromeDriver: chrome on windows (659ef632fab1d7c31d0048ecf9a94c96)] -> xpath: //*[@class='ant-modal-body']]] -> xpath: .//input], [[[[ChromeDriver: chrome on windows (659ef632fab1d7c31d0048ecf9a94c96)] -> xpath: //*[@class='ant-modal-body']]] -> xpath: .//input], [[[[ChromeDriver: chrome on windows (659ef632fab1d7c31d0048ecf9a94c96)] -> xpath: //*[@class='ant-modal-body']]] -> xpath: .//input], [[[[ChromeDriver: chrome on windows (659ef632fab1d7c31d0048ecf9a94c96)] -> xpath: //*[@class='ant-modal-body']]] -> xpath: .//input], [[[[ChromeDriver: chrome on windows (659ef632fab1d7c31d0048ecf9a94c96)] -> xpath: //*[@class='ant-modal-body']]] -> xpath: .//input], [[[[ChromeDriver: chrome on windows (659ef632fab1d7c31d0048ecf9a94c96)] -> xpath: //*[@class='ant-modal-body']]] -> xpath: .//input]] (tried for 10 second(s) with 500 milliseconds interval)
Build info: version: '4.33.0', revision: '2c6aaad03a'
System info: os.name: 'Windows 11', os.arch: 'amd64', os.version: '10.0', java.version: '21.0.9'
Driver info: org.openqa.selenium.chrome.ChromeDriver
Capabilities {acceptInsecureCerts: false, browserName: chrome, browserVersion: 143.0.7499.41, chrome: {chromedriverVersion: 143.0.7499.42 (24bdc8c48a0c..., userDataDir: C:\Users\CODECL~1\AppData\L...}, fedcm:accounts: true, goog:chromeOptions: {debuggerAddress: localhost:49581}, goog:processID: 1976, networkConnectionEnabled: false, pageLoadStrategy: normal, platformName: windows, proxy: Proxy(), se:cdp: ws://localhost:49581/devtoo..., se:cdpVersion: 143.0.7499.41, setWindowRect: true, strictFileInteractability: false, timeouts: {implicit: 0, pageLoad: 300000, script: 30000}, unhandledPromptBehavior: dismiss and notify, webauthn:extension:credBlob: true, webauthn:extension:largeBlob: true, webauthn:extension:minPinLength: true, webauthn:extension:prf: true, webauthn:virtualAuthenticators: true}
Session ID: 659ef632fab1d7c31d0048ecf9a94c96
at org.openqa.selenium.support.ui.WebDriverWait.timeoutException(WebDriverWait.java:84)
at org.openqa.selenium.support.ui.FluentWait.until(FluentWait.java:228)
at Repeatative_codes.Repeat.wait_for_theElement(Repeat.java:40)
at Locaters.Application_Locaters.Modal_Input_Feilds(Application_Locaters.java:224)
at Enterprise_Codeclouds.Project.Enterprise.Case_Appplications.Add_case(Case_Appplications.java:119)
at java.base/jdk.internal.reflect.DirectMethodHandleAccessor.invoke(DirectMethodHandleAccessor.java:103)
at java.base/java.lang.reflect.Method.invoke(Method.java:580)
at org.testng.internal.invokers.MethodInvocationHelper.invokeMethod(MethodInvocationHelper.java:141)
at org.testng.internal.invokers.TestInvoker.invokeMethod(TestInvoker.java:687)
at org.testng.internal.invokers.TestInvoker.invokeTestMethod(TestInvoker.java:230)
at org.testng.internal.invokers.MethodRunner.runInSequence(MethodRunner.java:63)
at org.testng.internal.invokers.TestInvoker$MethodInvocationAgent.invoke(TestInvoker.java:995)
at org.testng.internal.invokers.TestInvoker.invokeTestMethods(TestInvoker.java:203)
at org.testng.internal.invokers.TestMethodWorker.invokeTestMethods(TestMethodWorker.java:154)
at org.testng.internal.invokers.TestMethodWorker.run(TestMethodWorker.java:134)
at java.base/java.util.ArrayList.forEach(ArrayList.java:1596)
at org.testng.TestRunner.privateRun(TestRunner.java:741)
at org.testng.TestRunner.run(TestRunner.java:616)
at org.testng.SuiteRunner.runTest(SuiteRunner.java:421)
at org.testng.SuiteRunner.runSequentially(SuiteRunner.java:413)
at org.testng.SuiteRunner.privateRun(SuiteRunner.java:373)
at org.testng.SuiteRunner.run(SuiteRunner.java:312)
at org.testng.SuiteRunnerWorker.runSuite(SuiteRunnerWorker.java:52)
at org.testng.SuiteRunnerWorker.run(SuiteRunnerWorker.java:95)
at org.testng.TestNG.runSuitesSequentially(TestNG.java:1274)
at org.testng.TestNG.runSuitesLocally(TestNG.java:1208)
at org.testng.TestNG.runSuites(TestNG.java:1112)
at org.testng.TestNG.run(TestNG.java:1079)
at org.testng.remote.AbstractRemoteTestNG.run(AbstractRemoteTestNG.java:115)
at org.testng.remote.RemoteTestNG.initAndRun(RemoteTestNG.java:293)
at org.testng.remote.RemoteTestNG.main(RemoteTestNG.java:91)
]]>
    </error>
  </testcase> <!-- Add_case -->
  <testcase classname="Enterprise_Codeclouds.Project.Enterprise.Case_Appplications" name="Add_case" time="52.227">
    <error message="Element list is null or empty. Check the locator or timing." type="java.lang.RuntimeException">
      <![CDATA[java.lang.RuntimeException: Element list is null or empty. Check the locator or timing.
at Repeatative_codes.Repeat.wait_for_theElement(Repeat.java:37)
at Locaters.Application_Locaters.Application_amount_edit_buttons(Application_Locaters.java:220)
at Enterprise_Codeclouds.Project.Enterprise.Case_Appplications.Add_case(Case_Appplications.java:105)
at java.base/jdk.internal.reflect.DirectMethodHandleAccessor.invoke(DirectMethodHandleAccessor.java:103)
at java.base/java.lang.reflect.Method.invoke(Method.java:580)
at org.testng.internal.invokers.MethodInvocationHelper.invokeMethod(MethodInvocationHelper.java:141)
at org.testng.internal.invokers.TestInvoker.invokeMethod(TestInvoker.java:687)
at org.testng.internal.invokers.TestInvoker.invokeTestMethod(TestInvoker.java:230)
at org.testng.internal.invokers.MethodRunner.runInSequence(MethodRunner.java:63)
at org.testng.internal.invokers.TestInvoker$MethodInvocationAgent.invoke(TestInvoker.java:995)
at org.testng.internal.invokers.TestInvoker.invokeTestMethods(TestInvoker.java:203)
at org.testng.internal.invokers.TestMethodWorker.invokeTestMethods(TestMethodWorker.java:154)
at org.testng.internal.invokers.TestMethodWorker.run(TestMethodWorker.java:134)
at java.base/java.util.ArrayList.forEach(ArrayList.java:1596)
at org.testng.TestRunner.privateRun(TestRunner.java:741)
at org.testng.TestRunner.run(TestRunner.java:616)
at org.testng.SuiteRunner.runTest(SuiteRunner.java:421)
at org.testng.SuiteRunner.runSequentially(SuiteRunner.java:413)
at org.testng.SuiteRunner.privateRun(SuiteRunner.java:373)
at org.testng.SuiteRunner.run(SuiteRunner.java:312)
at org.testng.SuiteRunnerWorker.runSuite(SuiteRunnerWorker.java:52)
at org.testng.SuiteRunnerWorker.run(SuiteRunnerWorker.java:95)
at org.testng.TestNG.runSuitesSequentially(TestNG.java:1274)
at org.testng.TestNG.runSuitesLocally(TestNG.java:1208)
at org.testng.TestNG.runSuites(TestNG.java:1112)
at org.testng.TestNG.run(TestNG.java:1079)
at org.testng.remote.AbstractRemoteTestNG.run(AbstractRemoteTestNG.java:115)
at org.testng.remote.RemoteTestNG.initAndRun(RemoteTestNG.java:293)
at org.testng.remote.RemoteTestNG.main(RemoteTestNG.java:91)
]]>
    </error>
  </testcase> <!-- Add_case -->
</testsuite> <!-- Enterprise_Codeclouds.Project.Enterprise.Case_Appplications -->
