<?xml version="1.0" encoding="UTF-8"?>
<!-- Generated by org.testng.reporters.JUnitReportReporter -->
<testsuite hostname="CISPL-IO-539" failures="0" tests="1" name="Enterprise_Codeclouds.Project.Enterprise.Case_Appplications" time="15.907" errors="0" timestamp="2026-01-02T17:51:31 IST" skipped="0">
  <testcase classname="Enterprise_Codeclouds.Project.Enterprise.Case_Appplications" name="Pay_Off_calculator" time="15.907"/>
</testsuite> <!-- Enterprise_Codeclouds.Project.Enterprise.Case_Appplications -->
