<?xml version="1.0" encoding="UTF-8"?>
<!-- Generated by org.testng.reporters.JUnitReportReporter -->
<testsuite hostname="CISPL-IO-539" failures="0" tests="3" name="Negative_Testcases.Login_negative_testcases" time="63.028" errors="0" timestamp="2025-12-30T13:28:53 IST" skipped="0">
  <testcase classname="Negative_Testcases.Login_negative_testcases" name="login_validation" time="31.891"/>
  <testcase classname="Negative_Testcases.Login_negative_testcases" name="login_validation" time="13.553"/>
  <testcase classname="Negative_Testcases.Login_negative_testcases" name="login_validation" time="17.584"/>
</testsuite> <!-- Negative_Testcases.Login_negative_testcases -->
