

<!DOCTYPE html>
<html>
<head>
<meta charset="UTF-8">
<meta name="viewport" content="width=device-width, initial-scale=1, shrink-to-fit=no">
<title></title>
<link rel="apple-touch-icon" href="https://cdn.jsdelivr.net/gh/extent-framework/extent-github-cdn@b00a2d0486596e73dd7326beacf352c639623a0e/commons/img/logo.png">
<link rel="shortcut icon" href="https://cdn.jsdelivr.net/gh/extent-framework/extent-github-cdn@b00a2d0486596e73dd7326beacf352c639623a0e/commons/img/logo.png">
<link href="https://cdn.jsdelivr.net/gh/extent-framework/extent-github-cdn@ce8b10435bcbae260c334c0d0c6b61d2c19b6168/spark/css/spark-style.css" rel="stylesheet" />
<link href="https://stackpath.bootstrapcdn.com/font-awesome/4.7.0/css/font-awesome.min.css" rel="stylesheet">
<script src="https://cdn.jsdelivr.net/gh/extent-framework/extent-github-cdn@7cc78ce/spark/js/jsontree.js"></script>
<style type="text/css"></style></head><body class="spa bdd-report standard">
  <div class="app">
    <div class="layout">
<div class="header navbar">
<div class="vheader">
<div class="nav-logo">
<a href="#">
<div class="logo" style="background-image: url('https://cdn.jsdelivr.net/gh/extent-framework/extent-github-cdn@b00a2d0486596e73dd7326beacf352c639623a0e/commons/img/logo.png')"></div>
</a>
</div>
<ul class="nav-left">
<li class="search-box">
<a class="search-toggle" href="#">
<i class="search-icon fa fa-search"></i>
<i class="search-icon-close fa fa-close"></i>
</a>
</li>
<li class="search-input"><input id="search-tests" class="form-control" type="text" placeholder="Search..."></li>
</ul>
<ul class="nav-right">
<li class="m-r-10">
<a href="#"><span class="badge badge-primary"></span></a>
</li>
<li class="m-r-10">
<a href="#"><span class="badge badge-primary">Feb 26, 2026 03:42:21 PM</span></a>
</li>
</ul>
</div>
</div><div class="side-nav">
<div class="side-nav-inner">
<ul class="side-nav-menu">
<li class="nav-item dropdown" onclick="toggleView('test-view')">
<a id="nav-test" class="dropdown-toggle" href="#">
<span class="ico"><i class="fa fa-list"></i></span>
</a>
</li>
<li class="nav-item dropdown" onclick="toggleView('exception-view')">
<a id="nav-exception" class="dropdown-toggle" href="#">
<span class="ico"><i class="fa fa-bug"></i></span>
</a>
</li>
<li class="nav-item dropdown" onclick="toggleView('category-view')">
<a id="nav-category" class="dropdown-toggle" href="#">
<span class="ico"><i class="fa fa-tag"></i></span>
</a>
</li>
<li class="nav-item dropdown" onclick="toggleView('dashboard-view')">
<a id="nav-dashboard" class="dropdown-toggle" href="#">
<span class="ico"><i class="fa fa-bar-chart"></i></span>
</a>
</li>
</ul>
</div>
</div>      <div class="vcontainer">
        <div class="main-content">
<div class="test-wrapper row view test-view">
  <div class="test-list">
    <div class="test-list-tools">
<ul class="tools pull-left">
<li><a href="#"><span class="font-size-14">Tests</span></a></li>
</ul>
<ul class="tools text-right">
<li class="dropdown">
<a href="#" class="dropdown-toggle" data-toggle="dropdown"><i class="fa fa-exclamation-circle"></i></a>
<ul id="status-toggle" class="dropdown-menu dropdown-md p-v-0">
<a class="dropdown-item" status="fail" href="#"><span>Fail</span><span class="status danger"></span></a>
<div class="dropdown-divider"></div>
<a status="clear" class="dropdown-item" href="#"><span>Clear</span><span class="pull-right"><i class="fa fa-close"></i></span></a>
</ul>
</li>
<li class="dropdown">
<a href="#" class="dropdown-toggle" data-toggle="dropdown"><i class="fa fa-tag"></i></a>
<ul id="tag-toggle" class="dropdown-menu dropdown-md p-v-0">
<a class="dropdown-item" href="#">@case_plus_plaintiff</a><a class="dropdown-item" href="#">@revise_contract</a>
</ul>
</li>
</ul>
</div>    <div class="test-list-wrapper scrollable">
      <ul class="test-list-item">
        <li class="test-item"  status="fail" test-id="2"
          author=""
          tag=""
          device="">
          <div class="test-detail">
            <p class="name">Case Module (Add Case + Revised Contract + Message Template)</p>
            <p class="text-sm">
              <span>3:42:22 PM</span> / <span>00:00:38:174</span>
              <span class="badge fail-bg log float-right">Fail</span>
            </p>
          </div>
          <div class="test-contents d-none">
<div class="detail-head">
<div class="p-v-10">
<div class="info">
<h5 class="test-status text-fail">Case Module (Add Case + Revised Contract + Message Template)</h5>
<span class='badge badge-success'>02.26.2026 3:42:22 PM</span>
<span class='badge badge-danger'>02.26.2026 3:43:00 PM</span>
<span class='badge badge-default'>00:00:38:174</span>
&middot; <span class='uri-anchor badge badge-default'>#test-id=2</span>
<span title='Skip to the next failed step' class='badge badge-danger pointer float-right ne ml-1'><i class="fa fa-fast-forward"></i></span>
<span title='Collapse all nodes' class='badge badge-default pointer float-right ct ml-1'><i class="fa fa-compress"></i></span>
<span title='Expand all nodes' class='badge badge-default pointer float-right et'><i class="fa fa-expand"></i></span>
</div>
<div class="m-t-10 m-l-5"></div>
</div>
</div>
<div class="accordion mt-4">
  <div class="card">
    <div class="card-header" role="tab">
      <div class="card-title">
        <div class="node" id="3"><span class="badge log fail-bg mr-2">Fail</span>Add case using combined dataset</div>
      </div>
    </div>
        <div class="scenario_outline ">
            <div class="card-body l1">
              <div class="card-header">
                <div class="card-title outline-child">
                  <div class="node" id="4"><span class="badge log fail-bg mr-2">Fail</span>Add case using combined dataset</div>
                </div>
              </div>
              <div class="card-body mt-3 ">
                  <div class="step fail-bg">
                    <span>Given Add_case_cucumber with data:</span>
      <div><table class='markup-table table '><tr><td>Key</td><td>Value</td></tr><tr><td>Case.Case #</td><td>621</td></tr><tr><td>Case.Case Type</td><td>Premises Liability</td></tr><tr><td>Case.State</td><td>California</td></tr><tr><td>Case.Date of Incident</td><td>03/09/2024</td></tr><tr><td>Case.Lead Source</td><td>Advertising</td></tr><tr><td>Case.Requested Amount</td><td>73500</td></tr><tr><td>Case.Court Index Number</td><td>19CV-4921</td></tr><tr><td>Case.Summary</td><td>Slip on tile...</td></tr><tr><td>Case.Buyout Funder Name</td><td>Juniper Vale Litigation Capital</td></tr><tr><td>Case.Buyout Amount</td><td>19600</td></tr><tr><td>Case.Approved Amount</td><td>31000</td></tr><tr><td>Case.Document prep fee</td><td>325</td></tr><tr><td>Case.Fund transfer fee</td><td>120</td></tr><tr><td>Case.Rate of Return</td><td>44</td></tr><tr><td>Case.Underwriting Notes</td><td>Verify footage</td></tr><tr><td>Case.Underwriting Tag</td><td>Surveillance</td></tr><tr><td>Case.Payment Date</td><td>AUTO</td></tr><tr><td>Case.Agreement Date</td><td>AUTO</td></tr><tr><td>Case.Interest Start Date</td><td>AUTO</td></tr><tr><td>Case.Buyout Expiry Date</td><td>AUTO</td></tr><tr><td>Case.Payment Mode</td><td>Credit Card</td></tr><tr><td>Case.Payment Type</td><td>Payment by Plaintiff</td></tr><tr><td>Case.Payer Name</td><td>Plaintiff N/A</td></tr><tr><td>Case.Notes / Remarks</td><td>N/A</td></tr><tr><td>Plaintiff.First Name</td><td>Holden</td></tr><tr><td>Plaintiff.Last Name</td><td>Glassford</td></tr><tr><td>Attorney.First Name</td><td>Attorney Maëlys</td></tr><tr><td>Attorney.Email</td><td>attorney.maelys.beausoleil01@yopmail.com</td></tr><tr><td>LawFirm.Name</td><td>VerdictForge Litigation Atelier</td></tr><tr><td>Staff.Staff First Name</td><td>Staff Nivaren</td></tr><tr><td>Staff.Staff Email</td><td>staff.nivaren.thornwick25@mailto.plus</td></tr><tr><td>Email.Template</td><td>None</td></tr><tr><td>Email.Subject</td><td>Document Request</td></tr><tr><td>Email.To</td><td>intake@example.com</td></tr><tr><td>Email.Cc</td><td>cc@example.com</td></tr><tr><td>Email.Bcc</td><td>bcc@example.com</td></tr><tr><td>Email.Message</td><td>Hello,

Please upload required documents.

Thank you.</td></tr></table>
      </div>
      <div>
        <textarea disabled class="code-block">org.openqa.selenium.TimeoutException: Expected condition failed: waiting for visibility of Proxy element for: DefaultElementLocator 'By.xpath: //*[@role='menu']' (tried for 8 second(s) with 500 milliseconds interval)
	at org.openqa.selenium.support.ui.WebDriverWait.timeoutException(WebDriverWait.java:84)
	at org.openqa.selenium.support.ui.FluentWait.until(FluentWait.java:228)
	at Repeatative_codes.Repeat.wait_for_theElement(Repeat.java:41)
	at Locaters.Login_Locaters.login_confirmation(Login_Locaters.java:60)
	at cucumber.java.stepdefinitionclasses.Login_cucumber.login_through_cucumber(Login_cucumber.java:43)
	at cucumber.java.stepdefinitionclasses.Header_functionality_manager.header_buttons_clicker(Header_functionality_manager.java:24)
	at cucumber.java.stepdefinitionclasses.Cucumber_Case_Module_Testcases.Add_New_Case_Form_Accessor(Cucumber_Case_Module_Testcases.java:55)
	at cucumber.java.stepdefinitionclasses.Cucumber_Case_Module_Testcases.Add_case_cucumber(Cucumber_Case_Module_Testcases.java:109)
	at ✽.Add_case_cucumber with data:(file:///C:/Users/CODECLOUDS-AYAN/OneDrive/Documents/Automation%20Projects/Lumberjack_CRM/src/main/java/cucumber/feature/files/Case_Module.feature:5)
Caused by: org.openqa.selenium.NoSuchElementException: no such element: Unable to locate element: {"method":"xpath","selector":"//*[@role='menu']"}
  (Session info: chrome=145.0.7632.111)
For documentation on this error, please visit: https://www.selenium.dev/documentation/webdriver/troubleshooting/errors#no-such-element-exception
Build info: version: '4.33.0', revision: '2c6aaad03a'
System info: os.name: 'Windows 11', os.arch: 'amd64', os.version: '10.0', java.version: '21.0.9'
Driver info: org.openqa.selenium.chrome.ChromeDriver
Command: [3ba917bf64aa930b0458c9f352731b99, findElement {using=xpath, value=//*[@role='menu']}]
Capabilities {acceptInsecureCerts: false, browserName: chrome, browserVersion: 145.0.7632.111, chrome: {chromedriverVersion: 145.0.7632.117 (de4e5d6e13b..., userDataDir: C:\Users\CODECL~1\AppData\L...}, fedcm:accounts: true, goog:chromeOptions: {debuggerAddress: localhost:61371}, goog:processID: 764, networkConnectionEnabled: false, pageLoadStrategy: normal, platformName: windows, proxy: Proxy(), se:cdp: ws://localhost:61371/devtoo..., se:cdpVersion: 145.0.7632.111, setWindowRect: true, strictFileInteractability: false, timeouts: {implicit: 0, pageLoad: 300000, script: 30000}, unhandledPromptBehavior: dismiss and notify, webauthn:extension:credBlob: true, webauthn:extension:largeBlob: true, webauthn:extension:minPinLength: true, webauthn:extension:prf: true, webauthn:virtualAuthenticators: true}
Session ID: 3ba917bf64aa930b0458c9f352731b99
	at java.base/jdk.internal.reflect.DirectConstructorHandleAccessor.newInstance(DirectConstructorHandleAccessor.java:62)
	at java.base/java.lang.reflect.Constructor.newInstanceWithCaller(Constructor.java:502)
	at java.base/java.lang.reflect.Constructor.newInstance(Constructor.java:486)
	at org.openqa.selenium.remote.ErrorCodec.decode(ErrorCodec.java:167)
	at org.openqa.selenium.remote.codec.w3c.W3CHttpResponseCodec.decode(W3CHttpResponseCodec.java:138)
	at org.openqa.selenium.remote.codec.w3c.W3CHttpResponseCodec.decode(W3CHttpResponseCodec.java:50)
	at org.openqa.selenium.remote.HttpCommandExecutor.execute(HttpCommandExecutor.java:215)
	at org.openqa.selenium.remote.service.DriverCommandExecutor.invokeExecute(DriverCommandExecutor.java:216)
	at org.openqa.selenium.remote.service.DriverCommandExecutor.execute(DriverCommandExecutor.java:174)
	at org.openqa.selenium.remote.RemoteWebDriver.execute(RemoteWebDriver.java:544)
	at org.openqa.selenium.remote.ElementLocation$ElementFinder$2.findElement(ElementLocation.java:165)
	at org.openqa.selenium.remote.ElementLocation.findElement(ElementLocation.java:59)
	at org.openqa.selenium.remote.RemoteWebDriver.findElement(RemoteWebDriver.java:367)
	at org.openqa.selenium.remote.RemoteWebDriver.findElement(RemoteWebDriver.java:361)
	at org.openqa.selenium.support.pagefactory.DefaultElementLocator.findElement(DefaultElementLocator.java:68)
	at org.openqa.selenium.support.pagefactory.internal.LocatingElementHandler.invoke(LocatingElementHandler.java:38)
	at jdk.proxy2/jdk.proxy2.$Proxy27.isDisplayed(Unknown Source)
	at org.openqa.selenium.support.ui.ExpectedConditions.elementIfVisible(ExpectedConditions.java:304)
	at org.openqa.selenium.support.ui.ExpectedConditions$10.apply(ExpectedConditions.java:290)
	at org.openqa.selenium.support.ui.ExpectedConditions$10.apply(ExpectedConditions.java:287)
	at org.openqa.selenium.support.ui.FluentWait.until(FluentWait.java:203)
	... 7 more
</textarea>
      
      </div>
                  </div>
              </div>
            </div>
        </div>
  </div>
  <div class="card">
    <div class="card-header" role="tab">
      <div class="card-title">
        <div class="node" id="9"><span class="badge log fail-bg mr-2">Fail</span>Buyout Add + Fees Changed in Revised Contract (reuse same dataset)</div>
      </div>
    </div>
        <div class="scenario_outline ">
            <div class="card-body l1">
              <div class="card-header">
                <div class="card-title outline-child">
                  <div class="node" id="10"><span class="badge log fail-bg mr-2">Fail</span>Buyout Add + Fees Changed in Revised Contract (reuse same dataset)</div>
                </div>
              </div>
              <div class="card-body mt-3 ">
                  <div class="step fail-bg">
                    <span>Given Buyout_Add_and_Fees_changed_in_Revised_Contract with data:</span>
      <div><table class='markup-table table '><tr><td>Key</td><td>Value</td></tr><tr><td>Case.Case #</td><td>621</td></tr><tr><td>Case.Case Type</td><td>Premises Liability</td></tr><tr><td>Case.State</td><td>California</td></tr><tr><td>Case.Date of Incident</td><td>03/09/2024</td></tr><tr><td>Case.Lead Source</td><td>Advertising</td></tr><tr><td>Case.Requested Amount</td><td>73500</td></tr><tr><td>Case.Court Index Number</td><td>19CV-4921</td></tr><tr><td>Case.Summary</td><td>Slip on tile...</td></tr><tr><td>Case.Buyout Funder Name</td><td>Juniper Vale Litigation Capital</td></tr><tr><td>Case.Buyout Amount</td><td>19600</td></tr><tr><td>Case.Approved Amount</td><td>31000</td></tr><tr><td>Case.Document prep fee</td><td>325</td></tr><tr><td>Case.Fund transfer fee</td><td>120</td></tr><tr><td>Case.Rate of Return</td><td>44</td></tr><tr><td>Case.Underwriting Notes</td><td>Verify footage</td></tr><tr><td>Case.Underwriting Tag</td><td>Surveillance</td></tr><tr><td>Case.Payment Date</td><td>AUTO</td></tr><tr><td>Case.Agreement Date</td><td>AUTO</td></tr><tr><td>Case.Interest Start Date</td><td>AUTO</td></tr><tr><td>Case.Buyout Expiry Date</td><td>AUTO</td></tr><tr><td>Case.Payment Mode</td><td>Credit Card</td></tr><tr><td>Case.Payment Type</td><td>Payment by Plaintiff</td></tr><tr><td>Case.Payer Name</td><td>Plaintiff N/A</td></tr><tr><td>Case.Notes / Remarks</td><td>N/A</td></tr><tr><td>Plaintiff.First Name</td><td>Holden</td></tr><tr><td>Plaintiff.Last Name</td><td>Glassford</td></tr><tr><td>Attorney.First Name</td><td>Attorney Maëlys</td></tr><tr><td>Attorney.Email</td><td>attorney.maelys.beausoleil01@yopmail.com</td></tr><tr><td>LawFirm.Name</td><td>VerdictForge Litigation Atelier</td></tr><tr><td>Staff.Staff First Name</td><td>Staff Nivaren</td></tr><tr><td>Staff.Staff Email</td><td>staff.nivaren.thornwick25@mailto.plus</td></tr><tr><td>Email.Template</td><td>None</td></tr><tr><td>Email.Subject</td><td>Document Request</td></tr><tr><td>Email.To</td><td>intake@example.com</td></tr><tr><td>Email.Cc</td><td>cc@example.com</td></tr><tr><td>Email.Bcc</td><td>bcc@example.com</td></tr><tr><td>Email.Message</td><td>Hello,

Please upload required documents.

Thank you.</td></tr></table>
      </div>
      <div>
        <textarea disabled class="code-block">org.openqa.selenium.TimeoutException: Expected condition failed: waiting for visibility of Proxy element for: DefaultElementLocator 'By.xpath: //*[@role='menu']' (tried for 8 second(s) with 500 milliseconds interval)
	at org.openqa.selenium.support.ui.WebDriverWait.timeoutException(WebDriverWait.java:84)
	at org.openqa.selenium.support.ui.FluentWait.until(FluentWait.java:228)
	at Repeatative_codes.Repeat.wait_for_theElement(Repeat.java:41)
	at Locaters.Login_Locaters.login_confirmation(Login_Locaters.java:60)
	at cucumber.java.stepdefinitionclasses.Login_cucumber.login_through_cucumber(Login_cucumber.java:43)
	at cucumber.java.stepdefinitionclasses.Header_functionality_manager.header_buttons_clicker(Header_functionality_manager.java:24)
	at cucumber.java.stepdefinitionclasses.Cucumber_Case_Module_Testcases.Add_New_Case_Form_Accessor(Cucumber_Case_Module_Testcases.java:55)
	at cucumber.java.stepdefinitionclasses.Cucumber_Case_Module_Testcases.Buyout_Add_and_Fees_changed_in_Revised_Contract(Cucumber_Case_Module_Testcases.java:683)
	at ✽.Buyout_Add_and_Fees_changed_in_Revised_Contract with data:(file:///C:/Users/CODECLOUDS-AYAN/OneDrive/Documents/Automation%20Projects/Lumberjack_CRM/src/main/java/cucumber/feature/files/Case_Module.feature:71)
Caused by: org.openqa.selenium.NoSuchElementException: no such element: Unable to locate element: {"method":"xpath","selector":"//*[@role='menu']"}
  (Session info: chrome=145.0.7632.111)
For documentation on this error, please visit: https://www.selenium.dev/documentation/webdriver/troubleshooting/errors#no-such-element-exception
Build info: version: '4.33.0', revision: '2c6aaad03a'
System info: os.name: 'Windows 11', os.arch: 'amd64', os.version: '10.0', java.version: '21.0.9'
Driver info: org.openqa.selenium.chrome.ChromeDriver
Command: [58a1ea3ce17488bb7da0eb848af9a6f4, findElement {using=xpath, value=//*[@role='menu']}]
Capabilities {acceptInsecureCerts: false, browserName: chrome, browserVersion: 145.0.7632.111, chrome: {chromedriverVersion: 145.0.7632.117 (de4e5d6e13b..., userDataDir: C:\Users\CODECL~1\AppData\L...}, fedcm:accounts: true, goog:chromeOptions: {debuggerAddress: localhost:61980}, goog:processID: 8524, networkConnectionEnabled: false, pageLoadStrategy: normal, platformName: windows, proxy: Proxy(), se:cdp: ws://localhost:61980/devtoo..., se:cdpVersion: 145.0.7632.111, setWindowRect: true, strictFileInteractability: false, timeouts: {implicit: 0, pageLoad: 300000, script: 30000}, unhandledPromptBehavior: dismiss and notify, webauthn:extension:credBlob: true, webauthn:extension:largeBlob: true, webauthn:extension:minPinLength: true, webauthn:extension:prf: true, webauthn:virtualAuthenticators: true}
Session ID: 58a1ea3ce17488bb7da0eb848af9a6f4
	at java.base/jdk.internal.reflect.DirectConstructorHandleAccessor.newInstance(DirectConstructorHandleAccessor.java:62)
	at java.base/java.lang.reflect.Constructor.newInstanceWithCaller(Constructor.java:502)
	at java.base/java.lang.reflect.Constructor.newInstance(Constructor.java:486)
	at org.openqa.selenium.remote.ErrorCodec.decode(ErrorCodec.java:167)
	at org.openqa.selenium.remote.codec.w3c.W3CHttpResponseCodec.decode(W3CHttpResponseCodec.java:138)
	at org.openqa.selenium.remote.codec.w3c.W3CHttpResponseCodec.decode(W3CHttpResponseCodec.java:50)
	at org.openqa.selenium.remote.HttpCommandExecutor.execute(HttpCommandExecutor.java:215)
	at org.openqa.selenium.remote.service.DriverCommandExecutor.invokeExecute(DriverCommandExecutor.java:216)
	at org.openqa.selenium.remote.service.DriverCommandExecutor.execute(DriverCommandExecutor.java:174)
	at org.openqa.selenium.remote.RemoteWebDriver.execute(RemoteWebDriver.java:544)
	at org.openqa.selenium.remote.ElementLocation$ElementFinder$2.findElement(ElementLocation.java:165)
	at org.openqa.selenium.remote.ElementLocation.findElement(ElementLocation.java:59)
	at org.openqa.selenium.remote.RemoteWebDriver.findElement(RemoteWebDriver.java:367)
	at org.openqa.selenium.remote.RemoteWebDriver.findElement(RemoteWebDriver.java:361)
	at org.openqa.selenium.support.pagefactory.DefaultElementLocator.findElement(DefaultElementLocator.java:68)
	at org.openqa.selenium.support.pagefactory.internal.LocatingElementHandler.invoke(LocatingElementHandler.java:38)
	at jdk.proxy2/jdk.proxy2.$Proxy27.isDisplayed(Unknown Source)
	at org.openqa.selenium.support.ui.ExpectedConditions.elementIfVisible(ExpectedConditions.java:304)
	at org.openqa.selenium.support.ui.ExpectedConditions$10.apply(ExpectedConditions.java:290)
	at org.openqa.selenium.support.ui.ExpectedConditions$10.apply(ExpectedConditions.java:287)
	at org.openqa.selenium.support.ui.FluentWait.until(FluentWait.java:203)
	... 7 more
</textarea>
      
      </div>
                  </div>
              </div>
            </div>
        </div>
  </div>
</div>
          </div>
        </li>
      </ul>
    </div>
  </div>
<div class="test-content scrollable">
<div class="test-content-tools">
<ul><li><a class="back-to-test" href="#"><i class="fa fa-arrow-left"></i></a></li></ul>
</div>
<div class="test-content-detail"><div class="detail-body"></div></div>
</div></div>
<div class="test-wrapper row view exception-view attributes-view">
<div class="test-list">
<div class="test-list-tools">
<ul class="tools pull-left"><li><a href=""><span class="font-size-14">Exception</span></a></li></ul>
<ul class="tools text-right"><li><a href="#"><span class="badge badge-primary">1</span></a></li></ul>
</div>
<div class="test-list-wrapper scrollable">
<ul class="test-list-item">
<li class="test-item">
<div class="test-detail">
<span class="meta">
<span class='badge log badge-danger'>2</span>
</span>
<p class="name">org.openqa.selenium.TimeoutException</p>
<p class="duration text-sm">2 tests</p>
</div>
<div class="test-contents d-none">
<div class="info">
<h4>org.openqa.selenium.TimeoutException</h4>
<span status="fail" class='badge log badge-danger'>2 failed</span>
</div>
<table class='table table-sm mt-4'>
<thead>
<tr>
<th class="status-col">Status</th>
<th class="timestamp-col">Timestamp</th>
<th>TestName</th>
</tr>
</thead>
<tbody>
<tr class="tag-test-status" status="fail">
<td><span class="badge log fail-bg">Fail</span></td>
<td>15:42:25 PM</td>
<td>
<a href="#" class="linked" test-id='2' id='6'>Given Add_case_cucumber with data:</a>
<div class="">
<span class="badge badge-default">Case Module (Add Case + Revised Contract + Message Template).Add case using combined dataset.Given Add_case_cucumber with data:</span>
</div>
</td>
</tr>
<tr class="tag-test-status" status="fail">
<td><span class="badge log fail-bg">Fail</span></td>
<td>15:42:43 PM</td>
<td>
<a href="#" class="linked" test-id='2' id='12'>Given Buyout_Add_and_Fees_changed_in_Revised_Contract with data:</a>
<div class="">
<span class="badge badge-default">Case Module (Add Case + Revised Contract + Message Template).Buyout Add + Fees Changed in Revised Contract (reuse same dataset).Given Buyout_Add_and_Fees_changed_in_Revised_Contract with data:</span>
</div>
</td>
</tr>
</tbody>
</table>
</div>
</li>
</ul>
</div>
</div>
<div class="test-content scrollable">
<div class="test-content-detail">
<div class="detail-body"></div>
</div>
</div>
</div><div class="test-wrapper row view category-view attributes-view">
<div class="test-list">
<div class="test-list-tools">
<ul class="tools pull-left"><li><a href=""><span class="font-size-14">Category</span></a></li></ul>
<ul class="tools text-right"><li><a href="#"><span class="badge badge-primary">2</span></a></li></ul>
</div>
<div class="test-list-wrapper scrollable">
<ul class="test-list-item">
<li class="test-item">
<div class="test-detail">
<span class="meta">
<span class='badge log badge-danger'>1</span>
</span>
<p class="name">@case_plus_plaintiff</p>
<p class="duration text-sm">1 tests</p>
</div>
<div class="test-contents d-none">
<div class="info">
<h4>@case_plus_plaintiff</h4>
<span status="fail" class='badge log badge-danger'>1 failed</span>
</div>
<table class='table table-sm mt-4'>
<thead>
<tr>
<th class="status-col">Status</th>
<th class="timestamp-col">Timestamp</th>
<th>TestName</th>
</tr>
</thead>
<tbody>
<tr class="tag-test-status" status="fail">
<td><span class="badge log fail-bg">Fail</span></td>
<td>15:42:22 PM</td>
<td>
<a href="#" class="linked" test-id='2' id='4'>Add case using combined dataset</a>
<div class="">
<span class="badge badge-default">Case Module (Add Case + Revised Contract + Message Template).Add case using combined dataset</span>
</div>
</td>
</tr>
</tbody>
</table>
</div>
</li>
<li class="test-item">
<div class="test-detail">
<span class="meta">
<span class='badge log badge-danger'>1</span>
</span>
<p class="name">@revise_contract</p>
<p class="duration text-sm">1 tests</p>
</div>
<div class="test-contents d-none">
<div class="info">
<h4>@revise_contract</h4>
<span status="fail" class='badge log badge-danger'>1 failed</span>
</div>
<table class='table table-sm mt-4'>
<thead>
<tr>
<th class="status-col">Status</th>
<th class="timestamp-col">Timestamp</th>
<th>TestName</th>
</tr>
</thead>
<tbody>
<tr class="tag-test-status" status="fail">
<td><span class="badge log fail-bg">Fail</span></td>
<td>15:42:42 PM</td>
<td>
<a href="#" class="linked" test-id='2' id='10'>Buyout Add + Fees Changed in Revised Contract (reuse same dataset)</a>
<div class="">
<span class="badge badge-default">Case Module (Add Case + Revised Contract + Message Template).Buyout Add + Fees Changed in Revised Contract (reuse same dataset)</span>
</div>
</td>
</tr>
</tbody>
</table>
</div>
</li>
</ul>
</div>
</div>
<div class="test-content scrollable">
<div class="test-content-detail">
<div class="detail-body"></div>
</div>
</div>
</div><div class="container-fluid p-4 view dashboard-view">
<div class="row">
<div class="col-md-3">
<div class="card"><div class="card-body">
<p class="m-b-0">Started</p>
<h3>Feb 26, 2026 03:42:21 PM</h3>
</div></div>
</div>
<div class="col-md-3">
<div class="card"><div class="card-body">
<p class="m-b-0">Ended</p>
<h3>Feb 26, 2026 03:43:00 PM</h3>
</div></div>
</div>
<div class="col-md-3">
<div class="card"><div class="card-body">
<p class="m-b-0 text-pass">Features Passed</p>
<h3>0</h3>
</div></div>
</div>
<div class="col-md-3">
<div class="card"><div class="card-body">
<p class="m-b-0 text-fail">Features Failed</p>
<h3>1</h3>
</div></div>
</div>
</div>
<div class="row">
<div class="col-md-4">
<div class="card">
<div class="card-header">
<h6 class="card-title">Features</h6>
</div>
<div class="card-body">
<div class="">
<canvas id='parent-analysis' width='115' height='90'></canvas>
</div>
</div>
<div class="card-footer">
<div><small data-tooltip='0%'>
<b>0</b> features passed
</small>
</div>
<div>
<small data-tooltip='100%'><b>1</b> features failed,
<b>0</b> skipped, <b data-tooltip='0%'>0</b> others
</small>
</div>
</div>
</div>
</div>
<div class="col-md-4">
<div class="card">
<div class="card-header">
<h6 class="card-title">Scenarios</h6>
</div>
<div class="card-body">
<div class="">
<canvas id='child-analysis' width='115' height='90'></canvas>
</div>
</div>
<div class="card-footer">
<div><small data-tooltip='0%'><b>0</b> scenarios passed</small></div>
<div>
<small data-tooltip='100%'><b>2</b> scenarios failed,
<b>0</b> skipped, <b data-tooltip='%'>0</b> others
</small>
</div>
</div>
</div>
</div>
<div class="col-md-4">
<div class="card">
<div class="card-header">
<h6 class="card-title">Steps</h6>
</div>
<div class="card-body">
<div class="">
<canvas id='grandchild-analysis' width='115' height='90'></canvas>
</div>
</div>
<div class="card-footer">
<div><small data-tooltip='0%'><b>0</b> steps passed</small></div>
<div>
<small data-tooltip='100%'><b>2</b> steps failed,
<b>0</b> skipped, <b data-tooltip='%'>0</b> others
</small>
</div>
</div>
</div>
</div>
</div>
<div class="row"><div class="col-md-12">
<div class="card"><div class="card-header"><p>Timeline</p></div>
<div class="card-body pt-0"><div>
<canvas id="timeline" height="120"></canvas>
</div></div>
</div>
</div></div>
<script>
var timeline = {
"Case Module (Add Case + Revised Contract + Message Template)":38.174
};
</script>
<div class="row">
<div class="col-lg-6 col-md-12 category-container">
<div class="card">
<div class="card-header"><p>Tags</p></div>
<div class="card-body pb-0 pt-0"><table class="table table-sm table-bordered">
<thead><tr class="bg-gray"><th>Name</th><th>Passed</th><th>Failed</th><th>Skipped</th><th>Others</th><th>Passed %</th></tr></thead><tbody>
<tr>
<td>@case_plus_plaintiff</td>
<td>0</td>
<td>1</td>
<td>0</td>
<td>0</td>
<td>0%</td>
</tr>
<tr>
<td>@revise_contract</td>
<td>0</td>
<td>1</td>
<td>0</td>
<td>0</td>
<td>0%</td>
</tr>
</tbody>
</table></div>
</div>
</div>
</div>
</div>
<script>
var statusGroup = {
parentCount: 5,
passParent: 0,
failParent: 1,
warningParent: 0,
skipParent: 0,
childCount: 5,
passChild: 0,
failChild: 2,
warningChild: 0,
skipChild: 0,
infoChild: 0,
grandChildCount: 5,
passGrandChild: 0,
failGrandChild: 2,
warningGrandChild: 0,
skipGrandChild: 0,
infoGrandChild: 0,
eventsCount: 5,
};
</script>        </div>
      </div>
    </div>
  </div>
<script src="https://cdn.jsdelivr.net/gh/extent-framework/extent-github-cdn@c05cd28cde1617b9d0c05a831daff6cb97fd9fd5/spark/js/spark-script.js"></script>
<script type="text/javascript"></script></body>
</html>